[09:40:53] This is prokka 1.14.6
[09:40:53] Written by Torsten Seemann <torsten.seemann@gmail.com>
[09:40:53] Homepage is https://github.com/tseemann/prokka
[09:40:53] Local time is Mon Dec  1 09:40:53 2025
[09:40:53] You are joao_facio
[09:40:53] Operating system is linux
[09:40:53] You have BioPerl 1.7.8
[09:40:53] System has 12 cores.
[09:40:53] Will use maximum of 4 cores.
[09:40:53] Annotating as >>> Bacteria <<<
[09:40:53] Generating locus_tag from '/tmp/tmp6gns85ah/GOMC.bin.1941.fa' contents.
[09:40:53] Setting --locustag OAIABADF from MD5 8a2abadf8b85d315f864bc4a3d541baa
[09:40:53] Creating new output folder: ../../Data/Chen_Analysis/Prokka/Bacteria/GOMC.bin.1941
[09:40:53] Running: mkdir -p \.\.\/\.\.\/Data\/Chen_Analysis\/Prokka\/Bacteria\/GOMC\.bin\.1941
[09:40:53] Using filename prefix: GOMC.bin.1941.XXX
[09:40:53] Setting HMMER_NCPU=1
[09:40:53] Writing log to: ../../Data/Chen_Analysis/Prokka/Bacteria/GOMC.bin.1941/GOMC.bin.1941.log
[09:40:53] Command: /home/joao_facio/miniconda3/envs/prokka/bin/prokka --outdir ../../Data/Chen_Analysis/Prokka/Bacteria/GOMC.bin.1941 --prefix GOMC.bin.1941 --kingdom Bacteria --genus VGOG01 --strain GOMC.bin.1941 --cpus 4 --force /tmp/tmp6gns85ah/GOMC.bin.1941.fa
[09:40:53] Appending to PATH: /home/joao_facio/miniconda3/envs/prokka/bin
[09:40:53] Looking for 'aragorn' - found /home/joao_facio/miniconda3/envs/prokka/bin/aragorn
[09:40:53] Determined aragorn version is 001002 from 'ARAGORN v1.2.41 Dean Laslett'
[09:40:53] Looking for 'barrnap' - found /home/joao_facio/miniconda3/envs/prokka/bin/barrnap
[09:40:53] Determined barrnap version is 000009 from 'barrnap 0.9'
[09:40:53] Looking for 'blastp' - found /home/joao_facio/miniconda3/envs/prokka/bin/blastp
[09:40:53] Determined blastp version is 002016 from 'blastp: 2.16.0+'
[09:40:53] Looking for 'cmpress' - found /home/joao_facio/miniconda3/envs/prokka/bin/cmpress
[09:40:53] Determined cmpress version is 001001 from '# INFERNAL 1.1.5 (Sep 2023)'
[09:40:53] Looking for 'cmscan' - found /home/joao_facio/miniconda3/envs/prokka/bin/cmscan
[09:40:53] Determined cmscan version is 001001 from '# INFERNAL 1.1.5 (Sep 2023)'
[09:40:53] Looking for 'egrep' - found /usr/bin/egrep
[09:40:53] Looking for 'find' - found /usr/bin/find
[09:40:53] Looking for 'grep' - found /usr/bin/grep
[09:40:53] Looking for 'hmmpress' - found /home/joao_facio/miniconda3/envs/prokka/bin/hmmpress
[09:40:53] Determined hmmpress version is 003004 from '# HMMER 3.4 (Aug 2023); http://hmmer.org/'
[09:40:53] Looking for 'hmmscan' - found /home/joao_facio/miniconda3/envs/prokka/bin/hmmscan
[09:40:53] Determined hmmscan version is 003004 from '# HMMER 3.4 (Aug 2023); http://hmmer.org/'
[09:40:53] Looking for 'java' - found /home/joao_facio/miniconda3/envs/prokka/bin/java
[09:40:53] Looking for 'makeblastdb' - found /home/joao_facio/miniconda3/envs/prokka/bin/makeblastdb
[09:40:54] Determined makeblastdb version is 002016 from 'makeblastdb: 2.16.0+'
[09:40:54] Looking for 'minced' - found /home/joao_facio/miniconda3/envs/prokka/bin/minced
[09:40:54] Determined minced version is 004002 from 'minced 0.4.2'
[09:40:54] Looking for 'parallel' - found /home/joao_facio/miniconda3/envs/prokka/bin/parallel
[09:40:54] Determined parallel version is 20251122 from 'GNU parallel 20251122'
[09:40:54] Looking for 'prodigal' - found /home/joao_facio/miniconda3/envs/prokka/bin/prodigal
[09:40:54] Determined prodigal version is 002006 from 'Prodigal V2.6.3: February, 2016'
[09:40:54] Looking for 'prokka-genbank_to_fasta_db' - found /home/joao_facio/miniconda3/envs/prokka/bin/prokka-genbank_to_fasta_db
[09:40:54] Looking for 'sed' - found /usr/bin/sed
[09:40:54] Looking for 'tbl2asn' - found /home/joao_facio/miniconda3/envs/prokka/bin/tbl2asn
[09:40:54] Determined tbl2asn version is 025007 from 'tbl2asn 25.7   arguments:'
[09:40:54] Using genetic code table 11.
[09:40:54] Loading and checking input file: /tmp/tmp6gns85ah/GOMC.bin.1941.fa
[09:40:54] Wrote 609 contigs totalling 2355696 bp.
[09:40:54] Predicting tRNAs and tmRNAs
[09:40:54] Running: aragorn -l -gc11  -w \.\.\/\.\.\/Data\/Chen_Analysis\/Prokka\/Bacteria\/GOMC\.bin\.1941\/GOMC\.bin\.1941\.fna
[09:40:54] 1 tRNA-Trp [2597,2679] 31 (cca)
[09:40:54] 1 tRNA-Leu c[3885,3967] 35 (gag)
[09:40:54] 1 tRNA-Leu c[10550,10638] 35 (caa)
[09:40:54] 1 tRNA-Cys [68,139] 33 (gca)
[09:40:54] 2 tRNA-Leu [382,467] 34 (taa)
[09:40:54] 1 tRNA-Pro [2815,2889] 36 (cgg)
[09:40:54] 1 tRNA-His c[5491,5566] 35 (gtg)
[09:40:54] 1 tRNA-Arg c[5824,5899] 35 (cct)
[09:40:54] 1 tRNA-Trp [974,1048] 34 (cca)
[09:40:54] 1 tRNA-Trp [205,280] 34 (cca)
[09:40:54] 1 tRNA-Asn [5092,5167] 34 (gtt)
[09:40:54] 1 tRNA-Lys [6867,6940] 34 (ttt)
[09:40:54] 2 tRNA-Asn [6954,7029] 34 (gtt)
[09:40:54] 3 tRNA-Gln [7058,7131] 33 (ttg)
[09:40:54] 1 tRNA-Leu c[5435,5520] 35 (tag)
[09:40:54] 1 tRNA-Val c[1129,1204] 35 (gac)
[09:40:54] 2 tRNA-Arg [8088,8189] 39 (acg)
[09:40:54] 1 tmRNA [5693,6057] 91,120 GEPVLAMAA*
[09:40:54] 1 tRNA-Arg [3121,3197] 36 (tct)
[09:40:54] 1 tRNA-Arg c[3,76] 35 (ccg)
[09:40:54] 1 tRNA-Thr c[217,290] 34 (tgt)
[09:40:54] 1 tRNA-Leu c[417,501] 35 (cag)
[09:40:54] 1 tRNA-SeC c[2131,2229] 35 (tca)
[09:40:54] 1 tRNA-Arg [3,78] 36 (tcg)
[09:40:54] 1 tRNA-Gly [2595,2667] 33 (ccc)
[09:40:54] Found 25 tRNAs
[09:40:54] Predicting Ribosomal RNAs
[09:40:54] Running Barrnap with 4 threads
[09:40:55] 1 SRR3223410_k53_46237_1 240 5S ribosomal RNA
[09:40:55] Found 1 rRNAs
[09:40:55] Skipping ncRNA search, enable with --rfam if desired.
[09:40:55] Total of 25 tRNA + rRNA features
[09:40:55] Searching for CRISPR repeats
[09:40:55] CRISPR1 SRR3223410_k53_123740_1 1560 with 3 spacers
[09:40:55] Found 1 CRISPRs
[09:40:55] Predicting coding sequences
[09:40:55] Contigs total 2355696 bp, so using single mode
[09:40:55] Running: prodigal -i \.\.\/\.\.\/Data\/Chen_Analysis\/Prokka\/Bacteria\/GOMC\.bin\.1941\/GOMC\.bin\.1941\.fna -c -m -g 11 -p single -f sco -q
[09:40:56] Excluding CDS which overlaps existing RNA (tRNA) at SRR3223410_k53_19622_1:2112..2765 on - strand
[09:40:56] Excluding CDS which overlaps existing RNA (tRNA) at SRR3223410_k53_139759_1:753..983 on + strand
[09:40:56] Excluding CDS which overlaps existing RNA (tRNA) at SRR3223410_k53_347761_1:7762..9132 on - strand
[09:40:57] Found 2157 CDS
[09:40:57] Connecting features back to sequences
[09:40:57] Not using genus-specific database. Try --usegenus to enable it.
[09:40:57] Annotating CDS, please be patient.
[09:40:57] Will use 4 CPUs for similarity searching.
[09:40:57] There are still 2157 unannotated CDS left (started with 2157)
[09:40:57] Will use blast to search against /home/joao_facio/miniconda3/envs/prokka/db/kingdom/Bacteria/IS with 4 CPUs
[09:40:57] Running: cat \.\.\/\.\.\/Data\/Chen_Analysis\/Prokka\/Bacteria\/GOMC\.bin\.1941\/GOMC\.bin\.1941\.IS\.tmp\.3398629\.faa | parallel --gnu --plain -j 4 --block 80349 --recstart '>' --pipe blastp -query - -db /home/joao_facio/miniconda3/envs/prokka/db/kingdom/Bacteria/IS -evalue 1e-30 -qcov_hsp_perc 90 -num_threads 1 -num_descriptions 1 -num_alignments 1 -seg no > \.\.\/\.\.\/Data\/Chen_Analysis\/Prokka\/Bacteria\/GOMC\.bin\.1941\/GOMC\.bin\.1941\.IS\.tmp\.3398629\.blast 2> /dev/null
[09:41:04] Deleting unwanted file: ../../Data/Chen_Analysis/Prokka/Bacteria/GOMC.bin.1941/GOMC.bin.1941.IS.tmp.3398629.faa
[09:41:04] Deleting unwanted file: ../../Data/Chen_Analysis/Prokka/Bacteria/GOMC.bin.1941/GOMC.bin.1941.IS.tmp.3398629.blast
[09:41:04] There are still 2154 unannotated CDS left (started with 2157)
[09:41:04] Will use blast to search against /home/joao_facio/miniconda3/envs/prokka/db/kingdom/Bacteria/AMR with 4 CPUs
[09:41:04] Running: cat \.\.\/\.\.\/Data\/Chen_Analysis\/Prokka\/Bacteria\/GOMC\.bin\.1941\/GOMC\.bin\.1941\.AMR\.tmp\.3398629\.faa | parallel --gnu --plain -j 4 --block 80189 --recstart '>' --pipe blastp -query - -db /home/joao_facio/miniconda3/envs/prokka/db/kingdom/Bacteria/AMR -evalue 1e-300 -qcov_hsp_perc 90 -num_threads 1 -num_descriptions 1 -num_alignments 1 -seg no > \.\.\/\.\.\/Data\/Chen_Analysis\/Prokka\/Bacteria\/GOMC\.bin\.1941\/GOMC\.bin\.1941\.AMR\.tmp\.3398629\.blast 2> /dev/null
[09:41:09] Deleting unwanted file: ../../Data/Chen_Analysis/Prokka/Bacteria/GOMC.bin.1941/GOMC.bin.1941.AMR.tmp.3398629.faa
[09:41:09] Deleting unwanted file: ../../Data/Chen_Analysis/Prokka/Bacteria/GOMC.bin.1941/GOMC.bin.1941.AMR.tmp.3398629.blast
[09:41:09] There are still 2154 unannotated CDS left (started with 2157)
[09:41:09] Will use blast to search against /home/joao_facio/miniconda3/envs/prokka/db/kingdom/Bacteria/sprot with 4 CPUs
[09:41:09] Running: cat \.\.\/\.\.\/Data\/Chen_Analysis\/Prokka\/Bacteria\/GOMC\.bin\.1941\/GOMC\.bin\.1941\.sprot\.tmp\.3398629\.faa | parallel --gnu --plain -j 4 --block 80189 --recstart '>' --pipe blastp -query - -db /home/joao_facio/miniconda3/envs/prokka/db/kingdom/Bacteria/sprot -evalue 1e-09 -qcov_hsp_perc 80 -num_threads 1 -num_descriptions 1 -num_alignments 1 -seg no > \.\.\/\.\.\/Data\/Chen_Analysis\/Prokka\/Bacteria\/GOMC\.bin\.1941\/GOMC\.bin\.1941\.sprot\.tmp\.3398629\.blast 2> /dev/null
[09:41:37] Modify product: Uncharacterized protein Rv0498 => putative protein
[09:41:37] Modify product: Probable nicotinate-nucleotide adenylyltransferase => putative nicotinate-nucleotide adenylyltransferase
[09:41:37] Modify product: Probable cadmium-transporting ATPase => putative cadmium-transporting ATPase
[09:41:37] Modify product: Probable multidrug ABC transporter permease YbhR => putative multidrug ABC transporter permease YbhR
[09:41:37] Modify product: Probable multidrug ABC transporter ATP-binding protein YbhF => putative multidrug ABC transporter ATP-binding protein YbhF
[09:41:37] Modify product: Probable undecaprenyl-phosphate N-acetylglucosaminyl 1-phosphate transferase => putative undecaprenyl-phosphate N-acetylglucosaminyl 1-phosphate transferase
[09:41:37] Modify product: Bifunctional protein FolD => Bifunctional protein FolD protein
[09:41:37] Modify product: Probable fructose-bisphosphate aldolase => putative fructose-bisphosphate aldolase
[09:41:37] Modify product: Uncharacterized ABC transporter ATP-binding protein YbiT => putative ABC transporter ATP-binding protein YbiT
[09:41:37] Modify product: UPF0749 protein Rv1825 => hypothetical protein
[09:41:37] Modify product: Nucleoid-associated protein Cthe_2143 => Nucleoid-associated protein
[09:41:37] Modify product: Probable glucosamine-6-phosphate deaminase 2 => putative glucosamine-6-phosphate deaminase 2
[09:41:37] Modify product: Uncharacterized epimerase/dehydratase SA0511 => putative epimerase/dehydratase
[09:41:37] Modify product: Uncharacterized protein YedJ => putative protein YedJ
[09:41:37] Modify product: Uncharacterized oxidoreductase YdhV => putative oxidoreductase YdhV
[09:41:37] Modify product: Cyclic di-GMP phosphodiesterase TM_0186 => Cyclic di-GMP phosphodiesterase
[09:41:37] Modify product: UPF0173 metal-dependent hydrolase TM_1162 => hypothetical protein
[09:41:37] Modify product: Uncharacterized oxidoreductase YjmC => putative oxidoreductase YjmC
[09:41:37] Modify product: Probable multidrug ABC transporter permease YbhR => putative multidrug ABC transporter permease YbhR
[09:41:37] Modify product: Uncharacterized ABC transporter ATP-binding protein YknY => putative ABC transporter ATP-binding protein YknY
[09:41:37] Modify product: UPF0194 membrane protein YbhG => hypothetical protein
[09:41:38] Modify product: Uncharacterized protein Rv2850c => putative protein
[09:41:38] Modify product: Probable D,D-dipeptide transport system permease protein DdpC => putative D,D-dipeptide transport system permease protein DdpC
[09:41:38] Modify product: Uncharacterized protein YxaL => putative protein YxaL
[09:41:38] Modify product: Probable dual-specificity RNA methyltransferase RlmN => putative dual-specificity RNA methyltransferase RlmN
[09:41:38] Modify product: Uncharacterized protein Spy1614 => putative protein
[09:41:38] Modify product: Uncharacterized ABC transporter ATP-binding protein TM_0288 => putative ABC transporter ATP-binding protein
[09:41:38] Modify product: Multidrug efflux system ATP-binding protein Rv1218c => Multidrug efflux system ATP-binding protein
[09:41:38] Modify product: Uncharacterized AAA domain-containing protein Rv2559c => putative AAA domain-containing protein
[09:41:38] Modify product: Carbon dioxide-concentrating mechanism protein CcmK homolog 2 => Carbon dioxide-concentrating mechanism protein CcmK 
[09:41:38] Modify product: Uncharacterized formamidopyrimidine-DNA glycosylase-like protein => putative formamidopyrimidine-DNA glycosylase-like protein
[09:41:38] Modify product: Probable cysteine desulfurase => putative cysteine desulfurase
[09:41:38] Modify product: UPF0173 metal-dependent hydrolase TM_1162 => hypothetical protein
[09:41:38] Modify product: 1,4-alpha-glucan branching enzyme TTHA1902 => 1,4-alpha-glucan branching enzyme
[09:41:38] Modify product: Uncharacterized protein YqeY => putative protein YqeY
[09:41:38] Modify product: Uncharacterized zinc protease Rv2782c => putative zinc protease
[09:41:38] Modify product: DegV domain-containing protein MW1315 => DegV domain-containing protein
[09:41:38] Modify product: Dihydroorotate dehydrogenase B (NAD(+)), electron transfer subunit homolog => Dihydroorotate dehydrogenase B (NAD(+)), electron transfer subunit 
[09:41:38] Modify product: Probable diguanylate cyclase DgcC => putative diguanylate cyclase DgcC
[09:41:38] Modify product: UPF0758 protein YsxA => hypothetical protein
[09:41:38] Modify product: Uncharacterized oxidoreductase YjmC => putative oxidoreductase YjmC
[09:41:38] Modify product: Uncharacterized zinc protease Rv2782c => putative zinc protease
[09:41:38] Modify product: Probable diguanylate cyclase DgcE => putative diguanylate cyclase DgcE
[09:41:38] Modify product: UPF0173 metal-dependent hydrolase TM_1162 => hypothetical protein
[09:41:38] Modify product: Putative sulfur carrier protein TM_0983 => Putative sulfur carrier protein
[09:41:38] Modify product: Putative universal stress protein SA1532 => Putative universal stress protein
[09:41:38] Modify product: Uncharacterized protein Rv2003c => putative protein
[09:41:38] Modify product: Probable bifunctional SAT/APS kinase => putative bifunctional SAT/APS kinase
[09:41:38] Modify product: Uncharacterized protein M6_Spy0233 => putative protein
[09:41:38] Modify product: Probable FMN/FAD exporter YeeO => putative FMN/FAD exporter YeeO
[09:41:38] Modify product: Uncharacterized FAD-linked oxidoreductase Rv2280 => putative FAD-linked oxidoreductase
[09:41:38] Modify product: Probable peptidoglycan glycosyltransferase FtsW => putative peptidoglycan glycosyltransferase FtsW
[09:41:38] Modify product: Probable iron-sulfur-binding oxidoreductase FadF => putative iron-sulfur-binding oxidoreductase FadF
[09:41:38] Modify product: Uncharacterized metal-dependent hydrolase YcfH => putative metal-dependent hydrolase YcfH
[09:41:38] Modify product: Probable undecaprenyl-phosphate N-acetylglucosaminyl 1-phosphate transferase => putative undecaprenyl-phosphate N-acetylglucosaminyl 1-phosphate transferase
[09:41:38] Modify product: Probable HTH-type transcriptional repressor ExuR => putative HTH-type transcriptional repressor ExuR
[09:41:38] Modify product: Putative esterase aq_1494 => Putative esterase
[09:41:38] Modify product: Uncharacterized ABC transporter ATP-binding protein YknY => putative ABC transporter ATP-binding protein YknY
[09:41:38] Modify product: Probable riboflavin import permease protein RfuC => putative riboflavin import permease protein RfuC
[09:41:38] Modify product: Uncharacterized protein Rv2030c => putative protein
[09:41:38] Modify product: Uncharacterized protein Rv1829 => putative protein
[09:41:38] Modify product: Probable HTH-type transcriptional repressor ExuR => putative HTH-type transcriptional repressor ExuR
[09:41:38] Modify product: Probable riboflavin import permease protein RfuC => putative riboflavin import permease protein RfuC
[09:41:38] Modify product: Probable transcriptional regulatory protein pdtaR => putative transcriptional regulatory protein pdtaR
[09:41:38] Modify product: Probable sensor histidine kinase pdtaS => putative sensor histidine kinase pdtaS
[09:41:38] Modify product: Uncharacterized PIN and TRAM-domain containing protein YacL => putative PIN and TRAM-domain containing protein YacL
[09:41:38] Modify product: Probable xanthine dehydrogenase subunit D => putative xanthine dehydrogenase subunit D
[09:41:38] Modify product: Uncharacterized protein SA1069 => putative protein
[09:41:38] Modify product: Uncharacterized FAD-linked oxidoreductase Rv2280 => putative FAD-linked oxidoreductase
[09:41:38] Modify product: Putative esterase aq_1494 => Putative esterase
[09:41:38] Modify product: Putative transport protein Rv0205 => Putative transport protein
[09:41:38] Modify product: Uncharacterized protein YedJ => putative protein YedJ
[09:41:38] Modify product: Uncharacterized protein Rv1488 => putative protein
[09:41:38] Modify product: UPF0109 protein Rv2908c => hypothetical protein
[09:41:38] Cleaned 74 /product names
[09:41:38] Deleting unwanted file: ../../Data/Chen_Analysis/Prokka/Bacteria/GOMC.bin.1941/GOMC.bin.1941.sprot.tmp.3398629.faa
[09:41:38] Deleting unwanted file: ../../Data/Chen_Analysis/Prokka/Bacteria/GOMC.bin.1941/GOMC.bin.1941.sprot.tmp.3398629.blast
[09:41:38] There are still 1258 unannotated CDS left (started with 2157)
[09:41:38] Will use hmmer3 to search against /home/joao_facio/miniconda3/envs/prokka/db/hmm/HAMAP.hmm with 4 CPUs
[09:41:38] Running: cat \.\.\/\.\.\/Data\/Chen_Analysis\/Prokka\/Bacteria\/GOMC\.bin\.1941\/GOMC\.bin\.1941\.HAMAP\.hmm\.tmp\.3398629\.faa | parallel --gnu --plain -j 4 --block 44396 --recstart '>' --pipe hmmscan --noali --notextw --acc -E 1e-09 --cpu 1 /home/joao_facio/miniconda3/envs/prokka/db/hmm/HAMAP.hmm /dev/stdin > \.\.\/\.\.\/Data\/Chen_Analysis\/Prokka\/Bacteria\/GOMC\.bin\.1941\/GOMC\.bin\.1941\.HAMAP\.hmm\.tmp\.3398629\.hmmer3 2> /dev/null
[09:41:47] Deleting unwanted file: ../../Data/Chen_Analysis/Prokka/Bacteria/GOMC.bin.1941/GOMC.bin.1941.HAMAP.hmm.tmp.3398629.faa
[09:41:47] Deleting unwanted file: ../../Data/Chen_Analysis/Prokka/Bacteria/GOMC.bin.1941/GOMC.bin.1941.HAMAP.hmm.tmp.3398629.hmmer3
[09:41:47] Labelling remaining 1062 proteins as 'hypothetical protein'
[09:41:47] Possible /pseudo 'Alpha-aminoadipate--LysW ligase LysX' at SRR3223410_k53_7968_1 position 1461
[09:41:47] Possible /pseudo 'LexA repressor' at SRR3223410_k53_85836_1 position 1785
[09:41:47] Possible /pseudo 'Opine dehydrogenase' at SRR3223410_k53_214886_1 position 2654
[09:41:47] Possible /pseudo 'Opine dehydrogenase' at SRR3223410_k53_214886_1 position 3780
[09:41:47] Possible /pseudo 'D-inositol-3-phosphate glycosyltransferase' at SRR3223410_k53_412895_1 position 5461
[09:41:47] Possible /pseudo 'Iron-sulfur cluster carrier protein' at SRR3223410_k53_432310_1 position 1172
[09:41:47] Possible /pseudo 'Iron-sulfur cluster carrier protein' at SRR3223410_k53_432310_1 position 2047
[09:41:47] Possible /pseudo 'Ethanolamine utilization protein EutN' at SRR3223410_k53_513044_1 position 1000
[09:41:47] Possible /pseudo 'Putative aminopeptidase YsdC' at SRR3223410_k53_646947_1 position 1326
[09:41:47] Possible /pseudo 'Putative aminopeptidase YsdC' at SRR3223410_k53_646947_1 position 2424
[09:41:47] Possible /pseudo 'Protein DegV' at SRR3223410_k53_761629_1 position 1837
[09:41:47] Possible /pseudo 'Glutamate dehydrogenase' at SRR3223410_k53_1303590_1 position 2480
[09:41:47] Found 768 unique /gene codes.
[09:41:47] Fixed 2 duplicate /gene - exuR_1 exuR_2
[09:41:47] Fixed 2 duplicate /gene - queG_1 queG_2
[09:41:47] Fixed 4 duplicate /gene - lgt_1 lgt_2 lgt_3 lgt_4
[09:41:47] Fixed 2 duplicate /gene - ccsA_1 ccsA_2
[09:41:47] Fixed 3 duplicate /gene - gsiD_1 gsiD_2 gsiD_3
[09:41:47] Fixed 2 duplicate /gene - alaS_1 alaS_2
[09:41:47] Fixed 4 duplicate /gene - odh_1 odh_2 odh_3 odh_4
[09:41:47] Fixed 2 duplicate /gene - porA_1 porA_2
[09:41:47] Fixed 2 duplicate /gene - dnaJ_1 dnaJ_2
[09:41:47] Fixed 2 duplicate /gene - pcm_1 pcm_2
[09:41:47] Fixed 2 duplicate /gene - nuoK_1 nuoK_2
[09:41:47] Fixed 2 duplicate /gene - lexA_1 lexA_2
[09:41:47] Fixed 7 duplicate /gene - rsxB_1 rsxB_2 rsxB_3 rsxB_4 rsxB_5 rsxB_6 rsxB_7
[09:41:47] Fixed 2 duplicate /gene - sigW_1 sigW_2
[09:41:47] Fixed 2 duplicate /gene - yknY_1 yknY_2
[09:41:47] Fixed 4 duplicate /gene - moaA_1 moaA_2 moaA_3 moaA_4
[09:41:47] Fixed 3 duplicate /gene - oppD_1 oppD_2 oppD_3
[09:41:47] Fixed 7 duplicate /gene - mtgB_1 mtgB_2 mtgB_3 mtgB_4 mtgB_5 mtgB_6 mtgB_7
[09:41:47] Fixed 2 duplicate /gene - cooF_1 cooF_2
[09:41:47] Fixed 2 duplicate /gene - padE_1 padE_2
[09:41:47] Fixed 2 duplicate /gene - appA_1 appA_2
[09:41:47] Fixed 2 duplicate /gene - dapH_1 dapH_2
[09:41:47] Fixed 3 duplicate /gene - mobA_1 mobA_2 mobA_3
[09:41:47] Fixed 2 duplicate /gene - prs_1 prs_2
[09:41:47] Fixed 2 duplicate /gene - nudC_1 nudC_2
[09:41:47] Fixed 2 duplicate /gene - rpoD_1 rpoD_2
[09:41:47] Fixed 2 duplicate /gene - macB_1 macB_2
[09:41:47] Fixed 2 duplicate /gene - galK_1 galK_2
[09:41:47] Fixed 2 duplicate /gene - larA_1 larA_2
[09:41:47] Fixed 2 duplicate /gene - ppm1_1 ppm1_2
[09:41:47] Fixed 2 duplicate /gene - xerC_1 xerC_2
[09:41:47] Fixed 2 duplicate /gene - ecfT_1 ecfT_2
[09:41:47] Fixed 2 duplicate /gene - ndhI_1 ndhI_2
[09:41:47] Fixed 2 duplicate /gene - egtB_1 egtB_2
[09:41:47] Fixed 2 duplicate /gene - yfdE_1 yfdE_2
[09:41:47] Fixed 3 duplicate /gene - metH_1 metH_2 metH_3
[09:41:47] Fixed 2 duplicate /gene - malT_1 malT_2
[09:41:47] Fixed 2 duplicate /gene - porB_1 porB_2
[09:41:47] Fixed 2 duplicate /gene - carE_1 carE_2
[09:41:47] Fixed 12 duplicate /gene - mshA_1 mshA_2 mshA_3 mshA_4 mshA_5 mshA_6 mshA_7 mshA_8 mshA_9 mshA_10 mshA_11 mshA_12
[09:41:47] Fixed 3 duplicate /gene - carD_1 carD_2 carD_3
[09:41:47] Fixed 4 duplicate /gene - rcsC_1 rcsC_2 rcsC_3 rcsC_4
[09:41:47] Fixed 2 duplicate /gene - ctpA_1 ctpA_2
[09:41:47] Fixed 2 duplicate /gene - sphR_1 sphR_2
[09:41:47] Fixed 3 duplicate /gene - fabF_1 fabF_2 fabF_3
[09:41:47] Fixed 2 duplicate /gene - COQ3_1 COQ3_2
[09:41:47] Fixed 2 duplicate /gene - iolG_1 iolG_2
[09:41:47] Fixed 4 duplicate /gene - dppC_1 dppC_2 dppC_3 dppC_4
[09:41:47] Fixed 3 duplicate /gene - pqqE_1 pqqE_2 pqqE_3
[09:41:47] Fixed 2 duplicate /gene - mdtA_1 mdtA_2
[09:41:47] Fixed 2 duplicate /gene - sufS_1 sufS_2
[09:41:47] Fixed 3 duplicate /gene - davT_1 davT_2 davT_3
[09:41:47] Fixed 2 duplicate /gene - cas2_1 cas2_2
[09:41:47] Fixed 2 duplicate /gene - rbn_1 rbn_2
[09:41:47] Fixed 3 duplicate /gene - melD_1 melD_2 melD_3
[09:41:47] Fixed 2 duplicate /gene - fbp_1 fbp_2
[09:41:47] Fixed 2 duplicate /gene - dapA_1 dapA_2
[09:41:47] Fixed 2 duplicate /gene - rssB_1 rssB_2
[09:41:47] Fixed 9 duplicate /gene - dppB_1 dppB_2 dppB_3 dppB_4 dppB_5 dppB_6 dppB_7 dppB_8 dppB_9
[09:41:47] Fixed 2 duplicate /gene - ssb_1 ssb_2
[09:41:47] Fixed 2 duplicate /gene - mntB_1 mntB_2
[09:41:47] Fixed 2 duplicate /gene - fdhF_1 fdhF_2
[09:41:47] Fixed 2 duplicate /gene - tldD_1 tldD_2
[09:41:47] Fixed 3 duplicate /gene - sigA_1 sigA_2 sigA_3
[09:41:47] Fixed 2 duplicate /gene - fni_1 fni_2
[09:41:47] Fixed 3 duplicate /gene - pnp_1 pnp_2 pnp_3
[09:41:47] Fixed 2 duplicate /gene - mtgA_1 mtgA_2
[09:41:47] Fixed 2 duplicate /gene - yedJ_1 yedJ_2
[09:41:47] Fixed 4 duplicate /gene - ysdC_1 ysdC_2 ysdC_3 ysdC_4
[09:41:47] Fixed 2 duplicate /gene - IMPDH_1 IMPDH_2
[09:41:47] Fixed 7 duplicate /gene - lptB_1 lptB_2 lptB_3 lptB_4 lptB_5 lptB_6 lptB_7
[09:41:47] Fixed 8 duplicate /gene - livH_1 livH_2 livH_3 livH_4 livH_5 livH_6 livH_7 livH_8
[09:41:47] Fixed 4 duplicate /gene - araQ_1 araQ_2 araQ_3 araQ_4
[09:41:47] Fixed 2 duplicate /gene - walR_1 walR_2
[09:41:47] Fixed 4 duplicate /gene - lnrL_1 lnrL_2 lnrL_3 lnrL_4
[09:41:47] Fixed 2 duplicate /gene - gyrA_1 gyrA_2
[09:41:47] Fixed 2 duplicate /gene - dnaK_1 dnaK_2
[09:41:47] Fixed 3 duplicate /gene - mdtG_1 mdtG_2 mdtG_3
[09:41:47] Fixed 2 duplicate /gene - dppD_1 dppD_2
[09:41:47] Fixed 2 duplicate /gene - ubiB_1 ubiB_2
[09:41:47] Fixed 2 duplicate /gene - fdoI_1 fdoI_2
[09:41:47] Fixed 2 duplicate /gene - lysX_1 lysX_2
[09:41:47] Fixed 2 duplicate /gene - glcK_1 glcK_2
[09:41:47] Fixed 2 duplicate /gene - ybhR_1 ybhR_2
[09:41:47] Fixed 2 duplicate /gene - rfuC_1 rfuC_2
[09:41:47] Fixed 2 duplicate /gene - tolB_1 tolB_2
[09:41:47] Fixed 2 duplicate /gene - catI_1 catI_2
[09:41:47] Fixed 4 duplicate /gene - gph_1 gph_2 gph_3 gph_4
[09:41:47] Fixed 5 duplicate /gene - COQ5_1 COQ5_2 COQ5_3 COQ5_4 COQ5_5
[09:41:47] Fixed 7 duplicate /gene - livF_1 livF_2 livF_3 livF_4 livF_5 livF_6 livF_7
[09:41:47] Fixed 2 duplicate /gene - gatA_1 gatA_2
[09:41:47] Fixed 2 duplicate /gene - gloB_1 gloB_2
[09:41:47] Fixed 2 duplicate /gene - grpE_1 grpE_2
[09:41:47] Fixed 2 duplicate /gene - nqrF_1 nqrF_2
[09:41:47] Fixed 2 duplicate /gene - oppA_1 oppA_2
[09:41:47] Fixed 3 duplicate /gene - arnC_1 arnC_2 arnC_3
[09:41:47] Fixed 2 duplicate /gene - dksA_1 dksA_2
[09:41:47] Fixed 3 duplicate /gene - fdnH_1 fdnH_2 fdnH_3
[09:41:47] Fixed 2 duplicate /gene - rbsC_1 rbsC_2
[09:41:47] Fixed 2 duplicate /gene - livK_1 livK_2
[09:41:47] Fixed 2 duplicate /gene - uppS_1 uppS_2
[09:41:47] Fixed 2 duplicate /gene - wcaJ_1 wcaJ_2
[09:41:47] Fixed 2 duplicate /gene - dagK_1 dagK_2
[09:41:47] Fixed 10 duplicate /gene - btuD_1 btuD_2 btuD_3 btuD_4 btuD_5 btuD_6 btuD_7 btuD_8 btuD_9 btuD_10
[09:41:47] Fixed 2 duplicate /gene - xerD_1 xerD_2
[09:41:47] Fixed 4 duplicate /gene - darA_1 darA_2 darA_3 darA_4
[09:41:47] Fixed 6 duplicate /gene - phoP_1 phoP_2 phoP_3 phoP_4 phoP_5 phoP_6
[09:41:47] Fixed 2 duplicate /gene - mshD_1 mshD_2
[09:41:47] Fixed 2 duplicate /gene - trpS_1 trpS_2
[09:41:47] Fixed 6 duplicate /gene - sasA_1 sasA_2 sasA_3 sasA_4 sasA_5 sasA_6
[09:41:47] Fixed 3 duplicate /gene - ndhB_1 ndhB_2 ndhB_3
[09:41:47] Fixed 5 duplicate /gene - oppF_1 oppF_2 oppF_3 oppF_4 oppF_5
[09:41:47] Fixed 2 duplicate /gene - proS_1 proS_2
[09:41:47] Fixed 2 duplicate /gene - gdhA_1 gdhA_2
[09:41:47] Fixed 2 duplicate /gene - lpxL_1 lpxL_2
[09:41:47] Fixed 5 duplicate /gene - degV_1 degV_2 degV_3 degV_4 degV_5
[09:41:47] Fixed 2 duplicate /gene - plsY_1 plsY_2
[09:41:47] Fixed 2 duplicate /gene - eutN_1 eutN_2
[09:41:47] Fixed 2 duplicate /gene - gutB_1 gutB_2
[09:41:47] Fixed 2 duplicate /gene - surE_1 surE_2
[09:41:47] Fixed 2 duplicate /gene - mreB_1 mreB_2
[09:41:47] Fixed 2 duplicate /gene - liaR_1 liaR_2
[09:41:47] Fixed 2 duplicate /gene - sigX_1 sigX_2
[09:41:47] Fixed 4 duplicate /gene - msmX_1 msmX_2 msmX_3 msmX_4
[09:41:47] Fixed 2 duplicate /gene - dnaA_1 dnaA_2
[09:41:47] Fixed 2 duplicate /gene - dapE_1 dapE_2
[09:41:47] Fixed 2 duplicate /gene - arsA_1 arsA_2
[09:41:47] Fixed 2 duplicate /gene - sucD_1 sucD_2
[09:41:47] Fixed 2 duplicate /gene - clpC_1 clpC_2
[09:41:47] Fixed 2 duplicate /gene - lysN_1 lysN_2
[09:41:47] Fixed 3 duplicate /gene - gsiC_1 gsiC_2 gsiC_3
[09:41:47] Fixed 3 duplicate /gene - braC_1 braC_2 braC_3
[09:41:47] Fixed 2 duplicate /gene - yjmC_1 yjmC_2
[09:41:47] Fixed 3 duplicate /gene - ycf3_1 ycf3_2 ycf3_3
[09:41:47] Fixed 2 duplicate /gene - tagO_1 tagO_2
[09:41:47] Fixed 135 colliding /gene names.
[09:41:47] Adding /locus_tag identifiers
[09:41:47] Assigned 2183 locus_tags to CDS and RNA features.
[09:41:47] Writing outputs to ../../Data/Chen_Analysis/Prokka/Bacteria/GOMC.bin.1941/
[09:41:47] Generating annotation statistics file
[09:41:47] Generating Genbank and Sequin files
[09:41:47] Running: tbl2asn -V b -a r10k -l paired-ends -M n -N 1 -y 'Annotated using prokka 1.14.6 from https://github.com/tseemann/prokka' -Z \.\.\/\.\.\/Data\/Chen_Analysis\/Prokka\/Bacteria\/GOMC\.bin\.1941\/GOMC\.bin\.1941\.err -i \.\.\/\.\.\/Data\/Chen_Analysis\/Prokka\/Bacteria\/GOMC\.bin\.1941\/GOMC\.bin\.1941\.fsa 2> /dev/null
[09:41:50] Deleting unwanted file: ../../Data/Chen_Analysis/Prokka/Bacteria/GOMC.bin.1941/errorsummary.val
[09:41:50] Deleting unwanted file: ../../Data/Chen_Analysis/Prokka/Bacteria/GOMC.bin.1941/GOMC.bin.1941.dr
[09:41:50] Deleting unwanted file: ../../Data/Chen_Analysis/Prokka/Bacteria/GOMC.bin.1941/GOMC.bin.1941.fixedproducts
[09:41:50] Deleting unwanted file: ../../Data/Chen_Analysis/Prokka/Bacteria/GOMC.bin.1941/GOMC.bin.1941.ecn
[09:41:50] Deleting unwanted file: ../../Data/Chen_Analysis/Prokka/Bacteria/GOMC.bin.1941/GOMC.bin.1941.val
[09:41:50] Repairing broken .GBK output that tbl2asn produces...
[09:41:50] Running: sed 's/COORDINATES: profile/COORDINATES:profile/' < \.\.\/\.\.\/Data\/Chen_Analysis\/Prokka\/Bacteria\/GOMC\.bin\.1941\/GOMC\.bin\.1941\.gbf > \.\.\/\.\.\/Data\/Chen_Analysis\/Prokka\/Bacteria\/GOMC\.bin\.1941\/GOMC\.bin\.1941\.gbk
[09:41:50] Deleting unwanted file: ../../Data/Chen_Analysis/Prokka/Bacteria/GOMC.bin.1941/GOMC.bin.1941.gbf
[09:41:50] Output files:
[09:41:50] ../../Data/Chen_Analysis/Prokka/Bacteria/GOMC.bin.1941/GOMC.bin.1941.gbk
[09:41:50] ../../Data/Chen_Analysis/Prokka/Bacteria/GOMC.bin.1941/GOMC.bin.1941.tbl
[09:41:50] ../../Data/Chen_Analysis/Prokka/Bacteria/GOMC.bin.1941/GOMC.bin.1941.txt
[09:41:50] ../../Data/Chen_Analysis/Prokka/Bacteria/GOMC.bin.1941/GOMC.bin.1941.ffn
[09:41:50] ../../Data/Chen_Analysis/Prokka/Bacteria/GOMC.bin.1941/GOMC.bin.1941.log
[09:41:50] ../../Data/Chen_Analysis/Prokka/Bacteria/GOMC.bin.1941/GOMC.bin.1941.sqn
[09:41:50] ../../Data/Chen_Analysis/Prokka/Bacteria/GOMC.bin.1941/GOMC.bin.1941.gff
[09:41:50] ../../Data/Chen_Analysis/Prokka/Bacteria/GOMC.bin.1941/GOMC.bin.1941.tsv
[09:41:50] ../../Data/Chen_Analysis/Prokka/Bacteria/GOMC.bin.1941/GOMC.bin.1941.faa
[09:41:50] ../../Data/Chen_Analysis/Prokka/Bacteria/GOMC.bin.1941/GOMC.bin.1941.fsa
[09:41:50] ../../Data/Chen_Analysis/Prokka/Bacteria/GOMC.bin.1941/GOMC.bin.1941.fna
[09:41:50] ../../Data/Chen_Analysis/Prokka/Bacteria/GOMC.bin.1941/GOMC.bin.1941.err
[09:41:50] Annotation finished successfully.
[09:41:50] Walltime used: 0.95 minutes
[09:41:50] If you use this result please cite the Prokka paper:
[09:41:50] Seemann T (2014) Prokka: rapid prokaryotic genome annotation. Bioinformatics. 30(14):2068-9.
[09:41:50] Type 'prokka --citation' for more details.
[09:41:50] Share and enjoy!
