[07:25:32] This is prokka 1.14.6
[07:25:32] Written by Torsten Seemann <torsten.seemann@gmail.com>
[07:25:32] Homepage is https://github.com/tseemann/prokka
[07:25:32] Local time is Mon Dec  1 07:25:32 2025
[07:25:32] You are joao_facio
[07:25:32] Operating system is linux
[07:25:32] You have BioPerl 1.7.8
[07:25:32] System has 12 cores.
[07:25:32] Will use maximum of 4 cores.
[07:25:32] Annotating as >>> Archaea <<<
[07:25:32] Generating locus_tag from '/tmp/tmp6gns85ah/GOMC.bin.12136.fa' contents.
[07:25:32] Setting --locustag ODPOFPEF from MD5 8d98f9ef9f01f432290b3e95c7df57a5
[07:25:32] Creating new output folder: ../../Data/Chen_Analysis/Prokka/Archaea/GOMC.bin.12136
[07:25:32] Running: mkdir -p \.\.\/\.\.\/Data\/Chen_Analysis\/Prokka\/Archaea\/GOMC\.bin\.12136
[07:25:32] Using filename prefix: GOMC.bin.12136.XXX
[07:25:32] Setting HMMER_NCPU=1
[07:25:32] Writing log to: ../../Data/Chen_Analysis/Prokka/Archaea/GOMC.bin.12136/GOMC.bin.12136.log
[07:25:32] Command: /home/joao_facio/miniconda3/envs/prokka/bin/prokka --outdir ../../Data/Chen_Analysis/Prokka/Archaea/GOMC.bin.12136 --prefix GOMC.bin.12136 --kingdom Archaea --genus Halobacterium --strain GOMC.bin.12136 --cpus 4 --force /tmp/tmp6gns85ah/GOMC.bin.12136.fa
[07:25:32] Appending to PATH: /home/joao_facio/miniconda3/envs/prokka/bin
[07:25:32] Looking for 'aragorn' - found /home/joao_facio/miniconda3/envs/prokka/bin/aragorn
[07:25:32] Determined aragorn version is 001002 from 'ARAGORN v1.2.41 Dean Laslett'
[07:25:32] Looking for 'barrnap' - found /home/joao_facio/miniconda3/envs/prokka/bin/barrnap
[07:25:32] Determined barrnap version is 000009 from 'barrnap 0.9'
[07:25:32] Looking for 'blastp' - found /home/joao_facio/miniconda3/envs/prokka/bin/blastp
[07:25:32] Determined blastp version is 002016 from 'blastp: 2.16.0+'
[07:25:32] Looking for 'cmpress' - found /home/joao_facio/miniconda3/envs/prokka/bin/cmpress
[07:25:32] Determined cmpress version is 001001 from '# INFERNAL 1.1.5 (Sep 2023)'
[07:25:32] Looking for 'cmscan' - found /home/joao_facio/miniconda3/envs/prokka/bin/cmscan
[07:25:32] Determined cmscan version is 001001 from '# INFERNAL 1.1.5 (Sep 2023)'
[07:25:32] Looking for 'egrep' - found /usr/bin/egrep
[07:25:32] Looking for 'find' - found /usr/bin/find
[07:25:32] Looking for 'grep' - found /usr/bin/grep
[07:25:32] Looking for 'hmmpress' - found /home/joao_facio/miniconda3/envs/prokka/bin/hmmpress
[07:25:32] Determined hmmpress version is 003004 from '# HMMER 3.4 (Aug 2023); http://hmmer.org/'
[07:25:32] Looking for 'hmmscan' - found /home/joao_facio/miniconda3/envs/prokka/bin/hmmscan
[07:25:32] Determined hmmscan version is 003004 from '# HMMER 3.4 (Aug 2023); http://hmmer.org/'
[07:25:32] Looking for 'java' - found /home/joao_facio/miniconda3/envs/prokka/bin/java
[07:25:32] Looking for 'makeblastdb' - found /home/joao_facio/miniconda3/envs/prokka/bin/makeblastdb
[07:25:32] Determined makeblastdb version is 002016 from 'makeblastdb: 2.16.0+'
[07:25:32] Looking for 'minced' - found /home/joao_facio/miniconda3/envs/prokka/bin/minced
[07:25:32] Determined minced version is 004002 from 'minced 0.4.2'
[07:25:32] Looking for 'parallel' - found /home/joao_facio/miniconda3/envs/prokka/bin/parallel
[07:25:33] Determined parallel version is 20251122 from 'GNU parallel 20251122'
[07:25:33] Looking for 'prodigal' - found /home/joao_facio/miniconda3/envs/prokka/bin/prodigal
[07:25:33] Determined prodigal version is 002006 from 'Prodigal V2.6.3: February, 2016'
[07:25:33] Looking for 'prokka-genbank_to_fasta_db' - found /home/joao_facio/miniconda3/envs/prokka/bin/prokka-genbank_to_fasta_db
[07:25:33] Looking for 'sed' - found /usr/bin/sed
[07:25:33] Looking for 'tbl2asn' - found /home/joao_facio/miniconda3/envs/prokka/bin/tbl2asn
[07:25:33] Determined tbl2asn version is 025007 from 'tbl2asn 25.7   arguments:'
[07:25:33] Using genetic code table 11.
[07:25:33] Loading and checking input file: /tmp/tmp6gns85ah/GOMC.bin.12136.fa
[07:25:33] Wrote 242 contigs totalling 2353968 bp.
[07:25:33] Predicting tRNAs and tmRNAs
[07:25:33] Running: aragorn -l -gc11  -w \.\.\/\.\.\/Data\/Chen_Analysis\/Prokka\/Archaea\/GOMC\.bin\.12136\/GOMC\.bin\.12136\.fna
[07:25:33] 1 tRNA-Arg [6020,6093] 34 (cct)
[07:25:33] 1 tRNA-Leu c[9819,9903] 36 (tag)
[07:25:33] 1 tRNA-Thr [43183,43256] 35 (cgt)
[07:25:33] 1 tRNA-Arg [1585,1657] 34 (ccg)
[07:25:33] 1 tRNA-Gly [1640,1733] 36 (tcc)
[07:25:33] 1 tRNA-Gly [3859,3931] 34 (tcc)
[07:25:33] 1 tRNA-Leu [966,1057] 32 (gag)
[07:25:33] 1 tRNA-Gln c[369,441] 35 (ttg)
[07:25:33] 1 tRNA-Glu [18852,18927] 38 (ctc)
[07:25:33] 1 tRNA-Gln c[6135,6207] 35 (ctg)
[07:25:33] 1 tRNA-Leu [6018,6100] 35 (taa)
[07:25:33] 1 tRNA-Pro c[1,73] 35 (tgg)
[07:25:33] 1 tRNA-Leu c[3533,3618] 37 (cag)
[07:25:33] 2 tRNA-Ser c[5923,6007] 36 (gct)
[07:25:33] 1 tRNA-Gly c[7033,7104] 33 (ccc)
[07:25:33] 1 tRNA-Ser c[3,88] 36 (cga)
[07:25:33] 1 tRNA-Met [2359,2434] 36 (cat)
[07:25:34] 1 tRNA-Arg [13391,13466] 36 (tct)
[07:25:34] 1 tRNA-Ser c[4632,4715] 36 (tga)
[07:25:34] 1 tRNA-Val c[6607,6681] 35 (tac)
[07:25:34] 1 tRNA-Pro [13817,13888] 33 (ggg)
[07:25:34] 1 tRNA-Leu c[8925,9009] 37 (gag)
[07:25:34] 1 tRNA-Val c[1476,1551] 36 (gac)
[07:25:34] 1 tRNA-Ala c[2715,2786] 33 (cgc)
[07:25:34] 1 tRNA-Ile [11944,12018] 35 (gat)
[07:25:34] 1 tRNA-Val c[1794,1869] 36 (cac)
[07:25:34] 1 tRNA-Lys [24539,24613] 35 (ctt)
[07:25:34] 1 tRNA-Thr c[4198,4270] 34 (tgt)
[07:25:34] 1 tRNA-Glu c[3621,3694] 29 (ctc)
[07:25:34] 1 tRNA-His c[3206,3279] 35 (gtg)
[07:25:34] 1 tRNA-Arg [2167,2241] 36 (tcg)
[07:25:34] 1 tRNA-Arg [544,630] 35 (acg)
[07:25:34] 1 tRNA-Arg c[-3,70] 35 (gcg)
[07:25:34] 2 tRNA-Asn [4662,4734] 34 (gtt)
[07:25:34] 1 tRNA-Leu [2560,2647] 38 (caa)
[07:25:34] Found 35 tRNAs
[07:25:34] Predicting Ribosomal RNAs
[07:25:34] Running Barrnap with 4 threads
[07:25:34] Found 0 rRNAs
[07:25:34] Skipping ncRNA search, enable with --rfam if desired.
[07:25:34] Total of 35 tRNA + rRNA features
[07:25:34] Searching for CRISPR repeats
[07:25:35] Found 0 CRISPRs
[07:25:35] Predicting coding sequences
[07:25:35] Contigs total 2353968 bp, so using single mode
[07:25:35] Running: prodigal -i \.\.\/\.\.\/Data\/Chen_Analysis\/Prokka\/Archaea\/GOMC\.bin\.12136\/GOMC\.bin\.12136\.fna -c -m -g 11 -p single -f sco -q
[07:25:38] Excluding CDS which overlaps existing RNA (tRNA) at k63_36486:1434..2399 on - strand
[07:25:38] Excluding CDS which overlaps existing RNA (tRNA) at k63_54525:691..1998 on + strand
[07:25:38] Excluding CDS which overlaps existing RNA (tRNA) at k63_66611:17935..19161 on - strand
[07:25:38] Excluding CDS which overlaps existing RNA (tRNA) at k63_1857:3571..3855 on + strand
[07:25:38] Excluding CDS which overlaps existing RNA (tRNA) at k63_33020:70..633 on + strand
[07:25:38] Excluding CDS which overlaps existing RNA (tRNA) at k63_33020:620..907 on + strand
[07:25:38] Found 2493 CDS
[07:25:38] Connecting features back to sequences
[07:25:38] Not using genus-specific database. Try --usegenus to enable it.
[07:25:38] Annotating CDS, please be patient.
[07:25:38] Will use 4 CPUs for similarity searching.
[07:25:39] There are still 2493 unannotated CDS left (started with 2493)
[07:25:39] Will use blast to search against /home/joao_facio/miniconda3/envs/prokka/db/kingdom/Archaea/sprot with 4 CPUs
[07:25:39] Running: cat \.\.\/\.\.\/Data\/Chen_Analysis\/Prokka\/Archaea\/GOMC\.bin\.12136\/GOMC\.bin\.12136\.sprot\.tmp\.3102521\.faa | parallel --gnu --plain -j 4 --block 86338 --recstart '>' --pipe blastp -query - -db /home/joao_facio/miniconda3/envs/prokka/db/kingdom/Archaea/sprot -evalue 1e-09 -qcov_hsp_perc 80 -num_threads 1 -num_descriptions 1 -num_alignments 1 -seg no > \.\.\/\.\.\/Data\/Chen_Analysis\/Prokka\/Archaea\/GOMC\.bin\.12136\/GOMC\.bin\.12136\.sprot\.tmp\.3102521\.blast 2> /dev/null
[07:25:42] Modify product: Protein MM_0484 => Protein
[07:25:42] Modify product: Probable aminomethyltransferase => putative aminomethyltransferase
[07:25:42] Modify product: Probable ribosome biogenesis protein SSO0551 => putative ribosome biogenesis protein
[07:25:42] Modify product: UPF0215 protein AF_1433 => hypothetical protein
[07:25:42] Modify product: Uncharacterized ABC transporter ATP-binding protein MJ0796 => putative ABC transporter ATP-binding protein
[07:25:42] Modify product: Probable HTH-type transcriptional regulator ArcR => putative HTH-type transcriptional regulator ArcR
[07:25:42] Modify product: Uncharacterized HTH-type transcriptional regulator PH1519 => putative HTH-type transcriptional regulator
[07:25:42] Modify product: Probable HTH-type transcriptional regulator ArcR => putative HTH-type transcriptional regulator ArcR
[07:25:42] Modify product: Probable aminomethyltransferase => putative aminomethyltransferase
[07:25:42] Modify product: Probable cell surface fusion protein HVO_0405 => putative cell surface fusion protein
[07:25:42] Modify product: Probable ribonuclease FAU-1 => putative ribonuclease FAU-1
[07:25:42] Modify product: Probable aspartokinase => putative aspartokinase
[07:25:42] Modify product: Uncharacterized protein AF_1212 => putative protein
[07:25:42] Modify product: Putative HTH-type transcriptional regulator MJ1563 => Putative HTH-type transcriptional regulator
[07:25:42] Modify product: Protein translation factor SUI1 homolog => Protein translation factor SUI1 
[07:25:42] Modify product: Probable methanogenesis regulatory protein FilR2 => putative methanogenesis regulatory protein FilR2
[07:25:42] Modify product: Glutamate transporter homolog => Glutamate transporter 
[07:25:42] Modify product: Trk system potassium uptake protein TrkA homolog => Trk system potassium uptake protein TrkA 
[07:25:42] Modify product: Uncharacterized ABC transporter ATP-binding protein MJ0796 => putative ABC transporter ATP-binding protein
[07:25:42] Modify product: Protein Ta0487 => Protein
[07:25:42] Modify product: Uncharacterized protein MJ0783 => putative protein
[07:25:42] Modify product: Universal stress protein MJ0577 => Universal stress protein
[07:25:42] Modify product: UPF0146 protein MTH_1000 => hypothetical protein
[07:25:42] Modify product: Probable nitrate transporter => putative nitrate transporter
[07:25:42] Modify product: Probable tRNA pseudouridine synthase D => putative tRNA pseudouridine synthase D
[07:25:42] Modify product: UPF0045 protein MTH_1187 => hypothetical protein
[07:25:42] Modify product: Uncharacterized NOP5 family protein MJ0694 => putative NOP5 family protein
[07:25:42] Modify product: Probable branched-chain amino acid transport ATP-binding protein LivG => putative branched-chain amino acid transport ATP-binding protein LivG
[07:25:42] Modify product: Uncharacterized protein MJ0690 => putative protein
[07:25:42] Modify product: DNA-binding protein MTH_1615 => DNA-binding protein
[07:25:42] Modify product: Probable molybdopterin synthase => putative molybdopterin synthase
[07:25:42] Modify product: S-adenosyl-L-methionine-binding protein AF_0241 => S-adenosyl-L-methionine-binding protein
[07:25:42] Modify product: Probable thymidylate kinase => putative thymidylate kinase
[07:25:42] Modify product: Uncharacterized metallohydrolase MMP1398 => putative metallohydrolase
[07:25:43] Modify product: Universal stress protein MJ0577 => Universal stress protein
[07:25:43] Modify product: Probable HTH-type transcriptional regulator ArcR => putative HTH-type transcriptional regulator ArcR
[07:25:43] Modify product: Uncharacterized HTH-type transcriptional regulator PH1519 => putative HTH-type transcriptional regulator
[07:25:43] Modify product: Probable tRNA pseudouridine synthase B => putative tRNA pseudouridine synthase B
[07:25:43] Modify product: Universal stress protein MJ0577 => Universal stress protein
[07:25:43] Modify product: Probable 2-keto-3-deoxyxylonate dehydratase => putative 2-keto-3-deoxyxylonate dehydratase
[07:25:43] Modify product: Uncharacterized isochorismatase family protein HVO_2328 => putative isochorismatase family protein
[07:25:43] Modify product: Uncharacterized HTH-type transcriptional regulator PH1519 => putative HTH-type transcriptional regulator
[07:25:43] Modify product: Probable cobalt-precorrin-6B C(15)-methyltransferase (decarboxylating) => putative cobalt-precorrin-6B C(15)-methyltransferase (decarboxylating)
[07:25:43] Modify product: UPF0284 protein PH0034 => hypothetical protein
[07:25:43] Modify product: Uncharacterized protein MJ0039 => putative protein
[07:25:43] Modify product: HEAT repeat-containing taxis protein OE_2401F => HEAT repeat-containing taxis proteinF
[07:25:43] Modify product: Universal stress protein MJ0577 => Universal stress protein
[07:25:43] Modify product: Bifunctional protein FolD => Bifunctional protein FolD protein
[07:25:43] Modify product: GTP cyclohydrolase 1 type 2 homolog => GTP cyclohydrolase 1 type 2 
[07:25:43] Modify product: Uncharacterized protein HVO_1289 => putative protein
[07:25:43] Modify product: Probable respiratory nitrate reductase subunit cytochrome b-561 => putative respiratory nitrate reductase subunit cytochrome b-561
[07:25:43] Modify product: Probable 2-keto-3-deoxyxylonate dehydratase => putative 2-keto-3-deoxyxylonate dehydratase
[07:25:43] Modify product: Universal stress protein MJ0577 => Universal stress protein
[07:25:43] Modify product: Probable branched-chain amino acid transport ATP-binding protein LivG => putative branched-chain amino acid transport ATP-binding protein LivG
[07:25:43] Modify product: Probable branched-chain amino acid transport ATP-binding protein LivG => putative branched-chain amino acid transport ATP-binding protein LivG
[07:25:43] Modify product: Uncharacterized nitrogen regulatory PII-like protein MJ0059 => putative nitrogen regulatory PII-like protein
[07:25:43] Modify product: Chlorinase MJ1651 => Chlorinase
[07:25:43] Modify product: Uncharacterized protein MJ0609 => putative protein
[07:25:43] Modify product: Protein pelota homolog => Protein pelota 
[07:25:43] Modify product: Protein VNG_0358C => ProteinC
[07:25:43] Modify product: Uncharacterized protein MTH_863 => putative protein MTH_863
[07:25:43] Modify product: Probable deoxyhypusine synthase => putative deoxyhypusine synthase
[07:25:43] Modify product: Zinc metalloprotease MJ0392 => Zinc metalloprotease
[07:25:43] Modify product: UPF0200/UPF0201 protein AF_1395 => hypothetical protein
[07:25:43] Modify product: UPF0200/UPF0201 protein AF_1395 => hypothetical protein
[07:25:43] Modify product: Probable copper-exporting P-type ATPase => putative copper-exporting P-type ATPase
[07:25:43] Modify product: Probable bifunctional tRNA threonylcarbamoyladenosine biosynthesis protein => putative bifunctional tRNA threonylcarbamoyladenosine biosynthesis protein
[07:25:43] Modify product: Putative ammonium transporter MJ1343 => Putative ammonium transporter
[07:25:43] Modify product: Probable translation initiation factor IF-2 => putative translation initiation factor IF-2
[07:25:43] Modify product: Uncharacterized ABC transporter ATP-binding protein MJ0796 => putative ABC transporter ATP-binding protein
[07:25:43] Modify product: Probable Thioredoxin => putative Thioredoxin
[07:25:43] Modify product: Probable GTP-binding protein EngB => putative GTP-binding protein EngB
[07:25:43] Modify product: Protein translation factor SUI1 homolog => Protein translation factor SUI1 
[07:25:43] Modify product: Deglycase PH1704 => Deglycase
[07:25:43] Modify product: ATP-dependent DNA helicase Ta0057 => ATP-dependent DNA helicase
[07:25:43] Modify product: Probable HTH-type transcriptional regulator ArcR => putative HTH-type transcriptional regulator ArcR
[07:25:43] Modify product: Probable branched-chain amino acid transport ATP-binding protein LivG => putative branched-chain amino acid transport ATP-binding protein LivG
[07:25:43] Modify product: Probable branched-chain amino acid transport ATP-binding protein LivG => putative branched-chain amino acid transport ATP-binding protein LivG
[07:25:43] Modify product: Probable HTH-type transcriptional regulator ArcR => putative HTH-type transcriptional regulator ArcR
[07:25:43] Modify product: Zinc metalloprotease MJ0392 => Zinc metalloprotease
[07:25:43] Modify product: Probable cyclic pyranopterin monophosphate synthase => putative cyclic pyranopterin monophosphate synthase
[07:25:43] Modify product: Ribosome maturation protein SDO1 homolog => Ribosome maturation protein SDO1 
[07:25:43] Modify product: RNA-binding protein PAB1135 => RNA-binding protein
[07:25:43] Modify product: Uncharacterized protein MJ1198 => putative protein
[07:25:43] Modify product: Probable metalloprotease HVO_1016 => putative metalloprotease
[07:25:43] Modify product: Probable copper-exporting P-type ATPase => putative copper-exporting P-type ATPase
[07:25:43] Modify product: Uncharacterized KH and PIN-domain containing protein MJ1533 => putative KH and PIN-domain containing protein
[07:25:43] Cleaned 87 /product names
[07:25:43] Deleting unwanted file: ../../Data/Chen_Analysis/Prokka/Archaea/GOMC.bin.12136/GOMC.bin.12136.sprot.tmp.3102521.faa
[07:25:43] Deleting unwanted file: ../../Data/Chen_Analysis/Prokka/Archaea/GOMC.bin.12136/GOMC.bin.12136.sprot.tmp.3102521.blast
[07:25:43] There are still 1888 unannotated CDS left (started with 2493)
[07:25:43] Will use hmmer3 to search against /home/joao_facio/miniconda3/envs/prokka/db/hmm/HAMAP.hmm with 4 CPUs
[07:25:43] Running: cat \.\.\/\.\.\/Data\/Chen_Analysis\/Prokka\/Archaea\/GOMC\.bin\.12136\/GOMC\.bin\.12136\.HAMAP\.hmm\.tmp\.3102521\.faa | parallel --gnu --plain -j 4 --block 62483 --recstart '>' --pipe hmmscan --noali --notextw --acc -E 1e-09 --cpu 1 /home/joao_facio/miniconda3/envs/prokka/db/hmm/HAMAP.hmm /dev/stdin > \.\.\/\.\.\/Data\/Chen_Analysis\/Prokka\/Archaea\/GOMC\.bin\.12136\/GOMC\.bin\.12136\.HAMAP\.hmm\.tmp\.3102521\.hmmer3 2> /dev/null
[07:25:57] Modify product: Uncharacterized Nudix hydrolase NudL => putative Nudix hydrolase NudL
[07:25:57] Cleaned 1 /product names
[07:25:57] Deleting unwanted file: ../../Data/Chen_Analysis/Prokka/Archaea/GOMC.bin.12136/GOMC.bin.12136.HAMAP.hmm.tmp.3102521.faa
[07:25:57] Deleting unwanted file: ../../Data/Chen_Analysis/Prokka/Archaea/GOMC.bin.12136/GOMC.bin.12136.HAMAP.hmm.tmp.3102521.hmmer3
[07:25:57] Labelling remaining 1501 proteins as 'hypothetical protein'
[07:25:57] Possible /pseudo 'Vitamin B12 import ATP-binding protein BtuD' at k63_84763 position 6381
[07:25:57] Possible /pseudo 'Putative fluoride ion transporter CrcB' at k63_48624 position 6775
[07:25:57] Possible /pseudo 'D-inositol-3-phosphate glycosyltransferase' at k63_37584 position 7384
[07:25:57] Possible /pseudo 'Fused isobutyryl-CoA mutase' at k63_25423 position 19051
[07:25:57] Possible /pseudo 'Vitamin B12 import ATP-binding protein BtuD' at k63_13906 position 2545
[07:25:57] Possible /pseudo 'Vitamin B12 import ATP-binding protein BtuD' at k63_37897 position 4988
[07:25:57] Possible /pseudo 'Ditrans,polycis-undecaprenyl-diphosphate synthase ((2E,6E)-farnesyl-diphosphate specific)' at k63_44060 position 4083
[07:25:57] Possible /pseudo 'putative branched-chain amino acid transport ATP-binding protein LivG' at k63_23033 position 7353
[07:25:57] Found 578 unique /gene codes.
[07:25:57] Fixed 2 duplicate /gene - hisC_1 hisC_2
[07:25:57] Fixed 3 duplicate /gene - hldD_1 hldD_2 hldD_3
[07:25:57] Fixed 2 duplicate /gene - araD_1 araD_2
[07:25:57] Fixed 2 duplicate /gene - btuF_1 btuF_2
[07:25:57] Fixed 5 duplicate /gene - livG_1 livG_2 livG_3 livG_4 livG_5
[07:25:57] Fixed 8 duplicate /gene - gloB_1 gloB_2 gloB_3 gloB_4 gloB_5 gloB_6 gloB_7 gloB_8
[07:25:57] Fixed 3 duplicate /gene - zupT_1 zupT_2 zupT_3
[07:25:57] Fixed 2 duplicate /gene - trpD_1 trpD_2
[07:25:57] Fixed 2 duplicate /gene - mshA_1 mshA_2
[07:25:57] Fixed 3 duplicate /gene - bamB_1 bamB_2 bamB_3
[07:25:57] Fixed 2 duplicate /gene - gcvT_1 gcvT_2
[07:25:57] Fixed 3 duplicate /gene - cdc6_1 cdc6_2 cdc6_3
[07:25:57] Fixed 2 duplicate /gene - ftsZ1_1 ftsZ1_2
[07:25:57] Fixed 3 duplicate /gene - lutA_1 lutA_2 lutA_3
[07:25:57] Fixed 4 duplicate /gene - malK_1 malK_2 malK_3 malK_4
[07:25:57] Fixed 2 duplicate /gene - tolB_1 tolB_2
[07:25:57] Fixed 2 duplicate /gene - xad_1 xad_2
[07:25:57] Fixed 3 duplicate /gene - nth_1 nth_2 nth_3
[07:25:57] Fixed 2 duplicate /gene - mhpD_1 mhpD_2
[07:25:57] Fixed 2 duplicate /gene - menH_1 menH_2
[07:25:57] Fixed 2 duplicate /gene - eIF1A_1 eIF1A_2
[07:25:57] Fixed 2 duplicate /gene - fieF_1 fieF_2
[07:25:57] Fixed 2 duplicate /gene - bat_1 bat_2
[07:25:57] Fixed 2 duplicate /gene - birA_1 birA_2
[07:25:57] Fixed 3 duplicate /gene - fadA_1 fadA_2 fadA_3
[07:25:57] Fixed 4 duplicate /gene - dadD_1 dadD_2 dadD_3 dadD_4
[07:25:57] Fixed 3 duplicate /gene - argH_1 argH_2 argH_3
[07:25:57] Fixed 2 duplicate /gene - purO_1 purO_2
[07:25:57] Fixed 3 duplicate /gene - ndhB_1 ndhB_2 ndhB_3
[07:25:57] Fixed 2 duplicate /gene - rcsC_1 rcsC_2
[07:25:57] Fixed 2 duplicate /gene - fpoN_1 fpoN_2
[07:25:57] Fixed 2 duplicate /gene - maX1_1 maX1_2
[07:25:57] Fixed 2 duplicate /gene - tgtA_1 tgtA_2
[07:25:57] Fixed 4 duplicate /gene - metE_1 metE_2 metE_3 metE_4
[07:25:57] Fixed 2 duplicate /gene - ppaC_1 ppaC_2
[07:25:57] Fixed 5 duplicate /gene - tfb2_1 tfb2_2 tfb2_3 tfb2_4 tfb2_5
[07:25:57] Fixed 2 duplicate /gene - hcy_1 hcy_2
[07:25:57] Fixed 2 duplicate /gene - xerC_1 xerC_2
[07:25:57] Fixed 2 duplicate /gene - thiL_1 thiL_2
[07:25:57] Fixed 6 duplicate /gene - mdtK_1 mdtK_2 mdtK_3 mdtK_4 mdtK_5 mdtK_6
[07:25:57] Fixed 3 duplicate /gene - mshD_1 mshD_2 mshD_3
[07:25:57] Fixed 2 duplicate /gene - acdBI_1 acdBI_2
[07:25:57] Fixed 10 duplicate /gene - COQ5_1 COQ5_2 COQ5_3 COQ5_4 COQ5_5 COQ5_6 COQ5_7 COQ5_8 COQ5_9 COQ5_10
[07:25:57] Fixed 3 duplicate /gene - adh_1 adh_2 adh_3
[07:25:57] Fixed 7 duplicate /gene - rhaD_1 rhaD_2 rhaD_3 rhaD_4 rhaD_5 rhaD_6 rhaD_7
[07:25:57] Fixed 5 duplicate /gene - arcR_1 arcR_2 arcR_3 arcR_4 arcR_5
[07:25:57] Fixed 2 duplicate /gene - surE1_1 surE1_2
[07:25:57] Fixed 3 duplicate /gene - metZ_1 metZ_2 metZ_3
[07:25:57] Fixed 2 duplicate /gene - hcaD_1 hcaD_2
[07:25:57] Fixed 3 duplicate /gene - icmF_1 icmF_2 icmF_3
[07:25:57] Fixed 3 duplicate /gene - nucS_1 nucS_2 nucS_3
[07:25:57] Fixed 2 duplicate /gene - actP_1 actP_2
[07:25:57] Fixed 2 duplicate /gene - lysX_1 lysX_2
[07:25:57] Fixed 2 duplicate /gene - crcB_1 crcB_2
[07:25:57] Fixed 2 duplicate /gene - car_1 car_2
[07:25:57] Fixed 2 duplicate /gene - nadK_1 nadK_2
[07:25:57] Fixed 22 duplicate /gene - btuD_1 btuD_2 btuD_3 btuD_4 btuD_5 btuD_6 btuD_7 btuD_8 btuD_9 btuD_10 btuD_11 btuD_12 btuD_13 btuD_14 btuD_15 btuD_16 btuD_17 btuD_18 btuD_19 btuD_20 btuD_21 btuD_22
[07:25:57] Fixed 2 duplicate /gene - mutS2_1 mutS2_2
[07:25:57] Fixed 2 duplicate /gene - gad_1 gad_2
[07:25:57] Fixed 2 duplicate /gene - mobA_1 mobA_2
[07:25:57] Fixed 2 duplicate /gene - rfcS_1 rfcS_2
[07:25:57] Fixed 2 duplicate /gene - uppS_1 uppS_2
[07:25:57] Fixed 2 duplicate /gene - basB_1 basB_2
[07:25:57] Fixed 2 duplicate /gene - copA_1 copA_2
[07:25:57] Fixed 2 duplicate /gene - pccB_1 pccB_2
[07:25:57] Fixed 2 duplicate /gene - obg_1 obg_2
[07:25:57] Fixed 2 duplicate /gene - hly_1 hly_2
[07:25:57] Fixed 2 duplicate /gene - dapH_1 dapH_2
[07:25:57] Fixed 2 duplicate /gene - thi4_1 thi4_2
[07:25:57] Fixed 2 duplicate /gene - pyrE_1 pyrE_2
[07:25:57] Fixed 2 duplicate /gene - dapA_1 dapA_2
[07:25:57] Fixed 3 duplicate /gene - smc_1 smc_2 smc_3
[07:25:57] Fixed 2 duplicate /gene - pepQ_1 pepQ_2
[07:25:57] Fixed 6 duplicate /gene - petE_1 petE_2 petE_3 petE_4 petE_5 petE_6
[07:25:57] Fixed 2 duplicate /gene - nasA_1 nasA_2
[07:25:57] Fixed 2 duplicate /gene - tssA_1 tssA_2
[07:25:57] Fixed 5 duplicate /gene - caiA_1 caiA_2 caiA_3 caiA_4 caiA_5
[07:25:57] Fixed 4 duplicate /gene - acsA_1 acsA_2 acsA_3 acsA_4
[07:25:57] Fixed 2 duplicate /gene - pqqE_1 pqqE_2
[07:25:57] Fixed 2 duplicate /gene - btuC_1 btuC_2
[07:25:57] Fixed 2 duplicate /gene - argE_1 argE_2
[07:25:57] Fixed 2 duplicate /gene - mer_1 mer_2
[07:25:57] Fixed 2 duplicate /gene - asd_1 asd_2
[07:25:57] Fixed 2 duplicate /gene - hisF_1 hisF_2
[07:25:57] Fixed 2 duplicate /gene - dnaJ_1 dnaJ_2
[07:25:57] Fixed 2 duplicate /gene - tuf_1 tuf_2
[07:25:57] Fixed 3 duplicate /gene - mntR_1 mntR_2 mntR_3
[07:25:57] Fixed 3 duplicate /gene - metXA_1 metXA_2 metXA_3
[07:25:57] Fixed 4 duplicate /gene - IMPDH_1 IMPDH_2 IMPDH_3 IMPDH_4
[07:25:57] Fixed 2 duplicate /gene - dacZ_1 dacZ_2
[07:25:57] Fixed 2 duplicate /gene - kaiC_1 kaiC_2
[07:25:57] Fixed 2 duplicate /gene - coxA2_1 coxA2_2
[07:25:57] Fixed 2 duplicate /gene - lysJ_1 lysJ_2
[07:25:57] Fixed 2 duplicate /gene - gshA_1 gshA_2
[07:25:57] Fixed 2 duplicate /gene - gdhA1_1 gdhA1_2
[07:25:57] Fixed 2 duplicate /gene - hcaB_1 hcaB_2
[07:25:57] Fixed 2 duplicate /gene - OLA1_1 OLA1_2
[07:25:57] Fixed 2 duplicate /gene - nasD_1 nasD_2
[07:25:57] Fixed 3 duplicate /gene - kefC_1 kefC_2 kefC_3
[07:25:57] Fixed 2 duplicate /gene - aglJ_1 aglJ_2
[07:25:57] Fixed 2 duplicate /gene - tpx_1 tpx_2
[07:25:57] Fixed 2 duplicate /gene - glpE_1 glpE_2
[07:25:57] Fixed 2 duplicate /gene - lpdA_1 lpdA_2
[07:25:57] Fixed 2 duplicate /gene - menF_1 menF_2
[07:25:57] Fixed 2 duplicate /gene - prmC_1 prmC_2
[07:25:57] Fixed 2 duplicate /gene - ileS_1 ileS_2
[07:25:57] Fixed 3 duplicate /gene - cysG_1 cysG_2 cysG_3
[07:25:57] Fixed 2 duplicate /gene - purD_1 purD_2
[07:25:57] Fixed 3 duplicate /gene - htpX_1 htpX_2 htpX_3
[07:25:57] Fixed 14 duplicate /gene - sasA_1 sasA_2 sasA_3 sasA_4 sasA_5 sasA_6 sasA_7 sasA_8 sasA_9 sasA_10 sasA_11 sasA_12 sasA_13 sasA_14
[07:25:57] Fixed 2 duplicate /gene - thrC_1 thrC_2
[07:25:57] Fixed 2 duplicate /gene - ala_1 ala_2
[07:25:57] Fixed 2 duplicate /gene - phnW_1 phnW_2
[07:25:57] Fixed 2 duplicate /gene - hpt_1 hpt_2
[07:25:57] Fixed 2 duplicate /gene - aor_1 aor_2
[07:25:57] Fixed 4 duplicate /gene - rssB_1 rssB_2 rssB_3 rssB_4
[07:25:57] Fixed 2 duplicate /gene - fadJ_1 fadJ_2
[07:25:57] Fixed 6 duplicate /gene - gph_1 gph_2 gph_3 gph_4 gph_5 gph_6
[07:25:57] Fixed 118 colliding /gene names.
[07:25:57] Adding /locus_tag identifiers
[07:25:57] Assigned 2528 locus_tags to CDS and RNA features.
[07:25:57] Writing outputs to ../../Data/Chen_Analysis/Prokka/Archaea/GOMC.bin.12136/
[07:25:57] Generating annotation statistics file
[07:25:57] Generating Genbank and Sequin files
[07:25:57] Running: tbl2asn -V b -a r10k -l paired-ends -M n -N 1 -y 'Annotated using prokka 1.14.6 from https://github.com/tseemann/prokka' -Z \.\.\/\.\.\/Data\/Chen_Analysis\/Prokka\/Archaea\/GOMC\.bin\.12136\/GOMC\.bin\.12136\.err -i \.\.\/\.\.\/Data\/Chen_Analysis\/Prokka\/Archaea\/GOMC\.bin\.12136\/GOMC\.bin\.12136\.fsa 2> /dev/null
[07:26:00] Deleting unwanted file: ../../Data/Chen_Analysis/Prokka/Archaea/GOMC.bin.12136/errorsummary.val
[07:26:00] Deleting unwanted file: ../../Data/Chen_Analysis/Prokka/Archaea/GOMC.bin.12136/GOMC.bin.12136.dr
[07:26:00] Deleting unwanted file: ../../Data/Chen_Analysis/Prokka/Archaea/GOMC.bin.12136/GOMC.bin.12136.fixedproducts
[07:26:00] Deleting unwanted file: ../../Data/Chen_Analysis/Prokka/Archaea/GOMC.bin.12136/GOMC.bin.12136.ecn
[07:26:00] Deleting unwanted file: ../../Data/Chen_Analysis/Prokka/Archaea/GOMC.bin.12136/GOMC.bin.12136.val
[07:26:00] Repairing broken .GBK output that tbl2asn produces...
[07:26:00] Running: sed 's/COORDINATES: profile/COORDINATES:profile/' < \.\.\/\.\.\/Data\/Chen_Analysis\/Prokka\/Archaea\/GOMC\.bin\.12136\/GOMC\.bin\.12136\.gbf > \.\.\/\.\.\/Data\/Chen_Analysis\/Prokka\/Archaea\/GOMC\.bin\.12136\/GOMC\.bin\.12136\.gbk
[07:26:00] Deleting unwanted file: ../../Data/Chen_Analysis/Prokka/Archaea/GOMC.bin.12136/GOMC.bin.12136.gbf
[07:26:00] Output files:
[07:26:00] ../../Data/Chen_Analysis/Prokka/Archaea/GOMC.bin.12136/GOMC.bin.12136.ffn
[07:26:00] ../../Data/Chen_Analysis/Prokka/Archaea/GOMC.bin.12136/GOMC.bin.12136.sqn
[07:26:00] ../../Data/Chen_Analysis/Prokka/Archaea/GOMC.bin.12136/GOMC.bin.12136.gff
[07:26:00] ../../Data/Chen_Analysis/Prokka/Archaea/GOMC.bin.12136/GOMC.bin.12136.txt
[07:26:00] ../../Data/Chen_Analysis/Prokka/Archaea/GOMC.bin.12136/GOMC.bin.12136.err
[07:26:00] ../../Data/Chen_Analysis/Prokka/Archaea/GOMC.bin.12136/GOMC.bin.12136.fsa
[07:26:00] ../../Data/Chen_Analysis/Prokka/Archaea/GOMC.bin.12136/GOMC.bin.12136.faa
[07:26:00] ../../Data/Chen_Analysis/Prokka/Archaea/GOMC.bin.12136/GOMC.bin.12136.tsv
[07:26:00] ../../Data/Chen_Analysis/Prokka/Archaea/GOMC.bin.12136/GOMC.bin.12136.tbl
[07:26:00] ../../Data/Chen_Analysis/Prokka/Archaea/GOMC.bin.12136/GOMC.bin.12136.log
[07:26:00] ../../Data/Chen_Analysis/Prokka/Archaea/GOMC.bin.12136/GOMC.bin.12136.gbk
[07:26:00] ../../Data/Chen_Analysis/Prokka/Archaea/GOMC.bin.12136/GOMC.bin.12136.fna
[07:26:00] Annotation finished successfully.
[07:26:00] Walltime used: 0.47 minutes
[07:26:00] If you use this result please cite the Prokka paper:
[07:26:00] Seemann T (2014) Prokka: rapid prokaryotic genome annotation. Bioinformatics. 30(14):2068-9.
[07:26:00] Type 'prokka --citation' for more details.
[07:26:00] Thank you, come again.
