[07:23:21] This is prokka 1.14.6
[07:23:21] Written by Torsten Seemann <torsten.seemann@gmail.com>
[07:23:21] Homepage is https://github.com/tseemann/prokka
[07:23:21] Local time is Mon Dec  1 07:23:21 2025
[07:23:21] You are joao_facio
[07:23:21] Operating system is linux
[07:23:21] You have BioPerl 1.7.8
[07:23:21] System has 12 cores.
[07:23:21] Will use maximum of 4 cores.
[07:23:21] Annotating as >>> Archaea <<<
[07:23:21] Generating locus_tag from '/tmp/tmp6gns85ah/GOMC.bin.93.fa' contents.
[07:23:21] Setting --locustag DPOCDECH from MD5 d98cdec14fa30882c3609ef105b0a217
[07:23:21] Creating new output folder: ../../Data/Chen_Analysis/Prokka/Archaea/GOMC.bin.93
[07:23:21] Running: mkdir -p \.\.\/\.\.\/Data\/Chen_Analysis\/Prokka\/Archaea\/GOMC\.bin\.93
[07:23:21] Using filename prefix: GOMC.bin.93.XXX
[07:23:21] Setting HMMER_NCPU=1
[07:23:21] Writing log to: ../../Data/Chen_Analysis/Prokka/Archaea/GOMC.bin.93/GOMC.bin.93.log
[07:23:21] Command: /home/joao_facio/miniconda3/envs/prokka/bin/prokka --outdir ../../Data/Chen_Analysis/Prokka/Archaea/GOMC.bin.93 --prefix GOMC.bin.93 --kingdom Archaea --genus JAADDK01 --strain GOMC.bin.93 --cpus 4 --force /tmp/tmp6gns85ah/GOMC.bin.93.fa
[07:23:21] Appending to PATH: /home/joao_facio/miniconda3/envs/prokka/bin
[07:23:21] Looking for 'aragorn' - found /home/joao_facio/miniconda3/envs/prokka/bin/aragorn
[07:23:21] Determined aragorn version is 001002 from 'ARAGORN v1.2.41 Dean Laslett'
[07:23:21] Looking for 'barrnap' - found /home/joao_facio/miniconda3/envs/prokka/bin/barrnap
[07:23:21] Determined barrnap version is 000009 from 'barrnap 0.9'
[07:23:21] Looking for 'blastp' - found /home/joao_facio/miniconda3/envs/prokka/bin/blastp
[07:23:21] Determined blastp version is 002016 from 'blastp: 2.16.0+'
[07:23:21] Looking for 'cmpress' - found /home/joao_facio/miniconda3/envs/prokka/bin/cmpress
[07:23:21] Determined cmpress version is 001001 from '# INFERNAL 1.1.5 (Sep 2023)'
[07:23:21] Looking for 'cmscan' - found /home/joao_facio/miniconda3/envs/prokka/bin/cmscan
[07:23:21] Determined cmscan version is 001001 from '# INFERNAL 1.1.5 (Sep 2023)'
[07:23:21] Looking for 'egrep' - found /usr/bin/egrep
[07:23:21] Looking for 'find' - found /usr/bin/find
[07:23:21] Looking for 'grep' - found /usr/bin/grep
[07:23:21] Looking for 'hmmpress' - found /home/joao_facio/miniconda3/envs/prokka/bin/hmmpress
[07:23:21] Determined hmmpress version is 003004 from '# HMMER 3.4 (Aug 2023); http://hmmer.org/'
[07:23:21] Looking for 'hmmscan' - found /home/joao_facio/miniconda3/envs/prokka/bin/hmmscan
[07:23:21] Determined hmmscan version is 003004 from '# HMMER 3.4 (Aug 2023); http://hmmer.org/'
[07:23:21] Looking for 'java' - found /home/joao_facio/miniconda3/envs/prokka/bin/java
[07:23:21] Looking for 'makeblastdb' - found /home/joao_facio/miniconda3/envs/prokka/bin/makeblastdb
[07:23:21] Determined makeblastdb version is 002016 from 'makeblastdb: 2.16.0+'
[07:23:21] Looking for 'minced' - found /home/joao_facio/miniconda3/envs/prokka/bin/minced
[07:23:21] Determined minced version is 004002 from 'minced 0.4.2'
[07:23:21] Looking for 'parallel' - found /home/joao_facio/miniconda3/envs/prokka/bin/parallel
[07:23:21] Determined parallel version is 20251122 from 'GNU parallel 20251122'
[07:23:21] Looking for 'prodigal' - found /home/joao_facio/miniconda3/envs/prokka/bin/prodigal
[07:23:21] Determined prodigal version is 002006 from 'Prodigal V2.6.3: February, 2016'
[07:23:21] Looking for 'prokka-genbank_to_fasta_db' - found /home/joao_facio/miniconda3/envs/prokka/bin/prokka-genbank_to_fasta_db
[07:23:21] Looking for 'sed' - found /usr/bin/sed
[07:23:21] Looking for 'tbl2asn' - found /home/joao_facio/miniconda3/envs/prokka/bin/tbl2asn
[07:23:21] Determined tbl2asn version is 025007 from 'tbl2asn 25.7   arguments:'
[07:23:21] Using genetic code table 11.
[07:23:21] Loading and checking input file: /tmp/tmp6gns85ah/GOMC.bin.93.fa
[07:23:21] Wrote 266 contigs totalling 1425102 bp.
[07:23:21] Predicting tRNAs and tmRNAs
[07:23:21] Running: aragorn -l -gc11  -w \.\.\/\.\.\/Data\/Chen_Analysis\/Prokka\/Archaea\/GOMC\.bin\.93\/GOMC\.bin\.93\.fna
[07:23:21] 1 tRNA-Lys c[3042,3116] 35 (ttt)
[07:23:21] 1 tRNA-Leu c[1854,1938] 37 (cag)
[07:23:21] 1 tRNA-Arg c[210,284] 36 (gcg)
[07:23:21] 1 tRNA-Asp [7323,7396] 35 (gtc)
[07:23:21] 1 tRNA-His [331,403] 34 (gtg)
[07:23:21] 1 tRNA-Thr [169,243] 35 (cgt)
[07:23:21] 1 tRNA-Arg [3536,3611] 36 (tct)
[07:23:21] 1 tRNA-Ser c[4223,4307] 35 (cga)
[07:23:21] 1 tRNA-Ala [87,161] 35 (cgc)
[07:23:21] 1 tmRNA* c[4227,4858] 446,541 APSISILPAVATSKWGNFLIFSLIQSTFFAS*
[07:23:21] tRNA/tmRNA c[4227,4858] is too big (>500bp) - skipping.
[07:23:21] 2 tRNA-Pro c[4765,4841] 37 (tgg)
[07:23:21] 1 tRNA-Gly [8185,8258] 35 (gcc)
[07:23:21] 1 tRNA-Leu c[38,123] 37 (taa)
[07:23:21] 1 tRNA-Val [-3,70] 34 (cac)
[07:23:21] 1 tRNA-Ala c[70,144] 35 (tgc)
[07:23:21] 1 tRNA-Pro c[21172,21246] 37 (tgg)
[07:23:21] 1 tRNA-Lys c[299,373] 35 (ctt)
[07:23:21] 1 tRNA-Thr [998,1072] 35 (tgt)
[07:23:21] 1 tRNA-Gln [101,174] 35 (ttg)
[07:23:21] 1 tRNA-Ser [1337,1421] 33 (gga)
[07:23:21] 1 tRNA-Arg [3493,3567] 36 (tcg)
[07:23:21] Found 20 tRNAs
[07:23:21] Predicting Ribosomal RNAs
[07:23:21] Running Barrnap with 4 threads
[07:23:22] 1 ERR1679394_k53_719203_1 2 5S ribosomal RNA (partial)
[07:23:22] 2 ERR1679394_k53_721926_1 2 5S ribosomal RNA (partial)
[07:23:22] Found 2 rRNAs
[07:23:22] Skipping ncRNA search, enable with --rfam if desired.
[07:23:22] Total of 22 tRNA + rRNA features
[07:23:22] Searching for CRISPR repeats
[07:23:22] CRISPR1 ERR1679394_k53_1593425_1 44 with 4 spacers
[07:23:22] Found 1 CRISPRs
[07:23:22] Predicting coding sequences
[07:23:22] Contigs total 1425102 bp, so using single mode
[07:23:22] Running: prodigal -i \.\.\/\.\.\/Data\/Chen_Analysis\/Prokka\/Archaea\/GOMC\.bin\.93\/GOMC\.bin\.93\.fna -c -m -g 11 -p single -f sco -q
[07:23:23] Excluding CDS which overlaps existing RNA (tRNA) at ERR1679394_k53_767599_1:125..520 on + strand
[07:23:23] Excluding CDS which overlaps existing RNA (tRNA) at ERR1679394_k53_916349_1:3704..4765 on + strand
[07:23:23] Found 1436 CDS
[07:23:23] Connecting features back to sequences
[07:23:23] Not using genus-specific database. Try --usegenus to enable it.
[07:23:23] Annotating CDS, please be patient.
[07:23:23] Will use 4 CPUs for similarity searching.
[07:23:23] There are still 1436 unannotated CDS left (started with 1436)
[07:23:23] Will use blast to search against /home/joao_facio/miniconda3/envs/prokka/db/kingdom/Archaea/sprot with 4 CPUs
[07:23:23] Running: cat \.\.\/\.\.\/Data\/Chen_Analysis\/Prokka\/Archaea\/GOMC\.bin\.93\/GOMC\.bin\.93\.sprot\.tmp\.3089652\.faa | parallel --gnu --plain -j 4 --block 49848 --recstart '>' --pipe blastp -query - -db /home/joao_facio/miniconda3/envs/prokka/db/kingdom/Archaea/sprot -evalue 1e-09 -qcov_hsp_perc 80 -num_threads 1 -num_descriptions 1 -num_alignments 1 -seg no > \.\.\/\.\.\/Data\/Chen_Analysis\/Prokka\/Archaea\/GOMC\.bin\.93\/GOMC\.bin\.93\.sprot\.tmp\.3089652\.blast 2> /dev/null
[07:23:25] Modify product: UPF0273 protein PH0284 => hypothetical protein
[07:23:25] Modify product: UPF0147 protein Ta0600 => hypothetical protein
[07:23:25] Modify product: Zinc metalloprotease TldD homolog => Zinc metalloprotease TldD 
[07:23:25] Modify product: Uncharacterized protein MJ1187 => putative protein
[07:23:25] Modify product: UPF0273 protein PH0284 => hypothetical protein
[07:23:25] Modify product: Probable aminomethyltransferase => putative aminomethyltransferase
[07:23:25] Modify product: RNA-binding protein PAB1135 => RNA-binding protein
[07:23:25] Modify product: Bifunctional protein FolD => Bifunctional protein FolD protein
[07:23:25] Modify product: Deglycase PH1704 => Deglycase
[07:23:25] Modify product: ADP-ribose glycohydrolase AF_1521 => ADP-ribose glycohydrolase
[07:23:25] Modify product: UPF0273 protein PH0284 => hypothetical protein
[07:23:25] Modify product: Probable thymidylate kinase => putative thymidylate kinase
[07:23:25] Modify product: Uncharacterized protein MJ1225 => putative protein
[07:23:25] Modify product: Probable cyclic pyranopterin monophosphate synthase => putative cyclic pyranopterin monophosphate synthase
[07:23:25] Modify product: Probable tRNA pseudouridine synthase D => putative tRNA pseudouridine synthase D
[07:23:25] Modify product: Uncharacterized KH and PIN-domain containing protein MJ1533 => putative KH and PIN-domain containing protein
[07:23:25] Modify product: Chlorinase MJ1651 => Chlorinase
[07:23:25] Modify product: Zinc metalloprotease TldD homolog => Zinc metalloprotease TldD 
[07:23:25] Modify product: Uncharacterized ABC transporter ATP-binding protein MJ0796 => putative ABC transporter ATP-binding protein
[07:23:25] Modify product: Damage-control phosphatase AF_1104 => Damage-control phosphatase
[07:23:25] Modify product: Protein translation factor SUI1 homolog => Protein translation factor SUI1 
[07:23:25] Modify product: UPF0045 protein MJ1052 => hypothetical protein
[07:23:25] Modify product: UPF0273 protein PH0284 => hypothetical protein
[07:23:25] Modify product: UPF0273 protein PH0284 => hypothetical protein
[07:23:25] Modify product: Protein pelota homolog => Protein pelota 
[07:23:25] Modify product: UPF0215 protein AF_1433 => hypothetical protein
[07:23:25] Modify product: Probable ribosome biogenesis protein SSO0551 => putative ribosome biogenesis protein
[07:23:25] Modify product: UPF0273 protein PH0284 => hypothetical protein
[07:23:25] Modify product: UPF0273 protein PH0284 => hypothetical protein
[07:23:25] Modify product: Probable transaldolase => putative transaldolase
[07:23:25] Modify product: Probable metalloprotease HVO_1016 => putative metalloprotease
[07:23:25] Modify product: Probable translation initiation factor IF-2 => putative translation initiation factor IF-2
[07:23:25] Modify product: Universal stress protein MJ0577 => Universal stress protein
[07:23:25] Modify product: Probable branched-chain amino acid transport ATP-binding protein LivG => putative branched-chain amino acid transport ATP-binding protein LivG
[07:23:25] Modify product: Trk system potassium uptake protein TrkA homolog => Trk system potassium uptake protein TrkA 
[07:23:25] Modify product: Protein PH0010 => Protein
[07:23:25] Modify product: Uncharacterized protein MJ0039 => putative protein
[07:23:26] Modify product: Ribosome maturation protein SDO1 homolog => Ribosome maturation protein SDO1 
[07:23:26] Modify product: UPF0107 protein AF_0055 => hypothetical protein
[07:23:26] Modify product: Probable 6-oxopurine nucleoside phosphorylase => putative 6-oxopurine nucleoside phosphorylase
[07:23:26] Modify product: UPF0200/UPF0201 protein AF_1395 => hypothetical protein
[07:23:26] Modify product: Uncharacterized protein AF_1796 => putative protein
[07:23:26] Modify product: DNA-binding protein MTH_1615 => DNA-binding protein
[07:23:26] Modify product: Putative ammonium transporter MJ1343 => Putative ammonium transporter
[07:23:26] Modify product: Probable L-aspartate dehydrogenase => putative L-aspartate dehydrogenase
[07:23:26] Modify product: UPF0273 protein PH0284 => hypothetical protein
[07:23:26] Modify product: ATP-dependent DNA helicase Ta0057 => ATP-dependent DNA helicase
[07:23:26] Modify product: UPF0235 protein MTH_637 => hypothetical protein
[07:23:26] Modify product: Probable bifunctional tRNA threonylcarbamoyladenosine biosynthesis protein => putative bifunctional tRNA threonylcarbamoyladenosine biosynthesis protein
[07:23:26] Modify product: Sugar fermentation stimulation protein homolog => Sugar fermentation stimulation protein 
[07:23:26] Modify product: Probable ATP-dependent RNA helicase MJ0669 => putative ATP-dependent RNA helicase
[07:23:26] Modify product: Probable deoxyhypusine synthase => putative deoxyhypusine synthase
[07:23:26] Modify product: GPN-loop GTPase PAB0955 => GPN-loop GTPase
[07:23:26] Modify product: Uncharacterized HTH-type transcriptional regulator PH0140 => putative HTH-type transcriptional regulator
[07:23:26] Modify product: Probable ribosomal RNA small subunit methyltransferase A => putative ribosomal RNA small subunit methyltransferase A
[07:23:26] Cleaned 55 /product names
[07:23:26] Deleting unwanted file: ../../Data/Chen_Analysis/Prokka/Archaea/GOMC.bin.93/GOMC.bin.93.sprot.tmp.3089652.faa
[07:23:26] Deleting unwanted file: ../../Data/Chen_Analysis/Prokka/Archaea/GOMC.bin.93/GOMC.bin.93.sprot.tmp.3089652.blast
[07:23:26] There are still 1003 unannotated CDS left (started with 1436)
[07:23:26] Will use hmmer3 to search against /home/joao_facio/miniconda3/envs/prokka/db/hmm/HAMAP.hmm with 4 CPUs
[07:23:26] Running: cat \.\.\/\.\.\/Data\/Chen_Analysis\/Prokka\/Archaea\/GOMC\.bin\.93\/GOMC\.bin\.93\.HAMAP\.hmm\.tmp\.3089652\.faa | parallel --gnu --plain -j 4 --block 33931 --recstart '>' --pipe hmmscan --noali --notextw --acc -E 1e-09 --cpu 1 /home/joao_facio/miniconda3/envs/prokka/db/hmm/HAMAP.hmm /dev/stdin > \.\.\/\.\.\/Data\/Chen_Analysis\/Prokka\/Archaea\/GOMC\.bin\.93\/GOMC\.bin\.93\.HAMAP\.hmm\.tmp\.3089652\.hmmer3 2> /dev/null
[07:23:34] Deleting unwanted file: ../../Data/Chen_Analysis/Prokka/Archaea/GOMC.bin.93/GOMC.bin.93.HAMAP.hmm.tmp.3089652.faa
[07:23:34] Deleting unwanted file: ../../Data/Chen_Analysis/Prokka/Archaea/GOMC.bin.93/GOMC.bin.93.HAMAP.hmm.tmp.3089652.hmmer3
[07:23:34] Labelling remaining 835 proteins as 'hypothetical protein'
[07:23:34] Possible /pseudo '1-deoxy-D-xylulose-5-phosphate synthase' at ERR1679394_k53_1680858_1 position 3689
[07:23:34] Found 394 unique /gene codes.
[07:23:34] Fixed 2 duplicate /gene - MCM_1 MCM_2
[07:23:34] Fixed 2 duplicate /gene - mntR_1 mntR_2
[07:23:34] Fixed 2 duplicate /gene - pqqE_1 pqqE_2
[07:23:34] Fixed 5 duplicate /gene - bepA_1 bepA_2 bepA_3 bepA_4 bepA_5
[07:23:34] Fixed 2 duplicate /gene - tgtA_1 tgtA_2
[07:23:34] Fixed 2 duplicate /gene - flaH_1 flaH_2
[07:23:34] Fixed 2 duplicate /gene - aspS_1 aspS_2
[07:23:34] Fixed 4 duplicate /gene - bamB_1 bamB_2 bamB_3 bamB_4
[07:23:34] Fixed 6 duplicate /gene - btuD_1 btuD_2 btuD_3 btuD_4 btuD_5 btuD_6
[07:23:34] Fixed 4 duplicate /gene - aor_1 aor_2 aor_3 aor_4
[07:23:34] Fixed 2 duplicate /gene - ndhI_1 ndhI_2
[07:23:34] Fixed 3 duplicate /gene - leuC_1 leuC_2 leuC_3
[07:23:34] Fixed 2 duplicate /gene - glyA_1 glyA_2
[07:23:34] Fixed 2 duplicate /gene - pyrE_1 pyrE_2
[07:23:34] Fixed 2 duplicate /gene - hutI_1 hutI_2
[07:23:34] Fixed 2 duplicate /gene - herA_1 herA_2
[07:23:34] Fixed 2 duplicate /gene - ndhK_1 ndhK_2
[07:23:34] Fixed 4 duplicate /gene - IMPDH_1 IMPDH_2 IMPDH_3 IMPDH_4
[07:23:34] Fixed 3 duplicate /gene - rhaD_1 rhaD_2 rhaD_3
[07:23:34] Fixed 3 duplicate /gene - dbpA_1 dbpA_2 dbpA_3
[07:23:34] Fixed 4 duplicate /gene - smc_1 smc_2 smc_3 smc_4
[07:23:34] Fixed 2 duplicate /gene - rutB_1 rutB_2
[07:23:34] Fixed 2 duplicate /gene - ftsZ1_1 ftsZ1_2
[07:23:34] Fixed 3 duplicate /gene - miaB_1 miaB_2 miaB_3
[07:23:34] Fixed 2 duplicate /gene - obg_1 obg_2
[07:23:34] Fixed 3 duplicate /gene - kaiC_1 kaiC_2 kaiC_3
[07:23:34] Fixed 4 duplicate /gene - ftsZ_1 ftsZ_2 ftsZ_3 ftsZ_4
[07:23:34] Fixed 2 duplicate /gene - ileS_1 ileS_2
[07:23:34] Fixed 2 duplicate /gene - menH_1 menH_2
[07:23:34] Fixed 2 duplicate /gene - glcV_1 glcV_2
[07:23:34] Fixed 2 duplicate /gene - queE_1 queE_2
[07:23:34] Fixed 2 duplicate /gene - ycf3_1 ycf3_2
[07:23:34] Fixed 2 duplicate /gene - cysH_1 cysH_2
[07:23:34] Fixed 2 duplicate /gene - pepQ_1 pepQ_2
[07:23:34] Fixed 2 duplicate /gene - dadD_1 dadD_2
[07:23:34] Fixed 2 duplicate /gene - ndhB_1 ndhB_2
[07:23:34] Fixed 2 duplicate /gene - ycdX_1 ycdX_2
[07:23:34] Fixed 3 duplicate /gene - leuD_1 leuD_2 leuD_3
[07:23:34] Fixed 2 duplicate /gene - dxs_1 dxs_2
[07:23:34] Fixed 2 duplicate /gene - tldD_1 tldD_2
[07:23:34] Fixed 2 duplicate /gene - fpoN_1 fpoN_2
[07:23:34] Fixed 4 duplicate /gene - moaA_1 moaA_2 moaA_3 moaA_4
[07:23:34] Fixed 42 colliding /gene names.
[07:23:34] Adding /locus_tag identifiers
[07:23:34] Assigned 1458 locus_tags to CDS and RNA features.
[07:23:34] Writing outputs to ../../Data/Chen_Analysis/Prokka/Archaea/GOMC.bin.93/
[07:23:34] Generating annotation statistics file
[07:23:34] Generating Genbank and Sequin files
[07:23:34] Running: tbl2asn -V b -a r10k -l paired-ends -M n -N 1 -y 'Annotated using prokka 1.14.6 from https://github.com/tseemann/prokka' -Z \.\.\/\.\.\/Data\/Chen_Analysis\/Prokka\/Archaea\/GOMC\.bin\.93\/GOMC\.bin\.93\.err -i \.\.\/\.\.\/Data\/Chen_Analysis\/Prokka\/Archaea\/GOMC\.bin\.93\/GOMC\.bin\.93\.fsa 2> /dev/null
[07:23:35] Deleting unwanted file: ../../Data/Chen_Analysis/Prokka/Archaea/GOMC.bin.93/errorsummary.val
[07:23:35] Deleting unwanted file: ../../Data/Chen_Analysis/Prokka/Archaea/GOMC.bin.93/GOMC.bin.93.dr
[07:23:35] Deleting unwanted file: ../../Data/Chen_Analysis/Prokka/Archaea/GOMC.bin.93/GOMC.bin.93.fixedproducts
[07:23:35] Deleting unwanted file: ../../Data/Chen_Analysis/Prokka/Archaea/GOMC.bin.93/GOMC.bin.93.ecn
[07:23:35] Deleting unwanted file: ../../Data/Chen_Analysis/Prokka/Archaea/GOMC.bin.93/GOMC.bin.93.val
[07:23:35] Repairing broken .GBK output that tbl2asn produces...
[07:23:35] Running: sed 's/COORDINATES: profile/COORDINATES:profile/' < \.\.\/\.\.\/Data\/Chen_Analysis\/Prokka\/Archaea\/GOMC\.bin\.93\/GOMC\.bin\.93\.gbf > \.\.\/\.\.\/Data\/Chen_Analysis\/Prokka\/Archaea\/GOMC\.bin\.93\/GOMC\.bin\.93\.gbk
[07:23:35] Deleting unwanted file: ../../Data/Chen_Analysis/Prokka/Archaea/GOMC.bin.93/GOMC.bin.93.gbf
[07:23:35] Output files:
[07:23:35] ../../Data/Chen_Analysis/Prokka/Archaea/GOMC.bin.93/GOMC.bin.93.tsv
[07:23:35] ../../Data/Chen_Analysis/Prokka/Archaea/GOMC.bin.93/GOMC.bin.93.txt
[07:23:35] ../../Data/Chen_Analysis/Prokka/Archaea/GOMC.bin.93/GOMC.bin.93.tbl
[07:23:35] ../../Data/Chen_Analysis/Prokka/Archaea/GOMC.bin.93/GOMC.bin.93.fna
[07:23:35] ../../Data/Chen_Analysis/Prokka/Archaea/GOMC.bin.93/GOMC.bin.93.gff
[07:23:35] ../../Data/Chen_Analysis/Prokka/Archaea/GOMC.bin.93/GOMC.bin.93.sqn
[07:23:35] ../../Data/Chen_Analysis/Prokka/Archaea/GOMC.bin.93/GOMC.bin.93.ffn
[07:23:35] ../../Data/Chen_Analysis/Prokka/Archaea/GOMC.bin.93/GOMC.bin.93.gbk
[07:23:35] ../../Data/Chen_Analysis/Prokka/Archaea/GOMC.bin.93/GOMC.bin.93.log
[07:23:35] ../../Data/Chen_Analysis/Prokka/Archaea/GOMC.bin.93/GOMC.bin.93.faa
[07:23:35] ../../Data/Chen_Analysis/Prokka/Archaea/GOMC.bin.93/GOMC.bin.93.fsa
[07:23:35] ../../Data/Chen_Analysis/Prokka/Archaea/GOMC.bin.93/GOMC.bin.93.err
[07:23:35] Annotation finished successfully.
[07:23:35] Walltime used: 0.23 minutes
[07:23:35] If you use this result please cite the Prokka paper:
[07:23:35] Seemann T (2014) Prokka: rapid prokaryotic genome annotation. Bioinformatics. 30(14):2068-9.
[07:23:35] Type 'prokka --citation' for more details.
[07:23:35] Thank you, come again.
