[10:58:47] This is prokka 1.14.6
[10:58:47] Written by Torsten Seemann <torsten.seemann@gmail.com>
[10:58:47] Homepage is https://github.com/tseemann/prokka
[10:58:47] Local time is Mon Dec  1 10:58:47 2025
[10:58:47] You are joao_facio
[10:58:47] Operating system is linux
[10:58:47] You have BioPerl 1.7.8
[10:58:47] System has 12 cores.
[10:58:47] Will use maximum of 4 cores.
[10:58:47] Annotating as >>> Bacteria <<<
[10:58:47] Generating locus_tag from '/tmp/tmp6gns85ah/GOMC.bin.9138.fa' contents.
[10:58:47] Setting --locustag JOAPNLFP from MD5 38a975f9994a2ae9473cd160cc12286a
[10:58:47] Creating new output folder: ../../Data/Chen_Analysis/Prokka/Bacteria/GOMC.bin.9138
[10:58:47] Running: mkdir -p \.\.\/\.\.\/Data\/Chen_Analysis\/Prokka\/Bacteria\/GOMC\.bin\.9138
[10:58:47] Using filename prefix: GOMC.bin.9138.XXX
[10:58:47] Setting HMMER_NCPU=1
[10:58:47] Writing log to: ../../Data/Chen_Analysis/Prokka/Bacteria/GOMC.bin.9138/GOMC.bin.9138.log
[10:58:47] Command: /home/joao_facio/miniconda3/envs/prokka/bin/prokka --outdir ../../Data/Chen_Analysis/Prokka/Bacteria/GOMC.bin.9138 --prefix GOMC.bin.9138 --kingdom Bacteria --genus CR02bin9 --strain GOMC.bin.9138 --cpus 4 --force /tmp/tmp6gns85ah/GOMC.bin.9138.fa
[10:58:47] Appending to PATH: /home/joao_facio/miniconda3/envs/prokka/bin
[10:58:47] Looking for 'aragorn' - found /home/joao_facio/miniconda3/envs/prokka/bin/aragorn
[10:58:47] Determined aragorn version is 001002 from 'ARAGORN v1.2.41 Dean Laslett'
[10:58:47] Looking for 'barrnap' - found /home/joao_facio/miniconda3/envs/prokka/bin/barrnap
[10:58:47] Determined barrnap version is 000009 from 'barrnap 0.9'
[10:58:47] Looking for 'blastp' - found /home/joao_facio/miniconda3/envs/prokka/bin/blastp
[10:58:47] Determined blastp version is 002016 from 'blastp: 2.16.0+'
[10:58:47] Looking for 'cmpress' - found /home/joao_facio/miniconda3/envs/prokka/bin/cmpress
[10:58:47] Determined cmpress version is 001001 from '# INFERNAL 1.1.5 (Sep 2023)'
[10:58:47] Looking for 'cmscan' - found /home/joao_facio/miniconda3/envs/prokka/bin/cmscan
[10:58:47] Determined cmscan version is 001001 from '# INFERNAL 1.1.5 (Sep 2023)'
[10:58:47] Looking for 'egrep' - found /usr/bin/egrep
[10:58:47] Looking for 'find' - found /usr/bin/find
[10:58:47] Looking for 'grep' - found /usr/bin/grep
[10:58:47] Looking for 'hmmpress' - found /home/joao_facio/miniconda3/envs/prokka/bin/hmmpress
[10:58:47] Determined hmmpress version is 003004 from '# HMMER 3.4 (Aug 2023); http://hmmer.org/'
[10:58:47] Looking for 'hmmscan' - found /home/joao_facio/miniconda3/envs/prokka/bin/hmmscan
[10:58:47] Determined hmmscan version is 003004 from '# HMMER 3.4 (Aug 2023); http://hmmer.org/'
[10:58:47] Looking for 'java' - found /home/joao_facio/miniconda3/envs/prokka/bin/java
[10:58:47] Looking for 'makeblastdb' - found /home/joao_facio/miniconda3/envs/prokka/bin/makeblastdb
[10:58:47] Determined makeblastdb version is 002016 from 'makeblastdb: 2.16.0+'
[10:58:47] Looking for 'minced' - found /home/joao_facio/miniconda3/envs/prokka/bin/minced
[10:58:47] Determined minced version is 004002 from 'minced 0.4.2'
[10:58:47] Looking for 'parallel' - found /home/joao_facio/miniconda3/envs/prokka/bin/parallel
[10:58:47] Determined parallel version is 20251122 from 'GNU parallel 20251122'
[10:58:47] Looking for 'prodigal' - found /home/joao_facio/miniconda3/envs/prokka/bin/prodigal
[10:58:47] Determined prodigal version is 002006 from 'Prodigal V2.6.3: February, 2016'
[10:58:47] Looking for 'prokka-genbank_to_fasta_db' - found /home/joao_facio/miniconda3/envs/prokka/bin/prokka-genbank_to_fasta_db
[10:58:47] Looking for 'sed' - found /usr/bin/sed
[10:58:47] Looking for 'tbl2asn' - found /home/joao_facio/miniconda3/envs/prokka/bin/tbl2asn
[10:58:47] Determined tbl2asn version is 025007 from 'tbl2asn 25.7   arguments:'
[10:58:47] Using genetic code table 11.
[10:58:47] Loading and checking input file: /tmp/tmp6gns85ah/GOMC.bin.9138.fa
[10:58:48] Wrote 293 contigs totalling 1556338 bp.
[10:58:48] Predicting tRNAs and tmRNAs
[10:58:48] Running: aragorn -l -gc11  -w \.\.\/\.\.\/Data\/Chen_Analysis\/Prokka\/Bacteria\/GOMC\.bin\.9138\/GOMC\.bin\.9138\.fna
[10:58:48] 1 tRNA-Pro [1119,1195] 35 (ggg)
[10:58:48] 1 tRNA-Gly c[3190,3264] 35 (gcc)
[10:58:48] 1 tRNA-Ala c[7,82] 34 (ggc)
[10:58:48] 1 tRNA-Ala c[7,83] 35 (cgc)
[10:58:48] 1 tRNA-Ser c[809,898] 35 (cga)
[10:58:48] 1 tRNA-Gly c[1137,1211] 35 (ccc)
[10:58:48] 1 tRNA-Leu [4503,4587] 35 (caa)
[10:58:48] 1 tRNA-Trp [267,341] 35 (cca)
[10:58:48] 1 tRNA-Met [2253,2326] 35 (cat)
[10:58:48] 1 tRNA-Thr [8716,8790] 33 (tgt)
[10:58:48] 2 tRNA-Tyr [8838,8920] 35 (gta)
[10:58:48] 1 tRNA-Ser c[834,925] 35 (gga)
[10:58:48] 1 tRNA-Val c[3534,3608] 33 (gac)
[10:58:48] 2 tRNA-Gln [3768,3841] 33 (ttg)
[10:58:48] 1 tRNA-Met [39048,39124] 35 (cat)
[10:58:48] Found 15 tRNAs
[10:58:48] Predicting Ribosomal RNAs
[10:58:48] Running Barrnap with 4 threads
[10:58:48] 1 k63_5119159 2415 5S ribosomal RNA
[10:58:48] Found 1 rRNAs
[10:58:48] Skipping ncRNA search, enable with --rfam if desired.
[10:58:48] Total of 16 tRNA + rRNA features
[10:58:48] Searching for CRISPR repeats
[10:58:48] Found 0 CRISPRs
[10:58:48] Predicting coding sequences
[10:58:48] Contigs total 1556338 bp, so using single mode
[10:58:48] Running: prodigal -i \.\.\/\.\.\/Data\/Chen_Analysis\/Prokka\/Bacteria\/GOMC\.bin\.9138\/GOMC\.bin\.9138\.fna -c -m -g 11 -p single -f sco -q
[10:58:49] Found 1499 CDS
[10:58:49] Connecting features back to sequences
[10:58:49] Not using genus-specific database. Try --usegenus to enable it.
[10:58:49] Annotating CDS, please be patient.
[10:58:49] Will use 4 CPUs for similarity searching.
[10:58:49] There are still 1499 unannotated CDS left (started with 1499)
[10:58:49] Will use blast to search against /home/joao_facio/miniconda3/envs/prokka/db/kingdom/Bacteria/IS with 4 CPUs
[10:58:49] Running: cat \.\.\/\.\.\/Data\/Chen_Analysis\/Prokka\/Bacteria\/GOMC\.bin\.9138\/GOMC\.bin\.9138\.IS\.tmp\.3553309\.faa | parallel --gnu --plain -j 4 --block 52392 --recstart '>' --pipe blastp -query - -db /home/joao_facio/miniconda3/envs/prokka/db/kingdom/Bacteria/IS -evalue 1e-30 -qcov_hsp_perc 90 -num_threads 1 -num_descriptions 1 -num_alignments 1 -seg no > \.\.\/\.\.\/Data\/Chen_Analysis\/Prokka\/Bacteria\/GOMC\.bin\.9138\/GOMC\.bin\.9138\.IS\.tmp\.3553309\.blast 2> /dev/null
[10:58:54] Deleting unwanted file: ../../Data/Chen_Analysis/Prokka/Bacteria/GOMC.bin.9138/GOMC.bin.9138.IS.tmp.3553309.faa
[10:58:54] Deleting unwanted file: ../../Data/Chen_Analysis/Prokka/Bacteria/GOMC.bin.9138/GOMC.bin.9138.IS.tmp.3553309.blast
[10:58:54] There are still 1499 unannotated CDS left (started with 1499)
[10:58:54] Will use blast to search against /home/joao_facio/miniconda3/envs/prokka/db/kingdom/Bacteria/AMR with 4 CPUs
[10:58:54] Running: cat \.\.\/\.\.\/Data\/Chen_Analysis\/Prokka\/Bacteria\/GOMC\.bin\.9138\/GOMC\.bin\.9138\.AMR\.tmp\.3553309\.faa | parallel --gnu --plain -j 4 --block 52392 --recstart '>' --pipe blastp -query - -db /home/joao_facio/miniconda3/envs/prokka/db/kingdom/Bacteria/AMR -evalue 1e-300 -qcov_hsp_perc 90 -num_threads 1 -num_descriptions 1 -num_alignments 1 -seg no > \.\.\/\.\.\/Data\/Chen_Analysis\/Prokka\/Bacteria\/GOMC\.bin\.9138\/GOMC\.bin\.9138\.AMR\.tmp\.3553309\.blast 2> /dev/null
[10:58:57] Deleting unwanted file: ../../Data/Chen_Analysis/Prokka/Bacteria/GOMC.bin.9138/GOMC.bin.9138.AMR.tmp.3553309.faa
[10:58:57] Deleting unwanted file: ../../Data/Chen_Analysis/Prokka/Bacteria/GOMC.bin.9138/GOMC.bin.9138.AMR.tmp.3553309.blast
[10:58:57] There are still 1499 unannotated CDS left (started with 1499)
[10:58:57] Will use blast to search against /home/joao_facio/miniconda3/envs/prokka/db/kingdom/Bacteria/sprot with 4 CPUs
[10:58:57] Running: cat \.\.\/\.\.\/Data\/Chen_Analysis\/Prokka\/Bacteria\/GOMC\.bin\.9138\/GOMC\.bin\.9138\.sprot\.tmp\.3553309\.faa | parallel --gnu --plain -j 4 --block 52392 --recstart '>' --pipe blastp -query - -db /home/joao_facio/miniconda3/envs/prokka/db/kingdom/Bacteria/sprot -evalue 1e-09 -qcov_hsp_perc 80 -num_threads 1 -num_descriptions 1 -num_alignments 1 -seg no > \.\.\/\.\.\/Data\/Chen_Analysis\/Prokka\/Bacteria\/GOMC\.bin\.9138\/GOMC\.bin\.9138\.sprot\.tmp\.3553309\.blast 2> /dev/null
[10:59:15] Modify product: Uncharacterized protein YqeY => putative protein YqeY
[10:59:15] Modify product: HTH-type transcriptional repressor Rv3405c => HTH-type transcriptional repressor
[10:59:15] Modify product: Uncharacterized protein Rv1480 => putative protein
[10:59:15] Modify product: Probable multidrug resistance ABC transporter ATP-binding/permease protein YheI => putative multidrug resistance ABC transporter ATP-binding/permease protein YheI
[10:59:15] Modify product: Uncharacterized oxidoreductase YciK => putative oxidoreductase YciK
[10:59:15] Modify product: Uncharacterized protein YisK => putative protein YisK
[10:59:15] Modify product: Probable FKBP-type peptidyl-prolyl cis-trans isomerase => putative FKBP-type peptidyl-prolyl cis-trans isomerase
[10:59:15] Modify product: Probable ATP-dependent transporter SufC => putative ATP-dependent transporter SufC
[10:59:15] Modify product: Uncharacterized ABC transporter ATP-binding protein YadG => putative ABC transporter ATP-binding protein YadG
[10:59:15] Modify product: Probable UbiX-like flavin prenyltransferase => putative UbiX-like flavin prenyltransferase
[10:59:15] Modify product: Uncharacterized ABC transporter ATP-binding protein YknY => putative ABC transporter ATP-binding protein YknY
[10:59:15] Modify product: Probable zinc-binding alcohol dehydrogenase Rv1895 => putative zinc-binding alcohol dehydrogenase
[10:59:15] Modify product: Uncharacterized PIN and TRAM-domain containing protein YacL => putative PIN and TRAM-domain containing protein YacL
[10:59:15] Modify product: Vitamin K epoxide reductase homolog => Vitamin K epoxide reductase 
[10:59:15] Modify product: Probable ribonucleotide transport ATP-binding protein mkl => putative ribonucleotide transport ATP-binding protein mkl
[10:59:15] Modify product: Uncharacterized FAD-linked oxidoreductase Rv2280 => putative FAD-linked oxidoreductase
[10:59:15] Modify product: Nucleoid-associated protein Cthe_2143 => Nucleoid-associated protein
[10:59:15] Modify product: Putative 2-hydroxyacid dehydrogenase SA2098 => Putative 2-hydroxyacid dehydrogenase
[10:59:15] Modify product: Phosphate-specific transport system accessory protein PhoU homolog => Phosphate-specific transport system accessory protein PhoU 
[10:59:15] Modify product: GTP cyclohydrolase 1 type 2 homolog => GTP cyclohydrolase 1 type 2 
[10:59:15] Modify product: Uncharacterized protein YccU => putative protein YccU
[10:59:15] Modify product: Uncharacterized aminopeptidase Rv1333 => putative aminopeptidase
[10:59:15] Modify product: Probable D-amino-acid oxidase => putative D-amino-acid oxidase
[10:59:15] Modify product: Phosphorylated carbohydrates phosphatase TM_1254 => Phosphorylated carbohydrates phosphatase
[10:59:15] Modify product: Probable membrane transporter protein YfcA => putative membrane transporter protein YfcA
[10:59:15] Modify product: UPF0073 inner membrane protein YqfA => hypothetical protein
[10:59:15] Modify product: Probable GTPase Rv1496 => putative GTPase
[10:59:15] Modify product: Uncharacterized FAD-linked oxidoreductase Rv2280 => putative FAD-linked oxidoreductase
[10:59:15] Modify product: Uncharacterized FAD-linked oxidoreductase Rv2280 => putative FAD-linked oxidoreductase
[10:59:15] Modify product: Uncharacterized protein Rv2581c => putative protein
[10:59:15] Modify product: Uncharacterized protein YnbC => putative protein YnbC
[10:59:15] Modify product: UPF0047 protein Rv2556c => hypothetical protein
[10:59:15] Modify product: Probable alcohol dehydrogenase AdhA => putative alcohol dehydrogenase AdhA
[10:59:15] Modify product: Uncharacterized protein Rv2229c => putative protein
[10:59:15] Modify product: Bifunctional protein Rv2228c => Bifunctional protein
[10:59:15] Modify product: Putative esterase HI_1161 => Putative esterase
[10:59:15] Modify product: Uncharacterized HTH-type transcriptional regulator YybR => putative HTH-type transcriptional regulator YybR
[10:59:16] Modify product: Uncharacterized metal-dependent hydrolase YcfH => putative metal-dependent hydrolase YcfH
[10:59:16] Modify product: UPF0053 protein Rv2366c => hypothetical protein
[10:59:16] Modify product: UPF0053 protein Rv2366c => hypothetical protein
[10:59:16] Modify product: Probable transcriptional regulatory protein CBU_1566 => putative transcriptional regulatory protein
[10:59:16] Modify product: Probable nicotinate-nucleotide pyrophosphorylase [carboxylating] => putative nicotinate-nucleotide pyrophosphorylase [carboxylating]
[10:59:16] Modify product: Probable L,D-transpeptidase YcbB => putative L,D-transpeptidase YcbB
[10:59:16] Modify product: Probable CtpA-like serine protease => putative CtpA-like serine protease
[10:59:16] Modify product: Uncharacterized oxidoreductase Rv2298 => putative oxidoreductase
[10:59:16] Modify product: Uncharacterized protein Rv1829 => putative protein
[10:59:16] Modify product: NADH dehydrogenase-like protein SAOUHSC_00878 => NADH dehydrogenase-like protein
[10:59:16] Modify product: Probable adenylyl-sulfate kinase => putative adenylyl-sulfate kinase
[10:59:16] Modify product: Uncharacterized protein HI_1410 => putative protein
[10:59:16] Modify product: UPF0701 protein HI_0467 => hypothetical protein
[10:59:16] Modify product: Epimerase family protein Rv2216 => Epimerase family protein
[10:59:16] Modify product: Uncharacterized protein Rv1360 => putative protein
[10:59:16] Modify product: Uncharacterized protein Rv1339 => putative protein
[10:59:16] Modify product: Uncharacterized SufE-like protein Rv3284 => putative SufE-like protein
[10:59:16] Modify product: Probable lipid II flippase MurJ => putative lipid II flippase MurJ
[10:59:16] Modify product: Probable peptidoglycan glycosyltransferase FtsW => putative peptidoglycan glycosyltransferase FtsW
[10:59:16] Modify product: Probable nicotinate-nucleotide adenylyltransferase => putative nicotinate-nucleotide adenylyltransferase
[10:59:16] Modify product: Uncharacterized protein Rv0628c => putative protein
[10:59:16] Cleaned 58 /product names
[10:59:16] Deleting unwanted file: ../../Data/Chen_Analysis/Prokka/Bacteria/GOMC.bin.9138/GOMC.bin.9138.sprot.tmp.3553309.faa
[10:59:16] Deleting unwanted file: ../../Data/Chen_Analysis/Prokka/Bacteria/GOMC.bin.9138/GOMC.bin.9138.sprot.tmp.3553309.blast
[10:59:16] There are still 737 unannotated CDS left (started with 1499)
[10:59:16] Will use hmmer3 to search against /home/joao_facio/miniconda3/envs/prokka/db/hmm/HAMAP.hmm with 4 CPUs
[10:59:16] Running: cat \.\.\/\.\.\/Data\/Chen_Analysis\/Prokka\/Bacteria\/GOMC\.bin\.9138\/GOMC\.bin\.9138\.HAMAP\.hmm\.tmp\.3553309\.faa | parallel --gnu --plain -j 4 --block 21140 --recstart '>' --pipe hmmscan --noali --notextw --acc -E 1e-09 --cpu 1 /home/joao_facio/miniconda3/envs/prokka/db/hmm/HAMAP.hmm /dev/stdin > \.\.\/\.\.\/Data\/Chen_Analysis\/Prokka\/Bacteria\/GOMC\.bin\.9138\/GOMC\.bin\.9138\.HAMAP\.hmm\.tmp\.3553309\.hmmer3 2> /dev/null
[10:59:22] Deleting unwanted file: ../../Data/Chen_Analysis/Prokka/Bacteria/GOMC.bin.9138/GOMC.bin.9138.HAMAP.hmm.tmp.3553309.faa
[10:59:22] Deleting unwanted file: ../../Data/Chen_Analysis/Prokka/Bacteria/GOMC.bin.9138/GOMC.bin.9138.HAMAP.hmm.tmp.3553309.hmmer3
[10:59:22] Labelling remaining 616 proteins as 'hypothetical protein'
[10:59:22] Possible /pseudo 'ATP synthase subunit b' at k63_9108205 position 6471
[10:59:22] Possible /pseudo 'Putative 4-hydroxy-4-methyl-2-oxoglutarate aldolase' at k63_6140618 position 2028
[10:59:22] Possible /pseudo 'Endolytic peptidoglycan transglycosylase RlpA' at k63_12279626 position 1710
[10:59:22] Possible /pseudo 'Methylmalonyl-CoA mutase' at k63_11323021 position 10205
[10:59:22] Possible /pseudo 'putative FAD-linked oxidoreductase' at k63_11323021 position 21011
[10:59:22] Possible /pseudo 'FO synthase' at k63_6316204 position 12076
[10:59:22] Found 747 unique /gene codes.
[10:59:22] Fixed 2 duplicate /gene - IMPDH_1 IMPDH_2
[10:59:22] Fixed 4 duplicate /gene - rpoD_1 rpoD_2 rpoD_3 rpoD_4
[10:59:22] Fixed 3 duplicate /gene - dnaJ_1 dnaJ_2 dnaJ_3
[10:59:22] Fixed 2 duplicate /gene - prmC_1 prmC_2
[10:59:22] Fixed 2 duplicate /gene - cysK_1 cysK_2
[10:59:22] Fixed 2 duplicate /gene - ilvE_1 ilvE_2
[10:59:22] Fixed 2 duplicate /gene - trxA_1 trxA_2
[10:59:22] Fixed 2 duplicate /gene - kynB_1 kynB_2
[10:59:22] Fixed 2 duplicate /gene - carD_1 carD_2
[10:59:22] Fixed 2 duplicate /gene - sufS_1 sufS_2
[10:59:22] Fixed 2 duplicate /gene - atpH_1 atpH_2
[10:59:22] Fixed 2 duplicate /gene - lgt_1 lgt_2
[10:59:22] Fixed 2 duplicate /gene - purN_1 purN_2
[10:59:22] Fixed 2 duplicate /gene - rnr_1 rnr_2
[10:59:22] Fixed 2 duplicate /gene - bphA3_1 bphA3_2
[10:59:22] Fixed 2 duplicate /gene - bacC_1 bacC_2
[10:59:22] Fixed 2 duplicate /gene - caiC_1 caiC_2
[10:59:22] Fixed 2 duplicate /gene - thiL_1 thiL_2
[10:59:22] Fixed 2 duplicate /gene - sglT_1 sglT_2
[10:59:22] Fixed 2 duplicate /gene - rpoH_1 rpoH_2
[10:59:22] Fixed 2 duplicate /gene - yhdN_1 yhdN_2
[10:59:22] Fixed 2 duplicate /gene - kduD_1 kduD_2
[10:59:22] Fixed 2 duplicate /gene - hspA_1 hspA_2
[10:59:22] Fixed 2 duplicate /gene - bepA_1 bepA_2
[10:59:22] Fixed 2 duplicate /gene - fbiC_1 fbiC_2
[10:59:22] Fixed 2 duplicate /gene - uvrA_1 uvrA_2
[10:59:22] Fixed 2 duplicate /gene - rlpA_1 rlpA_2
[10:59:22] Fixed 2 duplicate /gene - auaH_1 auaH_2
[10:59:22] Fixed 4 duplicate /gene - cpoB_1 cpoB_2 cpoB_3 cpoB_4
[10:59:22] Fixed 2 duplicate /gene - btuD_1 btuD_2
[10:59:22] Fixed 2 duplicate /gene - mdtA_1 mdtA_2
[10:59:22] Fixed 2 duplicate /gene - sasA_1 sasA_2
[10:59:22] Fixed 2 duplicate /gene - smc_1 smc_2
[10:59:22] Fixed 2 duplicate /gene - ftsH_1 ftsH_2
[10:59:22] Fixed 2 duplicate /gene - lutA_1 lutA_2
[10:59:22] Fixed 2 duplicate /gene - pgk_1 pgk_2
[10:59:22] Fixed 3 duplicate /gene - hisC_1 hisC_2 hisC_3
[10:59:22] Fixed 4 duplicate /gene - xerC_1 xerC_2 xerC_3 xerC_4
[10:59:22] Fixed 2 duplicate /gene - COQ5_1 COQ5_2
[10:59:22] Fixed 2 duplicate /gene - ctaC_1 ctaC_2
[10:59:22] Fixed 2 duplicate /gene - gltB_1 gltB_2
[10:59:22] Fixed 2 duplicate /gene - cobB_1 cobB_2
[10:59:22] Fixed 4 duplicate /gene - resA_1 resA_2 resA_3 resA_4
[10:59:22] Fixed 2 duplicate /gene - mlaE_1 mlaE_2
[10:59:22] Fixed 2 duplicate /gene - acuR_1 acuR_2
[10:59:22] Fixed 4 duplicate /gene - pal_1 pal_2 pal_3 pal_4
[10:59:22] Fixed 2 duplicate /gene - gph_1 gph_2
[10:59:22] Fixed 2 duplicate /gene - soj_1 soj_2
[10:59:22] Fixed 2 duplicate /gene - ros_1 ros_2
[10:59:22] Fixed 2 duplicate /gene - carA_1 carA_2
[10:59:22] Fixed 2 duplicate /gene - atpF_1 atpF_2
[10:59:22] Fixed 2 duplicate /gene - clpX_1 clpX_2
[10:59:22] Fixed 2 duplicate /gene - tolQ_1 tolQ_2
[10:59:22] Fixed 2 duplicate /gene - mcm_1 mcm_2
[10:59:22] Fixed 3 duplicate /gene - mshA_1 mshA_2 mshA_3
[10:59:22] Fixed 55 colliding /gene names.
[10:59:22] Adding /locus_tag identifiers
[10:59:22] Assigned 1515 locus_tags to CDS and RNA features.
[10:59:22] Writing outputs to ../../Data/Chen_Analysis/Prokka/Bacteria/GOMC.bin.9138/
[10:59:23] Generating annotation statistics file
[10:59:23] Generating Genbank and Sequin files
[10:59:23] Running: tbl2asn -V b -a r10k -l paired-ends -M n -N 1 -y 'Annotated using prokka 1.14.6 from https://github.com/tseemann/prokka' -Z \.\.\/\.\.\/Data\/Chen_Analysis\/Prokka\/Bacteria\/GOMC\.bin\.9138\/GOMC\.bin\.9138\.err -i \.\.\/\.\.\/Data\/Chen_Analysis\/Prokka\/Bacteria\/GOMC\.bin\.9138\/GOMC\.bin\.9138\.fsa 2> /dev/null
[10:59:24] Deleting unwanted file: ../../Data/Chen_Analysis/Prokka/Bacteria/GOMC.bin.9138/errorsummary.val
[10:59:24] Deleting unwanted file: ../../Data/Chen_Analysis/Prokka/Bacteria/GOMC.bin.9138/GOMC.bin.9138.dr
[10:59:24] Deleting unwanted file: ../../Data/Chen_Analysis/Prokka/Bacteria/GOMC.bin.9138/GOMC.bin.9138.fixedproducts
[10:59:24] Deleting unwanted file: ../../Data/Chen_Analysis/Prokka/Bacteria/GOMC.bin.9138/GOMC.bin.9138.ecn
[10:59:24] Deleting unwanted file: ../../Data/Chen_Analysis/Prokka/Bacteria/GOMC.bin.9138/GOMC.bin.9138.val
[10:59:24] Repairing broken .GBK output that tbl2asn produces...
[10:59:24] Running: sed 's/COORDINATES: profile/COORDINATES:profile/' < \.\.\/\.\.\/Data\/Chen_Analysis\/Prokka\/Bacteria\/GOMC\.bin\.9138\/GOMC\.bin\.9138\.gbf > \.\.\/\.\.\/Data\/Chen_Analysis\/Prokka\/Bacteria\/GOMC\.bin\.9138\/GOMC\.bin\.9138\.gbk
[10:59:24] Deleting unwanted file: ../../Data/Chen_Analysis/Prokka/Bacteria/GOMC.bin.9138/GOMC.bin.9138.gbf
[10:59:24] Output files:
[10:59:24] ../../Data/Chen_Analysis/Prokka/Bacteria/GOMC.bin.9138/GOMC.bin.9138.tbl
[10:59:24] ../../Data/Chen_Analysis/Prokka/Bacteria/GOMC.bin.9138/GOMC.bin.9138.sqn
[10:59:24] ../../Data/Chen_Analysis/Prokka/Bacteria/GOMC.bin.9138/GOMC.bin.9138.ffn
[10:59:24] ../../Data/Chen_Analysis/Prokka/Bacteria/GOMC.bin.9138/GOMC.bin.9138.tsv
[10:59:24] ../../Data/Chen_Analysis/Prokka/Bacteria/GOMC.bin.9138/GOMC.bin.9138.gff
[10:59:24] ../../Data/Chen_Analysis/Prokka/Bacteria/GOMC.bin.9138/GOMC.bin.9138.txt
[10:59:24] ../../Data/Chen_Analysis/Prokka/Bacteria/GOMC.bin.9138/GOMC.bin.9138.fsa
[10:59:24] ../../Data/Chen_Analysis/Prokka/Bacteria/GOMC.bin.9138/GOMC.bin.9138.fna
[10:59:24] ../../Data/Chen_Analysis/Prokka/Bacteria/GOMC.bin.9138/GOMC.bin.9138.err
[10:59:24] ../../Data/Chen_Analysis/Prokka/Bacteria/GOMC.bin.9138/GOMC.bin.9138.gbk
[10:59:24] ../../Data/Chen_Analysis/Prokka/Bacteria/GOMC.bin.9138/GOMC.bin.9138.log
[10:59:24] ../../Data/Chen_Analysis/Prokka/Bacteria/GOMC.bin.9138/GOMC.bin.9138.faa
[10:59:24] Annotation finished successfully.
[10:59:24] Walltime used: 0.62 minutes
[10:59:24] If you use this result please cite the Prokka paper:
[10:59:24] Seemann T (2014) Prokka: rapid prokaryotic genome annotation. Bioinformatics. 30(14):2068-9.
[10:59:24] Type 'prokka --citation' for more details.
[10:59:24] Share and enjoy!
