[09:38:18] This is prokka 1.14.6
[09:38:18] Written by Torsten Seemann <torsten.seemann@gmail.com>
[09:38:18] Homepage is https://github.com/tseemann/prokka
[09:38:18] Local time is Mon Dec  1 09:38:18 2025
[09:38:18] You are joao_facio
[09:38:18] Operating system is linux
[09:38:18] You have BioPerl 1.7.8
[09:38:18] System has 12 cores.
[09:38:18] Will use maximum of 4 cores.
[09:38:18] Annotating as >>> Bacteria <<<
[09:38:18] Generating locus_tag from '/tmp/tmp6gns85ah/GOMC.bin.10260.fa' contents.
[09:38:18] Setting --locustag IMJFMOCF from MD5 263f68cf65f8af75a834574c91b846cf
[09:38:18] Creating new output folder: ../../Data/Chen_Analysis/Prokka/Bacteria/GOMC.bin.10260
[09:38:18] Running: mkdir -p \.\.\/\.\.\/Data\/Chen_Analysis\/Prokka\/Bacteria\/GOMC\.bin\.10260
[09:38:18] Using filename prefix: GOMC.bin.10260.XXX
[09:38:18] Setting HMMER_NCPU=1
[09:38:18] Writing log to: ../../Data/Chen_Analysis/Prokka/Bacteria/GOMC.bin.10260/GOMC.bin.10260.log
[09:38:18] Command: /home/joao_facio/miniconda3/envs/prokka/bin/prokka --outdir ../../Data/Chen_Analysis/Prokka/Bacteria/GOMC.bin.10260 --prefix GOMC.bin.10260 --kingdom Bacteria --genus Sneathiella --strain GOMC.bin.10260 --cpus 4 --force /tmp/tmp6gns85ah/GOMC.bin.10260.fa
[09:38:18] Appending to PATH: /home/joao_facio/miniconda3/envs/prokka/bin
[09:38:18] Looking for 'aragorn' - found /home/joao_facio/miniconda3/envs/prokka/bin/aragorn
[09:38:18] Determined aragorn version is 001002 from 'ARAGORN v1.2.41 Dean Laslett'
[09:38:18] Looking for 'barrnap' - found /home/joao_facio/miniconda3/envs/prokka/bin/barrnap
[09:38:18] Determined barrnap version is 000009 from 'barrnap 0.9'
[09:38:18] Looking for 'blastp' - found /home/joao_facio/miniconda3/envs/prokka/bin/blastp
[09:38:18] Determined blastp version is 002016 from 'blastp: 2.16.0+'
[09:38:18] Looking for 'cmpress' - found /home/joao_facio/miniconda3/envs/prokka/bin/cmpress
[09:38:18] Determined cmpress version is 001001 from '# INFERNAL 1.1.5 (Sep 2023)'
[09:38:18] Looking for 'cmscan' - found /home/joao_facio/miniconda3/envs/prokka/bin/cmscan
[09:38:18] Determined cmscan version is 001001 from '# INFERNAL 1.1.5 (Sep 2023)'
[09:38:18] Looking for 'egrep' - found /usr/bin/egrep
[09:38:18] Looking for 'find' - found /usr/bin/find
[09:38:18] Looking for 'grep' - found /usr/bin/grep
[09:38:18] Looking for 'hmmpress' - found /home/joao_facio/miniconda3/envs/prokka/bin/hmmpress
[09:38:18] Determined hmmpress version is 003004 from '# HMMER 3.4 (Aug 2023); http://hmmer.org/'
[09:38:18] Looking for 'hmmscan' - found /home/joao_facio/miniconda3/envs/prokka/bin/hmmscan
[09:38:18] Determined hmmscan version is 003004 from '# HMMER 3.4 (Aug 2023); http://hmmer.org/'
[09:38:18] Looking for 'java' - found /home/joao_facio/miniconda3/envs/prokka/bin/java
[09:38:18] Looking for 'makeblastdb' - found /home/joao_facio/miniconda3/envs/prokka/bin/makeblastdb
[09:38:18] Determined makeblastdb version is 002016 from 'makeblastdb: 2.16.0+'
[09:38:18] Looking for 'minced' - found /home/joao_facio/miniconda3/envs/prokka/bin/minced
[09:38:19] Determined minced version is 004002 from 'minced 0.4.2'
[09:38:19] Looking for 'parallel' - found /home/joao_facio/miniconda3/envs/prokka/bin/parallel
[09:38:19] Determined parallel version is 20251122 from 'GNU parallel 20251122'
[09:38:19] Looking for 'prodigal' - found /home/joao_facio/miniconda3/envs/prokka/bin/prodigal
[09:38:19] Determined prodigal version is 002006 from 'Prodigal V2.6.3: February, 2016'
[09:38:19] Looking for 'prokka-genbank_to_fasta_db' - found /home/joao_facio/miniconda3/envs/prokka/bin/prokka-genbank_to_fasta_db
[09:38:19] Looking for 'sed' - found /usr/bin/sed
[09:38:19] Looking for 'tbl2asn' - found /home/joao_facio/miniconda3/envs/prokka/bin/tbl2asn
[09:38:19] Determined tbl2asn version is 025007 from 'tbl2asn 25.7   arguments:'
[09:38:19] Using genetic code table 11.
[09:38:19] Loading and checking input file: /tmp/tmp6gns85ah/GOMC.bin.10260.fa
[09:38:19] Wrote 64 contigs totalling 4190414 bp.
[09:38:19] Predicting tRNAs and tmRNAs
[09:38:19] Running: aragorn -l -gc11  -w \.\.\/\.\.\/Data\/Chen_Analysis\/Prokka\/Bacteria\/GOMC\.bin\.10260\/GOMC\.bin\.10260\.fna
[09:38:19] 1 tRNA-Pro [109663,109739] 35 (ggg)
[09:38:19] 1 tRNA-Arg [46902,46978] 35 (cct)
[09:38:19] 1 tRNA-Lys c[59790,59865] 34 (ctt)
[09:38:19] 1 tRNA-Val c[-4,70] 35 (gac)
[09:38:19] 2 tRNA-Gln c[99307,99381] 33 (ttg)
[09:38:19] 1 tRNA-Met c[8985,9061] 35 (cat)
[09:38:19] 1 tRNA-Met [67246,67322] 35 (cat)
[09:38:19] 1 tRNA-Gly [1,75] 33 (gcc)
[09:38:19] 1 tRNA-Arg [119882,119958] 35 (acg)
[09:38:19] 1 tRNA-Glu [23402,23476] 34 (ttc)
[09:38:19] 1 tRNA-Ala [23762,23837] 34 (ggc)
[09:38:19] 2 tRNA-Leu c[56323,56409] 35 (cag)
[09:38:19] 1 tRNA-Met c[3,79] 35 (cat)
[09:38:19] 1 tRNA-Pro [29184,29260] 35 (tgg)
[09:38:19] 2 tRNA-Arg [30359,30435] 35 (tct)
[09:38:19] 1 tRNA-Asn c[36022,36097] 34 (gtt)
[09:38:19] 2 tRNA-Cys c[37963,38036] 33 (gca)
[09:38:19] 1 tRNA-His [35121,35197] 35 (gtg)
[09:38:19] 2 tRNA-Leu [49733,49815] 35 (tag)
[09:38:19] 3 tRNA-Val [56621,56697] 35 (tac)
[09:38:19] 4 tRNA-Asp [57351,57427] 35 (gtc)
[09:38:19] 1 tRNA-Ser c[1,90] 35 (gga)
[09:38:19] 2 tRNA-Leu [65452,65537] 35 (caa)
[09:38:19] 3 tRNA-Arg [264901,264977] 35 (ccg)
[09:38:19] 1 tRNA-Leu [29772,29858] 35 (gag)
[09:38:19] 2 tRNA-Arg c[66220,66301] 39 (acg)
[09:38:19] 1 tRNA-Ser [27656,27748] 35 (gct)
[09:38:19] 1 tmRNA* [45600,45913] 188,223 ANDNEAFAVAA*
[09:38:19] 1 tRNA-Thr c[124022,124097] 34 (tgt)
[09:38:19] 2 tRNA-Tyr [125198,125282] 35 (gta)
[09:38:19] 3 tRNA-Gly [125341,125414] 33 (tcc)
[09:38:19] 1 tRNA-Thr c[37225,37299] 33 (ggt)
[09:38:19] 2 tRNA-Phe [46021,46096] 34 (gaa)
[09:38:19] 1 tRNA-Lys [36363,36438] 34 (ttt)
[09:38:19] 2 tRNA-Leu c[37900,37986] 35 (taa)
[09:38:19] 1 tRNA-Ser [1,90] 35 (tga)
[09:38:19] 1 tRNA-Gln c[-1,70] 33 (ctg)
[09:38:19] Found 37 tRNAs
[09:38:19] Predicting Ribosomal RNAs
[09:38:19] Running Barrnap with 4 threads
[09:38:20] Found 0 rRNAs
[09:38:20] Skipping ncRNA search, enable with --rfam if desired.
[09:38:20] Total of 36 tRNA + rRNA features
[09:38:20] Searching for CRISPR repeats
[09:38:20] Found 0 CRISPRs
[09:38:20] Predicting coding sequences
[09:38:20] Contigs total 4190414 bp, so using single mode
[09:38:20] Running: prodigal -i \.\.\/\.\.\/Data\/Chen_Analysis\/Prokka\/Bacteria\/GOMC\.bin\.10260\/GOMC\.bin\.10260\.fna -c -m -g 11 -p single -f sco -q
[09:38:22] Excluding CDS which overlaps existing RNA (tRNA) at k63_154668:99199..99429 on + strand
[09:38:23] Excluding CDS which overlaps existing RNA (tRNA) at k63_186831:37962..38168 on + strand
[09:38:23] Excluding CDS which overlaps existing RNA (tRNA) at k63_37635:65305..67326 on + strand
[09:38:24] Found 3890 CDS
[09:38:24] Connecting features back to sequences
[09:38:24] Not using genus-specific database. Try --usegenus to enable it.
[09:38:24] Annotating CDS, please be patient.
[09:38:24] Will use 4 CPUs for similarity searching.
[09:38:24] There are still 3890 unannotated CDS left (started with 3890)
[09:38:24] Will use blast to search against /home/joao_facio/miniconda3/envs/prokka/db/kingdom/Bacteria/IS with 4 CPUs
[09:38:24] Running: cat \.\.\/\.\.\/Data\/Chen_Analysis\/Prokka\/Bacteria\/GOMC\.bin\.10260\/GOMC\.bin\.10260\.IS\.tmp\.3394058\.faa | parallel --gnu --plain -j 4 --block 158856 --recstart '>' --pipe blastp -query - -db /home/joao_facio/miniconda3/envs/prokka/db/kingdom/Bacteria/IS -evalue 1e-30 -qcov_hsp_perc 90 -num_threads 1 -num_descriptions 1 -num_alignments 1 -seg no > \.\.\/\.\.\/Data\/Chen_Analysis\/Prokka\/Bacteria\/GOMC\.bin\.10260\/GOMC\.bin\.10260\.IS\.tmp\.3394058\.blast 2> /dev/null
[09:38:36] Deleting unwanted file: ../../Data/Chen_Analysis/Prokka/Bacteria/GOMC.bin.10260/GOMC.bin.10260.IS.tmp.3394058.faa
[09:38:36] Deleting unwanted file: ../../Data/Chen_Analysis/Prokka/Bacteria/GOMC.bin.10260/GOMC.bin.10260.IS.tmp.3394058.blast
[09:38:36] There are still 3889 unannotated CDS left (started with 3890)
[09:38:36] Will use blast to search against /home/joao_facio/miniconda3/envs/prokka/db/kingdom/Bacteria/AMR with 4 CPUs
[09:38:36] Running: cat \.\.\/\.\.\/Data\/Chen_Analysis\/Prokka\/Bacteria\/GOMC\.bin\.10260\/GOMC\.bin\.10260\.AMR\.tmp\.3394058\.faa | parallel --gnu --plain -j 4 --block 158814 --recstart '>' --pipe blastp -query - -db /home/joao_facio/miniconda3/envs/prokka/db/kingdom/Bacteria/AMR -evalue 1e-300 -qcov_hsp_perc 90 -num_threads 1 -num_descriptions 1 -num_alignments 1 -seg no > \.\.\/\.\.\/Data\/Chen_Analysis\/Prokka\/Bacteria\/GOMC\.bin\.10260\/GOMC\.bin\.10260\.AMR\.tmp\.3394058\.blast 2> /dev/null
[09:38:46] Deleting unwanted file: ../../Data/Chen_Analysis/Prokka/Bacteria/GOMC.bin.10260/GOMC.bin.10260.AMR.tmp.3394058.faa
[09:38:46] Deleting unwanted file: ../../Data/Chen_Analysis/Prokka/Bacteria/GOMC.bin.10260/GOMC.bin.10260.AMR.tmp.3394058.blast
[09:38:46] There are still 3889 unannotated CDS left (started with 3890)
[09:38:46] Will use blast to search against /home/joao_facio/miniconda3/envs/prokka/db/kingdom/Bacteria/sprot with 4 CPUs
[09:38:46] Running: cat \.\.\/\.\.\/Data\/Chen_Analysis\/Prokka\/Bacteria\/GOMC\.bin\.10260\/GOMC\.bin\.10260\.sprot\.tmp\.3394058\.faa | parallel --gnu --plain -j 4 --block 158814 --recstart '>' --pipe blastp -query - -db /home/joao_facio/miniconda3/envs/prokka/db/kingdom/Bacteria/sprot -evalue 1e-09 -qcov_hsp_perc 80 -num_threads 1 -num_descriptions 1 -num_alignments 1 -seg no > \.\.\/\.\.\/Data\/Chen_Analysis\/Prokka\/Bacteria\/GOMC\.bin\.10260\/GOMC\.bin\.10260\.sprot\.tmp\.3394058\.blast 2> /dev/null
[09:39:42] Modify product: UPF0394 membrane protein XF_0765 => hypothetical protein
[09:39:42] Modify product: UPF0394 membrane protein XF_0766 => hypothetical protein
[09:39:42] Modify product: Probable sulfate transporter Rv1739c => putative sulfate transporter
[09:39:42] Modify product: Probable metallo-hydrolase BURPS1710b_2304 => putative metallo-hydrolase
[09:39:42] Modify product: Probable glycerol-3-phosphate acyltransferase => putative glycerol-3-phosphate acyltransferase
[09:39:42] Modify product: Probable sulfoacetate--CoA ligase => putative sulfoacetate--CoA ligase
[09:39:42] Modify product: Monocarboxylate 2-oxoacid-binding periplasmic protein all3028 => Monocarboxylate 2-oxoacid-binding periplasmic protein
[09:39:42] Modify product: Probable flavin reductase => putative flavin reductase
[09:39:42] Modify product: Uncharacterized oxidoreductase SA2266 => putative oxidoreductase
[09:39:42] Modify product: Virulence protein STM3117 => Virulence protein
[09:39:42] Modify product: Monocarboxylate 2-oxoacid-binding periplasmic protein all3028 => Monocarboxylate 2-oxoacid-binding periplasmic protein
[09:39:42] Modify product: Uncharacterized ABC transporter ATP-binding protein Rv0986 => putative ABC transporter ATP-binding protein
[09:39:42] Modify product: Uncharacterized oxidoreductase Rv1144 => putative oxidoreductase
[09:39:42] Modify product: Probable succinyl-CoA:3-ketoacid coenzyme A transferase subunit B => putative succinyl-CoA:3-ketoacid coenzyme A transferase subunit B
[09:39:42] Modify product: Probable succinyl-CoA:3-ketoacid coenzyme A transferase subunit A => putative succinyl-CoA:3-ketoacid coenzyme A transferase subunit A
[09:39:42] Modify product: Uncharacterized protein Rv2067c => putative protein
[09:39:42] Modify product: Bifunctional protein FolD => Bifunctional protein FolD protein
[09:39:42] Modify product: Peptidoglycan-N-acetylglucosamine deacetylase BC_3618 => Peptidoglycan-N-acetylglucosamine deacetylase
[09:39:42] Modify product: Solute-binding protein Dde_0634 => Solute-binding protein
[09:39:42] Modify product: Uncharacterized protein Rv1367c => putative protein
[09:39:42] Modify product: Uncharacterized oxidoreductase SA2266 => putative oxidoreductase
[09:39:42] Modify product: Probable glycine dehydrogenase (decarboxylating) subunit 2 => putative glycine dehydrogenase (decarboxylating) subunit 2
[09:39:42] Modify product: Probable glycine dehydrogenase (decarboxylating) subunit 1 => putative glycine dehydrogenase (decarboxylating) subunit 1
[09:39:42] Modify product: Peroxiredoxin sll1621 => Peroxiredoxin
[09:39:42] Modify product: UPF0301 protein VC_0467 => hypothetical protein
[09:39:42] Modify product: Uncharacterized zinc protease Rv2782c => putative zinc protease
[09:39:42] Modify product: Probable NADH-specific resorcinol 4-hydroxylase => putative NADH-specific resorcinol 4-hydroxylase
[09:39:42] Modify product: Uncharacterized protein SA0829 => putative protein
[09:39:42] Modify product: Solute-binding protein Dde_0634 => Solute-binding protein
[09:39:42] Modify product: Probable cystine transporter YijE => putative cystine transporter YijE
[09:39:42] Modify product: Probable 3-hydroxyacyl-CoA dehydrogenase => putative 3-hydroxyacyl-CoA dehydrogenase
[09:39:42] Modify product: Uncharacterized HTH-type transcriptional regulator YxaF => putative HTH-type transcriptional regulator YxaF
[09:39:43] Modify product: Uncharacterized FAD-linked oxidoreductase Rv2280 => putative FAD-linked oxidoreductase
[09:39:43] Modify product: Probable enoyl-CoA hydratase => putative enoyl-CoA hydratase
[09:39:43] Modify product: Uncharacterized protein Rv2307c => putative protein
[09:39:43] Modify product: Probable D,D-dipeptide transport system permease protein DdpC => putative D,D-dipeptide transport system permease protein DdpC
[09:39:43] Modify product: Probable enoyl-CoA hydratase echA8 => putative enoyl-CoA hydratase echA8
[09:39:43] Modify product: Probable glutamine ABC transporter permease protein GlnM => putative glutamine ABC transporter permease protein GlnM
[09:39:43] Modify product: Methyl-accepting chemotaxis protein Amb2333 => Methyl-accepting chemotaxis protein
[09:39:43] Modify product: Probable D,D-dipeptide transport system permease protein DdpC => putative D,D-dipeptide transport system permease protein DdpC
[09:39:43] Modify product: Uncharacterized protein HI_1028 => putative protein
[09:39:43] Modify product: Zinc-type alcohol dehydrogenase-like protein SA1988 => Zinc-type alcohol dehydrogenase-like protein
[09:39:43] Modify product: Probable intracellular septation protein A => putative intracellular septation protein A
[09:39:43] Modify product: Uncharacterized GST-like protein YibF => putative GST-like protein YibF
[09:39:43] Modify product: UPF0234 protein XC_3703 => hypothetical protein
[09:39:43] Modify product: Uncharacterized protein Rv0036c => putative protein
[09:39:43] Modify product: Uncharacterized inner membrane transporter YedA => putative inner membrane transporter YedA
[09:39:43] Modify product: Phosphate-specific transport system accessory protein PhoU homolog => Phosphate-specific transport system accessory protein PhoU 
[09:39:43] Modify product: Uncharacterized protein HI_0131 => putative protein
[09:39:43] Modify product: Uncharacterized protein Rv2004c => putative protein
[09:39:43] Modify product: Uncharacterized FAD-linked oxidoreductase Rv2280 => putative FAD-linked oxidoreductase
[09:39:43] Modify product: Lactate-binding periplasmic protein TTHA0766 => Lactate-binding periplasmic protein
[09:39:43] Modify product: Uncharacterized protein YaeQ => putative protein YaeQ
[09:39:43] Modify product: Uncharacterized ABC transporter ATP-binding protein YejF => putative ABC transporter ATP-binding protein YejF
[09:39:43] Modify product: Probable GTP-binding protein EngB => putative GTP-binding protein EngB
[09:39:43] Modify product: Uncharacterized aminopeptidase Rv1333 => putative aminopeptidase
[09:39:43] Modify product: Probable 3-hydroxyacyl-CoA dehydrogenase => putative 3-hydroxyacyl-CoA dehydrogenase
[09:39:43] Modify product: Putative acyltransferase Rv0859 => Putative acyltransferase
[09:39:43] Modify product: Probable 2,4-dienoyl-CoA reductase => putative 2,4-dienoyl-CoA reductase
[09:39:43] Modify product: Probable amino-acid metabolite efflux pump => putative amino-acid metabolite efflux pump
[09:39:43] Modify product: UPF0382 membrane protein YwdK => hypothetical protein
[09:39:43] Modify product: Uncharacterized MFS-type transporter YcaD => putative MFS-type transporter YcaD
[09:39:43] Modify product: Probable phosphite transport system-binding protein PtxB => putative phosphite transport system-binding protein PtxB
[09:39:43] Modify product: UPF0056 inner membrane protein YhgN => hypothetical protein
[09:39:43] Modify product: Glycine betaine/proline/choline transporter VP1723 => Glycine betaine/proline/choline transporter
[09:39:43] Modify product: Probable membrane transporter protein YfcA => putative membrane transporter protein YfcA
[09:39:43] Modify product: Probable iron export permease protein FetB => putative iron export permease protein FetB
[09:39:43] Modify product: Putative glutamine amidotransferase Rv2859c => Putative glutamine amidotransferase
[09:39:43] Modify product: Uncharacterized protein HI_0933 => putative protein
[09:39:43] Modify product: Uncharacterized zinc protease Rv2782c => putative zinc protease
[09:39:43] Modify product: UPF0053 protein HI_0107 => hypothetical protein
[09:39:43] Modify product: Probable GTPase Rv1496 => putative GTPase
[09:39:43] Modify product: Methyl-accepting chemotaxis protein Amb0994 => Methyl-accepting chemotaxis protein
[09:39:43] Modify product: Cytochrome c oxidase subunit 1 homolog, bacteroid => Cytochrome c oxidase subunit 1 , bacteroid
[09:39:43] Modify product: Probable copper-importing P-type ATPase A => putative copper-importing P-type ATPase A
[09:39:43] Modify product: Uncharacterized NTE family protein Rv1063c => putative NTE family protein
[09:39:43] Modify product: Lactate-binding periplasmic protein TTHA0766 => Lactate-binding periplasmic protein
[09:39:43] Modify product: HTH-type transcriptional regulator Rv2034 => HTH-type transcriptional regulator
[09:39:43] Modify product: Uncharacterized protein Rv0906 => putative protein
[09:39:43] Modify product: Probable enoyl-CoA hydratase echA8 => putative enoyl-CoA hydratase echA8
[09:39:43] Modify product: Probable protein kinase UbiB => putative protein kinase UbiB
[09:39:43] Modify product: Phosphorylated carbohydrates phosphatase TM_1254 => Phosphorylated carbohydrates phosphatase
[09:39:43] Modify product: Probable enoyl-CoA hydratase echA8 => putative enoyl-CoA hydratase echA8
[09:39:43] Modify product: Probable enoyl-CoA hydratase echA8 => putative enoyl-CoA hydratase echA8
[09:39:43] Modify product: Probable D,D-dipeptide transport system permease protein DdpC => putative D,D-dipeptide transport system permease protein DdpC
[09:39:43] Modify product: Probable chaperone CsaA => putative chaperone CsaA
[09:39:43] Modify product: Uncharacterized protein YqeY => putative protein YqeY
[09:39:43] Modify product: Probable enoyl-CoA hydratase echA8 => putative enoyl-CoA hydratase echA8
[09:39:43] Modify product: Putative esterase aq_1494 => Putative esterase
[09:39:43] Modify product: Probable transcriptional regulatory protein aq_1575 => putative transcriptional regulatory protein
[09:39:43] Modify product: Probable cysteine desulfurase => putative cysteine desulfurase
[09:39:43] Modify product: Uncharacterized oxidoreductase SA2266 => putative oxidoreductase
[09:39:43] Modify product: Uncharacterized protein RP789 => putative protein RP789
[09:39:43] Modify product: Uncharacterized protein Rv1405c => putative protein
[09:39:43] Modify product: Uncharacterized ABC transporter ATP-binding protein Rv0986 => putative ABC transporter ATP-binding protein
[09:39:43] Modify product: Sulfurtransferase Alvin_2599 => Sulfurtransferase
[09:39:43] Modify product: Uncharacterized protein YfgD => putative protein YfgD
[09:39:43] Modify product: UPF0761 membrane protein YihY => hypothetical protein
[09:39:43] Modify product: Probable amino-acid metabolite efflux pump => putative amino-acid metabolite efflux pump
[09:39:43] Modify product: Uncharacterized protein CBU_0952 => putative protein
[09:39:43] Modify product: Probable allantoin permease => putative allantoin permease
[09:39:43] Modify product: UPF0102 protein RPA0323 => hypothetical protein
[09:39:43] Modify product: Uncharacterized sugar kinase YdjH => putative sugar kinase YdjH
[09:39:43] Modify product: Probable enoyl-CoA hydratase echA6 => putative enoyl-CoA hydratase echA6
[09:39:43] Modify product: Probable lipid II flippase MurJ => putative lipid II flippase MurJ
[09:39:43] Modify product: Probable chromate transport protein => putative chromate transport protein
[09:39:43] Modify product: Uncharacterized ABC transporter ATP-binding protein YadG => putative ABC transporter ATP-binding protein YadG
[09:39:43] Modify product: Uncharacterized protein Rv2915c => putative protein
[09:39:43] Modify product: Uncharacterized protein YhaZ => putative protein YhaZ
[09:39:43] Modify product: Probable amino-acid metabolite efflux pump => putative amino-acid metabolite efflux pump
[09:39:43] Modify product: Probable 3-phenylpropionic acid transporter => putative 3-phenylpropionic acid transporter
[09:39:43] Modify product: Bifunctional protein Rv2228c => Bifunctional protein
[09:39:43] Modify product: Putative thiamine biosynthesis protein HI_0357 => Putative thiamine biosynthesis protein
[09:39:43] Modify product: Probable tautomerase HP_0924 => putative tautomerase
[09:39:43] Modify product: Multifunctional alkaline phosphatase superfamily protein pRL90232 => Multifunctional alkaline phosphatase superfamily protein
[09:39:43] Modify product: Multifunctional alkaline phosphatase superfamily protein pRL90232 => Multifunctional alkaline phosphatase superfamily protein
[09:39:43] Modify product: Probable enoyl-CoA hydratase 1 => putative enoyl-CoA hydratase 1
[09:39:43] Modify product: Putative short-chain type dehydrogenase/reductase Rv0148 => Putative short-chain type dehydrogenase/reductase
[09:39:43] Modify product: Uncharacterized protein HI_0131 => putative protein
[09:39:43] Modify product: Probable dimethyl sulfoxide reductase chain YnfF => putative dimethyl sulfoxide reductase chain YnfF
[09:39:43] Modify product: Stress response UPF0229 protein YhbH => hypothetical protein
[09:39:43] Modify product: Segregation and condensation protein B homolog => Segregation and condensation protein B 
[09:39:43] Modify product: Uncharacterized protein HI_0103 => putative protein
[09:39:43] Modify product: Uncharacterized HTH-type transcriptional regulator Rv3095 => putative HTH-type transcriptional regulator
[09:39:43] Modify product: Uncharacterized protein Rv1367c => putative protein
[09:39:43] Modify product: Uncharacterized isomerase YddE => putative isomerase YddE
[09:39:43] Modify product: Putative monooxygenase Rv1533 => Putative monooxygenase
[09:39:43] Modify product: Acetyltransferase PA3944 => Acetyltransferase
[09:39:43] Modify product: Uncharacterized acyl-CoA thioester hydrolase HI_0827 => putative acyl-CoA thioester hydrolase
[09:39:43] Modify product: Probable N-succinyldiaminopimelate aminotransferase DapC => putative N-succinyldiaminopimelate aminotransferase DapC
[09:39:43] Modify product: UPF0145 protein BCE33L0904 => hypothetical protein
[09:39:43] Modify product: Uncharacterized HTH-type transcriptional regulator Rv1395 => putative HTH-type transcriptional regulator
[09:39:43] Modify product: Uncharacterized protein Rv0501 => putative protein
[09:39:43] Modify product: Probable oxidoreductase EphD => putative oxidoreductase EphD
[09:39:43] Modify product: Probable intracellular septation protein A => putative intracellular septation protein A
[09:39:43] Modify product: Uncharacterized protein YphB => putative protein YphB
[09:39:43] Modify product: Probable 2,4-dienoyl-CoA reductase => putative 2,4-dienoyl-CoA reductase
[09:39:43] Modify product: Putative formate dehydrogenase SA2102 => Putative formate dehydrogenase
[09:39:43] Modify product: Uncharacterized FAD-linked oxidoreductase Rv2280 => putative FAD-linked oxidoreductase
[09:39:43] Modify product: Probable aminotransferase Rv3329 => putative aminotransferase
[09:39:43] Modify product: UPF0178 protein YaiI => hypothetical protein
[09:39:43] Modify product: Probable amino-acid-binding protein YxeM => putative amino-acid-binding protein YxeM
[09:39:43] Modify product: UPF0126 inner membrane protein YicG => hypothetical protein
[09:39:43] Modify product: Probable quinol monooxygenase YgiN => putative quinol monooxygenase YgiN
[09:39:43] Modify product: Probable peptidoglycan D,D-transpeptidase FtsI => putative peptidoglycan D,D-transpeptidase FtsI
[09:39:43] Modify product: Probable peptidoglycan glycosyltransferase FtsW => putative peptidoglycan glycosyltransferase FtsW
[09:39:43] Modify product: Probable sulfoacetate transporter SauU => putative sulfoacetate transporter SauU
[09:39:43] Modify product: Probable propionyl-CoA carboxylase beta chain 5 => putative propionyl-CoA carboxylase beta chain 5
[09:39:43] Modify product: UPF0098 protein YbhB => hypothetical protein
[09:39:43] Modify product: Purine-binding protein BAB2_0673 => Purine-binding protein
[09:39:43] Modify product: Uncharacterized signaling protein PA1727 => putative signaling protein
[09:39:43] Modify product: Uncharacterized protein RP812 => putative protein RP812
[09:39:43] Modify product: Probable fructoselysine utilization operon transcriptional repressor => putative fructoselysine utilization operon transcriptional repressor
[09:39:43] Modify product: UPF0053 inner membrane protein YoaE => hypothetical protein
[09:39:43] Modify product: Uncharacterized tRNA/rRNA methyltransferase HI_0380 => putative tRNA/rRNA methyltransferase
[09:39:43] Modify product: Uncharacterized protein Rv1998c => putative protein
[09:39:43] Modify product: Probable ATP-dependent transporter SufC => putative ATP-dependent transporter SufC
[09:39:43] Modify product: Probable cysteine desulfurase => putative cysteine desulfurase
[09:39:43] Modify product: Uncharacterized metal-dependent hydrolase YcfH => putative metal-dependent hydrolase YcfH
[09:39:43] Modify product: Probable ribonucleotide transport ATP-binding protein mkl => putative ribonucleotide transport ATP-binding protein mkl
[09:39:43] Modify product: Purine-binding protein BAB2_0673 => Purine-binding protein
[09:39:43] Modify product: Uncharacterized protein Rv1367c => putative protein
[09:39:43] Modify product: Solute-binding protein Rfer_1840 => Solute-binding protein
[09:39:43] Modify product: Putative short-chain type dehydrogenase/reductase Rv0148 => Putative short-chain type dehydrogenase/reductase
[09:39:44] Modify product: Uncharacterized oxidoreductase SA2266 => putative oxidoreductase
[09:39:44] Modify product: Uncharacterized oxidoreductase YciK => putative oxidoreductase YciK
[09:39:44] Modify product: Probable ribonucleotide transport ATP-binding protein mkl => putative ribonucleotide transport ATP-binding protein mkl
[09:39:44] Modify product: UPF0701 protein YicC => hypothetical protein
[09:39:44] Modify product: Uncharacterized ABC transporter ATP-binding protein YheS => putative ABC transporter ATP-binding protein YheS
[09:39:44] Modify product: Uncharacterized protein HI_0933 => putative protein
[09:39:44] Modify product: UPF0213 protein BH0048 => hypothetical protein
[09:39:44] Cleaned 171 /product names
[09:39:44] Deleting unwanted file: ../../Data/Chen_Analysis/Prokka/Bacteria/GOMC.bin.10260/GOMC.bin.10260.sprot.tmp.3394058.faa
[09:39:44] Deleting unwanted file: ../../Data/Chen_Analysis/Prokka/Bacteria/GOMC.bin.10260/GOMC.bin.10260.sprot.tmp.3394058.blast
[09:39:44] There are still 1967 unannotated CDS left (started with 3890)
[09:39:44] Will use hmmer3 to search against /home/joao_facio/miniconda3/envs/prokka/db/hmm/HAMAP.hmm with 4 CPUs
[09:39:44] Running: cat \.\.\/\.\.\/Data\/Chen_Analysis\/Prokka\/Bacteria\/GOMC\.bin\.10260\/GOMC\.bin\.10260\.HAMAP\.hmm\.tmp\.3394058\.faa | parallel --gnu --plain -j 4 --block 74424 --recstart '>' --pipe hmmscan --noali --notextw --acc -E 1e-09 --cpu 1 /home/joao_facio/miniconda3/envs/prokka/db/hmm/HAMAP.hmm /dev/stdin > \.\.\/\.\.\/Data\/Chen_Analysis\/Prokka\/Bacteria\/GOMC\.bin\.10260\/GOMC\.bin\.10260\.HAMAP\.hmm\.tmp\.3394058\.hmmer3 2> /dev/null
[09:39:57] Modify product: Uncharacterized MFS-type transporter YcaD => putative MFS-type transporter YcaD
[09:39:57] Modify product: Uncharacterized Nudix hydrolase NudL => putative Nudix hydrolase NudL
[09:39:58] Modify product: Uncharacterized MFS-type transporter YcaD => putative MFS-type transporter YcaD
[09:39:58] Cleaned 3 /product names
[09:39:58] Deleting unwanted file: ../../Data/Chen_Analysis/Prokka/Bacteria/GOMC.bin.10260/GOMC.bin.10260.HAMAP.hmm.tmp.3394058.faa
[09:39:58] Deleting unwanted file: ../../Data/Chen_Analysis/Prokka/Bacteria/GOMC.bin.10260/GOMC.bin.10260.HAMAP.hmm.tmp.3394058.hmmer3
[09:39:58] Labelling remaining 1669 proteins as 'hypothetical protein'
[09:39:58] Possible /pseudo 'Riboflavin transporter' at k63_128508 position 118712
[09:39:58] Possible /pseudo 'UDP-N-acetylmuramoyl-tripeptide--D-alanyl-D-alanine ligase' at k63_282713 position 791
[09:39:58] Possible /pseudo 'Bacterioferritin' at k63_360122 position 93149
[09:39:58] Possible /pseudo 'Putative aliphatic sulfonates transport permease protein SsuC' at k63_284476 position 4854
[09:39:58] Possible /pseudo 'Intermembrane transport protein PqiA' at k63_264259 position 4851
[09:39:58] Possible /pseudo 'Sensor histidine kinase RcsC' at k63_35276 position 15129
[09:39:58] Possible /pseudo 'tRNA 5-methylaminomethyl-2-thiouridine biosynthesis bifunctional protein MnmC' at k63_212078 position 98734
[09:39:58] Possible /pseudo 'D-inositol-3-phosphate glycosyltransferase' at k63_212078 position 182673
[09:39:58] Possible /pseudo 'PKHD-type hydroxylase YbiX' at k63_269156 position 71522
[09:39:58] Possible /pseudo 'Leukotoxin export ATP-binding protein LtxB' at k63_347368 position 129140
[09:39:58] Possible /pseudo 'Trimethylamine dehydrogenase' at k63_147733 position 8786
[09:39:58] Found 1514 unique /gene codes.
[09:39:58] Fixed 2 duplicate /gene - gltC_1 gltC_2
[09:39:58] Fixed 2 duplicate /gene - pxpB_1 pxpB_2
[09:39:58] Fixed 2 duplicate /gene - gatA_1 gatA_2
[09:39:58] Fixed 2 duplicate /gene - walR_1 walR_2
[09:39:58] Fixed 2 duplicate /gene - fadD3_1 fadD3_2
[09:39:58] Fixed 3 duplicate /gene - dadA1_1 dadA1_2 dadA1_3
[09:39:58] Fixed 2 duplicate /gene - mdh_1 mdh_2
[09:39:58] Fixed 5 duplicate /gene - menH_1 menH_2 menH_3 menH_4 menH_5
[09:39:58] Fixed 4 duplicate /gene - cdhR_1 cdhR_2 cdhR_3 cdhR_4
[09:39:58] Fixed 2 duplicate /gene - atpH_1 atpH_2
[09:39:58] Fixed 5 duplicate /gene - paaG_1 paaG_2 paaG_3 paaG_4 paaG_5
[09:39:58] Fixed 2 duplicate /gene - carB_1 carB_2
[09:39:58] Fixed 10 duplicate /gene - livH_1 livH_2 livH_3 livH_4 livH_5 livH_6 livH_7 livH_8 livH_9 livH_10
[09:39:58] Fixed 4 duplicate /gene - bacC_1 bacC_2 bacC_3 bacC_4
[09:39:58] Fixed 4 duplicate /gene - ltxB_1 ltxB_2 ltxB_3 ltxB_4
[09:39:58] Fixed 9 duplicate /gene - dctM_1 dctM_2 dctM_3 dctM_4 dctM_5 dctM_6 dctM_7 dctM_8 dctM_9
[09:39:58] Fixed 2 duplicate /gene - dnaQ_1 dnaQ_2
[09:39:58] Fixed 2 duplicate /gene - dmdC_1 dmdC_2
[09:39:58] Fixed 2 duplicate /gene - iorA_1 iorA_2
[09:39:58] Fixed 2 duplicate /gene - tolQ_1 tolQ_2
[09:39:58] Fixed 2 duplicate /gene - ousW_1 ousW_2
[09:39:58] Fixed 3 duplicate /gene - cpdA_1 cpdA_2 cpdA_3
[09:39:58] Fixed 2 duplicate /gene - pcm_1 pcm_2
[09:39:58] Fixed 2 duplicate /gene - rne_1 rne_2
[09:39:58] Fixed 2 duplicate /gene - dnaK_1 dnaK_2
[09:39:58] Fixed 2 duplicate /gene - rsmB_1 rsmB_2
[09:39:58] Fixed 2 duplicate /gene - queG_1 queG_2
[09:39:58] Fixed 4 duplicate /gene - fadA_1 fadA_2 fadA_3 fadA_4
[09:39:58] Fixed 3 duplicate /gene - braC_1 braC_2 braC_3
[09:39:58] Fixed 2 duplicate /gene - bbsG_1 bbsG_2
[09:39:58] Fixed 2 duplicate /gene - potA_1 potA_2
[09:39:58] Fixed 2 duplicate /gene - kstR2_1 kstR2_2
[09:39:58] Fixed 2 duplicate /gene - oxyR_1 oxyR_2
[09:39:58] Fixed 2 duplicate /gene - tauR_1 tauR_2
[09:39:58] Fixed 2 duplicate /gene - metH_1 metH_2
[09:39:58] Fixed 4 duplicate /gene - menE_1 menE_2 menE_3 menE_4
[09:39:58] Fixed 2 duplicate /gene - nuoJ_1 nuoJ_2
[09:39:58] Fixed 3 duplicate /gene - occR_1 occR_2 occR_3
[09:39:58] Fixed 3 duplicate /gene - nagR_1 nagR_2 nagR_3
[09:39:58] Fixed 3 duplicate /gene - hlyU_1 hlyU_2 hlyU_3
[09:39:58] Fixed 2 duplicate /gene - betA_1 betA_2
[09:39:58] Fixed 2 duplicate /gene - gno_1 gno_2
[09:39:58] Fixed 3 duplicate /gene - ccr_1 ccr_2 ccr_3
[09:39:58] Fixed 3 duplicate /gene - nfuA_1 nfuA_2 nfuA_3
[09:39:58] Fixed 2 duplicate /gene - allA_1 allA_2
[09:39:58] Fixed 2 duplicate /gene - glnQ_1 glnQ_2
[09:39:58] Fixed 4 duplicate /gene - crt_1 crt_2 crt_3 crt_4
[09:39:58] Fixed 2 duplicate /gene - pgsA_1 pgsA_2
[09:39:58] Fixed 2 duplicate /gene - addA_1 addA_2
[09:39:58] Fixed 3 duplicate /gene - rhaS_1 rhaS_2 rhaS_3
[09:39:58] Fixed 2 duplicate /gene - def_1 def_2
[09:39:58] Fixed 4 duplicate /gene - amiC_1 amiC_2 amiC_3 amiC_4
[09:39:58] Fixed 2 duplicate /gene - ghrA_1 ghrA_2
[09:39:58] Fixed 2 duplicate /gene - suhB_1 suhB_2
[09:39:58] Fixed 2 duplicate /gene - argE_1 argE_2
[09:39:58] Fixed 2 duplicate /gene - secA_1 secA_2
[09:39:58] Fixed 2 duplicate /gene - glpE_1 glpE_2
[09:39:58] Fixed 2 duplicate /gene - puuR_1 puuR_2
[09:39:58] Fixed 4 duplicate /gene - murF_1 murF_2 murF_3 murF_4
[09:39:58] Fixed 3 duplicate /gene - dnaJ_1 dnaJ_2 dnaJ_3
[09:39:58] Fixed 2 duplicate /gene - mexB_1 mexB_2
[09:39:58] Fixed 2 duplicate /gene - hldD_1 hldD_2
[09:39:58] Fixed 2 duplicate /gene - Hgd_1 Hgd_2
[09:39:58] Fixed 2 duplicate /gene - frc_1 frc_2
[09:39:58] Fixed 3 duplicate /gene - tdh_1 tdh_2 tdh_3
[09:39:58] Fixed 2 duplicate /gene - ybiX_1 ybiX_2
[09:39:58] Fixed 2 duplicate /gene - gppA_1 gppA_2
[09:39:58] Fixed 2 duplicate /gene - dxs_1 dxs_2
[09:39:58] Fixed 2 duplicate /gene - ribBA_1 ribBA_2
[09:39:58] Fixed 2 duplicate /gene - nuoK_1 nuoK_2
[09:39:58] Fixed 2 duplicate /gene - trpD_1 trpD_2
[09:39:58] Fixed 10 duplicate /gene - livF_1 livF_2 livF_3 livF_4 livF_5 livF_6 livF_7 livF_8 livF_9 livF_10
[09:39:58] Fixed 2 duplicate /gene - nuoH_1 nuoH_2
[09:39:58] Fixed 3 duplicate /gene - gsiC_1 gsiC_2 gsiC_3
[09:39:58] Fixed 3 duplicate /gene - degU_1 degU_2 degU_3
[09:39:58] Fixed 2 duplicate /gene - betB_1 betB_2
[09:39:58] Fixed 2 duplicate /gene - alaS_1 alaS_2
[09:39:58] Fixed 6 duplicate /gene - bepA_1 bepA_2 bepA_3 bepA_4 bepA_5 bepA_6
[09:39:58] Fixed 2 duplicate /gene - pqiA_1 pqiA_2
[09:39:58] Fixed 3 duplicate /gene - rhtB_1 rhtB_2 rhtB_3
[09:39:58] Fixed 3 duplicate /gene - speE_1 speE_2 speE_3
[09:39:58] Fixed 2 duplicate /gene - dapE_1 dapE_2
[09:39:58] Fixed 2 duplicate /gene - pepA_1 pepA_2
[09:39:58] Fixed 11 duplicate /gene - sasA_1 sasA_2 sasA_3 sasA_4 sasA_5 sasA_6 sasA_7 sasA_8 sasA_9 sasA_10 sasA_11
[09:39:58] Fixed 2 duplicate /gene - glpK_1 glpK_2
[09:39:58] Fixed 13 duplicate /gene - fabG_1 fabG_2 fabG_3 fabG_4 fabG_5 fabG_6 fabG_7 fabG_8 fabG_9 fabG_10 fabG_11 fabG_12 fabG_13
[09:39:58] Fixed 6 duplicate /gene - rssB_1 rssB_2 rssB_3 rssB_4 rssB_5 rssB_6
[09:39:58] Fixed 2 duplicate /gene - gyrB_1 gyrB_2
[09:39:58] Fixed 2 duplicate /gene - mch_1 mch_2
[09:39:58] Fixed 2 duplicate /gene - yfdE_1 yfdE_2
[09:39:58] Fixed 3 duplicate /gene - prsE_1 prsE_2 prsE_3
[09:39:58] Fixed 3 duplicate /gene - ugpC_1 ugpC_2 ugpC_3
[09:39:58] Fixed 2 duplicate /gene - acuR_1 acuR_2
[09:39:58] Fixed 8 duplicate /gene - dmlR_1 dmlR_2 dmlR_3 dmlR_4 dmlR_5 dmlR_6 dmlR_7 dmlR_8
[09:39:58] Fixed 2 duplicate /gene - atoC_1 atoC_2
[09:39:58] Fixed 8 duplicate /gene - mmgC_1 mmgC_2 mmgC_3 mmgC_4 mmgC_5 mmgC_6 mmgC_7 mmgC_8
[09:39:58] Fixed 2 duplicate /gene - nuoN_1 nuoN_2
[09:39:58] Fixed 2 duplicate /gene - smc_1 smc_2
[09:39:58] Fixed 2 duplicate /gene - tam_1 tam_2
[09:39:58] Fixed 2 duplicate /gene - glyA2_1 glyA2_2
[09:39:58] Fixed 2 duplicate /gene - rbsC_1 rbsC_2
[09:39:58] Fixed 2 duplicate /gene - cymR_1 cymR_2
[09:39:58] Fixed 2 duplicate /gene - dppC_1 dppC_2
[09:39:58] Fixed 2 duplicate /gene - nlhH_1 nlhH_2
[09:39:58] Fixed 4 duplicate /gene - yhaJ_1 yhaJ_2 yhaJ_3 yhaJ_4
[09:39:58] Fixed 2 duplicate /gene - carA_1 carA_2
[09:39:58] Fixed 2 duplicate /gene - mhpA_1 mhpA_2
[09:39:58] Fixed 2 duplicate /gene - yecN_1 yecN_2
[09:39:58] Fixed 2 duplicate /gene - mkl_1 mkl_2
[09:39:58] Fixed 2 duplicate /gene - pxpA_1 pxpA_2
[09:39:58] Fixed 6 duplicate /gene - abo_1 abo_2 abo_3 abo_4 abo_5 abo_6
[09:39:58] Fixed 3 duplicate /gene - qorA_1 qorA_2 qorA_3
[09:39:58] Fixed 4 duplicate /gene - iolG_1 iolG_2 iolG_3 iolG_4
[09:39:58] Fixed 2 duplicate /gene - ngcG_1 ngcG_2
[09:39:58] Fixed 2 duplicate /gene - rnd_1 rnd_2
[09:39:58] Fixed 2 duplicate /gene - algC_1 algC_2
[09:39:58] Fixed 2 duplicate /gene - glpR_1 glpR_2
[09:39:58] Fixed 3 duplicate /gene - ssuC_1 ssuC_2 ssuC_3
[09:39:58] Fixed 2 duplicate /gene - ndhC_1 ndhC_2
[09:39:58] Fixed 2 duplicate /gene - yqjG_1 yqjG_2
[09:39:58] Fixed 3 duplicate /gene - pccB_1 pccB_2 pccB_3
[09:39:58] Fixed 2 duplicate /gene - rhaR_1 rhaR_2
[09:39:58] Fixed 2 duplicate /gene - cheB_1 cheB_2
[09:39:58] Fixed 2 duplicate /gene - clcD_1 clcD_2
[09:39:58] Fixed 2 duplicate /gene - accB_1 accB_2
[09:39:58] Fixed 3 duplicate /gene - lutA_1 lutA_2 lutA_3
[09:39:58] Fixed 2 duplicate /gene - csd_1 csd_2
[09:39:58] Fixed 5 duplicate /gene - acdA_1 acdA_2 acdA_3 acdA_4 acdA_5
[09:39:58] Fixed 2 duplicate /gene - fadB_1 fadB_2
[09:39:58] Fixed 2 duplicate /gene - kdgK_1 kdgK_2
[09:39:58] Fixed 4 duplicate /gene - pal_1 pal_2 pal_3 pal_4
[09:39:58] Fixed 2 duplicate /gene - tag_1 tag_2
[09:39:58] Fixed 3 duplicate /gene - potB_1 potB_2 potB_3
[09:39:58] Fixed 2 duplicate /gene - yrdA_1 yrdA_2
[09:39:58] Fixed 2 duplicate /gene - hmp_1 hmp_2
[09:39:58] Fixed 2 duplicate /gene - catI_1 catI_2
[09:39:58] Fixed 3 duplicate /gene - comR_1 comR_2 comR_3
[09:39:58] Fixed 3 duplicate /gene - oppD_1 oppD_2 oppD_3
[09:39:58] Fixed 2 duplicate /gene - iclR_1 iclR_2
[09:39:58] Fixed 4 duplicate /gene - dppB_1 dppB_2 dppB_3 dppB_4
[09:39:58] Fixed 4 duplicate /gene - COQ5_1 COQ5_2 COQ5_3 COQ5_4
[09:39:58] Fixed 2 duplicate /gene - perR_1 perR_2
[09:39:58] Fixed 2 duplicate /gene - ald_1 ald_2
[09:39:58] Fixed 12 duplicate /gene - lptB_1 lptB_2 lptB_3 lptB_4 lptB_5 lptB_6 lptB_7 lptB_8 lptB_9 lptB_10 lptB_11 lptB_12
[09:39:58] Fixed 2 duplicate /gene - menB_1 menB_2
[09:39:58] Fixed 2 duplicate /gene - iscS_1 iscS_2
[09:39:58] Fixed 2 duplicate /gene - kce_1 kce_2
[09:39:58] Fixed 2 duplicate /gene - gph_1 gph_2
[09:39:58] Fixed 6 duplicate /gene - lrp_1 lrp_2 lrp_3 lrp_4 lrp_5 lrp_6
[09:39:58] Fixed 3 duplicate /gene - fabF_1 fabF_2 fabF_3
[09:39:58] Fixed 2 duplicate /gene - moeA_1 moeA_2
[09:39:58] Fixed 2 duplicate /gene - rdpA_1 rdpA_2
[09:39:58] Fixed 2 duplicate /gene - tmd_1 tmd_2
[09:39:58] Fixed 3 duplicate /gene - ilvE_1 ilvE_2 ilvE_3
[09:39:58] Fixed 2 duplicate /gene - mnmC_1 mnmC_2
[09:39:58] Fixed 2 duplicate /gene - bfr_1 bfr_2
[09:39:58] Fixed 13 duplicate /gene - gcvA_1 gcvA_2 gcvA_3 gcvA_4 gcvA_5 gcvA_6 gcvA_7 gcvA_8 gcvA_9 gcvA_10 gcvA_11 gcvA_12 gcvA_13
[09:39:58] Fixed 2 duplicate /gene - ibpA_1 ibpA_2
[09:39:58] Fixed 2 duplicate /gene - cobB_1 cobB_2
[09:39:58] Fixed 3 duplicate /gene - smtB_1 smtB_2 smtB_3
[09:39:58] Fixed 2 duplicate /gene - rhtC_1 rhtC_2
[09:39:58] Fixed 2 duplicate /gene - soxB_1 soxB_2
[09:39:58] Fixed 2 duplicate /gene - dinG_1 dinG_2
[09:39:58] Fixed 2 duplicate /gene - acsA_1 acsA_2
[09:39:58] Fixed 2 duplicate /gene - accC_1 accC_2
[09:39:58] Fixed 2 duplicate /gene - aroK_1 aroK_2
[09:39:58] Fixed 2 duplicate /gene - ndhB_1 ndhB_2
[09:39:58] Fixed 2 duplicate /gene - xerD_1 xerD_2
[09:39:58] Fixed 4 duplicate /gene - caiD_1 caiD_2 caiD_3 caiD_4
[09:39:58] Fixed 3 duplicate /gene - garR_1 garR_2 garR_3
[09:39:58] Fixed 2 duplicate /gene - cysA_1 cysA_2
[09:39:58] Fixed 2 duplicate /gene - sctC_1 sctC_2
[09:39:58] Fixed 2 duplicate /gene - hipO_1 hipO_2
[09:39:58] Fixed 3 duplicate /gene - cheY_1 cheY_2 cheY_3
[09:39:58] Fixed 3 duplicate /gene - lcfB_1 lcfB_2 lcfB_3
[09:39:58] Fixed 2 duplicate /gene - cnbA_1 cnbA_2
[09:39:58] Fixed 2 duplicate /gene - mtgB_1 mtgB_2
[09:39:58] Fixed 2 duplicate /gene - gbuA_1 gbuA_2
[09:39:58] Fixed 2 duplicate /gene - trpB_1 trpB_2
[09:39:58] Fixed 4 duplicate /gene - gstB_1 gstB_2 gstB_3 gstB_4
[09:39:58] Fixed 2 duplicate /gene - oppF_1 oppF_2
[09:39:58] Fixed 3 duplicate /gene - bcr_1 bcr_2 bcr_3
[09:39:58] Fixed 2 duplicate /gene - metXA_1 metXA_2
[09:39:58] Fixed 2 duplicate /gene - gltX_1 gltX_2
[09:39:58] Fixed 2 duplicate /gene - cpdR_1 cpdR_2
[09:39:58] Fixed 2 duplicate /gene - aam_1 aam_2
[09:39:58] Fixed 5 duplicate /gene - uctC_1 uctC_2 uctC_3 uctC_4 uctC_5
[09:39:58] Fixed 2 duplicate /gene - mobA_1 mobA_2
[09:39:58] Fixed 2 duplicate /gene - flhA_1 flhA_2
[09:39:58] Fixed 3 duplicate /gene - ycaD_1 ycaD_2 ycaD_3
[09:39:58] Fixed 2 duplicate /gene - flgC_1 flgC_2
[09:39:58] Fixed 2 duplicate /gene - dmdA_1 dmdA_2
[09:39:58] Fixed 3 duplicate /gene - eamA_1 eamA_2 eamA_3
[09:39:58] Fixed 3 duplicate /gene - rhlE_1 rhlE_2 rhlE_3
[09:39:58] Fixed 3 duplicate /gene - rcp1_1 rcp1_2 rcp1_3
[09:39:58] Fixed 4 duplicate /gene - gloB_1 gloB_2 gloB_3 gloB_4
[09:39:58] Fixed 3 duplicate /gene - azoR_1 azoR_2 azoR_3
[09:39:58] Fixed 4 duplicate /gene - nsaD_1 nsaD_2 nsaD_3 nsaD_4
[09:39:58] Fixed 4 duplicate /gene - betI_1 betI_2 betI_3 betI_4
[09:39:58] Fixed 2 duplicate /gene - gshAB_1 gshAB_2
[09:39:58] Fixed 7 duplicate /gene - mshA_1 mshA_2 mshA_3 mshA_4 mshA_5 mshA_6 mshA_7
[09:39:58] Fixed 2 duplicate /gene - ggt_1 ggt_2
[09:39:58] Fixed 2 duplicate /gene - glnB_1 glnB_2
[09:39:58] Fixed 3 duplicate /gene - yfcG_1 yfcG_2 yfcG_3
[09:39:58] Fixed 2 duplicate /gene - vldW_1 vldW_2
[09:39:58] Fixed 3 duplicate /gene - yabJ_1 yabJ_2 yabJ_3
[09:39:58] Fixed 3 duplicate /gene - eryB_1 eryB_2 eryB_3
[09:39:58] Fixed 2 duplicate /gene - nuoB_1 nuoB_2
[09:39:58] Fixed 2 duplicate /gene - cckA_1 cckA_2
[09:39:58] Fixed 7 duplicate /gene - btuD_1 btuD_2 btuD_3 btuD_4 btuD_5 btuD_6 btuD_7
[09:39:58] Fixed 2 duplicate /gene - xthA_1 xthA_2
[09:39:58] Fixed 2 duplicate /gene - nagL_1 nagL_2
[09:39:58] Fixed 4 duplicate /gene - sutR_1 sutR_2 sutR_3 sutR_4
[09:39:58] Fixed 2 duplicate /gene - hin_1 hin_2
[09:39:58] Fixed 2 duplicate /gene - rpoH_1 rpoH_2
[09:39:58] Fixed 2 duplicate /gene - rppH_1 rppH_2
[09:39:58] Fixed 2 duplicate /gene - malK_1 malK_2
[09:39:58] Fixed 2 duplicate /gene - tauB_1 tauB_2
[09:39:58] Fixed 2 duplicate /gene - pxpC_1 pxpC_2
[09:39:58] Fixed 6 duplicate /gene - hdfR_1 hdfR_2 hdfR_3 hdfR_4 hdfR_5 hdfR_6
[09:39:58] Fixed 2 duplicate /gene - lcdH_1 lcdH_2
[09:39:58] Fixed 2 duplicate /gene - gabR_1 gabR_2
[09:39:58] Fixed 2 duplicate /gene - cspA_1 cspA_2
[09:39:58] Fixed 2 duplicate /gene - ydcV_1 ydcV_2
[09:39:58] Fixed 2 duplicate /gene - rnaJ_1 rnaJ_2
[09:39:58] Fixed 48 duplicate /gene - rcsC_1 rcsC_2 rcsC_3 rcsC_4 rcsC_5 rcsC_6 rcsC_7 rcsC_8 rcsC_9 rcsC_10 rcsC_11 rcsC_12 rcsC_13 rcsC_14 rcsC_15 rcsC_16 rcsC_17 rcsC_18 rcsC_19 rcsC_20 rcsC_21 rcsC_22 rcsC_23 rcsC_24 rcsC_25 rcsC_26 rcsC_27 rcsC_28 rcsC_29 rcsC_30 rcsC_31 rcsC_32 rcsC_33 rcsC_34 rcsC_35 rcsC_36 rcsC_37 rcsC_38 rcsC_39 rcsC_40 rcsC_41 rcsC_42 rcsC_43 rcsC_44 rcsC_45 rcsC_46 rcsC_47 rcsC_48
[09:39:58] Fixed 2 duplicate /gene - nqo2_1 nqo2_2
[09:39:58] Fixed 3 duplicate /gene - dksA_1 dksA_2 dksA_3
[09:39:58] Fixed 2 duplicate /gene - yciB_1 yciB_2
[09:39:58] Fixed 2 duplicate /gene - ywrD_1 ywrD_2
[09:39:58] Fixed 2 duplicate /gene - copA_1 copA_2
[09:39:58] Fixed 2 duplicate /gene - acpP_1 acpP_2
[09:39:58] Fixed 2 duplicate /gene - ugpA_1 ugpA_2
[09:39:58] Fixed 2 duplicate /gene - decR_1 decR_2
[09:39:58] Fixed 4 duplicate /gene - accA1_1 accA1_2 accA1_3 accA1_4
[09:39:58] Fixed 2 duplicate /gene - opuAA_1 opuAA_2
[09:39:58] Fixed 2 duplicate /gene - bauC_1 bauC_2
[09:39:58] Fixed 2 duplicate /gene - cmpR_1 cmpR_2
[09:39:58] Fixed 2 duplicate /gene - murG_1 murG_2
[09:39:58] Fixed 2 duplicate /gene - atpG_1 atpG_2
[09:39:58] Fixed 2 duplicate /gene - acrC_1 acrC_2
[09:39:58] Fixed 2 duplicate /gene - fadN_1 fadN_2
[09:39:58] Fixed 3 duplicate /gene - dppA_1 dppA_2 dppA_3
[09:39:58] Fixed 5 duplicate /gene - echA8_1 echA8_2 echA8_3 echA8_4 echA8_5
[09:39:58] Fixed 3 duplicate /gene - rbsA_1 rbsA_2 rbsA_3
[09:39:58] Fixed 8 duplicate /gene - ribN_1 ribN_2 ribN_3 ribN_4 ribN_5 ribN_6 ribN_7 ribN_8
[09:39:58] Fixed 2 duplicate /gene - merA_1 merA_2
[09:39:58] Fixed 3 duplicate /gene - ddpC_1 ddpC_2 ddpC_3
[09:39:58] Fixed 3 duplicate /gene - fadD_1 fadD_2 fadD_3
[09:39:58] Fixed 2 duplicate /gene - spuC_1 spuC_2
[09:39:58] Fixed 2 duplicate /gene - yhdE_1 yhdE_2
[09:39:58] Fixed 2 duplicate /gene - alkJ_1 alkJ_2
[09:39:58] Fixed 2 duplicate /gene - msrA_1 msrA_2
[09:39:58] Fixed 7 duplicate /gene - xerC_1 xerC_2 xerC_3 xerC_4 xerC_5 xerC_6 xerC_7
[09:39:58] Fixed 3 duplicate /gene - fadH_1 fadH_2 fadH_3
[09:39:58] Fixed 3 duplicate /gene - gsiA_1 gsiA_2 gsiA_3
[09:39:58] Fixed 2 duplicate /gene - aspC_1 aspC_2
[09:39:58] Fixed 2 duplicate /gene - soxA_1 soxA_2
[09:39:58] Fixed 3 duplicate /gene - bepC_1 bepC_2 bepC_3
[09:39:58] Fixed 2 duplicate /gene - puuB_1 puuB_2
[09:39:58] Fixed 260 colliding /gene names.
[09:39:58] Adding /locus_tag identifiers
[09:39:58] Assigned 3927 locus_tags to CDS and RNA features.
[09:39:58] Writing outputs to ../../Data/Chen_Analysis/Prokka/Bacteria/GOMC.bin.10260/
[09:39:58] Generating annotation statistics file
[09:39:58] Generating Genbank and Sequin files
[09:39:58] Running: tbl2asn -V b -a r10k -l paired-ends -M n -N 1 -y 'Annotated using prokka 1.14.6 from https://github.com/tseemann/prokka' -Z \.\.\/\.\.\/Data\/Chen_Analysis\/Prokka\/Bacteria\/GOMC\.bin\.10260\/GOMC\.bin\.10260\.err -i \.\.\/\.\.\/Data\/Chen_Analysis\/Prokka\/Bacteria\/GOMC\.bin\.10260\/GOMC\.bin\.10260\.fsa 2> /dev/null
[09:40:02] Deleting unwanted file: ../../Data/Chen_Analysis/Prokka/Bacteria/GOMC.bin.10260/errorsummary.val
[09:40:02] Deleting unwanted file: ../../Data/Chen_Analysis/Prokka/Bacteria/GOMC.bin.10260/GOMC.bin.10260.dr
[09:40:02] Deleting unwanted file: ../../Data/Chen_Analysis/Prokka/Bacteria/GOMC.bin.10260/GOMC.bin.10260.fixedproducts
[09:40:02] Deleting unwanted file: ../../Data/Chen_Analysis/Prokka/Bacteria/GOMC.bin.10260/GOMC.bin.10260.ecn
[09:40:02] Deleting unwanted file: ../../Data/Chen_Analysis/Prokka/Bacteria/GOMC.bin.10260/GOMC.bin.10260.val
[09:40:02] Repairing broken .GBK output that tbl2asn produces...
[09:40:02] Running: sed 's/COORDINATES: profile/COORDINATES:profile/' < \.\.\/\.\.\/Data\/Chen_Analysis\/Prokka\/Bacteria\/GOMC\.bin\.10260\/GOMC\.bin\.10260\.gbf > \.\.\/\.\.\/Data\/Chen_Analysis\/Prokka\/Bacteria\/GOMC\.bin\.10260\/GOMC\.bin\.10260\.gbk
[09:40:02] Deleting unwanted file: ../../Data/Chen_Analysis/Prokka/Bacteria/GOMC.bin.10260/GOMC.bin.10260.gbf
[09:40:02] Output files:
[09:40:02] ../../Data/Chen_Analysis/Prokka/Bacteria/GOMC.bin.10260/GOMC.bin.10260.gbk
[09:40:02] ../../Data/Chen_Analysis/Prokka/Bacteria/GOMC.bin.10260/GOMC.bin.10260.fsa
[09:40:02] ../../Data/Chen_Analysis/Prokka/Bacteria/GOMC.bin.10260/GOMC.bin.10260.ffn
[09:40:02] ../../Data/Chen_Analysis/Prokka/Bacteria/GOMC.bin.10260/GOMC.bin.10260.tbl
[09:40:02] ../../Data/Chen_Analysis/Prokka/Bacteria/GOMC.bin.10260/GOMC.bin.10260.faa
[09:40:02] ../../Data/Chen_Analysis/Prokka/Bacteria/GOMC.bin.10260/GOMC.bin.10260.err
[09:40:02] ../../Data/Chen_Analysis/Prokka/Bacteria/GOMC.bin.10260/GOMC.bin.10260.tsv
[09:40:02] ../../Data/Chen_Analysis/Prokka/Bacteria/GOMC.bin.10260/GOMC.bin.10260.sqn
[09:40:02] ../../Data/Chen_Analysis/Prokka/Bacteria/GOMC.bin.10260/GOMC.bin.10260.gff
[09:40:02] ../../Data/Chen_Analysis/Prokka/Bacteria/GOMC.bin.10260/GOMC.bin.10260.txt
[09:40:02] ../../Data/Chen_Analysis/Prokka/Bacteria/GOMC.bin.10260/GOMC.bin.10260.fna
[09:40:02] ../../Data/Chen_Analysis/Prokka/Bacteria/GOMC.bin.10260/GOMC.bin.10260.log
[09:40:02] Annotation finished successfully.
[09:40:02] Walltime used: 1.73 minutes
[09:40:02] If you use this result please cite the Prokka paper:
[09:40:02] Seemann T (2014) Prokka: rapid prokaryotic genome annotation. Bioinformatics. 30(14):2068-9.
[09:40:02] Type 'prokka --citation' for more details.
[09:40:02] Thank you, come again.
