[09:23:39] This is prokka 1.14.6
[09:23:39] Written by Torsten Seemann <torsten.seemann@gmail.com>
[09:23:39] Homepage is https://github.com/tseemann/prokka
[09:23:39] Local time is Mon Dec  1 09:23:39 2025
[09:23:39] You are joao_facio
[09:23:39] Operating system is linux
[09:23:39] You have BioPerl 1.7.8
[09:23:39] System has 12 cores.
[09:23:39] Will use maximum of 4 cores.
[09:23:39] Annotating as >>> Bacteria <<<
[09:23:39] Generating locus_tag from '/tmp/tmp6gns85ah/GOMC.bin.6395.fa' contents.
[09:23:39] Setting --locustag DGGDHDNJ from MD5 d00d1d731ba2e7365333b00fda842766
[09:23:39] Creating new output folder: ../../Data/Chen_Analysis/Prokka/Bacteria/GOMC.bin.6395
[09:23:39] Running: mkdir -p \.\.\/\.\.\/Data\/Chen_Analysis\/Prokka\/Bacteria\/GOMC\.bin\.6395
[09:23:39] Using filename prefix: GOMC.bin.6395.XXX
[09:23:39] Setting HMMER_NCPU=1
[09:23:39] Writing log to: ../../Data/Chen_Analysis/Prokka/Bacteria/GOMC.bin.6395/GOMC.bin.6395.log
[09:23:39] Command: /home/joao_facio/miniconda3/envs/prokka/bin/prokka --outdir ../../Data/Chen_Analysis/Prokka/Bacteria/GOMC.bin.6395 --prefix GOMC.bin.6395 --kingdom Bacteria --genus UBA7441 --strain GOMC.bin.6395 --cpus 4 --force /tmp/tmp6gns85ah/GOMC.bin.6395.fa
[09:23:39] Appending to PATH: /home/joao_facio/miniconda3/envs/prokka/bin
[09:23:39] Looking for 'aragorn' - found /home/joao_facio/miniconda3/envs/prokka/bin/aragorn
[09:23:39] Determined aragorn version is 001002 from 'ARAGORN v1.2.41 Dean Laslett'
[09:23:39] Looking for 'barrnap' - found /home/joao_facio/miniconda3/envs/prokka/bin/barrnap
[09:23:39] Determined barrnap version is 000009 from 'barrnap 0.9'
[09:23:39] Looking for 'blastp' - found /home/joao_facio/miniconda3/envs/prokka/bin/blastp
[09:23:39] Determined blastp version is 002016 from 'blastp: 2.16.0+'
[09:23:39] Looking for 'cmpress' - found /home/joao_facio/miniconda3/envs/prokka/bin/cmpress
[09:23:39] Determined cmpress version is 001001 from '# INFERNAL 1.1.5 (Sep 2023)'
[09:23:39] Looking for 'cmscan' - found /home/joao_facio/miniconda3/envs/prokka/bin/cmscan
[09:23:39] Determined cmscan version is 001001 from '# INFERNAL 1.1.5 (Sep 2023)'
[09:23:39] Looking for 'egrep' - found /usr/bin/egrep
[09:23:39] Looking for 'find' - found /usr/bin/find
[09:23:39] Looking for 'grep' - found /usr/bin/grep
[09:23:39] Looking for 'hmmpress' - found /home/joao_facio/miniconda3/envs/prokka/bin/hmmpress
[09:23:39] Determined hmmpress version is 003004 from '# HMMER 3.4 (Aug 2023); http://hmmer.org/'
[09:23:39] Looking for 'hmmscan' - found /home/joao_facio/miniconda3/envs/prokka/bin/hmmscan
[09:23:39] Determined hmmscan version is 003004 from '# HMMER 3.4 (Aug 2023); http://hmmer.org/'
[09:23:39] Looking for 'java' - found /home/joao_facio/miniconda3/envs/prokka/bin/java
[09:23:39] Looking for 'makeblastdb' - found /home/joao_facio/miniconda3/envs/prokka/bin/makeblastdb
[09:23:39] Determined makeblastdb version is 002016 from 'makeblastdb: 2.16.0+'
[09:23:39] Looking for 'minced' - found /home/joao_facio/miniconda3/envs/prokka/bin/minced
[09:23:39] Determined minced version is 004002 from 'minced 0.4.2'
[09:23:39] Looking for 'parallel' - found /home/joao_facio/miniconda3/envs/prokka/bin/parallel
[09:23:39] Determined parallel version is 20251122 from 'GNU parallel 20251122'
[09:23:39] Looking for 'prodigal' - found /home/joao_facio/miniconda3/envs/prokka/bin/prodigal
[09:23:39] Determined prodigal version is 002006 from 'Prodigal V2.6.3: February, 2016'
[09:23:39] Looking for 'prokka-genbank_to_fasta_db' - found /home/joao_facio/miniconda3/envs/prokka/bin/prokka-genbank_to_fasta_db
[09:23:39] Looking for 'sed' - found /usr/bin/sed
[09:23:39] Looking for 'tbl2asn' - found /home/joao_facio/miniconda3/envs/prokka/bin/tbl2asn
[09:23:39] Determined tbl2asn version is 025007 from 'tbl2asn 25.7   arguments:'
[09:23:39] Using genetic code table 11.
[09:23:39] Loading and checking input file: /tmp/tmp6gns85ah/GOMC.bin.6395.fa
[09:23:40] Wrote 58 contigs totalling 4285830 bp.
[09:23:40] Predicting tRNAs and tmRNAs
[09:23:40] Running: aragorn -l -gc11  -w \.\.\/\.\.\/Data\/Chen_Analysis\/Prokka\/Bacteria\/GOMC\.bin\.6395\/GOMC\.bin\.6395\.fna
[09:23:41] 1 tRNA-Pro [1802,1879] 36 (tgg)
[09:23:41] 2 tRNA-Arg [15509,15596] 39 (gcg)
[09:23:41] 3 tRNA-Leu c[42011,42097] 35 (taa)
[09:23:41] 4 tRNA-Arg [47967,48041] 34 (cct)
[09:23:41] 5 tRNA-Leu [148129,148214] 34 (cag)
[09:23:41] 6 tRNA-His [197558,197634] 35 (gtg)
[09:23:41] 7 tRNA-Ser [449953,450040] 35 (tga)
[09:23:41] 1 tRNA-Met c[74900,74974] 33 (cat)
[09:23:41] 2 tRNA-Lys [167726,167801] 34 (ttt)
[09:23:41] 3 tRNA-Arg c[285516,285590] 34 (ccg)
[09:23:41] 4 tRNA-Met c[413545,413631] 32 (cat)
[09:23:41] 5 tRNA-Ile c[427681,427757] 35 (gat)
[09:23:41] 6 tRNA-Ala c[427778,427853] 34 (tgc)
[09:23:41] 1 tRNA-Thr [6157,6231] 33 (ggt)
[09:23:41] 2 tRNA-Trp [7571,7646] 34 (cca)
[09:23:41] 3 tRNA-Gly c[169466,169536] 33 (ccc)
[09:23:41] 4 tRNA-Leu [194052,194136] 35 (aag)
[09:23:41] 5 tRNA-Ser c[204060,204149] 35 (cga)
[09:23:41] 6 tRNA-Cys [206039,206112] 33 (gca)
[09:23:41] 1 tRNA-Met [53887,53962] 34 (cat)
[09:23:41] 2 tRNA-Gly c[101050,101125] 34 (gcc)
[09:23:41] 1 tRNA-Leu [53928,54016] 37 (caa)
[09:23:41] 1 tRNA-Pro c[11030,11106] 35 (ggg)
[09:23:41] 2 tRNA-Thr c[35647,35722] 34 (tgt)
[09:23:41] 3 tRNA-Lys c[35739,35813] 35 (ctt)
[09:23:41] 4 tRNA-Asp c[47864,47940] 35 (gtc)
[09:23:41] 5 tRNA-Asn [86743,86817] 33 (gtt)
[09:23:41] 1 tmRNA c[165162,165507] 94,123 GEEQFALAA*
[09:23:41] 1 tRNA-Gly c[50181,50254] 33 (tcc)
[09:23:41] 1 tRNA-Met [46751,46827] 35 (cat)
[09:23:41] 1 tRNA-Arg c[39199,39275] 35 (tct)
[09:23:41] 1 tRNA-Ser [27571,27660] 35 (gga)
[09:23:41] 1 tRNA-Thr c[24463,24538] 34 (cgt)
[09:23:41] 1 tRNA-Tyr [16841,16925] 35 (gta)
[09:23:41] 2 tRNA-Gln [43657,43730] 33 (ttg)
[09:23:41] 1 tRNA-Ala c[5000,5075] 34 (ggc)
[09:23:41] 2 tRNA-Arg [8187,8263] 35 (acg)
[09:23:41] 1 tRNA-Leu c[23177,23261] 35 (caa)
[09:23:41] 2 tRNA-Ser c[27105,27195] 35 (gct)
[09:23:41] 3 tRNA-Phe [39398,39473] 34 (gaa)
[09:23:41] 4 tRNA-Leu [39696,39778] 35 (tag)
[09:23:41] 1 tRNA-Glu c[6462,6539] 37 (ttc)
[09:23:41] 1 tRNA-Val c[17053,17129] 35 (gac)
[09:23:41] 1 tRNA-Val c[4220,4296] 35 (tac)
[09:23:41] Found 44 tRNAs
[09:23:41] Predicting Ribosomal RNAs
[09:23:41] Running Barrnap with 4 threads
[09:23:41] 1 PPCM01000019.1 424647 23S ribosomal RNA
[09:23:41] 2 PPCM01000019.1 428096 16S ribosomal RNA (partial)
[09:23:41] 3 PPCM01000045.1 2 16S ribosomal RNA (partial)
[09:23:41] Found 3 rRNAs
[09:23:41] Skipping ncRNA search, enable with --rfam if desired.
[09:23:41] Total of 46 tRNA + rRNA features
[09:23:41] Searching for CRISPR repeats
[09:23:41] CRISPR1 PPCM01000037.1 18 with 41 spacers
[09:23:41] CRISPR2 PPCM01000310.1 54929 with 7 spacers
[09:23:41] CRISPR3 PPCM01000310.1 55358 with 17 spacers
[09:23:41] Found 3 CRISPRs
[09:23:41] Predicting coding sequences
[09:23:41] Contigs total 4285830 bp, so using single mode
[09:23:41] Running: prodigal -i \.\.\/\.\.\/Data\/Chen_Analysis\/Prokka\/Bacteria\/GOMC\.bin\.6395\/GOMC\.bin\.6395\.fna -c -m -g 11 -p single -f sco -q
[09:23:48] Excluding CDS which overlaps existing RNA (tRNA) at PPCM01000012.1:13156..15609 on - strand
[09:23:49] Excluding CDS which overlaps existing RNA (tRNA) at PPCM01000019.1:285427..285576 on - strand
[09:23:49] Excluding CDS which overlaps existing RNA (tRNA) at PPCM01000019.1:411594..414557 on + strand
[09:23:49] Excluding CDS which overlaps existing RNA (rRNA) at PPCM01000019.1:425982..426170 on + strand
[09:23:49] Excluding CDS which overlaps existing RNA (repeat_region) at PPCM01000037.1:2332..2973 on + strand
[09:23:49] Excluding CDS which overlaps existing RNA (tRNA) at PPCM01000037.1:194080..194538 on + strand
[09:23:49] Excluding CDS which overlaps existing RNA (tRNA) at PPCM01000045.1:53272..56202 on - strand
[09:23:49] Excluding CDS which overlaps existing RNA (tRNA) at PPCM01000384.1:8226..8327 on - strand
[09:23:50] Found 3671 CDS
[09:23:50] Connecting features back to sequences
[09:23:50] Not using genus-specific database. Try --usegenus to enable it.
[09:23:50] Annotating CDS, please be patient.
[09:23:50] Will use 4 CPUs for similarity searching.
[09:23:50] There are still 3671 unannotated CDS left (started with 3671)
[09:23:50] Will use blast to search against /home/joao_facio/miniconda3/envs/prokka/db/kingdom/Bacteria/IS with 4 CPUs
[09:23:50] Running: cat \.\.\/\.\.\/Data\/Chen_Analysis\/Prokka\/Bacteria\/GOMC\.bin\.6395\/GOMC\.bin\.6395\.IS\.tmp\.3366031\.faa | parallel --gnu --plain -j 4 --block 163905 --recstart '>' --pipe blastp -query - -db /home/joao_facio/miniconda3/envs/prokka/db/kingdom/Bacteria/IS -evalue 1e-30 -qcov_hsp_perc 90 -num_threads 1 -num_descriptions 1 -num_alignments 1 -seg no > \.\.\/\.\.\/Data\/Chen_Analysis\/Prokka\/Bacteria\/GOMC\.bin\.6395\/GOMC\.bin\.6395\.IS\.tmp\.3366031\.blast 2> /dev/null
[09:24:03] Deleting unwanted file: ../../Data/Chen_Analysis/Prokka/Bacteria/GOMC.bin.6395/GOMC.bin.6395.IS.tmp.3366031.faa
[09:24:03] Deleting unwanted file: ../../Data/Chen_Analysis/Prokka/Bacteria/GOMC.bin.6395/GOMC.bin.6395.IS.tmp.3366031.blast
[09:24:04] There are still 3666 unannotated CDS left (started with 3671)
[09:24:04] Will use blast to search against /home/joao_facio/miniconda3/envs/prokka/db/kingdom/Bacteria/AMR with 4 CPUs
[09:24:04] Running: cat \.\.\/\.\.\/Data\/Chen_Analysis\/Prokka\/Bacteria\/GOMC\.bin\.6395\/GOMC\.bin\.6395\.AMR\.tmp\.3366031\.faa | parallel --gnu --plain -j 4 --block 163712 --recstart '>' --pipe blastp -query - -db /home/joao_facio/miniconda3/envs/prokka/db/kingdom/Bacteria/AMR -evalue 1e-300 -qcov_hsp_perc 90 -num_threads 1 -num_descriptions 1 -num_alignments 1 -seg no > \.\.\/\.\.\/Data\/Chen_Analysis\/Prokka\/Bacteria\/GOMC\.bin\.6395\/GOMC\.bin\.6395\.AMR\.tmp\.3366031\.blast 2> /dev/null
[09:24:14] Deleting unwanted file: ../../Data/Chen_Analysis/Prokka/Bacteria/GOMC.bin.6395/GOMC.bin.6395.AMR.tmp.3366031.faa
[09:24:14] Deleting unwanted file: ../../Data/Chen_Analysis/Prokka/Bacteria/GOMC.bin.6395/GOMC.bin.6395.AMR.tmp.3366031.blast
[09:24:14] There are still 3666 unannotated CDS left (started with 3671)
[09:24:14] Will use blast to search against /home/joao_facio/miniconda3/envs/prokka/db/kingdom/Bacteria/sprot with 4 CPUs
[09:24:14] Running: cat \.\.\/\.\.\/Data\/Chen_Analysis\/Prokka\/Bacteria\/GOMC\.bin\.6395\/GOMC\.bin\.6395\.sprot\.tmp\.3366031\.faa | parallel --gnu --plain -j 4 --block 163712 --recstart '>' --pipe blastp -query - -db /home/joao_facio/miniconda3/envs/prokka/db/kingdom/Bacteria/sprot -evalue 1e-09 -qcov_hsp_perc 80 -num_threads 1 -num_descriptions 1 -num_alignments 1 -seg no > \.\.\/\.\.\/Data\/Chen_Analysis\/Prokka\/Bacteria\/GOMC\.bin\.6395\/GOMC\.bin\.6395\.sprot\.tmp\.3366031\.blast 2> /dev/null
[09:25:10] Modify product: Bifunctional protein FolD => Bifunctional protein FolD protein
[09:25:10] Modify product: Uncharacterized protein Rv2569c => putative protein
[09:25:10] Modify product: Uncharacterized protein Rv2569c => putative protein
[09:25:10] Modify product: Uncharacterized protein Rv2569c => putative protein
[09:25:10] Modify product: Uncharacterized protein Rv2411c => putative protein
[09:25:10] Modify product: Sulfurtransferase Alvin_2599 => Sulfurtransferase
[09:25:10] Modify product: Probable lipid II flippase MurJ => putative lipid II flippase MurJ
[09:25:10] Modify product: UPF0382 membrane protein YwdK => hypothetical protein
[09:25:10] Modify product: Putative esterase aq_1494 => Putative esterase
[09:25:10] Modify product: Probable protein kinase UbiB => putative protein kinase UbiB
[09:25:10] Modify product: Probable sulfate transporter Rv1739c => putative sulfate transporter
[09:25:10] Modify product: Uncharacterized ABC transporter ATP-binding protein YknY => putative ABC transporter ATP-binding protein YknY
[09:25:10] Modify product: UPF0365 protein SA1402 => hypothetical protein
[09:25:10] Modify product: Uncharacterized protein Rv1276c => putative protein
[09:25:10] Modify product: UPF0176 protein lpg2838 => hypothetical protein
[09:25:10] Modify product: UPF0225 protein YchJ => hypothetical protein
[09:25:10] Modify product: UPF0213 protein BH0048 => hypothetical protein
[09:25:10] Modify product: Probable sulfate transporter Rv1739c => putative sulfate transporter
[09:25:10] Modify product: Uncharacterized protein BCG_0605c => putative protein
[09:25:10] Modify product: Epimerase family protein Rv2216 => Epimerase family protein
[09:25:10] Modify product: Uncharacterized protein YbcJ => putative protein YbcJ
[09:25:10] Modify product: Probable transcriptional regulatory protein DVU_2259 => putative transcriptional regulatory protein
[09:25:10] Modify product: UPF0758 protein YsxA => hypothetical protein
[09:25:10] Modify product: Probable dual-specificity RNA methyltransferase RlmN => putative dual-specificity RNA methyltransferase RlmN
[09:25:10] Modify product: ABC transporter ATP-binding/permease protein Rv1747 => ABC transporter ATP-binding/permease protein
[09:25:10] Modify product: Uncharacterized ABC transporter ATP-binding protein YknY => putative ABC transporter ATP-binding protein YknY
[09:25:10] Modify product: UPF0309 protein BH3325 => hypothetical protein
[09:25:10] Modify product: Uncharacterized protein Rv2569c => putative protein
[09:25:10] Modify product: Probable dual-specificity RNA methyltransferase RlmN => putative dual-specificity RNA methyltransferase RlmN
[09:25:10] Modify product: UPF0051 protein SA0778 => hypothetical protein
[09:25:10] Modify product: UPF0051 protein SA0778 => hypothetical protein
[09:25:10] Modify product: Probable ABC transporter-binding protein DR_1571 => putative ABC transporter-binding protein
[09:25:10] Modify product: Uncharacterized ABC transporter ATP-binding protein YheS => putative ABC transporter ATP-binding protein YheS
[09:25:10] Modify product: Uncharacterized symporter YjmB => putative symporter YjmB
[09:25:10] Modify product: Nudix hydrolase DR_0079 => Nudix hydrolase
[09:25:10] Modify product: Phosphate-specific transport system accessory protein PhoU homolog => Phosphate-specific transport system accessory protein PhoU 
[09:25:10] Modify product: Probable endoribonuclease MazF => putative endoribonuclease MazF
[09:25:10] Modify product: Probable ribonucleotide transport ATP-binding protein mkl => putative ribonucleotide transport ATP-binding protein mkl
[09:25:10] Modify product: UPF0701 protein HI_0467 => hypothetical protein
[09:25:10] Modify product: Uncharacterized HTH-type transcriptional regulator YdjF => putative HTH-type transcriptional regulator YdjF
[09:25:10] Modify product: Carbon dioxide-concentrating mechanism protein CcmK homolog 2 => Carbon dioxide-concentrating mechanism protein CcmK 
[09:25:10] Modify product: Probable type I restriction enzyme BthVORF4518P M protein => putative type I restriction enzymeP M protein
[09:25:10] Modify product: Nucleoid-associated protein Cthe_2143 => Nucleoid-associated protein
[09:25:10] Modify product: Uncharacterized HTH-type transcriptional regulator YbaQ => putative HTH-type transcriptional regulator YbaQ
[09:25:10] Modify product: UPF0213 protein BH0048 => hypothetical protein
[09:25:10] Modify product: Probable HTH-type transcriptional repressor ExuR => putative HTH-type transcriptional repressor ExuR
[09:25:10] Modify product: UPF0301 protein Rv0038 => hypothetical protein
[09:25:10] Modify product: UPF0053 inner membrane protein YfjD => hypothetical protein
[09:25:10] Modify product: Probable peptidoglycan glycosyltransferase FtsW => putative peptidoglycan glycosyltransferase FtsW
[09:25:10] Modify product: Uncharacterized ABC transporter ATP-binding protein TM_0288 => putative ABC transporter ATP-binding protein
[09:25:10] Modify product: ABC transporter ATP-binding/permease protein Rv1747 => ABC transporter ATP-binding/permease protein
[09:25:10] Modify product: Uncharacterized protein Rv0628c => putative protein
[09:25:10] Modify product: Uncharacterized protein Rv2008c => putative protein
[09:25:10] Modify product: UPF0502 protein YceH => hypothetical protein
[09:25:10] Modify product: Uncharacterized metal-dependent hydrolase YcfH => putative metal-dependent hydrolase YcfH
[09:25:10] Modify product: Probable adenylyl-sulfate kinase => putative adenylyl-sulfate kinase
[09:25:10] Modify product: Carbohydrate esterase MZ0003 => Carbohydrate esterase
[09:25:10] Modify product: Uncharacterized sugar kinase YdjH => putative sugar kinase YdjH
[09:25:10] Modify product: Uncharacterized sugar transferase EpsL => putative sugar transferase EpsL
[09:25:10] Modify product: Probable GTP-binding protein EngB => putative GTP-binding protein EngB
[09:25:10] Modify product: Probable N-acetyl-LL-diaminopimelate aminotransferase => putative N-acetyl-LL-diaminopimelate aminotransferase
[09:25:10] Modify product: Uncharacterized ABC transporter ATP-binding protein YheS => putative ABC transporter ATP-binding protein YheS
[09:25:10] Modify product: UPF0053 protein Rv2366c => hypothetical protein
[09:25:11] Modify product: Probable adenylyltransferase/sulfurtransferase MoeZ => putative adenylyltransferase/sulfurtransferase MoeZ
[09:25:11] Modify product: Uncharacterized protein YggR => putative protein YggR
[09:25:11] Modify product: Uncharacterized protein HI_1163 => putative protein
[09:25:11] Modify product: UPF0145 protein BCE33L0904 => hypothetical protein
[09:25:11] Modify product: Probable ATP-dependent DNA helicase YoaA => putative ATP-dependent DNA helicase YoaA
[09:25:11] Modify product: Uncharacterized ABC transporter ATP-binding protein YxlF => putative ABC transporter ATP-binding protein YxlF
[09:25:11] Modify product: Putative multidrug export ATP-binding/permease protein SAV1866 => Putative multidrug export ATP-binding/permease protein
[09:25:11] Modify product: Uncharacterized protein Rv2008c => putative protein
[09:25:11] Modify product: Uncharacterized ABC transporter ATP-binding protein TM_0288 => putative ABC transporter ATP-binding protein
[09:25:11] Modify product: Uncharacterized protein HI_0933 => putative protein
[09:25:11] Modify product: Ribonuclease TTHA0252 => Ribonuclease
[09:25:11] Modify product: Putative HTH-type transcriptional regulator Rv1287 => Putative HTH-type transcriptional regulator
[09:25:11] Modify product: Probable molybdenum cofactor guanylyltransferase => putative molybdenum cofactor guanylyltransferase
[09:25:11] Modify product: UPF0758 protein YsxA => hypothetical protein
[09:25:11] Modify product: GTP cyclohydrolase 1 type 2 homolog => GTP cyclohydrolase 1 type 2 
[09:25:11] Modify product: Uncharacterized FAD-linked oxidoreductase Rv2280 => putative FAD-linked oxidoreductase
[09:25:11] Modify product: Uncharacterized sugar epimerase YhfK => putative sugar epimerase YhfK
[09:25:11] Modify product: Probable HTH-type transcriptional repressor ExuR => putative HTH-type transcriptional repressor ExuR
[09:25:11] Modify product: Uncharacterized protein YhaZ => putative protein YhaZ
[09:25:11] Modify product: Putative low molecular weight protein-tyrosine-phosphatase slr0328 => Putative low molecular weight protein-tyrosine-phosphatase
[09:25:11] Modify product: Putative esterase aq_1494 => Putative esterase
[09:25:11] Modify product: Probable ribonucleotide transport ATP-binding protein mkl => putative ribonucleotide transport ATP-binding protein mkl
[09:25:11] Modify product: Uncharacterized oxidoreductase YjmC => putative oxidoreductase YjmC
[09:25:11] Modify product: Uncharacterized oxidoreductase UxuB => putative oxidoreductase UxuB
[09:25:11] Modify product: Uncharacterized oxidoreductase YgfF => putative oxidoreductase YgfF
[09:25:11] Modify product: Putative multidrug export ATP-binding/permease protein SAV1866 => Putative multidrug export ATP-binding/permease protein
[09:25:11] Modify product: Uncharacterized oxidoreductase SA2266 => putative oxidoreductase
[09:25:11] Modify product: Putative acetyltransferase Rv3034c => Putative acetyltransferase
[09:25:11] Modify product: Uncharacterized protein HI_0103 => putative protein
[09:25:11] Modify product: Uncharacterized oxidoreductase Rv1350 => putative oxidoreductase
[09:25:11] Modify product: Probable copper-exporting P-type ATPase V => putative copper-exporting P-type ATPase V
[09:25:11] Modify product: Cytochrome c oxidase subunit 1 homolog, bacteroid => Cytochrome c oxidase subunit 1 , bacteroid
[09:25:11] Cleaned 95 /product names
[09:25:11] Deleting unwanted file: ../../Data/Chen_Analysis/Prokka/Bacteria/GOMC.bin.6395/GOMC.bin.6395.sprot.tmp.3366031.faa
[09:25:11] Deleting unwanted file: ../../Data/Chen_Analysis/Prokka/Bacteria/GOMC.bin.6395/GOMC.bin.6395.sprot.tmp.3366031.blast
[09:25:11] There are still 2441 unannotated CDS left (started with 3671)
[09:25:11] Will use hmmer3 to search against /home/joao_facio/miniconda3/envs/prokka/db/hmm/HAMAP.hmm with 4 CPUs
[09:25:11] Running: cat \.\.\/\.\.\/Data\/Chen_Analysis\/Prokka\/Bacteria\/GOMC\.bin\.6395\/GOMC\.bin\.6395\.HAMAP\.hmm\.tmp\.3366031\.faa | parallel --gnu --plain -j 4 --block 106108 --recstart '>' --pipe hmmscan --noali --notextw --acc -E 1e-09 --cpu 1 /home/joao_facio/miniconda3/envs/prokka/db/hmm/HAMAP.hmm /dev/stdin > \.\.\/\.\.\/Data\/Chen_Analysis\/Prokka\/Bacteria\/GOMC\.bin\.6395\/GOMC\.bin\.6395\.HAMAP\.hmm\.tmp\.3366031\.hmmer3 2> /dev/null
[09:25:30] Deleting unwanted file: ../../Data/Chen_Analysis/Prokka/Bacteria/GOMC.bin.6395/GOMC.bin.6395.HAMAP.hmm.tmp.3366031.faa
[09:25:30] Deleting unwanted file: ../../Data/Chen_Analysis/Prokka/Bacteria/GOMC.bin.6395/GOMC.bin.6395.HAMAP.hmm.tmp.3366031.hmmer3
[09:25:30] Labelling remaining 2104 proteins as 'hypothetical protein'
[09:25:30] Possible /pseudo 'Phosphate acetyltransferase' at PPCM01000012.1 position 7799
[09:25:30] Possible /pseudo 'putative protein' at PPCM01000019.1 position 65503
[09:25:30] Possible /pseudo 'HTH-type transcriptional activator RhaR' at PPCM01000019.1 position 172023
[09:25:30] Possible /pseudo 'Ulvan-active sulfatase' at PPCM01000037.1 position 152135
[09:25:30] Possible /pseudo 'Tol-Pal system protein TolQ' at PPCM01000045.1 position 228936
[09:25:30] Possible /pseudo 'Tol-Pal system protein TolR' at PPCM01000063.1 position 191958
[09:25:30] Possible /pseudo 'Tol-Pal system protein TolR' at PPCM01000065.1 position 27462
[09:25:30] Possible /pseudo 'Putative fluoride ion transporter CrcB' at PPCM01000065.1 position 169530
[09:25:30] Possible /pseudo 'Inositol 2-dehydrogenase/D-chiro-inositol 3-dehydrogenase' at PPCM01000247.1 position 41463
[09:25:30] Possible /pseudo 'Tol-Pal system protein TolR' at PPCM01000284.1 position 54515
[09:25:30] Possible /pseudo 'D-inositol-3-phosphate glycosyltransferase' at PPCM01000310.1 position 44657
[09:25:30] Possible /pseudo 'Bicarbonate transport ATP-binding protein CmpD' at PPCM01000347.1 position 45061
[09:25:30] Possible /pseudo 'Bicarbonate transport ATP-binding protein CmpC' at PPCM01000347.1 position 49122
[09:25:30] Possible /pseudo 'Tol-Pal system protein TolR' at PPCM01000584.1 position 8969
[09:25:30] Possible /pseudo 'Tol-Pal system protein TolR' at PPCM01000764.1 position 6873
[09:25:30] Found 1099 unique /gene codes.
[09:25:30] Fixed 2 duplicate /gene - cysE_1 cysE_2
[09:25:30] Fixed 2 duplicate /gene - czcA_1 czcA_2
[09:25:30] Fixed 3 duplicate /gene - yagG_1 yagG_2 yagG_3
[09:25:30] Fixed 2 duplicate /gene - pdxB_1 pdxB_2
[09:25:30] Fixed 2 duplicate /gene - xylB_1 xylB_2
[09:25:30] Fixed 2 duplicate /gene - gltB_1 gltB_2
[09:25:30] Fixed 2 duplicate /gene - aas_1 aas_2
[09:25:30] Fixed 3 duplicate /gene - dsbD_1 dsbD_2 dsbD_3
[09:25:30] Fixed 2 duplicate /gene - pyrC_1 pyrC_2
[09:25:30] Fixed 2 duplicate /gene - coaBC_1 coaBC_2
[09:25:30] Fixed 2 duplicate /gene - murJ_1 murJ_2
[09:25:30] Fixed 2 duplicate /gene - mkl_1 mkl_2
[09:25:30] Fixed 6 duplicate /gene - cpoB_1 cpoB_2 cpoB_3 cpoB_4 cpoB_5 cpoB_6
[09:25:30] Fixed 2 duplicate /gene - oprM_1 oprM_2
[09:25:30] Fixed 2 duplicate /gene - cysQ_1 cysQ_2
[09:25:30] Fixed 2 duplicate /gene - pgl_1 pgl_2
[09:25:30] Fixed 2 duplicate /gene - dxs_1 dxs_2
[09:25:30] Fixed 2 duplicate /gene - cmpC_1 cmpC_2
[09:25:30] Fixed 2 duplicate /gene - rlmL_1 rlmL_2
[09:25:30] Fixed 2 duplicate /gene - dapA_1 dapA_2
[09:25:30] Fixed 2 duplicate /gene - pdp_1 pdp_2
[09:25:30] Fixed 2 duplicate /gene - pfp_1 pfp_2
[09:25:30] Fixed 2 duplicate /gene - sthA_1 sthA_2
[09:25:30] Fixed 3 duplicate /gene - atsA_1 atsA_2 atsA_3
[09:25:30] Fixed 2 duplicate /gene - fur_1 fur_2
[09:25:30] Fixed 2 duplicate /gene - yheS_1 yheS_2
[09:25:30] Fixed 5 duplicate /gene - degU_1 degU_2 degU_3 degU_4 degU_5
[09:25:30] Fixed 2 duplicate /gene - fusA_1 fusA_2
[09:25:30] Fixed 4 duplicate /gene - mscS_1 mscS_2 mscS_3 mscS_4
[09:25:30] Fixed 2 duplicate /gene - gpsA_1 gpsA_2
[09:25:30] Fixed 3 duplicate /gene - btuD_1 btuD_2 btuD_3
[09:25:30] Fixed 3 duplicate /gene - cysJ_1 cysJ_2 cysJ_3
[09:25:30] Fixed 2 duplicate /gene - mdh_1 mdh_2
[09:25:30] Fixed 2 duplicate /gene - der_1 der_2
[09:25:30] Fixed 2 duplicate /gene - yknY_1 yknY_2
[09:25:30] Fixed 2 duplicate /gene - rfbB_1 rfbB_2
[09:25:30] Fixed 2 duplicate /gene - ftsA_1 ftsA_2
[09:25:30] Fixed 2 duplicate /gene - mntB_1 mntB_2
[09:25:30] Fixed 2 duplicate /gene - xsa_1 xsa_2
[09:25:30] Fixed 3 duplicate /gene - hpr_1 hpr_2 hpr_3
[09:25:30] Fixed 2 duplicate /gene - yafQ_1 yafQ_2
[09:25:30] Fixed 8 duplicate /gene - rhaS_1 rhaS_2 rhaS_3 rhaS_4 rhaS_5 rhaS_6 rhaS_7 rhaS_8
[09:25:30] Fixed 2 duplicate /gene - xerD_1 xerD_2
[09:25:30] Fixed 2 duplicate /gene - araC_1 araC_2
[09:25:30] Fixed 3 duplicate /gene - betC_1 betC_2 betC_3
[09:25:30] Fixed 4 duplicate /gene - axe2_1 axe2_2 axe2_3 axe2_4
[09:25:30] Fixed 2 duplicate /gene - hisC_1 hisC_2
[09:25:30] Fixed 2 duplicate /gene - rsgI6_1 rsgI6_2
[09:25:30] Fixed 2 duplicate /gene - metXA_1 metXA_2
[09:25:30] Fixed 2 duplicate /gene - susB_1 susB_2
[09:25:30] Fixed 5 duplicate /gene - resA_1 resA_2 resA_3 resA_4 resA_5
[09:25:30] Fixed 2 duplicate /gene - parA_1 parA_2
[09:25:30] Fixed 2 duplicate /gene - dinB_1 dinB_2
[09:25:30] Fixed 2 duplicate /gene - kefC_1 kefC_2
[09:25:30] Fixed 2 duplicate /gene - arnC_1 arnC_2
[09:25:30] Fixed 5 duplicate /gene - xerC_1 xerC_2 xerC_3 xerC_4 xerC_5
[09:25:30] Fixed 2 duplicate /gene - cah_1 cah_2
[09:25:30] Fixed 2 duplicate /gene - aroD_1 aroD_2
[09:25:30] Fixed 2 duplicate /gene - surA_1 surA_2
[09:25:30] Fixed 2 duplicate /gene - trpB_1 trpB_2
[09:25:30] Fixed 12 duplicate /gene - sasA_1 sasA_2 sasA_3 sasA_4 sasA_5 sasA_6 sasA_7 sasA_8 sasA_9 sasA_10 sasA_11 sasA_12
[09:25:30] Fixed 2 duplicate /gene - fitB_1 fitB_2
[09:25:30] Fixed 2 duplicate /gene - epsF_1 epsF_2
[09:25:30] Fixed 2 duplicate /gene - cysH_1 cysH_2
[09:25:30] Fixed 3 duplicate /gene - msmX_1 msmX_2 msmX_3
[09:25:30] Fixed 3 duplicate /gene - araQ_1 araQ_2 araQ_3
[09:25:30] Fixed 2 duplicate /gene - epsE_1 epsE_2
[09:25:30] Fixed 2 duplicate /gene - des_1 des_2
[09:25:30] Fixed 3 duplicate /gene - axeA1_1 axeA1_2 axeA1_3
[09:25:30] Fixed 2 duplicate /gene - pta_1 pta_2
[09:25:30] Fixed 2 duplicate /gene - ndhB_1 ndhB_2
[09:25:30] Fixed 2 duplicate /gene - uxuA_1 uxuA_2
[09:25:30] Fixed 2 duplicate /gene - rnd_1 rnd_2
[09:25:30] Fixed 2 duplicate /gene - zraR_1 zraR_2
[09:25:30] Fixed 2 duplicate /gene - rho_1 rho_2
[09:25:30] Fixed 3 duplicate /gene - gph_1 gph_2 gph_3
[09:25:30] Fixed 2 duplicate /gene - crcB_1 crcB_2
[09:25:30] Fixed 2 duplicate /gene - sigE_1 sigE_2
[09:25:30] Fixed 2 duplicate /gene - moaA_1 moaA_2
[09:25:30] Fixed 3 duplicate /gene - rhlE_1 rhlE_2 rhlE_3
[09:25:30] Fixed 3 duplicate /gene - cmpD_1 cmpD_2 cmpD_3
[09:25:30] Fixed 4 duplicate /gene - cbpA_1 cbpA_2 cbpA_3 cbpA_4
[09:25:30] Fixed 3 duplicate /gene - tdh_1 tdh_2 tdh_3
[09:25:30] Fixed 2 duplicate /gene - glgB_1 glgB_2
[09:25:30] Fixed 2 duplicate /gene - omcB_1 omcB_2
[09:25:30] Fixed 2 duplicate /gene - rlmN_1 rlmN_2
[09:25:30] Fixed 11 duplicate /gene - tolQ_1 tolQ_2 tolQ_3 tolQ_4 tolQ_5 tolQ_6 tolQ_7 tolQ_8 tolQ_9 tolQ_10 tolQ_11
[09:25:30] Fixed 2 duplicate /gene - clpX_1 clpX_2
[09:25:30] Fixed 2 duplicate /gene - dinG_1 dinG_2
[09:25:30] Fixed 5 duplicate /gene - pilT_1 pilT_2 pilT_3 pilT_4 pilT_5
[09:25:30] Fixed 2 duplicate /gene - lpd_1 lpd_2
[09:25:30] Fixed 2 duplicate /gene - czcC_1 czcC_2
[09:25:30] Fixed 8 duplicate /gene - mshA_1 mshA_2 mshA_3 mshA_4 mshA_5 mshA_6 mshA_7 mshA_8
[09:25:30] Fixed 25 duplicate /gene - rcsC_1 rcsC_2 rcsC_3 rcsC_4 rcsC_5 rcsC_6 rcsC_7 rcsC_8 rcsC_9 rcsC_10 rcsC_11 rcsC_12 rcsC_13 rcsC_14 rcsC_15 rcsC_16 rcsC_17 rcsC_18 rcsC_19 rcsC_20 rcsC_21 rcsC_22 rcsC_23 rcsC_24 rcsC_25
[09:25:30] Fixed 2 duplicate /gene - exuR_1 exuR_2
[09:25:30] Fixed 2 duplicate /gene - bshA_1 bshA_2
[09:25:30] Fixed 2 duplicate /gene - fabH_1 fabH_2
[09:25:30] Fixed 2 duplicate /gene - btuB_1 btuB_2
[09:25:30] Fixed 3 duplicate /gene - algU_1 algU_2 algU_3
[09:25:30] Fixed 6 duplicate /gene - xylR_1 xylR_2 xylR_3 xylR_4 xylR_5 xylR_6
[09:25:30] Fixed 14 duplicate /gene - tolR_1 tolR_2 tolR_3 tolR_4 tolR_5 tolR_6 tolR_7 tolR_8 tolR_9 tolR_10 tolR_11 tolR_12 tolR_13 tolR_14
[09:25:30] Fixed 2 duplicate /gene - exbD_1 exbD_2
[09:25:30] Fixed 2 duplicate /gene - gmd_1 gmd_2
[09:25:30] Fixed 7 duplicate /gene - fabG_1 fabG_2 fabG_3 fabG_4 fabG_5 fabG_6 fabG_7
[09:25:30] Fixed 3 duplicate /gene - treS_1 treS_2 treS_3
[09:25:30] Fixed 2 duplicate /gene - uvrA_1 uvrA_2
[09:25:30] Fixed 2 duplicate /gene - lpxA_1 lpxA_2
[09:25:30] Fixed 4 duplicate /gene - cmk_1 cmk_2 cmk_3 cmk_4
[09:25:30] Fixed 2 duplicate /gene - sglT_1 sglT_2
[09:25:30] Fixed 2 duplicate /gene - ruvB_1 ruvB_2
[09:25:30] Fixed 2 duplicate /gene - vapC_1 vapC_2
[09:25:30] Fixed 2 duplicate /gene - sigA_1 sigA_2
[09:25:30] Fixed 4 duplicate /gene - dapH_1 dapH_2 dapH_3 dapH_4
[09:25:30] Fixed 2 duplicate /gene - nth_1 nth_2
[09:25:30] Fixed 2 duplicate /gene - rbn_1 rbn_2
[09:25:30] Fixed 2 duplicate /gene - ppm1_1 ppm1_2
[09:25:30] Fixed 2 duplicate /gene - nifJ_1 nifJ_2
[09:25:30] Fixed 2 duplicate /gene - nifK_1 nifK_2
[09:25:30] Fixed 2 duplicate /gene - fabF_1 fabF_2
[09:25:30] Fixed 2 duplicate /gene - msrA_1 msrA_2
[09:25:30] Fixed 2 duplicate /gene - speE_1 speE_2
[09:25:30] Fixed 11 duplicate /gene - rhaR_1 rhaR_2 rhaR_3 rhaR_4 rhaR_5 rhaR_6 rhaR_7 rhaR_8 rhaR_9 rhaR_10 rhaR_11
[09:25:30] Fixed 2 duplicate /gene - malQ_1 malQ_2
[09:25:30] Fixed 2 duplicate /gene - gyrB_1 gyrB_2
[09:25:30] Fixed 2 duplicate /gene - recD2_1 recD2_2
[09:25:30] Fixed 2 duplicate /gene - nifD_1 nifD_2
[09:25:30] Fixed 2 duplicate /gene - prpC_1 prpC_2
[09:25:30] Fixed 3 duplicate /gene - rluD_1 rluD_2 rluD_3
[09:25:30] Fixed 2 duplicate /gene - dusB_1 dusB_2
[09:25:30] Fixed 2 duplicate /gene - hpt_1 hpt_2
[09:25:30] Fixed 2 duplicate /gene - erpA_1 erpA_2
[09:25:30] Fixed 2 duplicate /gene - degQ_1 degQ_2
[09:25:30] Fixed 4 duplicate /gene - bepA_1 bepA_2 bepA_3 bepA_4
[09:25:30] Fixed 3 duplicate /gene - sctC_1 sctC_2 sctC_3
[09:25:30] Fixed 2 duplicate /gene - menE_1 menE_2
[09:25:30] Fixed 2 duplicate /gene - nreC_1 nreC_2
[09:25:30] Fixed 2 duplicate /gene - thi4_1 thi4_2
[09:25:30] Fixed 4 duplicate /gene - mdtA_1 mdtA_2 mdtA_3 mdtA_4
[09:25:30] Fixed 2 duplicate /gene - wecA_1 wecA_2
[09:25:30] Fixed 2 duplicate /gene - lemA_1 lemA_2
[09:25:30] Fixed 2 duplicate /gene - dgoD_1 dgoD_2
[09:25:30] Fixed 3 duplicate /gene - clpP_1 clpP_2 clpP_3
[09:25:30] Fixed 2 duplicate /gene - tadA_1 tadA_2
[09:25:30] Fixed 2 duplicate /gene - smc_1 smc_2
[09:25:30] Fixed 2 duplicate /gene - phrB_1 phrB_2
[09:25:30] Fixed 2 duplicate /gene - melA_1 melA_2
[09:25:30] Fixed 11 duplicate /gene - iolG_1 iolG_2 iolG_3 iolG_4 iolG_5 iolG_6 iolG_7 iolG_8 iolG_9 iolG_10 iolG_11
[09:25:30] Fixed 2 duplicate /gene - acpP_1 acpP_2
[09:25:30] Fixed 2 duplicate /gene - mgtA_1 mgtA_2
[09:25:30] Fixed 4 duplicate /gene - purR_1 purR_2 purR_3 purR_4
[09:25:30] Fixed 3 duplicate /gene - ddl_1 ddl_2 ddl_3
[09:25:30] Fixed 2 duplicate /gene - COQ5_1 COQ5_2
[09:25:30] Fixed 2 duplicate /gene - vraR_1 vraR_2
[09:25:30] Fixed 153 colliding /gene names.
[09:25:30] Adding /locus_tag identifiers
[09:25:30] Assigned 3718 locus_tags to CDS and RNA features.
[09:25:30] Writing outputs to ../../Data/Chen_Analysis/Prokka/Bacteria/GOMC.bin.6395/
[09:25:31] Generating annotation statistics file
[09:25:31] Generating Genbank and Sequin files
[09:25:31] Running: tbl2asn -V b -a r10k -l paired-ends -M n -N 1 -y 'Annotated using prokka 1.14.6 from https://github.com/tseemann/prokka' -Z \.\.\/\.\.\/Data\/Chen_Analysis\/Prokka\/Bacteria\/GOMC\.bin\.6395\/GOMC\.bin\.6395\.err -i \.\.\/\.\.\/Data\/Chen_Analysis\/Prokka\/Bacteria\/GOMC\.bin\.6395\/GOMC\.bin\.6395\.fsa 2> /dev/null
[09:25:35] Deleting unwanted file: ../../Data/Chen_Analysis/Prokka/Bacteria/GOMC.bin.6395/errorsummary.val
[09:25:35] Deleting unwanted file: ../../Data/Chen_Analysis/Prokka/Bacteria/GOMC.bin.6395/GOMC.bin.6395.dr
[09:25:35] Deleting unwanted file: ../../Data/Chen_Analysis/Prokka/Bacteria/GOMC.bin.6395/GOMC.bin.6395.fixedproducts
[09:25:35] Deleting unwanted file: ../../Data/Chen_Analysis/Prokka/Bacteria/GOMC.bin.6395/GOMC.bin.6395.ecn
[09:25:35] Deleting unwanted file: ../../Data/Chen_Analysis/Prokka/Bacteria/GOMC.bin.6395/GOMC.bin.6395.val
[09:25:35] Repairing broken .GBK output that tbl2asn produces...
[09:25:35] Running: sed 's/COORDINATES: profile/COORDINATES:profile/' < \.\.\/\.\.\/Data\/Chen_Analysis\/Prokka\/Bacteria\/GOMC\.bin\.6395\/GOMC\.bin\.6395\.gbf > \.\.\/\.\.\/Data\/Chen_Analysis\/Prokka\/Bacteria\/GOMC\.bin\.6395\/GOMC\.bin\.6395\.gbk
[09:25:35] Deleting unwanted file: ../../Data/Chen_Analysis/Prokka/Bacteria/GOMC.bin.6395/GOMC.bin.6395.gbf
[09:25:35] Output files:
[09:25:35] ../../Data/Chen_Analysis/Prokka/Bacteria/GOMC.bin.6395/GOMC.bin.6395.txt
[09:25:35] ../../Data/Chen_Analysis/Prokka/Bacteria/GOMC.bin.6395/GOMC.bin.6395.tbl
[09:25:35] ../../Data/Chen_Analysis/Prokka/Bacteria/GOMC.bin.6395/GOMC.bin.6395.tsv
[09:25:35] ../../Data/Chen_Analysis/Prokka/Bacteria/GOMC.bin.6395/GOMC.bin.6395.fna
[09:25:35] ../../Data/Chen_Analysis/Prokka/Bacteria/GOMC.bin.6395/GOMC.bin.6395.fsa
[09:25:35] ../../Data/Chen_Analysis/Prokka/Bacteria/GOMC.bin.6395/GOMC.bin.6395.gbk
[09:25:35] ../../Data/Chen_Analysis/Prokka/Bacteria/GOMC.bin.6395/GOMC.bin.6395.gff
[09:25:35] ../../Data/Chen_Analysis/Prokka/Bacteria/GOMC.bin.6395/GOMC.bin.6395.faa
[09:25:35] ../../Data/Chen_Analysis/Prokka/Bacteria/GOMC.bin.6395/GOMC.bin.6395.log
[09:25:35] ../../Data/Chen_Analysis/Prokka/Bacteria/GOMC.bin.6395/GOMC.bin.6395.sqn
[09:25:35] ../../Data/Chen_Analysis/Prokka/Bacteria/GOMC.bin.6395/GOMC.bin.6395.err
[09:25:35] ../../Data/Chen_Analysis/Prokka/Bacteria/GOMC.bin.6395/GOMC.bin.6395.ffn
[09:25:35] Annotation finished successfully.
[09:25:35] Walltime used: 1.93 minutes
[09:25:35] If you use this result please cite the Prokka paper:
[09:25:35] Seemann T (2014) Prokka: rapid prokaryotic genome annotation. Bioinformatics. 30(14):2068-9.
[09:25:35] Type 'prokka --citation' for more details.
[09:25:35] Thank you, come again.
