[10:54:53] This is prokka 1.14.6
[10:54:53] Written by Torsten Seemann <torsten.seemann@gmail.com>
[10:54:53] Homepage is https://github.com/tseemann/prokka
[10:54:53] Local time is Mon Dec  1 10:54:53 2025
[10:54:53] You are joao_facio
[10:54:53] Operating system is linux
[10:54:53] You have BioPerl 1.7.8
[10:54:53] System has 12 cores.
[10:54:53] Will use maximum of 4 cores.
[10:54:53] Annotating as >>> Bacteria <<<
[10:54:53] Generating locus_tag from '/tmp/tmp6gns85ah/GOMC.bin.8830.fa' contents.
[10:54:53] Setting --locustag BIKKFMFL from MD5 b244f6f568c6ff44adbee625b5dcd4e0
[10:54:53] Creating new output folder: ../../Data/Chen_Analysis/Prokka/Bacteria/GOMC.bin.8830
[10:54:53] Running: mkdir -p \.\.\/\.\.\/Data\/Chen_Analysis\/Prokka\/Bacteria\/GOMC\.bin\.8830
[10:54:53] Using filename prefix: GOMC.bin.8830.XXX
[10:54:53] Setting HMMER_NCPU=1
[10:54:53] Writing log to: ../../Data/Chen_Analysis/Prokka/Bacteria/GOMC.bin.8830/GOMC.bin.8830.log
[10:54:53] Command: /home/joao_facio/miniconda3/envs/prokka/bin/prokka --outdir ../../Data/Chen_Analysis/Prokka/Bacteria/GOMC.bin.8830 --prefix GOMC.bin.8830 --kingdom Bacteria --genus JABMPJ01 --strain GOMC.bin.8830 --cpus 4 --force /tmp/tmp6gns85ah/GOMC.bin.8830.fa
[10:54:53] Appending to PATH: /home/joao_facio/miniconda3/envs/prokka/bin
[10:54:53] Looking for 'aragorn' - found /home/joao_facio/miniconda3/envs/prokka/bin/aragorn
[10:54:53] Determined aragorn version is 001002 from 'ARAGORN v1.2.41 Dean Laslett'
[10:54:53] Looking for 'barrnap' - found /home/joao_facio/miniconda3/envs/prokka/bin/barrnap
[10:54:53] Determined barrnap version is 000009 from 'barrnap 0.9'
[10:54:53] Looking for 'blastp' - found /home/joao_facio/miniconda3/envs/prokka/bin/blastp
[10:54:53] Determined blastp version is 002016 from 'blastp: 2.16.0+'
[10:54:53] Looking for 'cmpress' - found /home/joao_facio/miniconda3/envs/prokka/bin/cmpress
[10:54:53] Determined cmpress version is 001001 from '# INFERNAL 1.1.5 (Sep 2023)'
[10:54:53] Looking for 'cmscan' - found /home/joao_facio/miniconda3/envs/prokka/bin/cmscan
[10:54:53] Determined cmscan version is 001001 from '# INFERNAL 1.1.5 (Sep 2023)'
[10:54:53] Looking for 'egrep' - found /usr/bin/egrep
[10:54:53] Looking for 'find' - found /usr/bin/find
[10:54:53] Looking for 'grep' - found /usr/bin/grep
[10:54:53] Looking for 'hmmpress' - found /home/joao_facio/miniconda3/envs/prokka/bin/hmmpress
[10:54:53] Determined hmmpress version is 003004 from '# HMMER 3.4 (Aug 2023); http://hmmer.org/'
[10:54:53] Looking for 'hmmscan' - found /home/joao_facio/miniconda3/envs/prokka/bin/hmmscan
[10:54:53] Determined hmmscan version is 003004 from '# HMMER 3.4 (Aug 2023); http://hmmer.org/'
[10:54:53] Looking for 'java' - found /home/joao_facio/miniconda3/envs/prokka/bin/java
[10:54:53] Looking for 'makeblastdb' - found /home/joao_facio/miniconda3/envs/prokka/bin/makeblastdb
[10:54:53] Determined makeblastdb version is 002016 from 'makeblastdb: 2.16.0+'
[10:54:53] Looking for 'minced' - found /home/joao_facio/miniconda3/envs/prokka/bin/minced
[10:54:53] Determined minced version is 004002 from 'minced 0.4.2'
[10:54:53] Looking for 'parallel' - found /home/joao_facio/miniconda3/envs/prokka/bin/parallel
[10:54:53] Determined parallel version is 20251122 from 'GNU parallel 20251122'
[10:54:53] Looking for 'prodigal' - found /home/joao_facio/miniconda3/envs/prokka/bin/prodigal
[10:54:53] Determined prodigal version is 002006 from 'Prodigal V2.6.3: February, 2016'
[10:54:53] Looking for 'prokka-genbank_to_fasta_db' - found /home/joao_facio/miniconda3/envs/prokka/bin/prokka-genbank_to_fasta_db
[10:54:53] Looking for 'sed' - found /usr/bin/sed
[10:54:53] Looking for 'tbl2asn' - found /home/joao_facio/miniconda3/envs/prokka/bin/tbl2asn
[10:54:53] Determined tbl2asn version is 025007 from 'tbl2asn 25.7   arguments:'
[10:54:53] Using genetic code table 11.
[10:54:53] Loading and checking input file: /tmp/tmp6gns85ah/GOMC.bin.8830.fa
[10:54:53] Wrote 157 contigs totalling 2941188 bp.
[10:54:53] Predicting tRNAs and tmRNAs
[10:54:53] Running: aragorn -l -gc11  -w \.\.\/\.\.\/Data\/Chen_Analysis\/Prokka\/Bacteria\/GOMC\.bin\.8830\/GOMC\.bin\.8830\.fna
[10:54:54] 1 tRNA-Arg c[40,116] 35 (cct)
[10:54:54] 2 tRNA-Tyr [38077,38161] 35 (gta)
[10:54:54] 1 tRNA-Ser c[1665,1752] 35 (tga)
[10:54:54] 1 tRNA-Ala c[11371,11444] 34 (cgc)
[10:54:54] 1 tRNA-Pro c[19115,19191] 35 (cgg)
[10:54:54] 2 tRNA-Asp c[19295,19372] 36 (gtc)
[10:54:54] 3 tRNA-Asp [31847,31927] 38 (atc)
[10:54:54] 4 tRNA-Gln [45578,45651] 33 (ttg)
[10:54:54] 1 tRNA-Glu [7538,7612] 34 (ctc)
[10:54:54] 1 tRNA-Pro [44723,44799] 35 (ggg)
[10:54:54] 1 tRNA-Pro c[39725,39801] 35 (tgg)
[10:54:54] 2 tRNA-Lys [51336,51410] 35 (ttt)
[10:54:54] 3 tRNA-Leu [56843,56925] 34 (caa)
[10:54:54] 1 tRNA-Gln c[3027,3100] 33 (ctg)
[10:54:54] 1 tRNA-Thr [23806,23881] 34 (ggt)
[10:54:54] 1 tRNA-Gly c[26945,27018] 33 (tcc)
[10:54:54] 1 tRNA-Trp [1600,1676] 35 (cca)
[10:54:54] 1 tRNA-Leu c[15907,15992] 36 (taa)
[10:54:54] 1 tRNA-Ala [14744,14818] 34 (ggc)
[10:54:54] 1 tRNA-Arg c[41881,41956] 36 (tct)
[10:54:54] 1 tRNA-Val c[8577,8653] 35 (tac)
[10:54:54] 2 tRNA-Lys c[10140,10233] 33 (ctt)
[10:54:54] 3 tRNA-Phe c[12045,12120] 34 (gaa)
[10:54:54] 1 tRNA-Glu c[52288,52362] 34 (ttc)
[10:54:54] 2 tRNA-Thr [52694,52766] 34 (tgt)
[10:54:54] 1 tmRNA [10842,11195] 97,126 ADTELALAA*
[10:54:54] 1 tRNA-Ser c[18506,18597] 35 (gct)
[10:54:54] 1 tRNA-Val [66,141] 34 (cac)
[10:54:54] 1 tRNA-Met [5630,5706] 35 (cat)
[10:54:54] 1 tRNA-Arg c[84,160] 35 (acg)
[10:54:54] 1 tRNA-Ser c[9729,9820] 37 (cga)
[10:54:54] 2 tRNA-His [10052,10128] 35 (gtg)
[10:54:54] 3 tRNA-Arg c[11307,11383] 35 (ccg)
[10:54:54] 1 tRNA-Met [4589,4663] 35 (cat)
[10:54:54] 1 tRNA-Val [5722,5798] 35 (gac)
[10:54:54] 2 tRNA-Arg c[5943,6019] 35 (tcg)
[10:54:54] 1 tRNA-Asn [10132,10206] 33 (gtt)
[10:54:54] 2 tRNA-Thr [12894,12969] 34 (cgt)
[10:54:54] 1 tRNA-Leu c[39562,39646] 34 (gag)
[10:54:54] 1 tRNA-Gly [21315,21389] 33 (gcc)
[10:54:54] 2 tRNA-Lys [21474,21548] 35 (ctt)
[10:54:54] 1 tRNA-Gly [11457,11531] 33 (ccc)
[10:54:54] Found 42 tRNAs
[10:54:54] Predicting Ribosomal RNAs
[10:54:54] Running Barrnap with 4 threads
[10:54:55] 1 k63_890141 14145 5S ribosomal RNA
[10:54:55] Found 1 rRNAs
[10:54:55] Skipping ncRNA search, enable with --rfam if desired.
[10:54:55] Total of 42 tRNA + rRNA features
[10:54:55] Searching for CRISPR repeats
[10:54:55] Found 0 CRISPRs
[10:54:55] Predicting coding sequences
[10:54:55] Contigs total 2941188 bp, so using single mode
[10:54:55] Running: prodigal -i \.\.\/\.\.\/Data\/Chen_Analysis\/Prokka\/Bacteria\/GOMC\.bin\.8830\/GOMC\.bin\.8830\.fna -c -m -g 11 -p single -f sco -q
[10:54:57] Excluding CDS which overlaps existing RNA (tRNA) at k63_1716487:31595..32836 on + strand
[10:54:57] Excluding CDS which overlaps existing RNA (tRNA) at k63_1716487:44647..45621 on + strand
[10:54:57] Excluding CDS which overlaps existing RNA (tRNA) at k63_2059325:44581..46638 on - strand
[10:54:58] Excluding CDS which overlaps existing RNA (tRNA) at k63_832657:8871..10346 on + strand
[10:54:58] Found 2485 CDS
[10:54:58] Connecting features back to sequences
[10:54:58] Not using genus-specific database. Try --usegenus to enable it.
[10:54:58] Annotating CDS, please be patient.
[10:54:58] Will use 4 CPUs for similarity searching.
[10:54:58] There are still 2485 unannotated CDS left (started with 2485)
[10:54:58] Will use blast to search against /home/joao_facio/miniconda3/envs/prokka/db/kingdom/Bacteria/IS with 4 CPUs
[10:54:58] Running: cat \.\.\/\.\.\/Data\/Chen_Analysis\/Prokka\/Bacteria\/GOMC\.bin\.8830\/GOMC\.bin\.8830\.IS\.tmp\.3545807\.faa | parallel --gnu --plain -j 4 --block 110947 --recstart '>' --pipe blastp -query - -db /home/joao_facio/miniconda3/envs/prokka/db/kingdom/Bacteria/IS -evalue 1e-30 -qcov_hsp_perc 90 -num_threads 1 -num_descriptions 1 -num_alignments 1 -seg no > \.\.\/\.\.\/Data\/Chen_Analysis\/Prokka\/Bacteria\/GOMC\.bin\.8830\/GOMC\.bin\.8830\.IS\.tmp\.3545807\.blast 2> /dev/null
[10:55:07] Deleting unwanted file: ../../Data/Chen_Analysis/Prokka/Bacteria/GOMC.bin.8830/GOMC.bin.8830.IS.tmp.3545807.faa
[10:55:07] Deleting unwanted file: ../../Data/Chen_Analysis/Prokka/Bacteria/GOMC.bin.8830/GOMC.bin.8830.IS.tmp.3545807.blast
[10:55:08] There are still 2483 unannotated CDS left (started with 2485)
[10:55:08] Will use blast to search against /home/joao_facio/miniconda3/envs/prokka/db/kingdom/Bacteria/AMR with 4 CPUs
[10:55:08] Running: cat \.\.\/\.\.\/Data\/Chen_Analysis\/Prokka\/Bacteria\/GOMC\.bin\.8830\/GOMC\.bin\.8830\.AMR\.tmp\.3545807\.faa | parallel --gnu --plain -j 4 --block 110891 --recstart '>' --pipe blastp -query - -db /home/joao_facio/miniconda3/envs/prokka/db/kingdom/Bacteria/AMR -evalue 1e-300 -qcov_hsp_perc 90 -num_threads 1 -num_descriptions 1 -num_alignments 1 -seg no > \.\.\/\.\.\/Data\/Chen_Analysis\/Prokka\/Bacteria\/GOMC\.bin\.8830\/GOMC\.bin\.8830\.AMR\.tmp\.3545807\.blast 2> /dev/null
[10:55:14] Deleting unwanted file: ../../Data/Chen_Analysis/Prokka/Bacteria/GOMC.bin.8830/GOMC.bin.8830.AMR.tmp.3545807.faa
[10:55:14] Deleting unwanted file: ../../Data/Chen_Analysis/Prokka/Bacteria/GOMC.bin.8830/GOMC.bin.8830.AMR.tmp.3545807.blast
[10:55:15] There are still 2483 unannotated CDS left (started with 2485)
[10:55:15] Will use blast to search against /home/joao_facio/miniconda3/envs/prokka/db/kingdom/Bacteria/sprot with 4 CPUs
[10:55:15] Running: cat \.\.\/\.\.\/Data\/Chen_Analysis\/Prokka\/Bacteria\/GOMC\.bin\.8830\/GOMC\.bin\.8830\.sprot\.tmp\.3545807\.faa | parallel --gnu --plain -j 4 --block 110891 --recstart '>' --pipe blastp -query - -db /home/joao_facio/miniconda3/envs/prokka/db/kingdom/Bacteria/sprot -evalue 1e-09 -qcov_hsp_perc 80 -num_threads 1 -num_descriptions 1 -num_alignments 1 -seg no > \.\.\/\.\.\/Data\/Chen_Analysis\/Prokka\/Bacteria\/GOMC\.bin\.8830\/GOMC\.bin\.8830\.sprot\.tmp\.3545807\.blast 2> /dev/null
[10:55:54] Modify product: Uncharacterized membrane protein EpsK => putative membrane protein EpsK
[10:55:54] Modify product: Probable dual-specificity RNA methyltransferase RlmN => putative dual-specificity RNA methyltransferase RlmN
[10:55:54] Modify product: Probable tRNA sulfurtransferase => putative tRNA sulfurtransferase
[10:55:54] Modify product: Probable peptidyl-prolyl cis-trans isomerase => putative peptidyl-prolyl cis-trans isomerase
[10:55:54] Modify product: Probable cold shock protein A => putative cold shock protein A
[10:55:54] Modify product: Uncharacterized ABC transporter ATP-binding protein YheS => putative ABC transporter ATP-binding protein YheS
[10:55:54] Modify product: Uncharacterized protein HI_1552 => putative protein
[10:55:54] Modify product: Probable ribonucleotide transport ATP-binding protein mkl => putative ribonucleotide transport ATP-binding protein mkl
[10:55:54] Modify product: Uncharacterized peptidase SA1530 => putative peptidase
[10:55:54] Modify product: Probable transcriptional regulatory protein aq_1575 => putative transcriptional regulatory protein
[10:55:54] Modify product: Putative formate dehydrogenase SA2102 => Putative formate dehydrogenase
[10:55:54] Modify product: Uncharacterized ABC transporter ATP-binding protein YknY => putative ABC transporter ATP-binding protein YknY
[10:55:54] Modify product: Probable adenylyltransferase/sulfurtransferase MoeZ => putative adenylyltransferase/sulfurtransferase MoeZ
[10:55:54] Modify product: Aldo/keto reductase slr0942 => Aldo/keto reductase
[10:55:54] Modify product: Probable iron export ATP-binding protein FetA => putative iron export ATP-binding protein FetA
[10:55:54] Modify product: Probable iron export permease protein FetB => putative iron export permease protein FetB
[10:55:54] Modify product: UPF0053 inner membrane protein YfjD => hypothetical protein
[10:55:54] Modify product: UPF0053 protein HI_0107 => hypothetical protein
[10:55:54] Modify product: GTP cyclohydrolase 1 type 2 homolog => GTP cyclohydrolase 1 type 2 
[10:55:54] Modify product: Uncharacterized oxidoreductase HI_0048 => putative oxidoreductase
[10:55:54] Modify product: Uncharacterized ABC transporter ATP-binding protein YknY => putative ABC transporter ATP-binding protein YknY
[10:55:54] Modify product: Uncharacterized ABC transporter ATP-binding protein YknY => putative ABC transporter ATP-binding protein YknY
[10:55:54] Modify product: Putative multidrug export ATP-binding/permease protein SAV1866 => Putative multidrug export ATP-binding/permease protein
[10:55:54] Modify product: Probable tRNA-dihydrouridine synthase => putative tRNA-dihydrouridine synthase
[10:55:54] Modify product: UPF0047 protein Rv2556c => hypothetical protein
[10:55:54] Modify product: Probable ATP-dependent transporter SufC => putative ATP-dependent transporter SufC
[10:55:54] Modify product: Putative peroxiredoxin Rv2521 => Putative peroxiredoxin
[10:55:54] Modify product: Uncharacterized ABC transporter ATP-binding protein YknY => putative ABC transporter ATP-binding protein YknY
[10:55:54] Modify product: Uncharacterized AAA domain-containing protein Rv2559c => putative AAA domain-containing protein
[10:55:54] Modify product: Uncharacterized ABC transporter ATP-binding protein YknY => putative ABC transporter ATP-binding protein YknY
[10:55:54] Modify product: Probable N-acetyl-LL-diaminopimelate aminotransferase => putative N-acetyl-LL-diaminopimelate aminotransferase
[10:55:54] Modify product: Uncharacterized ABC transporter ATP-binding protein YxlF => putative ABC transporter ATP-binding protein YxlF
[10:55:54] Modify product: UPF0353 protein Rv1481 => hypothetical protein
[10:55:54] Modify product: Probable uridylyltransferase SA1974 => putative uridylyltransferase
[10:55:54] Modify product: Uncharacterized glycosyltransferase sll0501 => putative glycosyltransferase
[10:55:54] Modify product: Uncharacterized transporter Rv2685 => putative transporter
[10:55:54] Modify product: Probable nicotinate-nucleotide pyrophosphorylase [carboxylating] => putative nicotinate-nucleotide pyrophosphorylase [carboxylating]
[10:55:54] Modify product: Probable FMN/FAD exporter YeeO => putative FMN/FAD exporter YeeO
[10:55:54] Modify product: Uncharacterized metal-dependent hydrolase YcfH => putative metal-dependent hydrolase YcfH
[10:55:54] Modify product: Uncharacterized oxidoreductase YjmC => putative oxidoreductase YjmC
[10:55:54] Modify product: Probable peptidoglycan glycosyltransferase FtsW => putative peptidoglycan glycosyltransferase FtsW
[10:55:54] Modify product: Putative zinc metalloprotease aq_1964 => Putative zinc metalloprotease
[10:55:54] Modify product: Uncharacterized ABC transporter ATP-binding protein YknY => putative ABC transporter ATP-binding protein YknY
[10:55:54] Modify product: Probable lipid II flippase MurJ => putative lipid II flippase MurJ
[10:55:54] Modify product: UPF0178 protein YaiI => hypothetical protein
[10:55:54] Modify product: UPF0365 protein SA1402 => hypothetical protein
[10:55:54] Modify product: Multifunctional alkaline phosphatase superfamily protein pRL90232 => Multifunctional alkaline phosphatase superfamily protein
[10:55:54] Modify product: Uncharacterized protein Rv2581c => putative protein
[10:55:54] Modify product: UPF0701 protein HI_0467 => hypothetical protein
[10:55:54] Modify product: Probable glycine dehydrogenase (decarboxylating) subunit 1 => putative glycine dehydrogenase (decarboxylating) subunit 1
[10:55:54] Modify product: Probable glycine dehydrogenase (decarboxylating) subunit 2 => putative glycine dehydrogenase (decarboxylating) subunit 2
[10:55:54] Modify product: Probable type II secretion system protein HxcR => putative type II secretion system protein HxcR
[10:55:54] Modify product: UPF0047 protein Rv2556c => hypothetical protein
[10:55:54] Modify product: Ribonuclease TTHA0252 => Ribonuclease
[10:55:54] Modify product: Uncharacterized protein HI_1163 => putative protein
[10:55:54] Modify product: Putative outer membrane protein NMB0088 => Putative outer membrane protein
[10:55:54] Modify product: Probable hydrolase YcaC => putative hydrolase YcaC
[10:55:54] Modify product: Bifunctional protein FolD => Bifunctional protein FolD protein
[10:55:54] Modify product: UPF0758 protein YsxA => hypothetical protein
[10:55:54] Modify product: Nucleoid-associated protein Cthe_2143 => Nucleoid-associated protein
[10:55:54] Cleaned 60 /product names
[10:55:54] Deleting unwanted file: ../../Data/Chen_Analysis/Prokka/Bacteria/GOMC.bin.8830/GOMC.bin.8830.sprot.tmp.3545807.faa
[10:55:54] Deleting unwanted file: ../../Data/Chen_Analysis/Prokka/Bacteria/GOMC.bin.8830/GOMC.bin.8830.sprot.tmp.3545807.blast
[10:55:54] There are still 1544 unannotated CDS left (started with 2485)
[10:55:54] Will use hmmer3 to search against /home/joao_facio/miniconda3/envs/prokka/db/hmm/HAMAP.hmm with 4 CPUs
[10:55:54] Running: cat \.\.\/\.\.\/Data\/Chen_Analysis\/Prokka\/Bacteria\/GOMC\.bin\.8830\/GOMC\.bin\.8830\.HAMAP\.hmm\.tmp\.3545807\.faa | parallel --gnu --plain -j 4 --block 68168 --recstart '>' --pipe hmmscan --noali --notextw --acc -E 1e-09 --cpu 1 /home/joao_facio/miniconda3/envs/prokka/db/hmm/HAMAP.hmm /dev/stdin > \.\.\/\.\.\/Data\/Chen_Analysis\/Prokka\/Bacteria\/GOMC\.bin\.8830\/GOMC\.bin\.8830\.HAMAP\.hmm\.tmp\.3545807\.hmmer3 2> /dev/null
[10:56:09] Deleting unwanted file: ../../Data/Chen_Analysis/Prokka/Bacteria/GOMC.bin.8830/GOMC.bin.8830.HAMAP.hmm.tmp.3545807.faa
[10:56:09] Deleting unwanted file: ../../Data/Chen_Analysis/Prokka/Bacteria/GOMC.bin.8830/GOMC.bin.8830.HAMAP.hmm.tmp.3545807.hmmer3
[10:56:09] Labelling remaining 1247 proteins as 'hypothetical protein'
[10:56:09] Possible /pseudo 'D-inositol-3-phosphate glycosyltransferase' at k63_995107 position 23942
[10:56:09] Possible /pseudo 'Response regulator protein TmoT' at k63_2976406 position 17148
[10:56:09] Possible /pseudo 'NADPH-Fe(3+) oxidoreductase subunit beta' at k63_4308388 position 30571
[10:56:09] Possible /pseudo 'Tol-Pal system protein TolR' at k63_377371 position 616
[10:56:09] Possible /pseudo 'Cell division coordinator CpoB' at k63_377371 position 2728
[10:56:09] Possible /pseudo 'D-inositol-3-phosphate glycosyltransferase' at k63_2701274 position 17998
[10:56:09] Possible /pseudo 'D-inositol-3-phosphate glycosyltransferase' at k63_2701274 position 19166
[10:56:09] Possible /pseudo 'Tol-Pal system protein TolR' at k63_3038737 position 29966
[10:56:09] Possible /pseudo 'Putrescine transporter PotE' at k63_2725410 position 2416
[10:56:09] Possible /pseudo 'Putative mycofactocin radical SAM maturase MftC' at k63_2725410 position 17022
[10:56:09] Possible /pseudo 'Methionine synthase' at k63_1086612 position 17036
[10:56:09] Possible /pseudo 'ATP synthase subunit alpha' at k63_4072835 position 9010
[10:56:09] Possible /pseudo 'Bifunctional PGK/TIM' at k63_4473414 position 15482
[10:56:09] Possible /pseudo 'Cell division coordinator CpoB' at k63_1857935 position 28195
[10:56:09] Possible /pseudo 'Adaptive-response sensory-kinase SasA' at k63_957380 position 30510
[10:56:10] Found 927 unique /gene codes.
[10:56:10] Fixed 2 duplicate /gene - purF_1 purF_2
[10:56:10] Fixed 6 duplicate /gene - iolG_1 iolG_2 iolG_3 iolG_4 iolG_5 iolG_6
[10:56:10] Fixed 2 duplicate /gene - xylR_1 xylR_2
[10:56:10] Fixed 6 duplicate /gene - yknY_1 yknY_2 yknY_3 yknY_4 yknY_5 yknY_6
[10:56:10] Fixed 2 duplicate /gene - kdgK_1 kdgK_2
[10:56:10] Fixed 2 duplicate /gene - araA_1 araA_2
[10:56:10] Fixed 2 duplicate /gene - dksA_1 dksA_2
[10:56:10] Fixed 2 duplicate /gene - acsA_1 acsA_2
[10:56:10] Fixed 3 duplicate /gene - atoC_1 atoC_2 atoC_3
[10:56:10] Fixed 2 duplicate /gene - nahK_1 nahK_2
[10:56:10] Fixed 2 duplicate /gene - hisC_1 hisC_2
[10:56:10] Fixed 7 duplicate /gene - rssB_1 rssB_2 rssB_3 rssB_4 rssB_5 rssB_6 rssB_7
[10:56:10] Fixed 2 duplicate /gene - mdtC_1 mdtC_2
[10:56:10] Fixed 2 duplicate /gene - pnp_1 pnp_2
[10:56:10] Fixed 2 duplicate /gene - gcvH_1 gcvH_2
[10:56:10] Fixed 2 duplicate /gene - glnB_1 glnB_2
[10:56:10] Fixed 2 duplicate /gene - ssb_1 ssb_2
[10:56:10] Fixed 5 duplicate /gene - lacZ_1 lacZ_2 lacZ_3 lacZ_4 lacZ_5
[10:56:10] Fixed 2 duplicate /gene - norR_1 norR_2
[10:56:10] Fixed 2 duplicate /gene - ftsA_1 ftsA_2
[10:56:10] Fixed 2 duplicate /gene - pilT_1 pilT_2
[10:56:10] Fixed 2 duplicate /gene - prfB_1 prfB_2
[10:56:10] Fixed 3 duplicate /gene - smc_1 smc_2 smc_3
[10:56:10] Fixed 18 duplicate /gene - mshA_1 mshA_2 mshA_3 mshA_4 mshA_5 mshA_6 mshA_7 mshA_8 mshA_9 mshA_10 mshA_11 mshA_12 mshA_13 mshA_14 mshA_15 mshA_16 mshA_17 mshA_18
[10:56:10] Fixed 2 duplicate /gene - srpG_1 srpG_2
[10:56:10] Fixed 2 duplicate /gene - petB_1 petB_2
[10:56:10] Fixed 2 duplicate /gene - adk_1 adk_2
[10:56:10] Fixed 3 duplicate /gene - nqrF_1 nqrF_2 nqrF_3
[10:56:10] Fixed 2 duplicate /gene - sfrB_1 sfrB_2
[10:56:10] Fixed 2 duplicate /gene - pfp_1 pfp_2
[10:56:10] Fixed 3 duplicate /gene - ccsA_1 ccsA_2 ccsA_3
[10:56:10] Fixed 7 duplicate /gene - tolQ_1 tolQ_2 tolQ_3 tolQ_4 tolQ_5 tolQ_6 tolQ_7
[10:56:10] Fixed 6 duplicate /gene - rhaS_1 rhaS_2 rhaS_3 rhaS_4 rhaS_5 rhaS_6
[10:56:10] Fixed 2 duplicate /gene - nfuA_1 nfuA_2
[10:56:10] Fixed 9 duplicate /gene - rcsC_1 rcsC_2 rcsC_3 rcsC_4 rcsC_5 rcsC_6 rcsC_7 rcsC_8 rcsC_9
[10:56:10] Fixed 7 duplicate /gene - btuD_1 btuD_2 btuD_3 btuD_4 btuD_5 btuD_6 btuD_7
[10:56:10] Fixed 2 duplicate /gene - gyrB_1 gyrB_2
[10:56:10] Fixed 2 duplicate /gene - dapH_1 dapH_2
[10:56:10] Fixed 2 duplicate /gene - yafQ_1 yafQ_2
[10:56:10] Fixed 2 duplicate /gene - hemE_1 hemE_2
[10:56:10] Fixed 2 duplicate /gene - tolB_1 tolB_2
[10:56:10] Fixed 2 duplicate /gene - kinE_1 kinE_2
[10:56:10] Fixed 3 duplicate /gene - lolD_1 lolD_2 lolD_3
[10:56:10] Fixed 2 duplicate /gene - trpD_1 trpD_2
[10:56:10] Fixed 2 duplicate /gene - purH_1 purH_2
[10:56:10] Fixed 3 duplicate /gene - glgE_1 glgE_2 glgE_3
[10:56:10] Fixed 2 duplicate /gene - aroK_1 aroK_2
[10:56:10] Fixed 2 duplicate /gene - speE_1 speE_2
[10:56:10] Fixed 2 duplicate /gene - mdtA_1 mdtA_2
[10:56:10] Fixed 3 duplicate /gene - metH_1 metH_2 metH_3
[10:56:10] Fixed 2 duplicate /gene - higB-2_1 higB-2_2
[10:56:10] Fixed 2 duplicate /gene - wcaJ_1 wcaJ_2
[10:56:10] Fixed 2 duplicate /gene - arnC_1 arnC_2
[10:56:10] Fixed 2 duplicate /gene - ilvE_1 ilvE_2
[10:56:10] Fixed 2 duplicate /gene - gspD_1 gspD_2
[10:56:10] Fixed 2 duplicate /gene - dinB_1 dinB_2
[10:56:10] Fixed 5 duplicate /gene - bamB_1 bamB_2 bamB_3 bamB_4 bamB_5
[10:56:10] Fixed 2 duplicate /gene - mglA_1 mglA_2
[10:56:10] Fixed 10 duplicate /gene - sasA_1 sasA_2 sasA_3 sasA_4 sasA_5 sasA_6 sasA_7 sasA_8 sasA_9 sasA_10
[10:56:10] Fixed 7 duplicate /gene - rhaR_1 rhaR_2 rhaR_3 rhaR_4 rhaR_5 rhaR_6 rhaR_7
[10:56:10] Fixed 2 duplicate /gene - czcR_1 czcR_2
[10:56:10] Fixed 2 duplicate /gene - potE_1 potE_2
[10:56:10] Fixed 3 duplicate /gene - xcpT_1 xcpT_2 xcpT_3
[10:56:10] Fixed 2 duplicate /gene - dinJ_1 dinJ_2
[10:56:10] Fixed 2 duplicate /gene - pfkA_1 pfkA_2
[10:56:10] Fixed 2 duplicate /gene - thrC_1 thrC_2
[10:56:10] Fixed 2 duplicate /gene - fabG_1 fabG_2
[10:56:10] Fixed 2 duplicate /gene - tmoT_1 tmoT_2
[10:56:10] Fixed 2 duplicate /gene - ppm1_1 ppm1_2
[10:56:10] Fixed 12 duplicate /gene - cpoB_1 cpoB_2 cpoB_3 cpoB_4 cpoB_5 cpoB_6 cpoB_7 cpoB_8 cpoB_9 cpoB_10 cpoB_11 cpoB_12
[10:56:10] Fixed 2 duplicate /gene - ruvB_1 ruvB_2
[10:56:10] Fixed 2 duplicate /gene - vapC1_1 vapC1_2
[10:56:10] Fixed 7 duplicate /gene - tolR_1 tolR_2 tolR_3 tolR_4 tolR_5 tolR_6 tolR_7
[10:56:10] Fixed 2 duplicate /gene - pgk/tpi_1 pgk/tpi_2
[10:56:10] Fixed 3 duplicate /gene - vapC_1 vapC_2 vapC_3
[10:56:10] Fixed 2 duplicate /gene - mftC_1 mftC_2
[10:56:10] Fixed 3 duplicate /gene - fusA_1 fusA_2 fusA_3
[10:56:10] Fixed 2 duplicate /gene - bchE_1 bchE_2
[10:56:10] Fixed 2 duplicate /gene - hemB_1 hemB_2
[10:56:10] Fixed 2 duplicate /gene - pal_1 pal_2
[10:56:10] Fixed 5 duplicate /gene - cheB_1 cheB_2 cheB_3 cheB_4 cheB_5
[10:56:10] Fixed 5 duplicate /gene - rsxB_1 rsxB_2 rsxB_3 rsxB_4 rsxB_5
[10:56:10] Fixed 2 duplicate /gene - napG_1 napG_2
[10:56:10] Fixed 2 duplicate /gene - higA-2_1 higA-2_2
[10:56:10] Fixed 2 duplicate /gene - yitJ_1 yitJ_2
[10:56:10] Fixed 2 duplicate /gene - suhB_1 suhB_2
[10:56:10] Fixed 2 duplicate /gene - secDF_1 secDF_2
[10:56:10] Fixed 3 duplicate /gene - atpD_1 atpD_2 atpD_3
[10:56:10] Fixed 4 duplicate /gene - pknD_1 pknD_2 pknD_3 pknD_4
[10:56:10] Fixed 2 duplicate /gene - galK_1 galK_2
[10:56:10] Fixed 4 duplicate /gene - hldE_1 hldE_2 hldE_3 hldE_4
[10:56:10] Fixed 3 duplicate /gene - dinG_1 dinG_2 dinG_3
[10:56:10] Fixed 2 duplicate /gene - pdxB_1 pdxB_2
[10:56:10] Fixed 2 duplicate /gene - melA_1 melA_2
[10:56:10] Fixed 6 duplicate /gene - bepA_1 bepA_2 bepA_3 bepA_4 bepA_5 bepA_6
[10:56:10] Fixed 2 duplicate /gene - xdhA_1 xdhA_2
[10:56:10] Fixed 2 duplicate /gene - galE1_1 galE1_2
[10:56:10] Fixed 2 duplicate /gene - clpP_1 clpP_2
[10:56:10] Fixed 2 duplicate /gene - yteT_1 yteT_2
[10:56:10] Fixed 3 duplicate /gene - epsF_1 epsF_2 epsF_3
[10:56:10] Fixed 2 duplicate /gene - hemL_1 hemL_2
[10:56:10] Fixed 2 duplicate /gene - udk_1 udk_2
[10:56:10] Fixed 2 duplicate /gene - htpX_1 htpX_2
[10:56:10] Fixed 2 duplicate /gene - amtB_1 amtB_2
[10:56:10] Fixed 3 duplicate /gene - xerC_1 xerC_2 xerC_3
[10:56:10] Fixed 2 duplicate /gene - atpA_1 atpA_2
[10:56:10] Fixed 2 duplicate /gene - murC_1 murC_2
[10:56:10] Fixed 2 duplicate /gene - petC_1 petC_2
[10:56:10] Fixed 2 duplicate /gene - trpB_1 trpB_2
[10:56:10] Fixed 2 duplicate /gene - rnd_1 rnd_2
[10:56:10] Fixed 3 duplicate /gene - nreC_1 nreC_2 nreC_3
[10:56:10] Fixed 2 duplicate /gene - prmC_1 prmC_2
[10:56:10] Fixed 2 duplicate /gene - polC_1 polC_2
[10:56:10] Fixed 4 duplicate /gene - surA_1 surA_2 surA_3 surA_4
[10:56:10] Fixed 6 duplicate /gene - egtB_1 egtB_2 egtB_3 egtB_4 egtB_5 egtB_6
[10:56:10] Fixed 2 duplicate /gene - xerD_1 xerD_2
[10:56:10] Fixed 116 colliding /gene names.
[10:56:10] Adding /locus_tag identifiers
[10:56:10] Assigned 2528 locus_tags to CDS and RNA features.
[10:56:10] Writing outputs to ../../Data/Chen_Analysis/Prokka/Bacteria/GOMC.bin.8830/
[10:56:10] Generating annotation statistics file
[10:56:10] Generating Genbank and Sequin files
[10:56:10] Running: tbl2asn -V b -a r10k -l paired-ends -M n -N 1 -y 'Annotated using prokka 1.14.6 from https://github.com/tseemann/prokka' -Z \.\.\/\.\.\/Data\/Chen_Analysis\/Prokka\/Bacteria\/GOMC\.bin\.8830\/GOMC\.bin\.8830\.err -i \.\.\/\.\.\/Data\/Chen_Analysis\/Prokka\/Bacteria\/GOMC\.bin\.8830\/GOMC\.bin\.8830\.fsa 2> /dev/null
[10:56:12] Deleting unwanted file: ../../Data/Chen_Analysis/Prokka/Bacteria/GOMC.bin.8830/errorsummary.val
[10:56:12] Deleting unwanted file: ../../Data/Chen_Analysis/Prokka/Bacteria/GOMC.bin.8830/GOMC.bin.8830.dr
[10:56:12] Deleting unwanted file: ../../Data/Chen_Analysis/Prokka/Bacteria/GOMC.bin.8830/GOMC.bin.8830.fixedproducts
[10:56:12] Deleting unwanted file: ../../Data/Chen_Analysis/Prokka/Bacteria/GOMC.bin.8830/GOMC.bin.8830.ecn
[10:56:12] Deleting unwanted file: ../../Data/Chen_Analysis/Prokka/Bacteria/GOMC.bin.8830/GOMC.bin.8830.val
[10:56:12] Repairing broken .GBK output that tbl2asn produces...
[10:56:12] Running: sed 's/COORDINATES: profile/COORDINATES:profile/' < \.\.\/\.\.\/Data\/Chen_Analysis\/Prokka\/Bacteria\/GOMC\.bin\.8830\/GOMC\.bin\.8830\.gbf > \.\.\/\.\.\/Data\/Chen_Analysis\/Prokka\/Bacteria\/GOMC\.bin\.8830\/GOMC\.bin\.8830\.gbk
[10:56:12] Deleting unwanted file: ../../Data/Chen_Analysis/Prokka/Bacteria/GOMC.bin.8830/GOMC.bin.8830.gbf
[10:56:12] Output files:
[10:56:12] ../../Data/Chen_Analysis/Prokka/Bacteria/GOMC.bin.8830/GOMC.bin.8830.fsa
[10:56:12] ../../Data/Chen_Analysis/Prokka/Bacteria/GOMC.bin.8830/GOMC.bin.8830.ffn
[10:56:12] ../../Data/Chen_Analysis/Prokka/Bacteria/GOMC.bin.8830/GOMC.bin.8830.fna
[10:56:12] ../../Data/Chen_Analysis/Prokka/Bacteria/GOMC.bin.8830/GOMC.bin.8830.err
[10:56:12] ../../Data/Chen_Analysis/Prokka/Bacteria/GOMC.bin.8830/GOMC.bin.8830.gff
[10:56:12] ../../Data/Chen_Analysis/Prokka/Bacteria/GOMC.bin.8830/GOMC.bin.8830.gbk
[10:56:12] ../../Data/Chen_Analysis/Prokka/Bacteria/GOMC.bin.8830/GOMC.bin.8830.faa
[10:56:12] ../../Data/Chen_Analysis/Prokka/Bacteria/GOMC.bin.8830/GOMC.bin.8830.sqn
[10:56:12] ../../Data/Chen_Analysis/Prokka/Bacteria/GOMC.bin.8830/GOMC.bin.8830.log
[10:56:12] ../../Data/Chen_Analysis/Prokka/Bacteria/GOMC.bin.8830/GOMC.bin.8830.tbl
[10:56:12] ../../Data/Chen_Analysis/Prokka/Bacteria/GOMC.bin.8830/GOMC.bin.8830.txt
[10:56:12] ../../Data/Chen_Analysis/Prokka/Bacteria/GOMC.bin.8830/GOMC.bin.8830.tsv
[10:56:12] Annotation finished successfully.
[10:56:12] Walltime used: 1.32 minutes
[10:56:12] If you use this result please cite the Prokka paper:
[10:56:12] Seemann T (2014) Prokka: rapid prokaryotic genome annotation. Bioinformatics. 30(14):2068-9.
[10:56:12] Type 'prokka --citation' for more details.
[10:56:12] Share and enjoy!
