[07:32:54] This is prokka 1.14.6
[07:32:54] Written by Torsten Seemann <torsten.seemann@gmail.com>
[07:32:54] Homepage is https://github.com/tseemann/prokka
[07:32:54] Local time is Mon Dec  1 07:32:54 2025
[07:32:54] You are joao_facio
[07:32:54] Operating system is linux
[07:32:54] You have BioPerl 1.7.8
[07:32:54] System has 12 cores.
[07:32:54] Will use maximum of 4 cores.
[07:32:54] Annotating as >>> Bacteria <<<
[07:32:54] Generating locus_tag from '/tmp/tmp6gns85ah/GOMC.bin.3941.fa' contents.
[07:32:54] Setting --locustag MIFNHACC from MD5 62f71acc44ec0c24db14bc4c8a9afa60
[07:32:54] Creating new output folder: ../../Data/Chen_Analysis/Prokka/Bacteria/GOMC.bin.3941
[07:32:54] Running: mkdir -p \.\.\/\.\.\/Data\/Chen_Analysis\/Prokka\/Bacteria\/GOMC\.bin\.3941
[07:32:54] Using filename prefix: GOMC.bin.3941.XXX
[07:32:54] Setting HMMER_NCPU=1
[07:32:54] Writing log to: ../../Data/Chen_Analysis/Prokka/Bacteria/GOMC.bin.3941/GOMC.bin.3941.log
[07:32:54] Command: /home/joao_facio/miniconda3/envs/prokka/bin/prokka --outdir ../../Data/Chen_Analysis/Prokka/Bacteria/GOMC.bin.3941 --prefix GOMC.bin.3941 --kingdom Bacteria --genus QOAL01 --strain GOMC.bin.3941 --cpus 4 --force /tmp/tmp6gns85ah/GOMC.bin.3941.fa
[07:32:54] Appending to PATH: /home/joao_facio/miniconda3/envs/prokka/bin
[07:32:54] Looking for 'aragorn' - found /home/joao_facio/miniconda3/envs/prokka/bin/aragorn
[07:32:54] Determined aragorn version is 001002 from 'ARAGORN v1.2.41 Dean Laslett'
[07:32:54] Looking for 'barrnap' - found /home/joao_facio/miniconda3/envs/prokka/bin/barrnap
[07:32:54] Determined barrnap version is 000009 from 'barrnap 0.9'
[07:32:54] Looking for 'blastp' - found /home/joao_facio/miniconda3/envs/prokka/bin/blastp
[07:32:54] Determined blastp version is 002016 from 'blastp: 2.16.0+'
[07:32:54] Looking for 'cmpress' - found /home/joao_facio/miniconda3/envs/prokka/bin/cmpress
[07:32:54] Determined cmpress version is 001001 from '# INFERNAL 1.1.5 (Sep 2023)'
[07:32:54] Looking for 'cmscan' - found /home/joao_facio/miniconda3/envs/prokka/bin/cmscan
[07:32:54] Determined cmscan version is 001001 from '# INFERNAL 1.1.5 (Sep 2023)'
[07:32:54] Looking for 'egrep' - found /usr/bin/egrep
[07:32:54] Looking for 'find' - found /usr/bin/find
[07:32:54] Looking for 'grep' - found /usr/bin/grep
[07:32:54] Looking for 'hmmpress' - found /home/joao_facio/miniconda3/envs/prokka/bin/hmmpress
[07:32:54] Determined hmmpress version is 003004 from '# HMMER 3.4 (Aug 2023); http://hmmer.org/'
[07:32:54] Looking for 'hmmscan' - found /home/joao_facio/miniconda3/envs/prokka/bin/hmmscan
[07:32:54] Determined hmmscan version is 003004 from '# HMMER 3.4 (Aug 2023); http://hmmer.org/'
[07:32:54] Looking for 'java' - found /home/joao_facio/miniconda3/envs/prokka/bin/java
[07:32:54] Looking for 'makeblastdb' - found /home/joao_facio/miniconda3/envs/prokka/bin/makeblastdb
[07:32:54] Determined makeblastdb version is 002016 from 'makeblastdb: 2.16.0+'
[07:32:54] Looking for 'minced' - found /home/joao_facio/miniconda3/envs/prokka/bin/minced
[07:32:54] Determined minced version is 004002 from 'minced 0.4.2'
[07:32:54] Looking for 'parallel' - found /home/joao_facio/miniconda3/envs/prokka/bin/parallel
[07:32:54] Determined parallel version is 20251122 from 'GNU parallel 20251122'
[07:32:54] Looking for 'prodigal' - found /home/joao_facio/miniconda3/envs/prokka/bin/prodigal
[07:32:54] Determined prodigal version is 002006 from 'Prodigal V2.6.3: February, 2016'
[07:32:54] Looking for 'prokka-genbank_to_fasta_db' - found /home/joao_facio/miniconda3/envs/prokka/bin/prokka-genbank_to_fasta_db
[07:32:54] Looking for 'sed' - found /usr/bin/sed
[07:32:54] Looking for 'tbl2asn' - found /home/joao_facio/miniconda3/envs/prokka/bin/tbl2asn
[07:32:54] Determined tbl2asn version is 025007 from 'tbl2asn 25.7   arguments:'
[07:32:54] Using genetic code table 11.
[07:32:54] Loading and checking input file: /tmp/tmp6gns85ah/GOMC.bin.3941.fa
[07:32:54] Wrote 91 contigs totalling 2496178 bp.
[07:32:54] Predicting tRNAs and tmRNAs
[07:32:54] Running: aragorn -l -gc11  -w \.\.\/\.\.\/Data\/Chen_Analysis\/Prokka\/Bacteria\/GOMC\.bin\.3941\/GOMC\.bin\.3941\.fna
[07:32:54] 1 tRNA-Val c[6895,6969] 33 (cac)
[07:32:54] 1 tRNA-Ser [58072,58165] 36 (cga)
[07:32:54] 1 tRNA-Arg [7936,8011] 34 (cct)
[07:32:54] 1 tRNA-Gln c[87456,87529] 33 (ctg)
[07:32:54] 1 tRNA-Ala [17419,17494] 34 (cgc)
[07:32:54] 1 tRNA-Leu [32036,32123] 35 (taa)
[07:32:54] 1 tRNA-Leu [9737,9823] 35 (caa)
[07:32:54] 1 tRNA-Met c[22375,22451] 35 (cat)
[07:32:54] 1 tRNA-Arg [37892,37965] 35 (tct)
[07:32:54] 1 tRNA-Glu c[23242,23319] 37 (ttc)
[07:32:54] 1 tRNA-Glu [149,224] 35 (ctc)
[07:32:54] 1 tRNA-Ser [30947,31034] 35 (tga)
[07:32:54] 2 tRNA-Ser [31057,31148] 35 (gct)
[07:32:54] 1 tRNA-Gly [33895,33970] 34 (ccc)
[07:32:54] 1 tRNA-Val [26408,26483] 34 (tac)
[07:32:54] Found 15 tRNAs
[07:32:54] Predicting Ribosomal RNAs
[07:32:54] Running Barrnap with 4 threads
[07:32:55] Found 0 rRNAs
[07:32:55] Skipping ncRNA search, enable with --rfam if desired.
[07:32:55] Total of 15 tRNA + rRNA features
[07:32:55] Searching for CRISPR repeats
[07:32:55] Found 0 CRISPRs
[07:32:55] Predicting coding sequences
[07:32:55] Contigs total 2496178 bp, so using single mode
[07:32:55] Running: prodigal -i \.\.\/\.\.\/Data\/Chen_Analysis\/Prokka\/Bacteria\/GOMC\.bin\.3941\/GOMC\.bin\.3941\.fna -c -m -g 11 -p single -f sco -q
[07:32:56] Excluding CDS which overlaps existing RNA (tRNA) at SRR8439172_k53_165147_1:57906..58166 on - strand
[07:32:57] Excluding CDS which overlaps existing RNA (tRNA) at SRR8439172_k53_283150_1:17338..18405 on + strand
[07:32:57] Found 2247 CDS
[07:32:57] Connecting features back to sequences
[07:32:57] Not using genus-specific database. Try --usegenus to enable it.
[07:32:57] Annotating CDS, please be patient.
[07:32:57] Will use 4 CPUs for similarity searching.
[07:32:57] There are still 2247 unannotated CDS left (started with 2247)
[07:32:57] Will use blast to search against /home/joao_facio/miniconda3/envs/prokka/db/kingdom/Bacteria/IS with 4 CPUs
[07:32:57] Running: cat \.\.\/\.\.\/Data\/Chen_Analysis\/Prokka\/Bacteria\/GOMC\.bin\.3941\/GOMC\.bin\.3941\.IS\.tmp\.3145610\.faa | parallel --gnu --plain -j 4 --block 96336 --recstart '>' --pipe blastp -query - -db /home/joao_facio/miniconda3/envs/prokka/db/kingdom/Bacteria/IS -evalue 1e-30 -qcov_hsp_perc 90 -num_threads 1 -num_descriptions 1 -num_alignments 1 -seg no > \.\.\/\.\.\/Data\/Chen_Analysis\/Prokka\/Bacteria\/GOMC\.bin\.3941\/GOMC\.bin\.3941\.IS\.tmp\.3145610\.blast 2> /dev/null
[07:33:05] Deleting unwanted file: ../../Data/Chen_Analysis/Prokka/Bacteria/GOMC.bin.3941/GOMC.bin.3941.IS.tmp.3145610.faa
[07:33:05] Deleting unwanted file: ../../Data/Chen_Analysis/Prokka/Bacteria/GOMC.bin.3941/GOMC.bin.3941.IS.tmp.3145610.blast
[07:33:05] There are still 2247 unannotated CDS left (started with 2247)
[07:33:05] Will use blast to search against /home/joao_facio/miniconda3/envs/prokka/db/kingdom/Bacteria/AMR with 4 CPUs
[07:33:05] Running: cat \.\.\/\.\.\/Data\/Chen_Analysis\/Prokka\/Bacteria\/GOMC\.bin\.3941\/GOMC\.bin\.3941\.AMR\.tmp\.3145610\.faa | parallel --gnu --plain -j 4 --block 96336 --recstart '>' --pipe blastp -query - -db /home/joao_facio/miniconda3/envs/prokka/db/kingdom/Bacteria/AMR -evalue 1e-300 -qcov_hsp_perc 90 -num_threads 1 -num_descriptions 1 -num_alignments 1 -seg no > \.\.\/\.\.\/Data\/Chen_Analysis\/Prokka\/Bacteria\/GOMC\.bin\.3941\/GOMC\.bin\.3941\.AMR\.tmp\.3145610\.blast 2> /dev/null
[07:33:11] Deleting unwanted file: ../../Data/Chen_Analysis/Prokka/Bacteria/GOMC.bin.3941/GOMC.bin.3941.AMR.tmp.3145610.faa
[07:33:11] Deleting unwanted file: ../../Data/Chen_Analysis/Prokka/Bacteria/GOMC.bin.3941/GOMC.bin.3941.AMR.tmp.3145610.blast
[07:33:11] There are still 2247 unannotated CDS left (started with 2247)
[07:33:11] Will use blast to search against /home/joao_facio/miniconda3/envs/prokka/db/kingdom/Bacteria/sprot with 4 CPUs
[07:33:11] Running: cat \.\.\/\.\.\/Data\/Chen_Analysis\/Prokka\/Bacteria\/GOMC\.bin\.3941\/GOMC\.bin\.3941\.sprot\.tmp\.3145610\.faa | parallel --gnu --plain -j 4 --block 96336 --recstart '>' --pipe blastp -query - -db /home/joao_facio/miniconda3/envs/prokka/db/kingdom/Bacteria/sprot -evalue 1e-09 -qcov_hsp_perc 80 -num_threads 1 -num_descriptions 1 -num_alignments 1 -seg no > \.\.\/\.\.\/Data\/Chen_Analysis\/Prokka\/Bacteria\/GOMC\.bin\.3941\/GOMC\.bin\.3941\.sprot\.tmp\.3145610\.blast 2> /dev/null
[07:33:42] Modify product: Probable iron export permease protein FetB => putative iron export permease protein FetB
[07:33:42] Modify product: Probable iron export ATP-binding protein FetA => putative iron export ATP-binding protein FetA
[07:33:42] Modify product: Epimerase family protein Rv2216 => Epimerase family protein
[07:33:42] Modify product: Uncharacterized protein YisK => putative protein YisK
[07:33:42] Modify product: Monocarboxylate 2-oxoacid-binding periplasmic protein all3028 => Monocarboxylate 2-oxoacid-binding periplasmic protein
[07:33:42] Modify product: Universal stress protein A homolog 2 => Universal stress protein A 
[07:33:42] Modify product: Probable alcohol dehydrogenase AdhA => putative alcohol dehydrogenase AdhA
[07:33:42] Modify product: Probable Ni/Fe-hydrogenase B-type cytochrome subunit => putative Ni/Fe-hydrogenase B-type cytochrome subunit
[07:33:42] Modify product: Phosphate-specific transport system accessory protein PhoU homolog => Phosphate-specific transport system accessory protein PhoU 
[07:33:42] Modify product: Probable GTP-binding protein EngB => putative GTP-binding protein EngB
[07:33:42] Modify product: Protease HtpX homolog => Protease HtpX 
[07:33:42] Modify product: Probable transcriptional regulatory protein pdtaR => putative transcriptional regulatory protein pdtaR
[07:33:42] Modify product: Probable chromate transport protein => putative chromate transport protein
[07:33:42] Modify product: UPF0194 membrane protein YbhG => hypothetical protein
[07:33:42] Modify product: Probable multidrug ABC transporter ATP-binding protein YbhF => putative multidrug ABC transporter ATP-binding protein YbhF
[07:33:42] Modify product: Probable multidrug ABC transporter permease YbhS => putative multidrug ABC transporter permease YbhS
[07:33:42] Modify product: Probable multidrug ABC transporter permease YbhR => putative multidrug ABC transporter permease YbhR
[07:33:42] Modify product: Uncharacterized protein Rv1829 => putative protein
[07:33:42] Modify product: UPF0047 protein Rv2556c => hypothetical protein
[07:33:42] Modify product: Putative multidrug export ATP-binding/permease protein SAV1866 => Putative multidrug export ATP-binding/permease protein
[07:33:42] Modify product: Putative esterase aq_1494 => Putative esterase
[07:33:42] Modify product: Uncharacterized oxidoreductase YdhV => putative oxidoreductase YdhV
[07:33:42] Modify product: Bifunctional protein FolD => Bifunctional protein FolD protein
[07:33:42] Modify product: Uncharacterized protein YciO => putative protein YciO
[07:33:42] Modify product: UPF0056 inner membrane protein MarC => hypothetical protein
[07:33:42] Modify product: UPF0758 protein => hypothetical protein
[07:33:42] Modify product: Uncharacterized protein HI_1048 => putative protein
[07:33:42] Modify product: Uncharacterized FAD-linked oxidoreductase Rv2280 => putative FAD-linked oxidoreductase
[07:33:42] Modify product: 23S rRNA 5-hydroxycytidine C2501 synthase => 23S rRNA 5-hydroxycytidine synthase
[07:33:42] Modify product: Probable fused nickel transport protein LarMN => putative fused nickel transport protein LarMN
[07:33:42] Modify product: Uncharacterized ABC transporter ATP-binding protein YknY => putative ABC transporter ATP-binding protein YknY
[07:33:42] Modify product: UPF0098 protein CT_736 => hypothetical protein
[07:33:42] Modify product: Probable murein peptide carboxypeptidase => putative murein peptide carboxypeptidase
[07:33:42] Modify product: Putative transport protein Rv1101c => Putative transport protein
[07:33:43] Modify product: Segregation and condensation protein B homolog => Segregation and condensation protein B 
[07:33:43] Modify product: Probable L,D-transpeptidase YcbB => putative L,D-transpeptidase YcbB
[07:33:43] Modify product: UPF0111 protein HI_1603 => hypothetical protein
[07:33:43] Modify product: Phosphorylated carbohydrates phosphatase TM_1254 => Phosphorylated carbohydrates phosphatase
[07:33:43] Modify product: Uncharacterized protein YqgN => putative protein YqgN
[07:33:43] Modify product: Ribonuclease TTHA0252 => Ribonuclease
[07:33:43] Modify product: Uncharacterized Nudix hydrolase YfcD => putative Nudix hydrolase YfcD
[07:33:43] Modify product: Probable transcriptional regulatory protein DVU_2259 => putative transcriptional regulatory protein
[07:33:43] Modify product: Probable ribonucleotide transport ATP-binding protein mkl => putative ribonucleotide transport ATP-binding protein mkl
[07:33:43] Modify product: Uncharacterized zinc protease Rv2782c => putative zinc protease
[07:33:43] Modify product: GTP cyclohydrolase 1 type 2 homolog => GTP cyclohydrolase 1 type 2 
[07:33:43] Modify product: Putative HTH-type transcriptional regulator Rv1287 => Putative HTH-type transcriptional regulator
[07:33:43] Modify product: Uncharacterized protein Rv2030c => putative protein
[07:33:43] Modify product: Probable aspartate aminotransferase => putative aspartate aminotransferase
[07:33:43] Modify product: Probable tRNA-dihydrouridine synthase => putative tRNA-dihydrouridine synthase
[07:33:43] Modify product: Nucleoid-associated protein Cthe_2143 => Nucleoid-associated protein
[07:33:43] Modify product: UPF0109 protein Rv2908c => hypothetical protein
[07:33:43] Modify product: Uncharacterized protein TM_1570 => putative protein
[07:33:43] Modify product: UPF0102 protein RPA0323 => hypothetical protein
[07:33:43] Modify product: Uncharacterized protein Rv1339 => putative protein
[07:33:43] Modify product: Solute-binding protein Dde_0634 => Solute-binding protein
[07:33:43] Modify product: UPF0173 metal-dependent hydrolase TM_1162 => hypothetical protein
[07:33:43] Modify product: Putative peroxiredoxin Rv2521 => Putative peroxiredoxin
[07:33:43] Modify product: Uncharacterized protein Rv2004c => putative protein
[07:33:43] Modify product: Uncharacterized ABC transporter ATP-binding protein YheS => putative ABC transporter ATP-binding protein YheS
[07:33:43] Modify product: UPF0701 protein YicC => hypothetical protein
[07:33:43] Modify product: Probable dipeptidase PepE => putative dipeptidase PepE
[07:33:43] Modify product: UPF0047 protein Rv2556c => hypothetical protein
[07:33:43] Modify product: Probable 4-deoxy-4-formamido-L-arabinose-phosphoundecaprenol deformylase ArnD => putative 4-deoxy-4-formamido-L-arabinose-phosphoundecaprenol deformylase ArnD
[07:33:43] Modify product: Uncharacterized metal-dependent hydrolase YcfH => putative metal-dependent hydrolase YcfH
[07:33:43] Modify product: Glycogen operon protein GlgX homolog => Glycogen operon protein GlgX 
[07:33:43] Modify product: Probable lipid II flippase MurJ => putative lipid II flippase MurJ
[07:33:43] Modify product: Probable nicotinate-nucleotide pyrophosphorylase [carboxylating] => putative nicotinate-nucleotide pyrophosphorylase [carboxylating]
[07:33:43] Modify product: Uncharacterized ferredoxin-like protein YdhY => putative ferredoxin-like protein YdhY
[07:33:43] Cleaned 68 /product names
[07:33:43] Deleting unwanted file: ../../Data/Chen_Analysis/Prokka/Bacteria/GOMC.bin.3941/GOMC.bin.3941.sprot.tmp.3145610.faa
[07:33:43] Deleting unwanted file: ../../Data/Chen_Analysis/Prokka/Bacteria/GOMC.bin.3941/GOMC.bin.3941.sprot.tmp.3145610.blast
[07:33:43] There are still 1207 unannotated CDS left (started with 2247)
[07:33:43] Will use hmmer3 to search against /home/joao_facio/miniconda3/envs/prokka/db/hmm/HAMAP.hmm with 4 CPUs
[07:33:43] Running: cat \.\.\/\.\.\/Data\/Chen_Analysis\/Prokka\/Bacteria\/GOMC\.bin\.3941\/GOMC\.bin\.3941\.HAMAP\.hmm\.tmp\.3145610\.faa | parallel --gnu --plain -j 4 --block 49788 --recstart '>' --pipe hmmscan --noali --notextw --acc -E 1e-09 --cpu 1 /home/joao_facio/miniconda3/envs/prokka/db/hmm/HAMAP.hmm /dev/stdin > \.\.\/\.\.\/Data\/Chen_Analysis\/Prokka\/Bacteria\/GOMC\.bin\.3941\/GOMC\.bin\.3941\.HAMAP\.hmm\.tmp\.3145610\.hmmer3 2> /dev/null
[07:33:52] Deleting unwanted file: ../../Data/Chen_Analysis/Prokka/Bacteria/GOMC.bin.3941/GOMC.bin.3941.HAMAP.hmm.tmp.3145610.faa
[07:33:52] Deleting unwanted file: ../../Data/Chen_Analysis/Prokka/Bacteria/GOMC.bin.3941/GOMC.bin.3941.HAMAP.hmm.tmp.3145610.hmmer3
[07:33:52] Labelling remaining 919 proteins as 'hypothetical protein'
[07:33:52] Possible /pseudo 'Regulator of RpoS' at SRR8439172_k53_81782_1 position 20185
[07:33:52] Possible /pseudo '3-carboxy-cis,cis-muconate cycloisomerase' at SRR8439172_k53_81782_1 position 61081
[07:33:52] Possible /pseudo 'Sensor histidine kinase RcsC' at SRR8439172_k53_105764_1 position 18182
[07:33:52] Possible /pseudo 'Flagellar basal-body rod protein FlgG' at SRR8439172_k53_105764_1 position 25730
[07:33:52] Possible /pseudo 'Ammonium transporter' at SRR8439172_k53_160498_1 position 36651
[07:33:52] Possible /pseudo 'Cytochrome c-type protein ImcH' at SRR8439172_k53_165147_1 position 3756
[07:33:52] Possible /pseudo 'D-inositol-3-phosphate glycosyltransferase' at SRR8439172_k53_181097_1 position 23354
[07:33:52] Possible /pseudo 'Macrolide export ATP-binding/permease protein MacB' at SRR8439172_k53_193293_1 position 38407
[07:33:52] Possible /pseudo 'Bifunctional polymyxin resistance protein ArnA' at SRR8439172_k53_230185_1 position 23758
[07:33:52] Possible /pseudo 'Periplasmic nitrate reductase' at SRR8439172_k53_260906_1 position 31376
[07:33:52] Possible /pseudo 'Chromosome partition protein Smc' at SRR8439172_k53_283150_1 position 1860
[07:33:52] Possible /pseudo 'Protein-glutamate methylesterase/protein-glutamine glutaminase' at SRR8439172_k53_382372_1 position 49028
[07:33:52] Possible /pseudo 'Protein-glutamate methylesterase/protein-glutamine glutaminase' at SRR8439172_k53_382372_1 position 50110
[07:33:52] Possible /pseudo 'D-inositol-3-phosphate glycosyltransferase' at SRR8439172_k53_398431_1 position 58592
[07:33:52] Possible /pseudo 'Twitching mobility protein' at SRR8439172_k53_398431_1 position 66452
[07:33:52] Possible /pseudo 'Nitrogen regulatory protein P-II' at SRR8439172_k53_411747_1 position 10550
[07:33:52] Possible /pseudo 'Regulatory protein AtoC' at SRR8439172_k53_1002434_1 position 3698
[07:33:52] Possible /pseudo 'Sensor histidine kinase RcsC' at SRR8439172_k53_1584845_1 position 22572
[07:33:52] Found 1013 unique /gene codes.
[07:33:52] Fixed 2 duplicate /gene - atpA_1 atpA_2
[07:33:52] Fixed 2 duplicate /gene - ihfA_1 ihfA_2
[07:33:52] Fixed 2 duplicate /gene - flhB_1 flhB_2
[07:33:52] Fixed 6 duplicate /gene - btuB_1 btuB_2 btuB_3 btuB_4 btuB_5 btuB_6
[07:33:52] Fixed 2 duplicate /gene - pcaB_1 pcaB_2
[07:33:52] Fixed 2 duplicate /gene - macB_1 macB_2
[07:33:52] Fixed 2 duplicate /gene - cugP_1 cugP_2
[07:33:52] Fixed 2 duplicate /gene - psd_1 psd_2
[07:33:52] Fixed 2 duplicate /gene - folE2_1 folE2_2
[07:33:52] Fixed 2 duplicate /gene - nasD_1 nasD_2
[07:33:52] Fixed 2 duplicate /gene - trkA_1 trkA_2
[07:33:52] Fixed 2 duplicate /gene - ccsA_1 ccsA_2
[07:33:52] Fixed 2 duplicate /gene - bamD_1 bamD_2
[07:33:52] Fixed 2 duplicate /gene - pgsA_1 pgsA_2
[07:33:52] Fixed 2 duplicate /gene - surA_1 surA_2
[07:33:52] Fixed 2 duplicate /gene - der_1 der_2
[07:33:52] Fixed 2 duplicate /gene - tadA_1 tadA_2
[07:33:52] Fixed 2 duplicate /gene - aspC_1 aspC_2
[07:33:52] Fixed 2 duplicate /gene - glmU_1 glmU_2
[07:33:52] Fixed 2 duplicate /gene - arnA_1 arnA_2
[07:33:52] Fixed 2 duplicate /gene - cspLA_1 cspLA_2
[07:33:52] Fixed 2 duplicate /gene - nth_1 nth_2
[07:33:52] Fixed 2 duplicate /gene - purH_1 purH_2
[07:33:52] Fixed 2 duplicate /gene - bioF_1 bioF_2
[07:33:52] Fixed 2 duplicate /gene - atpG_1 atpG_2
[07:33:52] Fixed 2 duplicate /gene - lon_1 lon_2
[07:33:52] Fixed 2 duplicate /gene - imcH_1 imcH_2
[07:33:52] Fixed 2 duplicate /gene - ruvB_1 ruvB_2
[07:33:52] Fixed 3 duplicate /gene - glgP_1 glgP_2 glgP_3
[07:33:52] Fixed 2 duplicate /gene - fabG_1 fabG_2
[07:33:52] Fixed 2 duplicate /gene - nrgA_1 nrgA_2
[07:33:52] Fixed 2 duplicate /gene - acsE_1 acsE_2
[07:33:52] Fixed 2 duplicate /gene - atpC_1 atpC_2
[07:33:52] Fixed 20 duplicate /gene - sasA_1 sasA_2 sasA_3 sasA_4 sasA_5 sasA_6 sasA_7 sasA_8 sasA_9 sasA_10 sasA_11 sasA_12 sasA_13 sasA_14 sasA_15 sasA_16 sasA_17 sasA_18 sasA_19 sasA_20
[07:33:52] Fixed 2 duplicate /gene - hupB_1 hupB_2
[07:33:52] Fixed 7 duplicate /gene - mshA_1 mshA_2 mshA_3 mshA_4 mshA_5 mshA_6 mshA_7
[07:33:52] Fixed 2 duplicate /gene - acsA_1 acsA_2
[07:33:52] Fixed 4 duplicate /gene - glnB_1 glnB_2 glnB_3 glnB_4
[07:33:52] Fixed 2 duplicate /gene - vnfA_1 vnfA_2
[07:33:52] Fixed 3 duplicate /gene - gap_1 gap_2 gap_3
[07:33:52] Fixed 2 duplicate /gene - flgG_1 flgG_2
[07:33:52] Fixed 2 duplicate /gene - asnB_1 asnB_2
[07:33:52] Fixed 2 duplicate /gene - nifD_1 nifD_2
[07:33:52] Fixed 2 duplicate /gene - speE_1 speE_2
[07:33:52] Fixed 2 duplicate /gene - pomA_1 pomA_2
[07:33:52] Fixed 2 duplicate /gene - braC_1 braC_2
[07:33:52] Fixed 3 duplicate /gene - aroF_1 aroF_2 aroF_3
[07:33:52] Fixed 3 duplicate /gene - arnC_1 arnC_2 arnC_3
[07:33:52] Fixed 3 duplicate /gene - ftsH_1 ftsH_2 ftsH_3
[07:33:52] Fixed 2 duplicate /gene - tolQ_1 tolQ_2
[07:33:52] Fixed 2 duplicate /gene - birA_1 birA_2
[07:33:52] Fixed 2 duplicate /gene - hmuU_1 hmuU_2
[07:33:52] Fixed 4 duplicate /gene - dnaJ_1 dnaJ_2 dnaJ_3 dnaJ_4
[07:33:52] Fixed 21 duplicate /gene - rcsC_1 rcsC_2 rcsC_3 rcsC_4 rcsC_5 rcsC_6 rcsC_7 rcsC_8 rcsC_9 rcsC_10 rcsC_11 rcsC_12 rcsC_13 rcsC_14 rcsC_15 rcsC_16 rcsC_17 rcsC_18 rcsC_19 rcsC_20 rcsC_21
[07:33:52] Fixed 5 duplicate /gene - cheB_1 cheB_2 cheB_3 cheB_4 cheB_5
[07:33:52] Fixed 2 duplicate /gene - znuB_1 znuB_2
[07:33:52] Fixed 2 duplicate /gene - moeA_1 moeA_2
[07:33:52] Fixed 2 duplicate /gene - hspA_1 hspA_2
[07:33:52] Fixed 2 duplicate /gene - rpoD_1 rpoD_2
[07:33:52] Fixed 4 duplicate /gene - arnT_1 arnT_2 arnT_3 arnT_4
[07:33:52] Fixed 5 duplicate /gene - rssB_1 rssB_2 rssB_3 rssB_4 rssB_5
[07:33:52] Fixed 4 duplicate /gene - smc_1 smc_2 smc_3 smc_4
[07:33:52] Fixed 2 duplicate /gene - queE_1 queE_2
[07:33:52] Fixed 4 duplicate /gene - pal_1 pal_2 pal_3 pal_4
[07:33:52] Fixed 4 duplicate /gene - rsxB_1 rsxB_2 rsxB_3 rsxB_4
[07:33:52] Fixed 2 duplicate /gene - spo0F_1 spo0F_2
[07:33:52] Fixed 2 duplicate /gene - prs_1 prs_2
[07:33:52] Fixed 2 duplicate /gene - dksA_1 dksA_2
[07:33:52] Fixed 3 duplicate /gene - COQ5_1 COQ5_2 COQ5_3
[07:33:52] Fixed 2 duplicate /gene - xerC_1 xerC_2
[07:33:52] Fixed 2 duplicate /gene - qseF_1 qseF_2
[07:33:52] Fixed 2 duplicate /gene - dxs_1 dxs_2
[07:33:52] Fixed 2 duplicate /gene - waaA_1 waaA_2
[07:33:52] Fixed 2 duplicate /gene - epsF_1 epsF_2
[07:33:52] Fixed 2 duplicate /gene - era_1 era_2
[07:33:52] Fixed 2 duplicate /gene - rny_1 rny_2
[07:33:52] Fixed 2 duplicate /gene - iolG_1 iolG_2
[07:33:52] Fixed 2 duplicate /gene - cysG_1 cysG_2
[07:33:52] Fixed 2 duplicate /gene - novN_1 novN_2
[07:33:52] Fixed 3 duplicate /gene - fusA_1 fusA_2 fusA_3
[07:33:52] Fixed 2 duplicate /gene - cbiA_1 cbiA_2
[07:33:52] Fixed 2 duplicate /gene - cpdA_1 cpdA_2
[07:33:52] Fixed 4 duplicate /gene - napA_1 napA_2 napA_3 napA_4
[07:33:52] Fixed 2 duplicate /gene - mprA_1 mprA_2
[07:33:52] Fixed 2 duplicate /gene - mreB_1 mreB_2
[07:33:52] Fixed 3 duplicate /gene - clcB_1 clcB_2 clcB_3
[07:33:52] Fixed 4 duplicate /gene - cheY_1 cheY_2 cheY_3 cheY_4
[07:33:52] Fixed 2 duplicate /gene - tatC_1 tatC_2
[07:33:52] Fixed 2 duplicate /gene - atpH_1 atpH_2
[07:33:52] Fixed 2 duplicate /gene - rnr_1 rnr_2
[07:33:52] Fixed 2 duplicate /gene - gph_1 gph_2
[07:33:52] Fixed 3 duplicate /gene - wecA_1 wecA_2 wecA_3
[07:33:52] Fixed 2 duplicate /gene - miaB_1 miaB_2
[07:33:52] Fixed 2 duplicate /gene - acpP_1 acpP_2
[07:33:52] Fixed 2 duplicate /gene - yfiC_1 yfiC_2
[07:33:52] Fixed 2 duplicate /gene - glgC_1 glgC_2
[07:33:52] Fixed 3 duplicate /gene - cpoB_1 cpoB_2 cpoB_3
[07:33:52] Fixed 2 duplicate /gene - cckA_1 cckA_2
[07:33:52] Fixed 2 duplicate /gene - pyrD_1 pyrD_2
[07:33:52] Fixed 2 duplicate /gene - divK_1 divK_2
[07:33:52] Fixed 2 duplicate /gene - apbC_1 apbC_2
[07:33:52] Fixed 2 duplicate /gene - nifB_1 nifB_2
[07:33:52] Fixed 3 duplicate /gene - rfaF_1 rfaF_2 rfaF_3
[07:33:52] Fixed 2 duplicate /gene - yegS_1 yegS_2
[07:33:52] Fixed 14 duplicate /gene - atoC_1 atoC_2 atoC_3 atoC_4 atoC_5 atoC_6 atoC_7 atoC_8 atoC_9 atoC_10 atoC_11 atoC_12 atoC_13 atoC_14
[07:33:52] Fixed 2 duplicate /gene - nifK_1 nifK_2
[07:33:52] Fixed 2 duplicate /gene - cdr_1 cdr_2
[07:33:52] Fixed 2 duplicate /gene - phsA_1 phsA_2
[07:33:52] Fixed 7 duplicate /gene - bepA_1 bepA_2 bepA_3 bepA_4 bepA_5 bepA_6 bepA_7
[07:33:52] Fixed 2 duplicate /gene - speH_1 speH_2
[07:33:52] Fixed 2 duplicate /gene - hscA_1 hscA_2
[07:33:52] Fixed 2 duplicate /gene - menE_1 menE_2
[07:33:52] Fixed 5 duplicate /gene - moaA_1 moaA_2 moaA_3 moaA_4 moaA_5
[07:33:52] Fixed 2 duplicate /gene - hldE_1 hldE_2
[07:33:52] Fixed 2 duplicate /gene - cobD_1 cobD_2
[07:33:52] Fixed 2 duplicate /gene - trpB_1 trpB_2
[07:33:52] Fixed 2 duplicate /gene - tatA_1 tatA_2
[07:33:52] Fixed 3 duplicate /gene - ttrB_1 ttrB_2 ttrB_3
[07:33:52] Fixed 2 duplicate /gene - carD_1 carD_2
[07:33:52] Fixed 2 duplicate /gene - atpD_1 atpD_2
[07:33:52] Fixed 3 duplicate /gene - lptB_1 lptB_2 lptB_3
[07:33:52] Fixed 2 duplicate /gene - dctM_1 dctM_2
[07:33:52] Fixed 3 duplicate /gene - IMPDH_1 IMPDH_2 IMPDH_3
[07:33:52] Fixed 5 duplicate /gene - ndhI_1 ndhI_2 ndhI_3 ndhI_4 ndhI_5
[07:33:52] Fixed 2 duplicate /gene - htpX_1 htpX_2
[07:33:52] Fixed 2 duplicate /gene - menG_1 menG_2
[07:33:52] Fixed 9 duplicate /gene - btuD_1 btuD_2 btuD_3 btuD_4 btuD_5 btuD_6 btuD_7 btuD_8 btuD_9
[07:33:52] Fixed 2 duplicate /gene - uvrA_1 uvrA_2
[07:33:52] Fixed 2 duplicate /gene - clpX_1 clpX_2
[07:33:52] Fixed 2 duplicate /gene - purL_1 purL_2
[07:33:52] Fixed 2 duplicate /gene - pilT_1 pilT_2
[07:33:52] Fixed 2 duplicate /gene - perR_1 perR_2
[07:33:52] Fixed 2 duplicate /gene - ftsA_1 ftsA_2
[07:33:52] Fixed 2 duplicate /gene - atpF_1 atpF_2
[07:33:52] Fixed 3 duplicate /gene - slyD_1 slyD_2 slyD_3
[07:33:52] Fixed 135 colliding /gene names.
[07:33:52] Adding /locus_tag identifiers
[07:33:52] Assigned 2262 locus_tags to CDS and RNA features.
[07:33:52] Writing outputs to ../../Data/Chen_Analysis/Prokka/Bacteria/GOMC.bin.3941/
[07:33:53] Generating annotation statistics file
[07:33:53] Generating Genbank and Sequin files
[07:33:53] Running: tbl2asn -V b -a r10k -l paired-ends -M n -N 1 -y 'Annotated using prokka 1.14.6 from https://github.com/tseemann/prokka' -Z \.\.\/\.\.\/Data\/Chen_Analysis\/Prokka\/Bacteria\/GOMC\.bin\.3941\/GOMC\.bin\.3941\.err -i \.\.\/\.\.\/Data\/Chen_Analysis\/Prokka\/Bacteria\/GOMC\.bin\.3941\/GOMC\.bin\.3941\.fsa 2> /dev/null
[07:33:55] Deleting unwanted file: ../../Data/Chen_Analysis/Prokka/Bacteria/GOMC.bin.3941/errorsummary.val
[07:33:55] Deleting unwanted file: ../../Data/Chen_Analysis/Prokka/Bacteria/GOMC.bin.3941/GOMC.bin.3941.dr
[07:33:55] Deleting unwanted file: ../../Data/Chen_Analysis/Prokka/Bacteria/GOMC.bin.3941/GOMC.bin.3941.fixedproducts
[07:33:55] Deleting unwanted file: ../../Data/Chen_Analysis/Prokka/Bacteria/GOMC.bin.3941/GOMC.bin.3941.ecn
[07:33:55] Deleting unwanted file: ../../Data/Chen_Analysis/Prokka/Bacteria/GOMC.bin.3941/GOMC.bin.3941.val
[07:33:55] Repairing broken .GBK output that tbl2asn produces...
[07:33:55] Running: sed 's/COORDINATES: profile/COORDINATES:profile/' < \.\.\/\.\.\/Data\/Chen_Analysis\/Prokka\/Bacteria\/GOMC\.bin\.3941\/GOMC\.bin\.3941\.gbf > \.\.\/\.\.\/Data\/Chen_Analysis\/Prokka\/Bacteria\/GOMC\.bin\.3941\/GOMC\.bin\.3941\.gbk
[07:33:55] Deleting unwanted file: ../../Data/Chen_Analysis/Prokka/Bacteria/GOMC.bin.3941/GOMC.bin.3941.gbf
[07:33:55] Output files:
[07:33:55] ../../Data/Chen_Analysis/Prokka/Bacteria/GOMC.bin.3941/GOMC.bin.3941.gff
[07:33:55] ../../Data/Chen_Analysis/Prokka/Bacteria/GOMC.bin.3941/GOMC.bin.3941.tsv
[07:33:55] ../../Data/Chen_Analysis/Prokka/Bacteria/GOMC.bin.3941/GOMC.bin.3941.gbk
[07:33:55] ../../Data/Chen_Analysis/Prokka/Bacteria/GOMC.bin.3941/GOMC.bin.3941.log
[07:33:55] ../../Data/Chen_Analysis/Prokka/Bacteria/GOMC.bin.3941/GOMC.bin.3941.txt
[07:33:55] ../../Data/Chen_Analysis/Prokka/Bacteria/GOMC.bin.3941/GOMC.bin.3941.ffn
[07:33:55] ../../Data/Chen_Analysis/Prokka/Bacteria/GOMC.bin.3941/GOMC.bin.3941.fna
[07:33:55] ../../Data/Chen_Analysis/Prokka/Bacteria/GOMC.bin.3941/GOMC.bin.3941.sqn
[07:33:55] ../../Data/Chen_Analysis/Prokka/Bacteria/GOMC.bin.3941/GOMC.bin.3941.err
[07:33:55] ../../Data/Chen_Analysis/Prokka/Bacteria/GOMC.bin.3941/GOMC.bin.3941.faa
[07:33:55] ../../Data/Chen_Analysis/Prokka/Bacteria/GOMC.bin.3941/GOMC.bin.3941.tbl
[07:33:55] ../../Data/Chen_Analysis/Prokka/Bacteria/GOMC.bin.3941/GOMC.bin.3941.fsa
[07:33:55] Annotation finished successfully.
[07:33:55] Walltime used: 1.02 minutes
[07:33:55] If you use this result please cite the Prokka paper:
[07:33:55] Seemann T (2014) Prokka: rapid prokaryotic genome annotation. Bioinformatics. 30(14):2068-9.
[07:33:55] Type 'prokka --citation' for more details.
[07:33:55] Share and enjoy!
