[07:29:18] This is prokka 1.14.6
[07:29:18] Written by Torsten Seemann <torsten.seemann@gmail.com>
[07:29:18] Homepage is https://github.com/tseemann/prokka
[07:29:18] Local time is Mon Dec  1 07:29:18 2025
[07:29:18] You are joao_facio
[07:29:18] Operating system is linux
[07:29:18] You have BioPerl 1.7.8
[07:29:18] System has 12 cores.
[07:29:18] Will use maximum of 4 cores.
[07:29:18] Annotating as >>> Archaea <<<
[07:29:18] Generating locus_tag from '/tmp/tmp6gns85ah/GOMC.bin.888.fa' contents.
[07:29:18] Setting --locustag BJNNCEKK from MD5 b377ce4434f91344300397b185fff703
[07:29:18] Creating new output folder: ../../Data/Chen_Analysis/Prokka/Archaea/GOMC.bin.888
[07:29:18] Running: mkdir -p \.\.\/\.\.\/Data\/Chen_Analysis\/Prokka\/Archaea\/GOMC\.bin\.888
[07:29:18] Using filename prefix: GOMC.bin.888.XXX
[07:29:18] Setting HMMER_NCPU=1
[07:29:18] Writing log to: ../../Data/Chen_Analysis/Prokka/Archaea/GOMC.bin.888/GOMC.bin.888.log
[07:29:18] Command: /home/joao_facio/miniconda3/envs/prokka/bin/prokka --outdir ../../Data/Chen_Analysis/Prokka/Archaea/GOMC.bin.888 --prefix GOMC.bin.888 --kingdom Archaea --genus Archaeoglobus_A --strain GOMC.bin.888 --cpus 4 --force /tmp/tmp6gns85ah/GOMC.bin.888.fa
[07:29:18] Appending to PATH: /home/joao_facio/miniconda3/envs/prokka/bin
[07:29:18] Looking for 'aragorn' - found /home/joao_facio/miniconda3/envs/prokka/bin/aragorn
[07:29:18] Determined aragorn version is 001002 from 'ARAGORN v1.2.41 Dean Laslett'
[07:29:18] Looking for 'barrnap' - found /home/joao_facio/miniconda3/envs/prokka/bin/barrnap
[07:29:18] Determined barrnap version is 000009 from 'barrnap 0.9'
[07:29:18] Looking for 'blastp' - found /home/joao_facio/miniconda3/envs/prokka/bin/blastp
[07:29:18] Determined blastp version is 002016 from 'blastp: 2.16.0+'
[07:29:18] Looking for 'cmpress' - found /home/joao_facio/miniconda3/envs/prokka/bin/cmpress
[07:29:18] Determined cmpress version is 001001 from '# INFERNAL 1.1.5 (Sep 2023)'
[07:29:18] Looking for 'cmscan' - found /home/joao_facio/miniconda3/envs/prokka/bin/cmscan
[07:29:18] Determined cmscan version is 001001 from '# INFERNAL 1.1.5 (Sep 2023)'
[07:29:18] Looking for 'egrep' - found /usr/bin/egrep
[07:29:18] Looking for 'find' - found /usr/bin/find
[07:29:18] Looking for 'grep' - found /usr/bin/grep
[07:29:18] Looking for 'hmmpress' - found /home/joao_facio/miniconda3/envs/prokka/bin/hmmpress
[07:29:18] Determined hmmpress version is 003004 from '# HMMER 3.4 (Aug 2023); http://hmmer.org/'
[07:29:18] Looking for 'hmmscan' - found /home/joao_facio/miniconda3/envs/prokka/bin/hmmscan
[07:29:18] Determined hmmscan version is 003004 from '# HMMER 3.4 (Aug 2023); http://hmmer.org/'
[07:29:18] Looking for 'java' - found /home/joao_facio/miniconda3/envs/prokka/bin/java
[07:29:18] Looking for 'makeblastdb' - found /home/joao_facio/miniconda3/envs/prokka/bin/makeblastdb
[07:29:18] Determined makeblastdb version is 002016 from 'makeblastdb: 2.16.0+'
[07:29:18] Looking for 'minced' - found /home/joao_facio/miniconda3/envs/prokka/bin/minced
[07:29:18] Determined minced version is 004002 from 'minced 0.4.2'
[07:29:18] Looking for 'parallel' - found /home/joao_facio/miniconda3/envs/prokka/bin/parallel
[07:29:18] Determined parallel version is 20251122 from 'GNU parallel 20251122'
[07:29:18] Looking for 'prodigal' - found /home/joao_facio/miniconda3/envs/prokka/bin/prodigal
[07:29:18] Determined prodigal version is 002006 from 'Prodigal V2.6.3: February, 2016'
[07:29:18] Looking for 'prokka-genbank_to_fasta_db' - found /home/joao_facio/miniconda3/envs/prokka/bin/prokka-genbank_to_fasta_db
[07:29:18] Looking for 'sed' - found /usr/bin/sed
[07:29:18] Looking for 'tbl2asn' - found /home/joao_facio/miniconda3/envs/prokka/bin/tbl2asn
[07:29:18] Determined tbl2asn version is 025007 from 'tbl2asn 25.7   arguments:'
[07:29:18] Using genetic code table 11.
[07:29:18] Loading and checking input file: /tmp/tmp6gns85ah/GOMC.bin.888.fa
[07:29:18] Wrote 328 contigs totalling 1867108 bp.
[07:29:18] Predicting tRNAs and tmRNAs
[07:29:18] Running: aragorn -l -gc11  -w \.\.\/\.\.\/Data\/Chen_Analysis\/Prokka\/Archaea\/GOMC\.bin\.888\/GOMC\.bin\.888\.fna
[07:29:19] 1 tRNA-Leu c[3091,3188] 38 (aag)
[07:29:19] 1 tRNA-Lys [1804,1892] 36 (ctt)
[07:29:19] 1 tRNA-Arg [1210,1282] 35 (ccg)
[07:29:19] 1 tRNA-Leu c[5578,5662] 36 (cag)
[07:29:19] tRNA [6392,6490] is a pseudo/wacky gene - skipping.
[07:29:19] tRNA [7717,7806] is a pseudo/wacky gene - skipping.
[07:29:19] 1 tRNA-Phe c[24,99] 36 (gaa)
[07:29:19] Found 5 tRNAs
[07:29:19] Predicting Ribosomal RNAs
[07:29:19] Running Barrnap with 4 threads
[07:29:19] 1 SAMN03166137_k53_142159_1 3499 5S ribosomal RNA
[07:29:19] Found 1 rRNAs
[07:29:19] Skipping ncRNA search, enable with --rfam if desired.
[07:29:19] Total of 6 tRNA + rRNA features
[07:29:19] Searching for CRISPR repeats
[07:29:19] Found 0 CRISPRs
[07:29:19] Predicting coding sequences
[07:29:19] Contigs total 1867108 bp, so using single mode
[07:29:19] Running: prodigal -i \.\.\/\.\.\/Data\/Chen_Analysis\/Prokka\/Archaea\/GOMC\.bin\.888\/GOMC\.bin\.888\.fna -c -m -g 11 -p single -f sco -q
[07:29:22] Found 1965 CDS
[07:29:22] Connecting features back to sequences
[07:29:22] Not using genus-specific database. Try --usegenus to enable it.
[07:29:22] Annotating CDS, please be patient.
[07:29:22] Will use 4 CPUs for similarity searching.
[07:29:22] There are still 1965 unannotated CDS left (started with 1965)
[07:29:22] Will use blast to search against /home/joao_facio/miniconda3/envs/prokka/db/kingdom/Archaea/sprot with 4 CPUs
[07:29:22] Running: cat \.\.\/\.\.\/Data\/Chen_Analysis\/Prokka\/Archaea\/GOMC\.bin\.888\/GOMC\.bin\.888\.sprot\.tmp\.3123957\.faa | parallel --gnu --plain -j 4 --block 65698 --recstart '>' --pipe blastp -query - -db /home/joao_facio/miniconda3/envs/prokka/db/kingdom/Archaea/sprot -evalue 1e-09 -qcov_hsp_perc 80 -num_threads 1 -num_descriptions 1 -num_alignments 1 -seg no > \.\.\/\.\.\/Data\/Chen_Analysis\/Prokka\/Archaea\/GOMC\.bin\.888\/GOMC\.bin\.888\.sprot\.tmp\.3123957\.blast 2> /dev/null
[07:29:25] Modify product: Polyribonucleotide 5'-hydroxyl-kinase PH0197 => Polyribonucleotide 5'-hydroxyl-kinase
[07:29:25] Modify product: Protein Ta0487 => Protein
[07:29:25] Modify product: Probable aquaporin AqpM => putative aquaporin AqpM
[07:29:25] Modify product: Uncharacterized protein MJ1198 => putative protein
[07:29:25] Modify product: UDP-N-acetylglucosamine 2-epimerase homolog => UDP-N-acetylglucosamine 2-epimerase 
[07:29:25] Modify product: Uncharacterized HTH-type transcriptional regulator PH1519 => putative HTH-type transcriptional regulator
[07:29:25] Modify product: ATP-dependent DNA helicase Ta0057 => ATP-dependent DNA helicase
[07:29:25] Modify product: Probable branched-chain amino acid transport ATP-binding protein LivG => putative branched-chain amino acid transport ATP-binding protein LivG
[07:29:25] Modify product: Probable branched-chain amino acid transport ATP-binding protein LivG => putative branched-chain amino acid transport ATP-binding protein LivG
[07:29:25] Modify product: Uncharacterized protein MJ0039 => putative protein
[07:29:25] Modify product: Uncharacterized protein MJ1225 => putative protein
[07:29:25] Modify product: Uncharacterized HTH-type transcriptional regulator PH1519 => putative HTH-type transcriptional regulator
[07:29:25] Modify product: Uncharacterized metallohydrolase MMP1398 => putative metallohydrolase
[07:29:25] Modify product: Damage-control phosphatase AF_1104 => Damage-control phosphatase
[07:29:25] Modify product: Stomatin homolog PH1511 => Stomatin
[07:29:25] Modify product: Uncharacterized protein MJ1311 => putative protein
[07:29:25] Modify product: Probable translation initiation factor IF-2 => putative translation initiation factor IF-2
[07:29:25] Modify product: UPF0310 protein MJECL36 => hypothetical protein
[07:29:25] Modify product: Uncharacterized ABC transporter ATP-binding protein MJ0796 => putative ABC transporter ATP-binding protein
[07:29:25] Modify product: GTP cyclohydrolase 1 type 2 homolog => GTP cyclohydrolase 1 type 2 
[07:29:25] Modify product: UPF0273 protein PH0284 => hypothetical protein
[07:29:25] Modify product: UPF0147 protein Ta0600 => hypothetical protein
[07:29:25] Modify product: Probable metalloprotease HVO_1016 => putative metalloprotease
[07:29:25] Modify product: UPF0045 protein MTH_1187 => hypothetical protein
[07:29:25] Modify product: Probable branched-chain amino acid transport ATP-binding protein LivG => putative branched-chain amino acid transport ATP-binding protein LivG
[07:29:25] Modify product: Probable branched-chain amino acid transport ATP-binding protein LivG => putative branched-chain amino acid transport ATP-binding protein LivG
[07:29:25] Modify product: Probable GTP-binding protein EngB => putative GTP-binding protein EngB
[07:29:25] Modify product: Uncharacterized protein AF_1403 => putative protein
[07:29:25] Modify product: ADP-ribose glycohydrolase AF_1521 => ADP-ribose glycohydrolase
[07:29:25] Modify product: Uncharacterized protein AF_1212 => putative protein
[07:29:25] Modify product: Protein MTH_1184 => Protein
[07:29:25] Modify product: Probable branched-chain amino acid transport ATP-binding protein LivG => putative branched-chain amino acid transport ATP-binding protein LivG
[07:29:25] Modify product: Probable branched-chain amino acid transport ATP-binding protein LivG => putative branched-chain amino acid transport ATP-binding protein LivG
[07:29:25] Modify product: Ribosome maturation protein SDO1 homolog => Ribosome maturation protein SDO1 
[07:29:25] Modify product: UPF0284 protein PH0034 => hypothetical protein
[07:29:25] Modify product: Uncharacterized protein AF_1502 => putative protein
[07:29:25] Modify product: Uncharacterized ABC transporter ATP-binding protein MJ0796 => putative ABC transporter ATP-binding protein
[07:29:25] Modify product: Putative sulfur carrier protein Ta1170/Ta1414 => Putative sulfur carrier protein/Ta1414
[07:29:25] Modify product: Probable cyclic pyranopterin monophosphate synthase => putative cyclic pyranopterin monophosphate synthase
[07:29:25] Modify product: Probable hydrogenase maturation factor HypB => putative hydrogenase maturation factor HypB
[07:29:25] Modify product: Probable branched-chain amino acid transport ATP-binding protein LivG => putative branched-chain amino acid transport ATP-binding protein LivG
[07:29:25] Modify product: Probable branched-chain amino acid transport ATP-binding protein LivG => putative branched-chain amino acid transport ATP-binding protein LivG
[07:29:25] Modify product: Uncharacterized ABC transporter ATP-binding protein MJ0796 => putative ABC transporter ATP-binding protein
[07:29:25] Modify product: DNA-binding protein MTH_1615 => DNA-binding protein
[07:29:25] Modify product: RNA-binding protein PAB1135 => RNA-binding protein
[07:29:25] Modify product: Uncharacterized protein AF_2093 => putative protein
[07:29:25] Modify product: Uncharacterized protein MJ1225 => putative protein
[07:29:25] Modify product: Iron-sulfur flavoprotein MJ1083 => Iron-sulfur flavoprotein
[07:29:25] Modify product: Probable tRNA pseudouridine synthase D => putative tRNA pseudouridine synthase D
[07:29:25] Modify product: Putative sulfur carrier protein Ta1170/Ta1414 => Putative sulfur carrier protein/Ta1414
[07:29:25] Modify product: Probable RNA 2'-phosphotransferase => putative RNA 2'-phosphotransferase
[07:29:25] Modify product: Uncharacterized protein MJ1187 => putative protein
[07:29:25] Modify product: Protein translation factor SUI1 homolog => Protein translation factor SUI1 
[07:29:25] Modify product: GPN-loop GTPase PAB0955 => GPN-loop GTPase
[07:29:25] Modify product: Uncharacterized HTH-type transcriptional regulator PH1519 => putative HTH-type transcriptional regulator
[07:29:25] Modify product: Zinc metalloprotease TldD homolog => Zinc metalloprotease TldD 
[07:29:25] Modify product: Protein MM_0484 => Protein
[07:29:25] Modify product: Uncharacterized protein MJ0100 => putative protein
[07:29:25] Modify product: Probable branched-chain amino acid transport ATP-binding protein LivG => putative branched-chain amino acid transport ATP-binding protein LivG
[07:29:25] Modify product: Probable tRNA pseudouridine synthase B => putative tRNA pseudouridine synthase B
[07:29:25] Modify product: Zinc metalloprotease MJ0392 => Zinc metalloprotease
[07:29:25] Modify product: Uncharacterized nitrogen regulatory PII-like protein MJ0059 => putative nitrogen regulatory PII-like protein
[07:29:25] Modify product: Uncharacterized protein MJ1311 => putative protein
[07:29:25] Modify product: Sugar fermentation stimulation protein homolog => Sugar fermentation stimulation protein 
[07:29:25] Modify product: Uncharacterized protein AF_1796 => putative protein
[07:29:25] Modify product: Membrane-bound protease PH1510 => Membrane-bound protease
[07:29:25] Modify product: Probable branched-chain amino acid transport ATP-binding protein LivG => putative branched-chain amino acid transport ATP-binding protein LivG
[07:29:25] Modify product: Probable branched-chain amino acid transport ATP-binding protein LivG => putative branched-chain amino acid transport ATP-binding protein LivG
[07:29:25] Modify product: Probable copper-exporting P-type ATPase => putative copper-exporting P-type ATPase
[07:29:25] Modify product: Uncharacterized protein MJ0922 => putative protein
[07:29:25] Modify product: Uncharacterized protein MJ0922 => putative protein
[07:29:25] Modify product: Uncharacterized protein PH0856 => putative protein
[07:29:25] Modify product: Probable adenylyl-sulfate kinase => putative adenylyl-sulfate kinase
[07:29:25] Modify product: UPF0107 protein AF_0055 => hypothetical protein
[07:29:25] Modify product: UPF0273 protein PH0284 => hypothetical protein
[07:29:25] Modify product: UPF0273 protein PH0284 => hypothetical protein
[07:29:25] Modify product: UPF0215 protein AF_1433 => hypothetical protein
[07:29:25] Modify product: Probable branched-chain amino acid transport ATP-binding protein LivG => putative branched-chain amino acid transport ATP-binding protein LivG
[07:29:25] Modify product: Probable branched-chain amino acid transport ATP-binding protein LivG => putative branched-chain amino acid transport ATP-binding protein LivG
[07:29:25] Modify product: Uncharacterized HTH-type transcriptional regulator PH1519 => putative HTH-type transcriptional regulator
[07:29:25] Modify product: Probable branched-chain amino acid transport ATP-binding protein LivG => putative branched-chain amino acid transport ATP-binding protein LivG
[07:29:25] Modify product: Probable branched-chain amino acid transport ATP-binding protein LivG => putative branched-chain amino acid transport ATP-binding protein LivG
[07:29:25] Modify product: Uncharacterized protein AF_1796 => putative protein
[07:29:25] Modify product: UPF0200/UPF0201 protein AF_1395 => hypothetical protein
[07:29:25] Modify product: Uncharacterized HTH-type transcriptional regulator PH1519 => putative HTH-type transcriptional regulator
[07:29:25] Modify product: Probable deoxyhypusine synthase => putative deoxyhypusine synthase
[07:29:25] Cleaned 86 /product names
[07:29:25] Deleting unwanted file: ../../Data/Chen_Analysis/Prokka/Archaea/GOMC.bin.888/GOMC.bin.888.sprot.tmp.3123957.faa
[07:29:25] Deleting unwanted file: ../../Data/Chen_Analysis/Prokka/Archaea/GOMC.bin.888/GOMC.bin.888.sprot.tmp.3123957.blast
[07:29:26] There are still 1338 unannotated CDS left (started with 1965)
[07:29:26] Will use hmmer3 to search against /home/joao_facio/miniconda3/envs/prokka/db/hmm/HAMAP.hmm with 4 CPUs
[07:29:26] Running: cat \.\.\/\.\.\/Data\/Chen_Analysis\/Prokka\/Archaea\/GOMC\.bin\.888\/GOMC\.bin\.888\.HAMAP\.hmm\.tmp\.3123957\.faa | parallel --gnu --plain -j 4 --block 42100 --recstart '>' --pipe hmmscan --noali --notextw --acc -E 1e-09 --cpu 1 /home/joao_facio/miniconda3/envs/prokka/db/hmm/HAMAP.hmm /dev/stdin > \.\.\/\.\.\/Data\/Chen_Analysis\/Prokka\/Archaea\/GOMC\.bin\.888\/GOMC\.bin\.888\.HAMAP\.hmm\.tmp\.3123957\.hmmer3 2> /dev/null
[07:29:35] Modify product: Uncharacterized MFS-type transporter YfcJ => putative MFS-type transporter YfcJ
[07:29:36] Cleaned 1 /product names
[07:29:36] Deleting unwanted file: ../../Data/Chen_Analysis/Prokka/Archaea/GOMC.bin.888/GOMC.bin.888.HAMAP.hmm.tmp.3123957.faa
[07:29:36] Deleting unwanted file: ../../Data/Chen_Analysis/Prokka/Archaea/GOMC.bin.888/GOMC.bin.888.HAMAP.hmm.tmp.3123957.hmmer3
[07:29:36] Labelling remaining 1071 proteins as 'hypothetical protein'
[07:29:36] Possible /pseudo 'putative branched-chain amino acid transport ATP-binding protein LivG' at SAMN03166137_k53_23522_1 position 5786
[07:29:36] Possible /pseudo 'UDP-sulfoquinovose synthase' at SAMN03166137_k53_25000_1 position 2425
[07:29:36] Possible /pseudo 'Formyl-CoA:oxalate CoA-transferase' at SAMN03166137_k53_43168_1 position 3247
[07:29:36] Possible /pseudo 'Formyl-CoA:oxalate CoA-transferase' at SAMN03166137_k53_44600_1 position 7138
[07:29:36] Possible /pseudo 'Fused isobutyryl-CoA mutase' at SAMN03166137_k53_71176_1 position 9296
[07:29:36] Possible /pseudo 'putative branched-chain amino acid transport ATP-binding protein LivG' at SAMN03166137_k53_71176_1 position 18441
[07:29:36] Possible /pseudo 'putative branched-chain amino acid transport ATP-binding protein LivG' at SAMN03166137_k53_96222_1 position 707
[07:29:36] Possible /pseudo 'putative branched-chain amino acid transport ATP-binding protein LivG' at SAMN03166137_k53_116086_1 position 1919
[07:29:36] Possible /pseudo 'putative branched-chain amino acid transport ATP-binding protein LivG' at SAMN03166137_k53_188891_1 position 721
[07:29:36] Possible /pseudo 'Fused isobutyryl-CoA mutase' at SAMN03166137_k53_190720_1 position 1797
[07:29:36] Possible /pseudo 'Fused isobutyryl-CoA mutase' at SAMN03166137_k53_190720_1 position 2340
[07:29:36] Possible /pseudo 'Bifunctional protein GlmU' at SAMN03166137_k53_210697_1 position 2169
[07:29:36] Possible /pseudo 'putative protein' at SAMN03166137_k53_235345_1 position 4077
[07:29:36] Possible /pseudo 'Coenzyme F420-dependent sulfite reductase' at SAMN03166137_k53_245356_1 position 8125
[07:29:36] Possible /pseudo 'putative branched-chain amino acid transport ATP-binding protein LivG' at SAMN03166137_k53_248381_1 position 7336
[07:29:36] Possible /pseudo 'putative branched-chain amino acid transport ATP-binding protein LivG' at SAMN03166137_k53_250308_1 position 1091
[07:29:36] Possible /pseudo 'Formyl-CoA:oxalate CoA-transferase' at SAMN03166137_k53_254130_1 position 4354
[07:29:36] Found 501 unique /gene codes.
[07:29:36] Fixed 12 duplicate /gene - btuD_1 btuD_2 btuD_3 btuD_4 btuD_5 btuD_6 btuD_7 btuD_8 btuD_9 btuD_10 btuD_11 btuD_12
[07:29:36] Fixed 2 duplicate /gene - ubaA_1 ubaA_2
[07:29:36] Fixed 2 duplicate /gene - hisF_1 hisF_2
[07:29:36] Fixed 9 duplicate /gene - caiA_1 caiA_2 caiA_3 caiA_4 caiA_5 caiA_6 caiA_7 caiA_8 caiA_9
[07:29:36] Fixed 2 duplicate /gene - rnz_1 rnz_2
[07:29:36] Fixed 2 duplicate /gene - purE_1 purE_2
[07:29:36] Fixed 2 duplicate /gene - pycB_1 pycB_2
[07:29:36] Fixed 2 duplicate /gene - hmeC_1 hmeC_2
[07:29:36] Fixed 2 duplicate /gene - uppS_1 uppS_2
[07:29:36] Fixed 2 duplicate /gene - hmeA_1 hmeA_2
[07:29:36] Fixed 2 duplicate /gene - prs_1 prs_2
[07:29:36] Fixed 2 duplicate /gene - vat_1 vat_2
[07:29:36] Fixed 2 duplicate /gene - actP_1 actP_2
[07:29:36] Fixed 5 duplicate /gene - COQ5_1 COQ5_2 COQ5_3 COQ5_4 COQ5_5
[07:29:36] Fixed 7 duplicate /gene - cheY_1 cheY_2 cheY_3 cheY_4 cheY_5 cheY_6 cheY_7
[07:29:36] Fixed 2 duplicate /gene - agl3_1 agl3_2
[07:29:36] Fixed 2 duplicate /gene - rutB_1 rutB_2
[07:29:36] Fixed 3 duplicate /gene - namA_1 namA_2 namA_3
[07:29:36] Fixed 2 duplicate /gene - fixA_1 fixA_2
[07:29:36] Fixed 3 duplicate /gene - nadE_1 nadE_2 nadE_3
[07:29:36] Fixed 5 duplicate /gene - mer_1 mer_2 mer_3 mer_4 mer_5
[07:29:36] Fixed 2 duplicate /gene - leuD_1 leuD_2
[07:29:36] Fixed 2 duplicate /gene - glpK_1 glpK_2
[07:29:36] Fixed 2 duplicate /gene - ileS_1 ileS_2
[07:29:36] Fixed 2 duplicate /gene - hemL_1 hemL_2
[07:29:36] Fixed 3 duplicate /gene - hdrD_1 hdrD_2 hdrD_3
[07:29:36] Fixed 2 duplicate /gene - nudF_1 nudF_2
[07:29:36] Fixed 2 duplicate /gene - porD_1 porD_2
[07:29:36] Fixed 2 duplicate /gene - fadB_1 fadB_2
[07:29:36] Fixed 2 duplicate /gene - thsA_1 thsA_2
[07:29:36] Fixed 2 duplicate /gene - htpX_1 htpX_2
[07:29:36] Fixed 2 duplicate /gene - ftsZ1_1 ftsZ1_2
[07:29:36] Fixed 3 duplicate /gene - IMPDH_1 IMPDH_2 IMPDH_3
[07:29:36] Fixed 2 duplicate /gene - copB_1 copB_2
[07:29:36] Fixed 2 duplicate /gene - pyrC_1 pyrC_2
[07:29:36] Fixed 7 duplicate /gene - icmF_1 icmF_2 icmF_3 icmF_4 icmF_5 icmF_6 icmF_7
[07:29:36] Fixed 2 duplicate /gene - porB_1 porB_2
[07:29:36] Fixed 2 duplicate /gene - lysJ_1 lysJ_2
[07:29:36] Fixed 2 duplicate /gene - fadJ_1 fadJ_2
[07:29:36] Fixed 2 duplicate /gene - lysK_1 lysK_2
[07:29:36] Fixed 3 duplicate /gene - tfrA_1 tfrA_2 tfrA_3
[07:29:36] Fixed 2 duplicate /gene - mshD_1 mshD_2
[07:29:36] Fixed 3 duplicate /gene - dmsB_1 dmsB_2 dmsB_3
[07:29:36] Fixed 2 duplicate /gene - apgM1_1 apgM1_2
[07:29:36] Fixed 2 duplicate /gene - ala_1 ala_2
[07:29:36] Fixed 2 duplicate /gene - acdAII_1 acdAII_2
[07:29:36] Fixed 7 duplicate /gene - gloB_1 gloB_2 gloB_3 gloB_4 gloB_5 gloB_6 gloB_7
[07:29:36] Fixed 3 duplicate /gene - hisC_1 hisC_2 hisC_3
[07:29:36] Fixed 5 duplicate /gene - moaA_1 moaA_2 moaA_3 moaA_4 moaA_5
[07:29:36] Fixed 4 duplicate /gene - nrpRI_1 nrpRI_2 nrpRI_3 nrpRI_4
[07:29:36] Fixed 2 duplicate /gene - mdtD_1 mdtD_2
[07:29:36] Fixed 3 duplicate /gene - malK_1 malK_2 malK_3
[07:29:36] Fixed 2 duplicate /gene - hldD_1 hldD_2
[07:29:36] Fixed 6 duplicate /gene - aor_1 aor_2 aor_3 aor_4 aor_5 aor_6
[07:29:36] Fixed 3 duplicate /gene - fbiB_1 fbiB_2 fbiB_3
[07:29:36] Fixed 2 duplicate /gene - lpdA_1 lpdA_2
[07:29:36] Fixed 3 duplicate /gene - purF_1 purF_2 purF_3
[07:29:36] Fixed 2 duplicate /gene - cdhC_1 cdhC_2
[07:29:36] Fixed 3 duplicate /gene - pqqE_1 pqqE_2 pqqE_3
[07:29:36] Fixed 3 duplicate /gene - dld_1 dld_2 dld_3
[07:29:36] Fixed 2 duplicate /gene - aspS_1 aspS_2
[07:29:36] Fixed 2 duplicate /gene - obg_1 obg_2
[07:29:36] Fixed 2 duplicate /gene - dinG_1 dinG_2
[07:29:36] Fixed 2 duplicate /gene - coaBC_1 coaBC_2
[07:29:36] Fixed 15 duplicate /gene - livG_1 livG_2 livG_3 livG_4 livG_5 livG_6 livG_7 livG_8 livG_9 livG_10 livG_11 livG_12 livG_13 livG_14 livG_15
[07:29:36] Fixed 2 duplicate /gene - cobY_1 cobY_2
[07:29:36] Fixed 2 duplicate /gene - albA2_1 albA2_2
[07:29:36] Fixed 3 duplicate /gene - mdtG_1 mdtG_2 mdtG_3
[07:29:36] Fixed 2 duplicate /gene - dapA_1 dapA_2
[07:29:36] Fixed 2 duplicate /gene - fixB_1 fixB_2
[07:29:36] Fixed 8 duplicate /gene - frc_1 frc_2 frc_3 frc_4 frc_5 frc_6 frc_7 frc_8
[07:29:36] Fixed 2 duplicate /gene - sucD_1 sucD_2
[07:29:36] Fixed 2 duplicate /gene - thi4_1 thi4_2
[07:29:36] Fixed 2 duplicate /gene - fpoN_1 fpoN_2
[07:29:36] Fixed 3 duplicate /gene - glmU_1 glmU_2 glmU_3
[07:29:36] Fixed 4 duplicate /gene - fadA_1 fadA_2 fadA_3 fadA_4
[07:29:36] Fixed 4 duplicate /gene - sasA_1 sasA_2 sasA_3 sasA_4
[07:29:36] Fixed 4 duplicate /gene - acsA_1 acsA_2 acsA_3 acsA_4
[07:29:36] Fixed 3 duplicate /gene - porA_1 porA_2 porA_3
[07:29:36] Fixed 3 duplicate /gene - ndhI_1 ndhI_2 ndhI_3
[07:29:36] Fixed 2 duplicate /gene - gpt_1 gpt_2
[07:29:36] Fixed 2 duplicate /gene - asd_1 asd_2
[07:29:36] Fixed 2 duplicate /gene - thiL_1 thiL_2
[07:29:36] Fixed 2 duplicate /gene - PAD1_1 PAD1_2
[07:29:36] Fixed 3 duplicate /gene - tfrB_1 tfrB_2 tfrB_3
[07:29:36] Fixed 2 duplicate /gene - hdrA2_1 hdrA2_2
[07:29:36] Fixed 3 duplicate /gene - thrC_1 thrC_2 thrC_3
[07:29:36] Fixed 2 duplicate /gene - prmC_1 prmC_2
[07:29:36] Fixed 2 duplicate /gene - kynB_1 kynB_2
[07:29:36] Fixed 12 duplicate /gene - rsxB_1 rsxB_2 rsxB_3 rsxB_4 rsxB_5 rsxB_6 rsxB_7 rsxB_8 rsxB_9 rsxB_10 rsxB_11 rsxB_12
[07:29:36] Fixed 3 duplicate /gene - fsr_1 fsr_2 fsr_3
[07:29:36] Fixed 2 duplicate /gene - glcV_1 glcV_2
[07:29:36] Fixed 2 duplicate /gene - kdpB_1 kdpB_2
[07:29:36] Fixed 2 duplicate /gene - fdhA_1 fdhA_2
[07:29:36] Fixed 2 duplicate /gene - mshA_1 mshA_2
[07:29:36] Fixed 2 duplicate /gene - tgtA_1 tgtA_2
[07:29:36] Fixed 2 duplicate /gene - fadI_1 fadI_2
[07:29:36] Fixed 2 duplicate /gene - ttuA_1 ttuA_2
[07:29:36] Fixed 98 colliding /gene names.
[07:29:36] Adding /locus_tag identifiers
[07:29:36] Assigned 1971 locus_tags to CDS and RNA features.
[07:29:36] Writing outputs to ../../Data/Chen_Analysis/Prokka/Archaea/GOMC.bin.888/
[07:29:36] Generating annotation statistics file
[07:29:36] Generating Genbank and Sequin files
[07:29:36] Running: tbl2asn -V b -a r10k -l paired-ends -M n -N 1 -y 'Annotated using prokka 1.14.6 from https://github.com/tseemann/prokka' -Z \.\.\/\.\.\/Data\/Chen_Analysis\/Prokka\/Archaea\/GOMC\.bin\.888\/GOMC\.bin\.888\.err -i \.\.\/\.\.\/Data\/Chen_Analysis\/Prokka\/Archaea\/GOMC\.bin\.888\/GOMC\.bin\.888\.fsa 2> /dev/null
[07:29:38] Deleting unwanted file: ../../Data/Chen_Analysis/Prokka/Archaea/GOMC.bin.888/errorsummary.val
[07:29:38] Deleting unwanted file: ../../Data/Chen_Analysis/Prokka/Archaea/GOMC.bin.888/GOMC.bin.888.dr
[07:29:38] Deleting unwanted file: ../../Data/Chen_Analysis/Prokka/Archaea/GOMC.bin.888/GOMC.bin.888.fixedproducts
[07:29:38] Deleting unwanted file: ../../Data/Chen_Analysis/Prokka/Archaea/GOMC.bin.888/GOMC.bin.888.ecn
[07:29:38] Deleting unwanted file: ../../Data/Chen_Analysis/Prokka/Archaea/GOMC.bin.888/GOMC.bin.888.val
[07:29:38] Repairing broken .GBK output that tbl2asn produces...
[07:29:38] Running: sed 's/COORDINATES: profile/COORDINATES:profile/' < \.\.\/\.\.\/Data\/Chen_Analysis\/Prokka\/Archaea\/GOMC\.bin\.888\/GOMC\.bin\.888\.gbf > \.\.\/\.\.\/Data\/Chen_Analysis\/Prokka\/Archaea\/GOMC\.bin\.888\/GOMC\.bin\.888\.gbk
[07:29:38] Deleting unwanted file: ../../Data/Chen_Analysis/Prokka/Archaea/GOMC.bin.888/GOMC.bin.888.gbf
[07:29:38] Output files:
[07:29:38] ../../Data/Chen_Analysis/Prokka/Archaea/GOMC.bin.888/GOMC.bin.888.tbl
[07:29:38] ../../Data/Chen_Analysis/Prokka/Archaea/GOMC.bin.888/GOMC.bin.888.tsv
[07:29:38] ../../Data/Chen_Analysis/Prokka/Archaea/GOMC.bin.888/GOMC.bin.888.txt
[07:29:38] ../../Data/Chen_Analysis/Prokka/Archaea/GOMC.bin.888/GOMC.bin.888.gbk
[07:29:38] ../../Data/Chen_Analysis/Prokka/Archaea/GOMC.bin.888/GOMC.bin.888.faa
[07:29:38] ../../Data/Chen_Analysis/Prokka/Archaea/GOMC.bin.888/GOMC.bin.888.sqn
[07:29:38] ../../Data/Chen_Analysis/Prokka/Archaea/GOMC.bin.888/GOMC.bin.888.gff
[07:29:38] ../../Data/Chen_Analysis/Prokka/Archaea/GOMC.bin.888/GOMC.bin.888.ffn
[07:29:38] ../../Data/Chen_Analysis/Prokka/Archaea/GOMC.bin.888/GOMC.bin.888.err
[07:29:38] ../../Data/Chen_Analysis/Prokka/Archaea/GOMC.bin.888/GOMC.bin.888.fna
[07:29:38] ../../Data/Chen_Analysis/Prokka/Archaea/GOMC.bin.888/GOMC.bin.888.fsa
[07:29:38] ../../Data/Chen_Analysis/Prokka/Archaea/GOMC.bin.888/GOMC.bin.888.log
[07:29:38] Annotation finished successfully.
[07:29:38] Walltime used: 0.33 minutes
[07:29:38] If you use this result please cite the Prokka paper:
[07:29:38] Seemann T (2014) Prokka: rapid prokaryotic genome annotation. Bioinformatics. 30(14):2068-9.
[07:29:38] Type 'prokka --citation' for more details.
[07:29:38] Thank you, come again.
