[10:34:12] This is prokka 1.14.6
[10:34:12] Written by Torsten Seemann <torsten.seemann@gmail.com>
[10:34:12] Homepage is https://github.com/tseemann/prokka
[10:34:12] Local time is Mon Dec  1 10:34:12 2025
[10:34:12] You are joao_facio
[10:34:12] Operating system is linux
[10:34:12] You have BioPerl 1.7.8
[10:34:12] System has 12 cores.
[10:34:12] Will use maximum of 4 cores.
[10:34:12] Annotating as >>> Bacteria <<<
[10:34:12] Generating locus_tag from '/tmp/tmp6gns85ah/GOMC.bin.7914.fa' contents.
[10:34:12] Setting --locustag GFDIGIML from MD5 0fd20265847e6a919c22752fbf7462b9
[10:34:12] Creating new output folder: ../../Data/Chen_Analysis/Prokka/Bacteria/GOMC.bin.7914
[10:34:12] Running: mkdir -p \.\.\/\.\.\/Data\/Chen_Analysis\/Prokka\/Bacteria\/GOMC\.bin\.7914
[10:34:12] Using filename prefix: GOMC.bin.7914.XXX
[10:34:12] Setting HMMER_NCPU=1
[10:34:12] Writing log to: ../../Data/Chen_Analysis/Prokka/Bacteria/GOMC.bin.7914/GOMC.bin.7914.log
[10:34:12] Command: /home/joao_facio/miniconda3/envs/prokka/bin/prokka --outdir ../../Data/Chen_Analysis/Prokka/Bacteria/GOMC.bin.7914 --prefix GOMC.bin.7914 --kingdom Bacteria --genus WTGL01 --strain GOMC.bin.7914 --cpus 4 --force /tmp/tmp6gns85ah/GOMC.bin.7914.fa
[10:34:12] Appending to PATH: /home/joao_facio/miniconda3/envs/prokka/bin
[10:34:12] Looking for 'aragorn' - found /home/joao_facio/miniconda3/envs/prokka/bin/aragorn
[10:34:12] Determined aragorn version is 001002 from 'ARAGORN v1.2.41 Dean Laslett'
[10:34:12] Looking for 'barrnap' - found /home/joao_facio/miniconda3/envs/prokka/bin/barrnap
[10:34:12] Determined barrnap version is 000009 from 'barrnap 0.9'
[10:34:12] Looking for 'blastp' - found /home/joao_facio/miniconda3/envs/prokka/bin/blastp
[10:34:12] Determined blastp version is 002016 from 'blastp: 2.16.0+'
[10:34:12] Looking for 'cmpress' - found /home/joao_facio/miniconda3/envs/prokka/bin/cmpress
[10:34:12] Determined cmpress version is 001001 from '# INFERNAL 1.1.5 (Sep 2023)'
[10:34:12] Looking for 'cmscan' - found /home/joao_facio/miniconda3/envs/prokka/bin/cmscan
[10:34:12] Determined cmscan version is 001001 from '# INFERNAL 1.1.5 (Sep 2023)'
[10:34:12] Looking for 'egrep' - found /usr/bin/egrep
[10:34:12] Looking for 'find' - found /usr/bin/find
[10:34:12] Looking for 'grep' - found /usr/bin/grep
[10:34:12] Looking for 'hmmpress' - found /home/joao_facio/miniconda3/envs/prokka/bin/hmmpress
[10:34:12] Determined hmmpress version is 003004 from '# HMMER 3.4 (Aug 2023); http://hmmer.org/'
[10:34:12] Looking for 'hmmscan' - found /home/joao_facio/miniconda3/envs/prokka/bin/hmmscan
[10:34:12] Determined hmmscan version is 003004 from '# HMMER 3.4 (Aug 2023); http://hmmer.org/'
[10:34:12] Looking for 'java' - found /home/joao_facio/miniconda3/envs/prokka/bin/java
[10:34:12] Looking for 'makeblastdb' - found /home/joao_facio/miniconda3/envs/prokka/bin/makeblastdb
[10:34:12] Determined makeblastdb version is 002016 from 'makeblastdb: 2.16.0+'
[10:34:12] Looking for 'minced' - found /home/joao_facio/miniconda3/envs/prokka/bin/minced
[10:34:12] Determined minced version is 004002 from 'minced 0.4.2'
[10:34:12] Looking for 'parallel' - found /home/joao_facio/miniconda3/envs/prokka/bin/parallel
[10:34:12] Determined parallel version is 20251122 from 'GNU parallel 20251122'
[10:34:12] Looking for 'prodigal' - found /home/joao_facio/miniconda3/envs/prokka/bin/prodigal
[10:34:12] Determined prodigal version is 002006 from 'Prodigal V2.6.3: February, 2016'
[10:34:12] Looking for 'prokka-genbank_to_fasta_db' - found /home/joao_facio/miniconda3/envs/prokka/bin/prokka-genbank_to_fasta_db
[10:34:12] Looking for 'sed' - found /usr/bin/sed
[10:34:12] Looking for 'tbl2asn' - found /home/joao_facio/miniconda3/envs/prokka/bin/tbl2asn
[10:34:12] Determined tbl2asn version is 025007 from 'tbl2asn 25.7   arguments:'
[10:34:12] Using genetic code table 11.
[10:34:12] Loading and checking input file: /tmp/tmp6gns85ah/GOMC.bin.7914.fa
[10:34:12] Wrote 686 contigs totalling 3618371 bp.
[10:34:12] Predicting tRNAs and tmRNAs
[10:34:12] Running: aragorn -l -gc11  -w \.\.\/\.\.\/Data\/Chen_Analysis\/Prokka\/Bacteria\/GOMC\.bin\.7914\/GOMC\.bin\.7914\.fna
[10:34:12] 1 tRNA-Gly c[3746,3840] 37 (acc)
[10:34:12] 1 tRNA-Arg [17336,17412] 35 (cct)
[10:34:12] 1 tRNA-Val [4,80] 35 (cac)
[10:34:12] 1 tRNA-Gly c[8161,8236] 34 (ccc)
[10:34:12] 1 tRNA-Ser c[14921,15010] 35 (cga)
[10:34:13] 1 tRNA-SeC c[17817,17916] 35 (tca)
[10:34:13] 1 tRNA-Ala [9341,9413] 33 (tgc)
[10:34:13] 1 tRNA-Phe c[857,929] 34 (gaa)
[10:34:13] 1 tRNA-Gln c[2000,2073] 33 (ctg)
[10:34:13] 1 tRNA-Ser c[5,96] 35 (gct)
[10:34:13] 1 tRNA-Gln [7,81] 33 (ttg)
[10:34:13] 1 tRNA-Ala c[5784,5872] 32 (ggc)
[10:34:13] 1 tRNA-Gly [428,505] 32 (gcc)
[10:34:14] 1 tRNA-Val [12162,12238] 35 (gac)
[10:34:14] 1 tRNA-Leu [100,184] 35 (tag)
[10:34:14] 1 tRNA-Glu c[4668,4743] 35 (ctc)
[10:34:14] 1 tRNA-Trp c[2649,2735] 39 (cca)
[10:34:14] 1 tRNA-Leu [85,172] 34 (taa)
[10:34:14] 2 tRNA-Leu c[11700,11785] 34 (caa)
[10:34:14] 1 tmRNA c[30,376] 83,112 ANDELALAA*
[10:34:14] 1 tRNA-Gly [716,788] 32 (gcc)
[10:34:14] Found 21 tRNAs
[10:34:14] Predicting Ribosomal RNAs
[10:34:14] Running Barrnap with 4 threads
[10:34:14] Found 0 rRNAs
[10:34:14] Skipping ncRNA search, enable with --rfam if desired.
[10:34:14] Total of 20 tRNA + rRNA features
[10:34:14] Searching for CRISPR repeats
[10:34:15] Found 0 CRISPRs
[10:34:15] Predicting coding sequences
[10:34:15] Contigs total 3618371 bp, so using single mode
[10:34:15] Running: prodigal -i \.\.\/\.\.\/Data\/Chen_Analysis\/Prokka\/Bacteria\/GOMC\.bin\.7914\/GOMC\.bin\.7914\.fna -c -m -g 11 -p single -f sco -q
[10:34:16] Excluding CDS which overlaps existing RNA (tRNA) at k63_3338475:2306..4537 on - strand
[10:34:17] Excluding CDS which overlaps existing RNA (tRNA) at k63_102080:4885..6189 on - strand
[10:34:17] Excluding CDS which overlaps existing RNA (tRNA) at k63_2441823:175..1194 on - strand
[10:34:17] Excluding CDS which overlaps existing RNA (tRNA) at k63_3820649:773..2779 on - strand
[10:34:17] Excluding CDS which overlaps existing RNA (tRNA) at k63_2985587:497..2080 on + strand
[10:34:17] Found 3267 CDS
[10:34:17] Connecting features back to sequences
[10:34:17] Not using genus-specific database. Try --usegenus to enable it.
[10:34:17] Annotating CDS, please be patient.
[10:34:17] Will use 4 CPUs for similarity searching.
[10:34:17] There are still 3267 unannotated CDS left (started with 3267)
[10:34:17] Will use blast to search against /home/joao_facio/miniconda3/envs/prokka/db/kingdom/Bacteria/IS with 4 CPUs
[10:34:17] Running: cat \.\.\/\.\.\/Data\/Chen_Analysis\/Prokka\/Bacteria\/GOMC\.bin\.7914\/GOMC\.bin\.7914\.IS\.tmp\.3505800\.faa | parallel --gnu --plain -j 4 --block 132691 --recstart '>' --pipe blastp -query - -db /home/joao_facio/miniconda3/envs/prokka/db/kingdom/Bacteria/IS -evalue 1e-30 -qcov_hsp_perc 90 -num_threads 1 -num_descriptions 1 -num_alignments 1 -seg no > \.\.\/\.\.\/Data\/Chen_Analysis\/Prokka\/Bacteria\/GOMC\.bin\.7914\/GOMC\.bin\.7914\.IS\.tmp\.3505800\.blast 2> /dev/null
[10:34:28] Deleting unwanted file: ../../Data/Chen_Analysis/Prokka/Bacteria/GOMC.bin.7914/GOMC.bin.7914.IS.tmp.3505800.faa
[10:34:28] Deleting unwanted file: ../../Data/Chen_Analysis/Prokka/Bacteria/GOMC.bin.7914/GOMC.bin.7914.IS.tmp.3505800.blast
[10:34:29] There are still 3265 unannotated CDS left (started with 3267)
[10:34:29] Will use blast to search against /home/joao_facio/miniconda3/envs/prokka/db/kingdom/Bacteria/AMR with 4 CPUs
[10:34:29] Running: cat \.\.\/\.\.\/Data\/Chen_Analysis\/Prokka\/Bacteria\/GOMC\.bin\.7914\/GOMC\.bin\.7914\.AMR\.tmp\.3505800\.faa | parallel --gnu --plain -j 4 --block 132623 --recstart '>' --pipe blastp -query - -db /home/joao_facio/miniconda3/envs/prokka/db/kingdom/Bacteria/AMR -evalue 1e-300 -qcov_hsp_perc 90 -num_threads 1 -num_descriptions 1 -num_alignments 1 -seg no > \.\.\/\.\.\/Data\/Chen_Analysis\/Prokka\/Bacteria\/GOMC\.bin\.7914\/GOMC\.bin\.7914\.AMR\.tmp\.3505800\.blast 2> /dev/null
[10:34:37] Deleting unwanted file: ../../Data/Chen_Analysis/Prokka/Bacteria/GOMC.bin.7914/GOMC.bin.7914.AMR.tmp.3505800.faa
[10:34:37] Deleting unwanted file: ../../Data/Chen_Analysis/Prokka/Bacteria/GOMC.bin.7914/GOMC.bin.7914.AMR.tmp.3505800.blast
[10:34:37] There are still 3265 unannotated CDS left (started with 3267)
[10:34:37] Will use blast to search against /home/joao_facio/miniconda3/envs/prokka/db/kingdom/Bacteria/sprot with 4 CPUs
[10:34:37] Running: cat \.\.\/\.\.\/Data\/Chen_Analysis\/Prokka\/Bacteria\/GOMC\.bin\.7914\/GOMC\.bin\.7914\.sprot\.tmp\.3505800\.faa | parallel --gnu --plain -j 4 --block 132623 --recstart '>' --pipe blastp -query - -db /home/joao_facio/miniconda3/envs/prokka/db/kingdom/Bacteria/sprot -evalue 1e-09 -qcov_hsp_perc 80 -num_threads 1 -num_descriptions 1 -num_alignments 1 -seg no > \.\.\/\.\.\/Data\/Chen_Analysis\/Prokka\/Bacteria\/GOMC\.bin\.7914\/GOMC\.bin\.7914\.sprot\.tmp\.3505800\.blast 2> /dev/null
[10:35:24] Modify product: Uncharacterized protein YccU => putative protein YccU
[10:35:24] Modify product: F420H(2)-dependent quinone reductase Rv1558 => F420H(2)-dependent quinone reductase
[10:35:24] Modify product: Putative aminotransferase MSMEG_6286/MSMEI_6121 => Putative aminotransferase/MSMEI_6121
[10:35:24] Modify product: Putative diacyglycerol O-acyltransferase Rv1425 => Putative diacyglycerol O-acyltransferase
[10:35:24] Modify product: Probable hydrolase YcaC => putative hydrolase YcaC
[10:35:24] Modify product: Putative polysaccharide biosynthesis protein with aminopeptidase-like domain => Putative polysaccharide biosynthesis protein with aminopeptidase-like domain protein
[10:35:24] Modify product: Probable acyl-CoA dehydrogenase FadE10 => putative acyl-CoA dehydrogenase FadE10
[10:35:24] Modify product: Probable GTP-binding protein EngB => putative GTP-binding protein EngB
[10:35:24] Modify product: Probable serine/threonine-protein kinase PkwA => putative serine/threonine-protein kinase PkwA
[10:35:24] Modify product: Uncharacterized protein Rv2915c => putative protein
[10:35:24] Modify product: Probable enoyl-CoA hydratase echA8 => putative enoyl-CoA hydratase echA8
[10:35:24] Modify product: Uncharacterized protein Rv1339 => putative protein
[10:35:24] Modify product: Bifunctional protein FolD => Bifunctional protein FolD protein
[10:35:24] Modify product: Probable CoA-transferase Rv1866 => putative CoA-transferase
[10:35:24] Modify product: Uncharacterized protein Rv2008c => putative protein
[10:35:24] Modify product: Uncharacterized oxidoreductase SA2266 => putative oxidoreductase
[10:35:24] Modify product: Putative short-chain type dehydrogenase/reductase Rv0148 => Putative short-chain type dehydrogenase/reductase
[10:35:24] Modify product: Putative zinc metalloprotease aq_1964 => Putative zinc metalloprotease
[10:35:24] Modify product: Tricorn protease homolog 1 => Tricorn protease 
[10:35:24] Modify product: Uncharacterized oxidoreductase Rv1350 => putative oxidoreductase
[10:35:24] Modify product: Probable polyketide biosynthesis zinc-dependent hydrolase BaeB => putative polyketide biosynthesis zinc-dependent hydrolase BaeB
[10:35:24] Modify product: Uncharacterized ABC transporter ATP-binding protein YknY => putative ABC transporter ATP-binding protein YknY
[10:35:24] Modify product: Uncharacterized protein Rv0036c => putative protein
[10:35:24] Modify product: Probable NADH-specific resorcinol 4-hydroxylase => putative NADH-specific resorcinol 4-hydroxylase
[10:35:24] Modify product: UPF0301 protein SO_3346 => hypothetical protein
[10:35:24] Modify product: Probable nicotinate-nucleotide adenylyltransferase => putative nicotinate-nucleotide adenylyltransferase
[10:35:24] Modify product: Uncharacterized ABC transporter ATP-binding protein YxlF => putative ABC transporter ATP-binding protein YxlF
[10:35:24] Modify product: Probable ribonucleotide transport ATP-binding protein mkl => putative ribonucleotide transport ATP-binding protein mkl
[10:35:24] Modify product: Uncharacterized protein Rv2715 => putative protein
[10:35:24] Modify product: Uncharacterized protein YisK => putative protein YisK
[10:35:24] Modify product: Putative coenzyme F420-dependent oxidoreductase Rv3520c => Putative coenzyme F420-dependent oxidoreductase
[10:35:24] Modify product: Probable succinyl-diaminopimelate desuccinylase => putative succinyl-diaminopimelate desuccinylase
[10:35:24] Modify product: Probable transcriptional regulatory protein DVU_2259 => putative transcriptional regulatory protein
[10:35:24] Modify product: Probable murein peptide carboxypeptidase => putative murein peptide carboxypeptidase
[10:35:24] Modify product: Probable chromosome-partitioning protein ParB => putative chromosome-partitioning protein ParB
[10:35:24] Modify product: Nucleoid-associated protein Cthe_2143 => Nucleoid-associated protein
[10:35:24] Modify product: Uncharacterized protein Rv1367c => putative protein
[10:35:24] Modify product: Uncharacterized protein Rv0953c => putative protein
[10:35:24] Modify product: Uncharacterized protein Rv1367c => putative protein
[10:35:24] Modify product: Uncharacterized metal-dependent hydrolase YjjV => putative metal-dependent hydrolase YjjV
[10:35:24] Modify product: Uncharacterized protein Rv1367c => putative protein
[10:35:24] Modify product: UPF0758 protein YsxA => hypothetical protein
[10:35:24] Modify product: UPF0339 protein NMB1088 => hypothetical protein
[10:35:24] Modify product: Probable ATP-dependent transporter SufC => putative ATP-dependent transporter SufC
[10:35:24] Modify product: Putative multidrug export ATP-binding/permease protein SAV1866 => Putative multidrug export ATP-binding/permease protein
[10:35:24] Modify product: Uncharacterized protein Rv1360 => putative protein
[10:35:24] Modify product: Multidrug efflux system ATP-binding protein Rv1218c => Multidrug efflux system ATP-binding protein
[10:35:24] Modify product: Uncharacterized protein Rv1276c => putative protein
[10:35:24] Modify product: Uncharacterized protein Rv2569c => putative protein
[10:35:24] Modify product: Uncharacterized protein Rv2411c => putative protein
[10:35:24] Modify product: SCO1 protein homolog => SCO1 protein 
[10:35:24] Modify product: Putative coenzyme F420-dependent oxidoreductase Rv3520c => Putative coenzyme F420-dependent oxidoreductase
[10:35:24] Modify product: Probable acyl-CoA dehydrogenase fadE25 => putative acyl-CoA dehydrogenase fadE25
[10:35:24] Modify product: Uncharacterized protein NMB0459 => putative protein
[10:35:24] Modify product: Epimerase family protein Rv2216 => Epimerase family protein
[10:35:24] Modify product: Uncharacterized tRNA/rRNA methyltransferase HI_0380 => putative tRNA/rRNA methyltransferase
[10:35:24] Modify product: Probable enoyl-CoA hydratase echA8 => putative enoyl-CoA hydratase echA8
[10:35:24] Modify product: Uncharacterized protein Rv1480 => putative protein
[10:35:24] Modify product: Probable fructoselysine/psicoselysine transporter FrlA => putative fructoselysine/psicoselysine transporter FrlA
[10:35:24] Modify product: Solute-binding protein Csal_2479 => Solute-binding protein
[10:35:24] Modify product: Uncharacterized oxidoreductase SA2266 => putative oxidoreductase
[10:35:24] Modify product: D-galactonate dehydratase family member SBI_01856 => D-galactonate dehydratase family member
[10:35:25] Modify product: UPF0053 protein Rv1842c => hypothetical protein
[10:35:25] Modify product: Uncharacterized ABC transporter ATP-binding protein YbiT => putative ABC transporter ATP-binding protein YbiT
[10:35:25] Modify product: Uncharacterized protein Rv2008c => putative protein
[10:35:25] Modify product: Putative cystathionine beta-synthase Rv1077 => Putative cystathionine beta-synthase
[10:35:25] Modify product: UPF0701 protein YicC => hypothetical protein
[10:35:25] Modify product: Uncharacterized protein Rv0953c => putative protein
[10:35:25] Modify product: Uncharacterized HTH-type transcriptional regulator YbaQ => putative HTH-type transcriptional regulator YbaQ
[10:35:25] Modify product: Monocarboxylate 2-oxoacid-binding periplasmic protein all3028 => Monocarboxylate 2-oxoacid-binding periplasmic protein
[10:35:25] Modify product: Probable malonic semialdehyde reductase RutE => putative malonic semialdehyde reductase RutE
[10:35:25] Modify product: Probable adenylyltransferase/sulfurtransferase MoeZ => putative adenylyltransferase/sulfurtransferase MoeZ
[10:35:25] Modify product: Glycine betaine/proline/choline transporter VP1723 => Glycine betaine/proline/choline transporter
[10:35:25] Modify product: Probable enoyl-CoA hydratase echA8 => putative enoyl-CoA hydratase echA8
[10:35:25] Modify product: Uncharacterized protein Rv3633 => putative protein
[10:35:25] Modify product: Uncharacterized isomerase YddE => putative isomerase YddE
[10:35:25] Modify product: Uncharacterized protein YyaP => putative protein YyaP
[10:35:25] Modify product: Phosphate-specific transport system accessory protein PhoU homolog => Phosphate-specific transport system accessory protein PhoU 
[10:35:25] Modify product: Putative coenzyme F420-dependent oxidoreductase Rv3520c => Putative coenzyme F420-dependent oxidoreductase
[10:35:25] Modify product: Uncharacterized ABC transporter ATP-binding protein YejF => putative ABC transporter ATP-binding protein YejF
[10:35:25] Modify product: Probable enoyl-CoA hydratase echA8 => putative enoyl-CoA hydratase echA8
[10:35:25] Modify product: Uncharacterized protein Rv1829 => putative protein
[10:35:25] Modify product: Uncharacterized ABC transporter ATP-binding protein YlmA => putative ABC transporter ATP-binding protein YlmA
[10:35:25] Modify product: Uncharacterized protein Rv1367c => putative protein
[10:35:25] Modify product: Probable L-galactonate transporter => putative L-galactonate transporter
[10:35:25] Modify product: Uncharacterized FAD-linked oxidoreductase Rv2280 => putative FAD-linked oxidoreductase
[10:35:25] Modify product: Uncharacterized protein Rv2008c => putative protein
[10:35:25] Modify product: Uncharacterized oxidoreductase Rv2900c => putative oxidoreductase
[10:35:25] Modify product: Uncharacterized ABC transporter ATP-binding protein TM_0288 => putative ABC transporter ATP-binding protein
[10:35:25] Modify product: Uncharacterized protein Rv1367c => putative protein
[10:35:25] Modify product: Probable membrane transporter protein YfcA => putative membrane transporter protein YfcA
[10:35:25] Modify product: Probable tRNA-dihydrouridine synthase => putative tRNA-dihydrouridine synthase
[10:35:25] Cleaned 92 /product names
[10:35:25] Deleting unwanted file: ../../Data/Chen_Analysis/Prokka/Bacteria/GOMC.bin.7914/GOMC.bin.7914.sprot.tmp.3505800.faa
[10:35:25] Deleting unwanted file: ../../Data/Chen_Analysis/Prokka/Bacteria/GOMC.bin.7914/GOMC.bin.7914.sprot.tmp.3505800.blast
[10:35:25] There are still 2152 unannotated CDS left (started with 3267)
[10:35:25] Will use hmmer3 to search against /home/joao_facio/miniconda3/envs/prokka/db/hmm/HAMAP.hmm with 4 CPUs
[10:35:25] Running: cat \.\.\/\.\.\/Data\/Chen_Analysis\/Prokka\/Bacteria\/GOMC\.bin\.7914\/GOMC\.bin\.7914\.HAMAP\.hmm\.tmp\.3505800\.faa | parallel --gnu --plain -j 4 --block 84077 --recstart '>' --pipe hmmscan --noali --notextw --acc -E 1e-09 --cpu 1 /home/joao_facio/miniconda3/envs/prokka/db/hmm/HAMAP.hmm /dev/stdin > \.\.\/\.\.\/Data\/Chen_Analysis\/Prokka\/Bacteria\/GOMC\.bin\.7914\/GOMC\.bin\.7914\.HAMAP\.hmm\.tmp\.3505800\.hmmer3 2> /dev/null
[10:35:42] Modify product: Uncharacterized Nudix hydrolase NudL => putative Nudix hydrolase NudL
[10:35:42] Cleaned 1 /product names
[10:35:42] Deleting unwanted file: ../../Data/Chen_Analysis/Prokka/Bacteria/GOMC.bin.7914/GOMC.bin.7914.HAMAP.hmm.tmp.3505800.faa
[10:35:42] Deleting unwanted file: ../../Data/Chen_Analysis/Prokka/Bacteria/GOMC.bin.7914/GOMC.bin.7914.HAMAP.hmm.tmp.3505800.hmmer3
[10:35:42] Labelling remaining 1842 proteins as 'hypothetical protein'
[10:35:42] Possible /pseudo 'Multidrug resistance protein MdtC' at k63_344972 position 11445
[10:35:42] Possible /pseudo 'Protease HtpX' at k63_712798 position 2010
[10:35:42] Possible /pseudo 'Thiol-disulfide oxidoreductase ResA' at k63_774409 position 3338
[10:35:42] Possible /pseudo 'Outer membrane protein assembly factor BamB' at k63_4108666 position 1788
[10:35:42] Possible /pseudo 'Thiol-disulfide oxidoreductase ResA' at k63_4464256 position 1542
[10:35:42] Found 995 unique /gene codes.
[10:35:42] Fixed 6 duplicate /gene - fgd_1 fgd_2 fgd_3 fgd_4 fgd_5 fgd_6
[10:35:42] Fixed 2 duplicate /gene - trkH_1 trkH_2
[10:35:42] Fixed 2 duplicate /gene - lptD_1 lptD_2
[10:35:42] Fixed 3 duplicate /gene - acsA_1 acsA_2 acsA_3
[10:35:42] Fixed 2 duplicate /gene - menB_1 menB_2
[10:35:42] Fixed 3 duplicate /gene - mdtC_1 mdtC_2 mdtC_3
[10:35:42] Fixed 2 duplicate /gene - ghrB_1 ghrB_2
[10:35:42] Fixed 2 duplicate /gene - rnhA_1 rnhA_2
[10:35:42] Fixed 3 duplicate /gene - mch_1 mch_2 mch_3
[10:35:42] Fixed 4 duplicate /gene - pcm_1 pcm_2 pcm_3 pcm_4
[10:35:42] Fixed 2 duplicate /gene - dmdB_1 dmdB_2
[10:35:42] Fixed 2 duplicate /gene - mltF_1 mltF_2
[10:35:42] Fixed 2 duplicate /gene - ytrE_1 ytrE_2
[10:35:42] Fixed 5 duplicate /gene - vapC_1 vapC_2 vapC_3 vapC_4 vapC_5
[10:35:42] Fixed 2 duplicate /gene - wcaJ_1 wcaJ_2
[10:35:42] Fixed 2 duplicate /gene - dctM_1 dctM_2
[10:35:42] Fixed 2 duplicate /gene - nfdA_1 nfdA_2
[10:35:42] Fixed 2 duplicate /gene - carD_1 carD_2
[10:35:42] Fixed 3 duplicate /gene - gcvT_1 gcvT_2 gcvT_3
[10:35:42] Fixed 4 duplicate /gene - echA8_1 echA8_2 echA8_3 echA8_4
[10:35:42] Fixed 3 duplicate /gene - tsaC1_1 tsaC1_2 tsaC1_3
[10:35:42] Fixed 2 duplicate /gene - carB_1 carB_2
[10:35:42] Fixed 3 duplicate /gene - cinA_1 cinA_2 cinA_3
[10:35:42] Fixed 3 duplicate /gene - fabF_1 fabF_2 fabF_3
[10:35:42] Fixed 2 duplicate /gene - ogt_1 ogt_2
[10:35:42] Fixed 2 duplicate /gene - fusA_1 fusA_2
[10:35:42] Fixed 2 duplicate /gene - ttgF_1 ttgF_2
[10:35:42] Fixed 2 duplicate /gene - menE_1 menE_2
[10:35:42] Fixed 3 duplicate /gene - appA_1 appA_2 appA_3
[10:35:42] Fixed 2 duplicate /gene - fabH_1 fabH_2
[10:35:42] Fixed 2 duplicate /gene - lpxD_1 lpxD_2
[10:35:42] Fixed 3 duplicate /gene - nth_1 nth_2 nth_3
[10:35:42] Fixed 2 duplicate /gene - dppB_1 dppB_2
[10:35:42] Fixed 2 duplicate /gene - prfC_1 prfC_2
[10:35:42] Fixed 2 duplicate /gene - cah_1 cah_2
[10:35:42] Fixed 2 duplicate /gene - hupA_1 hupA_2
[10:35:42] Fixed 17 duplicate /gene - bamB_1 bamB_2 bamB_3 bamB_4 bamB_5 bamB_6 bamB_7 bamB_8 bamB_9 bamB_10 bamB_11 bamB_12 bamB_13 bamB_14 bamB_15 bamB_16 bamB_17
[10:35:42] Fixed 2 duplicate /gene - bamD_1 bamD_2
[10:35:42] Fixed 2 duplicate /gene - gatA_1 gatA_2
[10:35:42] Fixed 3 duplicate /gene - frc_1 frc_2 frc_3
[10:35:42] Fixed 2 duplicate /gene - fadB_1 fadB_2
[10:35:42] Fixed 2 duplicate /gene - thiE_1 thiE_2
[10:35:42] Fixed 2 duplicate /gene - ycf3_1 ycf3_2
[10:35:42] Fixed 2 duplicate /gene - garL_1 garL_2
[10:35:42] Fixed 2 duplicate /gene - serA_1 serA_2
[10:35:42] Fixed 6 duplicate /gene - quiA_1 quiA_2 quiA_3 quiA_4 quiA_5 quiA_6
[10:35:42] Fixed 2 duplicate /gene - atpH_1 atpH_2
[10:35:42] Fixed 9 duplicate /gene - btuD_1 btuD_2 btuD_3 btuD_4 btuD_5 btuD_6 btuD_7 btuD_8 btuD_9
[10:35:42] Fixed 3 duplicate /gene - tatA_1 tatA_2 tatA_3
[10:35:42] Fixed 7 duplicate /gene - btuB_1 btuB_2 btuB_3 btuB_4 btuB_5 btuB_6 btuB_7
[10:35:42] Fixed 2 duplicate /gene - higB-1_1 higB-1_2
[10:35:42] Fixed 3 duplicate /gene - icmF_1 icmF_2 icmF_3
[10:35:42] Fixed 2 duplicate /gene - livF_1 livF_2
[10:35:42] Fixed 2 duplicate /gene - xsc_1 xsc_2
[10:35:42] Fixed 3 duplicate /gene - atoC_1 atoC_2 atoC_3
[10:35:42] Fixed 2 duplicate /gene - lnrL_1 lnrL_2
[10:35:42] Fixed 2 duplicate /gene - livH_1 livH_2
[10:35:42] Fixed 7 duplicate /gene - fabG_1 fabG_2 fabG_3 fabG_4 fabG_5 fabG_6 fabG_7
[10:35:42] Fixed 2 duplicate /gene - fbiB_1 fbiB_2
[10:35:42] Fixed 2 duplicate /gene - rutD_1 rutD_2
[10:35:42] Fixed 2 duplicate /gene - lpxL_1 lpxL_2
[10:35:42] Fixed 2 duplicate /gene - putP_1 putP_2
[10:35:42] Fixed 2 duplicate /gene - icd_1 icd_2
[10:35:42] Fixed 3 duplicate /gene - czcA_1 czcA_2 czcA_3
[10:35:42] Fixed 2 duplicate /gene - dhmA_1 dhmA_2
[10:35:42] Fixed 3 duplicate /gene - gltB_1 gltB_2 gltB_3
[10:35:42] Fixed 4 duplicate /gene - mshA_1 mshA_2 mshA_3 mshA_4
[10:35:42] Fixed 2 duplicate /gene - apgM_1 apgM_2
[10:35:42] Fixed 2 duplicate /gene - COQ3_1 COQ3_2
[10:35:42] Fixed 2 duplicate /gene - dag_1 dag_2
[10:35:42] Fixed 2 duplicate /gene - mutS_1 mutS_2
[10:35:42] Fixed 2 duplicate /gene - mutM_1 mutM_2
[10:35:42] Fixed 2 duplicate /gene - trkA_1 trkA_2
[10:35:42] Fixed 3 duplicate /gene - opuE_1 opuE_2 opuE_3
[10:35:42] Fixed 2 duplicate /gene - macA_1 macA_2
[10:35:42] Fixed 2 duplicate /gene - surA_1 surA_2
[10:35:42] Fixed 2 duplicate /gene - atpG_1 atpG_2
[10:35:42] Fixed 5 duplicate /gene - mdtA_1 mdtA_2 mdtA_3 mdtA_4 mdtA_5
[10:35:42] Fixed 3 duplicate /gene - ade_1 ade_2 ade_3
[10:35:42] Fixed 2 duplicate /gene - scmP_1 scmP_2
[10:35:42] Fixed 4 duplicate /gene - gloB_1 gloB_2 gloB_3 gloB_4
[10:35:42] Fixed 2 duplicate /gene - yajO_1 yajO_2
[10:35:42] Fixed 2 duplicate /gene - recA_1 recA_2
[10:35:42] Fixed 2 duplicate /gene - polA_1 polA_2
[10:35:42] Fixed 3 duplicate /gene - qbdA_1 qbdA_2 qbdA_3
[10:35:42] Fixed 3 duplicate /gene - dpp5_1 dpp5_2 dpp5_3
[10:35:42] Fixed 2 duplicate /gene - mmgC_1 mmgC_2
[10:35:42] Fixed 6 duplicate /gene - sasA_1 sasA_2 sasA_3 sasA_4 sasA_5 sasA_6
[10:35:42] Fixed 3 duplicate /gene - fitB_1 fitB_2 fitB_3
[10:35:42] Fixed 5 duplicate /gene - sigW_1 sigW_2 sigW_3 sigW_4 sigW_5
[10:35:42] Fixed 4 duplicate /gene - dapE_1 dapE_2 dapE_3 dapE_4
[10:35:42] Fixed 2 duplicate /gene - cpnA_1 cpnA_2
[10:35:42] Fixed 2 duplicate /gene - pccB_1 pccB_2
[10:35:42] Fixed 2 duplicate /gene - yejE_1 yejE_2
[10:35:42] Fixed 2 duplicate /gene - mrdB_1 mrdB_2
[10:35:42] Fixed 2 duplicate /gene - dap_1 dap_2
[10:35:42] Fixed 2 duplicate /gene - hemL_1 hemL_2
[10:35:42] Fixed 8 duplicate /gene - iolG_1 iolG_2 iolG_3 iolG_4 iolG_5 iolG_6 iolG_7 iolG_8
[10:35:42] Fixed 2 duplicate /gene - ymdB_1 ymdB_2
[10:35:42] Fixed 2 duplicate /gene - msrQ_1 msrQ_2
[10:35:42] Fixed 2 duplicate /gene - moaA_1 moaA_2
[10:35:42] Fixed 2 duplicate /gene - hcaB_1 hcaB_2
[10:35:42] Fixed 2 duplicate /gene - mdtB_1 mdtB_2
[10:35:42] Fixed 4 duplicate /gene - menH_1 menH_2 menH_3 menH_4
[10:35:42] Fixed 2 duplicate /gene - lon1_1 lon1_2
[10:35:42] Fixed 7 duplicate /gene - resA_1 resA_2 resA_3 resA_4 resA_5 resA_6 resA_7
[10:35:42] Fixed 2 duplicate /gene - fumD_1 fumD_2
[10:35:42] Fixed 2 duplicate /gene - natA_1 natA_2
[10:35:42] Fixed 2 duplicate /gene - btrV_1 btrV_2
[10:35:42] Fixed 2 duplicate /gene - btuF_1 btuF_2
[10:35:42] Fixed 2 duplicate /gene - htpX_1 htpX_2
[10:35:42] Fixed 2 duplicate /gene - ftsH_1 ftsH_2
[10:35:42] Fixed 4 duplicate /gene - crt_1 crt_2 crt_3 crt_4
[10:35:42] Fixed 2 duplicate /gene - xerC_1 xerC_2
[10:35:42] Fixed 3 duplicate /gene - mutS2_1 mutS2_2 mutS2_3
[10:35:42] Fixed 2 duplicate /gene - eis_1 eis_2
[10:35:42] Fixed 2 duplicate /gene - rny_1 rny_2
[10:35:42] Fixed 2 duplicate /gene - paaZ_1 paaZ_2
[10:35:42] Fixed 2 duplicate /gene - cmk_1 cmk_2
[10:35:42] Fixed 2 duplicate /gene - pnp_1 pnp_2
[10:35:42] Fixed 2 duplicate /gene - vgb_1 vgb_2
[10:35:42] Fixed 2 duplicate /gene - frcA_1 frcA_2
[10:35:42] Fixed 2 duplicate /gene - glnA_1 glnA_2
[10:35:42] Fixed 2 duplicate /gene - tolQ_1 tolQ_2
[10:35:42] Fixed 3 duplicate /gene - spuC_1 spuC_2 spuC_3
[10:35:42] Fixed 2 duplicate /gene - rihB_1 rihB_2
[10:35:42] Fixed 2 duplicate /gene - cutS_1 cutS_2
[10:35:42] Fixed 3 duplicate /gene - egtB_1 egtB_2 egtB_3
[10:35:42] Fixed 4 duplicate /gene - tolB_1 tolB_2 tolB_3 tolB_4
[10:35:42] Fixed 3 duplicate /gene - gcd_1 gcd_2 gcd_3
[10:35:42] Fixed 2 duplicate /gene - abgT_1 abgT_2
[10:35:42] Fixed 2 duplicate /gene - norR_1 norR_2
[10:35:42] Fixed 2 duplicate /gene - tri1_1 tri1_2
[10:35:42] Fixed 2 duplicate /gene - rpoD_1 rpoD_2
[10:35:42] Fixed 2 duplicate /gene - psdht_1 psdht_2
[10:35:42] Fixed 2 duplicate /gene - lapB_1 lapB_2
[10:35:42] Fixed 5 duplicate /gene - gph_1 gph_2 gph_3 gph_4 gph_5
[10:35:42] Fixed 18 duplicate /gene - bepA_1 bepA_2 bepA_3 bepA_4 bepA_5 bepA_6 bepA_7 bepA_8 bepA_9 bepA_10 bepA_11 bepA_12 bepA_13 bepA_14 bepA_15 bepA_16 bepA_17 bepA_18
[10:35:42] Fixed 2 duplicate /gene - yidD_1 yidD_2
[10:35:42] Fixed 2 duplicate /gene - arnC_1 arnC_2
[10:35:42] Fixed 2 duplicate /gene - sldA_1 sldA_2
[10:35:42] Fixed 2 duplicate /gene - gsiC_1 gsiC_2
[10:35:42] Fixed 2 duplicate /gene - aspC_1 aspC_2
[10:35:42] Fixed 2 duplicate /gene - hisB_1 hisB_2
[10:35:42] Fixed 2 duplicate /gene - rlmB_1 rlmB_2
[10:35:42] Fixed 2 duplicate /gene - sglT_1 sglT_2
[10:35:42] Fixed 2 duplicate /gene - COQ5_1 COQ5_2
[10:35:42] Fixed 4 duplicate /gene - uctC_1 uctC_2 uctC_3 uctC_4
[10:35:42] Fixed 2 duplicate /gene - dmdA_1 dmdA_2
[10:35:42] Fixed 2 duplicate /gene - yfdE_1 yfdE_2
[10:35:42] Fixed 5 duplicate /gene - hutI_1 hutI_2 hutI_3 hutI_4 hutI_5
[10:35:42] Fixed 2 duplicate /gene - ggt_1 ggt_2
[10:35:42] Fixed 2 duplicate /gene - shc_1 shc_2
[10:35:42] Fixed 2 duplicate /gene - rnd_1 rnd_2
[10:35:42] Fixed 2 duplicate /gene - priA_1 priA_2
[10:35:42] Fixed 155 colliding /gene names.
[10:35:42] Adding /locus_tag identifiers
[10:35:42] Assigned 3288 locus_tags to CDS and RNA features.
[10:35:42] Writing outputs to ../../Data/Chen_Analysis/Prokka/Bacteria/GOMC.bin.7914/
[10:35:43] Generating annotation statistics file
[10:35:43] Generating Genbank and Sequin files
[10:35:43] Running: tbl2asn -V b -a r10k -l paired-ends -M n -N 1 -y 'Annotated using prokka 1.14.6 from https://github.com/tseemann/prokka' -Z \.\.\/\.\.\/Data\/Chen_Analysis\/Prokka\/Bacteria\/GOMC\.bin\.7914\/GOMC\.bin\.7914\.err -i \.\.\/\.\.\/Data\/Chen_Analysis\/Prokka\/Bacteria\/GOMC\.bin\.7914\/GOMC\.bin\.7914\.fsa 2> /dev/null
[10:35:46] Deleting unwanted file: ../../Data/Chen_Analysis/Prokka/Bacteria/GOMC.bin.7914/errorsummary.val
[10:35:46] Deleting unwanted file: ../../Data/Chen_Analysis/Prokka/Bacteria/GOMC.bin.7914/GOMC.bin.7914.dr
[10:35:46] Deleting unwanted file: ../../Data/Chen_Analysis/Prokka/Bacteria/GOMC.bin.7914/GOMC.bin.7914.fixedproducts
[10:35:46] Deleting unwanted file: ../../Data/Chen_Analysis/Prokka/Bacteria/GOMC.bin.7914/GOMC.bin.7914.ecn
[10:35:46] Deleting unwanted file: ../../Data/Chen_Analysis/Prokka/Bacteria/GOMC.bin.7914/GOMC.bin.7914.val
[10:35:46] Repairing broken .GBK output that tbl2asn produces...
[10:35:46] Running: sed 's/COORDINATES: profile/COORDINATES:profile/' < \.\.\/\.\.\/Data\/Chen_Analysis\/Prokka\/Bacteria\/GOMC\.bin\.7914\/GOMC\.bin\.7914\.gbf > \.\.\/\.\.\/Data\/Chen_Analysis\/Prokka\/Bacteria\/GOMC\.bin\.7914\/GOMC\.bin\.7914\.gbk
[10:35:46] Deleting unwanted file: ../../Data/Chen_Analysis/Prokka/Bacteria/GOMC.bin.7914/GOMC.bin.7914.gbf
[10:35:46] Output files:
[10:35:46] ../../Data/Chen_Analysis/Prokka/Bacteria/GOMC.bin.7914/GOMC.bin.7914.gbk
[10:35:46] ../../Data/Chen_Analysis/Prokka/Bacteria/GOMC.bin.7914/GOMC.bin.7914.fsa
[10:35:46] ../../Data/Chen_Analysis/Prokka/Bacteria/GOMC.bin.7914/GOMC.bin.7914.gff
[10:35:46] ../../Data/Chen_Analysis/Prokka/Bacteria/GOMC.bin.7914/GOMC.bin.7914.fna
[10:35:46] ../../Data/Chen_Analysis/Prokka/Bacteria/GOMC.bin.7914/GOMC.bin.7914.txt
[10:35:46] ../../Data/Chen_Analysis/Prokka/Bacteria/GOMC.bin.7914/GOMC.bin.7914.tsv
[10:35:46] ../../Data/Chen_Analysis/Prokka/Bacteria/GOMC.bin.7914/GOMC.bin.7914.log
[10:35:46] ../../Data/Chen_Analysis/Prokka/Bacteria/GOMC.bin.7914/GOMC.bin.7914.sqn
[10:35:46] ../../Data/Chen_Analysis/Prokka/Bacteria/GOMC.bin.7914/GOMC.bin.7914.tbl
[10:35:46] ../../Data/Chen_Analysis/Prokka/Bacteria/GOMC.bin.7914/GOMC.bin.7914.faa
[10:35:46] ../../Data/Chen_Analysis/Prokka/Bacteria/GOMC.bin.7914/GOMC.bin.7914.ffn
[10:35:46] ../../Data/Chen_Analysis/Prokka/Bacteria/GOMC.bin.7914/GOMC.bin.7914.err
[10:35:46] Annotation finished successfully.
[10:35:46] Walltime used: 1.57 minutes
[10:35:46] If you use this result please cite the Prokka paper:
[10:35:46] Seemann T (2014) Prokka: rapid prokaryotic genome annotation. Bioinformatics. 30(14):2068-9.
[10:35:46] Type 'prokka --citation' for more details.
[10:35:46] Thank you, come again.
