[08:16:43] This is prokka 1.14.6
[08:16:43] Written by Torsten Seemann <torsten.seemann@gmail.com>
[08:16:43] Homepage is https://github.com/tseemann/prokka
[08:16:43] Local time is Mon Dec  1 08:16:43 2025
[08:16:43] You are joao_facio
[08:16:43] Operating system is linux
[08:16:43] You have BioPerl 1.7.8
[08:16:43] System has 12 cores.
[08:16:43] Will use maximum of 4 cores.
[08:16:43] Annotating as >>> Bacteria <<<
[08:16:43] Generating locus_tag from '/tmp/tmp6gns85ah/GOMC.bin.13500.fa' contents.
[08:16:43] Setting --locustag IPNMMEFH from MD5 29766ef199bb06dfe56648c10cd1726b
[08:16:43] Creating new output folder: ../../Data/Chen_Analysis/Prokka/Bacteria/GOMC.bin.13500
[08:16:43] Running: mkdir -p \.\.\/\.\.\/Data\/Chen_Analysis\/Prokka\/Bacteria\/GOMC\.bin\.13500
[08:16:43] Using filename prefix: GOMC.bin.13500.XXX
[08:16:43] Setting HMMER_NCPU=1
[08:16:43] Writing log to: ../../Data/Chen_Analysis/Prokka/Bacteria/GOMC.bin.13500/GOMC.bin.13500.log
[08:16:43] Command: /home/joao_facio/miniconda3/envs/prokka/bin/prokka --outdir ../../Data/Chen_Analysis/Prokka/Bacteria/GOMC.bin.13500 --prefix GOMC.bin.13500 --kingdom Bacteria --genus Dokdonia --strain GOMC.bin.13500 --cpus 4 --force /tmp/tmp6gns85ah/GOMC.bin.13500.fa
[08:16:43] Appending to PATH: /home/joao_facio/miniconda3/envs/prokka/bin
[08:16:43] Looking for 'aragorn' - found /home/joao_facio/miniconda3/envs/prokka/bin/aragorn
[08:16:43] Determined aragorn version is 001002 from 'ARAGORN v1.2.41 Dean Laslett'
[08:16:43] Looking for 'barrnap' - found /home/joao_facio/miniconda3/envs/prokka/bin/barrnap
[08:16:43] Determined barrnap version is 000009 from 'barrnap 0.9'
[08:16:43] Looking for 'blastp' - found /home/joao_facio/miniconda3/envs/prokka/bin/blastp
[08:16:43] Determined blastp version is 002016 from 'blastp: 2.16.0+'
[08:16:43] Looking for 'cmpress' - found /home/joao_facio/miniconda3/envs/prokka/bin/cmpress
[08:16:43] Determined cmpress version is 001001 from '# INFERNAL 1.1.5 (Sep 2023)'
[08:16:43] Looking for 'cmscan' - found /home/joao_facio/miniconda3/envs/prokka/bin/cmscan
[08:16:43] Determined cmscan version is 001001 from '# INFERNAL 1.1.5 (Sep 2023)'
[08:16:43] Looking for 'egrep' - found /usr/bin/egrep
[08:16:43] Looking for 'find' - found /usr/bin/find
[08:16:43] Looking for 'grep' - found /usr/bin/grep
[08:16:43] Looking for 'hmmpress' - found /home/joao_facio/miniconda3/envs/prokka/bin/hmmpress
[08:16:43] Determined hmmpress version is 003004 from '# HMMER 3.4 (Aug 2023); http://hmmer.org/'
[08:16:43] Looking for 'hmmscan' - found /home/joao_facio/miniconda3/envs/prokka/bin/hmmscan
[08:16:43] Determined hmmscan version is 003004 from '# HMMER 3.4 (Aug 2023); http://hmmer.org/'
[08:16:43] Looking for 'java' - found /home/joao_facio/miniconda3/envs/prokka/bin/java
[08:16:43] Looking for 'makeblastdb' - found /home/joao_facio/miniconda3/envs/prokka/bin/makeblastdb
[08:16:43] Determined makeblastdb version is 002016 from 'makeblastdb: 2.16.0+'
[08:16:43] Looking for 'minced' - found /home/joao_facio/miniconda3/envs/prokka/bin/minced
[08:16:43] Determined minced version is 004002 from 'minced 0.4.2'
[08:16:43] Looking for 'parallel' - found /home/joao_facio/miniconda3/envs/prokka/bin/parallel
[08:16:43] Determined parallel version is 20251122 from 'GNU parallel 20251122'
[08:16:43] Looking for 'prodigal' - found /home/joao_facio/miniconda3/envs/prokka/bin/prodigal
[08:16:43] Determined prodigal version is 002006 from 'Prodigal V2.6.3: February, 2016'
[08:16:43] Looking for 'prokka-genbank_to_fasta_db' - found /home/joao_facio/miniconda3/envs/prokka/bin/prokka-genbank_to_fasta_db
[08:16:43] Looking for 'sed' - found /usr/bin/sed
[08:16:43] Looking for 'tbl2asn' - found /home/joao_facio/miniconda3/envs/prokka/bin/tbl2asn
[08:16:43] Determined tbl2asn version is 025007 from 'tbl2asn 25.7   arguments:'
[08:16:43] Using genetic code table 11.
[08:16:43] Loading and checking input file: /tmp/tmp6gns85ah/GOMC.bin.13500.fa
[08:16:43] Wrote 403 contigs totalling 2780488 bp.
[08:16:43] Predicting tRNAs and tmRNAs
[08:16:43] Running: aragorn -l -gc11  -w \.\.\/\.\.\/Data\/Chen_Analysis\/Prokka\/Bacteria\/GOMC\.bin\.13500\/GOMC\.bin\.13500\.fna
[08:16:43] 1 tRNA-Thr [18104,18178] 35 (tgt)
[08:16:43] 2 tRNA-Tyr [18233,18316] 35 (gta)
[08:16:43] 3 tRNA-Gly [18510,18583] 34 (tcc)
[08:16:43] 1 tRNA-Gln c[230,303] 34 (ttg)
[08:16:43] 1 tRNA-Cys [5471,5542] 33 (gca)
[08:16:43] 1 tRNA-His c[1190,1264] 35 (gtg)
[08:16:43] 1 tRNA-Pro c[2745,2822] 36 (ggg)
[08:16:43] 1 tRNA-Ala c[2539,2613] 35 (ggc)
[08:16:43] 1 tRNA-Leu [4024,4106] 35 (tag)
[08:16:43] 1 tRNA-Leu c[12031,12115] 35 (gag)
[08:16:44] 2 tRNA-Lys c[12173,12246] 34 (ttt)
[08:16:44] 1 tRNA-Met c[802,875] 34 (cat)
[08:16:44] 1 tmRNA [700,1096] 97,126 GDNNYALAA*
[08:16:44] 1 tRNA-Met [7581,7655] 35 (cat)
[08:16:44] 1 tRNA-Ser [3786,3871] 35 (tga)
[08:16:44] 1 tRNA-Met [7053,7127] 35 (cat)
[08:16:44] 1 tRNA-Arg [18626,18700] 35 (tcg)
[08:16:44] 1 tRNA-Asn c[378,452] 35 (gtt)
[08:16:44] 2 tRNA-Asp c[693,767] 35 (gtc)
[08:16:44] 1 tRNA-Glu [10382,10454] 34 (ttc)
[08:16:44] 2 tRNA-Glu [10522,10594] 34 (ttc)
[08:16:44] 1 tRNA-Val c[6240,6315] 36 (gac)
[08:16:44] 1 tRNA-Phe [8317,8390] 34 (gaa)
[08:16:44] 1 tRNA-Val c[1654,1729] 36 (tac)
[08:16:44] 1 tRNA-Trp [1454,1527] 34 (cca)
[08:16:44] 1 tRNA-Leu c[8883,8967] 35 (taa)
[08:16:44] 2 tRNA-Gly c[9000,9074] 33 (gcc)
[08:16:44] 1 tRNA-Leu [5165,5246] 35 (caa)
[08:16:44] 1 tRNA-Pro [89,164] 36 (tgg)
[08:16:44] Found 29 tRNAs
[08:16:44] Predicting Ribosomal RNAs
[08:16:44] Running Barrnap with 4 threads
[08:16:44] 1 k63_879302 22664 5S ribosomal RNA
[08:16:44] Found 1 rRNAs
[08:16:44] Skipping ncRNA search, enable with --rfam if desired.
[08:16:44] Total of 29 tRNA + rRNA features
[08:16:44] Searching for CRISPR repeats
[08:16:44] Found 0 CRISPRs
[08:16:44] Predicting coding sequences
[08:16:44] Contigs total 2780488 bp, so using single mode
[08:16:44] Running: prodigal -i \.\.\/\.\.\/Data\/Chen_Analysis\/Prokka\/Bacteria\/GOMC\.bin\.13500\/GOMC\.bin\.13500\.fna -c -m -g 11 -p single -f sco -q
[08:16:47] Excluding CDS which overlaps existing RNA (tRNA) at k63_879302:1460..1747 on - strand
[08:16:47] Excluding CDS which overlaps existing RNA (tRNA) at k63_2934936:1497..1790 on + strand
[08:16:48] Found 2566 CDS
[08:16:48] Connecting features back to sequences
[08:16:48] Not using genus-specific database. Try --usegenus to enable it.
[08:16:48] Annotating CDS, please be patient.
[08:16:48] Will use 4 CPUs for similarity searching.
[08:16:48] There are still 2566 unannotated CDS left (started with 2566)
[08:16:48] Will use blast to search against /home/joao_facio/miniconda3/envs/prokka/db/kingdom/Bacteria/IS with 4 CPUs
[08:16:48] Running: cat \.\.\/\.\.\/Data\/Chen_Analysis\/Prokka\/Bacteria\/GOMC\.bin\.13500\/GOMC\.bin\.13500\.IS\.tmp\.3233600\.faa | parallel --gnu --plain -j 4 --block 97476 --recstart '>' --pipe blastp -query - -db /home/joao_facio/miniconda3/envs/prokka/db/kingdom/Bacteria/IS -evalue 1e-30 -qcov_hsp_perc 90 -num_threads 1 -num_descriptions 1 -num_alignments 1 -seg no > \.\.\/\.\.\/Data\/Chen_Analysis\/Prokka\/Bacteria\/GOMC\.bin\.13500\/GOMC\.bin\.13500\.IS\.tmp\.3233600\.blast 2> /dev/null
[08:16:55] Deleting unwanted file: ../../Data/Chen_Analysis/Prokka/Bacteria/GOMC.bin.13500/GOMC.bin.13500.IS.tmp.3233600.faa
[08:16:55] Deleting unwanted file: ../../Data/Chen_Analysis/Prokka/Bacteria/GOMC.bin.13500/GOMC.bin.13500.IS.tmp.3233600.blast
[08:16:56] There are still 2558 unannotated CDS left (started with 2566)
[08:16:56] Will use blast to search against /home/joao_facio/miniconda3/envs/prokka/db/kingdom/Bacteria/AMR with 4 CPUs
[08:16:56] Running: cat \.\.\/\.\.\/Data\/Chen_Analysis\/Prokka\/Bacteria\/GOMC\.bin\.13500\/GOMC\.bin\.13500\.AMR\.tmp\.3233600\.faa | parallel --gnu --plain -j 4 --block 97231 --recstart '>' --pipe blastp -query - -db /home/joao_facio/miniconda3/envs/prokka/db/kingdom/Bacteria/AMR -evalue 1e-300 -qcov_hsp_perc 90 -num_threads 1 -num_descriptions 1 -num_alignments 1 -seg no > \.\.\/\.\.\/Data\/Chen_Analysis\/Prokka\/Bacteria\/GOMC\.bin\.13500\/GOMC\.bin\.13500\.AMR\.tmp\.3233600\.blast 2> /dev/null
[08:17:01] Deleting unwanted file: ../../Data/Chen_Analysis/Prokka/Bacteria/GOMC.bin.13500/GOMC.bin.13500.AMR.tmp.3233600.faa
[08:17:01] Deleting unwanted file: ../../Data/Chen_Analysis/Prokka/Bacteria/GOMC.bin.13500/GOMC.bin.13500.AMR.tmp.3233600.blast
[08:17:02] There are still 2558 unannotated CDS left (started with 2566)
[08:17:02] Will use blast to search against /home/joao_facio/miniconda3/envs/prokka/db/kingdom/Bacteria/sprot with 4 CPUs
[08:17:02] Running: cat \.\.\/\.\.\/Data\/Chen_Analysis\/Prokka\/Bacteria\/GOMC\.bin\.13500\/GOMC\.bin\.13500\.sprot\.tmp\.3233600\.faa | parallel --gnu --plain -j 4 --block 97231 --recstart '>' --pipe blastp -query - -db /home/joao_facio/miniconda3/envs/prokka/db/kingdom/Bacteria/sprot -evalue 1e-09 -qcov_hsp_perc 80 -num_threads 1 -num_descriptions 1 -num_alignments 1 -seg no > \.\.\/\.\.\/Data\/Chen_Analysis\/Prokka\/Bacteria\/GOMC\.bin\.13500\/GOMC\.bin\.13500\.sprot\.tmp\.3233600\.blast 2> /dev/null
[08:17:33] Modify product: Probable adenylyltransferase/sulfurtransferase MoeZ => putative adenylyltransferase/sulfurtransferase MoeZ
[08:17:33] Modify product: Uncharacterized protein YqeN => putative protein YqeN
[08:17:33] Modify product: Uncharacterized protein YcjY => putative protein YcjY
[08:17:33] Modify product: Probable GTPase Rv1496 => putative GTPase
[08:17:33] Modify product: Uncharacterized protein Rv1480 => putative protein
[08:17:33] Modify product: Probable malate:quinone oxidoreductase 1 => putative malate:quinone oxidoreductase 1
[08:17:33] Modify product: UPF0758 protein CT0611 => hypothetical protein
[08:17:33] Modify product: Bifunctional protein FolD => Bifunctional protein FolD protein
[08:17:33] Modify product: Peptidoglycan-N-acetylglucosamine deacetylase BC_3618 => Peptidoglycan-N-acetylglucosamine deacetylase
[08:17:33] Modify product: Probable murein peptide carboxypeptidase => putative murein peptide carboxypeptidase
[08:17:33] Modify product: Nitrilase blr3397 => Nitrilase
[08:17:33] Modify product: Probable quorum-quenching lactonase YtnP => putative quorum-quenching lactonase YtnP
[08:17:33] Modify product: Uncharacterized metal-dependent hydrolase YcfH => putative metal-dependent hydrolase YcfH
[08:17:33] Modify product: Probable transcriptional regulatory protein HP_0162 => putative transcriptional regulatory protein
[08:17:33] Modify product: Uncharacterized protein Rv2915c => putative protein
[08:17:33] Modify product: Acetyltransferase PA3944 => Acetyltransferase
[08:17:33] Modify product: Uncharacterized epimerase/dehydratase SA0511 => putative epimerase/dehydratase
[08:17:33] Modify product: Probable propionyl-CoA carboxylase beta chain 5 => putative propionyl-CoA carboxylase beta chain 5
[08:17:33] Modify product: Uncharacterized RNA pseudouridine synthase Rv1540 => putative RNA pseudouridine synthase
[08:17:33] Modify product: Probable glycine dehydrogenase (decarboxylating) => putative glycine dehydrogenase (decarboxylating)
[08:17:33] Modify product: Probable ribonucleotide transport ATP-binding protein mkl => putative ribonucleotide transport ATP-binding protein mkl
[08:17:33] Modify product: Probable sulfate transporter Rv1739c => putative sulfate transporter
[08:17:33] Modify product: Putative cystathionine beta-synthase Rv1077 => Putative cystathionine beta-synthase
[08:17:33] Modify product: Uncharacterized ABC transporter ATP-binding protein TM_0288 => putative ABC transporter ATP-binding protein
[08:17:33] Modify product: Probable multidrug resistance ABC transporter ATP-binding/permease protein YheI => putative multidrug resistance ABC transporter ATP-binding/permease protein YheI
[08:17:33] Modify product: Uncharacterized protein Rv0959 => putative protein
[08:17:33] Modify product: Uncharacterized protein YcgM => putative protein YcgM
[08:17:33] Modify product: Uncharacterized protein YpjD => putative protein YpjD
[08:17:33] Modify product: Probable dual-specificity RNA methyltransferase RlmN => putative dual-specificity RNA methyltransferase RlmN
[08:17:33] Modify product: Uncharacterized protein YcgM => putative protein YcgM
[08:17:33] Modify product: Putative zinc metalloprotease aq_1964 => Putative zinc metalloprotease
[08:17:33] Modify product: Thioredoxin-like protein slr0233 => Thioredoxin-like protein
[08:17:33] Modify product: Uncharacterized protein YqjZ => putative protein YqjZ
[08:17:33] Modify product: Putative esterase PA1618 => Putative esterase
[08:17:33] Modify product: Probable xanthine dehydrogenase subunit A => putative xanthine dehydrogenase subunit A
[08:17:33] Modify product: Sulfurtransferase Alvin_2599 => Sulfurtransferase
[08:17:33] Modify product: Probable chromosome-partitioning protein ParB => putative chromosome-partitioning protein ParB
[08:17:33] Modify product: Probable acyl-CoA dehydrogenase => putative acyl-CoA dehydrogenase
[08:17:33] Modify product: Probable 3-hydroxyacyl-CoA dehydrogenase => putative 3-hydroxyacyl-CoA dehydrogenase
[08:17:33] Modify product: Uncharacterized protein Rv1276c => putative protein
[08:17:33] Modify product: Probable xanthine dehydrogenase subunit A => putative xanthine dehydrogenase subunit A
[08:17:33] Modify product: UPF0176 protein YceA => hypothetical protein
[08:17:33] Modify product: Probable succinyl-CoA:3-ketoacid coenzyme A transferase subunit B => putative succinyl-CoA:3-ketoacid coenzyme A transferase subunit B
[08:17:33] Modify product: UPF0053 protein Rv2366c => hypothetical protein
[08:17:33] Modify product: Probable multidrug resistance ABC transporter ATP-binding/permease protein YheH => putative multidrug resistance ABC transporter ATP-binding/permease protein YheH
[08:17:33] Modify product: UPF0758 protein CT0611 => hypothetical protein
[08:17:33] Modify product: Probable peptidoglycan glycosyltransferase FtsW => putative peptidoglycan glycosyltransferase FtsW
[08:17:33] Modify product: Uncharacterized protein YqeY => putative protein YqeY
[08:17:33] Modify product: UPF0053 protein Rv2366c => hypothetical protein
[08:17:33] Modify product: Probable ketoamine kinase HMPREF0351_12196 => putative ketoamine kinase
[08:17:33] Modify product: Uncharacterized ABC transporter ATP-binding protein YheS => putative ABC transporter ATP-binding protein YheS
[08:17:33] Modify product: UPF0145 protein YbjQ => hypothetical protein
[08:17:33] Modify product: Uncharacterized inner membrane transporter YedA => putative inner membrane transporter YedA
[08:17:33] Modify product: UPF0053 inner membrane protein YfjD => hypothetical protein
[08:17:33] Modify product: Uncharacterized ABC transporter ATP-binding protein YbiT => putative ABC transporter ATP-binding protein YbiT
[08:17:33] Modify product: UPF0312 protein SA2479 => hypothetical protein
[08:17:33] Modify product: Probable iron-sulfur-binding oxidoreductase FadF => putative iron-sulfur-binding oxidoreductase FadF
[08:17:33] Modify product: Probable iron-sulfur-binding oxidoreductase FadF => putative iron-sulfur-binding oxidoreductase FadF
[08:17:33] Modify product: UPF0403 protein YphP => hypothetical protein
[08:17:33] Modify product: Uncharacterized protein YedJ => putative protein YedJ
[08:17:33] Modify product: Uncharacterized ABC transporter ATP-binding protein YknY => putative ABC transporter ATP-binding protein YknY
[08:17:33] Modify product: Uncharacterized zinc protease Rv2782c => putative zinc protease
[08:17:33] Modify product: Probable efflux pump membrane transporter TtgB => putative efflux pump membrane transporter TtgB
[08:17:33] Modify product: Probable ATP-dependent transporter SufC => putative ATP-dependent transporter SufC
[08:17:33] Modify product: Uncharacterized glycosyltransferase Rv0539 => putative glycosyltransferase
[08:17:33] Modify product: Uncharacterized protein YjbR => putative protein YjbR
[08:17:33] Modify product: GTP cyclohydrolase 1 type 2 homolog => GTP cyclohydrolase 1 type 2 
[08:17:33] Modify product: Uncharacterized ABC transporter ATP-binding protein YknY => putative ABC transporter ATP-binding protein YknY
[08:17:33] Modify product: Uncharacterized HIT-like protein Rv0759c => putative HIT-like protein
[08:17:33] Modify product: Uncharacterized protein YciO => putative protein YciO
[08:17:33] Modify product: Uncharacterized symporter YidK => putative symporter YidK
[08:17:33] Modify product: UPF0173 metal-dependent hydrolase TM_1162 => hypothetical protein
[08:17:33] Cleaned 72 /product names
[08:17:33] Deleting unwanted file: ../../Data/Chen_Analysis/Prokka/Bacteria/GOMC.bin.13500/GOMC.bin.13500.sprot.tmp.3233600.faa
[08:17:33] Deleting unwanted file: ../../Data/Chen_Analysis/Prokka/Bacteria/GOMC.bin.13500/GOMC.bin.13500.sprot.tmp.3233600.blast
[08:17:34] There are still 1645 unannotated CDS left (started with 2566)
[08:17:34] Will use hmmer3 to search against /home/joao_facio/miniconda3/envs/prokka/db/hmm/HAMAP.hmm with 4 CPUs
[08:17:34] Running: cat \.\.\/\.\.\/Data\/Chen_Analysis\/Prokka\/Bacteria\/GOMC\.bin\.13500\/GOMC\.bin\.13500\.HAMAP\.hmm\.tmp\.3233600\.faa | parallel --gnu --plain -j 4 --block 57991 --recstart '>' --pipe hmmscan --noali --notextw --acc -E 1e-09 --cpu 1 /home/joao_facio/miniconda3/envs/prokka/db/hmm/HAMAP.hmm /dev/stdin > \.\.\/\.\.\/Data\/Chen_Analysis\/Prokka\/Bacteria\/GOMC\.bin\.13500\/GOMC\.bin\.13500\.HAMAP\.hmm\.tmp\.3233600\.hmmer3 2> /dev/null
[08:17:45] Modify product: Uncharacterized Nudix hydrolase NudL => putative Nudix hydrolase NudL
[08:17:45] Cleaned 1 /product names
[08:17:45] Deleting unwanted file: ../../Data/Chen_Analysis/Prokka/Bacteria/GOMC.bin.13500/GOMC.bin.13500.HAMAP.hmm.tmp.3233600.faa
[08:17:45] Deleting unwanted file: ../../Data/Chen_Analysis/Prokka/Bacteria/GOMC.bin.13500/GOMC.bin.13500.HAMAP.hmm.tmp.3233600.hmmer3
[08:17:45] Labelling remaining 1448 proteins as 'hypothetical protein'
[08:17:45] Possible /pseudo 'Peptide methionine sulfoxide reductase MsrB' at k63_261189 position 17222
[08:17:45] Possible /pseudo 'Asparagine synthetase B [glutamine-hydrolyzing]' at k63_2077307 position 9495
[08:17:45] Possible /pseudo 'Thiol-disulfide oxidoreductase ResA' at k63_2811603 position 2619
[08:17:45] Possible /pseudo 'N(4)-(Beta-N-acetylglucosaminyl)-L-asparaginase' at k63_3059353 position 427
[08:17:45] Possible /pseudo 'Macrolide export ATP-binding/permease protein MacB' at k63_1960941 position 1384
[08:17:45] Found 884 unique /gene codes.
[08:17:45] Fixed 2 duplicate /gene - lpxD_1 lpxD_2
[08:17:45] Fixed 2 duplicate /gene - fabF_1 fabF_2
[08:17:45] Fixed 2 duplicate /gene - mscL_1 mscL_2
[08:17:45] Fixed 2 duplicate /gene - mutS_1 mutS_2
[08:17:45] Fixed 2 duplicate /gene - pucA_1 pucA_2
[08:17:45] Fixed 2 duplicate /gene - cutM_1 cutM_2
[08:17:45] Fixed 2 duplicate /gene - wbpI_1 wbpI_2
[08:17:45] Fixed 2 duplicate /gene - rbn_1 rbn_2
[08:17:45] Fixed 2 duplicate /gene - truA_1 truA_2
[08:17:45] Fixed 2 duplicate /gene - xerC_1 xerC_2
[08:17:45] Fixed 2 duplicate /gene - lysC_1 lysC_2
[08:17:45] Fixed 3 duplicate /gene - bamA_1 bamA_2 bamA_3
[08:17:45] Fixed 2 duplicate /gene - aviRb_1 aviRb_2
[08:17:45] Fixed 2 duplicate /gene - gfo_1 gfo_2
[08:17:45] Fixed 2 duplicate /gene - mdtC_1 mdtC_2
[08:17:45] Fixed 3 duplicate /gene - dxs_1 dxs_2 dxs_3
[08:17:45] Fixed 2 duplicate /gene - dnaE_1 dnaE_2
[08:17:45] Fixed 2 duplicate /gene - ppk_1 ppk_2
[08:17:45] Fixed 2 duplicate /gene - ruvB_1 ruvB_2
[08:17:45] Fixed 2 duplicate /gene - swrC_1 swrC_2
[08:17:45] Fixed 2 duplicate /gene - yabJ_1 yabJ_2
[08:17:45] Fixed 2 duplicate /gene - bcp_1 bcp_2
[08:17:45] Fixed 2 duplicate /gene - trmR_1 trmR_2
[08:17:45] Fixed 7 duplicate /gene - sasA_1 sasA_2 sasA_3 sasA_4 sasA_5 sasA_6 sasA_7
[08:17:45] Fixed 2 duplicate /gene - algU_1 algU_2
[08:17:45] Fixed 2 duplicate /gene - hflX_1 hflX_2
[08:17:45] Fixed 2 duplicate /gene - asnB_1 asnB_2
[08:17:45] Fixed 3 duplicate /gene - pyrC_1 pyrC_2 pyrC_3
[08:17:45] Fixed 2 duplicate /gene - iolG_1 iolG_2
[08:17:45] Fixed 2 duplicate /gene - dapA_1 dapA_2
[08:17:45] Fixed 2 duplicate /gene - cutL_1 cutL_2
[08:17:45] Fixed 2 duplicate /gene - trpS_1 trpS_2
[08:17:45] Fixed 2 duplicate /gene - trxA_1 trxA_2
[08:17:45] Fixed 2 duplicate /gene - rny_1 rny_2
[08:17:45] Fixed 3 duplicate /gene - menA_1 menA_2 menA_3
[08:17:45] Fixed 2 duplicate /gene - clpP_1 clpP_2
[08:17:45] Fixed 2 duplicate /gene - acpP_1 acpP_2
[08:17:45] Fixed 3 duplicate /gene - msrA_1 msrA_2 msrA_3
[08:17:45] Fixed 2 duplicate /gene - baiA_1 baiA_2
[08:17:45] Fixed 2 duplicate /gene - ettA_1 ettA_2
[08:17:45] Fixed 2 duplicate /gene - purB_1 purB_2
[08:17:45] Fixed 2 duplicate /gene - pdxH_1 pdxH_2
[08:17:45] Fixed 2 duplicate /gene - egtB_1 egtB_2
[08:17:45] Fixed 2 duplicate /gene - rplP_1 rplP_2
[08:17:45] Fixed 4 duplicate /gene - fabH_1 fabH_2 fabH_3 fabH_4
[08:17:45] Fixed 2 duplicate /gene - paaE_1 paaE_2
[08:17:45] Fixed 2 duplicate /gene - rutC_1 rutC_2
[08:17:45] Fixed 2 duplicate /gene - fadF_1 fadF_2
[08:17:45] Fixed 2 duplicate /gene - ypdB_1 ypdB_2
[08:17:45] Fixed 2 duplicate /gene - metG_1 metG_2
[08:17:45] Fixed 2 duplicate /gene - rhaR_1 rhaR_2
[08:17:45] Fixed 3 duplicate /gene - trmH_1 trmH_2 trmH_3
[08:17:45] Fixed 2 duplicate /gene - iorA_1 iorA_2
[08:17:45] Fixed 2 duplicate /gene - msrB_1 msrB_2
[08:17:45] Fixed 4 duplicate /gene - arnC_1 arnC_2 arnC_3 arnC_4
[08:17:45] Fixed 2 duplicate /gene - bcrA_1 bcrA_2
[08:17:45] Fixed 2 duplicate /gene - mnmC_1 mnmC_2
[08:17:45] Fixed 2 duplicate /gene - lptB_1 lptB_2
[08:17:45] Fixed 2 duplicate /gene - alsT_1 alsT_2
[08:17:45] Fixed 2 duplicate /gene - asnC_1 asnC_2
[08:17:45] Fixed 2 duplicate /gene - dinG_1 dinG_2
[08:17:45] Fixed 2 duplicate /gene - bcd_1 bcd_2
[08:17:45] Fixed 2 duplicate /gene - ssb_1 ssb_2
[08:17:45] Fixed 2 duplicate /gene - ogt_1 ogt_2
[08:17:45] Fixed 2 duplicate /gene - ycgM_1 ycgM_2
[08:17:45] Fixed 2 duplicate /gene - yknY_1 yknY_2
[08:17:45] Fixed 2 duplicate /gene - mshA_1 mshA_2
[08:17:45] Fixed 2 duplicate /gene - dinB_1 dinB_2
[08:17:45] Fixed 2 duplicate /gene - pyrR_1 pyrR_2
[08:17:45] Fixed 2 duplicate /gene - mtfA_1 mtfA_2
[08:17:45] Fixed 2 duplicate /gene - thiE_1 thiE_2
[08:17:45] Fixed 2 duplicate /gene - kdsA_1 kdsA_2
[08:17:45] Fixed 9 duplicate /gene - pal_1 pal_2 pal_3 pal_4 pal_5 pal_6 pal_7 pal_8 pal_9
[08:17:45] Fixed 2 duplicate /gene - iscS_1 iscS_2
[08:17:45] Fixed 3 duplicate /gene - nreC_1 nreC_2 nreC_3
[08:17:45] Fixed 2 duplicate /gene - mdtA_1 mdtA_2
[08:17:45] Fixed 2 duplicate /gene - glpE_1 glpE_2
[08:17:45] Fixed 2 duplicate /gene - acsA_1 acsA_2
[08:17:45] Fixed 2 duplicate /gene - rsmI_1 rsmI_2
[08:17:45] Fixed 2 duplicate /gene - egtE_1 egtE_2
[08:17:45] Fixed 2 duplicate /gene - rlmB_1 rlmB_2
[08:17:45] Fixed 2 duplicate /gene - lytR_1 lytR_2
[08:17:45] Fixed 4 duplicate /gene - rcsC_1 rcsC_2 rcsC_3 rcsC_4
[08:17:45] Fixed 2 duplicate /gene - ilvK_1 ilvK_2
[08:17:45] Fixed 3 duplicate /gene - macB_1 macB_2 macB_3
[08:17:45] Fixed 2 duplicate /gene - tas_1 tas_2
[08:17:45] Fixed 2 duplicate /gene - tadA_1 tadA_2
[08:17:45] Fixed 2 duplicate /gene - moaA_1 moaA_2
[08:17:45] Fixed 2 duplicate /gene - aqpZ2_1 aqpZ2_2
[08:17:45] Fixed 2 duplicate /gene - trpC_1 trpC_2
[08:17:45] Fixed 2 duplicate /gene - sglT_1 sglT_2
[08:17:45] Fixed 2 duplicate /gene - nfuA_1 nfuA_2
[08:17:45] Fixed 3 duplicate /gene - bepA_1 bepA_2 bepA_3
[08:17:45] Fixed 2 duplicate /gene - atpH_1 atpH_2
[08:17:45] Fixed 3 duplicate /gene - surA_1 surA_2 surA_3
[08:17:45] Fixed 2 duplicate /gene - odhB_1 odhB_2
[08:17:45] Fixed 5 duplicate /gene - btuB_1 btuB_2 btuB_3 btuB_4 btuB_5
[08:17:45] Fixed 2 duplicate /gene - patA_1 patA_2
[08:17:45] Fixed 2 duplicate /gene - tatA_1 tatA_2
[08:17:45] Fixed 7 duplicate /gene - sigW_1 sigW_2 sigW_3 sigW_4 sigW_5 sigW_6 sigW_7
[08:17:45] Fixed 3 duplicate /gene - btuD_1 btuD_2 btuD_3
[08:17:45] Fixed 2 duplicate /gene - hutG_1 hutG_2
[08:17:45] Fixed 2 duplicate /gene - gloB_1 gloB_2
[08:17:45] Fixed 2 duplicate /gene - degQ_1 degQ_2
[08:17:45] Fixed 2 duplicate /gene - nth_1 nth_2
[08:17:45] Fixed 8 duplicate /gene - resA_1 resA_2 resA_3 resA_4 resA_5 resA_6 resA_7 resA_8
[08:17:45] Fixed 106 colliding /gene names.
[08:17:45] Adding /locus_tag identifiers
[08:17:45] Assigned 2596 locus_tags to CDS and RNA features.
[08:17:45] Writing outputs to ../../Data/Chen_Analysis/Prokka/Bacteria/GOMC.bin.13500/
[08:17:46] Generating annotation statistics file
[08:17:46] Generating Genbank and Sequin files
[08:17:46] Running: tbl2asn -V b -a r10k -l paired-ends -M n -N 1 -y 'Annotated using prokka 1.14.6 from https://github.com/tseemann/prokka' -Z \.\.\/\.\.\/Data\/Chen_Analysis\/Prokka\/Bacteria\/GOMC\.bin\.13500\/GOMC\.bin\.13500\.err -i \.\.\/\.\.\/Data\/Chen_Analysis\/Prokka\/Bacteria\/GOMC\.bin\.13500\/GOMC\.bin\.13500\.fsa 2> /dev/null
[08:17:48] Deleting unwanted file: ../../Data/Chen_Analysis/Prokka/Bacteria/GOMC.bin.13500/errorsummary.val
[08:17:48] Deleting unwanted file: ../../Data/Chen_Analysis/Prokka/Bacteria/GOMC.bin.13500/GOMC.bin.13500.dr
[08:17:48] Deleting unwanted file: ../../Data/Chen_Analysis/Prokka/Bacteria/GOMC.bin.13500/GOMC.bin.13500.fixedproducts
[08:17:48] Deleting unwanted file: ../../Data/Chen_Analysis/Prokka/Bacteria/GOMC.bin.13500/GOMC.bin.13500.ecn
[08:17:48] Deleting unwanted file: ../../Data/Chen_Analysis/Prokka/Bacteria/GOMC.bin.13500/GOMC.bin.13500.val
[08:17:48] Repairing broken .GBK output that tbl2asn produces...
[08:17:48] Running: sed 's/COORDINATES: profile/COORDINATES:profile/' < \.\.\/\.\.\/Data\/Chen_Analysis\/Prokka\/Bacteria\/GOMC\.bin\.13500\/GOMC\.bin\.13500\.gbf > \.\.\/\.\.\/Data\/Chen_Analysis\/Prokka\/Bacteria\/GOMC\.bin\.13500\/GOMC\.bin\.13500\.gbk
[08:17:48] Deleting unwanted file: ../../Data/Chen_Analysis/Prokka/Bacteria/GOMC.bin.13500/GOMC.bin.13500.gbf
[08:17:48] Output files:
[08:17:48] ../../Data/Chen_Analysis/Prokka/Bacteria/GOMC.bin.13500/GOMC.bin.13500.gff
[08:17:48] ../../Data/Chen_Analysis/Prokka/Bacteria/GOMC.bin.13500/GOMC.bin.13500.gbk
[08:17:48] ../../Data/Chen_Analysis/Prokka/Bacteria/GOMC.bin.13500/GOMC.bin.13500.log
[08:17:48] ../../Data/Chen_Analysis/Prokka/Bacteria/GOMC.bin.13500/GOMC.bin.13500.fsa
[08:17:48] ../../Data/Chen_Analysis/Prokka/Bacteria/GOMC.bin.13500/GOMC.bin.13500.tbl
[08:17:48] ../../Data/Chen_Analysis/Prokka/Bacteria/GOMC.bin.13500/GOMC.bin.13500.sqn
[08:17:48] ../../Data/Chen_Analysis/Prokka/Bacteria/GOMC.bin.13500/GOMC.bin.13500.ffn
[08:17:48] ../../Data/Chen_Analysis/Prokka/Bacteria/GOMC.bin.13500/GOMC.bin.13500.txt
[08:17:48] ../../Data/Chen_Analysis/Prokka/Bacteria/GOMC.bin.13500/GOMC.bin.13500.err
[08:17:48] ../../Data/Chen_Analysis/Prokka/Bacteria/GOMC.bin.13500/GOMC.bin.13500.faa
[08:17:48] ../../Data/Chen_Analysis/Prokka/Bacteria/GOMC.bin.13500/GOMC.bin.13500.tsv
[08:17:48] ../../Data/Chen_Analysis/Prokka/Bacteria/GOMC.bin.13500/GOMC.bin.13500.fna
[08:17:48] Annotation finished successfully.
[08:17:48] Walltime used: 1.08 minutes
[08:17:48] If you use this result please cite the Prokka paper:
[08:17:48] Seemann T (2014) Prokka: rapid prokaryotic genome annotation. Bioinformatics. 30(14):2068-9.
[08:17:48] Type 'prokka --citation' for more details.
[08:17:48] Share and enjoy!
