[07:19:41] This is prokka 1.14.6
[07:19:41] Written by Torsten Seemann <torsten.seemann@gmail.com>
[07:19:41] Homepage is https://github.com/tseemann/prokka
[07:19:41] Local time is Mon Dec  1 07:19:41 2025
[07:19:41] You are joao_facio
[07:19:41] Operating system is linux
[07:19:41] You have BioPerl 1.7.8
[07:19:41] System has 12 cores.
[07:19:41] Will use maximum of 4 cores.
[07:19:41] Annotating as >>> Archaea <<<
[07:19:41] Generating locus_tag from '/tmp/tmp6gns85ah/GOMC.bin.1254.fa' contents.
[07:19:41] Setting --locustag IBGHHJGK from MD5 2b011304e8d430abd656ed256636e62b
[07:19:41] Creating new output folder: ../../Data/Chen_Analysis/Prokka/Archaea/GOMC.bin.1254
[07:19:41] Running: mkdir -p \.\.\/\.\.\/Data\/Chen_Analysis\/Prokka\/Archaea\/GOMC\.bin\.1254
[07:19:41] Using filename prefix: GOMC.bin.1254.XXX
[07:19:41] Setting HMMER_NCPU=1
[07:19:41] Writing log to: ../../Data/Chen_Analysis/Prokka/Archaea/GOMC.bin.1254/GOMC.bin.1254.log
[07:19:41] Command: /home/joao_facio/miniconda3/envs/prokka/bin/prokka --outdir ../../Data/Chen_Analysis/Prokka/Archaea/GOMC.bin.1254 --prefix GOMC.bin.1254 --kingdom Archaea --genus Loki-b32 --strain GOMC.bin.1254 --cpus 4 --force /tmp/tmp6gns85ah/GOMC.bin.1254.fa
[07:19:41] Appending to PATH: /home/joao_facio/miniconda3/envs/prokka/bin
[07:19:41] Looking for 'aragorn' - found /home/joao_facio/miniconda3/envs/prokka/bin/aragorn
[07:19:41] Determined aragorn version is 001002 from 'ARAGORN v1.2.41 Dean Laslett'
[07:19:41] Looking for 'barrnap' - found /home/joao_facio/miniconda3/envs/prokka/bin/barrnap
[07:19:41] Determined barrnap version is 000009 from 'barrnap 0.9'
[07:19:41] Looking for 'blastp' - found /home/joao_facio/miniconda3/envs/prokka/bin/blastp
[07:19:41] Determined blastp version is 002016 from 'blastp: 2.16.0+'
[07:19:41] Looking for 'cmpress' - found /home/joao_facio/miniconda3/envs/prokka/bin/cmpress
[07:19:41] Determined cmpress version is 001001 from '# INFERNAL 1.1.5 (Sep 2023)'
[07:19:41] Looking for 'cmscan' - found /home/joao_facio/miniconda3/envs/prokka/bin/cmscan
[07:19:41] Determined cmscan version is 001001 from '# INFERNAL 1.1.5 (Sep 2023)'
[07:19:41] Looking for 'egrep' - found /usr/bin/egrep
[07:19:41] Looking for 'find' - found /usr/bin/find
[07:19:41] Looking for 'grep' - found /usr/bin/grep
[07:19:41] Looking for 'hmmpress' - found /home/joao_facio/miniconda3/envs/prokka/bin/hmmpress
[07:19:41] Determined hmmpress version is 003004 from '# HMMER 3.4 (Aug 2023); http://hmmer.org/'
[07:19:41] Looking for 'hmmscan' - found /home/joao_facio/miniconda3/envs/prokka/bin/hmmscan
[07:19:41] Determined hmmscan version is 003004 from '# HMMER 3.4 (Aug 2023); http://hmmer.org/'
[07:19:41] Looking for 'java' - found /home/joao_facio/miniconda3/envs/prokka/bin/java
[07:19:41] Looking for 'makeblastdb' - found /home/joao_facio/miniconda3/envs/prokka/bin/makeblastdb
[07:19:41] Determined makeblastdb version is 002016 from 'makeblastdb: 2.16.0+'
[07:19:41] Looking for 'minced' - found /home/joao_facio/miniconda3/envs/prokka/bin/minced
[07:19:41] Determined minced version is 004002 from 'minced 0.4.2'
[07:19:41] Looking for 'parallel' - found /home/joao_facio/miniconda3/envs/prokka/bin/parallel
[07:19:41] Determined parallel version is 20251122 from 'GNU parallel 20251122'
[07:19:41] Looking for 'prodigal' - found /home/joao_facio/miniconda3/envs/prokka/bin/prodigal
[07:19:41] Determined prodigal version is 002006 from 'Prodigal V2.6.3: February, 2016'
[07:19:41] Looking for 'prokka-genbank_to_fasta_db' - found /home/joao_facio/miniconda3/envs/prokka/bin/prokka-genbank_to_fasta_db
[07:19:41] Looking for 'sed' - found /usr/bin/sed
[07:19:41] Looking for 'tbl2asn' - found /home/joao_facio/miniconda3/envs/prokka/bin/tbl2asn
[07:19:41] Determined tbl2asn version is 025007 from 'tbl2asn 25.7   arguments:'
[07:19:41] Using genetic code table 11.
[07:19:41] Loading and checking input file: /tmp/tmp6gns85ah/GOMC.bin.1254.fa
[07:19:41] Wrote 399 contigs totalling 2696170 bp.
[07:19:41] Predicting tRNAs and tmRNAs
[07:19:41] Running: aragorn -l -gc11  -w \.\.\/\.\.\/Data\/Chen_Analysis\/Prokka\/Archaea\/GOMC\.bin\.1254\/GOMC\.bin\.1254\.fna
[07:19:41] 1 tRNA-Pro [5755,5828] 35 (cgg)
[07:19:42] 1 tRNA-Ala [3915,3988] 34 (cgc)
[07:19:42] Found 2 tRNAs
[07:19:42] Predicting Ribosomal RNAs
[07:19:42] Running Barrnap with 4 threads
[07:19:42] Found 0 rRNAs
[07:19:42] Skipping ncRNA search, enable with --rfam if desired.
[07:19:42] Total of 2 tRNA + rRNA features
[07:19:42] Searching for CRISPR repeats
[07:19:42] Found 0 CRISPRs
[07:19:42] Predicting coding sequences
[07:19:42] Contigs total 2696170 bp, so using single mode
[07:19:42] Running: prodigal -i \.\.\/\.\.\/Data\/Chen_Analysis\/Prokka\/Archaea\/GOMC\.bin\.1254\/GOMC\.bin\.1254\.fna -c -m -g 11 -p single -f sco -q
[07:19:43] Found 2479 CDS
[07:19:43] Connecting features back to sequences
[07:19:43] Not using genus-specific database. Try --usegenus to enable it.
[07:19:43] Annotating CDS, please be patient.
[07:19:43] Will use 4 CPUs for similarity searching.
[07:19:44] There are still 2479 unannotated CDS left (started with 2479)
[07:19:44] Will use blast to search against /home/joao_facio/miniconda3/envs/prokka/db/kingdom/Archaea/sprot with 4 CPUs
[07:19:44] Running: cat \.\.\/\.\.\/Data\/Chen_Analysis\/Prokka\/Archaea\/GOMC\.bin\.1254\/GOMC\.bin\.1254\.sprot\.tmp\.3067426\.faa | parallel --gnu --plain -j 4 --block 89683 --recstart '>' --pipe blastp -query - -db /home/joao_facio/miniconda3/envs/prokka/db/kingdom/Archaea/sprot -evalue 1e-09 -qcov_hsp_perc 80 -num_threads 1 -num_descriptions 1 -num_alignments 1 -seg no > \.\.\/\.\.\/Data\/Chen_Analysis\/Prokka\/Archaea\/GOMC\.bin\.1254\/GOMC\.bin\.1254\.sprot\.tmp\.3067426\.blast 2> /dev/null
[07:19:48] Modify product: UPF0215 protein AF_1433 => hypothetical protein
[07:19:48] Modify product: Probable hydrogenase maturation factor HypB => putative hydrogenase maturation factor HypB
[07:19:48] Modify product: Probable branched-chain amino acid transport ATP-binding protein LivG => putative branched-chain amino acid transport ATP-binding protein LivG
[07:19:48] Modify product: Probable branched-chain amino acid transport ATP-binding protein LivG => putative branched-chain amino acid transport ATP-binding protein LivG
[07:19:48] Modify product: Uncharacterized ABC transporter ATP-binding protein MJ0796 => putative ABC transporter ATP-binding protein
[07:19:48] Modify product: Uncharacterized ABC transporter ATP-binding protein MJ0796 => putative ABC transporter ATP-binding protein
[07:19:48] Modify product: Probable translation initiation factor IF-2 => putative translation initiation factor IF-2
[07:19:48] Modify product: Uncharacterized metallohydrolase MMP1398 => putative metallohydrolase
[07:19:48] Modify product: Bifunctional protein FolD => Bifunctional protein FolD protein
[07:19:48] Modify product: Probable aminomethyltransferase => putative aminomethyltransferase
[07:19:48] Modify product: ATP-dependent DNA helicase Ta0057 => ATP-dependent DNA helicase
[07:19:48] Modify product: Probable ribosomal RNA small subunit methyltransferase A => putative ribosomal RNA small subunit methyltransferase A
[07:19:48] Modify product: 1,4-alpha-glucan branching enzyme TK1436 => 1,4-alpha-glucan branching enzyme
[07:19:48] Modify product: Uncharacterized ABC transporter ATP-binding protein MJ0796 => putative ABC transporter ATP-binding protein
[07:19:48] Modify product: Probable ATP-dependent RNA helicase MJ0669 => putative ATP-dependent RNA helicase
[07:19:48] Modify product: Chlorinase MJ1651 => Chlorinase
[07:19:48] Modify product: Probable transaldolase => putative transaldolase
[07:19:48] Modify product: Ribosome maturation protein SDO1 homolog => Ribosome maturation protein SDO1 
[07:19:48] Modify product: Probable tRNA pseudouridine synthase D => putative tRNA pseudouridine synthase D
[07:19:48] Modify product: Phosphodiesterase MJ0936 => Phosphodiesterase
[07:19:48] Modify product: Uncharacterized ABC transporter ATP-binding protein MJ0796 => putative ABC transporter ATP-binding protein
[07:19:48] Modify product: 1,4-alpha-glucan branching enzyme TK1436 => 1,4-alpha-glucan branching enzyme
[07:19:48] Modify product: Uncharacterized ABC transporter ATP-binding protein MJ0796 => putative ABC transporter ATP-binding protein
[07:19:48] Modify product: Metallo-beta-lactamase fold-containing protein ST1585 => Metallo-beta-lactamase fold-containing protein
[07:19:48] Modify product: ADP-ribose glycohydrolase AF_1521 => ADP-ribose glycohydrolase
[07:19:48] Modify product: Probable phosphoenolpyruvate synthase => putative phosphoenolpyruvate synthase
[07:19:48] Modify product: UPF0147 protein Ta0600 => hypothetical protein
[07:19:48] Modify product: Sugar fermentation stimulation protein homolog => Sugar fermentation stimulation protein 
[07:19:48] Modify product: Probable deoxyhypusine synthase => putative deoxyhypusine synthase
[07:19:48] Modify product: Uncharacterized ABC transporter ATP-binding protein MJ0796 => putative ABC transporter ATP-binding protein
[07:19:48] Modify product: Uncharacterized HTH-type transcriptional regulator PH0140 => putative HTH-type transcriptional regulator
[07:19:48] Modify product: Putative sugar kinase PH1459 => Putative sugar kinase
[07:19:48] Modify product: Iron-sulfur flavoprotein MJ1083 => Iron-sulfur flavoprotein
[07:19:48] Modify product: Uncharacterized protein MJ1187 => putative protein
[07:19:48] Modify product: Probable ribosome biogenesis protein SSO0551 => putative ribosome biogenesis protein
[07:19:48] Modify product: Probable aspartokinase => putative aspartokinase
[07:19:48] Modify product: Uncharacterized ABC transporter ATP-binding protein MJ0796 => putative ABC transporter ATP-binding protein
[07:19:48] Modify product: Probable methanogenesis regulatory protein FilR2 => putative methanogenesis regulatory protein FilR2
[07:19:48] Modify product: Probable tRNA pseudouridine synthase B => putative tRNA pseudouridine synthase B
[07:19:48] Modify product: Probable S-adenosylmethionine-dependent methyltransferase MJ0882 => putative S-adenosylmethionine-dependent methyltransferase
[07:19:48] Modify product: Zinc metalloprotease TldD homolog => Zinc metalloprotease TldD 
[07:19:48] Modify product: Uncharacterized protein MJ1311 => putative protein
[07:19:48] Modify product: Uncharacterized protein AF_1212 => putative protein
[07:19:48] Modify product: Putative sugar kinase PH1459 => Putative sugar kinase
[07:19:48] Modify product: Probable molybdopterin synthase => putative molybdopterin synthase
[07:19:48] Modify product: Protein PH0010 => Protein
[07:19:48] Modify product: Probable aspartokinase => putative aspartokinase
[07:19:48] Modify product: UPF0310 protein MJECL36 => hypothetical protein
[07:19:48] Modify product: Probable ATP-dependent RNA helicase MJ0669 => putative ATP-dependent RNA helicase
[07:19:48] Cleaned 49 /product names
[07:19:48] Deleting unwanted file: ../../Data/Chen_Analysis/Prokka/Archaea/GOMC.bin.1254/GOMC.bin.1254.sprot.tmp.3067426.faa
[07:19:48] Deleting unwanted file: ../../Data/Chen_Analysis/Prokka/Archaea/GOMC.bin.1254/GOMC.bin.1254.sprot.tmp.3067426.blast
[07:19:48] There are still 2061 unannotated CDS left (started with 2479)
[07:19:48] Will use hmmer3 to search against /home/joao_facio/miniconda3/envs/prokka/db/hmm/HAMAP.hmm with 4 CPUs
[07:19:48] Running: cat \.\.\/\.\.\/Data\/Chen_Analysis\/Prokka\/Archaea\/GOMC\.bin\.1254\/GOMC\.bin\.1254\.HAMAP\.hmm\.tmp\.3067426\.faa | parallel --gnu --plain -j 4 --block 72427 --recstart '>' --pipe hmmscan --noali --notextw --acc -E 1e-09 --cpu 1 /home/joao_facio/miniconda3/envs/prokka/db/hmm/HAMAP.hmm /dev/stdin > \.\.\/\.\.\/Data\/Chen_Analysis\/Prokka\/Archaea\/GOMC\.bin\.1254\/GOMC\.bin\.1254\.HAMAP\.hmm\.tmp\.3067426\.hmmer3 2> /dev/null
[07:20:04] Modify product: Uncharacterized MFS-type transporter YfcJ => putative MFS-type transporter YfcJ
[07:20:04] Modify product: Uncharacterized Nudix hydrolase NudL => putative Nudix hydrolase NudL
[07:20:04] Cleaned 2 /product names
[07:20:04] Deleting unwanted file: ../../Data/Chen_Analysis/Prokka/Archaea/GOMC.bin.1254/GOMC.bin.1254.HAMAP.hmm.tmp.3067426.faa
[07:20:04] Deleting unwanted file: ../../Data/Chen_Analysis/Prokka/Archaea/GOMC.bin.1254/GOMC.bin.1254.HAMAP.hmm.tmp.3067426.hmmer3
[07:20:04] Labelling remaining 1670 proteins as 'hypothetical protein'
[07:20:04] Possible /pseudo 'Glucose import ATP-binding protein GlcV' at SAMN10402039_k53_340461_1 position 8302
[07:20:04] Possible /pseudo 'Fused isobutyryl-CoA mutase' at SAMN10402039_k53_352725_1 position 1798
[07:20:04] Possible /pseudo 'Fused isobutyryl-CoA mutase' at SAMN10402039_k53_352725_1 position 2267
[07:20:04] Possible /pseudo 'Sensor histidine kinase RcsC' at SAMN10402039_k53_378299_1 position 4599
[07:20:04] Possible /pseudo 'Bifunctional protein GlmU' at SAMN10402039_k53_600604_1 position 1592
[07:20:04] Possible /pseudo 'putative branched-chain amino acid transport ATP-binding protein LivG' at SAMN10402039_k53_624015_1 position 2996
[07:20:04] Possible /pseudo 'putative ABC transporter ATP-binding protein' at SAMN10402039_k53_631038_1 position 10544
[07:20:04] Possible /pseudo 'Vitamin B12 import ATP-binding protein BtuD' at SAMN10402039_k53_644848_1 position 4417
[07:20:04] Possible /pseudo '2-methoxy-6-polyprenyl-1,4-benzoquinol methylase, mitochondrial' at SAMN10402039_k53_651409_1 position 1188
[07:20:04] Possible /pseudo 'Vitamin B12 import ATP-binding protein BtuD' at SAMN10402039_k53_724254_1 position 3443
[07:20:04] Possible /pseudo 'PqqA peptide cyclase' at SAMN10402039_k53_802521_1 position 8067
[07:20:04] Possible /pseudo 'Amidophosphoribosyltransferase' at SAMN10402039_k53_1230015_1 position 27535
[07:20:04] Possible /pseudo 'Vitamin B12 import ATP-binding protein BtuD' at SAMN10402039_k53_1716941_1 position 2321
[07:20:04] Possible /pseudo 'Amidase' at SAMN10402039_k53_1824136_1 position 3993
[07:20:04] Possible /pseudo 'Replication factor C small subunit' at SAMN10402039_k53_1938951_1 position 951
[07:20:04] Possible /pseudo 'Crotonobetainyl-CoA reductase' at SAMN10402039_k53_2514871_1 position 9403
[07:20:04] Found 447 unique /gene codes.
[07:20:04] Fixed 2 duplicate /gene - cinA_1 cinA_2
[07:20:04] Fixed 8 duplicate /gene - COQ5_1 COQ5_2 COQ5_3 COQ5_4 COQ5_5 COQ5_6 COQ5_7 COQ5_8
[07:20:04] Fixed 3 duplicate /gene - bioB_1 bioB_2 bioB_3
[07:20:04] Fixed 2 duplicate /gene - mttC_1 mttC_2
[07:20:04] Fixed 2 duplicate /gene - acsA_1 acsA_2
[07:20:04] Fixed 2 duplicate /gene - tgtA_1 tgtA_2
[07:20:04] Fixed 2 duplicate /gene - hisH_1 hisH_2
[07:20:04] Fixed 14 duplicate /gene - btuD_1 btuD_2 btuD_3 btuD_4 btuD_5 btuD_6 btuD_7 btuD_8 btuD_9 btuD_10 btuD_11 btuD_12 btuD_13 btuD_14
[07:20:04] Fixed 5 duplicate /gene - fadA_1 fadA_2 fadA_3 fadA_4 fadA_5
[07:20:04] Fixed 2 duplicate /gene - hisB_1 hisB_2
[07:20:04] Fixed 5 duplicate /gene - pqqE_1 pqqE_2 pqqE_3 pqqE_4 pqqE_5
[07:20:04] Fixed 3 duplicate /gene - rfcS_1 rfcS_2 rfcS_3
[07:20:04] Fixed 2 duplicate /gene - coaBC_1 coaBC_2
[07:20:04] Fixed 2 duplicate /gene - caiC_1 caiC_2
[07:20:04] Fixed 4 duplicate /gene - dapH_1 dapH_2 dapH_3 dapH_4
[07:20:04] Fixed 2 duplicate /gene - psmB_1 psmB_2
[07:20:04] Fixed 2 duplicate /gene - korB_1 korB_2
[07:20:04] Fixed 2 duplicate /gene - leuC_1 leuC_2
[07:20:04] Fixed 2 duplicate /gene - livG_1 livG_2
[07:20:04] Fixed 2 duplicate /gene - nikR_1 nikR_2
[07:20:04] Fixed 3 duplicate /gene - dmsB_1 dmsB_2 dmsB_3
[07:20:04] Fixed 4 duplicate /gene - moaA_1 moaA_2 moaA_3 moaA_4
[07:20:04] Fixed 3 duplicate /gene - tdh_1 tdh_2 tdh_3
[07:20:04] Fixed 2 duplicate /gene - arsC_1 arsC_2
[07:20:04] Fixed 3 duplicate /gene - namA_1 namA_2 namA_3
[07:20:04] Fixed 2 duplicate /gene - pan_1 pan_2
[07:20:04] Fixed 2 duplicate /gene - porB_1 porB_2
[07:20:04] Fixed 4 duplicate /gene - glmU_1 glmU_2 glmU_3 glmU_4
[07:20:04] Fixed 3 duplicate /gene - vorA_1 vorA_2 vorA_3
[07:20:04] Fixed 2 duplicate /gene - ppsA_1 ppsA_2
[07:20:04] Fixed 2 duplicate /gene - fbiB_1 fbiB_2
[07:20:04] Fixed 3 duplicate /gene - kdsB_1 kdsB_2 kdsB_3
[07:20:04] Fixed 5 duplicate /gene - cheB_1 cheB_2 cheB_3 cheB_4 cheB_5
[07:20:04] Fixed 3 duplicate /gene - hdrD_1 hdrD_2 hdrD_3
[07:20:04] Fixed 2 duplicate /gene - ftr_1 ftr_2
[07:20:04] Fixed 2 duplicate /gene - fen_1 fen_2
[07:20:04] Fixed 2 duplicate /gene - thsA_1 thsA_2
[07:20:04] Fixed 4 duplicate /gene - nadE_1 nadE_2 nadE_3 nadE_4
[07:20:04] Fixed 10 duplicate /gene - queG_1 queG_2 queG_3 queG_4 queG_5 queG_6 queG_7 queG_8 queG_9 queG_10
[07:20:04] Fixed 4 duplicate /gene - ycf3_1 ycf3_2 ycf3_3 ycf3_4
[07:20:04] Fixed 2 duplicate /gene - resA_1 resA_2
[07:20:04] Fixed 3 duplicate /gene - COQ3_1 COQ3_2 COQ3_3
[07:20:04] Fixed 2 duplicate /gene - porC_1 porC_2
[07:20:04] Fixed 2 duplicate /gene - dld_1 dld_2
[07:20:04] Fixed 3 duplicate /gene - miaB_1 miaB_2 miaB_3
[07:20:04] Fixed 2 duplicate /gene - iolD_1 iolD_2
[07:20:04] Fixed 2 duplicate /gene - ogt_1 ogt_2
[07:20:04] Fixed 4 duplicate /gene - kdpB_1 kdpB_2 kdpB_3 kdpB_4
[07:20:04] Fixed 3 duplicate /gene - IMPDH_1 IMPDH_2 IMPDH_3
[07:20:04] Fixed 7 duplicate /gene - hemL_1 hemL_2 hemL_3 hemL_4 hemL_5 hemL_6 hemL_7
[07:20:04] Fixed 14 duplicate /gene - sasA_1 sasA_2 sasA_3 sasA_4 sasA_5 sasA_6 sasA_7 sasA_8 sasA_9 sasA_10 sasA_11 sasA_12 sasA_13 sasA_14
[07:20:04] Fixed 2 duplicate /gene - metG_1 metG_2
[07:20:04] Fixed 3 duplicate /gene - purF_1 purF_2 purF_3
[07:20:04] Fixed 2 duplicate /gene - cysG_1 cysG_2
[07:20:04] Fixed 2 duplicate /gene - napA_1 napA_2
[07:20:04] Fixed 3 duplicate /gene - cutC_1 cutC_2 cutC_3
[07:20:04] Fixed 2 duplicate /gene - sat_1 sat_2
[07:20:04] Fixed 3 duplicate /gene - iorA_1 iorA_2 iorA_3
[07:20:04] Fixed 2 duplicate /gene - thiL_1 thiL_2
[07:20:04] Fixed 2 duplicate /gene - hisC_1 hisC_2
[07:20:04] Fixed 2 duplicate /gene - rnj_1 rnj_2
[07:20:04] Fixed 2 duplicate /gene - gdhA_1 gdhA_2
[07:20:04] Fixed 3 duplicate /gene - ftsH_1 ftsH_2 ftsH_3
[07:20:04] Fixed 2 duplicate /gene - pcm_1 pcm_2
[07:20:04] Fixed 2 duplicate /gene - vhcA_1 vhcA_2
[07:20:04] Fixed 3 duplicate /gene - acdAII_1 acdAII_2 acdAII_3
[07:20:04] Fixed 3 duplicate /gene - hdrB_1 hdrB_2 hdrB_3
[07:20:04] Fixed 3 duplicate /gene - cheD_1 cheD_2 cheD_3
[07:20:04] Fixed 6 duplicate /gene - icmF_1 icmF_2 icmF_3 icmF_4 icmF_5 icmF_6
[07:20:04] Fixed 2 duplicate /gene - glgA_1 glgA_2
[07:20:04] Fixed 4 duplicate /gene - aor_1 aor_2 aor_3 aor_4
[07:20:04] Fixed 6 duplicate /gene - smc_1 smc_2 smc_3 smc_4 smc_5 smc_6
[07:20:04] Fixed 3 duplicate /gene - vat_1 vat_2 vat_3
[07:20:04] Fixed 2 duplicate /gene - gyaR_1 gyaR_2
[07:20:04] Fixed 2 duplicate /gene - iscS2_1 iscS2_2
[07:20:04] Fixed 2 duplicate /gene - thiC_1 thiC_2
[07:20:04] Fixed 6 duplicate /gene - gloB_1 gloB_2 gloB_3 gloB_4 gloB_5 gloB_6
[07:20:04] Fixed 2 duplicate /gene - korA_1 korA_2
[07:20:04] Fixed 2 duplicate /gene - dnaK_1 dnaK_2
[07:20:04] Fixed 2 duplicate /gene - dapL_1 dapL_2
[07:20:04] Fixed 2 duplicate /gene - dnaJ_1 dnaJ_2
[07:20:04] Fixed 2 duplicate /gene - psmA_1 psmA_2
[07:20:04] Fixed 2 duplicate /gene - yjgF_1 yjgF_2
[07:20:04] Fixed 4 duplicate /gene - glpK_1 glpK_2 glpK_3 glpK_4
[07:20:04] Fixed 2 duplicate /gene - vgb_1 vgb_2
[07:20:04] Fixed 3 duplicate /gene - rsxB_1 rsxB_2 rsxB_3
[07:20:04] Fixed 2 duplicate /gene - rutD_1 rutD_2
[07:20:04] Fixed 2 duplicate /gene - rhaD_1 rhaD_2
[07:20:04] Fixed 2 duplicate /gene - hydG_1 hydG_2
[07:20:04] Fixed 4 duplicate /gene - glcV_1 glcV_2 glcV_3 glcV_4
[07:20:04] Fixed 6 duplicate /gene - caiA_1 caiA_2 caiA_3 caiA_4 caiA_5 caiA_6
[07:20:04] Fixed 2 duplicate /gene - mdh_1 mdh_2
[07:20:04] Fixed 3 duplicate /gene - iorB_1 iorB_2 iorB_3
[07:20:04] Fixed 3 duplicate /gene - aes_1 aes_2 aes_3
[07:20:04] Fixed 3 duplicate /gene - cheY_1 cheY_2 cheY_3
[07:20:04] Fixed 2 duplicate /gene - cysO_1 cysO_2
[07:20:04] Fixed 2 duplicate /gene - fcl_1 fcl_2
[07:20:04] Fixed 2 duplicate /gene - atpA_1 atpA_2
[07:20:04] Fixed 2 duplicate /gene - rep_1 rep_2
[07:20:04] Fixed 3 duplicate /gene - lysJ_1 lysJ_2 lysJ_3
[07:20:04] Fixed 2 duplicate /gene - cutD_1 cutD_2
[07:20:04] Fixed 2 duplicate /gene - pgi_1 pgi_2
[07:20:04] Fixed 2 duplicate /gene - hldD_1 hldD_2
[07:20:04] Fixed 2 duplicate /gene - filI_1 filI_2
[07:20:04] Fixed 2 duplicate /gene - mntR_1 mntR_2
[07:20:04] Fixed 2 duplicate /gene - hdrC_1 hdrC_2
[07:20:04] Fixed 2 duplicate /gene - fgd_1 fgd_2
[07:20:04] Fixed 3 duplicate /gene - tuf_1 tuf_2 tuf_3
[07:20:04] Fixed 2 duplicate /gene - CARKD_1 CARKD_2
[07:20:04] Fixed 4 duplicate /gene - rcsC_1 rcsC_2 rcsC_3 rcsC_4
[07:20:04] Fixed 2 duplicate /gene - albA2_1 albA2_2
[07:20:04] Fixed 4 duplicate /gene - arnB_1 arnB_2 arnB_3 arnB_4
[07:20:04] Fixed 2 duplicate /gene - hutI_1 hutI_2
[07:20:04] Fixed 2 duplicate /gene - grpE_1 grpE_2
[07:20:04] Fixed 2 duplicate /gene - cysH_1 cysH_2
[07:20:04] Fixed 4 duplicate /gene - bepA_1 bepA_2 bepA_3 bepA_4
[07:20:04] Fixed 2 duplicate /gene - uppP_1 uppP_2
[07:20:04] Fixed 2 duplicate /gene - metXA_1 metXA_2
[07:20:04] Fixed 118 colliding /gene names.
[07:20:04] Adding /locus_tag identifiers
[07:20:04] Assigned 2481 locus_tags to CDS and RNA features.
[07:20:04] Writing outputs to ../../Data/Chen_Analysis/Prokka/Archaea/GOMC.bin.1254/
[07:20:04] Generating annotation statistics file
[07:20:04] Generating Genbank and Sequin files
[07:20:04] Running: tbl2asn -V b -a r10k -l paired-ends -M n -N 1 -y 'Annotated using prokka 1.14.6 from https://github.com/tseemann/prokka' -Z \.\.\/\.\.\/Data\/Chen_Analysis\/Prokka\/Archaea\/GOMC\.bin\.1254\/GOMC\.bin\.1254\.err -i \.\.\/\.\.\/Data\/Chen_Analysis\/Prokka\/Archaea\/GOMC\.bin\.1254\/GOMC\.bin\.1254\.fsa 2> /dev/null
[07:20:07] Deleting unwanted file: ../../Data/Chen_Analysis/Prokka/Archaea/GOMC.bin.1254/errorsummary.val
[07:20:07] Deleting unwanted file: ../../Data/Chen_Analysis/Prokka/Archaea/GOMC.bin.1254/GOMC.bin.1254.dr
[07:20:07] Deleting unwanted file: ../../Data/Chen_Analysis/Prokka/Archaea/GOMC.bin.1254/GOMC.bin.1254.fixedproducts
[07:20:07] Deleting unwanted file: ../../Data/Chen_Analysis/Prokka/Archaea/GOMC.bin.1254/GOMC.bin.1254.ecn
[07:20:07] Deleting unwanted file: ../../Data/Chen_Analysis/Prokka/Archaea/GOMC.bin.1254/GOMC.bin.1254.val
[07:20:07] Repairing broken .GBK output that tbl2asn produces...
[07:20:07] Running: sed 's/COORDINATES: profile/COORDINATES:profile/' < \.\.\/\.\.\/Data\/Chen_Analysis\/Prokka\/Archaea\/GOMC\.bin\.1254\/GOMC\.bin\.1254\.gbf > \.\.\/\.\.\/Data\/Chen_Analysis\/Prokka\/Archaea\/GOMC\.bin\.1254\/GOMC\.bin\.1254\.gbk
[07:20:07] Deleting unwanted file: ../../Data/Chen_Analysis/Prokka/Archaea/GOMC.bin.1254/GOMC.bin.1254.gbf
[07:20:07] Output files:
[07:20:07] ../../Data/Chen_Analysis/Prokka/Archaea/GOMC.bin.1254/GOMC.bin.1254.fsa
[07:20:07] ../../Data/Chen_Analysis/Prokka/Archaea/GOMC.bin.1254/GOMC.bin.1254.log
[07:20:07] ../../Data/Chen_Analysis/Prokka/Archaea/GOMC.bin.1254/GOMC.bin.1254.sqn
[07:20:07] ../../Data/Chen_Analysis/Prokka/Archaea/GOMC.bin.1254/GOMC.bin.1254.tsv
[07:20:07] ../../Data/Chen_Analysis/Prokka/Archaea/GOMC.bin.1254/GOMC.bin.1254.err
[07:20:07] ../../Data/Chen_Analysis/Prokka/Archaea/GOMC.bin.1254/GOMC.bin.1254.gbk
[07:20:07] ../../Data/Chen_Analysis/Prokka/Archaea/GOMC.bin.1254/GOMC.bin.1254.tbl
[07:20:07] ../../Data/Chen_Analysis/Prokka/Archaea/GOMC.bin.1254/GOMC.bin.1254.gff
[07:20:07] ../../Data/Chen_Analysis/Prokka/Archaea/GOMC.bin.1254/GOMC.bin.1254.fna
[07:20:07] ../../Data/Chen_Analysis/Prokka/Archaea/GOMC.bin.1254/GOMC.bin.1254.txt
[07:20:07] ../../Data/Chen_Analysis/Prokka/Archaea/GOMC.bin.1254/GOMC.bin.1254.ffn
[07:20:07] ../../Data/Chen_Analysis/Prokka/Archaea/GOMC.bin.1254/GOMC.bin.1254.faa
[07:20:07] Annotation finished successfully.
[07:20:07] Walltime used: 0.43 minutes
[07:20:07] If you use this result please cite the Prokka paper:
[07:20:07] Seemann T (2014) Prokka: rapid prokaryotic genome annotation. Bioinformatics. 30(14):2068-9.
[07:20:07] Type 'prokka --citation' for more details.
[07:20:07] Thank you, come again.
