[09:56:39] This is prokka 1.14.6
[09:56:39] Written by Torsten Seemann <torsten.seemann@gmail.com>
[09:56:39] Homepage is https://github.com/tseemann/prokka
[09:56:39] Local time is Mon Dec  1 09:56:39 2025
[09:56:39] You are joao_facio
[09:56:39] Operating system is linux
[09:56:39] You have BioPerl 1.7.8
[09:56:39] System has 12 cores.
[09:56:39] Will use maximum of 4 cores.
[09:56:39] Annotating as >>> Bacteria <<<
[09:56:39] Generating locus_tag from '/tmp/tmp6gns85ah/GOMC.bin.13728.fa' contents.
[09:56:39] Setting --locustag JECHPPNN from MD5 3ec19977209b5b6d5feb06542ef4047d
[09:56:39] Creating new output folder: ../../Data/Chen_Analysis/Prokka/Bacteria/GOMC.bin.13728
[09:56:39] Running: mkdir -p \.\.\/\.\.\/Data\/Chen_Analysis\/Prokka\/Bacteria\/GOMC\.bin\.13728
[09:56:39] Using filename prefix: GOMC.bin.13728.XXX
[09:56:39] Setting HMMER_NCPU=1
[09:56:39] Writing log to: ../../Data/Chen_Analysis/Prokka/Bacteria/GOMC.bin.13728/GOMC.bin.13728.log
[09:56:39] Command: /home/joao_facio/miniconda3/envs/prokka/bin/prokka --outdir ../../Data/Chen_Analysis/Prokka/Bacteria/GOMC.bin.13728 --prefix GOMC.bin.13728 --kingdom Bacteria --genus SHLN01 --strain GOMC.bin.13728 --cpus 4 --force /tmp/tmp6gns85ah/GOMC.bin.13728.fa
[09:56:39] Appending to PATH: /home/joao_facio/miniconda3/envs/prokka/bin
[09:56:39] Looking for 'aragorn' - found /home/joao_facio/miniconda3/envs/prokka/bin/aragorn
[09:56:39] Determined aragorn version is 001002 from 'ARAGORN v1.2.41 Dean Laslett'
[09:56:39] Looking for 'barrnap' - found /home/joao_facio/miniconda3/envs/prokka/bin/barrnap
[09:56:39] Determined barrnap version is 000009 from 'barrnap 0.9'
[09:56:39] Looking for 'blastp' - found /home/joao_facio/miniconda3/envs/prokka/bin/blastp
[09:56:39] Determined blastp version is 002016 from 'blastp: 2.16.0+'
[09:56:39] Looking for 'cmpress' - found /home/joao_facio/miniconda3/envs/prokka/bin/cmpress
[09:56:39] Determined cmpress version is 001001 from '# INFERNAL 1.1.5 (Sep 2023)'
[09:56:39] Looking for 'cmscan' - found /home/joao_facio/miniconda3/envs/prokka/bin/cmscan
[09:56:39] Determined cmscan version is 001001 from '# INFERNAL 1.1.5 (Sep 2023)'
[09:56:39] Looking for 'egrep' - found /usr/bin/egrep
[09:56:39] Looking for 'find' - found /usr/bin/find
[09:56:39] Looking for 'grep' - found /usr/bin/grep
[09:56:39] Looking for 'hmmpress' - found /home/joao_facio/miniconda3/envs/prokka/bin/hmmpress
[09:56:39] Determined hmmpress version is 003004 from '# HMMER 3.4 (Aug 2023); http://hmmer.org/'
[09:56:39] Looking for 'hmmscan' - found /home/joao_facio/miniconda3/envs/prokka/bin/hmmscan
[09:56:39] Determined hmmscan version is 003004 from '# HMMER 3.4 (Aug 2023); http://hmmer.org/'
[09:56:39] Looking for 'java' - found /home/joao_facio/miniconda3/envs/prokka/bin/java
[09:56:39] Looking for 'makeblastdb' - found /home/joao_facio/miniconda3/envs/prokka/bin/makeblastdb
[09:56:39] Determined makeblastdb version is 002016 from 'makeblastdb: 2.16.0+'
[09:56:39] Looking for 'minced' - found /home/joao_facio/miniconda3/envs/prokka/bin/minced
[09:56:39] Determined minced version is 004002 from 'minced 0.4.2'
[09:56:39] Looking for 'parallel' - found /home/joao_facio/miniconda3/envs/prokka/bin/parallel
[09:56:39] Determined parallel version is 20251122 from 'GNU parallel 20251122'
[09:56:39] Looking for 'prodigal' - found /home/joao_facio/miniconda3/envs/prokka/bin/prodigal
[09:56:39] Determined prodigal version is 002006 from 'Prodigal V2.6.3: February, 2016'
[09:56:39] Looking for 'prokka-genbank_to_fasta_db' - found /home/joao_facio/miniconda3/envs/prokka/bin/prokka-genbank_to_fasta_db
[09:56:39] Looking for 'sed' - found /usr/bin/sed
[09:56:39] Looking for 'tbl2asn' - found /home/joao_facio/miniconda3/envs/prokka/bin/tbl2asn
[09:56:39] Determined tbl2asn version is 025007 from 'tbl2asn 25.7   arguments:'
[09:56:39] Using genetic code table 11.
[09:56:39] Loading and checking input file: /tmp/tmp6gns85ah/GOMC.bin.13728.fa
[09:56:39] Wrote 276 contigs totalling 2651572 bp.
[09:56:39] Predicting tRNAs and tmRNAs
[09:56:39] Running: aragorn -l -gc11  -w \.\.\/\.\.\/Data\/Chen_Analysis\/Prokka\/Bacteria\/GOMC\.bin\.13728\/GOMC\.bin\.13728\.fna
[09:56:40] 1 tRNA-Thr [4812,4886] 33 (tgt)
[09:56:40] 1 tRNA-Leu [51797,51882] 34 (caa)
[09:56:40] 1 tRNA-Arg [83,158] 35 (tct)
[09:56:40] 1 tRNA-Ala [5108,5182] 35 (cgc)
[09:56:40] 1 tRNA-Trp [1,76] 35 (cca)
[09:56:40] 1 tRNA-Tyr c[2014,2096] 35 (gta)
[09:56:40] 1 tmRNA [22416,22767] 95,124 AEDNFALAA*
[09:56:40] 2 tRNA-Leu c[42415,42500] 35 (tag)
[09:56:40] 3 tRNA-Lys c[42590,42664] 35 (ctt)
[09:56:40] 4 tRNA-Pro c[54911,54985] 35 (tgg)
[09:56:40] 1 tRNA-Thr [93,166] 34 (tgt)
[09:56:40] 2 tRNA-Tyr [242,325] 35 (gta)
[09:56:40] 3 tRNA-Gly [331,404] 34 (tcc)
[09:56:40] 4 tRNA-Thr [470,542] 33 (ggt)
[09:56:40] 5 tRNA-Met [543,618] 36 (cat)
[09:56:40] 1 tRNA-Glu [5922,5995] 35 (ttc)
[09:56:40] 2 tRNA-Asp [5999,6076] 36 (gtc)
[09:56:40] 3 tRNA-Phe [6185,6260] 34 (gaa)
[09:56:40] tRNA [8237,8313] is a pseudo/wacky gene - skipping.
[09:56:40] 1 tRNA-Lys [12956,13029] 34 (ttt)
[09:56:40] 1 tRNA-Gln [23181,23253] 34 (ctg)
[09:56:40] 2 tRNA-Glu [23277,23350] 35 (ctc)
[09:56:40] 1 tRNA-Gly c[7176,7247] 33 (ccc)
[09:56:40] 1 tRNA-Arg [35198,35267] 30 (acg)
[09:56:40] 1 tRNA-Val c[-3,69] 33 (cac)
[09:56:40] 1 tRNA-Gly [21973,22047] 34 (gcc)
[09:56:40] 2 tRNA-Cys [22081,22154] 33 (gca)
[09:56:40] 3 tRNA-Val [22175,22249] 33 (gac)
[09:56:40] 1 tRNA-Asn [52396,52469] 34 (gtt)
[09:56:40] 1 tRNA-Lys [7050,7129] 40 (ttt)
[09:56:40] 1 tRNA-Ala c[3247,3323] 35 (ggc)
[09:56:40] 1 tRNA-Arg [663,735] 34 (ccg)
[09:56:40] 1 tRNA-Pro c[14438,14513] 35 (cgg)
[09:56:40] 1 tRNA-Gly [5,76] 33 (tcc)
[09:56:40] 2 tRNA-Arg [91,165] 34 (tct)
[09:56:40] 3 tRNA-His [182,258] 35 (gtg)
[09:56:40] 1 tRNA-Ser c[18860,18940] 35 (gga)
[09:56:40] 1 tRNA-Leu [3104,3189] 36 (cag)
[09:56:40] 1 tRNA-Ser c[21149,21230] 31 (gga)
[09:56:40] 1 tRNA-Pro c[2516,2590] 35 (ggg)
[09:56:40] 1 tRNA-Ala c[1,75] 35 (tgc)
[09:56:40] 1 tRNA-SeC c[5178,5270] 36 (tca)
[09:56:40] Found 41 tRNAs
[09:56:40] Predicting Ribosomal RNAs
[09:56:40] Running Barrnap with 4 threads
[09:56:41] Found 0 rRNAs
[09:56:41] Skipping ncRNA search, enable with --rfam if desired.
[09:56:41] Total of 40 tRNA + rRNA features
[09:56:41] Searching for CRISPR repeats
[09:56:41] Found 0 CRISPRs
[09:56:41] Predicting coding sequences
[09:56:41] Contigs total 2651572 bp, so using single mode
[09:56:41] Running: prodigal -i \.\.\/\.\.\/Data\/Chen_Analysis\/Prokka\/Bacteria\/GOMC\.bin\.13728\/GOMC\.bin\.13728\.fna -c -m -g 11 -p single -f sco -q
[09:56:43] Excluding CDS which overlaps existing RNA (tRNA) at k63_2880752:54899..55573 on + strand
[09:56:43] Excluding CDS which overlaps existing RNA (tRNA) at k63_5504074:18859..19314 on - strand
[09:56:43] Excluding CDS which overlaps existing RNA (tRNA) at k63_228180:3148..4188 on + strand
[09:56:43] Excluding CDS which overlaps existing RNA (tRNA) at k63_5923287:21219..21611 on - strand
[09:56:43] Found 2682 CDS
[09:56:43] Connecting features back to sequences
[09:56:43] Not using genus-specific database. Try --usegenus to enable it.
[09:56:43] Annotating CDS, please be patient.
[09:56:43] Will use 4 CPUs for similarity searching.
[09:56:44] There are still 2682 unannotated CDS left (started with 2682)
[09:56:44] Will use blast to search against /home/joao_facio/miniconda3/envs/prokka/db/kingdom/Bacteria/IS with 4 CPUs
[09:56:44] Running: cat \.\.\/\.\.\/Data\/Chen_Analysis\/Prokka\/Bacteria\/GOMC\.bin\.13728\/GOMC\.bin\.13728\.IS\.tmp\.3426924\.faa | parallel --gnu --plain -j 4 --block 100233 --recstart '>' --pipe blastp -query - -db /home/joao_facio/miniconda3/envs/prokka/db/kingdom/Bacteria/IS -evalue 1e-30 -qcov_hsp_perc 90 -num_threads 1 -num_descriptions 1 -num_alignments 1 -seg no > \.\.\/\.\.\/Data\/Chen_Analysis\/Prokka\/Bacteria\/GOMC\.bin\.13728\/GOMC\.bin\.13728\.IS\.tmp\.3426924\.blast 2> /dev/null
[09:56:52] Deleting unwanted file: ../../Data/Chen_Analysis/Prokka/Bacteria/GOMC.bin.13728/GOMC.bin.13728.IS.tmp.3426924.faa
[09:56:52] Deleting unwanted file: ../../Data/Chen_Analysis/Prokka/Bacteria/GOMC.bin.13728/GOMC.bin.13728.IS.tmp.3426924.blast
[09:56:52] There are still 2680 unannotated CDS left (started with 2682)
[09:56:52] Will use blast to search against /home/joao_facio/miniconda3/envs/prokka/db/kingdom/Bacteria/AMR with 4 CPUs
[09:56:52] Running: cat \.\.\/\.\.\/Data\/Chen_Analysis\/Prokka\/Bacteria\/GOMC\.bin\.13728\/GOMC\.bin\.13728\.AMR\.tmp\.3426924\.faa | parallel --gnu --plain -j 4 --block 100149 --recstart '>' --pipe blastp -query - -db /home/joao_facio/miniconda3/envs/prokka/db/kingdom/Bacteria/AMR -evalue 1e-300 -qcov_hsp_perc 90 -num_threads 1 -num_descriptions 1 -num_alignments 1 -seg no > \.\.\/\.\.\/Data\/Chen_Analysis\/Prokka\/Bacteria\/GOMC\.bin\.13728\/GOMC\.bin\.13728\.AMR\.tmp\.3426924\.blast 2> /dev/null
[09:57:00] Deleting unwanted file: ../../Data/Chen_Analysis/Prokka/Bacteria/GOMC.bin.13728/GOMC.bin.13728.AMR.tmp.3426924.faa
[09:57:00] Deleting unwanted file: ../../Data/Chen_Analysis/Prokka/Bacteria/GOMC.bin.13728/GOMC.bin.13728.AMR.tmp.3426924.blast
[09:57:00] There are still 2680 unannotated CDS left (started with 2682)
[09:57:00] Will use blast to search against /home/joao_facio/miniconda3/envs/prokka/db/kingdom/Bacteria/sprot with 4 CPUs
[09:57:00] Running: cat \.\.\/\.\.\/Data\/Chen_Analysis\/Prokka\/Bacteria\/GOMC\.bin\.13728\/GOMC\.bin\.13728\.sprot\.tmp\.3426924\.faa | parallel --gnu --plain -j 4 --block 100149 --recstart '>' --pipe blastp -query - -db /home/joao_facio/miniconda3/envs/prokka/db/kingdom/Bacteria/sprot -evalue 1e-09 -qcov_hsp_perc 80 -num_threads 1 -num_descriptions 1 -num_alignments 1 -seg no > \.\.\/\.\.\/Data\/Chen_Analysis\/Prokka\/Bacteria\/GOMC\.bin\.13728\/GOMC\.bin\.13728\.sprot\.tmp\.3426924\.blast 2> /dev/null
[09:57:38] Modify product: UPF0053 protein Rv2366c => hypothetical protein
[09:57:38] Modify product: Uncharacterized MFS-type transporter YfcJ => putative MFS-type transporter YfcJ
[09:57:38] Modify product: Putative formate dehydrogenase SA2102 => Putative formate dehydrogenase
[09:57:38] Modify product: Probable D,D-dipeptide transport system permease protein DdpC => putative D,D-dipeptide transport system permease protein DdpC
[09:57:38] Modify product: Uncharacterized protein Rv1290c => putative protein
[09:57:38] Modify product: Nucleotide-binding protein Rv1421 => Nucleotide-binding protein
[09:57:38] Modify product: UPF0098 protein YbhB => hypothetical protein
[09:57:38] Modify product: Putative universal stress protein SA1532 => Putative universal stress protein
[09:57:38] Modify product: Uncharacterized protein YyaP => putative protein YyaP
[09:57:38] Modify product: UPF0301 protein Rv0038 => hypothetical protein
[09:57:38] Modify product: Probable chromosome-partitioning protein ParB => putative chromosome-partitioning protein ParB
[09:57:38] Modify product: Probable dual-specificity RNA methyltransferase RlmN => putative dual-specificity RNA methyltransferase RlmN
[09:57:38] Modify product: Uncharacterized DapA-like lyase => putative DapA-like lyase
[09:57:38] Modify product: Uncharacterized protein Rv0499 => putative protein
[09:57:38] Modify product: Nucleoid-associated protein Cthe_2143 => Nucleoid-associated protein
[09:57:38] Modify product: Probable low molecular weight protein-tyrosine-phosphatase AmsI => putative low molecular weight protein-tyrosine-phosphatase AmsI
[09:57:38] Modify product: Putative short-chain type dehydrogenase/reductase Rv0148 => Putative short-chain type dehydrogenase/reductase
[09:57:38] Modify product: Uncharacterized HTH-type transcriptional regulator Rv1830 => putative HTH-type transcriptional regulator
[09:57:38] Modify product: Uncharacterized protein Rv2915c => putative protein
[09:57:38] Modify product: Protease HtpX homolog => Protease HtpX 
[09:57:38] Modify product: Uncharacterized ABC transporter ATP-binding protein YbiT => putative ABC transporter ATP-binding protein YbiT
[09:57:38] Modify product: Uncharacterized protein YycE => putative protein YycE
[09:57:38] Modify product: Uncharacterized protein Rv1339 => putative protein
[09:57:38] Modify product: Uncharacterized NTE family protein Rv2565 => putative NTE family protein
[09:57:38] Modify product: Uncharacterized protein Rv1276c => putative protein
[09:57:38] Modify product: Cyclic nucleotide-gated potassium channel mll3241 => Cyclic nucleotide-gated potassium channel
[09:57:38] Modify product: Probable glycerol-3-phosphate dehydrogenase 2 [NAD(P)+] => putative glycerol-3-phosphate dehydrogenase 2 [NAD(P)+]
[09:57:38] Modify product: Probable D-amino-acid oxidase => putative D-amino-acid oxidase
[09:57:38] Modify product: Putative peroxiredoxin Rv2521 => Putative peroxiredoxin
[09:57:38] Modify product: Uncharacterized protein YlbL => putative protein YlbL
[09:57:38] Modify product: UPF0182 protein MSMEG_1959/MSMEI_1915 => hypothetical protein
[09:57:38] Modify product: Uncharacterized oxidoreductase Rv1144 => putative oxidoreductase
[09:57:38] Modify product: Probable bifunctional SAT/APS kinase => putative bifunctional SAT/APS kinase
[09:57:38] Modify product: Protein Mb2227c => Protein
[09:57:38] Modify product: Multidrug efflux system ATP-binding protein Rv1218c => Multidrug efflux system ATP-binding protein
[09:57:38] Modify product: Multidrug efflux ATP-binding/permease protein BCG_0231 => Multidrug efflux ATP-binding/permease protein
[09:57:38] Modify product: Multidrug efflux ATP-binding/permease protein Rv0194 => Multidrug efflux ATP-binding/permease protein
[09:57:38] Modify product: Putative transport protein Rv0205 => Putative transport protein
[09:57:38] Modify product: Putative coenzyme F420-dependent oxidoreductase Rv3520c => Putative coenzyme F420-dependent oxidoreductase
[09:57:38] Modify product: Probable peptidoglycan glycosyltransferase FtsW => putative peptidoglycan glycosyltransferase FtsW
[09:57:38] Modify product: Probable chaperone CsaA => putative chaperone CsaA
[09:57:38] Modify product: Uncharacterized ABC transporter ATP-binding protein YknY => putative ABC transporter ATP-binding protein YknY
[09:57:38] Modify product: Putative bifunctional exonuclease/endonuclease protein Rv2191 => Putative bifunctional exonuclease/endonuclease protein
[09:57:38] Modify product: Universal stress protein MSMEG_4207 => Universal stress protein
[09:57:38] Modify product: Probable acetyl-CoA acetyltransferase => putative acetyl-CoA acetyltransferase
[09:57:38] Modify product: Probable phosphite transport system-binding protein PtxB => putative phosphite transport system-binding protein PtxB
[09:57:38] Modify product: Probable enoyl-CoA hydratase echA8 => putative enoyl-CoA hydratase echA8
[09:57:38] Modify product: Probable GTPase Rv1496 => putative GTPase
[09:57:38] Modify product: Uncharacterized protein Rv2926c => putative protein
[09:57:38] Modify product: UPF0502 protein YceH => hypothetical protein
[09:57:38] Modify product: Uncharacterized protein SA1069 => putative protein
[09:57:38] Modify product: Epimerase family protein Rv2216 => Epimerase family protein
[09:57:38] Modify product: UPF0053 protein HI_0107 => hypothetical protein
[09:57:39] Modify product: Uncharacterized oxidoreductase MSMEG_1603/MSMEI_1564 => putative oxidoreductase/MSMEI_1564
[09:57:39] Modify product: Uncharacterized ABC transporter ATP-binding protein Rv0986 => putative ABC transporter ATP-binding protein
[09:57:39] Modify product: Uncharacterized zinc protease Rv2782c => putative zinc protease
[09:57:39] Modify product: Probable cystine transporter YijE => putative cystine transporter YijE
[09:57:39] Modify product: Uncharacterized protein Rv2901c => putative protein
[09:57:39] Modify product: Probable triacylglyceride transporter Rv1410c => putative triacylglyceride transporter
[09:57:39] Modify product: Putative glutamine amidotransferase Rv2859c => Putative glutamine amidotransferase
[09:57:39] Modify product: Putative cystathionine beta-synthase Rv1077 => Putative cystathionine beta-synthase
[09:57:39] Modify product: Probable sulfate transporter Rv1739c => putative sulfate transporter
[09:57:39] Modify product: UPF0047 protein Rv2556c => hypothetical protein
[09:57:39] Modify product: Probable enoyl-CoA hydratase 1 => putative enoyl-CoA hydratase 1
[09:57:39] Modify product: GTP cyclohydrolase 1 type 2 homolog => GTP cyclohydrolase 1 type 2 
[09:57:39] Modify product: Probable fatty acid methyltransferase Rv3720 => putative fatty acid methyltransferase
[09:57:39] Modify product: Uncharacterized protein Rv2307c => putative protein
[09:57:39] Modify product: Uncharacterized aminopeptidase Rv1333 => putative aminopeptidase
[09:57:39] Modify product: UPF0053 protein Rv2366c => hypothetical protein
[09:57:39] Modify product: Uncharacterized HTH-type transcriptional regulator Rv0081 => putative HTH-type transcriptional regulator
[09:57:39] Modify product: Probable sulfate transporter Rv1739c => putative sulfate transporter
[09:57:39] Modify product: Uncharacterized protein YisK => putative protein YisK
[09:57:39] Modify product: Purine-binding protein BAB2_0673 => Purine-binding protein
[09:57:39] Modify product: Probable xanthine dehydrogenase subunit D => putative xanthine dehydrogenase subunit D
[09:57:39] Modify product: Purine-binding protein BAB2_0673 => Purine-binding protein
[09:57:39] Modify product: UPF0145 protein BCE33L0904 => hypothetical protein
[09:57:39] Modify product: Uncharacterized protein Rv2030c => putative protein
[09:57:39] Modify product: NAD(P)H-dependent FMN reductase PA1204 => NAD(P)H-dependent FMN reductase
[09:57:39] Modify product: Probable iron export permease protein FetB => putative iron export permease protein FetB
[09:57:39] Modify product: Putative diacyglycerol O-acyltransferase Rv1760 => Putative diacyglycerol O-acyltransferase
[09:57:39] Modify product: Butyryl-CoA dehydrogenase Swol_1933 => Butyryl-CoA dehydrogenase
[09:57:39] Modify product: Uncharacterized HTH-type transcriptional regulator Rv1828 => putative HTH-type transcriptional regulator
[09:57:39] Modify product: Uncharacterized protein YisK => putative protein YisK
[09:57:39] Modify product: Uncharacterized HTH-type transcriptional regulator Rv1830 => putative HTH-type transcriptional regulator
[09:57:39] Modify product: Probable endonuclease 4 => putative endonuclease 4
[09:57:39] Modify product: Bifunctional protein FolD => Bifunctional protein FolD protein
[09:57:39] Modify product: Probable helicase HelY => putative helicase HelY
[09:57:39] Modify product: Probable succinyl-diaminopimelate desuccinylase => putative succinyl-diaminopimelate desuccinylase
[09:57:39] Modify product: UPF0678 fatty acid-binding protein-like protein Rv2717c => hypothetical protein
[09:57:39] Modify product: Probable xanthine dehydrogenase subunit A => putative xanthine dehydrogenase subunit A
[09:57:39] Modify product: Putative monooxygenase Rv0793 => Putative monooxygenase
[09:57:39] Modify product: Uncharacterized ABC transporter ATP-binding protein YlmA => putative ABC transporter ATP-binding protein YlmA
[09:57:39] Modify product: UPF0073 inner membrane protein YqfA => hypothetical protein
[09:57:39] Modify product: UPF0234 protein Rv0566c => hypothetical protein
[09:57:39] Modify product: Carbon dioxide-concentrating mechanism protein CcmK homolog 2 => Carbon dioxide-concentrating mechanism protein CcmK 
[09:57:39] Modify product: Uncharacterized protein Rv0034 => putative protein
[09:57:39] Modify product: Probable transcriptional regulatory protein MSMEG_2940/MSMEI_2866 => putative transcriptional regulatory protein/MSMEI_2866
[09:57:39] Modify product: Uncharacterized protein Rv0036c => putative protein
[09:57:39] Modify product: Probable sulfate transporter Rv1739c => putative sulfate transporter
[09:57:39] Modify product: Putative multidrug export ATP-binding/permease protein SAV1866 => Putative multidrug export ATP-binding/permease protein
[09:57:39] Modify product: Uncharacterized inner membrane transporter YedA => putative inner membrane transporter YedA
[09:57:39] Modify product: UPF0051 protein SA0778 => hypothetical protein
[09:57:39] Modify product: Uncharacterized AAA domain-containing protein Rv2559c => putative AAA domain-containing protein
[09:57:39] Modify product: Probable cytosol aminopeptidase => putative cytosol aminopeptidase
[09:57:39] Modify product: Putative conjugal transfer protein Rv3659c => Putative conjugal transfer protein
[09:57:39] Modify product: Probable phosphatase Rv3661 => putative phosphatase
[09:57:39] Modify product: Uncharacterized protein Rv1405c => putative protein
[09:57:39] Cleaned 107 /product names
[09:57:39] Deleting unwanted file: ../../Data/Chen_Analysis/Prokka/Bacteria/GOMC.bin.13728/GOMC.bin.13728.sprot.tmp.3426924.faa
[09:57:39] Deleting unwanted file: ../../Data/Chen_Analysis/Prokka/Bacteria/GOMC.bin.13728/GOMC.bin.13728.sprot.tmp.3426924.blast
[09:57:39] There are still 1588 unannotated CDS left (started with 2682)
[09:57:39] Will use hmmer3 to search against /home/joao_facio/miniconda3/envs/prokka/db/hmm/HAMAP.hmm with 4 CPUs
[09:57:39] Running: cat \.\.\/\.\.\/Data\/Chen_Analysis\/Prokka\/Bacteria\/GOMC\.bin\.13728\/GOMC\.bin\.13728\.HAMAP\.hmm\.tmp\.3426924\.faa | parallel --gnu --plain -j 4 --block 53461 --recstart '>' --pipe hmmscan --noali --notextw --acc -E 1e-09 --cpu 1 /home/joao_facio/miniconda3/envs/prokka/db/hmm/HAMAP.hmm /dev/stdin > \.\.\/\.\.\/Data\/Chen_Analysis\/Prokka\/Bacteria\/GOMC\.bin\.13728\/GOMC\.bin\.13728\.HAMAP\.hmm\.tmp\.3426924\.hmmer3 2> /dev/null
[09:57:50] Modify product: Uncharacterized Nudix hydrolase NudL => putative Nudix hydrolase NudL
[09:57:50] Cleaned 1 /product names
[09:57:50] Deleting unwanted file: ../../Data/Chen_Analysis/Prokka/Bacteria/GOMC.bin.13728/GOMC.bin.13728.HAMAP.hmm.tmp.3426924.faa
[09:57:50] Deleting unwanted file: ../../Data/Chen_Analysis/Prokka/Bacteria/GOMC.bin.13728/GOMC.bin.13728.HAMAP.hmm.tmp.3426924.hmmer3
[09:57:50] Labelling remaining 1358 proteins as 'hypothetical protein'
[09:57:50] Possible /pseudo 'ATP-dependent DNA helicase Rep' at k63_5299938 position 2901
[09:57:50] Possible /pseudo 'Multidrug efflux ATP-binding/permease protein' at k63_6805 position 24186
[09:57:50] Possible /pseudo 'Pyrophosphate--fructose 6-phosphate 1-phosphotransferase' at k63_4085226 position 27047
[09:57:50] Possible /pseudo 'N-carbamoyl-D-amino acid hydrolase' at k63_1642557 position 10384
[09:57:50] Possible /pseudo 'Coenzyme A biosynthesis bifunctional protein CoaBC' at k63_4086504 position 11291
[09:57:50] Possible /pseudo 'Sensor histidine kinase RcsC' at k63_1237118 position 2584
[09:57:50] Possible /pseudo 'Glyceraldehyde-3-phosphate dehydrogenase' at k63_5717230 position 1211
[09:57:50] Possible /pseudo '2-keto-4-carboxy-3-hexenedioate hydratase' at k63_2870279 position 931
[09:57:50] Possible /pseudo 'Carbon dioxide concentrating mechanism protein CcmL' at k63_2489961 position 7336
[09:57:50] Possible /pseudo '3-oxoacyl-[acyl-carrier-protein] reductase FabG' at k63_3385380 position 26487
[09:57:50] Possible /pseudo 'Trk system potassium uptake protein TrkA' at k63_2573902 position 34992
[09:57:50] Possible /pseudo 'scyllo-inositol 2-dehydrogenase (NAD(+))' at k63_152930 position 19421
[09:57:50] Possible /pseudo 'Glutamine synthetase' at k63_615775 position 2554
[09:57:50] Possible /pseudo 'L-cystine transport system permease protein YecS' at k63_3254541 position 7751
[09:57:50] Found 986 unique /gene codes.
[09:57:50] Fixed 2 duplicate /gene - sufC_1 sufC_2
[09:57:50] Fixed 2 duplicate /gene - dnaJ_1 dnaJ_2
[09:57:50] Fixed 2 duplicate /gene - petB_1 petB_2
[09:57:50] Fixed 2 duplicate /gene - davD_1 davD_2
[09:57:50] Fixed 3 duplicate /gene - tadA_1 tadA_2 tadA_3
[09:57:50] Fixed 2 duplicate /gene - nuoJ_1 nuoJ_2
[09:57:50] Fixed 2 duplicate /gene - fadJ_1 fadJ_2
[09:57:50] Fixed 2 duplicate /gene - preA_1 preA_2
[09:57:50] Fixed 2 duplicate /gene - ldh_1 ldh_2
[09:57:50] Fixed 2 duplicate /gene - atpH_1 atpH_2
[09:57:50] Fixed 2 duplicate /gene - trpF_1 trpF_2
[09:57:50] Fixed 2 duplicate /gene - ligD_1 ligD_2
[09:57:50] Fixed 2 duplicate /gene - fdhF_1 fdhF_2
[09:57:50] Fixed 4 duplicate /gene - fabG_1 fabG_2 fabG_3 fabG_4
[09:57:50] Fixed 6 duplicate /gene - sasA_1 sasA_2 sasA_3 sasA_4 sasA_5 sasA_6
[09:57:50] Fixed 3 duplicate /gene - rbsA_1 rbsA_2 rbsA_3
[09:57:50] Fixed 3 duplicate /gene - nfdA_1 nfdA_2 nfdA_3
[09:57:50] Fixed 2 duplicate /gene - nfuA_1 nfuA_2
[09:57:50] Fixed 2 duplicate /gene - alaS_1 alaS_2
[09:57:50] Fixed 2 duplicate /gene - eis_1 eis_2
[09:57:50] Fixed 2 duplicate /gene - artM_1 artM_2
[09:57:50] Fixed 2 duplicate /gene - ndhJ_1 ndhJ_2
[09:57:50] Fixed 2 duplicate /gene - argD_1 argD_2
[09:57:50] Fixed 2 duplicate /gene - ddn_1 ddn_2
[09:57:50] Fixed 2 duplicate /gene - btuF_1 btuF_2
[09:57:50] Fixed 2 duplicate /gene - hpt_1 hpt_2
[09:57:50] Fixed 2 duplicate /gene - garR_1 garR_2
[09:57:50] Fixed 4 duplicate /gene - ligJ_1 ligJ_2 ligJ_3 ligJ_4
[09:57:50] Fixed 2 duplicate /gene - rep_1 rep_2
[09:57:50] Fixed 4 duplicate /gene - livF_1 livF_2 livF_3 livF_4
[09:57:50] Fixed 3 duplicate /gene - trkA_1 trkA_2 trkA_3
[09:57:50] Fixed 2 duplicate /gene - hcrA_1 hcrA_2
[09:57:50] Fixed 2 duplicate /gene - potA_1 potA_2
[09:57:50] Fixed 2 duplicate /gene - dinB1_1 dinB1_2
[09:57:50] Fixed 2 duplicate /gene - whiB_1 whiB_2
[09:57:50] Fixed 2 duplicate /gene - priA_1 priA_2
[09:57:50] Fixed 2 duplicate /gene - puuB_1 puuB_2
[09:57:50] Fixed 3 duplicate /gene - dapE_1 dapE_2 dapE_3
[09:57:50] Fixed 2 duplicate /gene - nuoK_1 nuoK_2
[09:57:50] Fixed 2 duplicate /gene - pgsA_1 pgsA_2
[09:57:50] Fixed 3 duplicate /gene - menB_1 menB_2 menB_3
[09:57:50] Fixed 2 duplicate /gene - suhB_1 suhB_2
[09:57:50] Fixed 2 duplicate /gene - nqo4_1 nqo4_2
[09:57:50] Fixed 2 duplicate /gene - purD_1 purD_2
[09:57:50] Fixed 2 duplicate /gene - ppdK_1 ppdK_2
[09:57:50] Fixed 3 duplicate /gene - sigA_1 sigA_2 sigA_3
[09:57:50] Fixed 2 duplicate /gene - rfbD_1 rfbD_2
[09:57:50] Fixed 2 duplicate /gene - hcaC_1 hcaC_2
[09:57:50] Fixed 2 duplicate /gene - cocE_1 cocE_2
[09:57:50] Fixed 2 duplicate /gene - nuoL_1 nuoL_2
[09:57:50] Fixed 3 duplicate /gene - afr_1 afr_2 afr_3
[09:57:50] Fixed 2 duplicate /gene - mutM_1 mutM_2
[09:57:50] Fixed 2 duplicate /gene - ahcY_1 ahcY_2
[09:57:50] Fixed 2 duplicate /gene - hyuA_1 hyuA_2
[09:57:50] Fixed 2 duplicate /gene - pfp_1 pfp_2
[09:57:50] Fixed 4 duplicate /gene - livH_1 livH_2 livH_3 livH_4
[09:57:50] Fixed 2 duplicate /gene - crt_1 crt_2
[09:57:50] Fixed 2 duplicate /gene - mmgC_1 mmgC_2
[09:57:50] Fixed 3 duplicate /gene - IMPDH_1 IMPDH_2 IMPDH_3
[09:57:50] Fixed 2 duplicate /gene - nhaP2_1 nhaP2_2
[09:57:50] Fixed 3 duplicate /gene - glpE_1 glpE_2 glpE_3
[09:57:50] Fixed 2 duplicate /gene - ndhS_1 ndhS_2
[09:57:50] Fixed 3 duplicate /gene - cutL_1 cutL_2 cutL_3
[09:57:50] Fixed 3 duplicate /gene - uctC_1 uctC_2 uctC_3
[09:57:50] Fixed 3 duplicate /gene - leuA_1 leuA_2 leuA_3
[09:57:50] Fixed 2 duplicate /gene - nreC_1 nreC_2
[09:57:50] Fixed 2 duplicate /gene - yisK_1 yisK_2
[09:57:50] Fixed 4 duplicate /gene - lptB_1 lptB_2 lptB_3 lptB_4
[09:57:50] Fixed 4 duplicate /gene - resA_1 resA_2 resA_3 resA_4
[09:57:50] Fixed 2 duplicate /gene - murG_1 murG_2
[09:57:50] Fixed 3 duplicate /gene - dksA_1 dksA_2 dksA_3
[09:57:50] Fixed 2 duplicate /gene - nuoB_1 nuoB_2
[09:57:50] Fixed 2 duplicate /gene - metB_1 metB_2
[09:57:50] Fixed 2 duplicate /gene - mrdA_1 mrdA_2
[09:57:50] Fixed 2 duplicate /gene - mntB_1 mntB_2
[09:57:50] Fixed 2 duplicate /gene - caiD_1 caiD_2
[09:57:50] Fixed 2 duplicate /gene - acsA_1 acsA_2
[09:57:50] Fixed 2 duplicate /gene - kdhA_1 kdhA_2
[09:57:50] Fixed 2 duplicate /gene - walR_1 walR_2
[09:57:50] Fixed 3 duplicate /gene - gloB_1 gloB_2 gloB_3
[09:57:50] Fixed 3 duplicate /gene - ccmL_1 ccmL_2 ccmL_3
[09:57:50] Fixed 2 duplicate /gene - tam_1 tam_2
[09:57:50] Fixed 2 duplicate /gene - menF_1 menF_2
[09:57:50] Fixed 2 duplicate /gene - fusA_1 fusA_2
[09:57:50] Fixed 2 duplicate /gene - yecS_1 yecS_2
[09:57:50] Fixed 5 duplicate /gene - COQ5_1 COQ5_2 COQ5_3 COQ5_4 COQ5_5
[09:57:50] Fixed 2 duplicate /gene - cya_1 cya_2
[09:57:50] Fixed 2 duplicate /gene - iolX_1 iolX_2
[09:57:50] Fixed 2 duplicate /gene - cymR_1 cymR_2
[09:57:50] Fixed 2 duplicate /gene - moaA_1 moaA_2
[09:57:50] Fixed 2 duplicate /gene - sufS_1 sufS_2
[09:57:50] Fixed 2 duplicate /gene - lpd_1 lpd_2
[09:57:50] Fixed 7 duplicate /gene - btuD_1 btuD_2 btuD_3 btuD_4 btuD_5 btuD_6 btuD_7
[09:57:50] Fixed 2 duplicate /gene - rutA_1 rutA_2
[09:57:50] Fixed 9 duplicate /gene - fgd_1 fgd_2 fgd_3 fgd_4 fgd_5 fgd_6 fgd_7 fgd_8 fgd_9
[09:57:50] Fixed 2 duplicate /gene - argF_1 argF_2
[09:57:50] Fixed 2 duplicate /gene - dhaA_1 dhaA_2
[09:57:50] Fixed 2 duplicate /gene - lgt_1 lgt_2
[09:57:50] Fixed 2 duplicate /gene - davT_1 davT_2
[09:57:50] Fixed 2 duplicate /gene - cugP_1 cugP_2
[09:57:50] Fixed 2 duplicate /gene - icd_1 icd_2
[09:57:50] Fixed 2 duplicate /gene - petC_1 petC_2
[09:57:50] Fixed 2 duplicate /gene - Hgd_1 Hgd_2
[09:57:50] Fixed 2 duplicate /gene - bamB_1 bamB_2
[09:57:50] Fixed 2 duplicate /gene - trxA_1 trxA_2
[09:57:50] Fixed 3 duplicate /gene - bcrA_1 bcrA_2 bcrA_3
[09:57:50] Fixed 9 duplicate /gene - rcsC_1 rcsC_2 rcsC_3 rcsC_4 rcsC_5 rcsC_6 rcsC_7 rcsC_8 rcsC_9
[09:57:50] Fixed 2 duplicate /gene - gap_1 gap_2
[09:57:50] Fixed 2 duplicate /gene - tpl_1 tpl_2
[09:57:50] Fixed 2 duplicate /gene - mtgA_1 mtgA_2
[09:57:50] Fixed 2 duplicate /gene - dsrE2_1 dsrE2_2
[09:57:50] Fixed 2 duplicate /gene - trpB_1 trpB_2
[09:57:50] Fixed 2 duplicate /gene - gdh_1 gdh_2
[09:57:50] Fixed 2 duplicate /gene - coaBC_1 coaBC_2
[09:57:50] Fixed 2 duplicate /gene - mcm_1 mcm_2
[09:57:50] Fixed 3 duplicate /gene - menH_1 menH_2 menH_3
[09:57:50] Fixed 3 duplicate /gene - dapA_1 dapA_2 dapA_3
[09:57:50] Fixed 3 duplicate /gene - tatA_1 tatA_2 tatA_3
[09:57:50] Fixed 4 duplicate /gene - sigE_1 sigE_2 sigE_3 sigE_4
[09:57:50] Fixed 2 duplicate /gene - mprA_1 mprA_2
[09:57:50] Fixed 2 duplicate /gene - gph_1 gph_2
[09:57:50] Fixed 2 duplicate /gene - hcaB_1 hcaB_2
[09:57:50] Fixed 2 duplicate /gene - ndhC_1 ndhC_2
[09:57:50] Fixed 3 duplicate /gene - rbn_1 rbn_2 rbn_3
[09:57:50] Fixed 2 duplicate /gene - obg_1 obg_2
[09:57:50] Fixed 2 duplicate /gene - soxA_1 soxA_2
[09:57:50] Fixed 3 duplicate /gene - ftsH_1 ftsH_2 ftsH_3
[09:57:50] Fixed 4 duplicate /gene - tdh_1 tdh_2 tdh_3 tdh_4
[09:57:50] Fixed 2 duplicate /gene - pyrB_1 pyrB_2
[09:57:50] Fixed 2 duplicate /gene - fbiB_1 fbiB_2
[09:57:50] Fixed 3 duplicate /gene - entS_1 entS_2 entS_3
[09:57:50] Fixed 2 duplicate /gene - acoB_1 acoB_2
[09:57:50] Fixed 2 duplicate /gene - degU_1 degU_2
[09:57:50] Fixed 3 duplicate /gene - iolG_1 iolG_2 iolG_3
[09:57:50] Fixed 2 duplicate /gene - rihA_1 rihA_2
[09:57:50] Fixed 2 duplicate /gene - trkH_1 trkH_2
[09:57:50] Fixed 2 duplicate /gene - slcC_1 slcC_2
[09:57:50] Fixed 3 duplicate /gene - mshD_1 mshD_2 mshD_3
[09:57:50] Fixed 138 colliding /gene names.
[09:57:50] Adding /locus_tag identifiers
[09:57:50] Assigned 2723 locus_tags to CDS and RNA features.
[09:57:50] Writing outputs to ../../Data/Chen_Analysis/Prokka/Bacteria/GOMC.bin.13728/
[09:57:51] Generating annotation statistics file
[09:57:51] Generating Genbank and Sequin files
[09:57:51] Running: tbl2asn -V b -a r10k -l paired-ends -M n -N 1 -y 'Annotated using prokka 1.14.6 from https://github.com/tseemann/prokka' -Z \.\.\/\.\.\/Data\/Chen_Analysis\/Prokka\/Bacteria\/GOMC\.bin\.13728\/GOMC\.bin\.13728\.err -i \.\.\/\.\.\/Data\/Chen_Analysis\/Prokka\/Bacteria\/GOMC\.bin\.13728\/GOMC\.bin\.13728\.fsa 2> /dev/null
[09:57:53] Deleting unwanted file: ../../Data/Chen_Analysis/Prokka/Bacteria/GOMC.bin.13728/errorsummary.val
[09:57:53] Deleting unwanted file: ../../Data/Chen_Analysis/Prokka/Bacteria/GOMC.bin.13728/GOMC.bin.13728.dr
[09:57:53] Deleting unwanted file: ../../Data/Chen_Analysis/Prokka/Bacteria/GOMC.bin.13728/GOMC.bin.13728.fixedproducts
[09:57:53] Deleting unwanted file: ../../Data/Chen_Analysis/Prokka/Bacteria/GOMC.bin.13728/GOMC.bin.13728.ecn
[09:57:53] Deleting unwanted file: ../../Data/Chen_Analysis/Prokka/Bacteria/GOMC.bin.13728/GOMC.bin.13728.val
[09:57:53] Repairing broken .GBK output that tbl2asn produces...
[09:57:53] Running: sed 's/COORDINATES: profile/COORDINATES:profile/' < \.\.\/\.\.\/Data\/Chen_Analysis\/Prokka\/Bacteria\/GOMC\.bin\.13728\/GOMC\.bin\.13728\.gbf > \.\.\/\.\.\/Data\/Chen_Analysis\/Prokka\/Bacteria\/GOMC\.bin\.13728\/GOMC\.bin\.13728\.gbk
[09:57:53] Deleting unwanted file: ../../Data/Chen_Analysis/Prokka/Bacteria/GOMC.bin.13728/GOMC.bin.13728.gbf
[09:57:53] Output files:
[09:57:53] ../../Data/Chen_Analysis/Prokka/Bacteria/GOMC.bin.13728/GOMC.bin.13728.gbk
[09:57:53] ../../Data/Chen_Analysis/Prokka/Bacteria/GOMC.bin.13728/GOMC.bin.13728.fsa
[09:57:53] ../../Data/Chen_Analysis/Prokka/Bacteria/GOMC.bin.13728/GOMC.bin.13728.gff
[09:57:53] ../../Data/Chen_Analysis/Prokka/Bacteria/GOMC.bin.13728/GOMC.bin.13728.tsv
[09:57:53] ../../Data/Chen_Analysis/Prokka/Bacteria/GOMC.bin.13728/GOMC.bin.13728.txt
[09:57:53] ../../Data/Chen_Analysis/Prokka/Bacteria/GOMC.bin.13728/GOMC.bin.13728.ffn
[09:57:53] ../../Data/Chen_Analysis/Prokka/Bacteria/GOMC.bin.13728/GOMC.bin.13728.sqn
[09:57:53] ../../Data/Chen_Analysis/Prokka/Bacteria/GOMC.bin.13728/GOMC.bin.13728.log
[09:57:53] ../../Data/Chen_Analysis/Prokka/Bacteria/GOMC.bin.13728/GOMC.bin.13728.faa
[09:57:53] ../../Data/Chen_Analysis/Prokka/Bacteria/GOMC.bin.13728/GOMC.bin.13728.tbl
[09:57:53] ../../Data/Chen_Analysis/Prokka/Bacteria/GOMC.bin.13728/GOMC.bin.13728.err
[09:57:53] ../../Data/Chen_Analysis/Prokka/Bacteria/GOMC.bin.13728/GOMC.bin.13728.fna
[09:57:53] Annotation finished successfully.
[09:57:53] Walltime used: 1.23 minutes
[09:57:53] If you use this result please cite the Prokka paper:
[09:57:53] Seemann T (2014) Prokka: rapid prokaryotic genome annotation. Bioinformatics. 30(14):2068-9.
[09:57:53] Type 'prokka --citation' for more details.
[09:57:53] Thank you, come again.
