[08:20:47] This is prokka 1.14.6
[08:20:47] Written by Torsten Seemann <torsten.seemann@gmail.com>
[08:20:47] Homepage is https://github.com/tseemann/prokka
[08:20:47] Local time is Mon Dec  1 08:20:47 2025
[08:20:47] You are joao_facio
[08:20:47] Operating system is linux
[08:20:47] You have BioPerl 1.7.8
[08:20:47] System has 12 cores.
[08:20:47] Will use maximum of 4 cores.
[08:20:47] Annotating as >>> Bacteria <<<
[08:20:47] Generating locus_tag from '/tmp/tmp6gns85ah/GOMC.bin.11457.fa' contents.
[08:20:47] Setting --locustag CBJKMDFO from MD5 cb346df84ce08e5c38cb9e8fba59b23a
[08:20:47] Creating new output folder: ../../Data/Chen_Analysis/Prokka/Bacteria/GOMC.bin.11457
[08:20:47] Running: mkdir -p \.\.\/\.\.\/Data\/Chen_Analysis\/Prokka\/Bacteria\/GOMC\.bin\.11457
[08:20:47] Using filename prefix: GOMC.bin.11457.XXX
[08:20:47] Setting HMMER_NCPU=1
[08:20:47] Writing log to: ../../Data/Chen_Analysis/Prokka/Bacteria/GOMC.bin.11457/GOMC.bin.11457.log
[08:20:47] Command: /home/joao_facio/miniconda3/envs/prokka/bin/prokka --outdir ../../Data/Chen_Analysis/Prokka/Bacteria/GOMC.bin.11457 --prefix GOMC.bin.11457 --kingdom Bacteria --genus Aequorivita --strain GOMC.bin.11457 --cpus 4 --force /tmp/tmp6gns85ah/GOMC.bin.11457.fa
[08:20:47] Appending to PATH: /home/joao_facio/miniconda3/envs/prokka/bin
[08:20:47] Looking for 'aragorn' - found /home/joao_facio/miniconda3/envs/prokka/bin/aragorn
[08:20:47] Determined aragorn version is 001002 from 'ARAGORN v1.2.41 Dean Laslett'
[08:20:47] Looking for 'barrnap' - found /home/joao_facio/miniconda3/envs/prokka/bin/barrnap
[08:20:47] Determined barrnap version is 000009 from 'barrnap 0.9'
[08:20:47] Looking for 'blastp' - found /home/joao_facio/miniconda3/envs/prokka/bin/blastp
[08:20:47] Determined blastp version is 002016 from 'blastp: 2.16.0+'
[08:20:47] Looking for 'cmpress' - found /home/joao_facio/miniconda3/envs/prokka/bin/cmpress
[08:20:47] Determined cmpress version is 001001 from '# INFERNAL 1.1.5 (Sep 2023)'
[08:20:47] Looking for 'cmscan' - found /home/joao_facio/miniconda3/envs/prokka/bin/cmscan
[08:20:47] Determined cmscan version is 001001 from '# INFERNAL 1.1.5 (Sep 2023)'
[08:20:47] Looking for 'egrep' - found /usr/bin/egrep
[08:20:47] Looking for 'find' - found /usr/bin/find
[08:20:47] Looking for 'grep' - found /usr/bin/grep
[08:20:47] Looking for 'hmmpress' - found /home/joao_facio/miniconda3/envs/prokka/bin/hmmpress
[08:20:47] Determined hmmpress version is 003004 from '# HMMER 3.4 (Aug 2023); http://hmmer.org/'
[08:20:47] Looking for 'hmmscan' - found /home/joao_facio/miniconda3/envs/prokka/bin/hmmscan
[08:20:47] Determined hmmscan version is 003004 from '# HMMER 3.4 (Aug 2023); http://hmmer.org/'
[08:20:47] Looking for 'java' - found /home/joao_facio/miniconda3/envs/prokka/bin/java
[08:20:47] Looking for 'makeblastdb' - found /home/joao_facio/miniconda3/envs/prokka/bin/makeblastdb
[08:20:47] Determined makeblastdb version is 002016 from 'makeblastdb: 2.16.0+'
[08:20:47] Looking for 'minced' - found /home/joao_facio/miniconda3/envs/prokka/bin/minced
[08:20:47] Determined minced version is 004002 from 'minced 0.4.2'
[08:20:47] Looking for 'parallel' - found /home/joao_facio/miniconda3/envs/prokka/bin/parallel
[08:20:47] Determined parallel version is 20251122 from 'GNU parallel 20251122'
[08:20:47] Looking for 'prodigal' - found /home/joao_facio/miniconda3/envs/prokka/bin/prodigal
[08:20:47] Determined prodigal version is 002006 from 'Prodigal V2.6.3: February, 2016'
[08:20:47] Looking for 'prokka-genbank_to_fasta_db' - found /home/joao_facio/miniconda3/envs/prokka/bin/prokka-genbank_to_fasta_db
[08:20:47] Looking for 'sed' - found /usr/bin/sed
[08:20:47] Looking for 'tbl2asn' - found /home/joao_facio/miniconda3/envs/prokka/bin/tbl2asn
[08:20:47] Determined tbl2asn version is 025007 from 'tbl2asn 25.7   arguments:'
[08:20:47] Using genetic code table 11.
[08:20:47] Loading and checking input file: /tmp/tmp6gns85ah/GOMC.bin.11457.fa
[08:20:47] Wrote 60 contigs totalling 3283083 bp.
[08:20:47] Predicting tRNAs and tmRNAs
[08:20:47] Running: aragorn -l -gc11  -w \.\.\/\.\.\/Data\/Chen_Analysis\/Prokka\/Bacteria\/GOMC\.bin\.11457\/GOMC\.bin\.11457\.fna
[08:20:48] 1 tRNA-Leu [53828,53910] 35 (caa)
[08:20:48] 2 tRNA-Ala c[60364,60438] 35 (ggc)
[08:20:48] 3 tRNA-Met c[108251,108325] 35 (cat)
[08:20:48] 4 tRNA-Cys c[133063,133134] 33 (gca)
[08:20:48] 1 tRNA-Arg [55,127] 34 (cct)
[08:20:48] 1 tRNA-Asn [1,75] 35 (gtt)
[08:20:48] 1 tRNA-Arg c[60633,60707] 35 (acg)
[08:20:48] 1 tRNA-Ser c[13299,13387] 35 (gga)
[08:20:48] 1 tRNA-Met c[25457,25531] 35 (cat)
[08:20:48] 1 tRNA-Glu [5395,5467] 34 (ttc)
[08:20:48] 1 tRNA-Lys c[94,167] 34 (ttt)
[08:20:48] 1 tRNA-Ser [43535,43620] 35 (tga)
[08:20:48] 2 tRNA-Leu [211219,211303] 35 (gag)
[08:20:48] 1 tRNA-Gln [25943,26016] 34 (ttg)
[08:20:48] 1 tRNA-Leu c[115,197] 35 (tag)
[08:20:48] 1 tRNA-Phe c[22566,22639] 34 (gaa)
[08:20:48] 2 tRNA-Val c[110042,110117] 36 (gac)
[08:20:48] 3 tRNA-Val [111442,111519] 36 (tac)
[08:20:48] 1 tRNA-Leu [198,283] 35 (taa)
[08:20:48] 1 tRNA-Trp [5,78] 34 (cca)
[08:20:48] 1 tRNA-Ser [17231,17315] 33 (gct)
[08:20:48] 2 tRNA-Pro [17395,17470] 36 (tgg)
[08:20:48] 3 tRNA-Arg [17768,17842] 35 (tct)
[08:20:48] 1 tRNA-Pro c[87,161] 35 (ggg)
[08:20:48] 1 tRNA-His c[80792,80868] 35 (gtg)
[08:20:48] 1 tmRNA c[40687,41084] 97,126 GENNYALAA*
[08:20:48] 1 tRNA-Met c[37,110] 34 (cat)
[08:20:48] Found 27 tRNAs
[08:20:48] Predicting Ribosomal RNAs
[08:20:48] Running Barrnap with 4 threads
[08:20:48] Found 0 rRNAs
[08:20:48] Skipping ncRNA search, enable with --rfam if desired.
[08:20:48] Total of 26 tRNA + rRNA features
[08:20:48] Searching for CRISPR repeats
[08:20:48] Found 0 CRISPRs
[08:20:48] Predicting coding sequences
[08:20:48] Contigs total 3283083 bp, so using single mode
[08:20:48] Running: prodigal -i \.\.\/\.\.\/Data\/Chen_Analysis\/Prokka\/Bacteria\/GOMC\.bin\.11457\/GOMC\.bin\.11457\.fna -c -m -g 11 -p single -f sco -q
[08:20:54] Found 2884 CDS
[08:20:54] Connecting features back to sequences
[08:20:54] Not using genus-specific database. Try --usegenus to enable it.
[08:20:54] Annotating CDS, please be patient.
[08:20:54] Will use 4 CPUs for similarity searching.
[08:20:54] There are still 2884 unannotated CDS left (started with 2884)
[08:20:54] Will use blast to search against /home/joao_facio/miniconda3/envs/prokka/db/kingdom/Bacteria/IS with 4 CPUs
[08:20:54] Running: cat \.\.\/\.\.\/Data\/Chen_Analysis\/Prokka\/Bacteria\/GOMC\.bin\.11457\/GOMC\.bin\.11457\.IS\.tmp\.3242190\.faa | parallel --gnu --plain -j 4 --block 120951 --recstart '>' --pipe blastp -query - -db /home/joao_facio/miniconda3/envs/prokka/db/kingdom/Bacteria/IS -evalue 1e-30 -qcov_hsp_perc 90 -num_threads 1 -num_descriptions 1 -num_alignments 1 -seg no > \.\.\/\.\.\/Data\/Chen_Analysis\/Prokka\/Bacteria\/GOMC\.bin\.11457\/GOMC\.bin\.11457\.IS\.tmp\.3242190\.blast 2> /dev/null
[08:21:03] Deleting unwanted file: ../../Data/Chen_Analysis/Prokka/Bacteria/GOMC.bin.11457/GOMC.bin.11457.IS.tmp.3242190.faa
[08:21:03] Deleting unwanted file: ../../Data/Chen_Analysis/Prokka/Bacteria/GOMC.bin.11457/GOMC.bin.11457.IS.tmp.3242190.blast
[08:21:03] There are still 2880 unannotated CDS left (started with 2884)
[08:21:03] Will use blast to search against /home/joao_facio/miniconda3/envs/prokka/db/kingdom/Bacteria/AMR with 4 CPUs
[08:21:03] Running: cat \.\.\/\.\.\/Data\/Chen_Analysis\/Prokka\/Bacteria\/GOMC\.bin\.11457\/GOMC\.bin\.11457\.AMR\.tmp\.3242190\.faa | parallel --gnu --plain -j 4 --block 120801 --recstart '>' --pipe blastp -query - -db /home/joao_facio/miniconda3/envs/prokka/db/kingdom/Bacteria/AMR -evalue 1e-300 -qcov_hsp_perc 90 -num_threads 1 -num_descriptions 1 -num_alignments 1 -seg no > \.\.\/\.\.\/Data\/Chen_Analysis\/Prokka\/Bacteria\/GOMC\.bin\.11457\/GOMC\.bin\.11457\.AMR\.tmp\.3242190\.blast 2> /dev/null
[08:21:11] Deleting unwanted file: ../../Data/Chen_Analysis/Prokka/Bacteria/GOMC.bin.11457/GOMC.bin.11457.AMR.tmp.3242190.faa
[08:21:11] Deleting unwanted file: ../../Data/Chen_Analysis/Prokka/Bacteria/GOMC.bin.11457/GOMC.bin.11457.AMR.tmp.3242190.blast
[08:21:11] There are still 2880 unannotated CDS left (started with 2884)
[08:21:11] Will use blast to search against /home/joao_facio/miniconda3/envs/prokka/db/kingdom/Bacteria/sprot with 4 CPUs
[08:21:11] Running: cat \.\.\/\.\.\/Data\/Chen_Analysis\/Prokka\/Bacteria\/GOMC\.bin\.11457\/GOMC\.bin\.11457\.sprot\.tmp\.3242190\.faa | parallel --gnu --plain -j 4 --block 120801 --recstart '>' --pipe blastp -query - -db /home/joao_facio/miniconda3/envs/prokka/db/kingdom/Bacteria/sprot -evalue 1e-09 -qcov_hsp_perc 80 -num_threads 1 -num_descriptions 1 -num_alignments 1 -seg no > \.\.\/\.\.\/Data\/Chen_Analysis\/Prokka\/Bacteria\/GOMC\.bin\.11457\/GOMC\.bin\.11457\.sprot\.tmp\.3242190\.blast 2> /dev/null
[08:21:50] Modify product: Probable ABC transporter binding protein NosD => putative ABC transporter binding protein NosD
[08:21:50] Modify product: Multidrug efflux system ATP-binding protein Rv1218c => Multidrug efflux system ATP-binding protein
[08:21:50] Modify product: Probable iron-sulfur-binding oxidoreductase FadF => putative iron-sulfur-binding oxidoreductase FadF
[08:21:50] Modify product: Probable iron-sulfur-binding oxidoreductase FadF => putative iron-sulfur-binding oxidoreductase FadF
[08:21:50] Modify product: Uncharacterized protein HI_1163 => putative protein
[08:21:50] Modify product: Probable TonB-dependent receptor NMB0964 => putative TonB-dependent receptor
[08:21:50] Modify product: Uncharacterized ABC transporter ATP-binding protein YbiT => putative ABC transporter ATP-binding protein YbiT
[08:21:50] Modify product: Uncharacterized cysteine-rich protein YhjQ => putative cysteine-rich protein YhjQ
[08:21:50] Modify product: Putative cystathionine beta-synthase Rv1077 => Putative cystathionine beta-synthase
[08:21:50] Modify product: Nucleoid-associated protein HI_0442 => Nucleoid-associated protein
[08:21:50] Modify product: UPF0126 inner membrane protein YadS => hypothetical protein
[08:21:50] Modify product: Probable transcriptional regulatory protein HP_0162 => putative transcriptional regulatory protein
[08:21:50] Modify product: Uncharacterized epimerase/dehydratase SA0511 => putative epimerase/dehydratase
[08:21:50] Modify product: UPF0312 protein SA2479 => hypothetical protein
[08:21:50] Modify product: Uncharacterized protein YyaP => putative protein YyaP
[08:21:50] Modify product: UPF0056 inner membrane protein MarC => hypothetical protein
[08:21:50] Modify product: Phosphate-specific transport system accessory protein PhoU homolog => Phosphate-specific transport system accessory protein PhoU 
[08:21:50] Modify product: Probable FMN/FAD exporter YeeO => putative FMN/FAD exporter YeeO
[08:21:50] Modify product: UPF0312 protein SA2479 => hypothetical protein
[08:21:50] Modify product: UPF0413 protein GK0824 => hypothetical protein
[08:21:50] Modify product: Probable multidrug ABC transporter permease YbhR => putative multidrug ABC transporter permease YbhR
[08:21:50] Modify product: Uncharacterized inner membrane transporter YedA => putative inner membrane transporter YedA
[08:21:50] Modify product: DNA-binding protein VF_0530 => DNA-binding protein
[08:21:50] Modify product: Uncharacterized protein YcgM => putative protein YcgM
[08:21:50] Modify product: Putative transport protein Rv0205 => Putative transport protein
[08:21:50] Modify product: Uncharacterized ABC transporter ATP-binding protein YbiT => putative ABC transporter ATP-binding protein YbiT
[08:21:50] Modify product: Uncharacterized oxidoreductase SA2266 => putative oxidoreductase
[08:21:50] Modify product: Uncharacterized RNA pseudouridine synthase Rv1540 => putative RNA pseudouridine synthase
[08:21:50] Modify product: Uncharacterized protein Rv1507c => putative protein
[08:21:50] Modify product: NADH dehydrogenase-like protein SAOUHSC_00878 => NADH dehydrogenase-like protein
[08:21:50] Modify product: Putative cystathionine beta-synthase Rv1077 => Putative cystathionine beta-synthase
[08:21:50] Modify product: Uncharacterized metal-dependent hydrolase YcfH => putative metal-dependent hydrolase YcfH
[08:21:50] Modify product: Uncharacterized protein HI_1162 => putative protein
[08:21:50] Modify product: Probable murein peptide carboxypeptidase => putative murein peptide carboxypeptidase
[08:21:50] Modify product: UPF0213 protein SP_1535 => hypothetical protein
[08:21:50] Modify product: Uncharacterized protein YqgN => putative protein YqgN
[08:21:50] Modify product: Uncharacterized protein YqeY => putative protein YqeY
[08:21:50] Modify product: Probable peptidoglycan glycosyltransferase FtsW => putative peptidoglycan glycosyltransferase FtsW
[08:21:50] Modify product: Probable GTP-binding protein EngB => putative GTP-binding protein EngB
[08:21:50] Modify product: Uncharacterized protein YpjD => putative protein YpjD
[08:21:50] Modify product: Uncharacterized protein Rv2030c => putative protein
[08:21:50] Modify product: Probable 3-hydroxyacyl-CoA dehydrogenase => putative 3-hydroxyacyl-CoA dehydrogenase
[08:21:50] Modify product: Probable acyl-CoA dehydrogenase => putative acyl-CoA dehydrogenase
[08:21:50] Modify product: Probable propionyl-CoA carboxylase beta chain 5 => putative propionyl-CoA carboxylase beta chain 5
[08:21:50] Modify product: Putative NAD(P)H nitroreductase SA2311 => Putative NAD(P)H nitroreductase
[08:21:50] Modify product: Probable multidrug ABC transporter permease YbhR => putative multidrug ABC transporter permease YbhR
[08:21:50] Modify product: Ribonuclease TTHA0252 => Ribonuclease
[08:21:50] Modify product: Probable chromosome-partitioning protein ParB => putative chromosome-partitioning protein ParB
[08:21:50] Modify product: Probable 2,4-dienoyl-CoA reductase => putative 2,4-dienoyl-CoA reductase
[08:21:50] Modify product: Probable 3-hydroxybutyryl-CoA dehydrogenase => putative 3-hydroxybutyryl-CoA dehydrogenase
[08:21:50] Modify product: Probable 2-succinylbenzoate--CoA ligase => putative 2-succinylbenzoate--CoA ligase
[08:21:50] Modify product: UPF0173 metal-dependent hydrolase TM_1162 => hypothetical protein
[08:21:50] Modify product: Uncharacterized protein YqeN => putative protein YqeN
[08:21:50] Modify product: Uncharacterized protein YciO => putative protein YciO
[08:21:50] Modify product: Uncharacterized oxidoreductase Rv2073c => putative oxidoreductase
[08:21:50] Modify product: NADH dehydrogenase-like protein SAOUHSC_00878 => NADH dehydrogenase-like protein
[08:21:50] Modify product: Putative zinc metalloprotease aq_1964 => Putative zinc metalloprotease
[08:21:50] Modify product: UPF0403 protein YphP => hypothetical protein
[08:21:50] Modify product: Uncharacterized protein YedJ => putative protein YedJ
[08:21:50] Modify product: Uncharacterized protein Rv1480 => putative protein
[08:21:50] Modify product: UPF0056 inner membrane protein YhgN => hypothetical protein
[08:21:50] Modify product: Probable quorum-quenching lactonase YtnP => putative quorum-quenching lactonase YtnP
[08:21:50] Modify product: Probable ATP-dependent transporter SufC => putative ATP-dependent transporter SufC
[08:21:50] Modify product: Probable succinyl-CoA:3-ketoacid coenzyme A transferase subunit B => putative succinyl-CoA:3-ketoacid coenzyme A transferase subunit B
[08:21:50] Modify product: UPF0176 protein YceA => hypothetical protein
[08:21:50] Modify product: Uncharacterized amino acid permease YhdG => putative amino acid permease YhdG
[08:21:50] Modify product: Probable ribonucleotide transport ATP-binding protein mkl => putative ribonucleotide transport ATP-binding protein mkl
[08:21:50] Modify product: Uncharacterized protein Rv0959 => putative protein
[08:21:50] Modify product: Peptidoglycan-N-acetylglucosamine deacetylase BC_1960 => Peptidoglycan-N-acetylglucosamine deacetylase
[08:21:50] Modify product: Probable ribonucleotide transport ATP-binding protein mkl => putative ribonucleotide transport ATP-binding protein mkl
[08:21:50] Modify product: UPF0053 inner membrane protein YfjD => hypothetical protein
[08:21:50] Modify product: Uncharacterized glycosyltransferase Rv0539 => putative glycosyltransferase
[08:21:50] Modify product: Uncharacterized protein HI_0933 => putative protein
[08:21:50] Modify product: UPF0056 inner membrane protein YhgN => hypothetical protein
[08:21:50] Modify product: Uncharacterized protein YjbR => putative protein YjbR
[08:21:50] Modify product: UPF0053 protein HI_0107 => hypothetical protein
[08:21:50] Modify product: Uncharacterized zinc protease Rv2782c => putative zinc protease
[08:21:50] Modify product: UPF0758 protein SP_1088 => hypothetical protein
[08:21:50] Modify product: Probable ketoamine kinase HMPREF0351_12196 => putative ketoamine kinase
[08:21:50] Modify product: Uncharacterized ABC transporter ATP-binding protein TM_0288 => putative ABC transporter ATP-binding protein
[08:21:50] Modify product: Uncharacterized ABC transporter ATP-binding protein YheS => putative ABC transporter ATP-binding protein YheS
[08:21:50] Modify product: Uncharacterized protein HI_1349 => putative protein
[08:21:50] Modify product: UPF0337 protein YjbJ => hypothetical protein
[08:21:50] Modify product: Aldo/keto reductase slr0942 => Aldo/keto reductase
[08:21:50] Modify product: UPF0761 membrane protein YihY => hypothetical protein
[08:21:50] Modify product: UPF0382 membrane protein YwdK => hypothetical protein
[08:21:50] Modify product: UPF0701 protein HI_0467 => hypothetical protein
[08:21:50] Modify product: Probable bacterial non-heme ferritin => putative bacterial non-heme ferritin
[08:21:50] Modify product: Probable transporter SCO4007 => putative transporter
[08:21:50] Modify product: Putative low molecular weight protein-tyrosine-phosphatase slr0328 => Putative low molecular weight protein-tyrosine-phosphatase
[08:21:50] Modify product: Uncharacterized zinc protease Rv2782c => putative zinc protease
[08:21:50] Modify product: Putative esterase HI_1161 => Putative esterase
[08:21:50] Modify product: Universal stress protein A homolog 2 => Universal stress protein A 
[08:21:50] Modify product: Putative outer membrane protein NMB0088 => Putative outer membrane protein
[08:21:50] Modify product: Uncharacterized ABC transporter ATP-binding protein YknY => putative ABC transporter ATP-binding protein YknY
[08:21:50] Modify product: Probable undecaprenyl-phosphate N-acetylglucosaminyl 1-phosphate transferase => putative undecaprenyl-phosphate N-acetylglucosaminyl 1-phosphate transferase
[08:21:50] Modify product: Uncharacterized protein Rv2581c => putative protein
[08:21:50] Modify product: Probable chaperone CsaA => putative chaperone CsaA
[08:21:50] Modify product: Probable multidrug resistance ABC transporter ATP-binding/permease protein YheI => putative multidrug resistance ABC transporter ATP-binding/permease protein YheI
[08:21:50] Modify product: Uncharacterized amino acid permease YhdG => putative amino acid permease YhdG
[08:21:50] Modify product: Sulfurtransferase Alvin_2599 => Sulfurtransferase
[08:21:50] Modify product: Bifunctional protein FolD => Bifunctional protein FolD protein
[08:21:50] Modify product: Putative transport protein Rv1101c => Putative transport protein
[08:21:50] Modify product: GTP cyclohydrolase 1 type 2 homolog => GTP cyclohydrolase 1 type 2 
[08:21:50] Modify product: Probable mannose-6-phosphate isomerase GmuF => putative mannose-6-phosphate isomerase GmuF
[08:21:50] Modify product: GTP-binding protein TypA/BipA homolog => GTP-binding protein TypA/BipA 
[08:21:50] Modify product: Uncharacterized protein YfgD => putative protein YfgD
[08:21:50] Modify product: Uncharacterized ABC transporter ATP-binding protein YknY => putative ABC transporter ATP-binding protein YknY
[08:21:50] Modify product: Probable malate:quinone oxidoreductase 1 => putative malate:quinone oxidoreductase 1
[08:21:50] Modify product: UPF0301 protein SO_3346 => hypothetical protein
[08:21:50] Modify product: Epimerase family protein SA0724 => Epimerase family protein
[08:21:50] Modify product: Uncharacterized protein YhaP => putative protein YhaP
[08:21:50] Cleaned 112 /product names
[08:21:50] Deleting unwanted file: ../../Data/Chen_Analysis/Prokka/Bacteria/GOMC.bin.11457/GOMC.bin.11457.sprot.tmp.3242190.faa
[08:21:50] Deleting unwanted file: ../../Data/Chen_Analysis/Prokka/Bacteria/GOMC.bin.11457/GOMC.bin.11457.sprot.tmp.3242190.blast
[08:21:51] There are still 1815 unannotated CDS left (started with 2884)
[08:21:51] Will use hmmer3 to search against /home/joao_facio/miniconda3/envs/prokka/db/hmm/HAMAP.hmm with 4 CPUs
[08:21:51] Running: cat \.\.\/\.\.\/Data\/Chen_Analysis\/Prokka\/Bacteria\/GOMC\.bin\.11457\/GOMC\.bin\.11457\.HAMAP\.hmm\.tmp\.3242190\.faa | parallel --gnu --plain -j 4 --block 72278 --recstart '>' --pipe hmmscan --noali --notextw --acc -E 1e-09 --cpu 1 /home/joao_facio/miniconda3/envs/prokka/db/hmm/HAMAP.hmm /dev/stdin > \.\.\/\.\.\/Data\/Chen_Analysis\/Prokka\/Bacteria\/GOMC\.bin\.11457\/GOMC\.bin\.11457\.HAMAP\.hmm\.tmp\.3242190\.hmmer3 2> /dev/null
[08:22:04] Modify product: Uncharacterized Nudix hydrolase NudL => putative Nudix hydrolase NudL
[08:22:04] Modify product: Uncharacterized MFS-type transporter YfcJ => putative MFS-type transporter YfcJ
[08:22:04] Cleaned 2 /product names
[08:22:04] Deleting unwanted file: ../../Data/Chen_Analysis/Prokka/Bacteria/GOMC.bin.11457/GOMC.bin.11457.HAMAP.hmm.tmp.3242190.faa
[08:22:04] Deleting unwanted file: ../../Data/Chen_Analysis/Prokka/Bacteria/GOMC.bin.11457/GOMC.bin.11457.HAMAP.hmm.tmp.3242190.hmmer3
[08:22:04] Labelling remaining 1557 proteins as 'hypothetical protein'
[08:22:04] Possible /pseudo 'putative iron-sulfur-binding oxidoreductase FadF' at k63_249867 position 44438
[08:22:04] Possible /pseudo 'Pyruvate dehydrogenase [ubiquinone]' at k63_59601 position 84079
[08:22:04] Possible /pseudo 'Lipid III flippase' at k63_89152 position 53659
[08:22:04] Possible /pseudo 'Di-/tripeptide transporter' at k63_229256 position 70624
[08:22:04] Possible /pseudo 'Macrolide export ATP-binding/permease protein MacB' at k63_41917 position 64892
[08:22:04] Possible /pseudo 'Multifunctional non-homologous end joining protein LigD' at k63_350119 position 66684
[08:22:04] Possible /pseudo 'Multifunctional non-homologous end joining protein LigD' at k63_350119 position 67694
[08:22:04] Possible /pseudo 'Peptide methionine sulfoxide reductase MsrB' at k63_244565 position 36297
[08:22:04] Found 1004 unique /gene codes.
[08:22:04] Fixed 3 duplicate /gene - srmB_1 srmB_2 srmB_3
[08:22:04] Fixed 2 duplicate /gene - fadF_1 fadF_2
[08:22:04] Fixed 2 duplicate /gene - mkl_1 mkl_2
[08:22:04] Fixed 2 duplicate /gene - asnB_1 asnB_2
[08:22:04] Fixed 2 duplicate /gene - paaE_1 paaE_2
[08:22:04] Fixed 2 duplicate /gene - wzxE_1 wzxE_2
[08:22:04] Fixed 2 duplicate /gene - dap_1 dap_2
[08:22:04] Fixed 2 duplicate /gene - sigA_1 sigA_2
[08:22:04] Fixed 4 duplicate /gene - dxs_1 dxs_2 dxs_3 dxs_4
[08:22:04] Fixed 3 duplicate /gene - pglH_1 pglH_2 pglH_3
[08:22:04] Fixed 2 duplicate /gene - yknY_1 yknY_2
[08:22:04] Fixed 2 duplicate /gene - lolD_1 lolD_2
[08:22:04] Fixed 2 duplicate /gene - rsmI_1 rsmI_2
[08:22:04] Fixed 2 duplicate /gene - kefB_1 kefB_2
[08:22:04] Fixed 10 duplicate /gene - mshA_1 mshA_2 mshA_3 mshA_4 mshA_5 mshA_6 mshA_7 mshA_8 mshA_9 mshA_10
[08:22:04] Fixed 2 duplicate /gene - ctaE_1 ctaE_2
[08:22:04] Fixed 2 duplicate /gene - msrA_1 msrA_2
[08:22:04] Fixed 2 duplicate /gene - copA_1 copA_2
[08:22:04] Fixed 4 duplicate /gene - acpP_1 acpP_2 acpP_3 acpP_4
[08:22:04] Fixed 2 duplicate /gene - dtpT_1 dtpT_2
[08:22:04] Fixed 2 duplicate /gene - msrB_1 msrB_2
[08:22:04] Fixed 2 duplicate /gene - uvrC_1 uvrC_2
[08:22:04] Fixed 6 duplicate /gene - arnC_1 arnC_2 arnC_3 arnC_4 arnC_5 arnC_6
[08:22:04] Fixed 2 duplicate /gene - yeeZ_1 yeeZ_2
[08:22:04] Fixed 2 duplicate /gene - mnmC_1 mnmC_2
[08:22:04] Fixed 2 duplicate /gene - hmuU_1 hmuU_2
[08:22:04] Fixed 3 duplicate /gene - cpoB_1 cpoB_2 cpoB_3
[08:22:04] Fixed 2 duplicate /gene - iaaA_1 iaaA_2
[08:22:04] Fixed 2 duplicate /gene - alx_1 alx_2
[08:22:04] Fixed 2 duplicate /gene - ltrA_1 ltrA_2
[08:22:04] Fixed 2 duplicate /gene - ptk_1 ptk_2
[08:22:04] Fixed 2 duplicate /gene - ilvE_1 ilvE_2
[08:22:04] Fixed 5 duplicate /gene - btuD_1 btuD_2 btuD_3 btuD_4 btuD_5
[08:22:04] Fixed 2 duplicate /gene - yhdG_1 yhdG_2
[08:22:04] Fixed 2 duplicate /gene - cysNC_1 cysNC_2
[08:22:04] Fixed 2 duplicate /gene - exoA_1 exoA_2
[08:22:04] Fixed 2 duplicate /gene - czcA_1 czcA_2
[08:22:04] Fixed 2 duplicate /gene - zraR_1 zraR_2
[08:22:04] Fixed 3 duplicate /gene - egtB_1 egtB_2 egtB_3
[08:22:04] Fixed 2 duplicate /gene - rgtE_1 rgtE_2
[08:22:04] Fixed 2 duplicate /gene - vapC_1 vapC_2
[08:22:04] Fixed 2 duplicate /gene - cysQ_1 cysQ_2
[08:22:04] Fixed 2 duplicate /gene - pcrA_1 pcrA_2
[08:22:04] Fixed 2 duplicate /gene - alsT_1 alsT_2
[08:22:04] Fixed 2 duplicate /gene - tolQ_1 tolQ_2
[08:22:04] Fixed 2 duplicate /gene - nhaD_1 nhaD_2
[08:22:04] Fixed 2 duplicate /gene - wbgU_1 wbgU_2
[08:22:04] Fixed 2 duplicate /gene - mscL_1 mscL_2
[08:22:04] Fixed 2 duplicate /gene - hpf_1 hpf_2
[08:22:04] Fixed 2 duplicate /gene - pbpE_1 pbpE_2
[08:22:04] Fixed 2 duplicate /gene - argD_1 argD_2
[08:22:04] Fixed 2 duplicate /gene - ybhR_1 ybhR_2
[08:22:04] Fixed 4 duplicate /gene - mdtA_1 mdtA_2 mdtA_3 mdtA_4
[08:22:04] Fixed 2 duplicate /gene - tal_1 tal_2
[08:22:04] Fixed 2 duplicate /gene - nfuA_1 nfuA_2
[08:22:04] Fixed 2 duplicate /gene - dsbD_1 dsbD_2
[08:22:04] Fixed 2 duplicate /gene - bepF_1 bepF_2
[08:22:04] Fixed 3 duplicate /gene - mmgC_1 mmgC_2 mmgC_3
[08:22:04] Fixed 3 duplicate /gene - mdtC_1 mdtC_2 mdtC_3
[08:22:04] Fixed 4 duplicate /gene - tadA_1 tadA_2 tadA_3 tadA_4
[08:22:04] Fixed 2 duplicate /gene - menE_1 menE_2
[08:22:04] Fixed 4 duplicate /gene - fabG_1 fabG_2 fabG_3 fabG_4
[08:22:04] Fixed 2 duplicate /gene - pepP_1 pepP_2
[08:22:04] Fixed 10 duplicate /gene - btuB_1 btuB_2 btuB_3 btuB_4 btuB_5 btuB_6 btuB_7 btuB_8 btuB_9 btuB_10
[08:22:04] Fixed 2 duplicate /gene - ppk_1 ppk_2
[08:22:04] Fixed 2 duplicate /gene - trmH_1 trmH_2
[08:22:04] Fixed 5 duplicate /gene - fabF_1 fabF_2 fabF_3 fabF_4 fabF_5
[08:22:04] Fixed 2 duplicate /gene - pyrR_1 pyrR_2
[08:22:04] Fixed 3 duplicate /gene - rhlE_1 rhlE_2 rhlE_3
[08:22:04] Fixed 2 duplicate /gene - rimK_1 rimK_2
[08:22:04] Fixed 3 duplicate /gene - rpoE_1 rpoE_2 rpoE_3
[08:22:04] Fixed 2 duplicate /gene - pgi_1 pgi_2
[08:22:04] Fixed 2 duplicate /gene - ravA_1 ravA_2
[08:22:04] Fixed 2 duplicate /gene - nfdA_1 nfdA_2
[08:22:04] Fixed 2 duplicate /gene - macA_1 macA_2
[08:22:04] Fixed 3 duplicate /gene - ycf3_1 ycf3_2 ycf3_3
[08:22:04] Fixed 8 duplicate /gene - resA_1 resA_2 resA_3 resA_4 resA_5 resA_6 resA_7 resA_8
[08:22:04] Fixed 2 duplicate /gene - ruvB_1 ruvB_2
[08:22:04] Fixed 4 duplicate /gene - macB_1 macB_2 macB_3 macB_4
[08:22:04] Fixed 3 duplicate /gene - bepA_1 bepA_2 bepA_3
[08:22:04] Fixed 2 duplicate /gene - nth_1 nth_2
[08:22:04] Fixed 2 duplicate /gene - ptpA_1 ptpA_2
[08:22:04] Fixed 2 duplicate /gene - ettA_1 ettA_2
[08:22:04] Fixed 5 duplicate /gene - lpxD_1 lpxD_2 lpxD_3 lpxD_4 lpxD_5
[08:22:04] Fixed 2 duplicate /gene - hutG_1 hutG_2
[08:22:04] Fixed 2 duplicate /gene - kdsA_1 kdsA_2
[08:22:04] Fixed 2 duplicate /gene - mdoB_1 mdoB_2
[08:22:04] Fixed 2 duplicate /gene - sufS_1 sufS_2
[08:22:04] Fixed 5 duplicate /gene - bamA_1 bamA_2 bamA_3 bamA_4 bamA_5
[08:22:04] Fixed 2 duplicate /gene - gyrA_1 gyrA_2
[08:22:04] Fixed 2 duplicate /gene - rhaR_1 rhaR_2
[08:22:04] Fixed 2 duplicate /gene - ziaA_1 ziaA_2
[08:22:04] Fixed 2 duplicate /gene - recQ_1 recQ_2
[08:22:04] Fixed 2 duplicate /gene - ybiT_1 ybiT_2
[08:22:04] Fixed 3 duplicate /gene - COQ3_1 COQ3_2 COQ3_3
[08:22:04] Fixed 4 duplicate /gene - rcsC_1 rcsC_2 rcsC_3 rcsC_4
[08:22:04] Fixed 3 duplicate /gene - recD2_1 recD2_2 recD2_3
[08:22:04] Fixed 4 duplicate /gene - fabH_1 fabH_2 fabH_3 fabH_4
[08:22:04] Fixed 5 duplicate /gene - ligD_1 ligD_2 ligD_3 ligD_4 ligD_5
[08:22:04] Fixed 2 duplicate /gene - ssb_1 ssb_2
[08:22:04] Fixed 2 duplicate /gene - rpe_1 rpe_2
[08:22:04] Fixed 2 duplicate /gene - rhtB_1 rhtB_2
[08:22:04] Fixed 2 duplicate /gene - mscS_1 mscS_2
[08:22:04] Fixed 2 duplicate /gene - bepE_1 bepE_2
[08:22:04] Fixed 2 duplicate /gene - murG_1 murG_2
[08:22:04] Fixed 2 duplicate /gene - poxB_1 poxB_2
[08:22:04] Fixed 2 duplicate /gene - lptD_1 lptD_2
[08:22:04] Fixed 2 duplicate /gene - cysC_1 cysC_2
[08:22:04] Fixed 6 duplicate /gene - pal_1 pal_2 pal_3 pal_4 pal_5 pal_6
[08:22:04] Fixed 3 duplicate /gene - surA_1 surA_2 surA_3
[08:22:04] Fixed 2 duplicate /gene - mutS_1 mutS_2
[08:22:04] Fixed 2 duplicate /gene - clpP_1 clpP_2
[08:22:04] Fixed 8 duplicate /gene - sasA_1 sasA_2 sasA_3 sasA_4 sasA_5 sasA_6 sasA_7 sasA_8
[08:22:04] Fixed 2 duplicate /gene - lpd_1 lpd_2
[08:22:04] Fixed 2 duplicate /gene - recF_1 recF_2
[08:22:04] Fixed 3 duplicate /gene - sigW_1 sigW_2 sigW_3
[08:22:04] Fixed 2 duplicate /gene - uvrA_1 uvrA_2
[08:22:04] Fixed 2 duplicate /gene - cpdA_1 cpdA_2
[08:22:04] Fixed 2 duplicate /gene - xerC_1 xerC_2
[08:22:04] Fixed 3 duplicate /gene - dinG_1 dinG_2 dinG_3
[08:22:04] Fixed 4 duplicate /gene - trxA_1 trxA_2 trxA_3 trxA_4
[08:22:04] Fixed 2 duplicate /gene - dinB_1 dinB_2
[08:22:04] Fixed 2 duplicate /gene - hldD_1 hldD_2
[08:22:04] Fixed 2 duplicate /gene - menA_1 menA_2
[08:22:04] Fixed 2 duplicate /gene - trmR_1 trmR_2
[08:22:04] Fixed 2 duplicate /gene - glpE_1 glpE_2
[08:22:04] Fixed 2 duplicate /gene - yfiC_1 yfiC_2
[08:22:04] Fixed 2 duplicate /gene - cysD_1 cysD_2
[08:22:04] Fixed 4 duplicate /gene - btsR_1 btsR_2 btsR_3 btsR_4
[08:22:04] Fixed 2 duplicate /gene - mlaE_1 mlaE_2
[08:22:04] Fixed 2 duplicate /gene - cbs_1 cbs_2
[08:22:04] Fixed 131 colliding /gene names.
[08:22:04] Adding /locus_tag identifiers
[08:22:04] Assigned 2911 locus_tags to CDS and RNA features.
[08:22:04] Writing outputs to ../../Data/Chen_Analysis/Prokka/Bacteria/GOMC.bin.11457/
[08:22:04] Generating annotation statistics file
[08:22:04] Generating Genbank and Sequin files
[08:22:04] Running: tbl2asn -V b -a r10k -l paired-ends -M n -N 1 -y 'Annotated using prokka 1.14.6 from https://github.com/tseemann/prokka' -Z \.\.\/\.\.\/Data\/Chen_Analysis\/Prokka\/Bacteria\/GOMC\.bin\.11457\/GOMC\.bin\.11457\.err -i \.\.\/\.\.\/Data\/Chen_Analysis\/Prokka\/Bacteria\/GOMC\.bin\.11457\/GOMC\.bin\.11457\.fsa 2> /dev/null
[08:22:07] Deleting unwanted file: ../../Data/Chen_Analysis/Prokka/Bacteria/GOMC.bin.11457/errorsummary.val
[08:22:07] Deleting unwanted file: ../../Data/Chen_Analysis/Prokka/Bacteria/GOMC.bin.11457/GOMC.bin.11457.dr
[08:22:07] Deleting unwanted file: ../../Data/Chen_Analysis/Prokka/Bacteria/GOMC.bin.11457/GOMC.bin.11457.fixedproducts
[08:22:07] Deleting unwanted file: ../../Data/Chen_Analysis/Prokka/Bacteria/GOMC.bin.11457/GOMC.bin.11457.ecn
[08:22:07] Deleting unwanted file: ../../Data/Chen_Analysis/Prokka/Bacteria/GOMC.bin.11457/GOMC.bin.11457.val
[08:22:07] Repairing broken .GBK output that tbl2asn produces...
[08:22:07] Running: sed 's/COORDINATES: profile/COORDINATES:profile/' < \.\.\/\.\.\/Data\/Chen_Analysis\/Prokka\/Bacteria\/GOMC\.bin\.11457\/GOMC\.bin\.11457\.gbf > \.\.\/\.\.\/Data\/Chen_Analysis\/Prokka\/Bacteria\/GOMC\.bin\.11457\/GOMC\.bin\.11457\.gbk
[08:22:07] Deleting unwanted file: ../../Data/Chen_Analysis/Prokka/Bacteria/GOMC.bin.11457/GOMC.bin.11457.gbf
[08:22:07] Output files:
[08:22:07] ../../Data/Chen_Analysis/Prokka/Bacteria/GOMC.bin.11457/GOMC.bin.11457.log
[08:22:07] ../../Data/Chen_Analysis/Prokka/Bacteria/GOMC.bin.11457/GOMC.bin.11457.faa
[08:22:07] ../../Data/Chen_Analysis/Prokka/Bacteria/GOMC.bin.11457/GOMC.bin.11457.ffn
[08:22:07] ../../Data/Chen_Analysis/Prokka/Bacteria/GOMC.bin.11457/GOMC.bin.11457.fsa
[08:22:07] ../../Data/Chen_Analysis/Prokka/Bacteria/GOMC.bin.11457/GOMC.bin.11457.gbk
[08:22:07] ../../Data/Chen_Analysis/Prokka/Bacteria/GOMC.bin.11457/GOMC.bin.11457.fna
[08:22:07] ../../Data/Chen_Analysis/Prokka/Bacteria/GOMC.bin.11457/GOMC.bin.11457.err
[08:22:07] ../../Data/Chen_Analysis/Prokka/Bacteria/GOMC.bin.11457/GOMC.bin.11457.tbl
[08:22:07] ../../Data/Chen_Analysis/Prokka/Bacteria/GOMC.bin.11457/GOMC.bin.11457.tsv
[08:22:07] ../../Data/Chen_Analysis/Prokka/Bacteria/GOMC.bin.11457/GOMC.bin.11457.gff
[08:22:07] ../../Data/Chen_Analysis/Prokka/Bacteria/GOMC.bin.11457/GOMC.bin.11457.txt
[08:22:07] ../../Data/Chen_Analysis/Prokka/Bacteria/GOMC.bin.11457/GOMC.bin.11457.sqn
[08:22:07] Annotation finished successfully.
[08:22:07] Walltime used: 1.33 minutes
[08:22:07] If you use this result please cite the Prokka paper:
[08:22:07] Seemann T (2014) Prokka: rapid prokaryotic genome annotation. Bioinformatics. 30(14):2068-9.
[08:22:07] Type 'prokka --citation' for more details.
[08:22:07] Thank you, come again.
