[10:56:42] This is prokka 1.14.6
[10:56:42] Written by Torsten Seemann <torsten.seemann@gmail.com>
[10:56:42] Homepage is https://github.com/tseemann/prokka
[10:56:42] Local time is Mon Dec  1 10:56:42 2025
[10:56:42] You are joao_facio
[10:56:42] Operating system is linux
[10:56:42] You have BioPerl 1.7.8
[10:56:42] System has 12 cores.
[10:56:42] Will use maximum of 4 cores.
[10:56:42] Annotating as >>> Bacteria <<<
[10:56:42] Generating locus_tag from '/tmp/tmp6gns85ah/GOMC.bin.15370.fa' contents.
[10:56:42] Setting --locustag BHONBCPJ from MD5 b187bc93ca423bddf646ec5edf06a3a3
[10:56:42] Creating new output folder: ../../Data/Chen_Analysis/Prokka/Bacteria/GOMC.bin.15370
[10:56:42] Running: mkdir -p \.\.\/\.\.\/Data\/Chen_Analysis\/Prokka\/Bacteria\/GOMC\.bin\.15370
[10:56:42] Using filename prefix: GOMC.bin.15370.XXX
[10:56:42] Setting HMMER_NCPU=1
[10:56:42] Writing log to: ../../Data/Chen_Analysis/Prokka/Bacteria/GOMC.bin.15370/GOMC.bin.15370.log
[10:56:42] Command: /home/joao_facio/miniconda3/envs/prokka/bin/prokka --outdir ../../Data/Chen_Analysis/Prokka/Bacteria/GOMC.bin.15370 --prefix GOMC.bin.15370 --kingdom Bacteria --genus UBA2210 --strain GOMC.bin.15370 --cpus 4 --force /tmp/tmp6gns85ah/GOMC.bin.15370.fa
[10:56:42] Appending to PATH: /home/joao_facio/miniconda3/envs/prokka/bin
[10:56:42] Looking for 'aragorn' - found /home/joao_facio/miniconda3/envs/prokka/bin/aragorn
[10:56:42] Determined aragorn version is 001002 from 'ARAGORN v1.2.41 Dean Laslett'
[10:56:42] Looking for 'barrnap' - found /home/joao_facio/miniconda3/envs/prokka/bin/barrnap
[10:56:42] Determined barrnap version is 000009 from 'barrnap 0.9'
[10:56:42] Looking for 'blastp' - found /home/joao_facio/miniconda3/envs/prokka/bin/blastp
[10:56:42] Determined blastp version is 002016 from 'blastp: 2.16.0+'
[10:56:42] Looking for 'cmpress' - found /home/joao_facio/miniconda3/envs/prokka/bin/cmpress
[10:56:42] Determined cmpress version is 001001 from '# INFERNAL 1.1.5 (Sep 2023)'
[10:56:42] Looking for 'cmscan' - found /home/joao_facio/miniconda3/envs/prokka/bin/cmscan
[10:56:42] Determined cmscan version is 001001 from '# INFERNAL 1.1.5 (Sep 2023)'
[10:56:42] Looking for 'egrep' - found /usr/bin/egrep
[10:56:42] Looking for 'find' - found /usr/bin/find
[10:56:42] Looking for 'grep' - found /usr/bin/grep
[10:56:42] Looking for 'hmmpress' - found /home/joao_facio/miniconda3/envs/prokka/bin/hmmpress
[10:56:42] Determined hmmpress version is 003004 from '# HMMER 3.4 (Aug 2023); http://hmmer.org/'
[10:56:42] Looking for 'hmmscan' - found /home/joao_facio/miniconda3/envs/prokka/bin/hmmscan
[10:56:42] Determined hmmscan version is 003004 from '# HMMER 3.4 (Aug 2023); http://hmmer.org/'
[10:56:42] Looking for 'java' - found /home/joao_facio/miniconda3/envs/prokka/bin/java
[10:56:42] Looking for 'makeblastdb' - found /home/joao_facio/miniconda3/envs/prokka/bin/makeblastdb
[10:56:42] Determined makeblastdb version is 002016 from 'makeblastdb: 2.16.0+'
[10:56:42] Looking for 'minced' - found /home/joao_facio/miniconda3/envs/prokka/bin/minced
[10:56:42] Determined minced version is 004002 from 'minced 0.4.2'
[10:56:42] Looking for 'parallel' - found /home/joao_facio/miniconda3/envs/prokka/bin/parallel
[10:56:42] Determined parallel version is 20251122 from 'GNU parallel 20251122'
[10:56:42] Looking for 'prodigal' - found /home/joao_facio/miniconda3/envs/prokka/bin/prodigal
[10:56:42] Determined prodigal version is 002006 from 'Prodigal V2.6.3: February, 2016'
[10:56:42] Looking for 'prokka-genbank_to_fasta_db' - found /home/joao_facio/miniconda3/envs/prokka/bin/prokka-genbank_to_fasta_db
[10:56:42] Looking for 'sed' - found /usr/bin/sed
[10:56:42] Looking for 'tbl2asn' - found /home/joao_facio/miniconda3/envs/prokka/bin/tbl2asn
[10:56:42] Determined tbl2asn version is 025007 from 'tbl2asn 25.7   arguments:'
[10:56:42] Using genetic code table 11.
[10:56:42] Loading and checking input file: /tmp/tmp6gns85ah/GOMC.bin.15370.fa
[10:56:42] Wrote 265 contigs totalling 1420561 bp.
[10:56:42] Predicting tRNAs and tmRNAs
[10:56:42] Running: aragorn -l -gc11  -w \.\.\/\.\.\/Data\/Chen_Analysis\/Prokka\/Bacteria\/GOMC\.bin\.15370\/GOMC\.bin\.15370\.fna
[10:56:42] 1 tRNA-Arg [2122,2198] 35 (tcg)
[10:56:42] 2 tRNA-Lys [2225,2301] 35 (ctt)
[10:56:42] 1 tRNA-Leu [2454,2541] 35 (taa)
[10:56:42] 1 tRNA-Arg c[1398,1474] 35 (ccg)
[10:56:42] 1 tRNA-Val [885,959] 33 (cac)
[10:56:42] 1 tRNA-Phe c[1283,1358] 34 (gaa)
[10:56:42] 1 tRNA-Leu c[5649,5735] 35 (tag)
[10:56:42] 2 tRNA-Pro c[5872,5948] 35 (ggg)
[10:56:42] 1 tRNA-Ser c[3612,3705] 35 (gga)
[10:56:42] 2 tRNA-Ser c[3743,3836] 36 (cga)
[10:56:42] 1 tRNA-Gln c[1307,1380] 33 (ctg)
[10:56:42] 1 tRNA-Pro c[1841,1917] 35 (cgg)
[10:56:42] 1 tRNA-Gly c[16533,16607] 33 (ccc)
[10:56:42] 1 tRNA-Val c[1273,1347] 33 (gac)
[10:56:42] 1 tRNA-Ala c[7047,7122] 34 (ggc)
[10:56:42] 2 tRNA-Leu [7215,7301] 35 (caa)
[10:56:42] 1 tRNA-Leu c[540,627] 35 (taa)
[10:56:42] 1 tRNA-Leu [2048,2134] 36 (gag)
[10:56:42] 1 tRNA-Met c[51,127] 35 (cat)
[10:56:42] 1 tRNA-Pro c[1228,1304] 35 (tgg)
[10:56:42] Found 20 tRNAs
[10:56:42] Predicting Ribosomal RNAs
[10:56:42] Running Barrnap with 4 threads
[10:56:43] 1 k141_108087 1 16S ribosomal RNA (partial)
[10:56:43] 2 k141_256202 7590 5S ribosomal RNA
[10:56:43] Found 2 rRNAs
[10:56:43] Skipping ncRNA search, enable with --rfam if desired.
[10:56:43] Total of 22 tRNA + rRNA features
[10:56:43] Searching for CRISPR repeats
[10:56:43] Found 0 CRISPRs
[10:56:43] Predicting coding sequences
[10:56:43] Contigs total 1420561 bp, so using single mode
[10:56:43] Running: prodigal -i \.\.\/\.\.\/Data\/Chen_Analysis\/Prokka\/Bacteria\/GOMC\.bin\.15370\/GOMC\.bin\.15370\.fna -c -m -g 11 -p single -f sco -q
[10:56:43] Excluding CDS which overlaps existing RNA (tRNA) at k141_83084:5637..5831 on - strand
[10:56:44] Excluding CDS which overlaps existing RNA (tRNA) at k141_763439:132..1322 on + strand
[10:56:44] Found 1386 CDS
[10:56:44] Connecting features back to sequences
[10:56:44] Not using genus-specific database. Try --usegenus to enable it.
[10:56:44] Annotating CDS, please be patient.
[10:56:44] Will use 4 CPUs for similarity searching.
[10:56:44] There are still 1386 unannotated CDS left (started with 1386)
[10:56:44] Will use blast to search against /home/joao_facio/miniconda3/envs/prokka/db/kingdom/Bacteria/IS with 4 CPUs
[10:56:44] Running: cat \.\.\/\.\.\/Data\/Chen_Analysis\/Prokka\/Bacteria\/GOMC\.bin\.15370\/GOMC\.bin\.15370\.IS\.tmp\.3549158\.faa | parallel --gnu --plain -j 4 --block 48661 --recstart '>' --pipe blastp -query - -db /home/joao_facio/miniconda3/envs/prokka/db/kingdom/Bacteria/IS -evalue 1e-30 -qcov_hsp_perc 90 -num_threads 1 -num_descriptions 1 -num_alignments 1 -seg no > \.\.\/\.\.\/Data\/Chen_Analysis\/Prokka\/Bacteria\/GOMC\.bin\.15370\/GOMC\.bin\.15370\.IS\.tmp\.3549158\.blast 2> /dev/null
[10:56:48] Deleting unwanted file: ../../Data/Chen_Analysis/Prokka/Bacteria/GOMC.bin.15370/GOMC.bin.15370.IS.tmp.3549158.faa
[10:56:48] Deleting unwanted file: ../../Data/Chen_Analysis/Prokka/Bacteria/GOMC.bin.15370/GOMC.bin.15370.IS.tmp.3549158.blast
[10:56:48] There are still 1381 unannotated CDS left (started with 1386)
[10:56:48] Will use blast to search against /home/joao_facio/miniconda3/envs/prokka/db/kingdom/Bacteria/AMR with 4 CPUs
[10:56:48] Running: cat \.\.\/\.\.\/Data\/Chen_Analysis\/Prokka\/Bacteria\/GOMC\.bin\.15370\/GOMC\.bin\.15370\.AMR\.tmp\.3549158\.faa | parallel --gnu --plain -j 4 --block 48501 --recstart '>' --pipe blastp -query - -db /home/joao_facio/miniconda3/envs/prokka/db/kingdom/Bacteria/AMR -evalue 1e-300 -qcov_hsp_perc 90 -num_threads 1 -num_descriptions 1 -num_alignments 1 -seg no > \.\.\/\.\.\/Data\/Chen_Analysis\/Prokka\/Bacteria\/GOMC\.bin\.15370\/GOMC\.bin\.15370\.AMR\.tmp\.3549158\.blast 2> /dev/null
[10:56:51] Deleting unwanted file: ../../Data/Chen_Analysis/Prokka/Bacteria/GOMC.bin.15370/GOMC.bin.15370.AMR.tmp.3549158.faa
[10:56:51] Deleting unwanted file: ../../Data/Chen_Analysis/Prokka/Bacteria/GOMC.bin.15370/GOMC.bin.15370.AMR.tmp.3549158.blast
[10:56:51] There are still 1381 unannotated CDS left (started with 1386)
[10:56:51] Will use blast to search against /home/joao_facio/miniconda3/envs/prokka/db/kingdom/Bacteria/sprot with 4 CPUs
[10:56:51] Running: cat \.\.\/\.\.\/Data\/Chen_Analysis\/Prokka\/Bacteria\/GOMC\.bin\.15370\/GOMC\.bin\.15370\.sprot\.tmp\.3549158\.faa | parallel --gnu --plain -j 4 --block 48501 --recstart '>' --pipe blastp -query - -db /home/joao_facio/miniconda3/envs/prokka/db/kingdom/Bacteria/sprot -evalue 1e-09 -qcov_hsp_perc 80 -num_threads 1 -num_descriptions 1 -num_alignments 1 -seg no > \.\.\/\.\.\/Data\/Chen_Analysis\/Prokka\/Bacteria\/GOMC\.bin\.15370\/GOMC\.bin\.15370\.sprot\.tmp\.3549158\.blast 2> /dev/null
[10:57:08] Modify product: Probable cysteine desulfurase => putative cysteine desulfurase
[10:57:08] Modify product: Ribonuclease TTHA0252 => Ribonuclease
[10:57:08] Modify product: UPF0353 protein Rv1481 => hypothetical protein
[10:57:08] Modify product: Probable ribonucleotide transport ATP-binding protein mkl => putative ribonucleotide transport ATP-binding protein mkl
[10:57:08] Modify product: Uncharacterized protein Rv1480 => putative protein
[10:57:08] Modify product: Probable GTPase Rv1496 => putative GTPase
[10:57:09] Modify product: Probable enoyl-CoA hydratase echA8 => putative enoyl-CoA hydratase echA8
[10:57:09] Modify product: Uncharacterized ABC transporter ATP-binding protein YheS => putative ABC transporter ATP-binding protein YheS
[10:57:09] Modify product: Nucleoid-associated protein Cthe_2143 => Nucleoid-associated protein
[10:57:09] Modify product: Probable GTPase Rv1496 => putative GTPase
[10:57:09] Modify product: Putative short-chain type dehydrogenase/reductase Rv0148 => Putative short-chain type dehydrogenase/reductase
[10:57:09] Modify product: Uncharacterized protein TM_1570 => putative protein
[10:57:09] Modify product: Probable CtpA-like serine protease => putative CtpA-like serine protease
[10:57:09] Modify product: Probable acyltransferase YihG => putative acyltransferase YihG
[10:57:09] Modify product: UPF0758 protein SP_1088 => hypothetical protein
[10:57:09] Modify product: Probable iron-sulfur-binding oxidoreductase FadF => putative iron-sulfur-binding oxidoreductase FadF
[10:57:09] Modify product: Probable acyl-CoA dehydrogenase fadE25 => putative acyl-CoA dehydrogenase fadE25
[10:57:09] Modify product: Uncharacterized protein Rv0501 => putative protein
[10:57:09] Modify product: Uncharacterized zinc-type alcohol dehydrogenase-like protein YdjJ => putative zinc-type alcohol dehydrogenase-like protein YdjJ
[10:57:09] Modify product: Uncharacterized protein Rv0501 => putative protein
[10:57:09] Modify product: Probable quinol monooxygenase YgiN => putative quinol monooxygenase YgiN
[10:57:09] Modify product: Uncharacterized ABC transporter ATP-binding protein YknY => putative ABC transporter ATP-binding protein YknY
[10:57:09] Modify product: Probable peptidyl-prolyl cis-trans isomerase => putative peptidyl-prolyl cis-trans isomerase
[10:57:09] Modify product: Butyryl-CoA dehydrogenase Swol_1933 => Butyryl-CoA dehydrogenase
[10:57:09] Modify product: Probable enoyl-CoA hydratase echA12 => putative enoyl-CoA hydratase echA12
[10:57:09] Modify product: UPF0053 protein HI_0107 => hypothetical protein
[10:57:09] Modify product: Uncharacterized protein Rv2004c => putative protein
[10:57:09] Modify product: Probable transcriptional regulatory protein DVU_2259 => putative transcriptional regulatory protein
[10:57:09] Modify product: Uncharacterized protein HI_0755 => putative protein
[10:57:09] Modify product: Uncharacterized protein HI_0933 => putative protein
[10:57:09] Modify product: Uncharacterized PIN and TRAM-domain containing protein YacL => putative PIN and TRAM-domain containing protein YacL
[10:57:09] Modify product: Uncharacterized protein Rv1339 => putative protein
[10:57:09] Modify product: UPF0173 metal-dependent hydrolase TM_1162 => hypothetical protein
[10:57:09] Modify product: Probable enoyl-CoA hydratase => putative enoyl-CoA hydratase
[10:57:09] Modify product: Uncharacterized protein Rv2307c => putative protein
[10:57:09] Modify product: Probable peptidoglycan glycosyltransferase FtsW => putative peptidoglycan glycosyltransferase FtsW
[10:57:09] Modify product: Probable glycine dehydrogenase (decarboxylating) subunit 1 => putative glycine dehydrogenase (decarboxylating) subunit 1
[10:57:09] Modify product: Probable ATP-dependent DNA helicase YoaA => putative ATP-dependent DNA helicase YoaA
[10:57:09] Modify product: Probable molybdenum cofactor guanylyltransferase => putative molybdenum cofactor guanylyltransferase
[10:57:09] Modify product: Butyryl-CoA dehydrogenase Swol_1933 => Butyryl-CoA dehydrogenase
[10:57:09] Modify product: Probable sensor histidine kinase pdtaS => putative sensor histidine kinase pdtaS
[10:57:09] Modify product: Probable transcriptional regulatory protein pdtaR => putative transcriptional regulatory protein pdtaR
[10:57:09] Modify product: Butyryl-CoA dehydrogenase Swol_1933 => Butyryl-CoA dehydrogenase
[10:57:09] Modify product: Uncharacterized protein NMB1437 => putative protein
[10:57:09] Modify product: Monocarboxylate 2-oxoacid-binding periplasmic protein all3028 => Monocarboxylate 2-oxoacid-binding periplasmic protein
[10:57:09] Modify product: UPF0047 protein Rv2556c => hypothetical protein
[10:57:09] Modify product: Uncharacterized protein YqeY => putative protein YqeY
[10:57:09] Modify product: Butyryl-CoA dehydrogenase Swol_1933 => Butyryl-CoA dehydrogenase
[10:57:09] Modify product: Uncharacterized protein YbcJ => putative protein YbcJ
[10:57:09] Modify product: UPF0053 inner membrane protein YfjD => hypothetical protein
[10:57:09] Modify product: UPF0053 protein Rv2366c => hypothetical protein
[10:57:09] Modify product: Uncharacterized FAD-linked oxidoreductase Rv2280 => putative FAD-linked oxidoreductase
[10:57:09] Modify product: Uncharacterized protein Rv1829 => putative protein
[10:57:09] Modify product: Segregation and condensation protein B homolog => Segregation and condensation protein B 
[10:57:09] Modify product: Uncharacterized protein YciO => putative protein YciO
[10:57:09] Modify product: Probable lipid II flippase MurJ => putative lipid II flippase MurJ
[10:57:09] Cleaned 56 /product names
[10:57:09] Deleting unwanted file: ../../Data/Chen_Analysis/Prokka/Bacteria/GOMC.bin.15370/GOMC.bin.15370.sprot.tmp.3549158.faa
[10:57:09] Deleting unwanted file: ../../Data/Chen_Analysis/Prokka/Bacteria/GOMC.bin.15370/GOMC.bin.15370.sprot.tmp.3549158.blast
[10:57:09] There are still 707 unannotated CDS left (started with 1386)
[10:57:09] Will use hmmer3 to search against /home/joao_facio/miniconda3/envs/prokka/db/hmm/HAMAP.hmm with 4 CPUs
[10:57:09] Running: cat \.\.\/\.\.\/Data\/Chen_Analysis\/Prokka\/Bacteria\/GOMC\.bin\.15370\/GOMC\.bin\.15370\.HAMAP\.hmm\.tmp\.3549158\.faa | parallel --gnu --plain -j 4 --block 21380 --recstart '>' --pipe hmmscan --noali --notextw --acc -E 1e-09 --cpu 1 /home/joao_facio/miniconda3/envs/prokka/db/hmm/HAMAP.hmm /dev/stdin > \.\.\/\.\.\/Data\/Chen_Analysis\/Prokka\/Bacteria\/GOMC\.bin\.15370\/GOMC\.bin\.15370\.HAMAP\.hmm\.tmp\.3549158\.hmmer3 2> /dev/null
[10:57:15] Modify product: Uncharacterized Nudix hydrolase NudL => putative Nudix hydrolase NudL
[10:57:15] Cleaned 1 /product names
[10:57:15] Deleting unwanted file: ../../Data/Chen_Analysis/Prokka/Bacteria/GOMC.bin.15370/GOMC.bin.15370.HAMAP.hmm.tmp.3549158.faa
[10:57:15] Deleting unwanted file: ../../Data/Chen_Analysis/Prokka/Bacteria/GOMC.bin.15370/GOMC.bin.15370.HAMAP.hmm.tmp.3549158.hmmer3
[10:57:15] Labelling remaining 598 proteins as 'hypothetical protein'
[10:57:15] Possible /pseudo 'Acyl-CoA dehydrogenase' at k141_24590 position 2251
[10:57:15] Possible /pseudo 'ATP synthase subunit b' at k141_44967 position 2239
[10:57:15] Possible /pseudo 'Methylmalonyl-CoA mutase' at k141_74224 position 4760
[10:57:15] Possible /pseudo 'IS256 family transposase ISDha1' at k141_219857 position 2063
[10:57:15] Possible /pseudo 'Twitching mobility protein' at k141_264340 position 2279
[10:57:15] Possible /pseudo '3-keto-5-aminohexanoate cleavage enzyme' at k141_313163 position 5770
[10:57:15] Possible /pseudo 'Long-chain-fatty-acid--CoA ligase' at k141_321778 position 5845
[10:57:15] Possible /pseudo '5-methylthioadenosine/S-adenosylhomocysteine deaminase' at k141_417844 position 2317
[10:57:15] Possible /pseudo 'Acyl-CoA dehydrogenase' at k141_778252 position 4224
[10:57:15] Possible /pseudo 'Glutaconyl-CoA decarboxylase subunit alpha' at k141_820030 position 2543
[10:57:15] Found 592 unique /gene codes.
[10:57:15] Fixed 2 duplicate /gene - atpA_1 atpA_2
[10:57:15] Fixed 3 duplicate /gene - rsxB_1 rsxB_2 rsxB_3
[10:57:15] Fixed 3 duplicate /gene - crt_1 crt_2 crt_3
[10:57:15] Fixed 2 duplicate /gene - wecA_1 wecA_2
[10:57:15] Fixed 2 duplicate /gene - atpH_1 atpH_2
[10:57:15] Fixed 2 duplicate /gene - fadR_1 fadR_2
[10:57:15] Fixed 2 duplicate /gene - mmgA_1 mmgA_2
[10:57:15] Fixed 2 duplicate /gene - gdhA_1 gdhA_2
[10:57:15] Fixed 6 duplicate /gene - rcsC_1 rcsC_2 rcsC_3 rcsC_4 rcsC_5 rcsC_6
[10:57:15] Fixed 2 duplicate /gene - lapB_1 lapB_2
[10:57:15] Fixed 2 duplicate /gene - xerC_1 xerC_2
[10:57:15] Fixed 2 duplicate /gene - epsF_1 epsF_2
[10:57:15] Fixed 6 duplicate /gene - atoC_1 atoC_2 atoC_3 atoC_4 atoC_5 atoC_6
[10:57:15] Fixed 3 duplicate /gene - dctM_1 dctM_2 dctM_3
[10:57:15] Fixed 2 duplicate /gene - prfB_1 prfB_2
[10:57:15] Fixed 3 duplicate /gene - gloB_1 gloB_2 gloB_3
[10:57:15] Fixed 2 duplicate /gene - hup_1 hup_2
[10:57:15] Fixed 2 duplicate /gene - cysA_1 cysA_2
[10:57:15] Fixed 2 duplicate /gene - spoIIAB_1 spoIIAB_2
[10:57:15] Fixed 2 duplicate /gene - rpoD_1 rpoD_2
[10:57:15] Fixed 3 duplicate /gene - FCS1_1 FCS1_2 FCS1_3
[10:57:15] Fixed 2 duplicate /gene - cpoB_1 cpoB_2
[10:57:15] Fixed 2 duplicate /gene - acdA_1 acdA_2
[10:57:15] Fixed 2 duplicate /gene - ruvB_1 ruvB_2
[10:57:15] Fixed 3 duplicate /gene - hbd_1 hbd_2 hbd_3
[10:57:15] Fixed 4 duplicate /gene - livH_1 livH_2 livH_3 livH_4
[10:57:15] Fixed 2 duplicate /gene - ettA_1 ettA_2
[10:57:15] Fixed 2 duplicate /gene - mcm_1 mcm_2
[10:57:15] Fixed 2 duplicate /gene - ilvG_1 ilvG_2
[10:57:15] Fixed 2 duplicate /gene - pilT_1 pilT_2
[10:57:15] Fixed 2 duplicate /gene - cirA_1 cirA_2
[10:57:15] Fixed 2 duplicate /gene - algA_1 algA_2
[10:57:15] Fixed 2 duplicate /gene - crtN_1 crtN_2
[10:57:15] Fixed 5 duplicate /gene - kce_1 kce_2 kce_3 kce_4 kce_5
[10:57:15] Fixed 2 duplicate /gene - tolQ_1 tolQ_2
[10:57:15] Fixed 2 duplicate /gene - carD_1 carD_2
[10:57:15] Fixed 3 duplicate /gene - acrC_1 acrC_2 acrC_3
[10:57:15] Fixed 2 duplicate /gene - yngG_1 yngG_2
[10:57:15] Fixed 3 duplicate /gene - fusA_1 fusA_2 fusA_3
[10:57:15] Fixed 2 duplicate /gene - caiD_1 caiD_2
[10:57:15] Fixed 2 duplicate /gene - aspC_1 aspC_2
[10:57:15] Fixed 3 duplicate /gene - lptB_1 lptB_2 lptB_3
[10:57:15] Fixed 2 duplicate /gene - npr_1 npr_2
[10:57:15] Fixed 2 duplicate /gene - vapC_1 vapC_2
[10:57:15] Fixed 2 duplicate /gene - fabG_1 fabG_2
[10:57:15] Fixed 3 duplicate /gene - livF_1 livF_2 livF_3
[10:57:15] Fixed 9 duplicate /gene - sasA_1 sasA_2 sasA_3 sasA_4 sasA_5 sasA_6 sasA_7 sasA_8 sasA_9
[10:57:15] Fixed 2 duplicate /gene - mtaD_1 mtaD_2
[10:57:15] Fixed 2 duplicate /gene - COQ5_1 COQ5_2
[10:57:15] Fixed 2 duplicate /gene - adk_1 adk_2
[10:57:15] Fixed 2 duplicate /gene - gloC_1 gloC_2
[10:57:15] Fixed 4 duplicate /gene - lcfB_1 lcfB_2 lcfB_3 lcfB_4
[10:57:15] Fixed 3 duplicate /gene - zraR_1 zraR_2 zraR_3
[10:57:15] Fixed 5 duplicate /gene - fadD_1 fadD_2 fadD_3 fadD_4 fadD_5
[10:57:15] Fixed 3 duplicate /gene - norR_1 norR_2 norR_3
[10:57:15] Fixed 2 duplicate /gene - speE_1 speE_2
[10:57:15] Fixed 3 duplicate /gene - ftsA_1 ftsA_2 ftsA_3
[10:57:15] Fixed 2 duplicate /gene - map_1 map_2
[10:57:15] Fixed 3 duplicate /gene - atpF_1 atpF_2 atpF_3
[10:57:15] Fixed 2 duplicate /gene - quiP_1 quiP_2
[10:57:15] Fixed 3 duplicate /gene - gcdA_1 gcdA_2 gcdA_3
[10:57:15] Fixed 2 duplicate /gene - cysS_1 cysS_2
[10:57:15] Fixed 7 duplicate /gene - mmgC_1 mmgC_2 mmgC_3 mmgC_4 mmgC_5 mmgC_6 mmgC_7
[10:57:15] Fixed 2 duplicate /gene - rssB_1 rssB_2
[10:57:15] Fixed 64 colliding /gene names.
[10:57:15] Adding /locus_tag identifiers
[10:57:15] Assigned 1408 locus_tags to CDS and RNA features.
[10:57:15] Writing outputs to ../../Data/Chen_Analysis/Prokka/Bacteria/GOMC.bin.15370/
[10:57:16] Generating annotation statistics file
[10:57:16] Generating Genbank and Sequin files
[10:57:16] Running: tbl2asn -V b -a r10k -l paired-ends -M n -N 1 -y 'Annotated using prokka 1.14.6 from https://github.com/tseemann/prokka' -Z \.\.\/\.\.\/Data\/Chen_Analysis\/Prokka\/Bacteria\/GOMC\.bin\.15370\/GOMC\.bin\.15370\.err -i \.\.\/\.\.\/Data\/Chen_Analysis\/Prokka\/Bacteria\/GOMC\.bin\.15370\/GOMC\.bin\.15370\.fsa 2> /dev/null
[10:57:17] Deleting unwanted file: ../../Data/Chen_Analysis/Prokka/Bacteria/GOMC.bin.15370/errorsummary.val
[10:57:17] Deleting unwanted file: ../../Data/Chen_Analysis/Prokka/Bacteria/GOMC.bin.15370/GOMC.bin.15370.dr
[10:57:17] Deleting unwanted file: ../../Data/Chen_Analysis/Prokka/Bacteria/GOMC.bin.15370/GOMC.bin.15370.fixedproducts
[10:57:17] Deleting unwanted file: ../../Data/Chen_Analysis/Prokka/Bacteria/GOMC.bin.15370/GOMC.bin.15370.ecn
[10:57:17] Deleting unwanted file: ../../Data/Chen_Analysis/Prokka/Bacteria/GOMC.bin.15370/GOMC.bin.15370.val
[10:57:17] Repairing broken .GBK output that tbl2asn produces...
[10:57:17] Running: sed 's/COORDINATES: profile/COORDINATES:profile/' < \.\.\/\.\.\/Data\/Chen_Analysis\/Prokka\/Bacteria\/GOMC\.bin\.15370\/GOMC\.bin\.15370\.gbf > \.\.\/\.\.\/Data\/Chen_Analysis\/Prokka\/Bacteria\/GOMC\.bin\.15370\/GOMC\.bin\.15370\.gbk
[10:57:17] Deleting unwanted file: ../../Data/Chen_Analysis/Prokka/Bacteria/GOMC.bin.15370/GOMC.bin.15370.gbf
[10:57:17] Output files:
[10:57:17] ../../Data/Chen_Analysis/Prokka/Bacteria/GOMC.bin.15370/GOMC.bin.15370.fsa
[10:57:17] ../../Data/Chen_Analysis/Prokka/Bacteria/GOMC.bin.15370/GOMC.bin.15370.err
[10:57:17] ../../Data/Chen_Analysis/Prokka/Bacteria/GOMC.bin.15370/GOMC.bin.15370.fna
[10:57:17] ../../Data/Chen_Analysis/Prokka/Bacteria/GOMC.bin.15370/GOMC.bin.15370.gbk
[10:57:17] ../../Data/Chen_Analysis/Prokka/Bacteria/GOMC.bin.15370/GOMC.bin.15370.gff
[10:57:17] ../../Data/Chen_Analysis/Prokka/Bacteria/GOMC.bin.15370/GOMC.bin.15370.log
[10:57:17] ../../Data/Chen_Analysis/Prokka/Bacteria/GOMC.bin.15370/GOMC.bin.15370.faa
[10:57:17] ../../Data/Chen_Analysis/Prokka/Bacteria/GOMC.bin.15370/GOMC.bin.15370.ffn
[10:57:17] ../../Data/Chen_Analysis/Prokka/Bacteria/GOMC.bin.15370/GOMC.bin.15370.txt
[10:57:17] ../../Data/Chen_Analysis/Prokka/Bacteria/GOMC.bin.15370/GOMC.bin.15370.tbl
[10:57:17] ../../Data/Chen_Analysis/Prokka/Bacteria/GOMC.bin.15370/GOMC.bin.15370.tsv
[10:57:17] ../../Data/Chen_Analysis/Prokka/Bacteria/GOMC.bin.15370/GOMC.bin.15370.sqn
[10:57:17] Annotation finished successfully.
[10:57:17] Walltime used: 0.58 minutes
[10:57:17] If you use this result please cite the Prokka paper:
[10:57:17] Seemann T (2014) Prokka: rapid prokaryotic genome annotation. Bioinformatics. 30(14):2068-9.
[10:57:17] Type 'prokka --citation' for more details.
[10:57:17] Share and enjoy!
