[09:02:13] This is prokka 1.14.6
[09:02:13] Written by Torsten Seemann <torsten.seemann@gmail.com>
[09:02:13] Homepage is https://github.com/tseemann/prokka
[09:02:13] Local time is Mon Dec  1 09:02:13 2025
[09:02:13] You are joao_facio
[09:02:13] Operating system is linux
[09:02:13] You have BioPerl 1.7.8
[09:02:13] System has 12 cores.
[09:02:13] Will use maximum of 4 cores.
[09:02:13] Annotating as >>> Bacteria <<<
[09:02:13] Generating locus_tag from '/tmp/tmp6gns85ah/GOMC.bin.12194.fa' contents.
[09:02:13] Setting --locustag OEMMNODG from MD5 8e6678d0a36853b8f360ca6811b7f271
[09:02:13] Creating new output folder: ../../Data/Chen_Analysis/Prokka/Bacteria/GOMC.bin.12194
[09:02:13] Running: mkdir -p \.\.\/\.\.\/Data\/Chen_Analysis\/Prokka\/Bacteria\/GOMC\.bin\.12194
[09:02:13] Using filename prefix: GOMC.bin.12194.XXX
[09:02:13] Setting HMMER_NCPU=1
[09:02:13] Writing log to: ../../Data/Chen_Analysis/Prokka/Bacteria/GOMC.bin.12194/GOMC.bin.12194.log
[09:02:13] Command: /home/joao_facio/miniconda3/envs/prokka/bin/prokka --outdir ../../Data/Chen_Analysis/Prokka/Bacteria/GOMC.bin.12194 --prefix GOMC.bin.12194 --kingdom Bacteria --genus SG8-39 --strain GOMC.bin.12194 --cpus 4 --force /tmp/tmp6gns85ah/GOMC.bin.12194.fa
[09:02:13] Appending to PATH: /home/joao_facio/miniconda3/envs/prokka/bin
[09:02:13] Looking for 'aragorn' - found /home/joao_facio/miniconda3/envs/prokka/bin/aragorn
[09:02:13] Determined aragorn version is 001002 from 'ARAGORN v1.2.41 Dean Laslett'
[09:02:13] Looking for 'barrnap' - found /home/joao_facio/miniconda3/envs/prokka/bin/barrnap
[09:02:13] Determined barrnap version is 000009 from 'barrnap 0.9'
[09:02:13] Looking for 'blastp' - found /home/joao_facio/miniconda3/envs/prokka/bin/blastp
[09:02:13] Determined blastp version is 002016 from 'blastp: 2.16.0+'
[09:02:13] Looking for 'cmpress' - found /home/joao_facio/miniconda3/envs/prokka/bin/cmpress
[09:02:13] Determined cmpress version is 001001 from '# INFERNAL 1.1.5 (Sep 2023)'
[09:02:13] Looking for 'cmscan' - found /home/joao_facio/miniconda3/envs/prokka/bin/cmscan
[09:02:13] Determined cmscan version is 001001 from '# INFERNAL 1.1.5 (Sep 2023)'
[09:02:13] Looking for 'egrep' - found /usr/bin/egrep
[09:02:13] Looking for 'find' - found /usr/bin/find
[09:02:13] Looking for 'grep' - found /usr/bin/grep
[09:02:13] Looking for 'hmmpress' - found /home/joao_facio/miniconda3/envs/prokka/bin/hmmpress
[09:02:13] Determined hmmpress version is 003004 from '# HMMER 3.4 (Aug 2023); http://hmmer.org/'
[09:02:13] Looking for 'hmmscan' - found /home/joao_facio/miniconda3/envs/prokka/bin/hmmscan
[09:02:13] Determined hmmscan version is 003004 from '# HMMER 3.4 (Aug 2023); http://hmmer.org/'
[09:02:13] Looking for 'java' - found /home/joao_facio/miniconda3/envs/prokka/bin/java
[09:02:13] Looking for 'makeblastdb' - found /home/joao_facio/miniconda3/envs/prokka/bin/makeblastdb
[09:02:13] Determined makeblastdb version is 002016 from 'makeblastdb: 2.16.0+'
[09:02:13] Looking for 'minced' - found /home/joao_facio/miniconda3/envs/prokka/bin/minced
[09:02:13] Determined minced version is 004002 from 'minced 0.4.2'
[09:02:13] Looking for 'parallel' - found /home/joao_facio/miniconda3/envs/prokka/bin/parallel
[09:02:13] Determined parallel version is 20251122 from 'GNU parallel 20251122'
[09:02:13] Looking for 'prodigal' - found /home/joao_facio/miniconda3/envs/prokka/bin/prodigal
[09:02:13] Determined prodigal version is 002006 from 'Prodigal V2.6.3: February, 2016'
[09:02:13] Looking for 'prokka-genbank_to_fasta_db' - found /home/joao_facio/miniconda3/envs/prokka/bin/prokka-genbank_to_fasta_db
[09:02:13] Looking for 'sed' - found /usr/bin/sed
[09:02:13] Looking for 'tbl2asn' - found /home/joao_facio/miniconda3/envs/prokka/bin/tbl2asn
[09:02:13] Determined tbl2asn version is 025007 from 'tbl2asn 25.7   arguments:'
[09:02:13] Using genetic code table 11.
[09:02:13] Loading and checking input file: /tmp/tmp6gns85ah/GOMC.bin.12194.fa
[09:02:13] Wrote 516 contigs totalling 3599311 bp.
[09:02:13] Predicting tRNAs and tmRNAs
[09:02:13] Running: aragorn -l -gc11  -w \.\.\/\.\.\/Data\/Chen_Analysis\/Prokka\/Bacteria\/GOMC\.bin\.12194\/GOMC\.bin\.12194\.fna
[09:02:14] 1 tRNA-Thr [1139,1214] 34 (tgt)
[09:02:14] 1 tRNA-Asp c[1927,2004] 35 (gtc)
[09:02:14] 1 tRNA-Val [12078,12154] 35 (gac)
[09:02:15] 1 tRNA-Leu c[4334,4421] 35 (gag)
[09:02:15] 1 tRNA-Val c[4883,4975] 35 (gac)
[09:02:15] 1 tRNA-Met c[1858,1934] 35 (cat)
[09:02:15] 1 tRNA-Thr c[1823,1898] 34 (cgt)
[09:02:15] 1 tRNA-His [109,183] 33 (gtg)
[09:02:15] 1 tRNA-Ser c[19464,19553] 35 (cga)
[09:02:15] 1 tRNA-Leu [11367,11451] 35 (tag)
[09:02:15] 1 tRNA-Met [1948,2022] 35 (cat)
[09:02:15] 1 tRNA-Pro c[85,161] 35 (tgg)
[09:02:15] 1 tRNA-Lys c[4342,4417] 34 (ttt)
[09:02:15] 1 tRNA-Arg c[4262,4338] 35 (acg)
[09:02:15] 1 tRNA-Leu [6830,6916] 35 (cag)
[09:02:15] 1 tRNA-Asn c[9,84] 34 (gtt)
[09:02:15] 1 tRNA-Tyr [3852,3939] 35 (gta)
[09:02:15] 1 tRNA-Arg [8694,8769] 34 (cct)
[09:02:15] 1 tRNA-SeC [1027,1122] 36 (tca)
[09:02:15] 1 tmRNA c[1158,1522] 92,124 ANDERYALAA*
[09:02:15] 1 tRNA-Met c[1,77] 35 (cat)
[09:02:15] 2 tRNA-Ser c[3022,3112] 35 (gga)
[09:02:15] 1 tRNA-Ser c[3284,3376] 35 (gct)
[09:02:15] 1 tRNA-Ala c[3375,3450] 34 (cgc)
[09:02:15] 1 tRNA-Arg [24,100] 35 (ccg)
[09:02:15] 1 tRNA-Gln [785,861] 35 (ttg)
[09:02:15] Found 26 tRNAs
[09:02:15] Predicting Ribosomal RNAs
[09:02:15] Running Barrnap with 4 threads
[09:02:16] Found 0 rRNAs
[09:02:16] Skipping ncRNA search, enable with --rfam if desired.
[09:02:16] Total of 25 tRNA + rRNA features
[09:02:16] Searching for CRISPR repeats
[09:02:16] Found 0 CRISPRs
[09:02:16] Predicting coding sequences
[09:02:16] Contigs total 3599311 bp, so using single mode
[09:02:16] Running: prodigal -i \.\.\/\.\.\/Data\/Chen_Analysis\/Prokka\/Bacteria\/GOMC\.bin\.12194\/GOMC\.bin\.12194\.fna -c -m -g 11 -p single -f sco -q
[09:02:18] Excluding CDS which overlaps existing RNA (tRNA) at k63_2650400:1150..2433 on - strand
[09:02:18] Excluding CDS which overlaps existing RNA (tRNA) at k63_6860732:1905..2813 on - strand
[09:02:18] Excluding CDS which overlaps existing RNA (tRNA) at k63_94749:3889..5031 on + strand
[09:02:19] Excluding CDS which overlaps existing RNA (tRNA) at k63_2948595:10..1074 on + strand
[09:02:19] Found 3529 CDS
[09:02:19] Connecting features back to sequences
[09:02:19] Not using genus-specific database. Try --usegenus to enable it.
[09:02:19] Annotating CDS, please be patient.
[09:02:19] Will use 4 CPUs for similarity searching.
[09:02:19] There are still 3529 unannotated CDS left (started with 3529)
[09:02:19] Will use blast to search against /home/joao_facio/miniconda3/envs/prokka/db/kingdom/Bacteria/IS with 4 CPUs
[09:02:19] Running: cat \.\.\/\.\.\/Data\/Chen_Analysis\/Prokka\/Bacteria\/GOMC\.bin\.12194\/GOMC\.bin\.12194\.IS\.tmp\.3323359\.faa | parallel --gnu --plain -j 4 --block 134494 --recstart '>' --pipe blastp -query - -db /home/joao_facio/miniconda3/envs/prokka/db/kingdom/Bacteria/IS -evalue 1e-30 -qcov_hsp_perc 90 -num_threads 1 -num_descriptions 1 -num_alignments 1 -seg no > \.\.\/\.\.\/Data\/Chen_Analysis\/Prokka\/Bacteria\/GOMC\.bin\.12194\/GOMC\.bin\.12194\.IS\.tmp\.3323359\.blast 2> /dev/null
[09:02:30] Deleting unwanted file: ../../Data/Chen_Analysis/Prokka/Bacteria/GOMC.bin.12194/GOMC.bin.12194.IS.tmp.3323359.faa
[09:02:30] Deleting unwanted file: ../../Data/Chen_Analysis/Prokka/Bacteria/GOMC.bin.12194/GOMC.bin.12194.IS.tmp.3323359.blast
[09:02:30] There are still 3525 unannotated CDS left (started with 3529)
[09:02:30] Will use blast to search against /home/joao_facio/miniconda3/envs/prokka/db/kingdom/Bacteria/AMR with 4 CPUs
[09:02:30] Running: cat \.\.\/\.\.\/Data\/Chen_Analysis\/Prokka\/Bacteria\/GOMC\.bin\.12194\/GOMC\.bin\.12194\.AMR\.tmp\.3323359\.faa | parallel --gnu --plain -j 4 --block 134354 --recstart '>' --pipe blastp -query - -db /home/joao_facio/miniconda3/envs/prokka/db/kingdom/Bacteria/AMR -evalue 1e-300 -qcov_hsp_perc 90 -num_threads 1 -num_descriptions 1 -num_alignments 1 -seg no > \.\.\/\.\.\/Data\/Chen_Analysis\/Prokka\/Bacteria\/GOMC\.bin\.12194\/GOMC\.bin\.12194\.AMR\.tmp\.3323359\.blast 2> /dev/null
[09:02:38] Deleting unwanted file: ../../Data/Chen_Analysis/Prokka/Bacteria/GOMC.bin.12194/GOMC.bin.12194.AMR.tmp.3323359.faa
[09:02:38] Deleting unwanted file: ../../Data/Chen_Analysis/Prokka/Bacteria/GOMC.bin.12194/GOMC.bin.12194.AMR.tmp.3323359.blast
[09:02:39] There are still 3525 unannotated CDS left (started with 3529)
[09:02:39] Will use blast to search against /home/joao_facio/miniconda3/envs/prokka/db/kingdom/Bacteria/sprot with 4 CPUs
[09:02:39] Running: cat \.\.\/\.\.\/Data\/Chen_Analysis\/Prokka\/Bacteria\/GOMC\.bin\.12194\/GOMC\.bin\.12194\.sprot\.tmp\.3323359\.faa | parallel --gnu --plain -j 4 --block 134354 --recstart '>' --pipe blastp -query - -db /home/joao_facio/miniconda3/envs/prokka/db/kingdom/Bacteria/sprot -evalue 1e-09 -qcov_hsp_perc 80 -num_threads 1 -num_descriptions 1 -num_alignments 1 -seg no > \.\.\/\.\.\/Data\/Chen_Analysis\/Prokka\/Bacteria\/GOMC\.bin\.12194\/GOMC\.bin\.12194\.sprot\.tmp\.3323359\.blast 2> /dev/null
[09:03:24] Modify product: Probable DNA endonuclease SmrA => putative DNA endonuclease SmrA
[09:03:24] Modify product: UPF0102 protein RPA0323 => hypothetical protein
[09:03:24] Modify product: UPF0065 protein in clcB-clcD intergenic region => hypothetical protein
[09:03:24] Modify product: Probable HTH-type transcriptional regulator YgaV => putative HTH-type transcriptional regulator YgaV
[09:03:24] Modify product: Uncharacterized acyl-CoA thioester hydrolase HI_0827 => putative acyl-CoA thioester hydrolase
[09:03:24] Modify product: Uncharacterized ABC transporter ATP-binding protein YknY => putative ABC transporter ATP-binding protein YknY
[09:03:25] Modify product: Probable enoyl-CoA hydratase echA8 => putative enoyl-CoA hydratase echA8
[09:03:25] Modify product: Uncharacterized protein TP_0956 => putative protein
[09:03:25] Modify product: Uncharacterized HTH-type transcriptional regulator YurK => putative HTH-type transcriptional regulator YurK
[09:03:25] Modify product: Uncharacterized protein Rv2569c => putative protein
[09:03:25] Modify product: Uncharacterized protein Rv2411c => putative protein
[09:03:25] Modify product: Probable quinol monooxygenase YgiN => putative quinol monooxygenase YgiN
[09:03:25] Modify product: Acetyltransferase SACOL1063 => Acetyltransferase
[09:03:25] Modify product: Probable thiol:disulfide interchange protein DsbC => putative thiol:disulfide interchange protein DsbC
[09:03:25] Modify product: Probable 3-hydroxybutyryl-CoA dehydrogenase => putative 3-hydroxybutyryl-CoA dehydrogenase
[09:03:25] Modify product: Solute-binding protein Bpro_4736 => Solute-binding protein
[09:03:25] Modify product: Uncharacterized FAD-linked oxidoreductase Rv2280 => putative FAD-linked oxidoreductase
[09:03:25] Modify product: Probable sulfate transporter Rv1739c => putative sulfate transporter
[09:03:25] Modify product: Probable enoyl-CoA hydratase echA8 => putative enoyl-CoA hydratase echA8
[09:03:25] Modify product: UPF0053 inner membrane protein YfjD => hypothetical protein
[09:03:25] Modify product: Putative esterase Rv1847 => Putative esterase
[09:03:25] Modify product: Probable anti-sigma-F factor NrsF => putative anti-sigma-F factor NrsF
[09:03:25] Modify product: UPF0276 protein CCNA_03000 => hypothetical protein
[09:03:25] Modify product: Probable enoyl-CoA hydratase echA12 => putative enoyl-CoA hydratase echA12
[09:03:25] Modify product: UPF0434 protein CV_3345 => hypothetical protein
[09:03:25] Modify product: Probable ATP-dependent DNA helicase YoaA => putative ATP-dependent DNA helicase YoaA
[09:03:25] Modify product: Probable 2,4-dienoyl-CoA reductase => putative 2,4-dienoyl-CoA reductase
[09:03:25] Modify product: Uncharacterized protease YhbU => putative protease YhbU
[09:03:25] Modify product: Probable enoyl-CoA hydratase echA8 => putative enoyl-CoA hydratase echA8
[09:03:25] Modify product: Segregation and condensation protein B homolog => Segregation and condensation protein B 
[09:03:25] Modify product: Uncharacterized protein Rv2913c => putative protein
[09:03:25] Modify product: Uncharacterized oxidoreductase YgfF => putative oxidoreductase YgfF
[09:03:25] Modify product: Probable parvulin-type peptidyl-prolyl cis-trans isomerase => putative parvulin-type peptidyl-prolyl cis-trans isomerase
[09:03:25] Modify product: Virulence protein STM3117 => Virulence protein
[09:03:25] Modify product: UPF0394 inner membrane protein YeeE => hypothetical protein
[09:03:25] Modify product: Probable transcriptional regulatory protein CBU_1566 => putative transcriptional regulatory protein
[09:03:25] Modify product: Probable 3-phenylpropionic acid transporter => putative 3-phenylpropionic acid transporter
[09:03:25] Modify product: Solute-binding protein Dde_0634 => Solute-binding protein
[09:03:25] Modify product: Cyclic di-GMP phosphodiesterase PA4781 => Cyclic di-GMP phosphodiesterase
[09:03:25] Modify product: UPF0307 protein YjgA => hypothetical protein
[09:03:25] Modify product: UPF0311 protein RPA1785 => hypothetical protein
[09:03:25] Modify product: Uncharacterized aminopeptidase Rv1333 => putative aminopeptidase
[09:03:25] Modify product: Probable sulfoacetate transporter SauU => putative sulfoacetate transporter SauU
[09:03:25] Modify product: Uncharacterized protein Rv2307c => putative protein
[09:03:25] Modify product: Cyclic di-GMP phosphodiesterase PA4108 => Cyclic di-GMP phosphodiesterase
[09:03:25] Modify product: Probable methylmalonyl-CoA mutase large subunit => putative methylmalonyl-CoA mutase large subunit
[09:03:25] Modify product: Probable protein kinase UbiB => putative protein kinase UbiB
[09:03:25] Modify product: Probable ABC transporter permease protein HI_1471 => putative ABC transporter permease protein
[09:03:25] Modify product: Uncharacterized ABC transporter ATP-binding protein HI_1470 => putative ABC transporter ATP-binding protein
[09:03:25] Modify product: Probable chromate transport protein => putative chromate transport protein
[09:03:25] Modify product: Probable 4-amino-4-deoxy-L-arabinose-phosphoundecaprenol flippase subunit ArnF => putative 4-amino-4-deoxy-L-arabinose-phosphoundecaprenol flippase subunit ArnF
[09:03:25] Modify product: UPF0250 protein YbeD => hypothetical protein
[09:03:25] Modify product: Probable cystine transporter YijE => putative cystine transporter YijE
[09:03:25] Modify product: Uncharacterized protein Rv2232 => putative protein
[09:03:25] Modify product: Probable D,D-dipeptide transport ATP-binding protein DdpF => putative D,D-dipeptide transport ATP-binding protein DdpF
[09:03:25] Modify product: Uncharacterized signaling protein PA1727 => putative signaling protein
[09:03:25] Modify product: Probable 2-dehydro-3-deoxy-D-pentonate aldolase YjhH => putative 2-dehydro-3-deoxy-D-pentonate aldolase YjhH
[09:03:25] Modify product: Probable 2-phosphosulfolactate phosphatase => putative 2-phosphosulfolactate phosphatase
[09:03:25] Modify product: Probable phosphatase Rv3661 => putative phosphatase
[09:03:25] Modify product: Probable enoyl-CoA hydratase echA8 => putative enoyl-CoA hydratase echA8
[09:03:25] Modify product: Uncharacterized amino acid permease YhdG => putative amino acid permease YhdG
[09:03:25] Modify product: Uncharacterized ABC transporter ATP-binding protein YadG => putative ABC transporter ATP-binding protein YadG
[09:03:25] Modify product: Probable trans-aconitate 2-methyltransferase => putative trans-aconitate 2-methyltransferase
[09:03:25] Modify product: Probable aminotransferase Rv3329 => putative aminotransferase
[09:03:25] Modify product: Uncharacterized ABC transporter ATP-binding protein YheS => putative ABC transporter ATP-binding protein YheS
[09:03:25] Modify product: Putative quercetin 2,3-dioxygenase Rv0181c => Putative quercetin 2,3-dioxygenase
[09:03:25] Modify product: Probable enoyl-CoA hydratase 1 => putative enoyl-CoA hydratase 1
[09:03:25] Modify product: Probable lipid II flippase MurJ => putative lipid II flippase MurJ
[09:03:25] Modify product: Uncharacterized ferredoxin-like protein HI_0527 => putative ferredoxin-like protein
[09:03:25] Modify product: Uncharacterized protein YqeY => putative protein YqeY
[09:03:25] Modify product: Probable enoyl-CoA hydratase echA8 => putative enoyl-CoA hydratase echA8
[09:03:25] Modify product: Uncharacterized ABC transporter ATP-binding protein YknY => putative ABC transporter ATP-binding protein YknY
[09:03:25] Modify product: Uncharacterized ABC transporter ATP-binding protein YadG => putative ABC transporter ATP-binding protein YadG
[09:03:25] Modify product: UPF0382 membrane protein YwdK => hypothetical protein
[09:03:25] Modify product: Ribonuclease TTHA0252 => Ribonuclease
[09:03:25] Modify product: Glycogen operon protein GlgX homolog => Glycogen operon protein GlgX 
[09:03:25] Modify product: UPF0178 protein YaiI => hypothetical protein
[09:03:25] Modify product: UPF0311 protein CA_C3321 => hypothetical protein
[09:03:25] Modify product: UPF0053 inner membrane protein YgdQ => hypothetical protein
[09:03:25] Modify product: Uncharacterized FAD-linked oxidoreductase Rv2280 => putative FAD-linked oxidoreductase
[09:03:25] Modify product: Leu/Ile/Val-binding protein homolog 3 => Leu/Ile/Val-binding protein 
[09:03:25] Modify product: Uncharacterized protein Rv0628c => putative protein
[09:03:25] Modify product: Uncharacterized ABC transporter ATP-binding protein YknY => putative ABC transporter ATP-binding protein YknY
[09:03:25] Modify product: Stringent starvation protein A homolog => Stringent starvation protein A 
[09:03:25] Modify product: Probable bifunctional transcriptional activator/DNA repair enzyme AlkA => putative bifunctional transcriptional activator/DNA repair enzyme AlkA
[09:03:25] Modify product: Bifunctional protein FolD => Bifunctional protein FolD protein
[09:03:25] Modify product: Probable ketoamine kinase HMPREF0351_12196 => putative ketoamine kinase
[09:03:25] Modify product: Monocarboxylate 2-oxoacid-binding periplasmic protein all3028 => Monocarboxylate 2-oxoacid-binding periplasmic protein
[09:03:25] Modify product: Probable alcohol dehydrogenase AdhA => putative alcohol dehydrogenase AdhA
[09:03:25] Modify product: Cytochrome b561 homolog 1 => Cytochrome b561 
[09:03:25] Modify product: Uncharacterized protein Rv1318c => putative protein
[09:03:25] Modify product: Uncharacterized protein Rv2004c => putative protein
[09:03:25] Modify product: Uncharacterized protein YccU => putative protein YccU
[09:03:25] Modify product: Uncharacterized protein PA3435 => putative protein
[09:03:25] Modify product: Probable ABC transporter phosphite binding protein PhnD1 => putative ABC transporter phosphite binding protein PhnD1
[09:03:25] Modify product: Uncharacterized protein HI_1163 => putative protein
[09:03:25] Modify product: Probable GTP-binding protein EngB => putative GTP-binding protein EngB
[09:03:25] Modify product: Probable UbiX-like flavin prenyltransferase => putative UbiX-like flavin prenyltransferase
[09:03:25] Modify product: Probable sulfoacetate transporter SauU => putative sulfoacetate transporter SauU
[09:03:25] Modify product: Uncharacterized oxidoreductase SA2266 => putative oxidoreductase
[09:03:25] Modify product: Uncharacterized protein NMB0928 => putative protein
[09:03:25] Modify product: Uncharacterized GST-like protein YibF => putative GST-like protein YibF
[09:03:25] Modify product: Uncharacterized oxidoreductase SA2266 => putative oxidoreductase
[09:03:25] Modify product: Probable Fe(2+)-trafficking protein => putative Fe(2+)-trafficking protein
[09:03:25] Modify product: Probable amino-acid import ATP-binding protein YxeO => putative amino-acid import ATP-binding protein YxeO
[09:03:25] Modify product: Uncharacterized methyltransferase YcgJ => putative methyltransferase YcgJ
[09:03:25] Modify product: Probable N-acetyl-LL-diaminopimelate aminotransferase => putative N-acetyl-LL-diaminopimelate aminotransferase
[09:03:25] Modify product: Uncharacterized protein Rv2913c => putative protein
[09:03:25] Modify product: Probable peptidoglycan glycosyltransferase FtsW => putative peptidoglycan glycosyltransferase FtsW
[09:03:25] Modify product: Probable chromosome-partitioning protein ParB => putative chromosome-partitioning protein ParB
[09:03:25] Modify product: Probable type II secretion system protein HxcR => putative type II secretion system protein HxcR
[09:03:25] Modify product: Probable tartrate dehydrogenase/decarboxylase TtuC => putative tartrate dehydrogenase/decarboxylase TtuC
[09:03:25] Modify product: Uncharacterized protein YaeQ => putative protein YaeQ
[09:03:25] Modify product: UPF0125 protein HI_0395 => hypothetical protein
[09:03:25] Modify product: Putative low molecular weight protein-tyrosine-phosphatase slr0328 => Putative low molecular weight protein-tyrosine-phosphatase
[09:03:25] Modify product: Probable sulfoacetate--CoA ligase => putative sulfoacetate--CoA ligase
[09:03:25] Modify product: Probable N-octanoylanthranilate hydrolase AqdA1 => putative N-octanoylanthranilate hydrolase AqdA1
[09:03:25] Modify product: Uncharacterized FAD-linked oxidoreductase Rv2280 => putative FAD-linked oxidoreductase
[09:03:25] Modify product: Uncharacterized protein Rv3400 => putative protein
[09:03:25] Modify product: Probable cyclic di-GMP phosphodiesterase PdeC => putative cyclic di-GMP phosphodiesterase PdeC
[09:03:25] Modify product: UPF0701 protein YicC => hypothetical protein
[09:03:25] Modify product: Uncharacterized protein Rv0897c => putative protein
[09:03:25] Modify product: Uncharacterized protein Rv2569c => putative protein
[09:03:25] Modify product: Uncharacterized protein HI_0291 => putative protein
[09:03:25] Modify product: UPF0173 metal-dependent hydrolase SA1529 => hypothetical protein
[09:03:25] Modify product: Probable cation-transporting ATPase F => putative cation-transporting ATPase F
[09:03:25] Modify product: UPF0301 protein AlgH => hypothetical protein
[09:03:25] Modify product: Probable butyrate:acetyl-CoA coenzyme A-transferase => putative butyrate:acetyl-CoA coenzyme A-transferase
[09:03:25] Modify product: Probable malonic semialdehyde reductase RutE => putative malonic semialdehyde reductase RutE
[09:03:25] Modify product: Uncharacterized isomerase YddE => putative isomerase YddE
[09:03:25] Modify product: Uncharacterized oxidoreductase Rv1144 => putative oxidoreductase
[09:03:25] Modify product: Uncharacterized protein YciO => putative protein YciO
[09:03:25] Modify product: Uncharacterized protein HI_1163 => putative protein
[09:03:25] Modify product: UPF0070 protein HI_0370 => hypothetical protein
[09:03:25] Modify product: Dihydroorotate dehydrogenase B (NAD(+)), electron transfer subunit homolog => Dihydroorotate dehydrogenase B (NAD(+)), electron transfer subunit 
[09:03:25] Modify product: Putative multidrug export ATP-binding/permease protein SAV1866 => Putative multidrug export ATP-binding/permease protein
[09:03:25] Modify product: Leu/Ile/Val-binding protein homolog 3 => Leu/Ile/Val-binding protein 
[09:03:26] Modify product: Zinc-type alcohol dehydrogenase-like protein SA1988 => Zinc-type alcohol dehydrogenase-like protein
[09:03:26] Modify product: UPF0311 protein RPA1785 => hypothetical protein
[09:03:26] Modify product: Monocarboxylate 2-oxoacid-binding periplasmic protein all3028 => Monocarboxylate 2-oxoacid-binding periplasmic protein
[09:03:26] Modify product: GTP cyclohydrolase 1 type 2 homolog => GTP cyclohydrolase 1 type 2 
[09:03:26] Modify product: UPF0758 protein YsxA => hypothetical protein
[09:03:26] Modify product: UPF0234 protein XC_3703 => hypothetical protein
[09:03:26] Modify product: Uncharacterized GST-like protein YibF => putative GST-like protein YibF
[09:03:26] Modify product: Monocarboxylate 2-oxoacid-binding periplasmic protein all3028 => Monocarboxylate 2-oxoacid-binding periplasmic protein
[09:03:26] Modify product: Probable lipoprotein YiaD => putative lipoprotein YiaD
[09:03:26] Modify product: Uncharacterized protein Rv2003c => putative protein
[09:03:26] Modify product: Uncharacterized protein YisK => putative protein YisK
[09:03:26] Modify product: Probable nicotinate-nucleotide adenylyltransferase => putative nicotinate-nucleotide adenylyltransferase
[09:03:26] Cleaned 149 /product names
[09:03:26] Deleting unwanted file: ../../Data/Chen_Analysis/Prokka/Bacteria/GOMC.bin.12194/GOMC.bin.12194.sprot.tmp.3323359.faa
[09:03:26] Deleting unwanted file: ../../Data/Chen_Analysis/Prokka/Bacteria/GOMC.bin.12194/GOMC.bin.12194.sprot.tmp.3323359.blast
[09:03:26] There are still 1724 unannotated CDS left (started with 3529)
[09:03:26] Will use hmmer3 to search against /home/joao_facio/miniconda3/envs/prokka/db/hmm/HAMAP.hmm with 4 CPUs
[09:03:26] Running: cat \.\.\/\.\.\/Data\/Chen_Analysis\/Prokka\/Bacteria\/GOMC\.bin\.12194\/GOMC\.bin\.12194\.HAMAP\.hmm\.tmp\.3323359\.faa | parallel --gnu --plain -j 4 --block 59686 --recstart '>' --pipe hmmscan --noali --notextw --acc -E 1e-09 --cpu 1 /home/joao_facio/miniconda3/envs/prokka/db/hmm/HAMAP.hmm /dev/stdin > \.\.\/\.\.\/Data\/Chen_Analysis\/Prokka\/Bacteria\/GOMC\.bin\.12194\/GOMC\.bin\.12194\.HAMAP\.hmm\.tmp\.3323359\.hmmer3 2> /dev/null
[09:03:37] Modify product: Uncharacterized Nudix hydrolase NudL => putative Nudix hydrolase NudL
[09:03:37] Cleaned 1 /product names
[09:03:37] Deleting unwanted file: ../../Data/Chen_Analysis/Prokka/Bacteria/GOMC.bin.12194/GOMC.bin.12194.HAMAP.hmm.tmp.3323359.faa
[09:03:37] Deleting unwanted file: ../../Data/Chen_Analysis/Prokka/Bacteria/GOMC.bin.12194/GOMC.bin.12194.HAMAP.hmm.tmp.3323359.hmmer3
[09:03:37] Labelling remaining 1475 proteins as 'hypothetical protein'
[09:03:37] Possible /pseudo 'D-inositol-3-phosphate glycosyltransferase' at k63_9351 position 4414
[09:03:37] Possible /pseudo 'Trk system potassium uptake protein TrkH' at k63_2116080 position 12903
[09:03:37] Possible /pseudo 'Thiol:disulfide interchange protein DsbA' at k63_2641869 position 1612
[09:03:37] Possible /pseudo 'Macrolide export ATP-binding/permease protein MacB' at k63_7364448 position 2808
[09:03:37] Possible /pseudo 'Pyruvate dehydrogenase E1 component' at k63_3181605 position 6500
[09:03:37] Possible /pseudo 'Bifunctional polymyxin resistance protein ArnA' at k63_6860732 position 3872
[09:03:37] Possible /pseudo 'Guanidinium exporter' at k63_5295259 position 3400
[09:03:37] Possible /pseudo 'Acetoacetyl-CoA reductase' at k63_3291224 position 1045
[09:03:37] Possible /pseudo '3-oxoacyl-[acyl-carrier-protein] synthase 2' at k63_6453441 position 3328
[09:03:37] Possible /pseudo 'Phosphate-import permease protein PhnE' at k63_2837326 position 32386
[09:03:37] Possible /pseudo '3-oxoacyl-[acyl-carrier-protein] reductase FabG' at k63_205909 position 1503
[09:03:37] Possible /pseudo 'Twitching mobility protein' at k63_1794253 position 8126
[09:03:37] Possible /pseudo 'Acetyl-CoA:oxalate CoA-transferase' at k63_326603 position 2997
[09:03:37] Found 1441 unique /gene codes.
[09:03:37] Fixed 2 duplicate /gene - yibF_1 yibF_2
[09:03:37] Fixed 2 duplicate /gene - teaD_1 teaD_2
[09:03:37] Fixed 2 duplicate /gene - sfrB_1 sfrB_2
[09:03:37] Fixed 4 duplicate /gene - COQ5_1 COQ5_2 COQ5_3 COQ5_4
[09:03:37] Fixed 2 duplicate /gene - mshA_1 mshA_2
[09:03:37] Fixed 2 duplicate /gene - oxyR_1 oxyR_2
[09:03:37] Fixed 2 duplicate /gene - mcm_1 mcm_2
[09:03:37] Fixed 2 duplicate /gene - araC_1 araC_2
[09:03:37] Fixed 2 duplicate /gene - gci_1 gci_2
[09:03:37] Fixed 3 duplicate /gene - cdhA_1 cdhA_2 cdhA_3
[09:03:37] Fixed 2 duplicate /gene - mdtE_1 mdtE_2
[09:03:37] Fixed 2 duplicate /gene - cmk_1 cmk_2
[09:03:37] Fixed 3 duplicate /gene - ddl_1 ddl_2 ddl_3
[09:03:37] Fixed 2 duplicate /gene - sauU_1 sauU_2
[09:03:37] Fixed 2 duplicate /gene - amnD_1 amnD_2
[09:03:37] Fixed 9 duplicate /gene - rcsC_1 rcsC_2 rcsC_3 rcsC_4 rcsC_5 rcsC_6 rcsC_7 rcsC_8 rcsC_9
[09:03:37] Fixed 2 duplicate /gene - hcrA_1 hcrA_2
[09:03:37] Fixed 2 duplicate /gene - cspD_1 cspD_2
[09:03:37] Fixed 4 duplicate /gene - qorA_1 qorA_2 qorA_3 qorA_4
[09:03:37] Fixed 2 duplicate /gene - ilvG_1 ilvG_2
[09:03:37] Fixed 2 duplicate /gene - aroK_1 aroK_2
[09:03:37] Fixed 2 duplicate /gene - gcvH_1 gcvH_2
[09:03:37] Fixed 2 duplicate /gene - nrtD_1 nrtD_2
[09:03:37] Fixed 4 duplicate /gene - fbp_1 fbp_2 fbp_3 fbp_4
[09:03:37] Fixed 10 duplicate /gene - fabG_1 fabG_2 fabG_3 fabG_4 fabG_5 fabG_6 fabG_7 fabG_8 fabG_9 fabG_10
[09:03:37] Fixed 2 duplicate /gene - trxC_1 trxC_2
[09:03:37] Fixed 2 duplicate /gene - acdA_1 acdA_2
[09:03:37] Fixed 3 duplicate /gene - namA_1 namA_2 namA_3
[09:03:37] Fixed 2 duplicate /gene - ftsA_1 ftsA_2
[09:03:37] Fixed 4 duplicate /gene - aam_1 aam_2 aam_3 aam_4
[09:03:37] Fixed 12 duplicate /gene - livF_1 livF_2 livF_3 livF_4 livF_5 livF_6 livF_7 livF_8 livF_9 livF_10 livF_11 livF_12
[09:03:37] Fixed 4 duplicate /gene - htpX_1 htpX_2 htpX_3 htpX_4
[09:03:37] Fixed 2 duplicate /gene - pcm_1 pcm_2
[09:03:37] Fixed 5 duplicate /gene - lcfB_1 lcfB_2 lcfB_3 lcfB_4 lcfB_5
[09:03:37] Fixed 3 duplicate /gene - frdB_1 frdB_2 frdB_3
[09:03:37] Fixed 2 duplicate /gene - nanT_1 nanT_2
[09:03:37] Fixed 2 duplicate /gene - gsiD_1 gsiD_2
[09:03:37] Fixed 3 duplicate /gene - cutL_1 cutL_2 cutL_3
[09:03:37] Fixed 2 duplicate /gene - ribN_1 ribN_2
[09:03:37] Fixed 3 duplicate /gene - dksA_1 dksA_2 dksA_3
[09:03:37] Fixed 10 duplicate /gene - lptB_1 lptB_2 lptB_3 lptB_4 lptB_5 lptB_6 lptB_7 lptB_8 lptB_9 lptB_10
[09:03:37] Fixed 2 duplicate /gene - gnl_1 gnl_2
[09:03:37] Fixed 2 duplicate /gene - acsA_1 acsA_2
[09:03:37] Fixed 2 duplicate /gene - icmF_1 icmF_2
[09:03:37] Fixed 2 duplicate /gene - yadH_1 yadH_2
[09:03:37] Fixed 2 duplicate /gene - moeA_1 moeA_2
[09:03:37] Fixed 2 duplicate /gene - ntrC_1 ntrC_2
[09:03:37] Fixed 2 duplicate /gene - fadJ_1 fadJ_2
[09:03:37] Fixed 2 duplicate /gene - epsE_1 epsE_2
[09:03:37] Fixed 2 duplicate /gene - cpoB_1 cpoB_2
[09:03:37] Fixed 2 duplicate /gene - lemA_1 lemA_2
[09:03:37] Fixed 3 duplicate /gene - ilvI_1 ilvI_2 ilvI_3
[09:03:37] Fixed 2 duplicate /gene - mdlC_1 mdlC_2
[09:03:37] Fixed 3 duplicate /gene - bclA_1 bclA_2 bclA_3
[09:03:37] Fixed 2 duplicate /gene - fabI_1 fabI_2
[09:03:37] Fixed 3 duplicate /gene - ligK_1 ligK_2 ligK_3
[09:03:37] Fixed 3 duplicate /gene - ligA_1 ligA_2 ligA_3
[09:03:37] Fixed 3 duplicate /gene - gsiC_1 gsiC_2 gsiC_3
[09:03:37] Fixed 2 duplicate /gene - pncB2_1 pncB2_2
[09:03:37] Fixed 2 duplicate /gene - queG_1 queG_2
[09:03:37] Fixed 5 duplicate /gene - sasA_1 sasA_2 sasA_3 sasA_4 sasA_5
[09:03:37] Fixed 2 duplicate /gene - lutA_1 lutA_2
[09:03:37] Fixed 2 duplicate /gene - lplT_1 lplT_2
[09:03:37] Fixed 2 duplicate /gene - ltnD_1 ltnD_2
[09:03:37] Fixed 12 duplicate /gene - livH_1 livH_2 livH_3 livH_4 livH_5 livH_6 livH_7 livH_8 livH_9 livH_10 livH_11 livH_12
[09:03:37] Fixed 2 duplicate /gene - tsaC1_1 tsaC1_2
[09:03:37] Fixed 2 duplicate /gene - lapB_1 lapB_2
[09:03:37] Fixed 2 duplicate /gene - cdsA_1 cdsA_2
[09:03:37] Fixed 3 duplicate /gene - acs_1 acs_2 acs_3
[09:03:37] Fixed 2 duplicate /gene - dmlR_1 dmlR_2
[09:03:37] Fixed 2 duplicate /gene - tusA_1 tusA_2
[09:03:37] Fixed 2 duplicate /gene - ascD_1 ascD_2
[09:03:37] Fixed 3 duplicate /gene - glxR_1 glxR_2 glxR_3
[09:03:37] Fixed 2 duplicate /gene - yciC_1 yciC_2
[09:03:37] Fixed 3 duplicate /gene - nsaD_1 nsaD_2 nsaD_3
[09:03:37] Fixed 2 duplicate /gene - gdx_1 gdx_2
[09:03:37] Fixed 3 duplicate /gene - gshA_1 gshA_2 gshA_3
[09:03:37] Fixed 2 duplicate /gene - fadH_1 fadH_2
[09:03:37] Fixed 2 duplicate /gene - cloR_1 cloR_2
[09:03:37] Fixed 2 duplicate /gene - ftsH_1 ftsH_2
[09:03:37] Fixed 3 duplicate /gene - paaF_1 paaF_2 paaF_3
[09:03:37] Fixed 4 duplicate /gene - metE_1 metE_2 metE_3 metE_4
[09:03:37] Fixed 3 duplicate /gene - yknY_1 yknY_2 yknY_3
[09:03:37] Fixed 2 duplicate /gene - tolQ_1 tolQ_2
[09:03:37] Fixed 2 duplicate /gene - argF_1 argF_2
[09:03:37] Fixed 4 duplicate /gene - hcaB_1 hcaB_2 hcaB_3 hcaB_4
[09:03:37] Fixed 5 duplicate /gene - menH_1 menH_2 menH_3 menH_4 menH_5
[09:03:37] Fixed 4 duplicate /gene - bepE_1 bepE_2 bepE_3 bepE_4
[09:03:37] Fixed 3 duplicate /gene - apc4_1 apc4_2 apc4_3
[09:03:37] Fixed 4 duplicate /gene - rbn_1 rbn_2 rbn_3 rbn_4
[09:03:37] Fixed 2 duplicate /gene - ntcA_1 ntcA_2
[09:03:37] Fixed 2 duplicate /gene - msrB_1 msrB_2
[09:03:37] Fixed 2 duplicate /gene - bcp_1 bcp_2
[09:03:37] Fixed 2 duplicate /gene - esiB_1 esiB_2
[09:03:37] Fixed 3 duplicate /gene - lnrL_1 lnrL_2 lnrL_3
[09:03:37] Fixed 3 duplicate /gene - sctC_1 sctC_2 sctC_3
[09:03:37] Fixed 3 duplicate /gene - IMPDH_1 IMPDH_2 IMPDH_3
[09:03:37] Fixed 4 duplicate /gene - panE_1 panE_2 panE_3 panE_4
[09:03:37] Fixed 2 duplicate /gene - soeA_1 soeA_2
[09:03:37] Fixed 3 duplicate /gene - gatA_1 gatA_2 gatA_3
[09:03:37] Fixed 2 duplicate /gene - hdl IVa_1 hdl IVa_2
[09:03:37] Fixed 2 duplicate /gene - ligB_1 ligB_2
[09:03:37] Fixed 2 duplicate /gene - chaC_1 chaC_2
[09:03:37] Fixed 2 duplicate /gene - coxS_1 coxS_2
[09:03:37] Fixed 2 duplicate /gene - atpG_1 atpG_2
[09:03:37] Fixed 3 duplicate /gene - apc3_1 apc3_2 apc3_3
[09:03:37] Fixed 3 duplicate /gene - aceE_1 aceE_2 aceE_3
[09:03:37] Fixed 2 duplicate /gene - murG_1 murG_2
[09:03:37] Fixed 3 duplicate /gene - macB_1 macB_2 macB_3
[09:03:37] Fixed 4 duplicate /gene - cyaB_1 cyaB_2 cyaB_3 cyaB_4
[09:03:37] Fixed 3 duplicate /gene - fadB_1 fadB_2 fadB_3
[09:03:37] Fixed 2 duplicate /gene - cbbY_1 cbbY_2
[09:03:37] Fixed 2 duplicate /gene - dapE_1 dapE_2
[09:03:37] Fixed 2 duplicate /gene - rsmB_1 rsmB_2
[09:03:37] Fixed 2 duplicate /gene - leuC_1 leuC_2
[09:03:37] Fixed 2 duplicate /gene - ctaB_1 ctaB_2
[09:03:37] Fixed 4 duplicate /gene - ompR_1 ompR_2 ompR_3 ompR_4
[09:03:37] Fixed 2 duplicate /gene - porB_1 porB_2
[09:03:37] Fixed 2 duplicate /gene - ypdB_1 ypdB_2
[09:03:37] Fixed 3 duplicate /gene - crt_1 crt_2 crt_3
[09:03:37] Fixed 2 duplicate /gene - dan_1 dan_2
[09:03:37] Fixed 7 duplicate /gene - uctC_1 uctC_2 uctC_3 uctC_4 uctC_5 uctC_6 uctC_7
[09:03:37] Fixed 2 duplicate /gene - kstR2_1 kstR2_2
[09:03:37] Fixed 2 duplicate /gene - phaB_1 phaB_2
[09:03:37] Fixed 2 duplicate /gene - dapA_1 dapA_2
[09:03:37] Fixed 4 duplicate /gene - alkJ_1 alkJ_2 alkJ_3 alkJ_4
[09:03:37] Fixed 2 duplicate /gene - rhlE_1 rhlE_2
[09:03:37] Fixed 2 duplicate /gene - uvrA_1 uvrA_2
[09:03:37] Fixed 3 duplicate /gene - yajO_1 yajO_2 yajO_3
[09:03:37] Fixed 2 duplicate /gene - xecA1_1 xecA1_2
[09:03:37] Fixed 6 duplicate /gene - dctM_1 dctM_2 dctM_3 dctM_4 dctM_5 dctM_6
[09:03:37] Fixed 2 duplicate /gene - lvr_1 lvr_2
[09:03:37] Fixed 2 duplicate /gene - hyuC_1 hyuC_2
[09:03:37] Fixed 2 duplicate /gene - sgaA_1 sgaA_2
[09:03:37] Fixed 3 duplicate /gene - iolG_1 iolG_2 iolG_3
[09:03:37] Fixed 5 duplicate /gene - echA8_1 echA8_2 echA8_3 echA8_4 echA8_5
[09:03:37] Fixed 2 duplicate /gene - petJ_1 petJ_2
[09:03:37] Fixed 2 duplicate /gene - amiD_1 amiD_2
[09:03:37] Fixed 4 duplicate /gene - yfcG_1 yfcG_2 yfcG_3 yfcG_4
[09:03:37] Fixed 2 duplicate /gene - rutF_1 rutF_2
[09:03:37] Fixed 2 duplicate /gene - ppdK_1 ppdK_2
[09:03:37] Fixed 3 duplicate /gene - resA_1 resA_2 resA_3
[09:03:37] Fixed 2 duplicate /gene - rutC_1 rutC_2
[09:03:37] Fixed 2 duplicate /gene - lon_1 lon_2
[09:03:37] Fixed 8 duplicate /gene - bepA_1 bepA_2 bepA_3 bepA_4 bepA_5 bepA_6 bepA_7 bepA_8
[09:03:37] Fixed 2 duplicate /gene - atpB_1 atpB_2
[09:03:37] Fixed 3 duplicate /gene - speE_1 speE_2 speE_3
[09:03:37] Fixed 2 duplicate /gene - degU_1 degU_2
[09:03:37] Fixed 2 duplicate /gene - dinG_1 dinG_2
[09:03:37] Fixed 2 duplicate /gene - kduD_1 kduD_2
[09:03:37] Fixed 2 duplicate /gene - alkA_1 alkA_2
[09:03:37] Fixed 2 duplicate /gene - trkH_1 trkH_2
[09:03:37] Fixed 2 duplicate /gene - ilvA_1 ilvA_2
[09:03:37] Fixed 5 duplicate /gene - gloB_1 gloB_2 gloB_3 gloB_4 gloB_5
[09:03:37] Fixed 2 duplicate /gene - dsbA_1 dsbA_2
[09:03:37] Fixed 2 duplicate /gene - iorA_1 iorA_2
[09:03:37] Fixed 4 duplicate /gene - smtB_1 smtB_2 smtB_3 smtB_4
[09:03:37] Fixed 2 duplicate /gene - mdtB_1 mdtB_2
[09:03:37] Fixed 2 duplicate /gene - lolD_1 lolD_2
[09:03:37] Fixed 2 duplicate /gene - boxB_1 boxB_2
[09:03:37] Fixed 3 duplicate /gene - napA_1 napA_2 napA_3
[09:03:37] Fixed 6 duplicate /gene - mmgC_1 mmgC_2 mmgC_3 mmgC_4 mmgC_5 mmgC_6
[09:03:37] Fixed 2 duplicate /gene - ppsA_1 ppsA_2
[09:03:37] Fixed 2 duplicate /gene - ggt_1 ggt_2
[09:03:37] Fixed 2 duplicate /gene - ilvD_1 ilvD_2
[09:03:37] Fixed 2 duplicate /gene - serA_1 serA_2
[09:03:37] Fixed 3 duplicate /gene - pal_1 pal_2 pal_3
[09:03:37] Fixed 2 duplicate /gene - dsbD_1 dsbD_2
[09:03:37] Fixed 2 duplicate /gene - gno_1 gno_2
[09:03:37] Fixed 2 duplicate /gene - thiE_1 thiE_2
[09:03:37] Fixed 4 duplicate /gene - tfdA_1 tfdA_2 tfdA_3 tfdA_4
[09:03:37] Fixed 2 duplicate /gene - gltD_1 gltD_2
[09:03:37] Fixed 2 duplicate /gene - cmpR_1 cmpR_2
[09:03:37] Fixed 2 duplicate /gene - divK_1 divK_2
[09:03:37] Fixed 2 duplicate /gene - napF_1 napF_2
[09:03:37] Fixed 4 duplicate /gene - tusE_1 tusE_2 tusE_3 tusE_4
[09:03:37] Fixed 2 duplicate /gene - catD_1 catD_2
[09:03:37] Fixed 2 duplicate /gene - lpxB_1 lpxB_2
[09:03:37] Fixed 2 duplicate /gene - bamA_1 bamA_2
[09:03:37] Fixed 2 duplicate /gene - hpcH_1 hpcH_2
[09:03:37] Fixed 3 duplicate /gene - ald_1 ald_2 ald_3
[09:03:37] Fixed 3 duplicate /gene - atpH_1 atpH_2 atpH_3
[09:03:37] Fixed 2 duplicate /gene - emrA_1 emrA_2
[09:03:37] Fixed 2 duplicate /gene - oprM_1 oprM_2
[09:03:37] Fixed 2 duplicate /gene - hemL_1 hemL_2
[09:03:37] Fixed 3 duplicate /gene - mlaF_1 mlaF_2 mlaF_3
[09:03:37] Fixed 2 duplicate /gene - mscS_1 mscS_2
[09:03:37] Fixed 3 duplicate /gene - caiA_1 caiA_2 caiA_3
[09:03:37] Fixed 2 duplicate /gene - FCS1_1 FCS1_2
[09:03:37] Fixed 5 duplicate /gene - prpC_1 prpC_2 prpC_3 prpC_4 prpC_5
[09:03:37] Fixed 2 duplicate /gene - ppsC_1 ppsC_2
[09:03:37] Fixed 3 duplicate /gene - rsxB_1 rsxB_2 rsxB_3
[09:03:37] Fixed 2 duplicate /gene - gpmA_1 gpmA_2
[09:03:37] Fixed 3 duplicate /gene - fabF_1 fabF_2 fabF_3
[09:03:37] Fixed 2 duplicate /gene - nusA_1 nusA_2
[09:03:37] Fixed 2 duplicate /gene - phaC_1 phaC_2
[09:03:37] Fixed 2 duplicate /gene - btuF_1 btuF_2
[09:03:37] Fixed 2 duplicate /gene - yabJ_1 yabJ_2
[09:03:37] Fixed 2 duplicate /gene - fmt_1 fmt_2
[09:03:37] Fixed 2 duplicate /gene - amtB_1 amtB_2
[09:03:37] Fixed 2 duplicate /gene - yfdE_1 yfdE_2
[09:03:37] Fixed 2 duplicate /gene - arnA_1 arnA_2
[09:03:37] Fixed 2 duplicate /gene - tauD_1 tauD_2
[09:03:37] Fixed 2 duplicate /gene - erpA_1 erpA_2
[09:03:37] Fixed 2 duplicate /gene - bktB_1 bktB_2
[09:03:37] Fixed 2 duplicate /gene - sdhA_1 sdhA_2
[09:03:37] Fixed 2 duplicate /gene - lpxL_1 lpxL_2
[09:03:37] Fixed 2 duplicate /gene - ruvB_1 ruvB_2
[09:03:37] Fixed 2 duplicate /gene - porA_1 porA_2
[09:03:37] Fixed 2 duplicate /gene - treZ_1 treZ_2
[09:03:37] Fixed 2 duplicate /gene - mtnB_1 mtnB_2
[09:03:37] Fixed 2 duplicate /gene - epsF_1 epsF_2
[09:03:37] Fixed 3 duplicate /gene - btuD_1 btuD_2 btuD_3
[09:03:37] Fixed 2 duplicate /gene - atpF_1 atpF_2
[09:03:37] Fixed 2 duplicate /gene - aroQ_1 aroQ_2
[09:03:37] Fixed 2 duplicate /gene - slt_1 slt_2
[09:03:37] Fixed 2 duplicate /gene - acpP_1 acpP_2
[09:03:37] Fixed 2 duplicate /gene - petB_1 petB_2
[09:03:37] Fixed 2 duplicate /gene - trkA_1 trkA_2
[09:03:37] Fixed 2 duplicate /gene - degP_1 degP_2
[09:03:37] Fixed 2 duplicate /gene - lysS_1 lysS_2
[09:03:37] Fixed 3 duplicate /gene - menE_1 menE_2 menE_3
[09:03:37] Fixed 2 duplicate /gene - ttrB_1 ttrB_2
[09:03:37] Fixed 2 duplicate /gene - iolS_1 iolS_2
[09:03:37] Fixed 5 duplicate /gene - dpgD_1 dpgD_2 dpgD_3 dpgD_4 dpgD_5
[09:03:37] Fixed 7 duplicate /gene - pknD_1 pknD_2 pknD_3 pknD_4 pknD_5 pknD_6 pknD_7
[09:03:37] Fixed 2 duplicate /gene - aroE_1 aroE_2
[09:03:37] Fixed 2 duplicate /gene - lpxA_1 lpxA_2
[09:03:37] Fixed 3 duplicate /gene - moaA_1 moaA_2 moaA_3
[09:03:37] Fixed 2 duplicate /gene - rnr_1 rnr_2
[09:03:37] Fixed 2 duplicate /gene - bacC_1 bacC_2
[09:03:37] Fixed 2 duplicate /gene - cbpA_1 cbpA_2
[09:03:37] Fixed 3 duplicate /gene - pilT_1 pilT_2 pilT_3
[09:03:37] Fixed 2 duplicate /gene - ndhF_1 ndhF_2
[09:03:37] Fixed 2 duplicate /gene - ghrB_1 ghrB_2
[09:03:37] Fixed 3 duplicate /gene - emrB_1 emrB_2 emrB_3
[09:03:37] Fixed 3 duplicate /gene - cheB_1 cheB_2 cheB_3
[09:03:37] Fixed 2 duplicate /gene - mltF_1 mltF_2
[09:03:37] Fixed 2 duplicate /gene - Hgd_1 Hgd_2
[09:03:37] Fixed 3 duplicate /gene - kdhA_1 kdhA_2 kdhA_3
[09:03:37] Fixed 2 duplicate /gene - yadG_1 yadG_2
[09:03:37] Fixed 2 duplicate /gene - tam_1 tam_2
[09:03:37] Fixed 2 duplicate /gene - hslO_1 hslO_2
[09:03:37] Fixed 2 duplicate /gene - rlmB_1 rlmB_2
[09:03:37] Fixed 2 duplicate /gene - iorB_1 iorB_2
[09:03:37] Fixed 7 duplicate /gene - mdtA_1 mdtA_2 mdtA_3 mdtA_4 mdtA_5 mdtA_6 mdtA_7
[09:03:37] Fixed 2 duplicate /gene - cysG_1 cysG_2
[09:03:37] Fixed 2 duplicate /gene - cinA_1 cinA_2
[09:03:37] Fixed 2 duplicate /gene - msbA_1 msbA_2
[09:03:37] Fixed 4 duplicate /gene - braC_1 braC_2 braC_3 braC_4
[09:03:37] Fixed 2 duplicate /gene - fnr_1 fnr_2
[09:03:37] Fixed 2 duplicate /gene - phoP_1 phoP_2
[09:03:37] Fixed 2 duplicate /gene - ompA_1 ompA_2
[09:03:37] Fixed 2 duplicate /gene - phnE_1 phnE_2
[09:03:37] Fixed 254 colliding /gene names.
[09:03:37] Adding /locus_tag identifiers
[09:03:37] Assigned 3555 locus_tags to CDS and RNA features.
[09:03:37] Writing outputs to ../../Data/Chen_Analysis/Prokka/Bacteria/GOMC.bin.12194/
[09:03:38] Generating annotation statistics file
[09:03:38] Generating Genbank and Sequin files
[09:03:38] Running: tbl2asn -V b -a r10k -l paired-ends -M n -N 1 -y 'Annotated using prokka 1.14.6 from https://github.com/tseemann/prokka' -Z \.\.\/\.\.\/Data\/Chen_Analysis\/Prokka\/Bacteria\/GOMC\.bin\.12194\/GOMC\.bin\.12194\.err -i \.\.\/\.\.\/Data\/Chen_Analysis\/Prokka\/Bacteria\/GOMC\.bin\.12194\/GOMC\.bin\.12194\.fsa 2> /dev/null
[09:03:41] Deleting unwanted file: ../../Data/Chen_Analysis/Prokka/Bacteria/GOMC.bin.12194/errorsummary.val
[09:03:41] Deleting unwanted file: ../../Data/Chen_Analysis/Prokka/Bacteria/GOMC.bin.12194/GOMC.bin.12194.dr
[09:03:41] Deleting unwanted file: ../../Data/Chen_Analysis/Prokka/Bacteria/GOMC.bin.12194/GOMC.bin.12194.fixedproducts
[09:03:41] Deleting unwanted file: ../../Data/Chen_Analysis/Prokka/Bacteria/GOMC.bin.12194/GOMC.bin.12194.ecn
[09:03:41] Deleting unwanted file: ../../Data/Chen_Analysis/Prokka/Bacteria/GOMC.bin.12194/GOMC.bin.12194.val
[09:03:41] Repairing broken .GBK output that tbl2asn produces...
[09:03:41] Running: sed 's/COORDINATES: profile/COORDINATES:profile/' < \.\.\/\.\.\/Data\/Chen_Analysis\/Prokka\/Bacteria\/GOMC\.bin\.12194\/GOMC\.bin\.12194\.gbf > \.\.\/\.\.\/Data\/Chen_Analysis\/Prokka\/Bacteria\/GOMC\.bin\.12194\/GOMC\.bin\.12194\.gbk
[09:03:41] Deleting unwanted file: ../../Data/Chen_Analysis/Prokka/Bacteria/GOMC.bin.12194/GOMC.bin.12194.gbf
[09:03:41] Output files:
[09:03:41] ../../Data/Chen_Analysis/Prokka/Bacteria/GOMC.bin.12194/GOMC.bin.12194.fsa
[09:03:41] ../../Data/Chen_Analysis/Prokka/Bacteria/GOMC.bin.12194/GOMC.bin.12194.ffn
[09:03:41] ../../Data/Chen_Analysis/Prokka/Bacteria/GOMC.bin.12194/GOMC.bin.12194.txt
[09:03:41] ../../Data/Chen_Analysis/Prokka/Bacteria/GOMC.bin.12194/GOMC.bin.12194.fna
[09:03:41] ../../Data/Chen_Analysis/Prokka/Bacteria/GOMC.bin.12194/GOMC.bin.12194.log
[09:03:41] ../../Data/Chen_Analysis/Prokka/Bacteria/GOMC.bin.12194/GOMC.bin.12194.faa
[09:03:41] ../../Data/Chen_Analysis/Prokka/Bacteria/GOMC.bin.12194/GOMC.bin.12194.tbl
[09:03:41] ../../Data/Chen_Analysis/Prokka/Bacteria/GOMC.bin.12194/GOMC.bin.12194.sqn
[09:03:41] ../../Data/Chen_Analysis/Prokka/Bacteria/GOMC.bin.12194/GOMC.bin.12194.gbk
[09:03:41] ../../Data/Chen_Analysis/Prokka/Bacteria/GOMC.bin.12194/GOMC.bin.12194.tsv
[09:03:41] ../../Data/Chen_Analysis/Prokka/Bacteria/GOMC.bin.12194/GOMC.bin.12194.gff
[09:03:41] ../../Data/Chen_Analysis/Prokka/Bacteria/GOMC.bin.12194/GOMC.bin.12194.err
[09:03:41] Annotation finished successfully.
[09:03:41] Walltime used: 1.47 minutes
[09:03:41] If you use this result please cite the Prokka paper:
[09:03:41] Seemann T (2014) Prokka: rapid prokaryotic genome annotation. Bioinformatics. 30(14):2068-9.
[09:03:41] Type 'prokka --citation' for more details.
[09:03:41] Thank you, come again.
