[09:18:17] This is prokka 1.14.6
[09:18:17] Written by Torsten Seemann <torsten.seemann@gmail.com>
[09:18:17] Homepage is https://github.com/tseemann/prokka
[09:18:17] Local time is Mon Dec  1 09:18:17 2025
[09:18:17] You are joao_facio
[09:18:17] Operating system is linux
[09:18:17] You have BioPerl 1.7.8
[09:18:17] System has 12 cores.
[09:18:17] Will use maximum of 4 cores.
[09:18:17] Annotating as >>> Bacteria <<<
[09:18:17] Generating locus_tag from '/tmp/tmp6gns85ah/GOMC.bin.8817.fa' contents.
[09:18:17] Setting --locustag EOPFGGKH from MD5 e89f0041859dcbee1bce0a26dfebf3e8
[09:18:17] Creating new output folder: ../../Data/Chen_Analysis/Prokka/Bacteria/GOMC.bin.8817
[09:18:17] Running: mkdir -p \.\.\/\.\.\/Data\/Chen_Analysis\/Prokka\/Bacteria\/GOMC\.bin\.8817
[09:18:17] Using filename prefix: GOMC.bin.8817.XXX
[09:18:17] Setting HMMER_NCPU=1
[09:18:17] Writing log to: ../../Data/Chen_Analysis/Prokka/Bacteria/GOMC.bin.8817/GOMC.bin.8817.log
[09:18:17] Command: /home/joao_facio/miniconda3/envs/prokka/bin/prokka --outdir ../../Data/Chen_Analysis/Prokka/Bacteria/GOMC.bin.8817 --prefix GOMC.bin.8817 --kingdom Bacteria --genus GCA-2729495 --strain GOMC.bin.8817 --cpus 4 --force /tmp/tmp6gns85ah/GOMC.bin.8817.fa
[09:18:17] Appending to PATH: /home/joao_facio/miniconda3/envs/prokka/bin
[09:18:17] Looking for 'aragorn' - found /home/joao_facio/miniconda3/envs/prokka/bin/aragorn
[09:18:17] Determined aragorn version is 001002 from 'ARAGORN v1.2.41 Dean Laslett'
[09:18:17] Looking for 'barrnap' - found /home/joao_facio/miniconda3/envs/prokka/bin/barrnap
[09:18:17] Determined barrnap version is 000009 from 'barrnap 0.9'
[09:18:17] Looking for 'blastp' - found /home/joao_facio/miniconda3/envs/prokka/bin/blastp
[09:18:17] Determined blastp version is 002016 from 'blastp: 2.16.0+'
[09:18:17] Looking for 'cmpress' - found /home/joao_facio/miniconda3/envs/prokka/bin/cmpress
[09:18:17] Determined cmpress version is 001001 from '# INFERNAL 1.1.5 (Sep 2023)'
[09:18:17] Looking for 'cmscan' - found /home/joao_facio/miniconda3/envs/prokka/bin/cmscan
[09:18:17] Determined cmscan version is 001001 from '# INFERNAL 1.1.5 (Sep 2023)'
[09:18:17] Looking for 'egrep' - found /usr/bin/egrep
[09:18:17] Looking for 'find' - found /usr/bin/find
[09:18:17] Looking for 'grep' - found /usr/bin/grep
[09:18:17] Looking for 'hmmpress' - found /home/joao_facio/miniconda3/envs/prokka/bin/hmmpress
[09:18:17] Determined hmmpress version is 003004 from '# HMMER 3.4 (Aug 2023); http://hmmer.org/'
[09:18:17] Looking for 'hmmscan' - found /home/joao_facio/miniconda3/envs/prokka/bin/hmmscan
[09:18:17] Determined hmmscan version is 003004 from '# HMMER 3.4 (Aug 2023); http://hmmer.org/'
[09:18:17] Looking for 'java' - found /home/joao_facio/miniconda3/envs/prokka/bin/java
[09:18:17] Looking for 'makeblastdb' - found /home/joao_facio/miniconda3/envs/prokka/bin/makeblastdb
[09:18:17] Determined makeblastdb version is 002016 from 'makeblastdb: 2.16.0+'
[09:18:17] Looking for 'minced' - found /home/joao_facio/miniconda3/envs/prokka/bin/minced
[09:18:17] Determined minced version is 004002 from 'minced 0.4.2'
[09:18:17] Looking for 'parallel' - found /home/joao_facio/miniconda3/envs/prokka/bin/parallel
[09:18:17] Determined parallel version is 20251122 from 'GNU parallel 20251122'
[09:18:17] Looking for 'prodigal' - found /home/joao_facio/miniconda3/envs/prokka/bin/prodigal
[09:18:17] Determined prodigal version is 002006 from 'Prodigal V2.6.3: February, 2016'
[09:18:17] Looking for 'prokka-genbank_to_fasta_db' - found /home/joao_facio/miniconda3/envs/prokka/bin/prokka-genbank_to_fasta_db
[09:18:17] Looking for 'sed' - found /usr/bin/sed
[09:18:17] Looking for 'tbl2asn' - found /home/joao_facio/miniconda3/envs/prokka/bin/tbl2asn
[09:18:17] Determined tbl2asn version is 025007 from 'tbl2asn 25.7   arguments:'
[09:18:17] Using genetic code table 11.
[09:18:17] Loading and checking input file: /tmp/tmp6gns85ah/GOMC.bin.8817.fa
[09:18:17] Wrote 156 contigs totalling 2506152 bp.
[09:18:17] Predicting tRNAs and tmRNAs
[09:18:17] Running: aragorn -l -gc11  -w \.\.\/\.\.\/Data\/Chen_Analysis\/Prokka\/Bacteria\/GOMC\.bin\.8817\/GOMC\.bin\.8817\.fna
[09:18:17] 1 tRNA-Ala c[377,452] 34 (cgc)
[09:18:17] 1 tRNA-Leu c[23063,23149] 35 (caa)
[09:18:17] 1 tRNA-Gly [36065,36140] 34 (gcc)
[09:18:17] 2 tRNA-Cys [36226,36299] 33 (gca)
[09:18:17] 3 tRNA-Leu [37270,37356] 35 (taa)
[09:18:17] 1 tRNA-Gln c[9902,9976] 33 (ttg)
[09:18:17] 1 tRNA-Thr c[36,111] 34 (cgt)
[09:18:17] 1 tRNA-Ser [3184,3274] 35 (gga)
[09:18:17] 1 tRNA-Asn c[98,173] 34 (gtt)
[09:18:17] 2 tRNA-Val c[3799,3873] 33 (gac)
[09:18:17] 1 tRNA-Ser [725,817] 35 (gct)
[09:18:17] 1 tRNA-Met c[835,909] 35 (cat)
[09:18:17] 1 tRNA-Pro c[1624,1700] 35 (cgg)
[09:18:17] 1 tRNA-Val c[351,425] 33 (cac)
[09:18:17] 1 tRNA-Arg c[10550,10626] 35 (ccg)
[09:18:17] 1 tRNA-Lys [220,294] 33 (ttt)
[09:18:17] 1 tRNA-Leu c[8452,8538] 35 (cag)
[09:18:17] 1 tRNA-Gly c[19394,19467] 33 (ccc)
[09:18:17] 1 tRNA-Gly c[1,72] 33 (tcc)
[09:18:17] 2 tRNA-Tyr c[339,423] 35 (gta)
[09:18:17] 3 tRNA-Thr c[752,827] 34 (tgt)
[09:18:17] 1 tRNA-Ala [42987,43062] 34 (ggc)
[09:18:17] 1 tRNA-Leu c[2786,2870] 35 (tag)
[09:18:17] 1 tRNA-Glu c[1119,1193] 34 (ctc)
[09:18:18] 1 tRNA-Ser [9706,9795] 35 (tga)
[09:18:18] 2 tRNA-Arg [17333,17409] 35 (cct)
[09:18:18] 1 tRNA-Arg [2423,2499] 35 (acg)
[09:18:18] 1 tRNA-Phe c[7604,7679] 34 (gaa)
[09:18:18] 1 tRNA-Pro [50132,50208] 35 (ggg)
[09:18:18] 1 tRNA-Gln [34803,34876] 33 (ctg)
[09:18:18] 1 tRNA-Leu c[22397,22481] 35 (gag)
[09:18:18] 1 tRNA-Val [4007,4082] 34 (tac)
[09:18:18] 1 tRNA-Arg c[32176,32259] 35 (tcg)
[09:18:18] Found 33 tRNAs
[09:18:18] Predicting Ribosomal RNAs
[09:18:18] Running Barrnap with 4 threads
[09:18:18] 1 k63_358962 78037 16S ribosomal RNA (partial)
[09:18:18] Found 1 rRNAs
[09:18:18] Skipping ncRNA search, enable with --rfam if desired.
[09:18:18] Total of 34 tRNA + rRNA features
[09:18:18] Searching for CRISPR repeats
[09:18:18] Found 0 CRISPRs
[09:18:18] Predicting coding sequences
[09:18:18] Contigs total 2506152 bp, so using single mode
[09:18:18] Running: prodigal -i \.\.\/\.\.\/Data\/Chen_Analysis\/Prokka\/Bacteria\/GOMC\.bin\.8817\/GOMC\.bin\.8817\.fna -c -m -g 11 -p single -f sco -q
[09:18:21] Excluding CDS which overlaps existing RNA (tRNA) at k63_4051192:31756..33861 on - strand
[09:18:21] Found 2291 CDS
[09:18:21] Connecting features back to sequences
[09:18:21] Not using genus-specific database. Try --usegenus to enable it.
[09:18:21] Annotating CDS, please be patient.
[09:18:21] Will use 4 CPUs for similarity searching.
[09:18:21] There are still 2291 unannotated CDS left (started with 2291)
[09:18:21] Will use blast to search against /home/joao_facio/miniconda3/envs/prokka/db/kingdom/Bacteria/IS with 4 CPUs
[09:18:21] Running: cat \.\.\/\.\.\/Data\/Chen_Analysis\/Prokka\/Bacteria\/GOMC\.bin\.8817\/GOMC\.bin\.8817\.IS\.tmp\.3356127\.faa | parallel --gnu --plain -j 4 --block 94945 --recstart '>' --pipe blastp -query - -db /home/joao_facio/miniconda3/envs/prokka/db/kingdom/Bacteria/IS -evalue 1e-30 -qcov_hsp_perc 90 -num_threads 1 -num_descriptions 1 -num_alignments 1 -seg no > \.\.\/\.\.\/Data\/Chen_Analysis\/Prokka\/Bacteria\/GOMC\.bin\.8817\/GOMC\.bin\.8817\.IS\.tmp\.3356127\.blast 2> /dev/null
[09:18:28] Deleting unwanted file: ../../Data/Chen_Analysis/Prokka/Bacteria/GOMC.bin.8817/GOMC.bin.8817.IS.tmp.3356127.faa
[09:18:28] Deleting unwanted file: ../../Data/Chen_Analysis/Prokka/Bacteria/GOMC.bin.8817/GOMC.bin.8817.IS.tmp.3356127.blast
[09:18:29] There are still 2289 unannotated CDS left (started with 2291)
[09:18:29] Will use blast to search against /home/joao_facio/miniconda3/envs/prokka/db/kingdom/Bacteria/AMR with 4 CPUs
[09:18:29] Running: cat \.\.\/\.\.\/Data\/Chen_Analysis\/Prokka\/Bacteria\/GOMC\.bin\.8817\/GOMC\.bin\.8817\.AMR\.tmp\.3356127\.faa | parallel --gnu --plain -j 4 --block 94890 --recstart '>' --pipe blastp -query - -db /home/joao_facio/miniconda3/envs/prokka/db/kingdom/Bacteria/AMR -evalue 1e-300 -qcov_hsp_perc 90 -num_threads 1 -num_descriptions 1 -num_alignments 1 -seg no > \.\.\/\.\.\/Data\/Chen_Analysis\/Prokka\/Bacteria\/GOMC\.bin\.8817\/GOMC\.bin\.8817\.AMR\.tmp\.3356127\.blast 2> /dev/null
[09:18:35] Deleting unwanted file: ../../Data/Chen_Analysis/Prokka/Bacteria/GOMC.bin.8817/GOMC.bin.8817.AMR.tmp.3356127.faa
[09:18:35] Deleting unwanted file: ../../Data/Chen_Analysis/Prokka/Bacteria/GOMC.bin.8817/GOMC.bin.8817.AMR.tmp.3356127.blast
[09:18:35] There are still 2289 unannotated CDS left (started with 2291)
[09:18:35] Will use blast to search against /home/joao_facio/miniconda3/envs/prokka/db/kingdom/Bacteria/sprot with 4 CPUs
[09:18:35] Running: cat \.\.\/\.\.\/Data\/Chen_Analysis\/Prokka\/Bacteria\/GOMC\.bin\.8817\/GOMC\.bin\.8817\.sprot\.tmp\.3356127\.faa | parallel --gnu --plain -j 4 --block 94890 --recstart '>' --pipe blastp -query - -db /home/joao_facio/miniconda3/envs/prokka/db/kingdom/Bacteria/sprot -evalue 1e-09 -qcov_hsp_perc 80 -num_threads 1 -num_descriptions 1 -num_alignments 1 -seg no > \.\.\/\.\.\/Data\/Chen_Analysis\/Prokka\/Bacteria\/GOMC\.bin\.8817\/GOMC\.bin\.8817\.sprot\.tmp\.3356127\.blast 2> /dev/null
[09:19:09] Modify product: Probable quorum-quenching lactonase YtnP => putative quorum-quenching lactonase YtnP
[09:19:09] Modify product: Probable Fe(2+)-trafficking protein => putative Fe(2+)-trafficking protein
[09:19:09] Modify product: Probable protein kinase UbiB => putative protein kinase UbiB
[09:19:09] Modify product: UPF0070 protein HI_0370 => hypothetical protein
[09:19:09] Modify product: Probable efflux pump membrane transporter TtgB => putative efflux pump membrane transporter TtgB
[09:19:09] Modify product: UPF0311 protein RPA1785 => hypothetical protein
[09:19:09] Modify product: Uncharacterized oxidoreductase YciK => putative oxidoreductase YciK
[09:19:09] Modify product: Uncharacterized protein YciO => putative protein YciO
[09:19:09] Modify product: Probable ATP-dependent DNA helicase YoaA => putative ATP-dependent DNA helicase YoaA
[09:19:09] Modify product: Probable glycine dehydrogenase (decarboxylating) subunit 1 => putative glycine dehydrogenase (decarboxylating) subunit 1
[09:19:09] Modify product: Probable glycine dehydrogenase (decarboxylating) subunit 2 => putative glycine dehydrogenase (decarboxylating) subunit 2
[09:19:09] Modify product: Putative multidrug export ATP-binding/permease protein SAV1866 => Putative multidrug export ATP-binding/permease protein
[09:19:09] Modify product: UPF0098 protein CT_736 => hypothetical protein
[09:19:09] Modify product: UPF0301 protein SO_3346 => hypothetical protein
[09:19:09] Modify product: UPF0053 inner membrane protein YfjD => hypothetical protein
[09:19:09] Modify product: Probable ATP-dependent transporter SufC => putative ATP-dependent transporter SufC
[09:19:09] Modify product: Probable peptidoglycan glycosyltransferase FtsW => putative peptidoglycan glycosyltransferase FtsW
[09:19:09] Modify product: Uncharacterized sugar epimerase YhfK => putative sugar epimerase YhfK
[09:19:09] Modify product: Probable L-galactonate transporter => putative L-galactonate transporter
[09:19:09] Modify product: Probable formate transporter 1 => putative formate transporter 1
[09:19:09] Modify product: Uncharacterized oxidoreductase Rv2900c => putative oxidoreductase
[09:19:09] Modify product: Monocarboxylate 2-oxoacid-binding periplasmic protein all3028 => Monocarboxylate 2-oxoacid-binding periplasmic protein
[09:19:09] Modify product: Probable xanthine dehydrogenase subunit A => putative xanthine dehydrogenase subunit A
[09:19:09] Modify product: Uncharacterized FAD-linked oxidoreductase Rv2280 => putative FAD-linked oxidoreductase
[09:19:09] Modify product: Probable transcriptional regulatory protein CBU_1566 => putative transcriptional regulatory protein
[09:19:09] Modify product: Probable enoyl-CoA hydratase 1 => putative enoyl-CoA hydratase 1
[09:19:09] Modify product: Probable enoyl-CoA hydratase 1 => putative enoyl-CoA hydratase 1
[09:19:09] Modify product: UPF0250 protein YbeD => hypothetical protein
[09:19:09] Modify product: Uncharacterized MFS-type transporter YhjX => putative MFS-type transporter YhjX
[09:19:09] Modify product: Probable lipid II flippase MurJ => putative lipid II flippase MurJ
[09:19:09] Modify product: Probable L-galactonate transporter => putative L-galactonate transporter
[09:19:09] Modify product: Uncharacterized oxidoreductase SA2266 => putative oxidoreductase
[09:19:09] Modify product: Uncharacterized FAD-linked oxidoreductase YvdP => putative FAD-linked oxidoreductase YvdP
[09:19:09] Modify product: Uncharacterized FAD-linked oxidoreductase YvdP => putative FAD-linked oxidoreductase YvdP
[09:19:09] Modify product: UPF0111 protein HI_1603 => hypothetical protein
[09:19:09] Modify product: Bifunctional protein FolD => Bifunctional protein FolD protein
[09:19:09] Modify product: Putative low molecular weight protein-tyrosine-phosphatase slr0328 => Putative low molecular weight protein-tyrosine-phosphatase
[09:19:09] Modify product: Probable L,D-transpeptidase YbiS => putative L,D-transpeptidase YbiS
[09:19:09] Modify product: Uncharacterized glycosyltransferase sll0501 => putative glycosyltransferase
[09:19:09] Modify product: Probable enoyl-CoA hydratase echA17 => putative enoyl-CoA hydratase echA17
[09:19:09] Modify product: Probable DNA endonuclease SmrA => putative DNA endonuclease SmrA
[09:19:09] Modify product: Probable fatty acyl-CoA transferase Rv3272 => putative fatty acyl-CoA transferase
[09:19:09] Modify product: UPF0382 membrane protein YwdK => hypothetical protein
[09:19:09] Modify product: Putative O-methyltransferase MSMEG_5073/MSMEI_4947 => Putative O-methyltransferase/MSMEI_4947
[09:19:09] Modify product: Uncharacterized protein YisK => putative protein YisK
[09:19:10] Modify product: Uncharacterized FAD-linked oxidoreductase Rv2280 => putative FAD-linked oxidoreductase
[09:19:10] Modify product: Uncharacterized ABC transporter ATP-binding protein YadG => putative ABC transporter ATP-binding protein YadG
[09:19:10] Modify product: Probable GTP-binding protein EngB => putative GTP-binding protein EngB
[09:19:10] Modify product: Cyclic di-GMP phosphodiesterase PA4108 => Cyclic di-GMP phosphodiesterase
[09:19:10] Modify product: Uncharacterized signaling protein PA1727 => putative signaling protein
[09:19:10] Modify product: Cyclic di-GMP phosphodiesterase PA4108 => Cyclic di-GMP phosphodiesterase
[09:19:10] Modify product: Probable bifunctional SAT/APS kinase => putative bifunctional SAT/APS kinase
[09:19:10] Modify product: Probable nicotinate-nucleotide adenylyltransferase => putative nicotinate-nucleotide adenylyltransferase
[09:19:10] Modify product: Probable lipoprotein YiaD => putative lipoprotein YiaD
[09:19:10] Modify product: Solute-binding protein Bpro_4736 => Solute-binding protein
[09:19:10] Modify product: Probable ketoamine kinase HMPREF0351_12196 => putative ketoamine kinase
[09:19:10] Modify product: Uncharacterized protein YqeY => putative protein YqeY
[09:19:10] Modify product: Peroxiredoxin sll1621 => Peroxiredoxin
[09:19:10] Modify product: Cytochrome b561 homolog 2 => Cytochrome b561 
[09:19:10] Modify product: Uncharacterized GMC-type oxidoreductase Rv0492c => putative GMC-type oxidoreductase
[09:19:10] Modify product: Probable iron export permease protein FetB => putative iron export permease protein FetB
[09:19:10] Modify product: UPF0213 protein BH0048 => hypothetical protein
[09:19:10] Modify product: Probable L-galactonate transporter => putative L-galactonate transporter
[09:19:10] Modify product: Putative coenzyme F420-dependent oxidoreductase Rv3520c => Putative coenzyme F420-dependent oxidoreductase
[09:19:10] Modify product: Uncharacterized protein YfgD => putative protein YfgD
[09:19:10] Modify product: Acetyltransferase Atu2258 => Acetyltransferase
[09:19:10] Modify product: Probable peptidyl-prolyl cis-trans isomerase => putative peptidyl-prolyl cis-trans isomerase
[09:19:10] Modify product: Uncharacterized protein YibN => putative protein YibN
[09:19:10] Modify product: Probable GTPase Rv1496 => putative GTPase
[09:19:10] Modify product: Uncharacterized amino acid permease YhdG => putative amino acid permease YhdG
[09:19:10] Modify product: Uncharacterized ABC transporter ATP-binding protein YknY => putative ABC transporter ATP-binding protein YknY
[09:19:10] Modify product: Uncharacterized protein Rv2915c => putative protein
[09:19:10] Cleaned 72 /product names
[09:19:10] Deleting unwanted file: ../../Data/Chen_Analysis/Prokka/Bacteria/GOMC.bin.8817/GOMC.bin.8817.sprot.tmp.3356127.faa
[09:19:10] Deleting unwanted file: ../../Data/Chen_Analysis/Prokka/Bacteria/GOMC.bin.8817/GOMC.bin.8817.sprot.tmp.3356127.blast
[09:19:10] There are still 1201 unannotated CDS left (started with 2291)
[09:19:10] Will use hmmer3 to search against /home/joao_facio/miniconda3/envs/prokka/db/hmm/HAMAP.hmm with 4 CPUs
[09:19:10] Running: cat \.\.\/\.\.\/Data\/Chen_Analysis\/Prokka\/Bacteria\/GOMC\.bin\.8817\/GOMC\.bin\.8817\.HAMAP\.hmm\.tmp\.3356127\.faa | parallel --gnu --plain -j 4 --block 44662 --recstart '>' --pipe hmmscan --noali --notextw --acc -E 1e-09 --cpu 1 /home/joao_facio/miniconda3/envs/prokka/db/hmm/HAMAP.hmm /dev/stdin > \.\.\/\.\.\/Data\/Chen_Analysis\/Prokka\/Bacteria\/GOMC\.bin\.8817\/GOMC\.bin\.8817\.HAMAP\.hmm\.tmp\.3356127\.hmmer3 2> /dev/null
[09:19:21] Modify product: Uncharacterized Nudix hydrolase NudL => putative Nudix hydrolase NudL
[09:19:21] Cleaned 1 /product names
[09:19:21] Deleting unwanted file: ../../Data/Chen_Analysis/Prokka/Bacteria/GOMC.bin.8817/GOMC.bin.8817.HAMAP.hmm.tmp.3356127.faa
[09:19:21] Deleting unwanted file: ../../Data/Chen_Analysis/Prokka/Bacteria/GOMC.bin.8817/GOMC.bin.8817.HAMAP.hmm.tmp.3356127.hmmer3
[09:19:21] Labelling remaining 1024 proteins as 'hypothetical protein'
[09:19:21] Possible /pseudo '2-hydroxy-6-oxononadienedioate/2-hydroxy-6-oxononatrienedioate hydrolase' at k63_2547957 position 3932
[09:19:21] Possible /pseudo 'Twitching mobility protein' at k63_358962 position 36113
[09:19:21] Possible /pseudo 'Twitching mobility protein' at k63_358962 position 37322
[09:19:21] Possible /pseudo 'Fimbrial protein' at k63_994922 position 26021
[09:19:21] Possible /pseudo 'Dipeptidyl aminopeptidase BIII' at k63_3530594 position 5280
[09:19:21] Possible /pseudo 'Formamidase' at k63_1999153 position 3488
[09:19:21] Possible /pseudo 'ATP-dependent zinc metalloprotease FtsH' at k63_3250838 position 26166
[09:19:21] Possible /pseudo 'putative FAD-linked oxidoreductase YvdP' at k63_1379743 position 2205
[09:19:21] Possible /pseudo 'Lipoprotein-releasing system transmembrane protein LolE' at k63_2967133 position 36672
[09:19:21] Possible /pseudo 'General stress protein A' at k63_4218583 position 817
[09:19:21] Possible /pseudo 'Methylxanthine N1-demethylase NdmA' at k63_1099657 position 8287
[09:19:21] Possible /pseudo 'Secretory immunoglobulin A-binding protein EsiB' at k63_2372002 position 1587
[09:19:21] Possible /pseudo 'Magnetosome protein MamZ' at k63_1822245 position 26839
[09:19:21] Possible /pseudo 'F420-dependent glucose-6-phosphate dehydrogenase' at k63_3383414 position 6511
[09:19:21] Possible /pseudo 'Twitching mobility protein' at k63_4350168 position 16475
[09:19:21] Found 1019 unique /gene codes.
[09:19:21] Fixed 3 duplicate /gene - dhmA_1 dhmA_2 dhmA_3
[09:19:21] Fixed 2 duplicate /gene - epsE_1 epsE_2
[09:19:21] Fixed 4 duplicate /gene - fabG_1 fabG_2 fabG_3 fabG_4
[09:19:21] Fixed 4 duplicate /gene - dctM_1 dctM_2 dctM_3 dctM_4
[09:19:21] Fixed 2 duplicate /gene - folE_1 folE_2
[09:19:21] Fixed 2 duplicate /gene - mepA_1 mepA_2
[09:19:21] Fixed 2 duplicate /gene - aceE_1 aceE_2
[09:19:21] Fixed 9 duplicate /gene - ubiD_1 ubiD_2 ubiD_3 ubiD_4 ubiD_5 ubiD_6 ubiD_7 ubiD_8 ubiD_9
[09:19:21] Fixed 4 duplicate /gene - sasA_1 sasA_2 sasA_3 sasA_4
[09:19:21] Fixed 2 duplicate /gene - sthA_1 sthA_2
[09:19:21] Fixed 2 duplicate /gene - tatB_1 tatB_2
[09:19:21] Fixed 2 duplicate /gene - copA_1 copA_2
[09:19:21] Fixed 3 duplicate /gene - ftsH_1 ftsH_2 ftsH_3
[09:19:21] Fixed 2 duplicate /gene - lcfB_1 lcfB_2
[09:19:21] Fixed 4 duplicate /gene - gcd_1 gcd_2 gcd_3 gcd_4
[09:19:21] Fixed 2 duplicate /gene - lgrD_1 lgrD_2
[09:19:21] Fixed 2 duplicate /gene - hutI_1 hutI_2
[09:19:21] Fixed 6 duplicate /gene - tauD_1 tauD_2 tauD_3 tauD_4 tauD_5 tauD_6
[09:19:21] Fixed 2 duplicate /gene - moaA_1 moaA_2
[09:19:21] Fixed 7 duplicate /gene - bepA_1 bepA_2 bepA_3 bepA_4 bepA_5 bepA_6 bepA_7
[09:19:21] Fixed 2 duplicate /gene - yngG_1 yngG_2
[09:19:21] Fixed 2 duplicate /gene - mobA_1 mobA_2
[09:19:21] Fixed 2 duplicate /gene - msbA_1 msbA_2
[09:19:21] Fixed 2 duplicate /gene - esiB_1 esiB_2
[09:19:21] Fixed 2 duplicate /gene - fbiD_1 fbiD_2
[09:19:21] Fixed 2 duplicate /gene - vgb_1 vgb_2
[09:19:21] Fixed 2 duplicate /gene - xerD_1 xerD_2
[09:19:21] Fixed 2 duplicate /gene - yicJ_1 yicJ_2
[09:19:21] Fixed 2 duplicate /gene - iorB_1 iorB_2
[09:19:21] Fixed 2 duplicate /gene - gltB_1 gltB_2
[09:19:21] Fixed 3 duplicate /gene - ndhS_1 ndhS_2 ndhS_3
[09:19:21] Fixed 2 duplicate /gene - iolG_1 iolG_2
[09:19:21] Fixed 2 duplicate /gene - dltA_1 dltA_2
[09:19:21] Fixed 2 duplicate /gene - tadA_1 tadA_2
[09:19:21] Fixed 5 duplicate /gene - COQ3_1 COQ3_2 COQ3_3 COQ3_4 COQ3_5
[09:19:21] Fixed 5 duplicate /gene - tetA_1 tetA_2 tetA_3 tetA_4 tetA_5
[09:19:21] Fixed 2 duplicate /gene - aes_1 aes_2
[09:19:21] Fixed 2 duplicate /gene - pgsA_1 pgsA_2
[09:19:21] Fixed 5 duplicate /gene - pilT_1 pilT_2 pilT_3 pilT_4 pilT_5
[09:19:21] Fixed 2 duplicate /gene - atoC_1 atoC_2
[09:19:21] Fixed 2 duplicate /gene - smtB_1 smtB_2
[09:19:21] Fixed 6 duplicate /gene - COQ5_1 COQ5_2 COQ5_3 COQ5_4 COQ5_5 COQ5_6
[09:19:21] Fixed 2 duplicate /gene - yidC_1 yidC_2
[09:19:21] Fixed 2 duplicate /gene - nudC_1 nudC_2
[09:19:21] Fixed 3 duplicate /gene - mshA_1 mshA_2 mshA_3
[09:19:21] Fixed 3 duplicate /gene - acsA_1 acsA_2 acsA_3
[09:19:21] Fixed 2 duplicate /gene - fcl_1 fcl_2
[09:19:21] Fixed 7 duplicate /gene - pknD_1 pknD_2 pknD_3 pknD_4 pknD_5 pknD_6 pknD_7
[09:19:21] Fixed 2 duplicate /gene - ftsA_1 ftsA_2
[09:19:21] Fixed 3 duplicate /gene - mhpC_1 mhpC_2 mhpC_3
[09:19:21] Fixed 3 duplicate /gene - btuD_1 btuD_2 btuD_3
[09:19:21] Fixed 3 duplicate /gene - lgoT_1 lgoT_2 lgoT_3
[09:19:21] Fixed 2 duplicate /gene - yvdP_1 yvdP_2
[09:19:21] Fixed 2 duplicate /gene - polA_1 polA_2
[09:19:21] Fixed 3 duplicate /gene - hcrB_1 hcrB_2 hcrB_3
[09:19:21] Fixed 2 duplicate /gene - ald_1 ald_2
[09:19:21] Fixed 2 duplicate /gene - lolE_1 lolE_2
[09:19:21] Fixed 2 duplicate /gene - apbE_1 apbE_2
[09:19:21] Fixed 2 duplicate /gene - rppH_1 rppH_2
[09:19:21] Fixed 2 duplicate /gene - rcsC_1 rcsC_2
[09:19:21] Fixed 2 duplicate /gene - ppiB_1 ppiB_2
[09:19:21] Fixed 2 duplicate /gene - gmhA_1 gmhA_2
[09:19:21] Fixed 2 duplicate /gene - mdtA_1 mdtA_2
[09:19:21] Fixed 3 duplicate /gene - lolD_1 lolD_2 lolD_3
[09:19:21] Fixed 2 duplicate /gene - hisC_1 hisC_2
[09:19:21] Fixed 5 duplicate /gene - amiF_1 amiF_2 amiF_3 amiF_4 amiF_5
[09:19:21] Fixed 2 duplicate /gene - yajO_1 yajO_2
[09:19:21] Fixed 2 duplicate /gene - shdC_1 shdC_2
[09:19:21] Fixed 2 duplicate /gene - gspA_1 gspA_2
[09:19:21] Fixed 2 duplicate /gene - tycC_1 tycC_2
[09:19:21] Fixed 10 duplicate /gene - fgd_1 fgd_2 fgd_3 fgd_4 fgd_5 fgd_6 fgd_7 fgd_8 fgd_9 fgd_10
[09:19:21] Fixed 2 duplicate /gene - epsF_1 epsF_2
[09:19:21] Fixed 2 duplicate /gene - surE_1 surE_2
[09:19:21] Fixed 6 duplicate /gene - ndmA_1 ndmA_2 ndmA_3 ndmA_4 ndmA_5 ndmA_6
[09:19:21] Fixed 2 duplicate /gene - pepA_1 pepA_2
[09:19:21] Fixed 3 duplicate /gene - hcrA_1 hcrA_2 hcrA_3
[09:19:21] Fixed 2 duplicate /gene - ompR_1 ompR_2
[09:19:21] Fixed 2 duplicate /gene - ytfE_1 ytfE_2
[09:19:21] Fixed 2 duplicate /gene - nit1_1 nit1_2
[09:19:21] Fixed 16 duplicate /gene - mamZ_1 mamZ_2 mamZ_3 mamZ_4 mamZ_5 mamZ_6 mamZ_7 mamZ_8 mamZ_9 mamZ_10 mamZ_11 mamZ_12 mamZ_13 mamZ_14 mamZ_15 mamZ_16
[09:19:21] Fixed 2 duplicate /gene - gmhB_1 gmhB_2
[09:19:21] Fixed 3 duplicate /gene - tolQ_1 tolQ_2 tolQ_3
[09:19:21] Fixed 2 duplicate /gene - gltP_1 gltP_2
[09:19:21] Fixed 2 duplicate /gene - bamB_1 bamB_2
[09:19:21] Fixed 2 duplicate /gene - msrQ_1 msrQ_2
[09:19:21] Fixed 2 duplicate /gene - yliI_1 yliI_2
[09:19:21] Fixed 2 duplicate /gene - pal_1 pal_2
[09:19:21] Fixed 4 duplicate /gene - tolR_1 tolR_2 tolR_3 tolR_4
[09:19:21] Fixed 11 duplicate /gene - btuB_1 btuB_2 btuB_3 btuB_4 btuB_5 btuB_6 btuB_7 btuB_8 btuB_9 btuB_10 btuB_11
[09:19:21] Fixed 2 duplicate /gene - dapb3_1 dapb3_2
[09:19:21] Fixed 2 duplicate /gene - amtB_1 amtB_2
[09:19:21] Fixed 91 colliding /gene names.
[09:19:21] Adding /locus_tag identifiers
[09:19:21] Assigned 2325 locus_tags to CDS and RNA features.
[09:19:21] Writing outputs to ../../Data/Chen_Analysis/Prokka/Bacteria/GOMC.bin.8817/
[09:19:21] Generating annotation statistics file
[09:19:21] Generating Genbank and Sequin files
[09:19:21] Running: tbl2asn -V b -a r10k -l paired-ends -M n -N 1 -y 'Annotated using prokka 1.14.6 from https://github.com/tseemann/prokka' -Z \.\.\/\.\.\/Data\/Chen_Analysis\/Prokka\/Bacteria\/GOMC\.bin\.8817\/GOMC\.bin\.8817\.err -i \.\.\/\.\.\/Data\/Chen_Analysis\/Prokka\/Bacteria\/GOMC\.bin\.8817\/GOMC\.bin\.8817\.fsa 2> /dev/null
[09:19:23] Deleting unwanted file: ../../Data/Chen_Analysis/Prokka/Bacteria/GOMC.bin.8817/errorsummary.val
[09:19:23] Deleting unwanted file: ../../Data/Chen_Analysis/Prokka/Bacteria/GOMC.bin.8817/GOMC.bin.8817.dr
[09:19:23] Deleting unwanted file: ../../Data/Chen_Analysis/Prokka/Bacteria/GOMC.bin.8817/GOMC.bin.8817.fixedproducts
[09:19:23] Deleting unwanted file: ../../Data/Chen_Analysis/Prokka/Bacteria/GOMC.bin.8817/GOMC.bin.8817.ecn
[09:19:23] Deleting unwanted file: ../../Data/Chen_Analysis/Prokka/Bacteria/GOMC.bin.8817/GOMC.bin.8817.val
[09:19:23] Repairing broken .GBK output that tbl2asn produces...
[09:19:23] Running: sed 's/COORDINATES: profile/COORDINATES:profile/' < \.\.\/\.\.\/Data\/Chen_Analysis\/Prokka\/Bacteria\/GOMC\.bin\.8817\/GOMC\.bin\.8817\.gbf > \.\.\/\.\.\/Data\/Chen_Analysis\/Prokka\/Bacteria\/GOMC\.bin\.8817\/GOMC\.bin\.8817\.gbk
[09:19:23] Deleting unwanted file: ../../Data/Chen_Analysis/Prokka/Bacteria/GOMC.bin.8817/GOMC.bin.8817.gbf
[09:19:23] Output files:
[09:19:23] ../../Data/Chen_Analysis/Prokka/Bacteria/GOMC.bin.8817/GOMC.bin.8817.err
[09:19:23] ../../Data/Chen_Analysis/Prokka/Bacteria/GOMC.bin.8817/GOMC.bin.8817.ffn
[09:19:23] ../../Data/Chen_Analysis/Prokka/Bacteria/GOMC.bin.8817/GOMC.bin.8817.log
[09:19:23] ../../Data/Chen_Analysis/Prokka/Bacteria/GOMC.bin.8817/GOMC.bin.8817.txt
[09:19:23] ../../Data/Chen_Analysis/Prokka/Bacteria/GOMC.bin.8817/GOMC.bin.8817.gff
[09:19:23] ../../Data/Chen_Analysis/Prokka/Bacteria/GOMC.bin.8817/GOMC.bin.8817.fna
[09:19:23] ../../Data/Chen_Analysis/Prokka/Bacteria/GOMC.bin.8817/GOMC.bin.8817.tsv
[09:19:23] ../../Data/Chen_Analysis/Prokka/Bacteria/GOMC.bin.8817/GOMC.bin.8817.tbl
[09:19:23] ../../Data/Chen_Analysis/Prokka/Bacteria/GOMC.bin.8817/GOMC.bin.8817.faa
[09:19:23] ../../Data/Chen_Analysis/Prokka/Bacteria/GOMC.bin.8817/GOMC.bin.8817.sqn
[09:19:23] ../../Data/Chen_Analysis/Prokka/Bacteria/GOMC.bin.8817/GOMC.bin.8817.fsa
[09:19:23] ../../Data/Chen_Analysis/Prokka/Bacteria/GOMC.bin.8817/GOMC.bin.8817.gbk
[09:19:23] Annotation finished successfully.
[09:19:23] Walltime used: 1.10 minutes
[09:19:23] If you use this result please cite the Prokka paper:
[09:19:23] Seemann T (2014) Prokka: rapid prokaryotic genome annotation. Bioinformatics. 30(14):2068-9.
[09:19:23] Type 'prokka --citation' for more details.
[09:19:23] Thank you, come again.
