[07:28:37] This is prokka 1.14.6
[07:28:37] Written by Torsten Seemann <torsten.seemann@gmail.com>
[07:28:37] Homepage is https://github.com/tseemann/prokka
[07:28:37] Local time is Mon Dec  1 07:28:37 2025
[07:28:37] You are joao_facio
[07:28:37] Operating system is linux
[07:28:37] You have BioPerl 1.7.8
[07:28:37] System has 12 cores.
[07:28:37] Will use maximum of 4 cores.
[07:28:37] Annotating as >>> Archaea <<<
[07:28:37] Generating locus_tag from '/tmp/tmp6gns85ah/GOMC.bin.2724.fa' contents.
[07:28:37] Setting --locustag CHEICLLN from MD5 c1e2c5575967503b19c0422098f02891
[07:28:37] Creating new output folder: ../../Data/Chen_Analysis/Prokka/Archaea/GOMC.bin.2724
[07:28:37] Running: mkdir -p \.\.\/\.\.\/Data\/Chen_Analysis\/Prokka\/Archaea\/GOMC\.bin\.2724
[07:28:37] Using filename prefix: GOMC.bin.2724.XXX
[07:28:37] Setting HMMER_NCPU=1
[07:28:37] Writing log to: ../../Data/Chen_Analysis/Prokka/Archaea/GOMC.bin.2724/GOMC.bin.2724.log
[07:28:37] Command: /home/joao_facio/miniconda3/envs/prokka/bin/prokka --outdir ../../Data/Chen_Analysis/Prokka/Archaea/GOMC.bin.2724 --prefix GOMC.bin.2724 --kingdom Archaea --genus B14-G17 --strain GOMC.bin.2724 --cpus 4 --force /tmp/tmp6gns85ah/GOMC.bin.2724.fa
[07:28:37] Appending to PATH: /home/joao_facio/miniconda3/envs/prokka/bin
[07:28:37] Looking for 'aragorn' - found /home/joao_facio/miniconda3/envs/prokka/bin/aragorn
[07:28:37] Determined aragorn version is 001002 from 'ARAGORN v1.2.41 Dean Laslett'
[07:28:37] Looking for 'barrnap' - found /home/joao_facio/miniconda3/envs/prokka/bin/barrnap
[07:28:37] Determined barrnap version is 000009 from 'barrnap 0.9'
[07:28:37] Looking for 'blastp' - found /home/joao_facio/miniconda3/envs/prokka/bin/blastp
[07:28:37] Determined blastp version is 002016 from 'blastp: 2.16.0+'
[07:28:37] Looking for 'cmpress' - found /home/joao_facio/miniconda3/envs/prokka/bin/cmpress
[07:28:37] Determined cmpress version is 001001 from '# INFERNAL 1.1.5 (Sep 2023)'
[07:28:37] Looking for 'cmscan' - found /home/joao_facio/miniconda3/envs/prokka/bin/cmscan
[07:28:37] Determined cmscan version is 001001 from '# INFERNAL 1.1.5 (Sep 2023)'
[07:28:37] Looking for 'egrep' - found /usr/bin/egrep
[07:28:37] Looking for 'find' - found /usr/bin/find
[07:28:37] Looking for 'grep' - found /usr/bin/grep
[07:28:37] Looking for 'hmmpress' - found /home/joao_facio/miniconda3/envs/prokka/bin/hmmpress
[07:28:37] Determined hmmpress version is 003004 from '# HMMER 3.4 (Aug 2023); http://hmmer.org/'
[07:28:37] Looking for 'hmmscan' - found /home/joao_facio/miniconda3/envs/prokka/bin/hmmscan
[07:28:37] Determined hmmscan version is 003004 from '# HMMER 3.4 (Aug 2023); http://hmmer.org/'
[07:28:37] Looking for 'java' - found /home/joao_facio/miniconda3/envs/prokka/bin/java
[07:28:37] Looking for 'makeblastdb' - found /home/joao_facio/miniconda3/envs/prokka/bin/makeblastdb
[07:28:37] Determined makeblastdb version is 002016 from 'makeblastdb: 2.16.0+'
[07:28:37] Looking for 'minced' - found /home/joao_facio/miniconda3/envs/prokka/bin/minced
[07:28:37] Determined minced version is 004002 from 'minced 0.4.2'
[07:28:37] Looking for 'parallel' - found /home/joao_facio/miniconda3/envs/prokka/bin/parallel
[07:28:37] Determined parallel version is 20251122 from 'GNU parallel 20251122'
[07:28:37] Looking for 'prodigal' - found /home/joao_facio/miniconda3/envs/prokka/bin/prodigal
[07:28:37] Determined prodigal version is 002006 from 'Prodigal V2.6.3: February, 2016'
[07:28:37] Looking for 'prokka-genbank_to_fasta_db' - found /home/joao_facio/miniconda3/envs/prokka/bin/prokka-genbank_to_fasta_db
[07:28:37] Looking for 'sed' - found /usr/bin/sed
[07:28:37] Looking for 'tbl2asn' - found /home/joao_facio/miniconda3/envs/prokka/bin/tbl2asn
[07:28:37] Determined tbl2asn version is 025007 from 'tbl2asn 25.7   arguments:'
[07:28:37] Using genetic code table 11.
[07:28:37] Loading and checking input file: /tmp/tmp6gns85ah/GOMC.bin.2724.fa
[07:28:37] Wrote 160 contigs totalling 1632750 bp.
[07:28:37] Predicting tRNAs and tmRNAs
[07:28:37] Running: aragorn -l -gc11  -w \.\.\/\.\.\/Data\/Chen_Analysis\/Prokka\/Archaea\/GOMC\.bin\.2724\/GOMC\.bin\.2724\.fna
[07:28:37] 1 tRNA-Pro [6713,6786] 35 (tgg)
[07:28:37] 2 tRNA-Asn [6887,6962] 36 (gtt)
[07:28:37] 3 tRNA-Gln c[8066,8138] 35 (ctg)
[07:28:37] 4 tRNA-Gly c[20162,20235] 35 (tcc)
[07:28:37] 5 tRNA-Thr [21524,21616] 36 (tgt)
[07:28:37] 6 tRNA-Ala [21686,21758] 34 (tgc)
[07:28:37] 1 tRNA-Ala [18766,18838] 34 (ggc)
[07:28:37] 1 tRNA-Leu c[114,198] 37 (gag)
[07:28:37] 2 tRNA-Arg [2292,2366] 36 (ccg)
[07:28:37] 1 tRNA-Arg [18554,18628] 36 (gcg)
[07:28:37] 1 tRNA-Leu [1828,1920] 33 (aag)
[07:28:37] tRNA c[4950,5044] is a pseudo/wacky gene - skipping.
[07:28:37] tRNA [49778,49868] is a pseudo/wacky gene - skipping.
[07:28:37] 1 tRNA-Val c[4396,4469] 35 (gac)
[07:28:37] 2 tRNA-Asp [7594,7686] 37 (gtc)
[07:28:37] 3 tRNA-Arg [12544,12620] 37 (tcg)
[07:28:37] 1 tRNA-Pro [7597,7688] 35 (ggg)
[07:28:37] 2 tRNA-Gly c[13599,13672] 35 (gcc)
[07:28:37] 3 tRNA-Thr [13752,13827] 36 (ggt)
[07:28:37] 1 tRNA-Gly [699,773] 35 (ccc)
[07:28:37] 2 tRNA-Met [27145,27213] 30 (cat)
[07:28:37] 3 tRNA-Gln c[27909,27981] 35 (ttg)
[07:28:37] 1 tRNA-Arg [8536,8610] 36 (tct)
[07:28:37] 1 tRNA-Met [1282,1355] 35 (cat)
[07:28:37] 2 tRNA-Ile c[30231,30304] 35 (gat)
[07:28:37] 1 tRNA-Arg c[8148,8226] 37 (cct)
[07:28:37] 1 tRNA-Cys c[9917,9991] 35 (gca)
[07:28:37] 1 tRNA-Ser c[371,455] 36 (gct)
[07:28:37] 2 tRNA-Pro [575,648] 35 (cgg)
[07:28:37] Found 27 tRNAs
[07:28:37] Predicting Ribosomal RNAs
[07:28:37] Running Barrnap with 4 threads
[07:28:38] 1 SRR6478753_k53_1110516_1 15144 5S ribosomal RNA
[07:28:38] Found 1 rRNAs
[07:28:38] Skipping ncRNA search, enable with --rfam if desired.
[07:28:38] Total of 28 tRNA + rRNA features
[07:28:38] Searching for CRISPR repeats
[07:28:38] Found 0 CRISPRs
[07:28:38] Predicting coding sequences
[07:28:38] Contigs total 1632750 bp, so using single mode
[07:28:38] Running: prodigal -i \.\.\/\.\.\/Data\/Chen_Analysis\/Prokka\/Archaea\/GOMC\.bin\.2724\/GOMC\.bin\.2724\.fna -c -m -g 11 -p single -f sco -q
[07:28:39] Found 1615 CDS
[07:28:39] Connecting features back to sequences
[07:28:39] Not using genus-specific database. Try --usegenus to enable it.
[07:28:39] Annotating CDS, please be patient.
[07:28:39] Will use 4 CPUs for similarity searching.
[07:28:39] There are still 1615 unannotated CDS left (started with 1615)
[07:28:39] Will use blast to search against /home/joao_facio/miniconda3/envs/prokka/db/kingdom/Archaea/sprot with 4 CPUs
[07:28:39] Running: cat \.\.\/\.\.\/Data\/Chen_Analysis\/Prokka\/Archaea\/GOMC\.bin\.2724\/GOMC\.bin\.2724\.sprot\.tmp\.3119905\.faa | parallel --gnu --plain -j 4 --block 58770 --recstart '>' --pipe blastp -query - -db /home/joao_facio/miniconda3/envs/prokka/db/kingdom/Archaea/sprot -evalue 1e-09 -qcov_hsp_perc 80 -num_threads 1 -num_descriptions 1 -num_alignments 1 -seg no > \.\.\/\.\.\/Data\/Chen_Analysis\/Prokka\/Archaea\/GOMC\.bin\.2724\/GOMC\.bin\.2724\.sprot\.tmp\.3119905\.blast 2> /dev/null
[07:28:42] Modify product: Uncharacterized protein MJ0014 => putative protein
[07:28:42] Modify product: VapC ribonuclease AF_1683 => VapC ribonuclease
[07:28:42] Modify product: Uncharacterized protein MJ0039 => putative protein
[07:28:42] Modify product: Probable phosphoenolpyruvate synthase => putative phosphoenolpyruvate synthase
[07:28:42] Modify product: Membrane-bound protease PH1510 => Membrane-bound protease
[07:28:42] Modify product: ATP-dependent DNA helicase Ta0057 => ATP-dependent DNA helicase
[07:28:42] Modify product: Zinc metalloprotease TldD homolog => Zinc metalloprotease TldD 
[07:28:42] Modify product: UPF0107 protein AF_0055 => hypothetical protein
[07:28:42] Modify product: Chlorinase MJ1651 => Chlorinase
[07:28:42] Modify product: Putative FKBP-type peptidyl-prolyl cis-trans isomerase MJ0825 => Putative FKBP-type peptidyl-prolyl cis-trans isomerase
[07:28:42] Modify product: Uncharacterized protein MJ1225 => putative protein
[07:28:42] Modify product: Protein PH0010 => Protein
[07:28:42] Modify product: Protein Ta0487 => Protein
[07:28:42] Modify product: RutC family protein PH0854 => RutC family protein
[07:28:42] Modify product: Probable cyclic pyranopterin monophosphate synthase => putative cyclic pyranopterin monophosphate synthase
[07:28:42] Modify product: Probable aminomethyltransferase => putative aminomethyltransferase
[07:28:42] Modify product: Probable branched-chain amino acid transport ATP-binding protein LivG => putative branched-chain amino acid transport ATP-binding protein LivG
[07:28:42] Modify product: Probable ribonuclease FAU-1 => putative ribonuclease FAU-1
[07:28:42] Modify product: UPF0147 protein Ta0600 => hypothetical protein
[07:28:42] Modify product: UPF0273 protein PH0284 => hypothetical protein
[07:28:42] Modify product: UPF0215 protein AF_1433 => hypothetical protein
[07:28:42] Modify product: Uncharacterized protein AF_1796 => putative protein
[07:28:42] Modify product: Probable S-adenosylmethionine-dependent methyltransferase MJ0882 => putative S-adenosylmethionine-dependent methyltransferase
[07:28:42] Modify product: Uncharacterized metallohydrolase MMP1398 => putative metallohydrolase
[07:28:42] Modify product: ATP-dependent DNA helicase Saci_0192 => ATP-dependent DNA helicase
[07:28:42] Modify product: UPF0273 protein PH0284 => hypothetical protein
[07:28:42] Modify product: Uncharacterized HTH-type transcriptional regulator PH0140 => putative HTH-type transcriptional regulator
[07:28:42] Modify product: Probable membrane-bound hydrogenase subunit mbhJ => putative membrane-bound hydrogenase subunit mbhJ
[07:28:42] Modify product: Probable ribosomal RNA small subunit methyltransferase A => putative ribosomal RNA small subunit methyltransferase A
[07:28:42] Modify product: Protein pelota homolog => Protein pelota 
[07:28:42] Modify product: Deglycase PH1704 => Deglycase
[07:28:42] Modify product: Uncharacterized ABC transporter ATP-binding protein MJ0796 => putative ABC transporter ATP-binding protein
[07:28:42] Modify product: Probable deoxyhypusine synthase => putative deoxyhypusine synthase
[07:28:42] Modify product: Probable tRNA pseudouridine synthase B => putative tRNA pseudouridine synthase B
[07:28:42] Modify product: UPF0273 protein PH0284 => hypothetical protein
[07:28:42] Modify product: Probable tRNA pseudouridine synthase D => putative tRNA pseudouridine synthase D
[07:28:42] Modify product: GPN-loop GTPase PAB0955 => GPN-loop GTPase
[07:28:42] Modify product: UPF0200 protein SSO1041 => hypothetical protein
[07:28:42] Modify product: UPF0201 protein SSO1042 => hypothetical protein
[07:28:42] Modify product: Uncharacterized ABC transporter ATP-binding protein MJ0796 => putative ABC transporter ATP-binding protein
[07:28:42] Modify product: Ribosome maturation protein SDO1 homolog => Ribosome maturation protein SDO1 
[07:28:42] Modify product: RNA-binding protein PAB1135 => RNA-binding protein
[07:28:42] Modify product: Uncharacterized protein AF_1796 => putative protein
[07:28:42] Modify product: Probable translation initiation factor IF-2 => putative translation initiation factor IF-2
[07:28:42] Modify product: Probable molybdopterin synthase => putative molybdopterin synthase
[07:28:42] Modify product: Zinc metalloprotease TldD homolog => Zinc metalloprotease TldD 
[07:28:42] Modify product: Zinc metalloprotease TldD homolog => Zinc metalloprotease TldD 
[07:28:42] Modify product: Uncharacterized isochorismatase family protein HVO_2328 => putative isochorismatase family protein
[07:28:42] Modify product: Uncharacterized KH and PIN-domain containing protein MJ1533 => putative KH and PIN-domain containing protein
[07:28:42] Modify product: Protein PH0010 => Protein
[07:28:42] Modify product: Uncharacterized protein MJ1225 => putative protein
[07:28:42] Modify product: Sugar fermentation stimulation protein homolog => Sugar fermentation stimulation protein 
[07:28:42] Modify product: Zinc metalloprotease TldD homolog => Zinc metalloprotease TldD 
[07:28:42] Modify product: DNA-binding protein SSO0352 => DNA-binding protein
[07:28:42] Modify product: Zinc metalloprotease TldD homolog => Zinc metalloprotease TldD 
[07:28:42] Modify product: Phosphodiesterase MJ0936 => Phosphodiesterase
[07:28:42] Modify product: ADP-ribose glycohydrolase AF_1521 => ADP-ribose glycohydrolase
[07:28:42] Modify product: Uncharacterized ABC transporter ATP-binding protein MJ0796 => putative ABC transporter ATP-binding protein
[07:28:42] Modify product: ATP-dependent DNA helicase Saci_0192 => ATP-dependent DNA helicase
[07:28:42] Modify product: Uncharacterized HTH-type transcriptional regulator PH1519 => putative HTH-type transcriptional regulator
[07:28:42] Modify product: Uncharacterized metallohydrolase MMP1398 => putative metallohydrolase
[07:28:42] Modify product: Uncharacterized ABC transporter ATP-binding protein MJ0796 => putative ABC transporter ATP-binding protein
[07:28:42] Cleaned 62 /product names
[07:28:42] Deleting unwanted file: ../../Data/Chen_Analysis/Prokka/Archaea/GOMC.bin.2724/GOMC.bin.2724.sprot.tmp.3119905.faa
[07:28:42] Deleting unwanted file: ../../Data/Chen_Analysis/Prokka/Archaea/GOMC.bin.2724/GOMC.bin.2724.sprot.tmp.3119905.blast
[07:28:42] There are still 1145 unannotated CDS left (started with 1615)
[07:28:42] Will use hmmer3 to search against /home/joao_facio/miniconda3/envs/prokka/db/hmm/HAMAP.hmm with 4 CPUs
[07:28:42] Running: cat \.\.\/\.\.\/Data\/Chen_Analysis\/Prokka\/Archaea\/GOMC\.bin\.2724\/GOMC\.bin\.2724\.HAMAP\.hmm\.tmp\.3119905\.faa | parallel --gnu --plain -j 4 --block 40644 --recstart '>' --pipe hmmscan --noali --notextw --acc -E 1e-09 --cpu 1 /home/joao_facio/miniconda3/envs/prokka/db/hmm/HAMAP.hmm /dev/stdin > \.\.\/\.\.\/Data\/Chen_Analysis\/Prokka\/Archaea\/GOMC\.bin\.2724\/GOMC\.bin\.2724\.HAMAP\.hmm\.tmp\.3119905\.hmmer3 2> /dev/null
[07:28:51] Modify product: Uncharacterized MFS-type transporter YfcJ => putative MFS-type transporter YfcJ
[07:28:51] Cleaned 1 /product names
[07:28:51] Deleting unwanted file: ../../Data/Chen_Analysis/Prokka/Archaea/GOMC.bin.2724/GOMC.bin.2724.HAMAP.hmm.tmp.3119905.faa
[07:28:51] Deleting unwanted file: ../../Data/Chen_Analysis/Prokka/Archaea/GOMC.bin.2724/GOMC.bin.2724.HAMAP.hmm.tmp.3119905.hmmer3
[07:28:51] Labelling remaining 940 proteins as 'hypothetical protein'
[07:28:51] Possible /pseudo 'Ribose 1,5-bisphosphate isomerase' at SRR6478753_k53_791890_1 position 11444
[07:28:51] Possible /pseudo 'Zinc metalloprotease TldD ' at SRR6478753_k53_1049497_1 position 3370
[07:28:51] Possible /pseudo 'Iron-sulfur cluster carrier protein' at SRR6478753_k53_1049497_1 position 6774
[07:28:51] Possible /pseudo 'Vitamin B12 import ATP-binding protein BtuD' at SRR6478753_k53_2718613_1 position 15373
[07:28:51] Found 388 unique /gene codes.
[07:28:51] Fixed 2 duplicate /gene - glcV_1 glcV_2
[07:28:51] Fixed 2 duplicate /gene - rhlE_1 rhlE_2
[07:28:51] Fixed 2 duplicate /gene - iorB_1 iorB_2
[07:28:51] Fixed 5 duplicate /gene - tldD_1 tldD_2 tldD_3 tldD_4 tldD_5
[07:28:51] Fixed 13 duplicate /gene - btuD_1 btuD_2 btuD_3 btuD_4 btuD_5 btuD_6 btuD_7 btuD_8 btuD_9 btuD_10 btuD_11 btuD_12 btuD_13
[07:28:51] Fixed 3 duplicate /gene - gph_1 gph_2 gph_3
[07:28:51] Fixed 2 duplicate /gene - cofE_1 cofE_2
[07:28:51] Fixed 2 duplicate /gene - aor_1 aor_2
[07:28:51] Fixed 2 duplicate /gene - ttuA_1 ttuA_2
[07:28:51] Fixed 2 duplicate /gene - iorA_1 iorA_2
[07:28:51] Fixed 2 duplicate /gene - yfeW_1 yfeW_2
[07:28:51] Fixed 5 duplicate /gene - iolE_1 iolE_2 iolE_3 iolE_4 iolE_5
[07:28:51] Fixed 2 duplicate /gene - fcl_1 fcl_2
[07:28:51] Fixed 2 duplicate /gene - sufS_1 sufS_2
[07:28:51] Fixed 2 duplicate /gene - aroA'_1 aroA'_2
[07:28:51] Fixed 2 duplicate /gene - COQ5_1 COQ5_2
[07:28:51] Fixed 2 duplicate /gene - tfb_1 tfb_2
[07:28:51] Fixed 2 duplicate /gene - ndhB_1 ndhB_2
[07:28:51] Fixed 2 duplicate /gene - aglF_1 aglF_2
[07:28:51] Fixed 2 duplicate /gene - psmB_1 psmB_2
[07:28:51] Fixed 2 duplicate /gene - thiI_1 thiI_2
[07:28:51] Fixed 2 duplicate /gene - adk_1 adk_2
[07:28:51] Fixed 2 duplicate /gene - ard1_1 ard1_2
[07:28:51] Fixed 3 duplicate /gene - fgd_1 fgd_2 fgd_3
[07:28:51] Fixed 2 duplicate /gene - ileS_1 ileS_2
[07:28:51] Fixed 2 duplicate /gene - lig_1 lig_2
[07:28:51] Fixed 2 duplicate /gene - dapA_1 dapA_2
[07:28:51] Fixed 2 duplicate /gene - hydG_1 hydG_2
[07:28:51] Fixed 4 duplicate /gene - ecfT_1 ecfT_2 ecfT_3 ecfT_4
[07:28:51] Fixed 2 duplicate /gene - kaiC_1 kaiC_2
[07:28:51] Fixed 3 duplicate /gene - thiL_1 thiL_2 thiL_3
[07:28:51] Fixed 5 duplicate /gene - cpdA_1 cpdA_2 cpdA_3 cpdA_4 cpdA_5
[07:28:51] Fixed 3 duplicate /gene - gyaR_1 gyaR_2 gyaR_3
[07:28:51] Fixed 3 duplicate /gene - arnB_1 arnB_2 arnB_3
[07:28:51] Fixed 5 duplicate /gene - tdh_1 tdh_2 tdh_3 tdh_4 tdh_5
[07:28:51] Fixed 2 duplicate /gene - fbiB_1 fbiB_2
[07:28:51] Fixed 2 duplicate /gene - pepQ_1 pepQ_2
[07:28:51] Fixed 2 duplicate /gene - prs_1 prs_2
[07:28:51] Fixed 4 duplicate /gene - malK_1 malK_2 malK_3 malK_4
[07:28:51] Fixed 2 duplicate /gene - hemE_1 hemE_2
[07:28:51] Fixed 2 duplicate /gene - xylA_1 xylA_2
[07:28:51] Fixed 2 duplicate /gene - miaB_1 miaB_2
[07:28:51] Fixed 2 duplicate /gene - speH_1 speH_2
[07:28:51] Fixed 2 duplicate /gene - ssb_1 ssb_2
[07:28:51] Fixed 2 duplicate /gene - nanT_1 nanT_2
[07:28:51] Fixed 2 duplicate /gene - trmY_1 trmY_2
[07:28:51] Fixed 2 duplicate /gene - rnz_1 rnz_2
[07:28:51] Fixed 2 duplicate /gene - frvX_1 frvX_2
[07:28:51] Fixed 2 duplicate /gene - ycdX_1 ycdX_2
[07:28:51] Fixed 2 duplicate /gene - cysH_1 cysH_2
[07:28:51] Fixed 2 duplicate /gene - speE2_1 speE2_2
[07:28:51] Fixed 2 duplicate /gene - albA_1 albA_2
[07:28:51] Fixed 2 duplicate /gene - gpt_1 gpt_2
[07:28:51] Fixed 2 duplicate /gene - aspS_1 aspS_2
[07:28:51] Fixed 2 duplicate /gene - phnW_1 phnW_2
[07:28:51] Fixed 2 duplicate /gene - prmC_1 prmC_2
[07:28:51] Fixed 3 duplicate /gene - mntR_1 mntR_2 mntR_3
[07:28:51] Fixed 3 duplicate /gene - kdgK_1 kdgK_2 kdgK_3
[07:28:51] Fixed 2 duplicate /gene - RBKS_1 RBKS_2
[07:28:51] Fixed 3 duplicate /gene - galK_1 galK_2 galK_3
[07:28:51] Fixed 6 duplicate /gene - moaA_1 moaA_2 moaA_3 moaA_4 moaA_5 moaA_6
[07:28:51] Fixed 2 duplicate /gene - fen_1 fen_2
[07:28:51] Fixed 4 duplicate /gene - smc_1 smc_2 smc_3 smc_4
[07:28:51] Fixed 2 duplicate /gene - birA_1 birA_2
[07:28:51] Fixed 2 duplicate /gene - xerC_1 xerC_2
[07:28:51] Fixed 2 duplicate /gene - dcd_1 dcd_2
[07:28:51] Fixed 6 duplicate /gene - iolG_1 iolG_2 iolG_3 iolG_4 iolG_5 iolG_6
[07:28:51] Fixed 2 duplicate /gene - cmk_1 cmk_2
[07:28:51] Fixed 5 duplicate /gene - glpK_1 glpK_2 glpK_3 glpK_4 glpK_5
[07:28:51] Fixed 2 duplicate /gene - rhlB_1 rhlB_2
[07:28:51] Fixed 2 duplicate /gene - tgtA_1 tgtA_2
[07:28:51] Fixed 2 duplicate /gene - htpX_1 htpX_2
[07:28:51] Fixed 3 duplicate /gene - rsmB_1 rsmB_2 rsmB_3
[07:28:51] Fixed 2 duplicate /gene - pyrD_1 pyrD_2
[07:28:51] Fixed 74 colliding /gene names.
[07:28:51] Adding /locus_tag identifiers
[07:28:51] Assigned 1643 locus_tags to CDS and RNA features.
[07:28:51] Writing outputs to ../../Data/Chen_Analysis/Prokka/Archaea/GOMC.bin.2724/
[07:28:51] Generating annotation statistics file
[07:28:51] Generating Genbank and Sequin files
[07:28:51] Running: tbl2asn -V b -a r10k -l paired-ends -M n -N 1 -y 'Annotated using prokka 1.14.6 from https://github.com/tseemann/prokka' -Z \.\.\/\.\.\/Data\/Chen_Analysis\/Prokka\/Archaea\/GOMC\.bin\.2724\/GOMC\.bin\.2724\.err -i \.\.\/\.\.\/Data\/Chen_Analysis\/Prokka\/Archaea\/GOMC\.bin\.2724\/GOMC\.bin\.2724\.fsa 2> /dev/null
[07:28:53] Deleting unwanted file: ../../Data/Chen_Analysis/Prokka/Archaea/GOMC.bin.2724/errorsummary.val
[07:28:53] Deleting unwanted file: ../../Data/Chen_Analysis/Prokka/Archaea/GOMC.bin.2724/GOMC.bin.2724.dr
[07:28:53] Deleting unwanted file: ../../Data/Chen_Analysis/Prokka/Archaea/GOMC.bin.2724/GOMC.bin.2724.fixedproducts
[07:28:53] Deleting unwanted file: ../../Data/Chen_Analysis/Prokka/Archaea/GOMC.bin.2724/GOMC.bin.2724.ecn
[07:28:53] Deleting unwanted file: ../../Data/Chen_Analysis/Prokka/Archaea/GOMC.bin.2724/GOMC.bin.2724.val
[07:28:53] Repairing broken .GBK output that tbl2asn produces...
[07:28:53] Running: sed 's/COORDINATES: profile/COORDINATES:profile/' < \.\.\/\.\.\/Data\/Chen_Analysis\/Prokka\/Archaea\/GOMC\.bin\.2724\/GOMC\.bin\.2724\.gbf > \.\.\/\.\.\/Data\/Chen_Analysis\/Prokka\/Archaea\/GOMC\.bin\.2724\/GOMC\.bin\.2724\.gbk
[07:28:53] Deleting unwanted file: ../../Data/Chen_Analysis/Prokka/Archaea/GOMC.bin.2724/GOMC.bin.2724.gbf
[07:28:53] Output files:
[07:28:53] ../../Data/Chen_Analysis/Prokka/Archaea/GOMC.bin.2724/GOMC.bin.2724.gbk
[07:28:53] ../../Data/Chen_Analysis/Prokka/Archaea/GOMC.bin.2724/GOMC.bin.2724.faa
[07:28:53] ../../Data/Chen_Analysis/Prokka/Archaea/GOMC.bin.2724/GOMC.bin.2724.txt
[07:28:53] ../../Data/Chen_Analysis/Prokka/Archaea/GOMC.bin.2724/GOMC.bin.2724.fna
[07:28:53] ../../Data/Chen_Analysis/Prokka/Archaea/GOMC.bin.2724/GOMC.bin.2724.ffn
[07:28:53] ../../Data/Chen_Analysis/Prokka/Archaea/GOMC.bin.2724/GOMC.bin.2724.sqn
[07:28:53] ../../Data/Chen_Analysis/Prokka/Archaea/GOMC.bin.2724/GOMC.bin.2724.err
[07:28:53] ../../Data/Chen_Analysis/Prokka/Archaea/GOMC.bin.2724/GOMC.bin.2724.tbl
[07:28:53] ../../Data/Chen_Analysis/Prokka/Archaea/GOMC.bin.2724/GOMC.bin.2724.gff
[07:28:53] ../../Data/Chen_Analysis/Prokka/Archaea/GOMC.bin.2724/GOMC.bin.2724.log
[07:28:53] ../../Data/Chen_Analysis/Prokka/Archaea/GOMC.bin.2724/GOMC.bin.2724.fsa
[07:28:53] ../../Data/Chen_Analysis/Prokka/Archaea/GOMC.bin.2724/GOMC.bin.2724.tsv
[07:28:53] Annotation finished successfully.
[07:28:53] Walltime used: 0.27 minutes
[07:28:53] If you use this result please cite the Prokka paper:
[07:28:53] Seemann T (2014) Prokka: rapid prokaryotic genome annotation. Bioinformatics. 30(14):2068-9.
[07:28:53] Type 'prokka --citation' for more details.
[07:28:53] Thank you, come again.
