[09:14:59] This is prokka 1.14.6
[09:14:59] Written by Torsten Seemann <torsten.seemann@gmail.com>
[09:14:59] Homepage is https://github.com/tseemann/prokka
[09:14:59] Local time is Mon Dec  1 09:14:59 2025
[09:14:59] You are joao_facio
[09:14:59] Operating system is linux
[09:14:59] You have BioPerl 1.7.8
[09:14:59] System has 12 cores.
[09:14:59] Will use maximum of 4 cores.
[09:14:59] Annotating as >>> Bacteria <<<
[09:14:59] Generating locus_tag from '/tmp/tmp6gns85ah/GOMC.bin.5380.fa' contents.
[09:14:59] Setting --locustag PCJHDBPD from MD5 9c31db9dde4f48c2ec7968fe391d7f28
[09:14:59] Creating new output folder: ../../Data/Chen_Analysis/Prokka/Bacteria/GOMC.bin.5380
[09:14:59] Running: mkdir -p \.\.\/\.\.\/Data\/Chen_Analysis\/Prokka\/Bacteria\/GOMC\.bin\.5380
[09:14:59] Using filename prefix: GOMC.bin.5380.XXX
[09:14:59] Setting HMMER_NCPU=1
[09:14:59] Writing log to: ../../Data/Chen_Analysis/Prokka/Bacteria/GOMC.bin.5380/GOMC.bin.5380.log
[09:14:59] Command: /home/joao_facio/miniconda3/envs/prokka/bin/prokka --outdir ../../Data/Chen_Analysis/Prokka/Bacteria/GOMC.bin.5380 --prefix GOMC.bin.5380 --kingdom Bacteria --genus Cocleimonas --strain GOMC.bin.5380 --cpus 4 --force /tmp/tmp6gns85ah/GOMC.bin.5380.fa
[09:14:59] Appending to PATH: /home/joao_facio/miniconda3/envs/prokka/bin
[09:14:59] Looking for 'aragorn' - found /home/joao_facio/miniconda3/envs/prokka/bin/aragorn
[09:14:59] Determined aragorn version is 001002 from 'ARAGORN v1.2.41 Dean Laslett'
[09:14:59] Looking for 'barrnap' - found /home/joao_facio/miniconda3/envs/prokka/bin/barrnap
[09:14:59] Determined barrnap version is 000009 from 'barrnap 0.9'
[09:14:59] Looking for 'blastp' - found /home/joao_facio/miniconda3/envs/prokka/bin/blastp
[09:14:59] Determined blastp version is 002016 from 'blastp: 2.16.0+'
[09:14:59] Looking for 'cmpress' - found /home/joao_facio/miniconda3/envs/prokka/bin/cmpress
[09:14:59] Determined cmpress version is 001001 from '# INFERNAL 1.1.5 (Sep 2023)'
[09:14:59] Looking for 'cmscan' - found /home/joao_facio/miniconda3/envs/prokka/bin/cmscan
[09:14:59] Determined cmscan version is 001001 from '# INFERNAL 1.1.5 (Sep 2023)'
[09:14:59] Looking for 'egrep' - found /usr/bin/egrep
[09:14:59] Looking for 'find' - found /usr/bin/find
[09:14:59] Looking for 'grep' - found /usr/bin/grep
[09:14:59] Looking for 'hmmpress' - found /home/joao_facio/miniconda3/envs/prokka/bin/hmmpress
[09:14:59] Determined hmmpress version is 003004 from '# HMMER 3.4 (Aug 2023); http://hmmer.org/'
[09:14:59] Looking for 'hmmscan' - found /home/joao_facio/miniconda3/envs/prokka/bin/hmmscan
[09:14:59] Determined hmmscan version is 003004 from '# HMMER 3.4 (Aug 2023); http://hmmer.org/'
[09:14:59] Looking for 'java' - found /home/joao_facio/miniconda3/envs/prokka/bin/java
[09:14:59] Looking for 'makeblastdb' - found /home/joao_facio/miniconda3/envs/prokka/bin/makeblastdb
[09:14:59] Determined makeblastdb version is 002016 from 'makeblastdb: 2.16.0+'
[09:14:59] Looking for 'minced' - found /home/joao_facio/miniconda3/envs/prokka/bin/minced
[09:14:59] Determined minced version is 004002 from 'minced 0.4.2'
[09:14:59] Looking for 'parallel' - found /home/joao_facio/miniconda3/envs/prokka/bin/parallel
[09:14:59] Determined parallel version is 20251122 from 'GNU parallel 20251122'
[09:14:59] Looking for 'prodigal' - found /home/joao_facio/miniconda3/envs/prokka/bin/prodigal
[09:14:59] Determined prodigal version is 002006 from 'Prodigal V2.6.3: February, 2016'
[09:14:59] Looking for 'prokka-genbank_to_fasta_db' - found /home/joao_facio/miniconda3/envs/prokka/bin/prokka-genbank_to_fasta_db
[09:14:59] Looking for 'sed' - found /usr/bin/sed
[09:14:59] Looking for 'tbl2asn' - found /home/joao_facio/miniconda3/envs/prokka/bin/tbl2asn
[09:14:59] Determined tbl2asn version is 025007 from 'tbl2asn 25.7   arguments:'
[09:14:59] Using genetic code table 11.
[09:14:59] Loading and checking input file: /tmp/tmp6gns85ah/GOMC.bin.5380.fa
[09:14:59] Wrote 283 contigs totalling 2775590 bp.
[09:14:59] Predicting tRNAs and tmRNAs
[09:14:59] Running: aragorn -l -gc11  -w \.\.\/\.\.\/Data\/Chen_Analysis\/Prokka\/Bacteria\/GOMC\.bin\.5380\/GOMC\.bin\.5380\.fna
[09:14:59] 1 tRNA-Thr [39484,39559] 34 (tgt)
[09:14:59] 1 tRNA-Phe c[1378,1453] 34 (gaa)
[09:14:59] 1 tRNA-Met [4001,4077] 35 (cat)
[09:14:59] 1 tmRNA [1799,2160] 95,130 ANDDNYALAA**
[09:14:59] 1 tRNA-Ser [4088,4178] 35 (gga)
[09:14:59] 1 tRNA-Glu c[138,212] 34 (ttc)
[09:14:59] 2 tRNA-Ala c[487,562] 34 (ggc)
[09:14:59] 1 tRNA-Arg [30315,30387] 34 (cct)
[09:14:59] 1 tRNA-Lys [4660,4735] 34 (ttt)
[09:14:59] 1 tRNA-Gln c[5883,5957] 33 (ttg)
[09:15:00] 1 tRNA-Ser [1985,2076] 35 (gct)
[09:15:00] 1 tRNA-Arg [53070,53146] 35 (ccg)
[09:15:00] 1 tRNA-Asn c[3360,3435] 34 (gtt)
[09:15:00] 1 tRNA-Pro [2583,2659] 35 (ggg)
[09:15:00] 1 tRNA-Leu c[3712,3796] 35 (gag)
[09:15:00] 1 tRNA-Asp c[16990,17066] 35 (gtc)
[09:15:00] 2 tRNA-Val c[17118,17193] 34 (tac)
[09:15:00] 3 tRNA-Asp c[17269,17345] 35 (gtc)
[09:15:00] 4 tRNA-Val c[17411,17486] 34 (tac)
[09:15:00] 5 tRNA-Leu c[24320,24404] 35 (tag)
[09:15:00] 6 tRNA-His c[24510,24585] 34 (gtg)
[09:15:00] 7 tRNA-Arg c[24611,24687] 35 (tct)
[09:15:00] 8 tRNA-Pro c[24728,24804] 35 (tgg)
[09:15:00] 1 tRNA-Met [5170,5246] 35 (cat)
[09:15:00] 1 tRNA-Tyr [5993,6076] 35 (gta)
[09:15:00] 2 tRNA-Gly [6132,6205] 33 (tcc)
[09:15:00] 3 tRNA-Thr [6242,6317] 34 (ggt)
[09:15:00] 1 tRNA-Gly [2250,2325] 34 (gcc)
[09:15:00] 2 tRNA-Cys [2478,2551] 33 (gca)
[09:15:00] 3 tRNA-Leu [2626,2712] 35 (taa)
[09:15:00] 1 tRNA-Leu c[4114,4199] 35 (caa)
[09:15:00] 1 tRNA-Ser c[1152,1242] 35 (tga)
[09:15:00] 1 tRNA-Val [5114,5190] 35 (gac)
[09:15:00] 1 tRNA-Met c[2245,2321] 35 (cat)
[09:15:00] Found 34 tRNAs
[09:15:00] Predicting Ribosomal RNAs
[09:15:00] Running Barrnap with 4 threads
[09:15:00] 1 k141_268019 37517 5S ribosomal RNA
[09:15:00] 2 k141_855118 4 5S ribosomal RNA
[09:15:00] Found 2 rRNAs
[09:15:00] Skipping ncRNA search, enable with --rfam if desired.
[09:15:00] Total of 35 tRNA + rRNA features
[09:15:00] Searching for CRISPR repeats
[09:15:00] Found 0 CRISPRs
[09:15:00] Predicting coding sequences
[09:15:00] Contigs total 2775590 bp, so using single mode
[09:15:00] Running: prodigal -i \.\.\/\.\.\/Data\/Chen_Analysis\/Prokka\/Bacteria\/GOMC\.bin\.5380\/GOMC\.bin\.5380\.fna -c -m -g 11 -p single -f sco -q
[09:15:02] Excluding CDS which overlaps existing RNA (tRNA) at k141_758325:5964..6206 on - strand
[09:15:02] Found 2582 CDS
[09:15:02] Connecting features back to sequences
[09:15:02] Not using genus-specific database. Try --usegenus to enable it.
[09:15:02] Annotating CDS, please be patient.
[09:15:02] Will use 4 CPUs for similarity searching.
[09:15:02] There are still 2582 unannotated CDS left (started with 2582)
[09:15:02] Will use blast to search against /home/joao_facio/miniconda3/envs/prokka/db/kingdom/Bacteria/IS with 4 CPUs
[09:15:02] Running: cat \.\.\/\.\.\/Data\/Chen_Analysis\/Prokka\/Bacteria\/GOMC\.bin\.5380\/GOMC\.bin\.5380\.IS\.tmp\.3349388\.faa | parallel --gnu --plain -j 4 --block 99242 --recstart '>' --pipe blastp -query - -db /home/joao_facio/miniconda3/envs/prokka/db/kingdom/Bacteria/IS -evalue 1e-30 -qcov_hsp_perc 90 -num_threads 1 -num_descriptions 1 -num_alignments 1 -seg no > \.\.\/\.\.\/Data\/Chen_Analysis\/Prokka\/Bacteria\/GOMC\.bin\.5380\/GOMC\.bin\.5380\.IS\.tmp\.3349388\.blast 2> /dev/null
[09:15:10] Deleting unwanted file: ../../Data/Chen_Analysis/Prokka/Bacteria/GOMC.bin.5380/GOMC.bin.5380.IS.tmp.3349388.faa
[09:15:10] Deleting unwanted file: ../../Data/Chen_Analysis/Prokka/Bacteria/GOMC.bin.5380/GOMC.bin.5380.IS.tmp.3349388.blast
[09:15:10] There are still 2575 unannotated CDS left (started with 2582)
[09:15:10] Will use blast to search against /home/joao_facio/miniconda3/envs/prokka/db/kingdom/Bacteria/AMR with 4 CPUs
[09:15:10] Running: cat \.\.\/\.\.\/Data\/Chen_Analysis\/Prokka\/Bacteria\/GOMC\.bin\.5380\/GOMC\.bin\.5380\.AMR\.tmp\.3349388\.faa | parallel --gnu --plain -j 4 --block 98978 --recstart '>' --pipe blastp -query - -db /home/joao_facio/miniconda3/envs/prokka/db/kingdom/Bacteria/AMR -evalue 1e-300 -qcov_hsp_perc 90 -num_threads 1 -num_descriptions 1 -num_alignments 1 -seg no > \.\.\/\.\.\/Data\/Chen_Analysis\/Prokka\/Bacteria\/GOMC\.bin\.5380\/GOMC\.bin\.5380\.AMR\.tmp\.3349388\.blast 2> /dev/null
[09:15:16] Deleting unwanted file: ../../Data/Chen_Analysis/Prokka/Bacteria/GOMC.bin.5380/GOMC.bin.5380.AMR.tmp.3349388.faa
[09:15:16] Deleting unwanted file: ../../Data/Chen_Analysis/Prokka/Bacteria/GOMC.bin.5380/GOMC.bin.5380.AMR.tmp.3349388.blast
[09:15:16] There are still 2575 unannotated CDS left (started with 2582)
[09:15:16] Will use blast to search against /home/joao_facio/miniconda3/envs/prokka/db/kingdom/Bacteria/sprot with 4 CPUs
[09:15:16] Running: cat \.\.\/\.\.\/Data\/Chen_Analysis\/Prokka\/Bacteria\/GOMC\.bin\.5380\/GOMC\.bin\.5380\.sprot\.tmp\.3349388\.faa | parallel --gnu --plain -j 4 --block 98978 --recstart '>' --pipe blastp -query - -db /home/joao_facio/miniconda3/envs/prokka/db/kingdom/Bacteria/sprot -evalue 1e-09 -qcov_hsp_perc 80 -num_threads 1 -num_descriptions 1 -num_alignments 1 -seg no > \.\.\/\.\.\/Data\/Chen_Analysis\/Prokka\/Bacteria\/GOMC\.bin\.5380\/GOMC\.bin\.5380\.sprot\.tmp\.3349388\.blast 2> /dev/null
[09:15:48] Modify product: Uncharacterized FAD-linked oxidoreductase Rv2280 => putative FAD-linked oxidoreductase
[09:15:48] Modify product: Uncharacterized protein Rv1276c => putative protein
[09:15:48] Modify product: Monocarboxylate 2-oxoacid-binding periplasmic protein all3028 => Monocarboxylate 2-oxoacid-binding periplasmic protein
[09:15:49] Modify product: Virulence protein STM3117 => Virulence protein
[09:15:49] Modify product: Uncharacterized protein HI_0103 => putative protein
[09:15:49] Modify product: UPF0276 protein CCNA_03364 => hypothetical protein
[09:15:49] Modify product: Putative hydro-lyase PSPTO_5379 => Putative hydro-lyase
[09:15:49] Modify product: Uncharacterized ABC transporter ATP-binding protein YadG => putative ABC transporter ATP-binding protein YadG
[09:15:49] Modify product: UPF0145 protein BCE33L0904 => hypothetical protein
[09:15:49] Modify product: Epimerase family protein Rv2216 => Epimerase family protein
[09:15:49] Modify product: Probable Fe(2+)-trafficking protein => putative Fe(2+)-trafficking protein
[09:15:49] Modify product: Putative multidrug export ATP-binding/permease protein SAV1866 => Putative multidrug export ATP-binding/permease protein
[09:15:49] Modify product: Probable membrane transporter protein YfcA => putative membrane transporter protein YfcA
[09:15:49] Modify product: UPF0301 protein VC_0467 => hypothetical protein
[09:15:49] Modify product: Probable transcriptional regulatory protein pdtaR => putative transcriptional regulatory protein pdtaR
[09:15:49] Modify product: Co-chaperone protein HscB homolog => Co-chaperone protein HscB 
[09:15:49] Modify product: UPF0758 protein CT0611 => hypothetical protein
[09:15:49] Modify product: Probable NAD-dependent malic enzyme 2 => putative NAD-dependent malic enzyme 2
[09:15:49] Modify product: Uncharacterized ABC transporter ATP-binding protein YbiT => putative ABC transporter ATP-binding protein YbiT
[09:15:49] Modify product: Probable enoyl-CoA hydratase echA8 => putative enoyl-CoA hydratase echA8
[09:15:49] Modify product: Uncharacterized protein YaeQ => putative protein YaeQ
[09:15:49] Modify product: Uncharacterized ABC transporter ATP-binding protein YheS => putative ABC transporter ATP-binding protein YheS
[09:15:49] Modify product: Probable GTP-binding protein EngB => putative GTP-binding protein EngB
[09:15:49] Modify product: UPF0701 protein YicC => hypothetical protein
[09:15:49] Modify product: Probable sulfate transporter Rv1739c => putative sulfate transporter
[09:15:49] Modify product: Uncharacterized protein YcbX => putative protein YcbX
[09:15:49] Modify product: Probable aminotransferase Rv3329 => putative aminotransferase
[09:15:49] Modify product: Uncharacterized protein HI_0933 => putative protein
[09:15:49] Modify product: Uncharacterized protein YfhP => putative protein YfhP
[09:15:49] Modify product: Probable undecaprenyl-phosphate N-acetylglucosaminyl 1-phosphate transferase => putative undecaprenyl-phosphate N-acetylglucosaminyl 1-phosphate transferase
[09:15:49] Modify product: Uncharacterized oxidoreductase Rv0945 => putative oxidoreductase
[09:15:49] Modify product: Uncharacterized oxidoreductase YciK => putative oxidoreductase YciK
[09:15:49] Modify product: Probable chromosome-partitioning protein ParB => putative chromosome-partitioning protein ParB
[09:15:49] Modify product: UPF0434 protein NMA0874 => hypothetical protein
[09:15:49] Modify product: Sulfurtransferase Alvin_2599 => Sulfurtransferase
[09:15:49] Modify product: Uncharacterized protein YbcJ => putative protein YbcJ
[09:15:49] Modify product: Cytochrome b561 homolog 2 => Cytochrome b561 
[09:15:49] Modify product: Uncharacterized oxidoreductase Rv0945 => putative oxidoreductase
[09:15:49] Modify product: Probable peptidoglycan glycosyltransferase FtsW => putative peptidoglycan glycosyltransferase FtsW
[09:15:49] Modify product: Uncharacterized protein YciO => putative protein YciO
[09:15:49] Modify product: Probable L-asparaginase periplasmic => putative L-asparaginase periplasmic
[09:15:49] Modify product: UPF0502 protein YceH => hypothetical protein
[09:15:49] Modify product: Probable sulfate transporter Rv1739c => putative sulfate transporter
[09:15:49] Modify product: Uncharacterized protein YfgD => putative protein YfgD
[09:15:49] Modify product: Probable DNA endonuclease SmrA => putative DNA endonuclease SmrA
[09:15:49] Modify product: Uncharacterized protein YibN => putative protein YibN
[09:15:49] Modify product: Probable CtpA-like serine protease => putative CtpA-like serine protease
[09:15:49] Modify product: Uncharacterized protein YqjZ => putative protein YqjZ
[09:15:49] Modify product: Uncharacterized acyl-CoA thioester hydrolase HI_0827 => putative acyl-CoA thioester hydrolase
[09:15:49] Modify product: Monocarboxylate 2-oxoacid-binding periplasmic protein all3028 => Monocarboxylate 2-oxoacid-binding periplasmic protein
[09:15:49] Modify product: Uncharacterized metal-dependent hydrolase YjjV => putative metal-dependent hydrolase YjjV
[09:15:49] Modify product: Uncharacterized protein YbcJ => putative protein YbcJ
[09:15:49] Modify product: Probable chromate transport protein => putative chromate transport protein
[09:15:49] Modify product: Peptidoglycan-N-acetylglucosamine deacetylase BC_1960 => Peptidoglycan-N-acetylglucosamine deacetylase
[09:15:49] Modify product: TelA-like protein SA1238 => TelA-like protein
[09:15:49] Modify product: Uncharacterized ABC transporter ATP-binding protein Rv0986 => putative ABC transporter ATP-binding protein
[09:15:49] Modify product: Uncharacterized protein YrbL => putative protein YrbL
[09:15:49] Modify product: Probable protein kinase UbiB => putative protein kinase UbiB
[09:15:49] Modify product: Uncharacterized ABC transporter ATP-binding protein YadG => putative ABC transporter ATP-binding protein YadG
[09:15:49] Modify product: UPF0213 protein EF_2693 => hypothetical protein
[09:15:49] Modify product: Uncharacterized metal-dependent hydrolase YcfH => putative metal-dependent hydrolase YcfH
[09:15:49] Modify product: Uncharacterized signaling protein PA1727 => putative signaling protein
[09:15:49] Modify product: UPF0070 protein HI_0370 => hypothetical protein
[09:15:49] Modify product: Putative transport protein Rv0205 => Putative transport protein
[09:15:49] Modify product: UPF0098 protein YbcL => hypothetical protein
[09:15:49] Modify product: UPF0307 protein PSPTO_4464 => hypothetical protein
[09:15:49] Modify product: Probable siderophore transport system ATP-binding protein YusV => putative siderophore transport system ATP-binding protein YusV
[09:15:49] Modify product: Probable ABC transporter phosphite binding protein PhnD1 => putative ABC transporter phosphite binding protein PhnD1
[09:15:49] Modify product: Probable ATP-dependent DNA helicase YoaA => putative ATP-dependent DNA helicase YoaA
[09:15:49] Modify product: Probable D-xylose utilization operon transcriptional repressor => putative D-xylose utilization operon transcriptional repressor
[09:15:49] Modify product: Phosphate-specific transport system accessory protein PhoU homolog => Phosphate-specific transport system accessory protein PhoU 
[09:15:49] Modify product: UPF0111 protein HI_1603 => hypothetical protein
[09:15:49] Modify product: Uncharacterized protein YqeY => putative protein YqeY
[09:15:49] Modify product: UPF0125 protein HI_0395 => hypothetical protein
[09:15:49] Modify product: Probable lipid II flippase MurJ => putative lipid II flippase MurJ
[09:15:49] Modify product: Probable phosphatase Rv3661 => putative phosphatase
[09:15:49] Modify product: Bifunctional protein FolD => Bifunctional protein FolD protein
[09:15:49] Modify product: Probable ribosomal oxygenase HI_0396 => putative ribosomal oxygenase
[09:15:49] Modify product: UPF0053 inner membrane protein YfjD => hypothetical protein
[09:15:49] Modify product: Uncharacterized protein YfeY => putative protein YfeY
[09:15:49] Modify product: Uncharacterized oxidoreductase Rv2900c => putative oxidoreductase
[09:15:49] Modify product: Uncharacterized protein YcgM => putative protein YcgM
[09:15:49] Modify product: Uncharacterized protein YaeQ => putative protein YaeQ
[09:15:49] Modify product: Probable glycerol-3-phosphate acyltransferase => putative glycerol-3-phosphate acyltransferase
[09:15:49] Modify product: Uncharacterized signaling protein PA1727 => putative signaling protein
[09:15:49] Modify product: Uncharacterized signaling protein PA1727 => putative signaling protein
[09:15:49] Modify product: Uncharacterized zinc protease Rv2782c => putative zinc protease
[09:15:49] Modify product: Uncharacterized oxidoreductase Rv2073c => putative oxidoreductase
[09:15:49] Modify product: Glutathione peroxidase homolog BsaA => Glutathione peroxidase BsaA
[09:15:49] Modify product: GTP cyclohydrolase 1 type 2 homolog => GTP cyclohydrolase 1 type 2 
[09:15:49] Modify product: UPF0413 protein GK0824 => hypothetical protein
[09:15:49] Cleaned 91 /product names
[09:15:49] Deleting unwanted file: ../../Data/Chen_Analysis/Prokka/Bacteria/GOMC.bin.5380/GOMC.bin.5380.sprot.tmp.3349388.faa
[09:15:49] Deleting unwanted file: ../../Data/Chen_Analysis/Prokka/Bacteria/GOMC.bin.5380/GOMC.bin.5380.sprot.tmp.3349388.blast
[09:15:49] There are still 1338 unannotated CDS left (started with 2582)
[09:15:49] Will use hmmer3 to search against /home/joao_facio/miniconda3/envs/prokka/db/hmm/HAMAP.hmm with 4 CPUs
[09:15:49] Running: cat \.\.\/\.\.\/Data\/Chen_Analysis\/Prokka\/Bacteria\/GOMC\.bin\.5380\/GOMC\.bin\.5380\.HAMAP\.hmm\.tmp\.3349388\.faa | parallel --gnu --plain -j 4 --block 46636 --recstart '>' --pipe hmmscan --noali --notextw --acc -E 1e-09 --cpu 1 /home/joao_facio/miniconda3/envs/prokka/db/hmm/HAMAP.hmm /dev/stdin > \.\.\/\.\.\/Data\/Chen_Analysis\/Prokka\/Bacteria\/GOMC\.bin\.5380\/GOMC\.bin\.5380\.HAMAP\.hmm\.tmp\.3349388\.hmmer3 2> /dev/null
[09:15:59] Modify product: Uncharacterized Nudix hydrolase NudL => putative Nudix hydrolase NudL
[09:15:59] Cleaned 1 /product names
[09:15:59] Deleting unwanted file: ../../Data/Chen_Analysis/Prokka/Bacteria/GOMC.bin.5380/GOMC.bin.5380.HAMAP.hmm.tmp.3349388.faa
[09:15:59] Deleting unwanted file: ../../Data/Chen_Analysis/Prokka/Bacteria/GOMC.bin.5380/GOMC.bin.5380.HAMAP.hmm.tmp.3349388.hmmer3
[09:15:59] Labelling remaining 1190 proteins as 'hypothetical protein'
[09:15:59] Possible /pseudo 'Quinone-dependent D-lactate dehydrogenase' at k141_22998 position 54979
[09:15:59] Possible /pseudo 'Lipoprotein-releasing system transmembrane protein LolE' at k141_46505 position 17689
[09:15:59] Possible /pseudo 'Nitrite reductase [NAD(P)H]' at k141_521858 position 2720
[09:15:59] Possible /pseudo 'Twitching mobility protein' at k141_548277 position 37559
[09:15:59] Possible /pseudo 'Twitching mobility protein' at k141_548277 position 38781
[09:15:59] Possible /pseudo 'Isocitrate dehydrogenase kinase/phosphatase' at k141_676758 position 3599
[09:15:59] Possible /pseudo 'putative signaling protein' at k141_849607 position 2133
[09:15:59] Possible /pseudo 'Sensor histidine kinase RcsC' at k141_868459 position 1987
[09:15:59] Found 1165 unique /gene codes.
[09:15:59] Fixed 2 duplicate /gene - tolQ_1 tolQ_2
[09:15:59] Fixed 4 duplicate /gene - rcsC_1 rcsC_2 rcsC_3 rcsC_4
[09:15:59] Fixed 2 duplicate /gene - cmpR_1 cmpR_2
[09:15:59] Fixed 3 duplicate /gene - pilT_1 pilT_2 pilT_3
[09:15:59] Fixed 2 duplicate /gene - ybcJ_1 ybcJ_2
[09:15:59] Fixed 2 duplicate /gene - fdx_1 fdx_2
[09:15:59] Fixed 4 duplicate /gene - dctM_1 dctM_2 dctM_3 dctM_4
[09:15:59] Fixed 2 duplicate /gene - lldD_1 lldD_2
[09:15:59] Fixed 2 duplicate /gene - smc_1 smc_2
[09:15:59] Fixed 2 duplicate /gene - ftsA_1 ftsA_2
[09:15:59] Fixed 2 duplicate /gene - moeA_1 moeA_2
[09:15:59] Fixed 2 duplicate /gene - glnK_1 glnK_2
[09:15:59] Fixed 2 duplicate /gene - amiC_1 amiC_2
[09:15:59] Fixed 2 duplicate /gene - glpE_1 glpE_2
[09:15:59] Fixed 2 duplicate /gene - cobS_1 cobS_2
[09:15:59] Fixed 2 duplicate /gene - yceI_1 yceI_2
[09:15:59] Fixed 3 duplicate /gene - ndhB_1 ndhB_2 ndhB_3
[09:15:59] Fixed 2 duplicate /gene - walR_1 walR_2
[09:15:59] Fixed 2 duplicate /gene - yaeQ_1 yaeQ_2
[09:15:59] Fixed 3 duplicate /gene - rhlE_1 rhlE_2 rhlE_3
[09:15:59] Fixed 2 duplicate /gene - trpD_1 trpD_2
[09:15:59] Fixed 7 duplicate /gene - resA_1 resA_2 resA_3 resA_4 resA_5 resA_6 resA_7
[09:15:59] Fixed 2 duplicate /gene - trmB_1 trmB_2
[09:15:59] Fixed 2 duplicate /gene - msrB_1 msrB_2
[09:15:59] Fixed 2 duplicate /gene - atoC_1 atoC_2
[09:15:59] Fixed 3 duplicate /gene - betA_1 betA_2 betA_3
[09:15:59] Fixed 2 duplicate /gene - bioF_1 bioF_2
[09:15:59] Fixed 3 duplicate /gene - acsA_1 acsA_2 acsA_3
[09:15:59] Fixed 3 duplicate /gene - hisC_1 hisC_2 hisC_3
[09:15:59] Fixed 2 duplicate /gene - dinB_1 dinB_2
[09:15:59] Fixed 2 duplicate /gene - lon_1 lon_2
[09:15:59] Fixed 3 duplicate /gene - mshA_1 mshA_2 mshA_3
[09:15:59] Fixed 2 duplicate /gene - pilE_1 pilE_2
[09:15:59] Fixed 8 duplicate /gene - sasA_1 sasA_2 sasA_3 sasA_4 sasA_5 sasA_6 sasA_7 sasA_8
[09:15:59] Fixed 2 duplicate /gene - pxpB_1 pxpB_2
[09:15:59] Fixed 2 duplicate /gene - lptB_1 lptB_2
[09:15:59] Fixed 2 duplicate /gene - yoeB_1 yoeB_2
[09:15:59] Fixed 2 duplicate /gene - cobT_1 cobT_2
[09:15:59] Fixed 2 duplicate /gene - topA_1 topA_2
[09:15:59] Fixed 4 duplicate /gene - bepA_1 bepA_2 bepA_3 bepA_4
[09:15:59] Fixed 2 duplicate /gene - priA_1 priA_2
[09:15:59] Fixed 2 duplicate /gene - uvrB_1 uvrB_2
[09:15:59] Fixed 2 duplicate /gene - dctD_1 dctD_2
[09:15:59] Fixed 2 duplicate /gene - yefM_1 yefM_2
[09:15:59] Fixed 2 duplicate /gene - cysL_1 cysL_2
[09:15:59] Fixed 2 duplicate /gene - rpoN_1 rpoN_2
[09:15:59] Fixed 2 duplicate /gene - lepB_1 lepB_2
[09:15:59] Fixed 2 duplicate /gene - pglF_1 pglF_2
[09:15:59] Fixed 2 duplicate /gene - mltF_1 mltF_2
[09:15:59] Fixed 2 duplicate /gene - murJ_1 murJ_2
[09:15:59] Fixed 2 duplicate /gene - gltB_1 gltB_2
[09:15:59] Fixed 2 duplicate /gene - iscR_1 iscR_2
[09:15:59] Fixed 2 duplicate /gene - xerD_1 xerD_2
[09:15:59] Fixed 2 duplicate /gene - mtgA_1 mtgA_2
[09:15:59] Fixed 2 duplicate /gene - recF_1 recF_2
[09:15:59] Fixed 2 duplicate /gene - hdfR_1 hdfR_2
[09:15:59] Fixed 2 duplicate /gene - amtB_1 amtB_2
[09:15:59] Fixed 2 duplicate /gene - aceE_1 aceE_2
[09:15:59] Fixed 3 duplicate /gene - alsS_1 alsS_2 alsS_3
[09:15:59] Fixed 3 duplicate /gene - dld_1 dld_2 dld_3
[09:15:59] Fixed 2 duplicate /gene - gloB_1 gloB_2
[09:15:59] Fixed 2 duplicate /gene - ruvB_1 ruvB_2
[09:15:59] Fixed 2 duplicate /gene - gltA_1 gltA_2
[09:15:59] Fixed 2 duplicate /gene - livF_1 livF_2
[09:15:59] Fixed 2 duplicate /gene - galE_1 galE_2
[09:15:59] Fixed 2 duplicate /gene - acuR_1 acuR_2
[09:15:59] Fixed 2 duplicate /gene - htpX_1 htpX_2
[09:15:59] Fixed 2 duplicate /gene - tdh_1 tdh_2
[09:15:59] Fixed 2 duplicate /gene - engB_1 engB_2
[09:15:59] Fixed 6 duplicate /gene - pal_1 pal_2 pal_3 pal_4 pal_5 pal_6
[09:15:59] Fixed 2 duplicate /gene - rsxB_1 rsxB_2
[09:15:59] Fixed 4 duplicate /gene - speE_1 speE_2 speE_3 speE_4
[09:15:59] Fixed 2 duplicate /gene - carB_1 carB_2
[09:15:59] Fixed 2 duplicate /gene - epsF_1 epsF_2
[09:15:59] Fixed 2 duplicate /gene - pntB_1 pntB_2
[09:15:59] Fixed 2 duplicate /gene - trmJ_1 trmJ_2
[09:15:59] Fixed 2 duplicate /gene - pglJ_1 pglJ_2
[09:15:59] Fixed 2 duplicate /gene - pntA_1 pntA_2
[09:15:59] Fixed 3 duplicate /gene - ygeA_1 ygeA_2 ygeA_3
[09:15:59] Fixed 2 duplicate /gene - ycaO_1 ycaO_2
[09:15:59] Fixed 2 duplicate /gene - lysN_1 lysN_2
[09:15:59] Fixed 2 duplicate /gene - fmt_1 fmt_2
[09:15:59] Fixed 2 duplicate /gene - arnB_1 arnB_2
[09:15:59] Fixed 2 duplicate /gene - degP_1 degP_2
[09:15:59] Fixed 2 duplicate /gene - fabG_1 fabG_2
[09:15:59] Fixed 2 duplicate /gene - dctB_1 dctB_2
[09:15:59] Fixed 2 duplicate /gene - dcd_1 dcd_2
[09:15:59] Fixed 2 duplicate /gene - pcm_1 pcm_2
[09:15:59] Fixed 2 duplicate /gene - lolE_1 lolE_2
[09:15:59] Fixed 3 duplicate /gene - lolD_1 lolD_2 lolD_3
[09:15:59] Fixed 2 duplicate /gene - yadG_1 yadG_2
[09:15:59] Fixed 2 duplicate /gene - ligA_1 ligA_2
[09:15:59] Fixed 2 duplicate /gene - polA_1 polA_2
[09:15:59] Fixed 2 duplicate /gene - phoB_1 phoB_2
[09:15:59] Fixed 2 duplicate /gene - aceK_1 aceK_2
[09:15:59] Fixed 2 duplicate /gene - fadE_1 fadE_2
[09:15:59] Fixed 2 duplicate /gene - rlmG_1 rlmG_2
[09:15:59] Fixed 2 duplicate /gene - zraR_1 zraR_2
[09:15:59] Fixed 2 duplicate /gene - menH_1 menH_2
[09:15:59] Fixed 2 duplicate /gene - der_1 der_2
[09:15:59] Fixed 2 duplicate /gene - leuA_1 leuA_2
[09:15:59] Fixed 2 duplicate /gene - sspA_1 sspA_2
[09:15:59] Fixed 2 duplicate /gene - exbD_1 exbD_2
[09:15:59] Fixed 2 duplicate /gene - atpH_1 atpH_2
[09:15:59] Fixed 2 duplicate /gene - pxpC_1 pxpC_2
[09:15:59] Fixed 2 duplicate /gene - yadH_1 yadH_2
[09:15:59] Fixed 2 duplicate /gene - hupB_1 hupB_2
[09:15:59] Fixed 2 duplicate /gene - btuD_1 btuD_2
[09:15:59] Fixed 2 duplicate /gene - hisB_1 hisB_2
[09:15:59] Fixed 2 duplicate /gene - nasD_1 nasD_2
[09:15:59] Fixed 2 duplicate /gene - suhB_1 suhB_2
[09:15:59] Fixed 111 colliding /gene names.
[09:15:59] Adding /locus_tag identifiers
[09:15:59] Assigned 2618 locus_tags to CDS and RNA features.
[09:15:59] Writing outputs to ../../Data/Chen_Analysis/Prokka/Bacteria/GOMC.bin.5380/
[09:15:59] Generating annotation statistics file
[09:15:59] Generating Genbank and Sequin files
[09:15:59] Running: tbl2asn -V b -a r10k -l paired-ends -M n -N 1 -y 'Annotated using prokka 1.14.6 from https://github.com/tseemann/prokka' -Z \.\.\/\.\.\/Data\/Chen_Analysis\/Prokka\/Bacteria\/GOMC\.bin\.5380\/GOMC\.bin\.5380\.err -i \.\.\/\.\.\/Data\/Chen_Analysis\/Prokka\/Bacteria\/GOMC\.bin\.5380\/GOMC\.bin\.5380\.fsa 2> /dev/null
[09:16:02] Deleting unwanted file: ../../Data/Chen_Analysis/Prokka/Bacteria/GOMC.bin.5380/errorsummary.val
[09:16:02] Deleting unwanted file: ../../Data/Chen_Analysis/Prokka/Bacteria/GOMC.bin.5380/GOMC.bin.5380.dr
[09:16:02] Deleting unwanted file: ../../Data/Chen_Analysis/Prokka/Bacteria/GOMC.bin.5380/GOMC.bin.5380.fixedproducts
[09:16:02] Deleting unwanted file: ../../Data/Chen_Analysis/Prokka/Bacteria/GOMC.bin.5380/GOMC.bin.5380.ecn
[09:16:02] Deleting unwanted file: ../../Data/Chen_Analysis/Prokka/Bacteria/GOMC.bin.5380/GOMC.bin.5380.val
[09:16:02] Repairing broken .GBK output that tbl2asn produces...
[09:16:02] Running: sed 's/COORDINATES: profile/COORDINATES:profile/' < \.\.\/\.\.\/Data\/Chen_Analysis\/Prokka\/Bacteria\/GOMC\.bin\.5380\/GOMC\.bin\.5380\.gbf > \.\.\/\.\.\/Data\/Chen_Analysis\/Prokka\/Bacteria\/GOMC\.bin\.5380\/GOMC\.bin\.5380\.gbk
[09:16:02] Deleting unwanted file: ../../Data/Chen_Analysis/Prokka/Bacteria/GOMC.bin.5380/GOMC.bin.5380.gbf
[09:16:02] Output files:
[09:16:02] ../../Data/Chen_Analysis/Prokka/Bacteria/GOMC.bin.5380/GOMC.bin.5380.tbl
[09:16:02] ../../Data/Chen_Analysis/Prokka/Bacteria/GOMC.bin.5380/GOMC.bin.5380.gff
[09:16:02] ../../Data/Chen_Analysis/Prokka/Bacteria/GOMC.bin.5380/GOMC.bin.5380.gbk
[09:16:02] ../../Data/Chen_Analysis/Prokka/Bacteria/GOMC.bin.5380/GOMC.bin.5380.fsa
[09:16:02] ../../Data/Chen_Analysis/Prokka/Bacteria/GOMC.bin.5380/GOMC.bin.5380.faa
[09:16:02] ../../Data/Chen_Analysis/Prokka/Bacteria/GOMC.bin.5380/GOMC.bin.5380.tsv
[09:16:02] ../../Data/Chen_Analysis/Prokka/Bacteria/GOMC.bin.5380/GOMC.bin.5380.sqn
[09:16:02] ../../Data/Chen_Analysis/Prokka/Bacteria/GOMC.bin.5380/GOMC.bin.5380.err
[09:16:02] ../../Data/Chen_Analysis/Prokka/Bacteria/GOMC.bin.5380/GOMC.bin.5380.txt
[09:16:02] ../../Data/Chen_Analysis/Prokka/Bacteria/GOMC.bin.5380/GOMC.bin.5380.ffn
[09:16:02] ../../Data/Chen_Analysis/Prokka/Bacteria/GOMC.bin.5380/GOMC.bin.5380.log
[09:16:02] ../../Data/Chen_Analysis/Prokka/Bacteria/GOMC.bin.5380/GOMC.bin.5380.fna
[09:16:02] Annotation finished successfully.
[09:16:02] Walltime used: 1.05 minutes
[09:16:02] If you use this result please cite the Prokka paper:
[09:16:02] Seemann T (2014) Prokka: rapid prokaryotic genome annotation. Bioinformatics. 30(14):2068-9.
[09:16:02] Type 'prokka --citation' for more details.
[09:16:02] Share and enjoy!
