[08:36:03] This is prokka 1.14.6
[08:36:03] Written by Torsten Seemann <torsten.seemann@gmail.com>
[08:36:03] Homepage is https://github.com/tseemann/prokka
[08:36:03] Local time is Mon Dec  1 08:36:03 2025
[08:36:03] You are joao_facio
[08:36:03] Operating system is linux
[08:36:03] You have BioPerl 1.7.8
[08:36:03] System has 12 cores.
[08:36:03] Will use maximum of 4 cores.
[08:36:03] Annotating as >>> Bacteria <<<
[08:36:03] Generating locus_tag from '/tmp/tmp6gns85ah/GOMC.bin.15276.fa' contents.
[08:36:03] Setting --locustag BOLDMHHG from MD5 b85d6110ce4b37617ffdcc32c1ca97eb
[08:36:03] Creating new output folder: ../../Data/Chen_Analysis/Prokka/Bacteria/GOMC.bin.15276
[08:36:03] Running: mkdir -p \.\.\/\.\.\/Data\/Chen_Analysis\/Prokka\/Bacteria\/GOMC\.bin\.15276
[08:36:03] Using filename prefix: GOMC.bin.15276.XXX
[08:36:03] Setting HMMER_NCPU=1
[08:36:03] Writing log to: ../../Data/Chen_Analysis/Prokka/Bacteria/GOMC.bin.15276/GOMC.bin.15276.log
[08:36:03] Command: /home/joao_facio/miniconda3/envs/prokka/bin/prokka --outdir ../../Data/Chen_Analysis/Prokka/Bacteria/GOMC.bin.15276 --prefix GOMC.bin.15276 --kingdom Bacteria --genus Polaribacter_A --strain GOMC.bin.15276 --cpus 4 --force /tmp/tmp6gns85ah/GOMC.bin.15276.fa
[08:36:03] Appending to PATH: /home/joao_facio/miniconda3/envs/prokka/bin
[08:36:03] Looking for 'aragorn' - found /home/joao_facio/miniconda3/envs/prokka/bin/aragorn
[08:36:03] Determined aragorn version is 001002 from 'ARAGORN v1.2.41 Dean Laslett'
[08:36:03] Looking for 'barrnap' - found /home/joao_facio/miniconda3/envs/prokka/bin/barrnap
[08:36:03] Determined barrnap version is 000009 from 'barrnap 0.9'
[08:36:03] Looking for 'blastp' - found /home/joao_facio/miniconda3/envs/prokka/bin/blastp
[08:36:03] Determined blastp version is 002016 from 'blastp: 2.16.0+'
[08:36:03] Looking for 'cmpress' - found /home/joao_facio/miniconda3/envs/prokka/bin/cmpress
[08:36:03] Determined cmpress version is 001001 from '# INFERNAL 1.1.5 (Sep 2023)'
[08:36:03] Looking for 'cmscan' - found /home/joao_facio/miniconda3/envs/prokka/bin/cmscan
[08:36:03] Determined cmscan version is 001001 from '# INFERNAL 1.1.5 (Sep 2023)'
[08:36:03] Looking for 'egrep' - found /usr/bin/egrep
[08:36:03] Looking for 'find' - found /usr/bin/find
[08:36:03] Looking for 'grep' - found /usr/bin/grep
[08:36:03] Looking for 'hmmpress' - found /home/joao_facio/miniconda3/envs/prokka/bin/hmmpress
[08:36:03] Determined hmmpress version is 003004 from '# HMMER 3.4 (Aug 2023); http://hmmer.org/'
[08:36:03] Looking for 'hmmscan' - found /home/joao_facio/miniconda3/envs/prokka/bin/hmmscan
[08:36:03] Determined hmmscan version is 003004 from '# HMMER 3.4 (Aug 2023); http://hmmer.org/'
[08:36:03] Looking for 'java' - found /home/joao_facio/miniconda3/envs/prokka/bin/java
[08:36:03] Looking for 'makeblastdb' - found /home/joao_facio/miniconda3/envs/prokka/bin/makeblastdb
[08:36:03] Determined makeblastdb version is 002016 from 'makeblastdb: 2.16.0+'
[08:36:03] Looking for 'minced' - found /home/joao_facio/miniconda3/envs/prokka/bin/minced
[08:36:03] Determined minced version is 004002 from 'minced 0.4.2'
[08:36:03] Looking for 'parallel' - found /home/joao_facio/miniconda3/envs/prokka/bin/parallel
[08:36:03] Determined parallel version is 20251122 from 'GNU parallel 20251122'
[08:36:03] Looking for 'prodigal' - found /home/joao_facio/miniconda3/envs/prokka/bin/prodigal
[08:36:03] Determined prodigal version is 002006 from 'Prodigal V2.6.3: February, 2016'
[08:36:03] Looking for 'prokka-genbank_to_fasta_db' - found /home/joao_facio/miniconda3/envs/prokka/bin/prokka-genbank_to_fasta_db
[08:36:03] Looking for 'sed' - found /usr/bin/sed
[08:36:03] Looking for 'tbl2asn' - found /home/joao_facio/miniconda3/envs/prokka/bin/tbl2asn
[08:36:03] Determined tbl2asn version is 025007 from 'tbl2asn 25.7   arguments:'
[08:36:03] Using genetic code table 11.
[08:36:03] Loading and checking input file: /tmp/tmp6gns85ah/GOMC.bin.15276.fa
[08:36:03] Wrote 206 contigs totalling 2453386 bp.
[08:36:03] Predicting tRNAs and tmRNAs
[08:36:03] Running: aragorn -l -gc11  -w \.\.\/\.\.\/Data\/Chen_Analysis\/Prokka\/Bacteria\/GOMC\.bin\.15276\/GOMC\.bin\.15276\.fna
[08:36:03] 1 tRNA-Asn c[420,496] 35 (gtt)
[08:36:03] 1 tRNA-Ser c[27698,27785] 35 (gga)
[08:36:03] 1 tRNA-Thr c[1833,1921] 36 (tgt)
[08:36:03] 1 tRNA-Cys [5550,5621] 33 (gca)
[08:36:03] 1 tRNA-Met [20837,20911] 35 (cat)
[08:36:03] 1 tRNA-Arg c[90,164] 35 (acg)
[08:36:03] 1 tRNA-Asp c[4856,4930] 35 (gtc)
[08:36:03] 1 tRNA-Leu [7494,7578] 35 (tag)
[08:36:03] 1 tRNA-Leu c[13351,13433] 35 (tag)
[08:36:03] 1 tRNA-Ser c[103,185] 32 (tga)
[08:36:03] 1 tRNA-Gln [3,77] 34 (ttg)
[08:36:03] 1 tRNA-Leu c[1828,1912] 35 (taa)
[08:36:03] 1 tRNA-Arg [90,164] 35 (tct)
[08:36:03] 1 tRNA-Leu [11213,11297] 35 (caa)
[08:36:03] 1 tRNA-Phe c[1,74] 34 (gaa)
[08:36:03] 1 tRNA-Met c[48,122] 35 (cat)
[08:36:03] 1 tRNA-Gly [863,936] 34 (tcc)
[08:36:03] 1 tRNA-Arg c[18327,18401] 35 (tcg)
[08:36:03] 1 tRNA-Gly [2,75] 34 (tcc)
[08:36:03] 2 tRNA-Thr [86,160] 35 (ggt)
[08:36:03] 3 tRNA-Trp [1480,1553] 34 (cca)
[08:36:03] Found 21 tRNAs
[08:36:03] Predicting Ribosomal RNAs
[08:36:03] Running Barrnap with 4 threads
[08:36:04] Found 0 rRNAs
[08:36:04] Skipping ncRNA search, enable with --rfam if desired.
[08:36:04] Total of 21 tRNA + rRNA features
[08:36:04] Searching for CRISPR repeats
[08:36:04] Found 0 CRISPRs
[08:36:04] Predicting coding sequences
[08:36:04] Contigs total 2453386 bp, so using single mode
[08:36:04] Running: prodigal -i \.\.\/\.\.\/Data\/Chen_Analysis\/Prokka\/Bacteria\/GOMC\.bin\.15276\/GOMC\.bin\.15276\.fna -c -m -g 11 -p single -f sco -q
[08:36:06] Excluding CDS which overlaps existing RNA (tRNA) at k63_3518432:1474..4476 on - strand
[08:36:07] Found 2174 CDS
[08:36:07] Connecting features back to sequences
[08:36:07] Not using genus-specific database. Try --usegenus to enable it.
[08:36:07] Annotating CDS, please be patient.
[08:36:07] Will use 4 CPUs for similarity searching.
[08:36:07] There are still 2174 unannotated CDS left (started with 2174)
[08:36:07] Will use blast to search against /home/joao_facio/miniconda3/envs/prokka/db/kingdom/Bacteria/IS with 4 CPUs
[08:36:07] Running: cat \.\.\/\.\.\/Data\/Chen_Analysis\/Prokka\/Bacteria\/GOMC\.bin\.15276\/GOMC\.bin\.15276\.IS\.tmp\.3273765\.faa | parallel --gnu --plain -j 4 --block 90019 --recstart '>' --pipe blastp -query - -db /home/joao_facio/miniconda3/envs/prokka/db/kingdom/Bacteria/IS -evalue 1e-30 -qcov_hsp_perc 90 -num_threads 1 -num_descriptions 1 -num_alignments 1 -seg no > \.\.\/\.\.\/Data\/Chen_Analysis\/Prokka\/Bacteria\/GOMC\.bin\.15276\/GOMC\.bin\.15276\.IS\.tmp\.3273765\.blast 2> /dev/null
[08:36:14] Deleting unwanted file: ../../Data/Chen_Analysis/Prokka/Bacteria/GOMC.bin.15276/GOMC.bin.15276.IS.tmp.3273765.faa
[08:36:14] Deleting unwanted file: ../../Data/Chen_Analysis/Prokka/Bacteria/GOMC.bin.15276/GOMC.bin.15276.IS.tmp.3273765.blast
[08:36:14] There are still 2173 unannotated CDS left (started with 2174)
[08:36:14] Will use blast to search against /home/joao_facio/miniconda3/envs/prokka/db/kingdom/Bacteria/AMR with 4 CPUs
[08:36:14] Running: cat \.\.\/\.\.\/Data\/Chen_Analysis\/Prokka\/Bacteria\/GOMC\.bin\.15276\/GOMC\.bin\.15276\.AMR\.tmp\.3273765\.faa | parallel --gnu --plain -j 4 --block 89998 --recstart '>' --pipe blastp -query - -db /home/joao_facio/miniconda3/envs/prokka/db/kingdom/Bacteria/AMR -evalue 1e-300 -qcov_hsp_perc 90 -num_threads 1 -num_descriptions 1 -num_alignments 1 -seg no > \.\.\/\.\.\/Data\/Chen_Analysis\/Prokka\/Bacteria\/GOMC\.bin\.15276\/GOMC\.bin\.15276\.AMR\.tmp\.3273765\.blast 2> /dev/null
[08:36:20] Deleting unwanted file: ../../Data/Chen_Analysis/Prokka/Bacteria/GOMC.bin.15276/GOMC.bin.15276.AMR.tmp.3273765.faa
[08:36:20] Deleting unwanted file: ../../Data/Chen_Analysis/Prokka/Bacteria/GOMC.bin.15276/GOMC.bin.15276.AMR.tmp.3273765.blast
[08:36:20] There are still 2173 unannotated CDS left (started with 2174)
[08:36:20] Will use blast to search against /home/joao_facio/miniconda3/envs/prokka/db/kingdom/Bacteria/sprot with 4 CPUs
[08:36:20] Running: cat \.\.\/\.\.\/Data\/Chen_Analysis\/Prokka\/Bacteria\/GOMC\.bin\.15276\/GOMC\.bin\.15276\.sprot\.tmp\.3273765\.faa | parallel --gnu --plain -j 4 --block 89998 --recstart '>' --pipe blastp -query - -db /home/joao_facio/miniconda3/envs/prokka/db/kingdom/Bacteria/sprot -evalue 1e-09 -qcov_hsp_perc 80 -num_threads 1 -num_descriptions 1 -num_alignments 1 -seg no > \.\.\/\.\.\/Data\/Chen_Analysis\/Prokka\/Bacteria\/GOMC\.bin\.15276\/GOMC\.bin\.15276\.sprot\.tmp\.3273765\.blast 2> /dev/null
[08:36:49] Modify product: Probable chromosome-partitioning protein ParB => putative chromosome-partitioning protein ParB
[08:36:49] Modify product: Putative NAD(P)H nitroreductase SA2311 => Putative NAD(P)H nitroreductase
[08:36:49] Modify product: Uncharacterized epimerase/dehydratase SA0511 => putative epimerase/dehydratase
[08:36:49] Modify product: Uncharacterized oxidoreductase Rv0484c => putative oxidoreductase
[08:36:49] Modify product: Probable quorum-quenching lactonase YtnP => putative quorum-quenching lactonase YtnP
[08:36:49] Modify product: UPF0056 inner membrane protein YhgN => hypothetical protein
[08:36:49] Modify product: Uncharacterized sugar kinase YdjH => putative sugar kinase YdjH
[08:36:49] Modify product: Uncharacterized protein YciH => putative protein YciH
[08:36:49] Modify product: Putative cystathionine beta-synthase Rv1077 => Putative cystathionine beta-synthase
[08:36:49] Modify product: Uncharacterized ABC transporter ATP-binding protein YbiT => putative ABC transporter ATP-binding protein YbiT
[08:36:49] Modify product: Uncharacterized ABC transporter ATP-binding protein YknY => putative ABC transporter ATP-binding protein YknY
[08:36:49] Modify product: Acetyltransferase PA3944 => Acetyltransferase
[08:36:49] Modify product: Bifunctional protein FolD => Bifunctional protein FolD protein
[08:36:49] Modify product: Putative zinc metalloprotease aq_1964 => Putative zinc metalloprotease
[08:36:49] Modify product: UPF0056 inner membrane protein YhgN => hypothetical protein
[08:36:49] Modify product: UPF0053 protein HI_0107 => hypothetical protein
[08:36:49] Modify product: Probable copper-transporting ATPase PacS => putative copper-transporting ATPase PacS
[08:36:49] Modify product: UPF0353 protein Rv1481 => hypothetical protein
[08:36:49] Modify product: Uncharacterized protein Rv1480 => putative protein
[08:36:49] Modify product: Uncharacterized protein Rv2915c => putative protein
[08:36:49] Modify product: Probable enoyl-CoA hydratase 1 => putative enoyl-CoA hydratase 1
[08:36:49] Modify product: Uncharacterized protein HI_0933 => putative protein
[08:36:49] Modify product: Uncharacterized symporter YidK => putative symporter YidK
[08:36:49] Modify product: UPF0126 inner membrane protein YadS => hypothetical protein
[08:36:49] Modify product: Uncharacterized oxidoreductase CzcO => putative oxidoreductase CzcO
[08:36:49] Modify product: Uncharacterized protein Rv2307c => putative protein
[08:36:49] Modify product: DNA-binding protein VF_0530 => DNA-binding protein
[08:36:49] Modify product: UPF0382 membrane protein YwdK => hypothetical protein
[08:36:49] Modify product: Probable succinyl-CoA:3-ketoacid coenzyme A transferase subunit A => putative succinyl-CoA:3-ketoacid coenzyme A transferase subunit A
[08:36:49] Modify product: UPF0176 protein YceA => hypothetical protein
[08:36:49] Modify product: UPF0145 protein YbjQ => hypothetical protein
[08:36:49] Modify product: UPF0073 inner membrane protein YqfA => hypothetical protein
[08:36:49] Modify product: Uncharacterized ABC transporter ATP-binding protein TM_0288 => putative ABC transporter ATP-binding protein
[08:36:49] Modify product: UPF0758 protein YsxA => hypothetical protein
[08:36:49] Modify product: Probable chaperone CsaA => putative chaperone CsaA
[08:36:49] Modify product: Uncharacterized isomerase YddE => putative isomerase YddE
[08:36:49] Modify product: UPF0053 inner membrane protein YfjD => hypothetical protein
[08:36:49] Modify product: UPF0301 protein SO_3346 => hypothetical protein
[08:36:49] Modify product: UPF0225 protein YchJ => hypothetical protein
[08:36:49] Modify product: Putative esterase PA1618 => Putative esterase
[08:36:49] Modify product: Probable multidrug resistance ABC transporter ATP-binding/permease protein YheI => putative multidrug resistance ABC transporter ATP-binding/permease protein YheI
[08:36:49] Modify product: Uncharacterized protein YciO => putative protein YciO
[08:36:49] Modify product: Uncharacterized protein YqeN => putative protein YqeN
[08:36:49] Modify product: Uncharacterized protein YfgD => putative protein YfgD
[08:36:49] Modify product: Uncharacterized protein YjbR => putative protein YjbR
[08:36:49] Modify product: Probable membrane transporter protein YfcA => putative membrane transporter protein YfcA
[08:36:50] Modify product: Probable sulfate transporter Rv1739c => putative sulfate transporter
[08:36:50] Modify product: Probable iron-sulfur-binding oxidoreductase FadF => putative iron-sulfur-binding oxidoreductase FadF
[08:36:50] Modify product: Probable ribonucleotide transport ATP-binding protein mkl => putative ribonucleotide transport ATP-binding protein mkl
[08:36:50] Modify product: Probable propionyl-CoA carboxylase beta chain 5 => putative propionyl-CoA carboxylase beta chain 5
[08:36:50] Modify product: Probable transcriptional regulatory protein HP_0162 => putative transcriptional regulatory protein
[08:36:50] Modify product: Uncharacterized glycosyltransferase Rv0539 => putative glycosyltransferase
[08:36:50] Modify product: Probable dual-specificity RNA methyltransferase RlmN => putative dual-specificity RNA methyltransferase RlmN
[08:36:50] Modify product: Uncharacterized protein YpjD => putative protein YpjD
[08:36:50] Modify product: Uncharacterized HIT-like protein Rv0759c => putative HIT-like protein
[08:36:50] Modify product: Uncharacterized ABC transporter ATP-binding protein YxlF => putative ABC transporter ATP-binding protein YxlF
[08:36:50] Modify product: UPF0213 protein BH0048 => hypothetical protein
[08:36:50] Modify product: Probable 3-hydroxybutyryl-CoA dehydrogenase => putative 3-hydroxybutyryl-CoA dehydrogenase
[08:36:50] Modify product: Uncharacterized protein YqeY => putative protein YqeY
[08:36:50] Modify product: Probable peptidoglycan glycosyltransferase FtsW => putative peptidoglycan glycosyltransferase FtsW
[08:36:50] Modify product: Probable GTP-binding protein EngB => putative GTP-binding protein EngB
[08:36:50] Modify product: Glucuronide carrier protein homolog => Glucuronide carrier protein 
[08:36:50] Modify product: Uncharacterized ABC transporter ATP-binding protein TM_0288 => putative ABC transporter ATP-binding protein
[08:36:50] Modify product: Putative formate dehydrogenase SA2102 => Putative formate dehydrogenase
[08:36:50] Modify product: Acetyltransferase PA3944 => Acetyltransferase
[08:36:50] Modify product: Uncharacterized ABC transporter ATP-binding protein YheS => putative ABC transporter ATP-binding protein YheS
[08:36:50] Modify product: GTP cyclohydrolase 1 type 2 homolog => GTP cyclohydrolase 1 type 2 
[08:36:50] Modify product: Butyryl-CoA dehydrogenase Swol_1933 => Butyryl-CoA dehydrogenase
[08:36:50] Modify product: Probable GTPase Rv1496 => putative GTPase
[08:36:50] Modify product: UPF0701 protein HI_0467 => hypothetical protein
[08:36:50] Modify product: Epimerase family protein SA0724 => Epimerase family protein
[08:36:50] Modify product: Probable bacterial non-heme ferritin => putative bacterial non-heme ferritin
[08:36:50] Modify product: Putative low molecular weight protein-tyrosine-phosphatase slr0328 => Putative low molecular weight protein-tyrosine-phosphatase
[08:36:50] Modify product: Probable acyl-CoA dehydrogenase => putative acyl-CoA dehydrogenase
[08:36:50] Modify product: Probable 3-hydroxyacyl-CoA dehydrogenase => putative 3-hydroxyacyl-CoA dehydrogenase
[08:36:50] Modify product: Uncharacterized protein YedJ => putative protein YedJ
[08:36:50] Modify product: UPF0403 protein SA1345 => hypothetical protein
[08:36:50] Modify product: Putative cystathionine beta-synthase Rv1077 => Putative cystathionine beta-synthase
[08:36:50] Modify product: Uncharacterized protein YcgM => putative protein YcgM
[08:36:50] Modify product: Putative multidrug export ATP-binding/permease protein SAV1866 => Putative multidrug export ATP-binding/permease protein
[08:36:50] Modify product: Uncharacterized zinc protease Rv2782c => putative zinc protease
[08:36:50] Modify product: UPF0394 membrane protein XF_0765 => hypothetical protein
[08:36:50] Cleaned 82 /product names
[08:36:50] Deleting unwanted file: ../../Data/Chen_Analysis/Prokka/Bacteria/GOMC.bin.15276/GOMC.bin.15276.sprot.tmp.3273765.faa
[08:36:50] Deleting unwanted file: ../../Data/Chen_Analysis/Prokka/Bacteria/GOMC.bin.15276/GOMC.bin.15276.sprot.tmp.3273765.blast
[08:36:50] There are still 1256 unannotated CDS left (started with 2174)
[08:36:50] Will use hmmer3 to search against /home/joao_facio/miniconda3/envs/prokka/db/hmm/HAMAP.hmm with 4 CPUs
[08:36:50] Running: cat \.\.\/\.\.\/Data\/Chen_Analysis\/Prokka\/Bacteria\/GOMC\.bin\.15276\/GOMC\.bin\.15276\.HAMAP\.hmm\.tmp\.3273765\.faa | parallel --gnu --plain -j 4 --block 49379 --recstart '>' --pipe hmmscan --noali --notextw --acc -E 1e-09 --cpu 1 /home/joao_facio/miniconda3/envs/prokka/db/hmm/HAMAP.hmm /dev/stdin > \.\.\/\.\.\/Data\/Chen_Analysis\/Prokka\/Bacteria\/GOMC\.bin\.15276\/GOMC\.bin\.15276\.HAMAP\.hmm\.tmp\.3273765\.hmmer3 2> /dev/null
[08:36:59] Modify product: Uncharacterized Nudix hydrolase NudL => putative Nudix hydrolase NudL
[08:36:59] Modify product: Uncharacterized MFS-type transporter YfcJ => putative MFS-type transporter YfcJ
[08:36:59] Cleaned 2 /product names
[08:36:59] Deleting unwanted file: ../../Data/Chen_Analysis/Prokka/Bacteria/GOMC.bin.15276/GOMC.bin.15276.HAMAP.hmm.tmp.3273765.faa
[08:36:59] Deleting unwanted file: ../../Data/Chen_Analysis/Prokka/Bacteria/GOMC.bin.15276/GOMC.bin.15276.HAMAP.hmm.tmp.3273765.hmmer3
[08:36:59] Labelling remaining 1073 proteins as 'hypothetical protein'
[08:36:59] Possible /pseudo 'Macrolide export ATP-binding/permease protein MacB' at k63_3805894 position 43456
[08:36:59] Possible /pseudo 'Polyphosphate:ADP/GDP phosphotransferase' at k63_2244648 position 18176
[08:36:59] Possible /pseudo 'Methionine synthase' at k63_109247 position 4672
[08:36:59] Found 892 unique /gene codes.
[08:36:59] Fixed 2 duplicate /gene - aptB_1 aptB_2
[08:36:59] Fixed 2 duplicate /gene - bcrA_1 bcrA_2
[08:36:59] Fixed 2 duplicate /gene - nagB_1 nagB_2
[08:36:59] Fixed 2 duplicate /gene - rny_1 rny_2
[08:36:59] Fixed 4 duplicate /gene - ade_1 ade_2 ade_3 ade_4
[08:36:59] Fixed 2 duplicate /gene - lysC_1 lysC_2
[08:36:59] Fixed 2 duplicate /gene - kdsA_1 kdsA_2
[08:36:59] Fixed 3 duplicate /gene - argD_1 argD_2 argD_3
[08:36:59] Fixed 8 duplicate /gene - btuB_1 btuB_2 btuB_3 btuB_4 btuB_5 btuB_6 btuB_7 btuB_8
[08:36:59] Fixed 2 duplicate /gene - rhaR_1 rhaR_2
[08:36:59] Fixed 2 duplicate /gene - trxA_1 trxA_2
[08:36:59] Fixed 2 duplicate /gene - glpE_1 glpE_2
[08:36:59] Fixed 3 duplicate /gene - COQ5_1 COQ5_2 COQ5_3
[08:36:59] Fixed 2 duplicate /gene - ppk2_1 ppk2_2
[08:36:59] Fixed 2 duplicate /gene - yfkN_1 yfkN_2
[08:36:59] Fixed 3 duplicate /gene - egtB_1 egtB_2 egtB_3
[08:36:59] Fixed 2 duplicate /gene - gyrB_1 gyrB_2
[08:36:59] Fixed 2 duplicate /gene - dbpA_1 dbpA_2
[08:36:59] Fixed 2 duplicate /gene - idi_1 idi_2
[08:36:59] Fixed 2 duplicate /gene - trmH_1 trmH_2
[08:36:59] Fixed 2 duplicate /gene - truA_1 truA_2
[08:36:59] Fixed 4 duplicate /gene - fabG_1 fabG_2 fabG_3 fabG_4
[08:36:59] Fixed 2 duplicate /gene - yfiC_1 yfiC_2
[08:36:59] Fixed 2 duplicate /gene - recQ_1 recQ_2
[08:36:59] Fixed 2 duplicate /gene - mntH_1 mntH_2
[08:36:59] Fixed 2 duplicate /gene - dnaC_1 dnaC_2
[08:36:59] Fixed 3 duplicate /gene - algU_1 algU_2 algU_3
[08:36:59] Fixed 2 duplicate /gene - swrC_1 swrC_2
[08:36:59] Fixed 2 duplicate /gene - hutG_1 hutG_2
[08:36:59] Fixed 3 duplicate /gene - atpH_1 atpH_2 atpH_3
[08:36:59] Fixed 3 duplicate /gene - sigW_1 sigW_2 sigW_3
[08:36:59] Fixed 3 duplicate /gene - lpxD_1 lpxD_2 lpxD_3
[08:36:59] Fixed 2 duplicate /gene - macB_1 macB_2
[08:36:59] Fixed 3 duplicate /gene - dnaA_1 dnaA_2 dnaA_3
[08:36:59] Fixed 3 duplicate /gene - sasA_1 sasA_2 sasA_3
[08:36:59] Fixed 2 duplicate /gene - bamA_1 bamA_2
[08:36:59] Fixed 4 duplicate /gene - hutI_1 hutI_2 hutI_3 hutI_4
[08:36:59] Fixed 2 duplicate /gene - yghO_1 yghO_2
[08:36:59] Fixed 2 duplicate /gene - hisC_1 hisC_2
[08:36:59] Fixed 2 duplicate /gene - rpsI_1 rpsI_2
[08:36:59] Fixed 2 duplicate /gene - dinG_1 dinG_2
[08:36:59] Fixed 2 duplicate /gene - pepO_1 pepO_2
[08:36:59] Fixed 3 duplicate /gene - cpoB_1 cpoB_2 cpoB_3
[08:36:59] Fixed 2 duplicate /gene - dapA_1 dapA_2
[08:36:59] Fixed 2 duplicate /gene - nahK_1 nahK_2
[08:36:59] Fixed 2 duplicate /gene - dapE_1 dapE_2
[08:36:59] Fixed 2 duplicate /gene - gno_1 gno_2
[08:36:59] Fixed 2 duplicate /gene - recD2_1 recD2_2
[08:36:59] Fixed 2 duplicate /gene - uvrA_1 uvrA_2
[08:36:59] Fixed 2 duplicate /gene - paiA_1 paiA_2
[08:36:59] Fixed 2 duplicate /gene - yceI_1 yceI_2
[08:36:59] Fixed 3 duplicate /gene - fabH_1 fabH_2 fabH_3
[08:36:59] Fixed 2 duplicate /gene - dtpT_1 dtpT_2
[08:36:59] Fixed 2 duplicate /gene - tatA_1 tatA_2
[08:36:59] Fixed 2 duplicate /gene - mnmC_1 mnmC_2
[08:36:59] Fixed 2 duplicate /gene - cspC_1 cspC_2
[08:36:59] Fixed 2 duplicate /gene - mdtA_1 mdtA_2
[08:36:59] Fixed 2 duplicate /gene - cbs_1 cbs_2
[08:36:59] Fixed 2 duplicate /gene - sigM_1 sigM_2
[08:36:59] Fixed 2 duplicate /gene - surA_1 surA_2
[08:36:59] Fixed 4 duplicate /gene - rhlE_1 rhlE_2 rhlE_3 rhlE_4
[08:36:59] Fixed 2 duplicate /gene - metH_1 metH_2
[08:36:59] Fixed 2 duplicate /gene - asnC_1 asnC_2
[08:36:59] Fixed 2 duplicate /gene - sufS_1 sufS_2
[08:36:59] Fixed 2 duplicate /gene - rplM_1 rplM_2
[08:36:59] Fixed 4 duplicate /gene - atsA_1 atsA_2 atsA_3 atsA_4
[08:36:59] Fixed 2 duplicate /gene - purN_1 purN_2
[08:36:59] Fixed 2 duplicate /gene - abgB_1 abgB_2
[08:36:59] Fixed 2 duplicate /gene - gltB_1 gltB_2
[08:36:59] Fixed 2 duplicate /gene - xerC_1 xerC_2
[08:36:59] Fixed 2 duplicate /gene - rsmI_1 rsmI_2
[08:36:59] Fixed 2 duplicate /gene - btuD_1 btuD_2
[08:36:59] Fixed 2 duplicate /gene - rlmB_1 rlmB_2
[08:36:59] Fixed 2 duplicate /gene - lytR_1 lytR_2
[08:36:59] Fixed 2 duplicate /gene - kbl_1 kbl_2
[08:36:59] Fixed 2 duplicate /gene - xerD_1 xerD_2
[08:36:59] Fixed 2 duplicate /gene - nfuA_1 nfuA_2
[08:36:59] Fixed 2 duplicate /gene - pyrR_1 pyrR_2
[08:36:59] Fixed 2 duplicate /gene - pal_1 pal_2
[08:36:59] Fixed 3 duplicate /gene - dxs_1 dxs_2 dxs_3
[08:36:59] Fixed 2 duplicate /gene - rnhA_1 rnhA_2
[08:36:59] Fixed 5 duplicate /gene - resA_1 resA_2 resA_3 resA_4 resA_5
[08:36:59] Fixed 2 duplicate /gene - nfdA_1 nfdA_2
[08:36:59] Fixed 2 duplicate /gene - gdhA_1 gdhA_2
[08:36:59] Fixed 2 duplicate /gene - slyA_1 slyA_2
[08:36:59] Fixed 85 colliding /gene names.
[08:36:59] Adding /locus_tag identifiers
[08:36:59] Assigned 2195 locus_tags to CDS and RNA features.
[08:36:59] Writing outputs to ../../Data/Chen_Analysis/Prokka/Bacteria/GOMC.bin.15276/
[08:36:59] Generating annotation statistics file
[08:36:59] Generating Genbank and Sequin files
[08:36:59] Running: tbl2asn -V b -a r10k -l paired-ends -M n -N 1 -y 'Annotated using prokka 1.14.6 from https://github.com/tseemann/prokka' -Z \.\.\/\.\.\/Data\/Chen_Analysis\/Prokka\/Bacteria\/GOMC\.bin\.15276\/GOMC\.bin\.15276\.err -i \.\.\/\.\.\/Data\/Chen_Analysis\/Prokka\/Bacteria\/GOMC\.bin\.15276\/GOMC\.bin\.15276\.fsa 2> /dev/null
[08:37:01] Deleting unwanted file: ../../Data/Chen_Analysis/Prokka/Bacteria/GOMC.bin.15276/errorsummary.val
[08:37:01] Deleting unwanted file: ../../Data/Chen_Analysis/Prokka/Bacteria/GOMC.bin.15276/GOMC.bin.15276.dr
[08:37:01] Deleting unwanted file: ../../Data/Chen_Analysis/Prokka/Bacteria/GOMC.bin.15276/GOMC.bin.15276.fixedproducts
[08:37:01] Deleting unwanted file: ../../Data/Chen_Analysis/Prokka/Bacteria/GOMC.bin.15276/GOMC.bin.15276.ecn
[08:37:01] Deleting unwanted file: ../../Data/Chen_Analysis/Prokka/Bacteria/GOMC.bin.15276/GOMC.bin.15276.val
[08:37:01] Repairing broken .GBK output that tbl2asn produces...
[08:37:01] Running: sed 's/COORDINATES: profile/COORDINATES:profile/' < \.\.\/\.\.\/Data\/Chen_Analysis\/Prokka\/Bacteria\/GOMC\.bin\.15276\/GOMC\.bin\.15276\.gbf > \.\.\/\.\.\/Data\/Chen_Analysis\/Prokka\/Bacteria\/GOMC\.bin\.15276\/GOMC\.bin\.15276\.gbk
[08:37:02] Deleting unwanted file: ../../Data/Chen_Analysis/Prokka/Bacteria/GOMC.bin.15276/GOMC.bin.15276.gbf
[08:37:02] Output files:
[08:37:02] ../../Data/Chen_Analysis/Prokka/Bacteria/GOMC.bin.15276/GOMC.bin.15276.err
[08:37:02] ../../Data/Chen_Analysis/Prokka/Bacteria/GOMC.bin.15276/GOMC.bin.15276.faa
[08:37:02] ../../Data/Chen_Analysis/Prokka/Bacteria/GOMC.bin.15276/GOMC.bin.15276.tbl
[08:37:02] ../../Data/Chen_Analysis/Prokka/Bacteria/GOMC.bin.15276/GOMC.bin.15276.tsv
[08:37:02] ../../Data/Chen_Analysis/Prokka/Bacteria/GOMC.bin.15276/GOMC.bin.15276.sqn
[08:37:02] ../../Data/Chen_Analysis/Prokka/Bacteria/GOMC.bin.15276/GOMC.bin.15276.log
[08:37:02] ../../Data/Chen_Analysis/Prokka/Bacteria/GOMC.bin.15276/GOMC.bin.15276.fsa
[08:37:02] ../../Data/Chen_Analysis/Prokka/Bacteria/GOMC.bin.15276/GOMC.bin.15276.gff
[08:37:02] ../../Data/Chen_Analysis/Prokka/Bacteria/GOMC.bin.15276/GOMC.bin.15276.ffn
[08:37:02] ../../Data/Chen_Analysis/Prokka/Bacteria/GOMC.bin.15276/GOMC.bin.15276.gbk
[08:37:02] ../../Data/Chen_Analysis/Prokka/Bacteria/GOMC.bin.15276/GOMC.bin.15276.fna
[08:37:02] ../../Data/Chen_Analysis/Prokka/Bacteria/GOMC.bin.15276/GOMC.bin.15276.txt
[08:37:02] Annotation finished successfully.
[08:37:02] Walltime used: 0.98 minutes
[08:37:02] If you use this result please cite the Prokka paper:
[08:37:02] Seemann T (2014) Prokka: rapid prokaryotic genome annotation. Bioinformatics. 30(14):2068-9.
[08:37:02] Type 'prokka --citation' for more details.
[08:37:02] Share and enjoy!
