[08:59:17] This is prokka 1.14.6
[08:59:17] Written by Torsten Seemann <torsten.seemann@gmail.com>
[08:59:17] Homepage is https://github.com/tseemann/prokka
[08:59:17] Local time is Mon Dec  1 08:59:17 2025
[08:59:17] You are joao_facio
[08:59:17] Operating system is linux
[08:59:17] You have BioPerl 1.7.8
[08:59:17] System has 12 cores.
[08:59:17] Will use maximum of 4 cores.
[08:59:17] Annotating as >>> Bacteria <<<
[08:59:17] Generating locus_tag from '/tmp/tmp6gns85ah/GOMC.bin.3902.fa' contents.
[08:59:17] Setting --locustag HHKLILOJ from MD5 114525838c4d156e76aae7f06c816715
[08:59:17] Creating new output folder: ../../Data/Chen_Analysis/Prokka/Bacteria/GOMC.bin.3902
[08:59:17] Running: mkdir -p \.\.\/\.\.\/Data\/Chen_Analysis\/Prokka\/Bacteria\/GOMC\.bin\.3902
[08:59:17] Using filename prefix: GOMC.bin.3902.XXX
[08:59:17] Setting HMMER_NCPU=1
[08:59:17] Writing log to: ../../Data/Chen_Analysis/Prokka/Bacteria/GOMC.bin.3902/GOMC.bin.3902.log
[08:59:17] Command: /home/joao_facio/miniconda3/envs/prokka/bin/prokka --outdir ../../Data/Chen_Analysis/Prokka/Bacteria/GOMC.bin.3902 --prefix GOMC.bin.3902 --kingdom Bacteria --genus Thiomicrorhabdus --strain GOMC.bin.3902 --cpus 4 --force /tmp/tmp6gns85ah/GOMC.bin.3902.fa
[08:59:17] Appending to PATH: /home/joao_facio/miniconda3/envs/prokka/bin
[08:59:17] Looking for 'aragorn' - found /home/joao_facio/miniconda3/envs/prokka/bin/aragorn
[08:59:17] Determined aragorn version is 001002 from 'ARAGORN v1.2.41 Dean Laslett'
[08:59:17] Looking for 'barrnap' - found /home/joao_facio/miniconda3/envs/prokka/bin/barrnap
[08:59:17] Determined barrnap version is 000009 from 'barrnap 0.9'
[08:59:17] Looking for 'blastp' - found /home/joao_facio/miniconda3/envs/prokka/bin/blastp
[08:59:18] Determined blastp version is 002016 from 'blastp: 2.16.0+'
[08:59:18] Looking for 'cmpress' - found /home/joao_facio/miniconda3/envs/prokka/bin/cmpress
[08:59:18] Determined cmpress version is 001001 from '# INFERNAL 1.1.5 (Sep 2023)'
[08:59:18] Looking for 'cmscan' - found /home/joao_facio/miniconda3/envs/prokka/bin/cmscan
[08:59:18] Determined cmscan version is 001001 from '# INFERNAL 1.1.5 (Sep 2023)'
[08:59:18] Looking for 'egrep' - found /usr/bin/egrep
[08:59:18] Looking for 'find' - found /usr/bin/find
[08:59:18] Looking for 'grep' - found /usr/bin/grep
[08:59:18] Looking for 'hmmpress' - found /home/joao_facio/miniconda3/envs/prokka/bin/hmmpress
[08:59:18] Determined hmmpress version is 003004 from '# HMMER 3.4 (Aug 2023); http://hmmer.org/'
[08:59:18] Looking for 'hmmscan' - found /home/joao_facio/miniconda3/envs/prokka/bin/hmmscan
[08:59:18] Determined hmmscan version is 003004 from '# HMMER 3.4 (Aug 2023); http://hmmer.org/'
[08:59:18] Looking for 'java' - found /home/joao_facio/miniconda3/envs/prokka/bin/java
[08:59:18] Looking for 'makeblastdb' - found /home/joao_facio/miniconda3/envs/prokka/bin/makeblastdb
[08:59:18] Determined makeblastdb version is 002016 from 'makeblastdb: 2.16.0+'
[08:59:18] Looking for 'minced' - found /home/joao_facio/miniconda3/envs/prokka/bin/minced
[08:59:18] Determined minced version is 004002 from 'minced 0.4.2'
[08:59:18] Looking for 'parallel' - found /home/joao_facio/miniconda3/envs/prokka/bin/parallel
[08:59:18] Determined parallel version is 20251122 from 'GNU parallel 20251122'
[08:59:18] Looking for 'prodigal' - found /home/joao_facio/miniconda3/envs/prokka/bin/prodigal
[08:59:18] Determined prodigal version is 002006 from 'Prodigal V2.6.3: February, 2016'
[08:59:18] Looking for 'prokka-genbank_to_fasta_db' - found /home/joao_facio/miniconda3/envs/prokka/bin/prokka-genbank_to_fasta_db
[08:59:18] Looking for 'sed' - found /usr/bin/sed
[08:59:18] Looking for 'tbl2asn' - found /home/joao_facio/miniconda3/envs/prokka/bin/tbl2asn
[08:59:18] Determined tbl2asn version is 025007 from 'tbl2asn 25.7   arguments:'
[08:59:18] Using genetic code table 11.
[08:59:18] Loading and checking input file: /tmp/tmp6gns85ah/GOMC.bin.3902.fa
[08:59:18] Wrote 222 contigs totalling 1055483 bp.
[08:59:18] Predicting tRNAs and tmRNAs
[08:59:18] Running: aragorn -l -gc11  -w \.\.\/\.\.\/Data\/Chen_Analysis\/Prokka\/Bacteria\/GOMC\.bin\.3902\/GOMC\.bin\.3902\.fna
[08:59:18] 1 tRNA-Met c[5,81] 35 (cat)
[08:59:18] 1 tRNA-Asp c[2,78] 35 (gtc)
[08:59:18] 2 tRNA-Val c[87,162] 34 (tac)
[08:59:18] 1 tRNA-Ser c[39,129] 35 (tga)
[08:59:18] 1 tRNA-Trp [57,133] 35 (cca)
[08:59:18] 1 tRNA-Met [24,100] 35 (cat)
[08:59:18] 1 tRNA-Gln c[99,173] 33 (ttg)
[08:59:18] 1 tRNA-Phe [841,916] 34 (gaa)
[08:59:18] 2 tRNA-Leu [965,1048] 35 (tag)
[08:59:18] Found 9 tRNAs
[08:59:18] Predicting Ribosomal RNAs
[08:59:18] Running Barrnap with 4 threads
[08:59:18] Found 0 rRNAs
[08:59:18] Skipping ncRNA search, enable with --rfam if desired.
[08:59:18] Total of 9 tRNA + rRNA features
[08:59:18] Searching for CRISPR repeats
[08:59:18] Found 0 CRISPRs
[08:59:18] Predicting coding sequences
[08:59:18] Contigs total 1055483 bp, so using single mode
[08:59:18] Running: prodigal -i \.\.\/\.\.\/Data\/Chen_Analysis\/Prokka\/Bacteria\/GOMC\.bin\.3902\/GOMC\.bin\.3902\.fna -c -m -g 11 -p single -f sco -q
[08:59:19] Found 919 CDS
[08:59:19] Connecting features back to sequences
[08:59:19] Not using genus-specific database. Try --usegenus to enable it.
[08:59:19] Annotating CDS, please be patient.
[08:59:19] Will use 4 CPUs for similarity searching.
[08:59:19] There are still 919 unannotated CDS left (started with 919)
[08:59:19] Will use blast to search against /home/joao_facio/miniconda3/envs/prokka/db/kingdom/Bacteria/IS with 4 CPUs
[08:59:19] Running: cat \.\.\/\.\.\/Data\/Chen_Analysis\/Prokka\/Bacteria\/GOMC\.bin\.3902\/GOMC\.bin\.3902\.IS\.tmp\.3317027\.faa | parallel --gnu --plain -j 4 --block 35588 --recstart '>' --pipe blastp -query - -db /home/joao_facio/miniconda3/envs/prokka/db/kingdom/Bacteria/IS -evalue 1e-30 -qcov_hsp_perc 90 -num_threads 1 -num_descriptions 1 -num_alignments 1 -seg no > \.\.\/\.\.\/Data\/Chen_Analysis\/Prokka\/Bacteria\/GOMC\.bin\.3902\/GOMC\.bin\.3902\.IS\.tmp\.3317027\.blast 2> /dev/null
[08:59:22] Deleting unwanted file: ../../Data/Chen_Analysis/Prokka/Bacteria/GOMC.bin.3902/GOMC.bin.3902.IS.tmp.3317027.faa
[08:59:22] Deleting unwanted file: ../../Data/Chen_Analysis/Prokka/Bacteria/GOMC.bin.3902/GOMC.bin.3902.IS.tmp.3317027.blast
[08:59:22] There are still 918 unannotated CDS left (started with 919)
[08:59:22] Will use blast to search against /home/joao_facio/miniconda3/envs/prokka/db/kingdom/Bacteria/AMR with 4 CPUs
[08:59:22] Running: cat \.\.\/\.\.\/Data\/Chen_Analysis\/Prokka\/Bacteria\/GOMC\.bin\.3902\/GOMC\.bin\.3902\.AMR\.tmp\.3317027\.faa | parallel --gnu --plain -j 4 --block 35535 --recstart '>' --pipe blastp -query - -db /home/joao_facio/miniconda3/envs/prokka/db/kingdom/Bacteria/AMR -evalue 1e-300 -qcov_hsp_perc 90 -num_threads 1 -num_descriptions 1 -num_alignments 1 -seg no > \.\.\/\.\.\/Data\/Chen_Analysis\/Prokka\/Bacteria\/GOMC\.bin\.3902\/GOMC\.bin\.3902\.AMR\.tmp\.3317027\.blast 2> /dev/null
[08:59:24] Deleting unwanted file: ../../Data/Chen_Analysis/Prokka/Bacteria/GOMC.bin.3902/GOMC.bin.3902.AMR.tmp.3317027.faa
[08:59:24] Deleting unwanted file: ../../Data/Chen_Analysis/Prokka/Bacteria/GOMC.bin.3902/GOMC.bin.3902.AMR.tmp.3317027.blast
[08:59:24] There are still 918 unannotated CDS left (started with 919)
[08:59:24] Will use blast to search against /home/joao_facio/miniconda3/envs/prokka/db/kingdom/Bacteria/sprot with 4 CPUs
[08:59:24] Running: cat \.\.\/\.\.\/Data\/Chen_Analysis\/Prokka\/Bacteria\/GOMC\.bin\.3902\/GOMC\.bin\.3902\.sprot\.tmp\.3317027\.faa | parallel --gnu --plain -j 4 --block 35535 --recstart '>' --pipe blastp -query - -db /home/joao_facio/miniconda3/envs/prokka/db/kingdom/Bacteria/sprot -evalue 1e-09 -qcov_hsp_perc 80 -num_threads 1 -num_descriptions 1 -num_alignments 1 -seg no > \.\.\/\.\.\/Data\/Chen_Analysis\/Prokka\/Bacteria\/GOMC\.bin\.3902\/GOMC\.bin\.3902\.sprot\.tmp\.3317027\.blast 2> /dev/null
[08:59:36] Modify product: Probable DNA endonuclease SmrA => putative DNA endonuclease SmrA
[08:59:36] Modify product: Uncharacterized signaling protein PA1727 => putative signaling protein
[08:59:36] Modify product: UPF0053 inner membrane protein YfjD => hypothetical protein
[08:59:36] Modify product: Uncharacterized protein YqeY => putative protein YqeY
[08:59:36] Modify product: Uncharacterized protein HI_0933 => putative protein
[08:59:36] Modify product: Probable chromosome-partitioning protein ParB => putative chromosome-partitioning protein ParB
[08:59:36] Modify product: Probable lipid II flippase MurJ => putative lipid II flippase MurJ
[08:59:36] Modify product: Uncharacterized protein HI_0103 => putative protein
[08:59:36] Modify product: Probable cyclic di-GMP phosphodiesterase VC_1348 => putative cyclic di-GMP phosphodiesterase
[08:59:36] Modify product: UPF0126 inner membrane protein YicG => hypothetical protein
[08:59:36] Modify product: Uncharacterized ABC transporter ATP-binding protein YadG => putative ABC transporter ATP-binding protein YadG
[08:59:36] Modify product: Probable peptidoglycan glycosyltransferase FtsW => putative peptidoglycan glycosyltransferase FtsW
[08:59:36] Modify product: Uncharacterized ABC transporter ATP-binding protein YejF => putative ABC transporter ATP-binding protein YejF
[08:59:36] Modify product: Putative esterase aq_1494 => Putative esterase
[08:59:36] Modify product: UPF0758 protein YsxA => hypothetical protein
[08:59:36] Modify product: Probable ATP-dependent transporter SufC => putative ATP-dependent transporter SufC
[08:59:36] Modify product: Uncharacterized ABC transporter ATP-binding protein YbiT => putative ABC transporter ATP-binding protein YbiT
[08:59:36] Modify product: GTP cyclohydrolase 1 type 2 homolog => GTP cyclohydrolase 1 type 2 
[08:59:36] Modify product: Uncharacterized protein Rv2307c => putative protein
[08:59:36] Modify product: Putative multidrug export ATP-binding/permease protein SAV1866 => Putative multidrug export ATP-binding/permease protein
[08:59:36] Modify product: Uncharacterized protein YfgD => putative protein YfgD
[08:59:36] Modify product: STAS-domain containing protein PA14_20770 => STAS-domain containing protein
[08:59:36] Modify product: UPF0307 protein YjgA => hypothetical protein
[08:59:36] Modify product: UPF0102 protein RPA0323 => hypothetical protein
[08:59:36] Modify product: Probable 3-phenylpropionic acid transporter => putative 3-phenylpropionic acid transporter
[08:59:36] Modify product: UPF0276 protein CCNA_03000 => hypothetical protein
[08:59:36] Modify product: Probable cation-transporting ATPase F => putative cation-transporting ATPase F
[08:59:36] Modify product: Uncharacterized protein YciO => putative protein YciO
[08:59:36] Modify product: Putative low molecular weight protein-tyrosine-phosphatase slr0328 => Putative low molecular weight protein-tyrosine-phosphatase
[08:59:36] Modify product: UPF0761 membrane protein YihY => hypothetical protein
[08:59:36] Cleaned 30 /product names
[08:59:36] Deleting unwanted file: ../../Data/Chen_Analysis/Prokka/Bacteria/GOMC.bin.3902/GOMC.bin.3902.sprot.tmp.3317027.faa
[08:59:36] Deleting unwanted file: ../../Data/Chen_Analysis/Prokka/Bacteria/GOMC.bin.3902/GOMC.bin.3902.sprot.tmp.3317027.blast
[08:59:36] There are still 373 unannotated CDS left (started with 919)
[08:59:36] Will use hmmer3 to search against /home/joao_facio/miniconda3/envs/prokka/db/hmm/HAMAP.hmm with 4 CPUs
[08:59:36] Running: cat \.\.\/\.\.\/Data\/Chen_Analysis\/Prokka\/Bacteria\/GOMC\.bin\.3902\/GOMC\.bin\.3902\.HAMAP\.hmm\.tmp\.3317027\.faa | parallel --gnu --plain -j 4 --block 12820 --recstart '>' --pipe hmmscan --noali --notextw --acc -E 1e-09 --cpu 1 /home/joao_facio/miniconda3/envs/prokka/db/hmm/HAMAP.hmm /dev/stdin > \.\.\/\.\.\/Data\/Chen_Analysis\/Prokka\/Bacteria\/GOMC\.bin\.3902\/GOMC\.bin\.3902\.HAMAP\.hmm\.tmp\.3317027\.hmmer3 2> /dev/null
[08:59:39] Deleting unwanted file: ../../Data/Chen_Analysis/Prokka/Bacteria/GOMC.bin.3902/GOMC.bin.3902.HAMAP.hmm.tmp.3317027.faa
[08:59:39] Deleting unwanted file: ../../Data/Chen_Analysis/Prokka/Bacteria/GOMC.bin.3902/GOMC.bin.3902.HAMAP.hmm.tmp.3317027.hmmer3
[08:59:39] Labelling remaining 301 proteins as 'hypothetical protein'
[08:59:39] Found 561 unique /gene codes.
[08:59:39] Fixed 2 duplicate /gene - lpoA_1 lpoA_2
[08:59:39] Fixed 2 duplicate /gene - pcm_1 pcm_2
[08:59:39] Fixed 3 duplicate /gene - sasA_1 sasA_2 sasA_3
[08:59:39] Fixed 2 duplicate /gene - cheY_1 cheY_2
[08:59:39] Fixed 2 duplicate /gene - speE_1 speE_2
[08:59:39] Fixed 2 duplicate /gene - fldA_1 fldA_2
[08:59:39] Fixed 2 duplicate /gene - lon_1 lon_2
[08:59:39] Fixed 2 duplicate /gene - copA_1 copA_2
[08:59:39] Fixed 2 duplicate /gene - rnhA_1 rnhA_2
[08:59:39] Fixed 2 duplicate /gene - waaA_1 waaA_2
[08:59:39] Fixed 2 duplicate /gene - htpX_1 htpX_2
[08:59:39] Fixed 2 duplicate /gene - cheW_1 cheW_2
[08:59:39] Fixed 2 duplicate /gene - nqo2_1 nqo2_2
[08:59:39] Fixed 6 duplicate /gene - pal_1 pal_2 pal_3 pal_4 pal_5 pal_6
[08:59:39] Fixed 2 duplicate /gene - trxC_1 trxC_2
[08:59:39] Fixed 2 duplicate /gene - leuA_1 leuA_2
[08:59:39] Fixed 2 duplicate /gene - cheA_1 cheA_2
[08:59:39] Fixed 3 duplicate /gene - bepA_1 bepA_2 bepA_3
[08:59:39] Fixed 4 duplicate /gene - glpE_1 glpE_2 glpE_3 glpE_4
[08:59:39] Fixed 2 duplicate /gene - cbpA_1 cbpA_2
[08:59:39] Fixed 2 duplicate /gene - tolC_1 tolC_2
[08:59:39] Fixed 2 duplicate /gene - resA_1 resA_2
[08:59:39] Fixed 22 colliding /gene names.
[08:59:39] Adding /locus_tag identifiers
[08:59:39] Assigned 928 locus_tags to CDS and RNA features.
[08:59:39] Writing outputs to ../../Data/Chen_Analysis/Prokka/Bacteria/GOMC.bin.3902/
[08:59:40] Generating annotation statistics file
[08:59:40] Generating Genbank and Sequin files
[08:59:40] Running: tbl2asn -V b -a r10k -l paired-ends -M n -N 1 -y 'Annotated using prokka 1.14.6 from https://github.com/tseemann/prokka' -Z \.\.\/\.\.\/Data\/Chen_Analysis\/Prokka\/Bacteria\/GOMC\.bin\.3902\/GOMC\.bin\.3902\.err -i \.\.\/\.\.\/Data\/Chen_Analysis\/Prokka\/Bacteria\/GOMC\.bin\.3902\/GOMC\.bin\.3902\.fsa 2> /dev/null
[08:59:41] Deleting unwanted file: ../../Data/Chen_Analysis/Prokka/Bacteria/GOMC.bin.3902/errorsummary.val
[08:59:41] Deleting unwanted file: ../../Data/Chen_Analysis/Prokka/Bacteria/GOMC.bin.3902/GOMC.bin.3902.dr
[08:59:41] Deleting unwanted file: ../../Data/Chen_Analysis/Prokka/Bacteria/GOMC.bin.3902/GOMC.bin.3902.fixedproducts
[08:59:41] Deleting unwanted file: ../../Data/Chen_Analysis/Prokka/Bacteria/GOMC.bin.3902/GOMC.bin.3902.ecn
[08:59:41] Deleting unwanted file: ../../Data/Chen_Analysis/Prokka/Bacteria/GOMC.bin.3902/GOMC.bin.3902.val
[08:59:41] Repairing broken .GBK output that tbl2asn produces...
[08:59:41] Running: sed 's/COORDINATES: profile/COORDINATES:profile/' < \.\.\/\.\.\/Data\/Chen_Analysis\/Prokka\/Bacteria\/GOMC\.bin\.3902\/GOMC\.bin\.3902\.gbf > \.\.\/\.\.\/Data\/Chen_Analysis\/Prokka\/Bacteria\/GOMC\.bin\.3902\/GOMC\.bin\.3902\.gbk
[08:59:41] Deleting unwanted file: ../../Data/Chen_Analysis/Prokka/Bacteria/GOMC.bin.3902/GOMC.bin.3902.gbf
[08:59:41] Output files:
[08:59:41] ../../Data/Chen_Analysis/Prokka/Bacteria/GOMC.bin.3902/GOMC.bin.3902.faa
[08:59:41] ../../Data/Chen_Analysis/Prokka/Bacteria/GOMC.bin.3902/GOMC.bin.3902.gff
[08:59:41] ../../Data/Chen_Analysis/Prokka/Bacteria/GOMC.bin.3902/GOMC.bin.3902.log
[08:59:41] ../../Data/Chen_Analysis/Prokka/Bacteria/GOMC.bin.3902/GOMC.bin.3902.gbk
[08:59:41] ../../Data/Chen_Analysis/Prokka/Bacteria/GOMC.bin.3902/GOMC.bin.3902.ffn
[08:59:41] ../../Data/Chen_Analysis/Prokka/Bacteria/GOMC.bin.3902/GOMC.bin.3902.sqn
[08:59:41] ../../Data/Chen_Analysis/Prokka/Bacteria/GOMC.bin.3902/GOMC.bin.3902.tbl
[08:59:41] ../../Data/Chen_Analysis/Prokka/Bacteria/GOMC.bin.3902/GOMC.bin.3902.fsa
[08:59:41] ../../Data/Chen_Analysis/Prokka/Bacteria/GOMC.bin.3902/GOMC.bin.3902.txt
[08:59:41] ../../Data/Chen_Analysis/Prokka/Bacteria/GOMC.bin.3902/GOMC.bin.3902.err
[08:59:41] ../../Data/Chen_Analysis/Prokka/Bacteria/GOMC.bin.3902/GOMC.bin.3902.tsv
[08:59:41] ../../Data/Chen_Analysis/Prokka/Bacteria/GOMC.bin.3902/GOMC.bin.3902.fna
[08:59:41] Annotation finished successfully.
[08:59:41] Walltime used: 0.40 minutes
[08:59:41] If you use this result please cite the Prokka paper:
[08:59:41] Seemann T (2014) Prokka: rapid prokaryotic genome annotation. Bioinformatics. 30(14):2068-9.
[08:59:41] Type 'prokka --citation' for more details.
[08:59:41] Thank you, come again.
