[10:49:32] This is prokka 1.14.6
[10:49:32] Written by Torsten Seemann <torsten.seemann@gmail.com>
[10:49:32] Homepage is https://github.com/tseemann/prokka
[10:49:32] Local time is Mon Dec  1 10:49:32 2025
[10:49:32] You are joao_facio
[10:49:32] Operating system is linux
[10:49:32] You have BioPerl 1.7.8
[10:49:32] System has 12 cores.
[10:49:32] Will use maximum of 4 cores.
[10:49:32] Annotating as >>> Bacteria <<<
[10:49:32] Generating locus_tag from '/tmp/tmp6gns85ah/GOMC.bin.2405.fa' contents.
[10:49:32] Setting --locustag IHBDOILI from MD5 21bd825208d8e67616892cdeb0e0143f
[10:49:32] Creating new output folder: ../../Data/Chen_Analysis/Prokka/Bacteria/GOMC.bin.2405
[10:49:32] Running: mkdir -p \.\.\/\.\.\/Data\/Chen_Analysis\/Prokka\/Bacteria\/GOMC\.bin\.2405
[10:49:32] Using filename prefix: GOMC.bin.2405.XXX
[10:49:32] Setting HMMER_NCPU=1
[10:49:32] Writing log to: ../../Data/Chen_Analysis/Prokka/Bacteria/GOMC.bin.2405/GOMC.bin.2405.log
[10:49:32] Command: /home/joao_facio/miniconda3/envs/prokka/bin/prokka --outdir ../../Data/Chen_Analysis/Prokka/Bacteria/GOMC.bin.2405 --prefix GOMC.bin.2405 --kingdom Bacteria --genus Sulfurovum --strain GOMC.bin.2405 --cpus 4 --force /tmp/tmp6gns85ah/GOMC.bin.2405.fa
[10:49:32] Appending to PATH: /home/joao_facio/miniconda3/envs/prokka/bin
[10:49:32] Looking for 'aragorn' - found /home/joao_facio/miniconda3/envs/prokka/bin/aragorn
[10:49:32] Determined aragorn version is 001002 from 'ARAGORN v1.2.41 Dean Laslett'
[10:49:32] Looking for 'barrnap' - found /home/joao_facio/miniconda3/envs/prokka/bin/barrnap
[10:49:32] Determined barrnap version is 000009 from 'barrnap 0.9'
[10:49:32] Looking for 'blastp' - found /home/joao_facio/miniconda3/envs/prokka/bin/blastp
[10:49:32] Determined blastp version is 002016 from 'blastp: 2.16.0+'
[10:49:32] Looking for 'cmpress' - found /home/joao_facio/miniconda3/envs/prokka/bin/cmpress
[10:49:32] Determined cmpress version is 001001 from '# INFERNAL 1.1.5 (Sep 2023)'
[10:49:32] Looking for 'cmscan' - found /home/joao_facio/miniconda3/envs/prokka/bin/cmscan
[10:49:32] Determined cmscan version is 001001 from '# INFERNAL 1.1.5 (Sep 2023)'
[10:49:32] Looking for 'egrep' - found /usr/bin/egrep
[10:49:32] Looking for 'find' - found /usr/bin/find
[10:49:32] Looking for 'grep' - found /usr/bin/grep
[10:49:32] Looking for 'hmmpress' - found /home/joao_facio/miniconda3/envs/prokka/bin/hmmpress
[10:49:32] Determined hmmpress version is 003004 from '# HMMER 3.4 (Aug 2023); http://hmmer.org/'
[10:49:32] Looking for 'hmmscan' - found /home/joao_facio/miniconda3/envs/prokka/bin/hmmscan
[10:49:32] Determined hmmscan version is 003004 from '# HMMER 3.4 (Aug 2023); http://hmmer.org/'
[10:49:32] Looking for 'java' - found /home/joao_facio/miniconda3/envs/prokka/bin/java
[10:49:32] Looking for 'makeblastdb' - found /home/joao_facio/miniconda3/envs/prokka/bin/makeblastdb
[10:49:32] Determined makeblastdb version is 002016 from 'makeblastdb: 2.16.0+'
[10:49:32] Looking for 'minced' - found /home/joao_facio/miniconda3/envs/prokka/bin/minced
[10:49:32] Determined minced version is 004002 from 'minced 0.4.2'
[10:49:32] Looking for 'parallel' - found /home/joao_facio/miniconda3/envs/prokka/bin/parallel
[10:49:32] Determined parallel version is 20251122 from 'GNU parallel 20251122'
[10:49:32] Looking for 'prodigal' - found /home/joao_facio/miniconda3/envs/prokka/bin/prodigal
[10:49:32] Determined prodigal version is 002006 from 'Prodigal V2.6.3: February, 2016'
[10:49:32] Looking for 'prokka-genbank_to_fasta_db' - found /home/joao_facio/miniconda3/envs/prokka/bin/prokka-genbank_to_fasta_db
[10:49:32] Looking for 'sed' - found /usr/bin/sed
[10:49:32] Looking for 'tbl2asn' - found /home/joao_facio/miniconda3/envs/prokka/bin/tbl2asn
[10:49:32] Determined tbl2asn version is 025007 from 'tbl2asn 25.7   arguments:'
[10:49:32] Using genetic code table 11.
[10:49:32] Loading and checking input file: /tmp/tmp6gns85ah/GOMC.bin.2405.fa
[10:49:32] Wrote 616 contigs totalling 1652144 bp.
[10:49:32] Predicting tRNAs and tmRNAs
[10:49:32] Running: aragorn -l -gc11  -w \.\.\/\.\.\/Data\/Chen_Analysis\/Prokka\/Bacteria\/GOMC\.bin\.2405\/GOMC\.bin\.2405\.fna
[10:49:33] 1 tRNA-Ser [1939,2026] 35 (gga)
[10:49:33] 1 tRNA-Val c[267,341] 33 (gac)
[10:49:33] 1 tRNA-Ala c[1888,1963] 34 (ggc)
[10:49:33] Found 3 tRNAs
[10:49:33] Predicting Ribosomal RNAs
[10:49:33] Running Barrnap with 4 threads
[10:49:33] Found 0 rRNAs
[10:49:33] Skipping ncRNA search, enable with --rfam if desired.
[10:49:33] Total of 3 tRNA + rRNA features
[10:49:33] Searching for CRISPR repeats
[10:49:33] Found 0 CRISPRs
[10:49:33] Predicting coding sequences
[10:49:33] Contigs total 1652144 bp, so using single mode
[10:49:33] Running: prodigal -i \.\.\/\.\.\/Data\/Chen_Analysis\/Prokka\/Bacteria\/GOMC\.bin\.2405\/GOMC\.bin\.2405\.fna -c -m -g 11 -p single -f sco -q
[10:49:34] Found 1622 CDS
[10:49:34] Connecting features back to sequences
[10:49:34] Not using genus-specific database. Try --usegenus to enable it.
[10:49:34] Annotating CDS, please be patient.
[10:49:34] Will use 4 CPUs for similarity searching.
[10:49:34] There are still 1622 unannotated CDS left (started with 1622)
[10:49:34] Will use blast to search against /home/joao_facio/miniconda3/envs/prokka/db/kingdom/Bacteria/IS with 4 CPUs
[10:49:34] Running: cat \.\.\/\.\.\/Data\/Chen_Analysis\/Prokka\/Bacteria\/GOMC\.bin\.2405\/GOMC\.bin\.2405\.IS\.tmp\.3536158\.faa | parallel --gnu --plain -j 4 --block 51192 --recstart '>' --pipe blastp -query - -db /home/joao_facio/miniconda3/envs/prokka/db/kingdom/Bacteria/IS -evalue 1e-30 -qcov_hsp_perc 90 -num_threads 1 -num_descriptions 1 -num_alignments 1 -seg no > \.\.\/\.\.\/Data\/Chen_Analysis\/Prokka\/Bacteria\/GOMC\.bin\.2405\/GOMC\.bin\.2405\.IS\.tmp\.3536158\.blast 2> /dev/null
[10:49:39] Deleting unwanted file: ../../Data/Chen_Analysis/Prokka/Bacteria/GOMC.bin.2405/GOMC.bin.2405.IS.tmp.3536158.faa
[10:49:39] Deleting unwanted file: ../../Data/Chen_Analysis/Prokka/Bacteria/GOMC.bin.2405/GOMC.bin.2405.IS.tmp.3536158.blast
[10:49:39] There are still 1604 unannotated CDS left (started with 1622)
[10:49:39] Will use blast to search against /home/joao_facio/miniconda3/envs/prokka/db/kingdom/Bacteria/AMR with 4 CPUs
[10:49:39] Running: cat \.\.\/\.\.\/Data\/Chen_Analysis\/Prokka\/Bacteria\/GOMC\.bin\.2405\/GOMC\.bin\.2405\.AMR\.tmp\.3536158\.faa | parallel --gnu --plain -j 4 --block 50338 --recstart '>' --pipe blastp -query - -db /home/joao_facio/miniconda3/envs/prokka/db/kingdom/Bacteria/AMR -evalue 1e-300 -qcov_hsp_perc 90 -num_threads 1 -num_descriptions 1 -num_alignments 1 -seg no > \.\.\/\.\.\/Data\/Chen_Analysis\/Prokka\/Bacteria\/GOMC\.bin\.2405\/GOMC\.bin\.2405\.AMR\.tmp\.3536158\.blast 2> /dev/null
[10:49:42] Deleting unwanted file: ../../Data/Chen_Analysis/Prokka/Bacteria/GOMC.bin.2405/GOMC.bin.2405.AMR.tmp.3536158.faa
[10:49:42] Deleting unwanted file: ../../Data/Chen_Analysis/Prokka/Bacteria/GOMC.bin.2405/GOMC.bin.2405.AMR.tmp.3536158.blast
[10:49:42] There are still 1604 unannotated CDS left (started with 1622)
[10:49:42] Will use blast to search against /home/joao_facio/miniconda3/envs/prokka/db/kingdom/Bacteria/sprot with 4 CPUs
[10:49:42] Running: cat \.\.\/\.\.\/Data\/Chen_Analysis\/Prokka\/Bacteria\/GOMC\.bin\.2405\/GOMC\.bin\.2405\.sprot\.tmp\.3536158\.faa | parallel --gnu --plain -j 4 --block 50338 --recstart '>' --pipe blastp -query - -db /home/joao_facio/miniconda3/envs/prokka/db/kingdom/Bacteria/sprot -evalue 1e-09 -qcov_hsp_perc 80 -num_threads 1 -num_descriptions 1 -num_alignments 1 -seg no > \.\.\/\.\.\/Data\/Chen_Analysis\/Prokka\/Bacteria\/GOMC\.bin\.2405\/GOMC\.bin\.2405\.sprot\.tmp\.3536158\.blast 2> /dev/null
[10:49:59] Modify product: Ribonuclease TTHA0252 => Ribonuclease
[10:49:59] Modify product: Uncharacterized HIT-like protein HP_0404 => putative HIT-like protein
[10:49:59] Modify product: Putative peptidyl-prolyl cis-trans isomerase HP_0175 => Putative peptidyl-prolyl cis-trans isomerase
[10:49:59] Modify product: Uncharacterized tRNA/rRNA methyltransferase Rv3579c => putative tRNA/rRNA methyltransferase
[10:49:59] Modify product: Cyclic di-GMP phosphodiesterase TM_0186 => Cyclic di-GMP phosphodiesterase
[10:49:59] Modify product: UPF0102 protein RPA0323 => hypothetical protein
[10:49:59] Modify product: Probable type II secretion system protein HxcR => putative type II secretion system protein HxcR
[10:49:59] Modify product: UPF0234 protein YajQ => hypothetical protein
[10:49:59] Modify product: Probable nicotinate-nucleotide pyrophosphorylase [carboxylating] => putative nicotinate-nucleotide pyrophosphorylase [carboxylating]
[10:49:59] Modify product: Uncharacterized protein Rv1480 => putative protein
[10:49:59] Modify product: Probable efflux pump membrane transporter TtgB => putative efflux pump membrane transporter TtgB
[10:49:59] Modify product: Uncharacterized signaling protein PA1727 => putative signaling protein
[10:49:59] Modify product: TelA-like protein SA1238 => TelA-like protein
[10:49:59] Modify product: Uncharacterized ABC transporter ATP-binding protein YknY => putative ABC transporter ATP-binding protein YknY
[10:49:59] Modify product: Putative 2-hydroxyacid dehydrogenase HI_1556 => Putative 2-hydroxyacid dehydrogenase
[10:49:59] Modify product: Probable molybdenum cofactor guanylyltransferase => putative molybdenum cofactor guanylyltransferase
[10:49:59] Modify product: Probable 3-phenylpropionic acid transporter => putative 3-phenylpropionic acid transporter
[10:49:59] Modify product: Uncharacterized metal-dependent hydrolase YcfH => putative metal-dependent hydrolase YcfH
[10:49:59] Modify product: Uncharacterized protein Rv2307c => putative protein
[10:49:59] Modify product: Uncharacterized protein Rv2307c => putative protein
[10:49:59] Modify product: Uncharacterized RNA pseudouridine synthase HP_0347 => putative RNA pseudouridine synthase
[10:49:59] Modify product: Uncharacterized zinc protease Rv2782c => putative zinc protease
[10:49:59] Modify product: Probable ABC transporter binding protein NosD => putative ABC transporter binding protein NosD
[10:49:59] Modify product: Protein jhp_1168 => Protein
[10:49:59] Modify product: Uncharacterized AAA domain-containing protein Rv2559c => putative AAA domain-containing protein
[10:49:59] Modify product: Probable lipoprotein YiaD => putative lipoprotein YiaD
[10:49:59] Modify product: Uncharacterized FAD-linked oxidoreductase Rv2280 => putative FAD-linked oxidoreductase
[10:49:59] Modify product: UPF0761 membrane protein YihY => hypothetical protein
[10:49:59] Modify product: Uncharacterized protein Rv2030c => putative protein
[10:49:59] Modify product: Uncharacterized ABC transporter ATP-binding protein YxlF => putative ABC transporter ATP-binding protein YxlF
[10:49:59] Modify product: Uncharacterized ABC transporter ATP-binding protein YheS => putative ABC transporter ATP-binding protein YheS
[10:49:59] Modify product: UPF0324 inner membrane protein YeiH => hypothetical protein
[10:49:59] Modify product: Probable ketoamine kinase HMPREF0351_12196 => putative ketoamine kinase
[10:49:59] Modify product: Probable L,D-transpeptidase YcbB => putative L,D-transpeptidase YcbB
[10:49:59] Modify product: Probable peptidoglycan glycosyltransferase FtsW => putative peptidoglycan glycosyltransferase FtsW
[10:49:59] Modify product: Probable chromosome-partitioning protein ParB => putative chromosome-partitioning protein ParB
[10:49:59] Modify product: Nucleoid-associated protein HP_0035 => Nucleoid-associated protein
[10:49:59] Modify product: UPF0045 protein Rv1898 => hypothetical protein
[10:49:59] Modify product: Aminopeptidase HP_1037 => Aminopeptidase
[10:49:59] Modify product: Probable protein kinase UbiB => putative protein kinase UbiB
[10:49:59] Modify product: Uncharacterized HIT-like protein HP_0404 => putative HIT-like protein
[10:49:59] Modify product: Uncharacterized protein YqeY => putative protein YqeY
[10:49:59] Modify product: Uncharacterized signaling protein PA1727 => putative signaling protein
[10:49:59] Modify product: Probable transcriptional regulatory protein HP_0162 => putative transcriptional regulatory protein
[10:49:59] Modify product: Uncharacterized protein HP_1423 => putative protein
[10:49:59] Modify product: Probable iron export permease protein FetB => putative iron export permease protein FetB
[10:49:59] Modify product: UPF0213 protein BH0048 => hypothetical protein
[10:49:59] Modify product: Probable GTP-binding protein EngB => putative GTP-binding protein EngB
[10:49:59] Modify product: Uncharacterized protein YccU => putative protein YccU
[10:49:59] Modify product: Probable dual-specificity RNA methyltransferase RlmN => putative dual-specificity RNA methyltransferase RlmN
[10:49:59] Modify product: UPF0413 protein YjbH => hypothetical protein
[10:49:59] Cleaned 51 /product names
[10:49:59] Deleting unwanted file: ../../Data/Chen_Analysis/Prokka/Bacteria/GOMC.bin.2405/GOMC.bin.2405.sprot.tmp.3536158.faa
[10:49:59] Deleting unwanted file: ../../Data/Chen_Analysis/Prokka/Bacteria/GOMC.bin.2405/GOMC.bin.2405.sprot.tmp.3536158.blast
[10:49:59] There are still 962 unannotated CDS left (started with 1622)
[10:49:59] Will use hmmer3 to search against /home/joao_facio/miniconda3/envs/prokka/db/hmm/HAMAP.hmm with 4 CPUs
[10:49:59] Running: cat \.\.\/\.\.\/Data\/Chen_Analysis\/Prokka\/Bacteria\/GOMC\.bin\.2405\/GOMC\.bin\.2405\.HAMAP\.hmm\.tmp\.3536158\.faa | parallel --gnu --plain -j 4 --block 26546 --recstart '>' --pipe hmmscan --noali --notextw --acc -E 1e-09 --cpu 1 /home/joao_facio/miniconda3/envs/prokka/db/hmm/HAMAP.hmm /dev/stdin > \.\.\/\.\.\/Data\/Chen_Analysis\/Prokka\/Bacteria\/GOMC\.bin\.2405\/GOMC\.bin\.2405\.HAMAP\.hmm\.tmp\.3536158\.hmmer3 2> /dev/null
[10:50:07] Deleting unwanted file: ../../Data/Chen_Analysis/Prokka/Bacteria/GOMC.bin.2405/GOMC.bin.2405.HAMAP.hmm.tmp.3536158.faa
[10:50:07] Deleting unwanted file: ../../Data/Chen_Analysis/Prokka/Bacteria/GOMC.bin.2405/GOMC.bin.2405.HAMAP.hmm.tmp.3536158.hmmer3
[10:50:07] Labelling remaining 822 proteins as 'hypothetical protein'
[10:50:07] Possible /pseudo 'putative protein' at SRR6301445_k53_1086440_1 position 815
[10:50:07] Found 656 unique /gene codes.
[10:50:07] Fixed 2 duplicate /gene - cph2_1 cph2_2
[10:50:07] Fixed 9 duplicate /gene - sasA_1 sasA_2 sasA_3 sasA_4 sasA_5 sasA_6 sasA_7 sasA_8 sasA_9
[10:50:07] Fixed 2 duplicate /gene - bicA_1 bicA_2
[10:50:07] Fixed 2 duplicate /gene - gdh_1 gdh_2
[10:50:07] Fixed 3 duplicate /gene - mdtA_1 mdtA_2 mdtA_3
[10:50:07] Fixed 2 duplicate /gene - ndhI_1 ndhI_2
[10:50:07] Fixed 2 duplicate /gene - apbC_1 apbC_2
[10:50:07] Fixed 2 duplicate /gene - nhaD_1 nhaD_2
[10:50:07] Fixed 2 duplicate /gene - der_1 der_2
[10:50:07] Fixed 2 duplicate /gene - glnB_1 glnB_2
[10:50:07] Fixed 2 duplicate /gene - esiB_1 esiB_2
[10:50:07] Fixed 2 duplicate /gene - rsxB_1 rsxB_2
[10:50:07] Fixed 2 duplicate /gene - moaA_1 moaA_2
[10:50:07] Fixed 2 duplicate /gene - hybD_1 hybD_2
[10:50:07] Fixed 2 duplicate /gene - dsbD_1 dsbD_2
[10:50:07] Fixed 2 duplicate /gene - trpB_1 trpB_2
[10:50:07] Fixed 2 duplicate /gene - rplK_1 rplK_2
[10:50:07] Fixed 2 duplicate /gene - pgsA_1 pgsA_2
[10:50:07] Fixed 2 duplicate /gene - pheA_1 pheA_2
[10:50:07] Fixed 2 duplicate /gene - truD_1 truD_2
[10:50:07] Fixed 3 duplicate /gene - ftsH_1 ftsH_2 ftsH_3
[10:50:07] Fixed 2 duplicate /gene - tqsA_1 tqsA_2
[10:50:07] Fixed 2 duplicate /gene - polC_1 polC_2
[10:50:07] Fixed 2 duplicate /gene - guaA_1 guaA_2
[10:50:07] Fixed 2 duplicate /gene - COQ5_1 COQ5_2
[10:50:07] Fixed 2 duplicate /gene - ubiD_1 ubiD_2
[10:50:07] Fixed 2 duplicate /gene - trpD_1 trpD_2
[10:50:07] Fixed 2 duplicate /gene - pgk_1 pgk_2
[10:50:07] Fixed 2 duplicate /gene - infA_1 infA_2
[10:50:07] Fixed 2 duplicate /gene - atpD_1 atpD_2
[10:50:07] Fixed 2 duplicate /gene - phoB_1 phoB_2
[10:50:07] Fixed 2 duplicate /gene - nrdB_1 nrdB_2
[10:50:07] Fixed 2 duplicate /gene - map_1 map_2
[10:50:07] Fixed 2 duplicate /gene - pfkA_1 pfkA_2
[10:50:07] Fixed 2 duplicate /gene - lon_1 lon_2
[10:50:07] Fixed 2 duplicate /gene - serC_1 serC_2
[10:50:07] Fixed 2 duplicate /gene - frdA_1 frdA_2
[10:50:07] Fixed 2 duplicate /gene - prmC_1 prmC_2
[10:50:07] Fixed 2 duplicate /gene - mdtC_1 mdtC_2
[10:50:07] Fixed 2 duplicate /gene - ydiK_1 ydiK_2
[10:50:07] Fixed 2 duplicate /gene - cmpR_1 cmpR_2
[10:50:07] Fixed 2 duplicate /gene - tolQ_1 tolQ_2
[10:50:07] Fixed 2 duplicate /gene - mdh_1 mdh_2
[10:50:07] Fixed 2 duplicate /gene - yjdF_1 yjdF_2
[10:50:07] Fixed 2 duplicate /gene - hcpC_1 hcpC_2
[10:50:07] Fixed 2 duplicate /gene - hypA_1 hypA_2
[10:50:07] Fixed 4 duplicate /gene - mprA_1 mprA_2 mprA_3 mprA_4
[10:50:07] Fixed 2 duplicate /gene - mltB_1 mltB_2
[10:50:07] Fixed 2 duplicate /gene - gph_1 gph_2
[10:50:07] Fixed 2 duplicate /gene - ndhB_1 ndhB_2
[10:50:07] Fixed 2 duplicate /gene - glmS_1 glmS_2
[10:50:07] Fixed 2 duplicate /gene - rpoBC_1 rpoBC_2
[10:50:07] Fixed 2 duplicate /gene - dppB_1 dppB_2
[10:50:07] Fixed 3 duplicate /gene - cshA_1 cshA_2 cshA_3
[10:50:07] Fixed 54 colliding /gene names.
[10:50:07] Adding /locus_tag identifiers
[10:50:07] Assigned 1625 locus_tags to CDS and RNA features.
[10:50:07] Writing outputs to ../../Data/Chen_Analysis/Prokka/Bacteria/GOMC.bin.2405/
[10:50:08] Generating annotation statistics file
[10:50:08] Generating Genbank and Sequin files
[10:50:08] Running: tbl2asn -V b -a r10k -l paired-ends -M n -N 1 -y 'Annotated using prokka 1.14.6 from https://github.com/tseemann/prokka' -Z \.\.\/\.\.\/Data\/Chen_Analysis\/Prokka\/Bacteria\/GOMC\.bin\.2405\/GOMC\.bin\.2405\.err -i \.\.\/\.\.\/Data\/Chen_Analysis\/Prokka\/Bacteria\/GOMC\.bin\.2405\/GOMC\.bin\.2405\.fsa 2> /dev/null
[10:50:09] Deleting unwanted file: ../../Data/Chen_Analysis/Prokka/Bacteria/GOMC.bin.2405/errorsummary.val
[10:50:09] Deleting unwanted file: ../../Data/Chen_Analysis/Prokka/Bacteria/GOMC.bin.2405/GOMC.bin.2405.dr
[10:50:09] Deleting unwanted file: ../../Data/Chen_Analysis/Prokka/Bacteria/GOMC.bin.2405/GOMC.bin.2405.fixedproducts
[10:50:09] Deleting unwanted file: ../../Data/Chen_Analysis/Prokka/Bacteria/GOMC.bin.2405/GOMC.bin.2405.ecn
[10:50:09] Deleting unwanted file: ../../Data/Chen_Analysis/Prokka/Bacteria/GOMC.bin.2405/GOMC.bin.2405.val
[10:50:09] Repairing broken .GBK output that tbl2asn produces...
[10:50:09] Running: sed 's/COORDINATES: profile/COORDINATES:profile/' < \.\.\/\.\.\/Data\/Chen_Analysis\/Prokka\/Bacteria\/GOMC\.bin\.2405\/GOMC\.bin\.2405\.gbf > \.\.\/\.\.\/Data\/Chen_Analysis\/Prokka\/Bacteria\/GOMC\.bin\.2405\/GOMC\.bin\.2405\.gbk
[10:50:09] Deleting unwanted file: ../../Data/Chen_Analysis/Prokka/Bacteria/GOMC.bin.2405/GOMC.bin.2405.gbf
[10:50:09] Output files:
[10:50:09] ../../Data/Chen_Analysis/Prokka/Bacteria/GOMC.bin.2405/GOMC.bin.2405.gbk
[10:50:09] ../../Data/Chen_Analysis/Prokka/Bacteria/GOMC.bin.2405/GOMC.bin.2405.err
[10:50:09] ../../Data/Chen_Analysis/Prokka/Bacteria/GOMC.bin.2405/GOMC.bin.2405.tbl
[10:50:09] ../../Data/Chen_Analysis/Prokka/Bacteria/GOMC.bin.2405/GOMC.bin.2405.gff
[10:50:09] ../../Data/Chen_Analysis/Prokka/Bacteria/GOMC.bin.2405/GOMC.bin.2405.sqn
[10:50:09] ../../Data/Chen_Analysis/Prokka/Bacteria/GOMC.bin.2405/GOMC.bin.2405.faa
[10:50:09] ../../Data/Chen_Analysis/Prokka/Bacteria/GOMC.bin.2405/GOMC.bin.2405.txt
[10:50:09] ../../Data/Chen_Analysis/Prokka/Bacteria/GOMC.bin.2405/GOMC.bin.2405.log
[10:50:09] ../../Data/Chen_Analysis/Prokka/Bacteria/GOMC.bin.2405/GOMC.bin.2405.tsv
[10:50:09] ../../Data/Chen_Analysis/Prokka/Bacteria/GOMC.bin.2405/GOMC.bin.2405.fsa
[10:50:09] ../../Data/Chen_Analysis/Prokka/Bacteria/GOMC.bin.2405/GOMC.bin.2405.ffn
[10:50:09] ../../Data/Chen_Analysis/Prokka/Bacteria/GOMC.bin.2405/GOMC.bin.2405.fna
[10:50:09] Annotation finished successfully.
[10:50:09] Walltime used: 0.62 minutes
[10:50:09] If you use this result please cite the Prokka paper:
[10:50:09] Seemann T (2014) Prokka: rapid prokaryotic genome annotation. Bioinformatics. 30(14):2068-9.
[10:50:09] Type 'prokka --citation' for more details.
[10:50:09] Share and enjoy!
