[07:22:50] This is prokka 1.14.6
[07:22:50] Written by Torsten Seemann <torsten.seemann@gmail.com>
[07:22:50] Homepage is https://github.com/tseemann/prokka
[07:22:50] Local time is Mon Dec  1 07:22:50 2025
[07:22:50] You are joao_facio
[07:22:50] Operating system is linux
[07:22:50] You have BioPerl 1.7.8
[07:22:50] System has 12 cores.
[07:22:50] Will use maximum of 4 cores.
[07:22:50] Annotating as >>> Archaea <<<
[07:22:50] Generating locus_tag from '/tmp/tmp6gns85ah/GOMC.bin.6483.fa' contents.
[07:22:50] Setting --locustag HNNMEDLB from MD5 1776ed5b469b36090181040483d9f29e
[07:22:50] Creating new output folder: ../../Data/Chen_Analysis/Prokka/Archaea/GOMC.bin.6483
[07:22:50] Running: mkdir -p \.\.\/\.\.\/Data\/Chen_Analysis\/Prokka\/Archaea\/GOMC\.bin\.6483
[07:22:50] Using filename prefix: GOMC.bin.6483.XXX
[07:22:50] Setting HMMER_NCPU=1
[07:22:50] Writing log to: ../../Data/Chen_Analysis/Prokka/Archaea/GOMC.bin.6483/GOMC.bin.6483.log
[07:22:50] Command: /home/joao_facio/miniconda3/envs/prokka/bin/prokka --outdir ../../Data/Chen_Analysis/Prokka/Archaea/GOMC.bin.6483 --prefix GOMC.bin.6483 --kingdom Archaea --genus Nitrosopumilus --strain GOMC.bin.6483 --cpus 4 --force /tmp/tmp6gns85ah/GOMC.bin.6483.fa
[07:22:50] Appending to PATH: /home/joao_facio/miniconda3/envs/prokka/bin
[07:22:50] Looking for 'aragorn' - found /home/joao_facio/miniconda3/envs/prokka/bin/aragorn
[07:22:50] Determined aragorn version is 001002 from 'ARAGORN v1.2.41 Dean Laslett'
[07:22:50] Looking for 'barrnap' - found /home/joao_facio/miniconda3/envs/prokka/bin/barrnap
[07:22:50] Determined barrnap version is 000009 from 'barrnap 0.9'
[07:22:50] Looking for 'blastp' - found /home/joao_facio/miniconda3/envs/prokka/bin/blastp
[07:22:50] Determined blastp version is 002016 from 'blastp: 2.16.0+'
[07:22:50] Looking for 'cmpress' - found /home/joao_facio/miniconda3/envs/prokka/bin/cmpress
[07:22:50] Determined cmpress version is 001001 from '# INFERNAL 1.1.5 (Sep 2023)'
[07:22:50] Looking for 'cmscan' - found /home/joao_facio/miniconda3/envs/prokka/bin/cmscan
[07:22:50] Determined cmscan version is 001001 from '# INFERNAL 1.1.5 (Sep 2023)'
[07:22:50] Looking for 'egrep' - found /usr/bin/egrep
[07:22:50] Looking for 'find' - found /usr/bin/find
[07:22:50] Looking for 'grep' - found /usr/bin/grep
[07:22:50] Looking for 'hmmpress' - found /home/joao_facio/miniconda3/envs/prokka/bin/hmmpress
[07:22:50] Determined hmmpress version is 003004 from '# HMMER 3.4 (Aug 2023); http://hmmer.org/'
[07:22:50] Looking for 'hmmscan' - found /home/joao_facio/miniconda3/envs/prokka/bin/hmmscan
[07:22:50] Determined hmmscan version is 003004 from '# HMMER 3.4 (Aug 2023); http://hmmer.org/'
[07:22:50] Looking for 'java' - found /home/joao_facio/miniconda3/envs/prokka/bin/java
[07:22:50] Looking for 'makeblastdb' - found /home/joao_facio/miniconda3/envs/prokka/bin/makeblastdb
[07:22:50] Determined makeblastdb version is 002016 from 'makeblastdb: 2.16.0+'
[07:22:50] Looking for 'minced' - found /home/joao_facio/miniconda3/envs/prokka/bin/minced
[07:22:50] Determined minced version is 004002 from 'minced 0.4.2'
[07:22:50] Looking for 'parallel' - found /home/joao_facio/miniconda3/envs/prokka/bin/parallel
[07:22:50] Determined parallel version is 20251122 from 'GNU parallel 20251122'
[07:22:50] Looking for 'prodigal' - found /home/joao_facio/miniconda3/envs/prokka/bin/prodigal
[07:22:50] Determined prodigal version is 002006 from 'Prodigal V2.6.3: February, 2016'
[07:22:50] Looking for 'prokka-genbank_to_fasta_db' - found /home/joao_facio/miniconda3/envs/prokka/bin/prokka-genbank_to_fasta_db
[07:22:50] Looking for 'sed' - found /usr/bin/sed
[07:22:50] Looking for 'tbl2asn' - found /home/joao_facio/miniconda3/envs/prokka/bin/tbl2asn
[07:22:50] Determined tbl2asn version is 025007 from 'tbl2asn 25.7   arguments:'
[07:22:50] Using genetic code table 11.
[07:22:50] Loading and checking input file: /tmp/tmp6gns85ah/GOMC.bin.6483.fa
[07:22:50] Wrote 24 contigs totalling 1872274 bp.
[07:22:50] Predicting tRNAs and tmRNAs
[07:22:50] Running: aragorn -l -gc11  -w \.\.\/\.\.\/Data\/Chen_Analysis\/Prokka\/Archaea\/GOMC\.bin\.6483\/GOMC\.bin\.6483\.fna
[07:22:51] 1 tRNA-Ala c[1951,2025] 35 (tgc)
[07:22:51] 2 tRNA-Ile [2693,2769] 37 (gat)
[07:22:51] 3 tRNA-Thr [4387,4460] 35 (ggt)
[07:22:51] 4 tRNA-Arg [39926,40001] 36 (tct)
[07:22:51] 5 tRNA-Met [95088,95162] 36 (cat)
[07:22:51] 6 tRNA-Gly c[142128,142201] 36 (tcc)
[07:22:51] 7 tRNA-Val c[216282,216356] 35 (gac)
[07:22:51] 8 tRNA-Pro c[253194,253267] 35 (ggg)
[07:22:51] 1 tRNA-Thr [40701,40775] 35 (cgt)
[07:22:51] 2 tRNA-Cys c[44993,45065] 33 (gca)
[07:22:51] 3 tRNA-Ser [100322,100408] 35 (gct)
[07:22:51] 4 tRNA-Thr c[215518,215591] 35 (tgt)
[07:22:51] 5 tRNA-Val c[226528,226624] 36 (cac)
[07:22:51] 1 tRNA-Gly c[32568,32641] 35 (ccc)
[07:22:51] 2 tRNA-Gln c[52195,52268] 35 (ttg)
[07:22:51] 3 tRNA-Leu [59010,59097] 37 (cag)
[07:22:51] 4 tRNA-Arg c[82541,82615] 36 (tcg)
[07:22:51] 5 tRNA-Lys [90822,90896] 35 (ctt)
[07:22:51] 6 tRNA-Val [95831,95907] 37 (tac)
[07:22:51] 1 tRNA-Leu c[83823,83910] 37 (gag)
[07:22:51] 2 tRNA-His c[95856,95929] 35 (gtg)
[07:22:51] 3 tRNA-Met c[109733,109806] 35 (cat)
[07:22:51] 1 tRNA-Phe [20011,20087] 35 (gaa)
[07:22:51] 2 tRNA-Asn [86537,86611] 35 (gtt)
[07:22:51] 1 tRNA-Pro c[62754,62830] 35 (tgg)
[07:22:51] 1 tRNA-Leu [8519,8606] 37 (tag)
[07:22:51] 2 tRNA-Ala [15831,15903] 33 (cgc)
[07:22:51] 3 tRNA-Ser [35446,35531] 36 (tga)
[07:22:51] 4 tRNA-Ala [46933,47007] 35 (ggc)
[07:22:51] 5 tRNA-Lys c[54776,54850] 35 (ttt)
[07:22:51] 6 tRNA-Asp [54947,55024] 37 (gtc)
[07:22:51] 1 tRNA-Gly c[20581,20657] 36 (gcc)
[07:22:51] 2 tRNA-Glu c[27940,28014] 37 (ctc)
[07:22:51] 1 tRNA-Ser [12001,12085] 33 (cga)
[07:22:51] 1 tRNA-Arg [3956,4032] 36 (gcg)
[07:22:51] Found 35 tRNAs
[07:22:51] Predicting Ribosomal RNAs
[07:22:51] Running Barrnap with 4 threads
[07:22:51] 1 JAAHTH010000032.1 103119 5S ribosomal RNA
[07:22:51] 2 JAAHTH010000319.1 25959 23S ribosomal RNA
[07:22:51] 3 JAAHTH010000319.1 29095 16S ribosomal RNA
[07:22:51] Found 3 rRNAs
[07:22:51] Skipping ncRNA search, enable with --rfam if desired.
[07:22:51] Total of 38 tRNA + rRNA features
[07:22:51] Searching for CRISPR repeats
[07:22:51] CRISPR1 JAAHTH010000032.1 80375 with 3 spacers
[07:22:51] CRISPR2 JAAHTH010000143.1 52793 with 3 spacers
[07:22:51] Found 2 CRISPRs
[07:22:51] Predicting coding sequences
[07:22:51] Contigs total 1872274 bp, so using single mode
[07:22:51] Running: prodigal -i \.\.\/\.\.\/Data\/Chen_Analysis\/Prokka\/Archaea\/GOMC\.bin\.6483\/GOMC\.bin\.6483\.fna -c -m -g 11 -p single -f sco -q
[07:22:52] Excluding CDS which overlaps existing RNA (tRNA) at JAAHTH010000015.1:215168..215542 on - strand
[07:22:52] Excluding CDS which overlaps existing RNA (tRNA) at JAAHTH010000015.1:226538..226969 on + strand
[07:22:52] Excluding CDS which overlaps existing RNA (tRNA) at JAAHTH010000031.1:82009..82617 on - strand
[07:22:53] Excluding CDS which overlaps existing RNA (repeat_region) at JAAHTH010000032.1:79853..80563 on + strand
[07:22:53] Excluding CDS which overlaps existing RNA (repeat_region) at JAAHTH010000143.1:52044..52799 on + strand
[07:22:53] Excluding CDS which overlaps existing RNA (repeat_region) at JAAHTH010000143.1:52926..53282 on - strand
[07:22:53] Excluding CDS which overlaps existing RNA (rRNA) at JAAHTH010000319.1:27730..28068 on - strand
[07:22:53] Found 2276 CDS
[07:22:53] Connecting features back to sequences
[07:22:53] Not using genus-specific database. Try --usegenus to enable it.
[07:22:53] Annotating CDS, please be patient.
[07:22:53] Will use 4 CPUs for similarity searching.
[07:22:53] There are still 2276 unannotated CDS left (started with 2276)
[07:22:53] Will use blast to search against /home/joao_facio/miniconda3/envs/prokka/db/kingdom/Archaea/sprot with 4 CPUs
[07:22:53] Running: cat \.\.\/\.\.\/Data\/Chen_Analysis\/Prokka\/Archaea\/GOMC\.bin\.6483\/GOMC\.bin\.6483\.sprot\.tmp\.3086501\.faa | parallel --gnu --plain -j 4 --block 67008 --recstart '>' --pipe blastp -query - -db /home/joao_facio/miniconda3/envs/prokka/db/kingdom/Archaea/sprot -evalue 1e-09 -qcov_hsp_perc 80 -num_threads 1 -num_descriptions 1 -num_alignments 1 -seg no > \.\.\/\.\.\/Data\/Chen_Analysis\/Prokka\/Archaea\/GOMC\.bin\.6483\/GOMC\.bin\.6483\.sprot\.tmp\.3086501\.blast 2> /dev/null
[07:22:56] Modify product: Probable bifunctional tRNA threonylcarbamoyladenosine biosynthesis protein => putative bifunctional tRNA threonylcarbamoyladenosine biosynthesis protein
[07:22:56] Modify product: DNA-binding protein SSO0352 => DNA-binding protein
[07:22:56] Modify product: Uncharacterized nitrogen regulatory PII-like protein MJ0059 => putative nitrogen regulatory PII-like protein
[07:22:56] Modify product: Putative ammonium transporter MJ1343 => Putative ammonium transporter
[07:22:56] Modify product: Uncharacterized ABC transporter ATP-binding protein MJ0796 => putative ABC transporter ATP-binding protein
[07:22:56] Modify product: Putative FKBP-type peptidyl-prolyl cis-trans isomerase MJ0825 => Putative FKBP-type peptidyl-prolyl cis-trans isomerase
[07:22:56] Modify product: Probable L-aspartate dehydrogenase => putative L-aspartate dehydrogenase
[07:22:56] Modify product: Probable tRNA pseudouridine synthase D => putative tRNA pseudouridine synthase D
[07:22:56] Modify product: Probable ATP-dependent RNA helicase MJ0669 => putative ATP-dependent RNA helicase
[07:22:56] Modify product: Bifunctional protein FolD => Bifunctional protein FolD protein
[07:22:56] Modify product: RutC family protein PH0854 => RutC family protein
[07:22:56] Modify product: UPF0107 protein AF_0055 => hypothetical protein
[07:22:56] Modify product: Probable cobalt-precorrin-6B C(15)-methyltransferase (decarboxylating) => putative cobalt-precorrin-6B C(15)-methyltransferase (decarboxylating)
[07:22:56] Modify product: Protein pelota homolog => Protein pelota 
[07:22:56] Modify product: Probable aspartokinase => putative aspartokinase
[07:22:56] Modify product: Probable tRNA pseudouridine synthase B => putative tRNA pseudouridine synthase B
[07:22:56] Modify product: Uncharacterized HTH-type transcriptional regulator PH0140 => putative HTH-type transcriptional regulator
[07:22:56] Modify product: UPF0284 protein PH0034 => hypothetical protein
[07:22:56] Modify product: UPF0147 protein Ta0600 => hypothetical protein
[07:22:56] Modify product: Probable transaldolase => putative transaldolase
[07:22:56] Modify product: Uncharacterized protein MJ1480 => putative protein
[07:22:56] Modify product: Probable aspartokinase => putative aspartokinase
[07:22:56] Modify product: Uncharacterized protein MJ0783 => putative protein
[07:22:56] Modify product: UPF0201 protein PH1010 => hypothetical protein
[07:22:56] Modify product: UPF0200/UPF0201 protein AF_1395 => hypothetical protein
[07:22:56] Modify product: Probable adenylyl-sulfate kinase => putative adenylyl-sulfate kinase
[07:22:56] Modify product: Probable ribosomal RNA small subunit methyltransferase A => putative ribosomal RNA small subunit methyltransferase A
[07:22:56] Modify product: Glutamate transporter homolog => Glutamate transporter 
[07:22:56] Modify product: Probable translation initiation factor IF-2 => putative translation initiation factor IF-2
[07:22:56] Modify product: Probable deoxyhypusine synthase => putative deoxyhypusine synthase
[07:22:56] Modify product: Uncharacterized ABC transporter ATP-binding protein MJ0796 => putative ABC transporter ATP-binding protein
[07:22:56] Modify product: Probable deoxyhypusine synthase => putative deoxyhypusine synthase
[07:22:56] Modify product: Protein translation factor SUI1 homolog => Protein translation factor SUI1 
[07:22:56] Modify product: Probable ribosome biogenesis protein SSO0551 => putative ribosome biogenesis protein
[07:22:56] Modify product: Zinc metalloprotease TldD homolog => Zinc metalloprotease TldD 
[07:22:56] Modify product: Uncharacterized KH and PIN-domain containing protein MJ1533 => putative KH and PIN-domain containing protein
[07:22:56] Modify product: Ribosome maturation protein SDO1 homolog => Ribosome maturation protein SDO1 
[07:22:56] Modify product: Uncharacterized ABC transporter ATP-binding protein MJ0796 => putative ABC transporter ATP-binding protein
[07:22:56] Modify product: Probable aquaporin AqpM => putative aquaporin AqpM
[07:22:56] Modify product: Uncharacterized nitrogen regulatory PII-like protein MJ0059 => putative nitrogen regulatory PII-like protein
[07:22:56] Modify product: Probable aquaporin AqpM => putative aquaporin AqpM
[07:22:56] Modify product: Probable metalloprotease HVO_1016 => putative metalloprotease
[07:22:56] Modify product: Uncharacterized HTH-type transcriptional regulator PH1519 => putative HTH-type transcriptional regulator
[07:22:56] Modify product: UPF0045 protein MTH_1187 => hypothetical protein
[07:22:56] Modify product: Uncharacterized ABC transporter ATP-binding protein MJ0796 => putative ABC transporter ATP-binding protein
[07:22:56] Cleaned 45 /product names
[07:22:56] Deleting unwanted file: ../../Data/Chen_Analysis/Prokka/Archaea/GOMC.bin.6483/GOMC.bin.6483.sprot.tmp.3086501.faa
[07:22:56] Deleting unwanted file: ../../Data/Chen_Analysis/Prokka/Archaea/GOMC.bin.6483/GOMC.bin.6483.sprot.tmp.3086501.blast
[07:22:56] There are still 1825 unannotated CDS left (started with 2276)
[07:22:56] Will use hmmer3 to search against /home/joao_facio/miniconda3/envs/prokka/db/hmm/HAMAP.hmm with 4 CPUs
[07:22:56] Running: cat \.\.\/\.\.\/Data\/Chen_Analysis\/Prokka\/Archaea\/GOMC\.bin\.6483\/GOMC\.bin\.6483\.HAMAP\.hmm\.tmp\.3086501\.faa | parallel --gnu --plain -j 4 --block 49387 --recstart '>' --pipe hmmscan --noali --notextw --acc -E 1e-09 --cpu 1 /home/joao_facio/miniconda3/envs/prokka/db/hmm/HAMAP.hmm /dev/stdin > \.\.\/\.\.\/Data\/Chen_Analysis\/Prokka\/Archaea\/GOMC\.bin\.6483\/GOMC\.bin\.6483\.HAMAP\.hmm\.tmp\.3086501\.hmmer3 2> /dev/null
[07:23:09] Modify product: Uncharacterized MFS-type transporter YcaD => putative MFS-type transporter YcaD
[07:23:09] Modify product: Uncharacterized Nudix hydrolase NudL => putative Nudix hydrolase NudL
[07:23:09] Cleaned 2 /product names
[07:23:09] Deleting unwanted file: ../../Data/Chen_Analysis/Prokka/Archaea/GOMC.bin.6483/GOMC.bin.6483.HAMAP.hmm.tmp.3086501.faa
[07:23:09] Deleting unwanted file: ../../Data/Chen_Analysis/Prokka/Archaea/GOMC.bin.6483/GOMC.bin.6483.HAMAP.hmm.tmp.3086501.hmmer3
[07:23:09] Labelling remaining 1566 proteins as 'hypothetical protein'
[07:23:09] Possible /pseudo 'GDP-mannose 4,6-dehydratase' at JAAHTH010000013.1 position 71794
[07:23:09] Possible /pseudo 'GDP-mannose 4,6-dehydratase' at JAAHTH010000013.1 position 72487
[07:23:09] Possible /pseudo 'Imidazole glycerol phosphate synthase subunit HisF' at JAAHTH010000013.1 position 86404
[07:23:09] Possible /pseudo '1-deoxy-D-xylulose-5-phosphate synthase' at JAAHTH010000032.1 position 99302
[07:23:09] Possible /pseudo 'Fused isobutyryl-CoA mutase' at JAAHTH010000069.1 position 34893
[07:23:09] Possible /pseudo 'Arsenite methyltransferase' at JAAHTH010000069.1 position 66856
[07:23:09] Possible /pseudo 'Ferredoxin-type protein NapF' at JAAHTH010000143.1 position 34826
[07:23:09] Possible /pseudo '5-amino-6-(D-ribitylamino)uracil--L-tyrosine 4-hydroxyphenyl transferase' at JAAHTH010000225.1 position 39686
[07:23:09] Found 450 unique /gene codes.
[07:23:09] Fixed 2 duplicate /gene - nadK_1 nadK_2
[07:23:09] Fixed 2 duplicate /gene - cdvB2_1 cdvB2_2
[07:23:09] Fixed 2 duplicate /gene - suhB_1 suhB_2
[07:23:09] Fixed 2 duplicate /gene - carA_1 carA_2
[07:23:09] Fixed 6 duplicate /gene - petE_1 petE_2 petE_3 petE_4 petE_5 petE_6
[07:23:09] Fixed 2 duplicate /gene - fadA_1 fadA_2
[07:23:09] Fixed 2 duplicate /gene - dys_1 dys_2
[07:23:09] Fixed 3 duplicate /gene - icmF_1 icmF_2 icmF_3
[07:23:09] Fixed 2 duplicate /gene - tuf_1 tuf_2
[07:23:09] Fixed 2 duplicate /gene - rutD_1 rutD_2
[07:23:09] Fixed 3 duplicate /gene - vat_1 vat_2 vat_3
[07:23:09] Fixed 2 duplicate /gene - aqpM_1 aqpM_2
[07:23:09] Fixed 2 duplicate /gene - lysW_1 lysW_2
[07:23:09] Fixed 2 duplicate /gene - eIF1A_1 eIF1A_2
[07:23:09] Fixed 2 duplicate /gene - rps8e_1 rps8e_2
[07:23:09] Fixed 2 duplicate /gene - endA_1 endA_2
[07:23:09] Fixed 3 duplicate /gene - rutE_1 rutE_2 rutE_3
[07:23:09] Fixed 2 duplicate /gene - arsM_1 arsM_2
[07:23:09] Fixed 3 duplicate /gene - adh_1 adh_2 adh_3
[07:23:09] Fixed 6 duplicate /gene - dnaJ_1 dnaJ_2 dnaJ_3 dnaJ_4 dnaJ_5 dnaJ_6
[07:23:09] Fixed 3 duplicate /gene - kefB_1 kefB_2 kefB_3
[07:23:09] Fixed 2 duplicate /gene - aspS_1 aspS_2
[07:23:09] Fixed 2 duplicate /gene - leuC_1 leuC_2
[07:23:09] Fixed 4 duplicate /gene - vgb_1 vgb_2 vgb_3 vgb_4
[07:23:09] Fixed 2 duplicate /gene - gyaR_1 gyaR_2
[07:23:09] Fixed 2 duplicate /gene - dxs_1 dxs_2
[07:23:09] Fixed 3 duplicate /gene - tssA_1 tssA_2 tssA_3
[07:23:09] Fixed 4 duplicate /gene - tbp_1 tbp_2 tbp_3 tbp_4
[07:23:09] Fixed 2 duplicate /gene - ileS_1 ileS_2
[07:23:09] Fixed 3 duplicate /gene - smc_1 smc_2 smc_3
[07:23:09] Fixed 2 duplicate /gene - thiI_1 thiI_2
[07:23:09] Fixed 2 duplicate /gene - tgtA_1 tgtA_2
[07:23:09] Fixed 2 duplicate /gene - tatA_1 tatA_2
[07:23:09] Fixed 2 duplicate /gene - thsA_1 thsA_2
[07:23:09] Fixed 8 duplicate /gene - btuD_1 btuD_2 btuD_3 btuD_4 btuD_5 btuD_6 btuD_7 btuD_8
[07:23:09] Fixed 4 duplicate /gene - cofH_1 cofH_2 cofH_3 cofH_4
[07:23:09] Fixed 2 duplicate /gene - folE_1 folE_2
[07:23:09] Fixed 3 duplicate /gene - hcaC_1 hcaC_2 hcaC_3
[07:23:09] Fixed 2 duplicate /gene - lysJ_1 lysJ_2
[07:23:09] Fixed 6 duplicate /gene - arnC_1 arnC_2 arnC_3 arnC_4 arnC_5 arnC_6
[07:23:09] Fixed 2 duplicate /gene - psmA_1 psmA_2
[07:23:09] Fixed 2 duplicate /gene - argH_1 argH_2
[07:23:09] Fixed 5 duplicate /gene - resA_1 resA_2 resA_3 resA_4 resA_5
[07:23:09] Fixed 3 duplicate /gene - gmd_1 gmd_2 gmd_3
[07:23:09] Fixed 2 duplicate /gene - cyoE_1 cyoE_2
[07:23:09] Fixed 7 duplicate /gene - tfb_1 tfb_2 tfb_3 tfb_4 tfb_5 tfb_6 tfb_7
[07:23:09] Fixed 3 duplicate /gene - ndhI_1 ndhI_2 ndhI_3
[07:23:09] Fixed 2 duplicate /gene - acsA_1 acsA_2
[07:23:09] Fixed 2 duplicate /gene - purE_1 purE_2
[07:23:09] Fixed 2 duplicate /gene - rhaD_1 rhaD_2
[07:23:09] Fixed 2 duplicate /gene - ctaA_1 ctaA_2
[07:23:09] Fixed 2 duplicate /gene - lysX_1 lysX_2
[07:23:09] Fixed 2 duplicate /gene - mer_1 mer_2
[07:23:09] Fixed 3 duplicate /gene - thrC_1 thrC_2 thrC_3
[07:23:09] Fixed 2 duplicate /gene - hisF_1 hisF_2
[07:23:09] Fixed 2 duplicate /gene - psmB_1 psmB_2
[07:23:09] Fixed 2 duplicate /gene - glmS_1 glmS_2
[07:23:09] Fixed 2 duplicate /gene - ubiD_1 ubiD_2
[07:23:09] Fixed 2 duplicate /gene - metG_1 metG_2
[07:23:09] Fixed 2 duplicate /gene - queC_1 queC_2
[07:23:09] Fixed 2 duplicate /gene - radA_1 radA_2
[07:23:09] Fixed 2 duplicate /gene - nagK_1 nagK_2
[07:23:09] Fixed 2 duplicate /gene - hemL_1 hemL_2
[07:23:09] Fixed 2 duplicate /gene - cheY_1 cheY_2
[07:23:09] Fixed 2 duplicate /gene - rnhB_1 rnhB_2
[07:23:09] Fixed 2 duplicate /gene - purP_1 purP_2
[07:23:09] Fixed 2 duplicate /gene - sufS_1 sufS_2
[07:23:09] Fixed 2 duplicate /gene - sasA_1 sasA_2
[07:23:09] Fixed 2 duplicate /gene - scpB_1 scpB_2
[07:23:09] Fixed 3 duplicate /gene - hemA_1 hemA_2 hemA_3
[07:23:09] Fixed 3 duplicate /gene - hldD_1 hldD_2 hldD_3
[07:23:09] Fixed 2 duplicate /gene - ilvE_1 ilvE_2
[07:23:09] Fixed 2 duplicate /gene - cas1_1 cas1_2
[07:23:09] Fixed 2 duplicate /gene - nqrF_1 nqrF_2
[07:23:09] Fixed 4 duplicate /gene - dbpA_1 dbpA_2 dbpA_3 dbpA_4
[07:23:09] Fixed 2 duplicate /gene - mfnC_1 mfnC_2
[07:23:09] Fixed 2 duplicate /gene - cofE_1 cofE_2
[07:23:09] Fixed 3 duplicate /gene - cysG_1 cysG_2 cysG_3
[07:23:09] Fixed 2 duplicate /gene - hisC_1 hisC_2
[07:23:09] Fixed 4 duplicate /gene - mntR_1 mntR_2 mntR_3 mntR_4
[07:23:09] Fixed 2 duplicate /gene - sod_1 sod_2
[07:23:09] Fixed 2 duplicate /gene - glmU_1 glmU_2
[07:23:09] Fixed 2 duplicate /gene - gatD_1 gatD_2
[07:23:09] Fixed 2 duplicate /gene - leuD_1 leuD_2
[07:23:09] Fixed 2 duplicate /gene - napF_1 napF_2
[07:23:09] Fixed 2 duplicate /gene - COQ5_1 COQ5_2
[07:23:09] Fixed 2 duplicate /gene - rnj_1 rnj_2
[07:23:09] Fixed 87 colliding /gene names.
[07:23:09] Adding /locus_tag identifiers
[07:23:10] Assigned 2314 locus_tags to CDS and RNA features.
[07:23:10] Writing outputs to ../../Data/Chen_Analysis/Prokka/Archaea/GOMC.bin.6483/
[07:23:10] Generating annotation statistics file
[07:23:10] Generating Genbank and Sequin files
[07:23:10] Running: tbl2asn -V b -a r10k -l paired-ends -M n -N 1 -y 'Annotated using prokka 1.14.6 from https://github.com/tseemann/prokka' -Z \.\.\/\.\.\/Data\/Chen_Analysis\/Prokka\/Archaea\/GOMC\.bin\.6483\/GOMC\.bin\.6483\.err -i \.\.\/\.\.\/Data\/Chen_Analysis\/Prokka\/Archaea\/GOMC\.bin\.6483\/GOMC\.bin\.6483\.fsa 2> /dev/null
[07:23:12] Deleting unwanted file: ../../Data/Chen_Analysis/Prokka/Archaea/GOMC.bin.6483/errorsummary.val
[07:23:12] Deleting unwanted file: ../../Data/Chen_Analysis/Prokka/Archaea/GOMC.bin.6483/GOMC.bin.6483.dr
[07:23:12] Deleting unwanted file: ../../Data/Chen_Analysis/Prokka/Archaea/GOMC.bin.6483/GOMC.bin.6483.fixedproducts
[07:23:12] Deleting unwanted file: ../../Data/Chen_Analysis/Prokka/Archaea/GOMC.bin.6483/GOMC.bin.6483.ecn
[07:23:12] Deleting unwanted file: ../../Data/Chen_Analysis/Prokka/Archaea/GOMC.bin.6483/GOMC.bin.6483.val
[07:23:12] Repairing broken .GBK output that tbl2asn produces...
[07:23:12] Running: sed 's/COORDINATES: profile/COORDINATES:profile/' < \.\.\/\.\.\/Data\/Chen_Analysis\/Prokka\/Archaea\/GOMC\.bin\.6483\/GOMC\.bin\.6483\.gbf > \.\.\/\.\.\/Data\/Chen_Analysis\/Prokka\/Archaea\/GOMC\.bin\.6483\/GOMC\.bin\.6483\.gbk
[07:23:12] Deleting unwanted file: ../../Data/Chen_Analysis/Prokka/Archaea/GOMC.bin.6483/GOMC.bin.6483.gbf
[07:23:12] Output files:
[07:23:12] ../../Data/Chen_Analysis/Prokka/Archaea/GOMC.bin.6483/GOMC.bin.6483.gbk
[07:23:12] ../../Data/Chen_Analysis/Prokka/Archaea/GOMC.bin.6483/GOMC.bin.6483.sqn
[07:23:12] ../../Data/Chen_Analysis/Prokka/Archaea/GOMC.bin.6483/GOMC.bin.6483.log
[07:23:12] ../../Data/Chen_Analysis/Prokka/Archaea/GOMC.bin.6483/GOMC.bin.6483.gff
[07:23:12] ../../Data/Chen_Analysis/Prokka/Archaea/GOMC.bin.6483/GOMC.bin.6483.ffn
[07:23:12] ../../Data/Chen_Analysis/Prokka/Archaea/GOMC.bin.6483/GOMC.bin.6483.fna
[07:23:12] ../../Data/Chen_Analysis/Prokka/Archaea/GOMC.bin.6483/GOMC.bin.6483.err
[07:23:12] ../../Data/Chen_Analysis/Prokka/Archaea/GOMC.bin.6483/GOMC.bin.6483.txt
[07:23:12] ../../Data/Chen_Analysis/Prokka/Archaea/GOMC.bin.6483/GOMC.bin.6483.tsv
[07:23:12] ../../Data/Chen_Analysis/Prokka/Archaea/GOMC.bin.6483/GOMC.bin.6483.faa
[07:23:12] ../../Data/Chen_Analysis/Prokka/Archaea/GOMC.bin.6483/GOMC.bin.6483.tbl
[07:23:12] ../../Data/Chen_Analysis/Prokka/Archaea/GOMC.bin.6483/GOMC.bin.6483.fsa
[07:23:12] Annotation finished successfully.
[07:23:12] Walltime used: 0.37 minutes
[07:23:12] If you use this result please cite the Prokka paper:
[07:23:12] Seemann T (2014) Prokka: rapid prokaryotic genome annotation. Bioinformatics. 30(14):2068-9.
[07:23:12] Type 'prokka --citation' for more details.
[07:23:12] Thank you, come again.
