[07:25:07] This is prokka 1.14.6
[07:25:07] Written by Torsten Seemann <torsten.seemann@gmail.com>
[07:25:07] Homepage is https://github.com/tseemann/prokka
[07:25:07] Local time is Mon Dec  1 07:25:07 2025
[07:25:07] You are joao_facio
[07:25:07] Operating system is linux
[07:25:07] You have BioPerl 1.7.8
[07:25:07] System has 12 cores.
[07:25:07] Will use maximum of 4 cores.
[07:25:07] Annotating as >>> Archaea <<<
[07:25:07] Generating locus_tag from '/tmp/tmp6gns85ah/GOMC.bin.8270.fa' contents.
[07:25:07] Setting --locustag HGEDFBPG from MD5 10edfb905bbf5d769971ad86a8cfa273
[07:25:07] Creating new output folder: ../../Data/Chen_Analysis/Prokka/Archaea/GOMC.bin.8270
[07:25:07] Running: mkdir -p \.\.\/\.\.\/Data\/Chen_Analysis\/Prokka\/Archaea\/GOMC\.bin\.8270
[07:25:07] Using filename prefix: GOMC.bin.8270.XXX
[07:25:07] Setting HMMER_NCPU=1
[07:25:07] Writing log to: ../../Data/Chen_Analysis/Prokka/Archaea/GOMC.bin.8270/GOMC.bin.8270.log
[07:25:07] Command: /home/joao_facio/miniconda3/envs/prokka/bin/prokka --outdir ../../Data/Chen_Analysis/Prokka/Archaea/GOMC.bin.8270 --prefix GOMC.bin.8270 --kingdom Archaea --genus RBG-16-57-9 --strain GOMC.bin.8270 --cpus 4 --force /tmp/tmp6gns85ah/GOMC.bin.8270.fa
[07:25:07] Appending to PATH: /home/joao_facio/miniconda3/envs/prokka/bin
[07:25:07] Looking for 'aragorn' - found /home/joao_facio/miniconda3/envs/prokka/bin/aragorn
[07:25:07] Determined aragorn version is 001002 from 'ARAGORN v1.2.41 Dean Laslett'
[07:25:07] Looking for 'barrnap' - found /home/joao_facio/miniconda3/envs/prokka/bin/barrnap
[07:25:07] Determined barrnap version is 000009 from 'barrnap 0.9'
[07:25:07] Looking for 'blastp' - found /home/joao_facio/miniconda3/envs/prokka/bin/blastp
[07:25:07] Determined blastp version is 002016 from 'blastp: 2.16.0+'
[07:25:07] Looking for 'cmpress' - found /home/joao_facio/miniconda3/envs/prokka/bin/cmpress
[07:25:07] Determined cmpress version is 001001 from '# INFERNAL 1.1.5 (Sep 2023)'
[07:25:07] Looking for 'cmscan' - found /home/joao_facio/miniconda3/envs/prokka/bin/cmscan
[07:25:07] Determined cmscan version is 001001 from '# INFERNAL 1.1.5 (Sep 2023)'
[07:25:07] Looking for 'egrep' - found /usr/bin/egrep
[07:25:07] Looking for 'find' - found /usr/bin/find
[07:25:07] Looking for 'grep' - found /usr/bin/grep
[07:25:07] Looking for 'hmmpress' - found /home/joao_facio/miniconda3/envs/prokka/bin/hmmpress
[07:25:07] Determined hmmpress version is 003004 from '# HMMER 3.4 (Aug 2023); http://hmmer.org/'
[07:25:07] Looking for 'hmmscan' - found /home/joao_facio/miniconda3/envs/prokka/bin/hmmscan
[07:25:07] Determined hmmscan version is 003004 from '# HMMER 3.4 (Aug 2023); http://hmmer.org/'
[07:25:07] Looking for 'java' - found /home/joao_facio/miniconda3/envs/prokka/bin/java
[07:25:07] Looking for 'makeblastdb' - found /home/joao_facio/miniconda3/envs/prokka/bin/makeblastdb
[07:25:07] Determined makeblastdb version is 002016 from 'makeblastdb: 2.16.0+'
[07:25:07] Looking for 'minced' - found /home/joao_facio/miniconda3/envs/prokka/bin/minced
[07:25:07] Determined minced version is 004002 from 'minced 0.4.2'
[07:25:07] Looking for 'parallel' - found /home/joao_facio/miniconda3/envs/prokka/bin/parallel
[07:25:07] Determined parallel version is 20251122 from 'GNU parallel 20251122'
[07:25:07] Looking for 'prodigal' - found /home/joao_facio/miniconda3/envs/prokka/bin/prodigal
[07:25:07] Determined prodigal version is 002006 from 'Prodigal V2.6.3: February, 2016'
[07:25:07] Looking for 'prokka-genbank_to_fasta_db' - found /home/joao_facio/miniconda3/envs/prokka/bin/prokka-genbank_to_fasta_db
[07:25:07] Looking for 'sed' - found /usr/bin/sed
[07:25:07] Looking for 'tbl2asn' - found /home/joao_facio/miniconda3/envs/prokka/bin/tbl2asn
[07:25:07] Determined tbl2asn version is 025007 from 'tbl2asn 25.7   arguments:'
[07:25:07] Using genetic code table 11.
[07:25:07] Loading and checking input file: /tmp/tmp6gns85ah/GOMC.bin.8270.fa
[07:25:07] Wrote 467 contigs totalling 2180316 bp.
[07:25:07] Predicting tRNAs and tmRNAs
[07:25:07] Running: aragorn -l -gc11  -w \.\.\/\.\.\/Data\/Chen_Analysis\/Prokka\/Archaea\/GOMC\.bin\.8270\/GOMC\.bin\.8270\.fna
[07:25:07] 1 tRNA-Ser [11209,11293] 34 (cga)
[07:25:07] 1 tRNA-Pro c[3570,3646] 35 (ggg)
[07:25:07] 1 tRNA-Val c[8170,8247] 36 (cac)
[07:25:07] 1 tRNA-Asn [1272,1348] 35 (gtt)
[07:25:07] 2 tRNA-Thr [5858,5929] 33 (cgt)
[07:25:07] 1 tRNA-Leu [9704,9789] 35 (cag)
[07:25:07] 1 tRNA-Ala c[931,1005] 33 (cgc)
[07:25:07] 1 tRNA-Ile c[1355,1440] 36 (tat)
[07:25:07] 1 tRNA-Thr [3852,3929] 36 (ggt)
[07:25:07] 1 tRNA-Ile [3565,3652] 35 (tat)
[07:25:07] 1 tRNA-Glu c[2892,2970] 36 (ttc)
[07:25:07] 1 tRNA-Ser [912,997] 35 (gct)
[07:25:07] 1 tRNA-Ala c[6729,6803] 33 (ggc)
[07:25:07] 1 tRNA-Leu [5510,5599] 38 (tag)
[07:25:07] 1 tRNA-Arg c[1061,1138] 36 (cct)
[07:25:07] 1 tRNA-Asn c[2396,2478] 37 (att)
[07:25:07] 1 tRNA-Leu c[2,89] 37 (gag)
[07:25:07] 2 tRNA-His c[137,211] 34 (gtg)
[07:25:07] Found 18 tRNAs
[07:25:07] Predicting Ribosomal RNAs
[07:25:07] Running Barrnap with 4 threads
[07:25:08] Found 0 rRNAs
[07:25:08] Skipping ncRNA search, enable with --rfam if desired.
[07:25:08] Total of 18 tRNA + rRNA features
[07:25:08] Searching for CRISPR repeats
[07:25:08] Found 0 CRISPRs
[07:25:08] Predicting coding sequences
[07:25:08] Contigs total 2180316 bp, so using single mode
[07:25:08] Running: prodigal -i \.\.\/\.\.\/Data\/Chen_Analysis\/Prokka\/Archaea\/GOMC\.bin\.8270\/GOMC\.bin\.8270\.fna -c -m -g 11 -p single -f sco -q
[07:25:11] Excluding CDS which overlaps existing RNA (tRNA) at k63_8843632:1306..1572 on - strand
[07:25:11] Excluding CDS which overlaps existing RNA (tRNA) at k63_12012693:2872..3072 on - strand
[07:25:11] Excluding CDS which overlaps existing RNA (tRNA) at k63_11289685:2280..2627 on - strand
[07:25:11] Found 2413 CDS
[07:25:11] Connecting features back to sequences
[07:25:11] Not using genus-specific database. Try --usegenus to enable it.
[07:25:11] Annotating CDS, please be patient.
[07:25:11] Will use 4 CPUs for similarity searching.
[07:25:11] There are still 2413 unannotated CDS left (started with 2413)
[07:25:11] Will use blast to search against /home/joao_facio/miniconda3/envs/prokka/db/kingdom/Archaea/sprot with 4 CPUs
[07:25:11] Running: cat \.\.\/\.\.\/Data\/Chen_Analysis\/Prokka\/Archaea\/GOMC\.bin\.8270\/GOMC\.bin\.8270\.sprot\.tmp\.3100177\.faa | parallel --gnu --plain -j 4 --block 75733 --recstart '>' --pipe blastp -query - -db /home/joao_facio/miniconda3/envs/prokka/db/kingdom/Archaea/sprot -evalue 1e-09 -qcov_hsp_perc 80 -num_threads 1 -num_descriptions 1 -num_alignments 1 -seg no > \.\.\/\.\.\/Data\/Chen_Analysis\/Prokka\/Archaea\/GOMC\.bin\.8270\/GOMC\.bin\.8270\.sprot\.tmp\.3100177\.blast 2> /dev/null
[07:25:15] Modify product: Probable 6-oxopurine nucleoside phosphorylase => putative 6-oxopurine nucleoside phosphorylase
[07:25:15] Modify product: RutC family protein PH0854 => RutC family protein
[07:25:15] Modify product: UPF0200 protein SSO1041 => hypothetical protein
[07:25:15] Modify product: Uncharacterized HTH-type transcriptional regulator PH1519 => putative HTH-type transcriptional regulator
[07:25:15] Modify product: Probable adenylyl-sulfate kinase => putative adenylyl-sulfate kinase
[07:25:15] Modify product: Uncharacterized ABC transporter ATP-binding protein MJ0796 => putative ABC transporter ATP-binding protein
[07:25:15] Modify product: Uncharacterized HTH-type transcriptional regulator PH1519 => putative HTH-type transcriptional regulator
[07:25:15] Modify product: Uncharacterized HTH-type transcriptional regulator PH1519 => putative HTH-type transcriptional regulator
[07:25:15] Modify product: Uncharacterized HTH-type transcriptional regulator PH1519 => putative HTH-type transcriptional regulator
[07:25:15] Modify product: Iron-sulfur flavoprotein MJ1083 => Iron-sulfur flavoprotein
[07:25:15] Modify product: Probable aminomethyltransferase => putative aminomethyltransferase
[07:25:15] Modify product: Damage-control phosphatase AF_1104 => Damage-control phosphatase
[07:25:15] Modify product: Probable ATP-dependent RNA helicase MJ0669 => putative ATP-dependent RNA helicase
[07:25:15] Modify product: Uncharacterized HTH-type transcriptional regulator PH1519 => putative HTH-type transcriptional regulator
[07:25:15] Modify product: Probable membrane-bound hydrogenase subunit mbhJ => putative membrane-bound hydrogenase subunit mbhJ
[07:25:15] Modify product: Uncharacterized HTH-type transcriptional regulator PH1519 => putative HTH-type transcriptional regulator
[07:25:15] Modify product: Uncharacterized protein PH0856 => putative protein
[07:25:15] Modify product: Universal stress protein MJ0577 => Universal stress protein
[07:25:15] Modify product: S-adenosyl-L-methionine-binding protein AF_0241 => S-adenosyl-L-methionine-binding protein
[07:25:15] Modify product: Phosphodiesterase MJ0936 => Phosphodiesterase
[07:25:15] Modify product: Uncharacterized metallohydrolase MMP1398 => putative metallohydrolase
[07:25:15] Modify product: Probable bifunctional tRNA threonylcarbamoyladenosine biosynthesis protein => putative bifunctional tRNA threonylcarbamoyladenosine biosynthesis protein
[07:25:15] Modify product: Probable ATP-dependent RNA helicase MJ0669 => putative ATP-dependent RNA helicase
[07:25:15] Modify product: Probable ATP-dependent RNA helicase MJ0669 => putative ATP-dependent RNA helicase
[07:25:15] Modify product: Uncharacterized protein MJ1480 => putative protein
[07:25:15] Modify product: Uncharacterized metallohydrolase MMP1398 => putative metallohydrolase
[07:25:15] Modify product: ATP-dependent DNA helicase Ta0057 => ATP-dependent DNA helicase
[07:25:15] Modify product: Bifunctional protein FolD => Bifunctional protein FolD protein
[07:25:15] Modify product: Probable nitrate transporter => putative nitrate transporter
[07:25:15] Modify product: Probable ribosomal RNA small subunit methyltransferase A => putative ribosomal RNA small subunit methyltransferase A
[07:25:15] Modify product: Uncharacterized protein MJ0100 => putative protein
[07:25:15] Modify product: S-adenosyl-L-methionine-binding protein AF_0241 => S-adenosyl-L-methionine-binding protein
[07:25:15] Modify product: Uncharacterized NOP5 family protein MJ0694 => putative NOP5 family protein
[07:25:15] Modify product: Uncharacterized metallohydrolase MMP1398 => putative metallohydrolase
[07:25:15] Modify product: Uncharacterized protein MJ1311 => putative protein
[07:25:15] Modify product: Uncharacterized HTH-type transcriptional regulator PH1519 => putative HTH-type transcriptional regulator
[07:25:15] Modify product: Probable copper-exporting P-type ATPase => putative copper-exporting P-type ATPase
[07:25:15] Modify product: Stomatin homolog PH1511 => Stomatin
[07:25:15] Modify product: Uncharacterized metallohydrolase MMP1398 => putative metallohydrolase
[07:25:15] Modify product: Uncharacterized HTH-type transcriptional regulator PH0140 => putative HTH-type transcriptional regulator
[07:25:15] Modify product: Probable branched-chain amino acid transport ATP-binding protein LivG => putative branched-chain amino acid transport ATP-binding protein LivG
[07:25:15] Modify product: Probable branched-chain amino acid transport ATP-binding protein LivG => putative branched-chain amino acid transport ATP-binding protein LivG
[07:25:15] Modify product: Universal stress protein MJ0577 => Universal stress protein
[07:25:15] Modify product: GPN-loop GTPase PAB0955 => GPN-loop GTPase
[07:25:15] Modify product: Probable tRNA pseudouridine synthase B => putative tRNA pseudouridine synthase B
[07:25:15] Modify product: Probable S-adenosylmethionine-dependent methyltransferase MJ0882 => putative S-adenosylmethionine-dependent methyltransferase
[07:25:15] Modify product: Uncharacterized HTH-type transcriptional regulator PH0140 => putative HTH-type transcriptional regulator
[07:25:15] Modify product: UPF0273 protein PH0284 => hypothetical protein
[07:25:15] Modify product: Probable deoxyhypusine synthase => putative deoxyhypusine synthase
[07:25:15] Modify product: Uncharacterized ABC transporter ATP-binding protein MJ0796 => putative ABC transporter ATP-binding protein
[07:25:15] Modify product: Uncharacterized HTH-type transcriptional regulator PH1519 => putative HTH-type transcriptional regulator
[07:25:15] Modify product: UPF0147 protein Ta0600 => hypothetical protein
[07:25:15] Modify product: Probable membrane-bound hydrogenase subunit mbhJ => putative membrane-bound hydrogenase subunit mbhJ
[07:25:15] Modify product: Uncharacterized protein MJ0922 => putative protein
[07:25:15] Modify product: Metallo-beta-lactamase fold-containing protein ST1585 => Metallo-beta-lactamase fold-containing protein
[07:25:15] Modify product: Protein Ta0487 => Protein
[07:25:15] Modify product: Protein PH0010 => Protein
[07:25:15] Modify product: Protein translation factor SUI1 homolog => Protein translation factor SUI1 
[07:25:15] Modify product: Iron-sulfur flavoprotein MJ1083 => Iron-sulfur flavoprotein
[07:25:15] Modify product: Putative sulfur carrier protein Ta1170/Ta1414 => Putative sulfur carrier protein/Ta1414
[07:25:15] Modify product: S-adenosyl-L-methionine-binding protein AF_0241 => S-adenosyl-L-methionine-binding protein
[07:25:15] Modify product: Uncharacterized protein MJ0754 => putative protein
[07:25:15] Modify product: UPF0273 protein PH0284 => hypothetical protein
[07:25:15] Modify product: Probable GTP-binding protein EngB => putative GTP-binding protein EngB
[07:25:15] Cleaned 64 /product names
[07:25:15] Deleting unwanted file: ../../Data/Chen_Analysis/Prokka/Archaea/GOMC.bin.8270/GOMC.bin.8270.sprot.tmp.3100177.faa
[07:25:15] Deleting unwanted file: ../../Data/Chen_Analysis/Prokka/Archaea/GOMC.bin.8270/GOMC.bin.8270.sprot.tmp.3100177.blast
[07:25:15] There are still 1920 unannotated CDS left (started with 2413)
[07:25:15] Will use hmmer3 to search against /home/joao_facio/miniconda3/envs/prokka/db/hmm/HAMAP.hmm with 4 CPUs
[07:25:15] Running: cat \.\.\/\.\.\/Data\/Chen_Analysis\/Prokka\/Archaea\/GOMC\.bin\.8270\/GOMC\.bin\.8270\.HAMAP\.hmm\.tmp\.3100177\.faa | parallel --gnu --plain -j 4 --block 57935 --recstart '>' --pipe hmmscan --noali --notextw --acc -E 1e-09 --cpu 1 /home/joao_facio/miniconda3/envs/prokka/db/hmm/HAMAP.hmm /dev/stdin > \.\.\/\.\.\/Data\/Chen_Analysis\/Prokka\/Archaea\/GOMC\.bin\.8270\/GOMC\.bin\.8270\.HAMAP\.hmm\.tmp\.3100177\.hmmer3 2> /dev/null
[07:25:29] Modify product: Uncharacterized MFS-type transporter YfcJ => putative MFS-type transporter YfcJ
[07:25:29] Modify product: Uncharacterized MFS-type transporter YfcJ => putative MFS-type transporter YfcJ
[07:25:29] Modify product: Uncharacterized MFS-type transporter YfcJ => putative MFS-type transporter YfcJ
[07:25:29] Cleaned 3 /product names
[07:25:29] Deleting unwanted file: ../../Data/Chen_Analysis/Prokka/Archaea/GOMC.bin.8270/GOMC.bin.8270.HAMAP.hmm.tmp.3100177.faa
[07:25:29] Deleting unwanted file: ../../Data/Chen_Analysis/Prokka/Archaea/GOMC.bin.8270/GOMC.bin.8270.HAMAP.hmm.tmp.3100177.hmmer3
[07:25:29] Labelling remaining 1509 proteins as 'hypothetical protein'
[07:25:29] Possible /pseudo 'Thiosulfate sulfurtransferase GlpE' at k63_11550030 position 2381
[07:25:29] Possible /pseudo 'Imidazole glycerol phosphate synthase subunit HisF' at k63_1537690 position 1705
[07:25:29] Possible /pseudo 'Cytochrome c biogenesis protein CcsA' at k63_4437294 position 4437
[07:25:29] Possible /pseudo 'Formyl-CoA:oxalate CoA-transferase' at k63_4454292 position 4632
[07:25:29] Possible /pseudo 'Vitamin B12 import ATP-binding protein BtuD' at k63_1590120 position 6867
[07:25:29] Possible /pseudo 'Vitamin B12 import ATP-binding protein BtuD' at k63_13103479 position 6000
[07:25:29] Possible /pseudo 'Galactarate dehydratase (L-threo-forming)' at k63_14586284 position 390
[07:25:29] Possible /pseudo 'Vitamin B12 import ATP-binding protein BtuD' at k63_400212 position 11528
[07:25:29] Possible /pseudo 'Bifunctional F420 biosynthesis protein FbiB' at k63_13238038 position 1485
[07:25:29] Possible /pseudo 'Iron-sulfur cluster carrier protein' at k63_13380579 position 4537
[07:25:29] Possible /pseudo 'putative branched-chain amino acid transport ATP-binding protein LivG' at k63_4893072 position 5037
[07:25:29] Possible /pseudo 'Thiosulfate sulfurtransferase GlpE' at k63_6706950 position 4515
[07:25:29] Found 459 unique /gene codes.
[07:25:29] Fixed 4 duplicate /gene - pyrC_1 pyrC_2 pyrC_3 pyrC_4
[07:25:29] Fixed 7 duplicate /gene - hutI_1 hutI_2 hutI_3 hutI_4 hutI_5 hutI_6 hutI_7
[07:25:29] Fixed 3 duplicate /gene - tfrA_1 tfrA_2 tfrA_3
[07:25:29] Fixed 2 duplicate /gene - ard1_1 ard1_2
[07:25:29] Fixed 6 duplicate /gene - menH_1 menH_2 menH_3 menH_4 menH_5 menH_6
[07:25:29] Fixed 2 duplicate /gene - menA_1 menA_2
[07:25:29] Fixed 2 duplicate /gene - mscL_1 mscL_2
[07:25:29] Fixed 3 duplicate /gene - RBKS_1 RBKS_2 RBKS_3
[07:25:29] Fixed 2 duplicate /gene - rnj_1 rnj_2
[07:25:29] Fixed 3 duplicate /gene - dap_1 dap_2 dap_3
[07:25:29] Fixed 2 duplicate /gene - glcV_1 glcV_2
[07:25:29] Fixed 3 duplicate /gene - mptN_1 mptN_2 mptN_3
[07:25:29] Fixed 5 duplicate /gene - dadD_1 dadD_2 dadD_3 dadD_4 dadD_5
[07:25:29] Fixed 2 duplicate /gene - fixB_1 fixB_2
[07:25:29] Fixed 13 duplicate /gene - rsxB_1 rsxB_2 rsxB_3 rsxB_4 rsxB_5 rsxB_6 rsxB_7 rsxB_8 rsxB_9 rsxB_10 rsxB_11 rsxB_12 rsxB_13
[07:25:29] Fixed 2 duplicate /gene - leuC_1 leuC_2
[07:25:29] Fixed 2 duplicate /gene - nhaP2_1 nhaP2_2
[07:25:29] Fixed 2 duplicate /gene - ccsA_1 ccsA_2
[07:25:29] Fixed 2 duplicate /gene - moaA_1 moaA_2
[07:25:29] Fixed 2 duplicate /gene - hdrA2_1 hdrA2_2
[07:25:29] Fixed 2 duplicate /gene - cutB_1 cutB_2
[07:25:29] Fixed 2 duplicate /gene - tusA_1 tusA_2
[07:25:29] Fixed 2 duplicate /gene - pcp_1 pcp_2
[07:25:29] Fixed 2 duplicate /gene - fpoC_1 fpoC_2
[07:25:29] Fixed 2 duplicate /gene - cysS_1 cysS_2
[07:25:29] Fixed 2 duplicate /gene - gcvPB_1 gcvPB_2
[07:25:29] Fixed 2 duplicate /gene - livG_1 livG_2
[07:25:29] Fixed 2 duplicate /gene - fpoD_1 fpoD_2
[07:25:29] Fixed 2 duplicate /gene - lig_1 lig_2
[07:25:29] Fixed 2 duplicate /gene - gcvPA_1 gcvPA_2
[07:25:29] Fixed 5 duplicate /gene - ade_1 ade_2 ade_3 ade_4 ade_5
[07:25:29] Fixed 7 duplicate /gene - fbiB_1 fbiB_2 fbiB_3 fbiB_4 fbiB_5 fbiB_6 fbiB_7
[07:25:29] Fixed 2 duplicate /gene - rutD_1 rutD_2
[07:25:29] Fixed 2 duplicate /gene - yfeW_1 yfeW_2
[07:25:29] Fixed 4 duplicate /gene - glpE_1 glpE_2 glpE_3 glpE_4
[07:25:29] Fixed 4 duplicate /gene - COQ3_1 COQ3_2 COQ3_3 COQ3_4
[07:25:29] Fixed 3 duplicate /gene - entS_1 entS_2 entS_3
[07:25:29] Fixed 2 duplicate /gene - leuD_1 leuD_2
[07:25:29] Fixed 3 duplicate /gene - smc_1 smc_2 smc_3
[07:25:29] Fixed 2 duplicate /gene - arcA_1 arcA_2
[07:25:29] Fixed 2 duplicate /gene - msrP_1 msrP_2
[07:25:29] Fixed 3 duplicate /gene - rhaD_1 rhaD_2 rhaD_3
[07:25:29] Fixed 6 duplicate /gene - gyaR_1 gyaR_2 gyaR_3 gyaR_4 gyaR_5 gyaR_6
[07:25:29] Fixed 2 duplicate /gene - sudB_1 sudB_2
[07:25:29] Fixed 3 duplicate /gene - allB_1 allB_2 allB_3
[07:25:29] Fixed 2 duplicate /gene - tdh_1 tdh_2
[07:25:29] Fixed 3 duplicate /gene - sotB_1 sotB_2 sotB_3
[07:25:29] Fixed 3 duplicate /gene - argH_1 argH_2 argH_3
[07:25:29] Fixed 3 duplicate /gene - mttC_1 mttC_2 mttC_3
[07:25:29] Fixed 6 duplicate /gene - queG_1 queG_2 queG_3 queG_4 queG_5 queG_6
[07:25:29] Fixed 2 duplicate /gene - rcsC_1 rcsC_2
[07:25:29] Fixed 2 duplicate /gene - mshD_1 mshD_2
[07:25:29] Fixed 2 duplicate /gene - truD_1 truD_2
[07:25:29] Fixed 3 duplicate /gene - hemL_1 hemL_2 hemL_3
[07:25:29] Fixed 6 duplicate /gene - aor_1 aor_2 aor_3 aor_4 aor_5 aor_6
[07:25:29] Fixed 4 duplicate /gene - porD_1 porD_2 porD_3 porD_4
[07:25:29] Fixed 2 duplicate /gene - selA_1 selA_2
[07:25:29] Fixed 2 duplicate /gene - gcvH_1 gcvH_2
[07:25:29] Fixed 3 duplicate /gene - cutA_1 cutA_2 cutA_3
[07:25:29] Fixed 2 duplicate /gene - vorA_1 vorA_2
[07:25:29] Fixed 2 duplicate /gene - rssB_1 rssB_2
[07:25:29] Fixed 3 duplicate /gene - yfcJ_1 yfcJ_2 yfcJ_3
[07:25:29] Fixed 3 duplicate /gene - purF_1 purF_2 purF_3
[07:25:29] Fixed 2 duplicate /gene - fixA_1 fixA_2
[07:25:29] Fixed 8 duplicate /gene - COQ5_1 COQ5_2 COQ5_3 COQ5_4 COQ5_5 COQ5_6 COQ5_7 COQ5_8
[07:25:29] Fixed 2 duplicate /gene - nagZ_1 nagZ_2
[07:25:29] Fixed 2 duplicate /gene - dapA_1 dapA_2
[07:25:29] Fixed 12 duplicate /gene - gloB_1 gloB_2 gloB_3 gloB_4 gloB_5 gloB_6 gloB_7 gloB_8 gloB_9 gloB_10 gloB_11 gloB_12
[07:25:29] Fixed 6 duplicate /gene - dapE_1 dapE_2 dapE_3 dapE_4 dapE_5 dapE_6
[07:25:29] Fixed 4 duplicate /gene - thiL_1 thiL_2 thiL_3 thiL_4
[07:25:29] Fixed 2 duplicate /gene - nqrF_1 nqrF_2
[07:25:29] Fixed 2 duplicate /gene - mobA_1 mobA_2
[07:25:29] Fixed 2 duplicate /gene - gpt_1 gpt_2
[07:25:29] Fixed 2 duplicate /gene - norW_1 norW_2
[07:25:29] Fixed 7 duplicate /gene - frc_1 frc_2 frc_3 frc_4 frc_5 frc_6 frc_7
[07:25:29] Fixed 2 duplicate /gene - nanT_1 nanT_2
[07:25:29] Fixed 2 duplicate /gene - ndhA_1 ndhA_2
[07:25:29] Fixed 5 duplicate /gene - cutC_1 cutC_2 cutC_3 cutC_4 cutC_5
[07:25:29] Fixed 2 duplicate /gene - psmB_1 psmB_2
[07:25:29] Fixed 5 duplicate /gene - lysJ_1 lysJ_2 lysJ_3 lysJ_4 lysJ_5
[07:25:29] Fixed 3 duplicate /gene - mtmB1_1 mtmB1_2 mtmB1_3
[07:25:29] Fixed 2 duplicate /gene - fdhA_1 fdhA_2
[07:25:29] Fixed 2 duplicate /gene - zupT_1 zupT_2
[07:25:29] Fixed 5 duplicate /gene - porB_1 porB_2 porB_3 porB_4 porB_5
[07:25:29] Fixed 2 duplicate /gene - egtE_1 egtE_2
[07:25:29] Fixed 3 duplicate /gene - nadE_1 nadE_2 nadE_3
[07:25:29] Fixed 2 duplicate /gene - ndhI_1 ndhI_2
[07:25:29] Fixed 3 duplicate /gene - garD_1 garD_2 garD_3
[07:25:29] Fixed 5 duplicate /gene - gph_1 gph_2 gph_3 gph_4 gph_5
[07:25:29] Fixed 2 duplicate /gene - cpsA1_1 cpsA1_2
[07:25:29] Fixed 2 duplicate /gene - fgd_1 fgd_2
[07:25:29] Fixed 2 duplicate /gene - obg_1 obg_2
[07:25:29] Fixed 14 duplicate /gene - btuD_1 btuD_2 btuD_3 btuD_4 btuD_5 btuD_6 btuD_7 btuD_8 btuD_9 btuD_10 btuD_11 btuD_12 btuD_13 btuD_14
[07:25:29] Fixed 4 duplicate /gene - thrC_1 thrC_2 thrC_3 thrC_4
[07:25:29] Fixed 2 duplicate /gene - ala_1 ala_2
[07:25:29] Fixed 2 duplicate /gene - ndhB_1 ndhB_2
[07:25:29] Fixed 2 duplicate /gene - clcB_1 clcB_2
[07:25:29] Fixed 2 duplicate /gene - mttB_1 mttB_2
[07:25:29] Fixed 2 duplicate /gene - resA_1 resA_2
[07:25:29] Fixed 3 duplicate /gene - frvX_1 frvX_2 frvX_3
[07:25:29] Fixed 2 duplicate /gene - alaXM_1 alaXM_2
[07:25:29] Fixed 5 duplicate /gene - IMPDH_1 IMPDH_2 IMPDH_3 IMPDH_4 IMPDH_5
[07:25:29] Fixed 2 duplicate /gene - fen_1 fen_2
[07:25:29] Fixed 4 duplicate /gene - porG_1 porG_2 porG_3 porG_4
[07:25:29] Fixed 2 duplicate /gene - glmS_1 glmS_2
[07:25:29] Fixed 2 duplicate /gene - pyrG_1 pyrG_2
[07:25:29] Fixed 2 duplicate /gene - rutE_1 rutE_2
[07:25:29] Fixed 3 duplicate /gene - sasA_1 sasA_2 sasA_3
[07:25:29] Fixed 3 duplicate /gene - iolD_1 iolD_2 iolD_3
[07:25:29] Fixed 2 duplicate /gene - ogt_1 ogt_2
[07:25:29] Fixed 2 duplicate /gene - tbp_1 tbp_2
[07:25:29] Fixed 2 duplicate /gene - kynu_1 kynu_2
[07:25:29] Fixed 3 duplicate /gene - porA_1 porA_2 porA_3
[07:25:29] Fixed 3 duplicate /gene - malK_1 malK_2 malK_3
[07:25:29] Fixed 2 duplicate /gene - cutD_1 cutD_2
[07:25:29] Fixed 6 duplicate /gene - pepQ_1 pepQ_2 pepQ_3 pepQ_4 pepQ_5 pepQ_6
[07:25:29] Fixed 2 duplicate /gene - mbhJ_1 mbhJ_2
[07:25:29] Fixed 3 duplicate /gene - sufS_1 sufS_2 sufS_3
[07:25:29] Fixed 2 duplicate /gene - hisF_1 hisF_2
[07:25:29] Fixed 2 duplicate /gene - tgtA_1 tgtA_2
[07:25:29] Fixed 9 duplicate /gene - tfb_1 tfb_2 tfb_3 tfb_4 tfb_5 tfb_6 tfb_7 tfb_8 tfb_9
[07:25:29] Fixed 19 duplicate /gene - mdtG_1 mdtG_2 mdtG_3 mdtG_4 mdtG_5 mdtG_6 mdtG_7 mdtG_8 mdtG_9 mdtG_10 mdtG_11 mdtG_12 mdtG_13 mdtG_14 mdtG_15 mdtG_16 mdtG_17 mdtG_18 mdtG_19
[07:25:29] Fixed 2 duplicate /gene - hldD_1 hldD_2
[07:25:29] Fixed 123 colliding /gene names.
[07:25:29] Adding /locus_tag identifiers
[07:25:29] Assigned 2431 locus_tags to CDS and RNA features.
[07:25:29] Writing outputs to ../../Data/Chen_Analysis/Prokka/Archaea/GOMC.bin.8270/
[07:25:30] Generating annotation statistics file
[07:25:30] Generating Genbank and Sequin files
[07:25:30] Running: tbl2asn -V b -a r10k -l paired-ends -M n -N 1 -y 'Annotated using prokka 1.14.6 from https://github.com/tseemann/prokka' -Z \.\.\/\.\.\/Data\/Chen_Analysis\/Prokka\/Archaea\/GOMC\.bin\.8270\/GOMC\.bin\.8270\.err -i \.\.\/\.\.\/Data\/Chen_Analysis\/Prokka\/Archaea\/GOMC\.bin\.8270\/GOMC\.bin\.8270\.fsa 2> /dev/null
[07:25:32] Deleting unwanted file: ../../Data/Chen_Analysis/Prokka/Archaea/GOMC.bin.8270/errorsummary.val
[07:25:32] Deleting unwanted file: ../../Data/Chen_Analysis/Prokka/Archaea/GOMC.bin.8270/GOMC.bin.8270.dr
[07:25:32] Deleting unwanted file: ../../Data/Chen_Analysis/Prokka/Archaea/GOMC.bin.8270/GOMC.bin.8270.fixedproducts
[07:25:32] Deleting unwanted file: ../../Data/Chen_Analysis/Prokka/Archaea/GOMC.bin.8270/GOMC.bin.8270.ecn
[07:25:32] Deleting unwanted file: ../../Data/Chen_Analysis/Prokka/Archaea/GOMC.bin.8270/GOMC.bin.8270.val
[07:25:32] Repairing broken .GBK output that tbl2asn produces...
[07:25:32] Running: sed 's/COORDINATES: profile/COORDINATES:profile/' < \.\.\/\.\.\/Data\/Chen_Analysis\/Prokka\/Archaea\/GOMC\.bin\.8270\/GOMC\.bin\.8270\.gbf > \.\.\/\.\.\/Data\/Chen_Analysis\/Prokka\/Archaea\/GOMC\.bin\.8270\/GOMC\.bin\.8270\.gbk
[07:25:32] Deleting unwanted file: ../../Data/Chen_Analysis/Prokka/Archaea/GOMC.bin.8270/GOMC.bin.8270.gbf
[07:25:32] Output files:
[07:25:32] ../../Data/Chen_Analysis/Prokka/Archaea/GOMC.bin.8270/GOMC.bin.8270.log
[07:25:32] ../../Data/Chen_Analysis/Prokka/Archaea/GOMC.bin.8270/GOMC.bin.8270.tbl
[07:25:32] ../../Data/Chen_Analysis/Prokka/Archaea/GOMC.bin.8270/GOMC.bin.8270.gff
[07:25:32] ../../Data/Chen_Analysis/Prokka/Archaea/GOMC.bin.8270/GOMC.bin.8270.err
[07:25:32] ../../Data/Chen_Analysis/Prokka/Archaea/GOMC.bin.8270/GOMC.bin.8270.faa
[07:25:32] ../../Data/Chen_Analysis/Prokka/Archaea/GOMC.bin.8270/GOMC.bin.8270.fna
[07:25:32] ../../Data/Chen_Analysis/Prokka/Archaea/GOMC.bin.8270/GOMC.bin.8270.ffn
[07:25:32] ../../Data/Chen_Analysis/Prokka/Archaea/GOMC.bin.8270/GOMC.bin.8270.gbk
[07:25:32] ../../Data/Chen_Analysis/Prokka/Archaea/GOMC.bin.8270/GOMC.bin.8270.txt
[07:25:32] ../../Data/Chen_Analysis/Prokka/Archaea/GOMC.bin.8270/GOMC.bin.8270.tsv
[07:25:32] ../../Data/Chen_Analysis/Prokka/Archaea/GOMC.bin.8270/GOMC.bin.8270.sqn
[07:25:32] ../../Data/Chen_Analysis/Prokka/Archaea/GOMC.bin.8270/GOMC.bin.8270.fsa
[07:25:32] Annotation finished successfully.
[07:25:32] Walltime used: 0.42 minutes
[07:25:32] If you use this result please cite the Prokka paper:
[07:25:32] Seemann T (2014) Prokka: rapid prokaryotic genome annotation. Bioinformatics. 30(14):2068-9.
[07:25:32] Type 'prokka --citation' for more details.
[07:25:32] Share and enjoy!
