[10:20:38] This is prokka 1.14.6
[10:20:38] Written by Torsten Seemann <torsten.seemann@gmail.com>
[10:20:38] Homepage is https://github.com/tseemann/prokka
[10:20:38] Local time is Mon Dec  1 10:20:38 2025
[10:20:38] You are joao_facio
[10:20:38] Operating system is linux
[10:20:38] You have BioPerl 1.7.8
[10:20:38] System has 12 cores.
[10:20:38] Will use maximum of 4 cores.
[10:20:38] Annotating as >>> Bacteria <<<
[10:20:38] Generating locus_tag from '/tmp/tmp6gns85ah/GOMC.bin.16074.fa' contents.
[10:20:38] Setting --locustag HKMLCFAP from MD5 1465cfa97deef79861a8f1a4a54a82ca
[10:20:38] Creating new output folder: ../../Data/Chen_Analysis/Prokka/Bacteria/GOMC.bin.16074
[10:20:38] Running: mkdir -p \.\.\/\.\.\/Data\/Chen_Analysis\/Prokka\/Bacteria\/GOMC\.bin\.16074
[10:20:38] Using filename prefix: GOMC.bin.16074.XXX
[10:20:38] Setting HMMER_NCPU=1
[10:20:38] Writing log to: ../../Data/Chen_Analysis/Prokka/Bacteria/GOMC.bin.16074/GOMC.bin.16074.log
[10:20:38] Command: /home/joao_facio/miniconda3/envs/prokka/bin/prokka --outdir ../../Data/Chen_Analysis/Prokka/Bacteria/GOMC.bin.16074 --prefix GOMC.bin.16074 --kingdom Bacteria --genus BACL14 --strain GOMC.bin.16074 --cpus 4 --force /tmp/tmp6gns85ah/GOMC.bin.16074.fa
[10:20:38] Appending to PATH: /home/joao_facio/miniconda3/envs/prokka/bin
[10:20:38] Looking for 'aragorn' - found /home/joao_facio/miniconda3/envs/prokka/bin/aragorn
[10:20:38] Determined aragorn version is 001002 from 'ARAGORN v1.2.41 Dean Laslett'
[10:20:38] Looking for 'barrnap' - found /home/joao_facio/miniconda3/envs/prokka/bin/barrnap
[10:20:38] Determined barrnap version is 000009 from 'barrnap 0.9'
[10:20:38] Looking for 'blastp' - found /home/joao_facio/miniconda3/envs/prokka/bin/blastp
[10:20:38] Determined blastp version is 002016 from 'blastp: 2.16.0+'
[10:20:38] Looking for 'cmpress' - found /home/joao_facio/miniconda3/envs/prokka/bin/cmpress
[10:20:38] Determined cmpress version is 001001 from '# INFERNAL 1.1.5 (Sep 2023)'
[10:20:38] Looking for 'cmscan' - found /home/joao_facio/miniconda3/envs/prokka/bin/cmscan
[10:20:38] Determined cmscan version is 001001 from '# INFERNAL 1.1.5 (Sep 2023)'
[10:20:38] Looking for 'egrep' - found /usr/bin/egrep
[10:20:38] Looking for 'find' - found /usr/bin/find
[10:20:38] Looking for 'grep' - found /usr/bin/grep
[10:20:38] Looking for 'hmmpress' - found /home/joao_facio/miniconda3/envs/prokka/bin/hmmpress
[10:20:38] Determined hmmpress version is 003004 from '# HMMER 3.4 (Aug 2023); http://hmmer.org/'
[10:20:38] Looking for 'hmmscan' - found /home/joao_facio/miniconda3/envs/prokka/bin/hmmscan
[10:20:38] Determined hmmscan version is 003004 from '# HMMER 3.4 (Aug 2023); http://hmmer.org/'
[10:20:38] Looking for 'java' - found /home/joao_facio/miniconda3/envs/prokka/bin/java
[10:20:38] Looking for 'makeblastdb' - found /home/joao_facio/miniconda3/envs/prokka/bin/makeblastdb
[10:20:39] Determined makeblastdb version is 002016 from 'makeblastdb: 2.16.0+'
[10:20:39] Looking for 'minced' - found /home/joao_facio/miniconda3/envs/prokka/bin/minced
[10:20:39] Determined minced version is 004002 from 'minced 0.4.2'
[10:20:39] Looking for 'parallel' - found /home/joao_facio/miniconda3/envs/prokka/bin/parallel
[10:20:39] Determined parallel version is 20251122 from 'GNU parallel 20251122'
[10:20:39] Looking for 'prodigal' - found /home/joao_facio/miniconda3/envs/prokka/bin/prodigal
[10:20:39] Determined prodigal version is 002006 from 'Prodigal V2.6.3: February, 2016'
[10:20:39] Looking for 'prokka-genbank_to_fasta_db' - found /home/joao_facio/miniconda3/envs/prokka/bin/prokka-genbank_to_fasta_db
[10:20:39] Looking for 'sed' - found /usr/bin/sed
[10:20:39] Looking for 'tbl2asn' - found /home/joao_facio/miniconda3/envs/prokka/bin/tbl2asn
[10:20:39] Determined tbl2asn version is 025007 from 'tbl2asn 25.7   arguments:'
[10:20:39] Using genetic code table 11.
[10:20:39] Loading and checking input file: /tmp/tmp6gns85ah/GOMC.bin.16074.fa
[10:20:39] Wrote 52 contigs totalling 1257744 bp.
[10:20:39] Predicting tRNAs and tmRNAs
[10:20:39] Running: aragorn -l -gc11  -w \.\.\/\.\.\/Data\/Chen_Analysis\/Prokka\/Bacteria\/GOMC\.bin\.16074\/GOMC\.bin\.16074\.fna
[10:20:39] 1 tRNA-Ser [8004,8093] 35 (tga)
[10:20:39] 1 tRNA-Ser c[9059,9151] 35 (gct)
[10:20:39] 2 tRNA-Met c[47173,47249] 35 (cat)
[10:20:39] 1 tRNA-Glu c[20506,20581] 35 (ttc)
[10:20:39] 1 tRNA-Lys c[5092,5167] 34 (ctt)
[10:20:39] 2 tRNA-Ala [14749,14824] 34 (ggc)
[10:20:39] 1 tRNA-Leu c[21969,22055] 35 (caa)
[10:20:39] 1 tRNA-Ser [14486,14575] 35 (gga)
[10:20:39] 1 tRNA-Asn c[15142,15217] 34 (gtt)
[10:20:39] 1 tRNA-Met c[4365,4441] 35 (cat)
[10:20:39] 1 tRNA-Lys [11333,11408] 34 (ttt)
[10:20:39] 2 tRNA-Arg c[13066,13142] 35 (tcg)
[10:20:39] 3 tRNA-Arg c[13158,13234] 35 (acg)
[10:20:39] 1 tRNA-Val [5872,5947] 34 (tac)
[10:20:39] 1 tRNA-Arg c[1283,1358] 34 (cct)
[10:20:39] 1 tRNA-His c[8434,8509] 34 (gtg)
[10:20:39] 2 tRNA-Arg c[8517,8593] 35 (tct)
[10:20:39] 1 tRNA-Cys [118,191] 33 (gca)
[10:20:39] 2 tRNA-Leu [233,319] 35 (taa)
[10:20:39] 3 tRNA-Leu [3208,3292] 35 (gag)
[10:20:39] Found 20 tRNAs
[10:20:39] Predicting Ribosomal RNAs
[10:20:39] Running Barrnap with 4 threads
[10:20:39] 1 k63_705166 19024 5S ribosomal RNA
[10:20:39] Found 1 rRNAs
[10:20:39] Skipping ncRNA search, enable with --rfam if desired.
[10:20:39] Total of 21 tRNA + rRNA features
[10:20:39] Searching for CRISPR repeats
[10:20:39] Found 0 CRISPRs
[10:20:39] Predicting coding sequences
[10:20:39] Contigs total 1257744 bp, so using single mode
[10:20:39] Running: prodigal -i \.\.\/\.\.\/Data\/Chen_Analysis\/Prokka\/Bacteria\/GOMC\.bin\.16074\/GOMC\.bin\.16074\.fna -c -m -g 11 -p single -f sco -q
[10:20:40] Excluding CDS which overlaps existing RNA (tRNA) at k63_1250681:46475..47194 on + strand
[10:20:40] Excluding CDS which overlaps existing RNA (tRNA) at k63_653288:5158..6225 on - strand
[10:20:40] Found 1280 CDS
[10:20:40] Connecting features back to sequences
[10:20:40] Not using genus-specific database. Try --usegenus to enable it.
[10:20:40] Annotating CDS, please be patient.
[10:20:40] Will use 4 CPUs for similarity searching.
[10:20:40] There are still 1280 unannotated CDS left (started with 1280)
[10:20:40] Will use blast to search against /home/joao_facio/miniconda3/envs/prokka/db/kingdom/Bacteria/IS with 4 CPUs
[10:20:40] Running: cat \.\.\/\.\.\/Data\/Chen_Analysis\/Prokka\/Bacteria\/GOMC\.bin\.16074\/GOMC\.bin\.16074\.IS\.tmp\.3478612\.faa | parallel --gnu --plain -j 4 --block 49910 --recstart '>' --pipe blastp -query - -db /home/joao_facio/miniconda3/envs/prokka/db/kingdom/Bacteria/IS -evalue 1e-30 -qcov_hsp_perc 90 -num_threads 1 -num_descriptions 1 -num_alignments 1 -seg no > \.\.\/\.\.\/Data\/Chen_Analysis\/Prokka\/Bacteria\/GOMC\.bin\.16074\/GOMC\.bin\.16074\.IS\.tmp\.3478612\.blast 2> /dev/null
[10:20:44] Deleting unwanted file: ../../Data/Chen_Analysis/Prokka/Bacteria/GOMC.bin.16074/GOMC.bin.16074.IS.tmp.3478612.faa
[10:20:44] Deleting unwanted file: ../../Data/Chen_Analysis/Prokka/Bacteria/GOMC.bin.16074/GOMC.bin.16074.IS.tmp.3478612.blast
[10:20:44] There are still 1279 unannotated CDS left (started with 1280)
[10:20:44] Will use blast to search against /home/joao_facio/miniconda3/envs/prokka/db/kingdom/Bacteria/AMR with 4 CPUs
[10:20:44] Running: cat \.\.\/\.\.\/Data\/Chen_Analysis\/Prokka\/Bacteria\/GOMC\.bin\.16074\/GOMC\.bin\.16074\.AMR\.tmp\.3478612\.faa | parallel --gnu --plain -j 4 --block 49890 --recstart '>' --pipe blastp -query - -db /home/joao_facio/miniconda3/envs/prokka/db/kingdom/Bacteria/AMR -evalue 1e-300 -qcov_hsp_perc 90 -num_threads 1 -num_descriptions 1 -num_alignments 1 -seg no > \.\.\/\.\.\/Data\/Chen_Analysis\/Prokka\/Bacteria\/GOMC\.bin\.16074\/GOMC\.bin\.16074\.AMR\.tmp\.3478612\.blast 2> /dev/null
[10:20:47] Deleting unwanted file: ../../Data/Chen_Analysis/Prokka/Bacteria/GOMC.bin.16074/GOMC.bin.16074.AMR.tmp.3478612.faa
[10:20:47] Deleting unwanted file: ../../Data/Chen_Analysis/Prokka/Bacteria/GOMC.bin.16074/GOMC.bin.16074.AMR.tmp.3478612.blast
[10:20:47] There are still 1279 unannotated CDS left (started with 1280)
[10:20:47] Will use blast to search against /home/joao_facio/miniconda3/envs/prokka/db/kingdom/Bacteria/sprot with 4 CPUs
[10:20:47] Running: cat \.\.\/\.\.\/Data\/Chen_Analysis\/Prokka\/Bacteria\/GOMC\.bin\.16074\/GOMC\.bin\.16074\.sprot\.tmp\.3478612\.faa | parallel --gnu --plain -j 4 --block 49890 --recstart '>' --pipe blastp -query - -db /home/joao_facio/miniconda3/envs/prokka/db/kingdom/Bacteria/sprot -evalue 1e-09 -qcov_hsp_perc 80 -num_threads 1 -num_descriptions 1 -num_alignments 1 -seg no > \.\.\/\.\.\/Data\/Chen_Analysis\/Prokka\/Bacteria\/GOMC\.bin\.16074\/GOMC\.bin\.16074\.sprot\.tmp\.3478612\.blast 2> /dev/null
[10:21:03] Modify product: UPF0701 protein YicC => hypothetical protein
[10:21:03] Modify product: Putative formate dehydrogenase SA2102 => Putative formate dehydrogenase
[10:21:03] Modify product: Putative multidrug export ATP-binding/permease protein SAV1866 => Putative multidrug export ATP-binding/permease protein
[10:21:03] Modify product: Cytochrome b561 homolog 2 => Cytochrome b561 
[10:21:03] Modify product: Acetyltransferase SACOL1063 => Acetyltransferase
[10:21:03] Modify product: Probable transcriptional regulatory protein CBU_1566 => putative transcriptional regulatory protein
[10:21:03] Modify product: Uncharacterized ABC transporter ATP-binding protein YbiT => putative ABC transporter ATP-binding protein YbiT
[10:21:03] Modify product: UPF0307 protein YjgA => hypothetical protein
[10:21:03] Modify product: Probable Fe(2+)-trafficking protein => putative Fe(2+)-trafficking protein
[10:21:03] Modify product: Phosphate-specific transport system accessory protein PhoU homolog => Phosphate-specific transport system accessory protein PhoU 
[10:21:03] Modify product: Uncharacterized metal-dependent hydrolase YjjV => putative metal-dependent hydrolase YjjV
[10:21:03] Modify product: Uncharacterized oxidoreductase Rv0945 => putative oxidoreductase
[10:21:04] Modify product: Probable ATP-dependent DNA helicase YoaA => putative ATP-dependent DNA helicase YoaA
[10:21:04] Modify product: Probable peptidoglycan glycosyltransferase FtsW => putative peptidoglycan glycosyltransferase FtsW
[10:21:04] Modify product: UPF0125 protein HI_0395 => hypothetical protein
[10:21:04] Modify product: Probable GTP-binding protein EngB => putative GTP-binding protein EngB
[10:21:04] Modify product: Uncharacterized ABC transporter ATP-binding protein YadG => putative ABC transporter ATP-binding protein YadG
[10:21:04] Modify product: Segregation and condensation protein B homolog => Segregation and condensation protein B 
[10:21:04] Modify product: UPF0434 protein CV_3345 => hypothetical protein
[10:21:04] Modify product: Uncharacterized protein YqeY => putative protein YqeY
[10:21:04] Modify product: Probable glycerol-3-phosphate acyltransferase => putative glycerol-3-phosphate acyltransferase
[10:21:04] Modify product: UPF0053 inner membrane protein YfjD => hypothetical protein
[10:21:04] Modify product: Probable phosphatase Rv3661 => putative phosphatase
[10:21:04] Modify product: Probable TonB-dependent receptor NMB0964 => putative TonB-dependent receptor
[10:21:04] Modify product: Probable DNA endonuclease SmrA => putative DNA endonuclease SmrA
[10:21:04] Modify product: Probable 3-phenylpropionic acid transporter => putative 3-phenylpropionic acid transporter
[10:21:04] Modify product: Probable thiol:disulfide interchange protein DsbC => putative thiol:disulfide interchange protein DsbC
[10:21:04] Modify product: Uncharacterized protein YibN => putative protein YibN
[10:21:04] Modify product: Probable lipid II flippase MurJ => putative lipid II flippase MurJ
[10:21:04] Modify product: Stringent starvation protein B homolog => Stringent starvation protein B 
[10:21:04] Modify product: UPF0234 protein HI_1034 => hypothetical protein
[10:21:04] Modify product: Probable chromosome-partitioning protein ParB => putative chromosome-partitioning protein ParB
[10:21:04] Modify product: Uncharacterized sugar transferase EpsL => putative sugar transferase EpsL
[10:21:04] Modify product: Uncharacterized zinc protease Rv2782c => putative zinc protease
[10:21:04] Modify product: Uncharacterized zinc protease Rv2782c => putative zinc protease
[10:21:04] Modify product: Probable protein kinase UbiB => putative protein kinase UbiB
[10:21:04] Modify product: Uncharacterized metal-dependent hydrolase YcfH => putative metal-dependent hydrolase YcfH
[10:21:04] Modify product: Probable D,D-dipeptide transport system permease protein DdpC => putative D,D-dipeptide transport system permease protein DdpC
[10:21:04] Cleaned 38 /product names
[10:21:04] Deleting unwanted file: ../../Data/Chen_Analysis/Prokka/Bacteria/GOMC.bin.16074/GOMC.bin.16074.sprot.tmp.3478612.faa
[10:21:04] Deleting unwanted file: ../../Data/Chen_Analysis/Prokka/Bacteria/GOMC.bin.16074/GOMC.bin.16074.sprot.tmp.3478612.blast
[10:21:04] There are still 404 unannotated CDS left (started with 1280)
[10:21:04] Will use hmmer3 to search against /home/joao_facio/miniconda3/envs/prokka/db/hmm/HAMAP.hmm with 4 CPUs
[10:21:04] Running: cat \.\.\/\.\.\/Data\/Chen_Analysis\/Prokka\/Bacteria\/GOMC\.bin\.16074\/GOMC\.bin\.16074\.HAMAP\.hmm\.tmp\.3478612\.faa | parallel --gnu --plain -j 4 --block 13325 --recstart '>' --pipe hmmscan --noali --notextw --acc -E 1e-09 --cpu 1 /home/joao_facio/miniconda3/envs/prokka/db/hmm/HAMAP.hmm /dev/stdin > \.\.\/\.\.\/Data\/Chen_Analysis\/Prokka\/Bacteria\/GOMC\.bin\.16074\/GOMC\.bin\.16074\.HAMAP\.hmm\.tmp\.3478612\.hmmer3 2> /dev/null
[10:21:07] Deleting unwanted file: ../../Data/Chen_Analysis/Prokka/Bacteria/GOMC.bin.16074/GOMC.bin.16074.HAMAP.hmm.tmp.3478612.faa
[10:21:07] Deleting unwanted file: ../../Data/Chen_Analysis/Prokka/Bacteria/GOMC.bin.16074/GOMC.bin.16074.HAMAP.hmm.tmp.3478612.hmmer3
[10:21:07] Labelling remaining 324 proteins as 'hypothetical protein'
[10:21:07] Possible /pseudo 'Green-light absorbing proteorhodopsin' at k63_1250681 position 1831
[10:21:07] Possible /pseudo 'Ribosomal RNA small subunit methyltransferase H' at k63_670212 position 19263
[10:21:07] Possible /pseudo 'Cysteine desulfurase IscS' at k63_1300398 position 4887
[10:21:07] Possible /pseudo 'putative zinc protease' at k63_850957 position 37597
[10:21:07] Found 865 unique /gene codes.
[10:21:07] Fixed 3 duplicate /gene - fabG_1 fabG_2 fabG_3
[10:21:07] Fixed 3 duplicate /gene - cpoB_1 cpoB_2 cpoB_3
[10:21:07] Fixed 2 duplicate /gene - hisC_1 hisC_2
[10:21:07] Fixed 3 duplicate /gene - hldE_1 hldE_2 hldE_3
[10:21:07] Fixed 2 duplicate /gene - rpiA_1 rpiA_2
[10:21:07] Fixed 2 duplicate /gene - greB_1 greB_2
[10:21:07] Fixed 2 duplicate /gene - rffG_1 rffG_2
[10:21:07] Fixed 2 duplicate /gene - btuB_1 btuB_2
[10:21:07] Fixed 2 duplicate /gene - uvrY_1 uvrY_2
[10:21:07] Fixed 2 duplicate /gene - gph_1 gph_2
[10:21:07] Fixed 2 duplicate /gene - drgA_1 drgA_2
[10:21:07] Fixed 2 duplicate /gene - xylB_1 xylB_2
[10:21:07] Fixed 2 duplicate /gene - rsmB_1 rsmB_2
[10:21:07] Fixed 2 duplicate /gene - bcp_1 bcp_2
[10:21:07] Fixed 2 duplicate /gene - ruvB_1 ruvB_2
[10:21:07] Fixed 2 duplicate /gene - pglK_1 pglK_2
[10:21:07] Fixed 2 duplicate /gene - rsmH_1 rsmH_2
[10:21:07] Fixed 2 duplicate /gene - sasA_1 sasA_2
[10:21:07] Fixed 2 duplicate /gene - resA_1 resA_2
[10:21:07] Fixed 2 duplicate /gene - fpr_1 fpr_2
[10:21:07] Fixed 2 duplicate /gene - galE_1 galE_2
[10:21:07] Fixed 2 duplicate /gene - COQ3_1 COQ3_2
[10:21:07] Fixed 2 duplicate /gene - rsmI_1 rsmI_2
[10:21:07] Fixed 2 duplicate /gene - appA_1 appA_2
[10:21:07] Fixed 2 duplicate /gene - acoA_1 acoA_2
[10:21:07] Fixed 3 duplicate /gene - hldD_1 hldD_2 hldD_3
[10:21:07] Fixed 2 duplicate /gene - iscS_1 iscS_2
[10:21:07] Fixed 2 duplicate /gene - yliI_1 yliI_2
[10:21:07] Fixed 2 duplicate /gene - thiE_1 thiE_2
[10:21:07] Fixed 2 duplicate /gene - crtB_1 crtB_2
[10:21:07] Fixed 2 duplicate /gene - gmhA_1 gmhA_2
[10:21:07] Fixed 2 duplicate /gene - panB_1 panB_2
[10:21:07] Fixed 2 duplicate /gene - amtB_1 amtB_2
[10:21:07] Fixed 2 duplicate /gene - fdx_1 fdx_2
[10:21:07] Fixed 2 duplicate /gene - phrB_1 phrB_2
[10:21:07] Fixed 2 duplicate /gene - rpsD_1 rpsD_2
[10:21:07] Fixed 2 duplicate /gene - atpH_1 atpH_2
[10:21:07] Fixed 2 duplicate /gene - moaA_1 moaA_2
[10:21:07] Fixed 3 duplicate /gene - bepA_1 bepA_2 bepA_3
[10:21:07] Fixed 2 duplicate /gene - pepA_1 pepA_2
[10:21:07] Fixed 40 colliding /gene names.
[10:21:07] Adding /locus_tag identifiers
[10:21:07] Assigned 1301 locus_tags to CDS and RNA features.
[10:21:07] Writing outputs to ../../Data/Chen_Analysis/Prokka/Bacteria/GOMC.bin.16074/
[10:21:08] Generating annotation statistics file
[10:21:08] Generating Genbank and Sequin files
[10:21:08] Running: tbl2asn -V b -a r10k -l paired-ends -M n -N 1 -y 'Annotated using prokka 1.14.6 from https://github.com/tseemann/prokka' -Z \.\.\/\.\.\/Data\/Chen_Analysis\/Prokka\/Bacteria\/GOMC\.bin\.16074\/GOMC\.bin\.16074\.err -i \.\.\/\.\.\/Data\/Chen_Analysis\/Prokka\/Bacteria\/GOMC\.bin\.16074\/GOMC\.bin\.16074\.fsa 2> /dev/null
[10:21:09] Deleting unwanted file: ../../Data/Chen_Analysis/Prokka/Bacteria/GOMC.bin.16074/errorsummary.val
[10:21:09] Deleting unwanted file: ../../Data/Chen_Analysis/Prokka/Bacteria/GOMC.bin.16074/GOMC.bin.16074.dr
[10:21:09] Deleting unwanted file: ../../Data/Chen_Analysis/Prokka/Bacteria/GOMC.bin.16074/GOMC.bin.16074.fixedproducts
[10:21:09] Deleting unwanted file: ../../Data/Chen_Analysis/Prokka/Bacteria/GOMC.bin.16074/GOMC.bin.16074.ecn
[10:21:09] Deleting unwanted file: ../../Data/Chen_Analysis/Prokka/Bacteria/GOMC.bin.16074/GOMC.bin.16074.val
[10:21:09] Repairing broken .GBK output that tbl2asn produces...
[10:21:09] Running: sed 's/COORDINATES: profile/COORDINATES:profile/' < \.\.\/\.\.\/Data\/Chen_Analysis\/Prokka\/Bacteria\/GOMC\.bin\.16074\/GOMC\.bin\.16074\.gbf > \.\.\/\.\.\/Data\/Chen_Analysis\/Prokka\/Bacteria\/GOMC\.bin\.16074\/GOMC\.bin\.16074\.gbk
[10:21:09] Deleting unwanted file: ../../Data/Chen_Analysis/Prokka/Bacteria/GOMC.bin.16074/GOMC.bin.16074.gbf
[10:21:09] Output files:
[10:21:09] ../../Data/Chen_Analysis/Prokka/Bacteria/GOMC.bin.16074/GOMC.bin.16074.txt
[10:21:09] ../../Data/Chen_Analysis/Prokka/Bacteria/GOMC.bin.16074/GOMC.bin.16074.log
[10:21:09] ../../Data/Chen_Analysis/Prokka/Bacteria/GOMC.bin.16074/GOMC.bin.16074.ffn
[10:21:09] ../../Data/Chen_Analysis/Prokka/Bacteria/GOMC.bin.16074/GOMC.bin.16074.tbl
[10:21:09] ../../Data/Chen_Analysis/Prokka/Bacteria/GOMC.bin.16074/GOMC.bin.16074.sqn
[10:21:09] ../../Data/Chen_Analysis/Prokka/Bacteria/GOMC.bin.16074/GOMC.bin.16074.err
[10:21:09] ../../Data/Chen_Analysis/Prokka/Bacteria/GOMC.bin.16074/GOMC.bin.16074.tsv
[10:21:09] ../../Data/Chen_Analysis/Prokka/Bacteria/GOMC.bin.16074/GOMC.bin.16074.gff
[10:21:09] ../../Data/Chen_Analysis/Prokka/Bacteria/GOMC.bin.16074/GOMC.bin.16074.fna
[10:21:09] ../../Data/Chen_Analysis/Prokka/Bacteria/GOMC.bin.16074/GOMC.bin.16074.gbk
[10:21:09] ../../Data/Chen_Analysis/Prokka/Bacteria/GOMC.bin.16074/GOMC.bin.16074.fsa
[10:21:09] ../../Data/Chen_Analysis/Prokka/Bacteria/GOMC.bin.16074/GOMC.bin.16074.faa
[10:21:09] Annotation finished successfully.
[10:21:09] Walltime used: 0.52 minutes
[10:21:09] If you use this result please cite the Prokka paper:
[10:21:09] Seemann T (2014) Prokka: rapid prokaryotic genome annotation. Bioinformatics. 30(14):2068-9.
[10:21:09] Type 'prokka --citation' for more details.
[10:21:09] Share and enjoy!
