[09:25:35] This is prokka 1.14.6
[09:25:35] Written by Torsten Seemann <torsten.seemann@gmail.com>
[09:25:35] Homepage is https://github.com/tseemann/prokka
[09:25:35] Local time is Mon Dec  1 09:25:35 2025
[09:25:35] You are joao_facio
[09:25:35] Operating system is linux
[09:25:35] You have BioPerl 1.7.8
[09:25:35] System has 12 cores.
[09:25:35] Will use maximum of 4 cores.
[09:25:35] Annotating as >>> Bacteria <<<
[09:25:35] Generating locus_tag from '/tmp/tmp6gns85ah/GOMC.bin.10460.fa' contents.
[09:25:35] Setting --locustag HMDNJGBB from MD5 16d730bb06ed8a1519fac299f70ef34c
[09:25:35] Creating new output folder: ../../Data/Chen_Analysis/Prokka/Bacteria/GOMC.bin.10460
[09:25:35] Running: mkdir -p \.\.\/\.\.\/Data\/Chen_Analysis\/Prokka\/Bacteria\/GOMC\.bin\.10460
[09:25:35] Using filename prefix: GOMC.bin.10460.XXX
[09:25:35] Setting HMMER_NCPU=1
[09:25:35] Writing log to: ../../Data/Chen_Analysis/Prokka/Bacteria/GOMC.bin.10460/GOMC.bin.10460.log
[09:25:35] Command: /home/joao_facio/miniconda3/envs/prokka/bin/prokka --outdir ../../Data/Chen_Analysis/Prokka/Bacteria/GOMC.bin.10460 --prefix GOMC.bin.10460 --kingdom Bacteria --genus PZPK01 --strain GOMC.bin.10460 --cpus 4 --force /tmp/tmp6gns85ah/GOMC.bin.10460.fa
[09:25:35] Appending to PATH: /home/joao_facio/miniconda3/envs/prokka/bin
[09:25:35] Looking for 'aragorn' - found /home/joao_facio/miniconda3/envs/prokka/bin/aragorn
[09:25:35] Determined aragorn version is 001002 from 'ARAGORN v1.2.41 Dean Laslett'
[09:25:35] Looking for 'barrnap' - found /home/joao_facio/miniconda3/envs/prokka/bin/barrnap
[09:25:35] Determined barrnap version is 000009 from 'barrnap 0.9'
[09:25:35] Looking for 'blastp' - found /home/joao_facio/miniconda3/envs/prokka/bin/blastp
[09:25:35] Determined blastp version is 002016 from 'blastp: 2.16.0+'
[09:25:35] Looking for 'cmpress' - found /home/joao_facio/miniconda3/envs/prokka/bin/cmpress
[09:25:35] Determined cmpress version is 001001 from '# INFERNAL 1.1.5 (Sep 2023)'
[09:25:35] Looking for 'cmscan' - found /home/joao_facio/miniconda3/envs/prokka/bin/cmscan
[09:25:35] Determined cmscan version is 001001 from '# INFERNAL 1.1.5 (Sep 2023)'
[09:25:35] Looking for 'egrep' - found /usr/bin/egrep
[09:25:35] Looking for 'find' - found /usr/bin/find
[09:25:35] Looking for 'grep' - found /usr/bin/grep
[09:25:35] Looking for 'hmmpress' - found /home/joao_facio/miniconda3/envs/prokka/bin/hmmpress
[09:25:35] Determined hmmpress version is 003004 from '# HMMER 3.4 (Aug 2023); http://hmmer.org/'
[09:25:35] Looking for 'hmmscan' - found /home/joao_facio/miniconda3/envs/prokka/bin/hmmscan
[09:25:35] Determined hmmscan version is 003004 from '# HMMER 3.4 (Aug 2023); http://hmmer.org/'
[09:25:35] Looking for 'java' - found /home/joao_facio/miniconda3/envs/prokka/bin/java
[09:25:35] Looking for 'makeblastdb' - found /home/joao_facio/miniconda3/envs/prokka/bin/makeblastdb
[09:25:35] Determined makeblastdb version is 002016 from 'makeblastdb: 2.16.0+'
[09:25:35] Looking for 'minced' - found /home/joao_facio/miniconda3/envs/prokka/bin/minced
[09:25:35] Determined minced version is 004002 from 'minced 0.4.2'
[09:25:35] Looking for 'parallel' - found /home/joao_facio/miniconda3/envs/prokka/bin/parallel
[09:25:35] Determined parallel version is 20251122 from 'GNU parallel 20251122'
[09:25:35] Looking for 'prodigal' - found /home/joao_facio/miniconda3/envs/prokka/bin/prodigal
[09:25:35] Determined prodigal version is 002006 from 'Prodigal V2.6.3: February, 2016'
[09:25:35] Looking for 'prokka-genbank_to_fasta_db' - found /home/joao_facio/miniconda3/envs/prokka/bin/prokka-genbank_to_fasta_db
[09:25:35] Looking for 'sed' - found /usr/bin/sed
[09:25:35] Looking for 'tbl2asn' - found /home/joao_facio/miniconda3/envs/prokka/bin/tbl2asn
[09:25:35] Determined tbl2asn version is 025007 from 'tbl2asn 25.7   arguments:'
[09:25:35] Using genetic code table 11.
[09:25:35] Loading and checking input file: /tmp/tmp6gns85ah/GOMC.bin.10460.fa
[09:25:35] Wrote 211 contigs totalling 2815602 bp.
[09:25:35] Predicting tRNAs and tmRNAs
[09:25:35] Running: aragorn -l -gc11  -w \.\.\/\.\.\/Data\/Chen_Analysis\/Prokka\/Bacteria\/GOMC\.bin\.10460\/GOMC\.bin\.10460\.fna
[09:25:35] 1 tRNA-Lys c[4,79] 34 (ttt)
[09:25:35] 1 tRNA-Met c[5562,5638] 35 (cat)
[09:25:35] 2 tRNA-Gln c[9417,9491] 33 (ttg)
[09:25:35] 1 tRNA-Ala [26053,26128] 34 (ggc)
[09:25:35] 1 tRNA-Leu c[5690,5774] 35 (caa)
[09:25:35] 1 tRNA-Pro [22967,23043] 35 (ggg)
[09:25:35] 1 tRNA-Met c[2,78] 35 (cat)
[09:25:35] 1 tRNA-Arg [6208,6284] 35 (cct)
[09:25:35] 1 tRNA-Cys [145,218] 33 (gca)
[09:25:35] 2 tRNA-Leu [264,350] 35 (taa)
[09:25:36] 1 tRNA-Phe [10316,10391] 34 (gaa)
[09:25:36] 1 tmRNA [10370,10724] 95,127 ANDESYSLAA*
[09:25:36] 1 tRNA-Arg c[15239,15315] 35 (tcg)
[09:25:36] 2 tRNA-Arg c[15345,15421] 35 (acg)
[09:25:36] 3 tRNA-Ser c[15463,15552] 35 (gct)
[09:25:36] 1 tRNA-Arg [127,203] 35 (tct)
[09:25:36] 2 tRNA-His [262,337] 34 (gtg)
[09:25:36] 3 tRNA-Leu [392,476] 35 (tag)
[09:25:36] 1 tRNA-Leu [12600,12686] 35 (gag)
[09:25:36] 1 tRNA-Val c[626,702] 35 (gac)
[09:25:36] Found 20 tRNAs
[09:25:36] Predicting Ribosomal RNAs
[09:25:36] Running Barrnap with 4 threads
[09:25:36] Found 0 rRNAs
[09:25:36] Skipping ncRNA search, enable with --rfam if desired.
[09:25:36] Total of 19 tRNA + rRNA features
[09:25:36] Searching for CRISPR repeats
[09:25:36] Found 0 CRISPRs
[09:25:36] Predicting coding sequences
[09:25:36] Contigs total 2815602 bp, so using single mode
[09:25:36] Running: prodigal -i \.\.\/\.\.\/Data\/Chen_Analysis\/Prokka\/Bacteria\/GOMC\.bin\.10460\/GOMC\.bin\.10460\.fna -c -m -g 11 -p single -f sco -q
[09:25:38] Found 2506 CDS
[09:25:38] Connecting features back to sequences
[09:25:38] Not using genus-specific database. Try --usegenus to enable it.
[09:25:38] Annotating CDS, please be patient.
[09:25:38] Will use 4 CPUs for similarity searching.
[09:25:38] There are still 2506 unannotated CDS left (started with 2506)
[09:25:38] Will use blast to search against /home/joao_facio/miniconda3/envs/prokka/db/kingdom/Bacteria/IS with 4 CPUs
[09:25:38] Running: cat \.\.\/\.\.\/Data\/Chen_Analysis\/Prokka\/Bacteria\/GOMC\.bin\.10460\/GOMC\.bin\.10460\.IS\.tmp\.3369327\.faa | parallel --gnu --plain -j 4 --block 100351 --recstart '>' --pipe blastp -query - -db /home/joao_facio/miniconda3/envs/prokka/db/kingdom/Bacteria/IS -evalue 1e-30 -qcov_hsp_perc 90 -num_threads 1 -num_descriptions 1 -num_alignments 1 -seg no > \.\.\/\.\.\/Data\/Chen_Analysis\/Prokka\/Bacteria\/GOMC\.bin\.10460\/GOMC\.bin\.10460\.IS\.tmp\.3369327\.blast 2> /dev/null
[09:25:46] Deleting unwanted file: ../../Data/Chen_Analysis/Prokka/Bacteria/GOMC.bin.10460/GOMC.bin.10460.IS.tmp.3369327.faa
[09:25:46] Deleting unwanted file: ../../Data/Chen_Analysis/Prokka/Bacteria/GOMC.bin.10460/GOMC.bin.10460.IS.tmp.3369327.blast
[09:25:46] There are still 2499 unannotated CDS left (started with 2506)
[09:25:46] Will use blast to search against /home/joao_facio/miniconda3/envs/prokka/db/kingdom/Bacteria/AMR with 4 CPUs
[09:25:46] Running: cat \.\.\/\.\.\/Data\/Chen_Analysis\/Prokka\/Bacteria\/GOMC\.bin\.10460\/GOMC\.bin\.10460\.AMR\.tmp\.3369327\.faa | parallel --gnu --plain -j 4 --block 100110 --recstart '>' --pipe blastp -query - -db /home/joao_facio/miniconda3/envs/prokka/db/kingdom/Bacteria/AMR -evalue 1e-300 -qcov_hsp_perc 90 -num_threads 1 -num_descriptions 1 -num_alignments 1 -seg no > \.\.\/\.\.\/Data\/Chen_Analysis\/Prokka\/Bacteria\/GOMC\.bin\.10460\/GOMC\.bin\.10460\.AMR\.tmp\.3369327\.blast 2> /dev/null
[09:25:52] Deleting unwanted file: ../../Data/Chen_Analysis/Prokka/Bacteria/GOMC.bin.10460/GOMC.bin.10460.AMR.tmp.3369327.faa
[09:25:52] Deleting unwanted file: ../../Data/Chen_Analysis/Prokka/Bacteria/GOMC.bin.10460/GOMC.bin.10460.AMR.tmp.3369327.blast
[09:25:53] There are still 2498 unannotated CDS left (started with 2506)
[09:25:53] Will use blast to search against /home/joao_facio/miniconda3/envs/prokka/db/kingdom/Bacteria/sprot with 4 CPUs
[09:25:53] Running: cat \.\.\/\.\.\/Data\/Chen_Analysis\/Prokka\/Bacteria\/GOMC\.bin\.10460\/GOMC\.bin\.10460\.sprot\.tmp\.3369327\.faa | parallel --gnu --plain -j 4 --block 99978 --recstart '>' --pipe blastp -query - -db /home/joao_facio/miniconda3/envs/prokka/db/kingdom/Bacteria/sprot -evalue 1e-09 -qcov_hsp_perc 80 -num_threads 1 -num_descriptions 1 -num_alignments 1 -seg no > \.\.\/\.\.\/Data\/Chen_Analysis\/Prokka\/Bacteria\/GOMC\.bin\.10460\/GOMC\.bin\.10460\.sprot\.tmp\.3369327\.blast 2> /dev/null
[09:26:25] Modify product: GTP cyclohydrolase 1 type 2 homolog => GTP cyclohydrolase 1 type 2 
[09:26:25] Modify product: Putative diacyglycerol O-acyltransferase Rv1760 => Putative diacyglycerol O-acyltransferase
[09:26:25] Modify product: Uncharacterized protein PA3922 => putative protein
[09:26:25] Modify product: Uncharacterized protein YqeY => putative protein YqeY
[09:26:25] Modify product: Zinc-type alcohol dehydrogenase-like protein SA1988 => Zinc-type alcohol dehydrogenase-like protein
[09:26:25] Modify product: Uncharacterized ABC transporter ATP-binding protein YheS => putative ABC transporter ATP-binding protein YheS
[09:26:25] Modify product: Probable protein kinase UbiB => putative protein kinase UbiB
[09:26:25] Modify product: Probable glycine dehydrogenase (decarboxylating) subunit 1 => putative glycine dehydrogenase (decarboxylating) subunit 1
[09:26:25] Modify product: Probable glycine dehydrogenase (decarboxylating) subunit 2 => putative glycine dehydrogenase (decarboxylating) subunit 2
[09:26:25] Modify product: Probable 3-phenylpropionic acid transporter => putative 3-phenylpropionic acid transporter
[09:26:25] Modify product: Uncharacterized protein PA3922 => putative protein
[09:26:25] Modify product: Probable acyltransferase YihG => putative acyltransferase YihG
[09:26:25] Modify product: Uncharacterized ABC transporter ATP-binding protein YbiT => putative ABC transporter ATP-binding protein YbiT
[09:26:25] Modify product: Uncharacterized HTH-type transcriptional regulator Rv1395 => putative HTH-type transcriptional regulator
[09:26:25] Modify product: UPF0234 protein XC_3703 => hypothetical protein
[09:26:25] Modify product: Uncharacterized protein YcbX => putative protein YcbX
[09:26:25] Modify product: UPF0053 inner membrane protein YfjD => hypothetical protein
[09:26:25] Modify product: Uncharacterized protein HI_0103 => putative protein
[09:26:25] Modify product: Uncharacterized protein HI_0431 => putative protein
[09:26:25] Modify product: Uncharacterized HTH-type transcriptional regulator Rv1395 => putative HTH-type transcriptional regulator
[09:26:25] Modify product: Probable transcriptional regulatory protein YeeN => putative transcriptional regulatory protein YeeN
[09:26:25] Modify product: Putative polysaccharide biosynthesis protein with aminopeptidase-like domain => Putative polysaccharide biosynthesis protein with aminopeptidase-like domain protein
[09:26:25] Modify product: Uncharacterized protein Rv0502 => putative protein
[09:26:25] Modify product: Probable protease SohB => putative protease SohB
[09:26:25] Modify product: UPF0225 protein YchJ => hypothetical protein
[09:26:25] Modify product: Cytochrome b561 homolog 2 => Cytochrome b561 
[09:26:25] Modify product: Uncharacterized protein YciH => putative protein YciH
[09:26:25] Modify product: Putative trans-acting enoyl reductase Rv2449c => Putative trans-acting enoyl reductase
[09:26:25] Modify product: UPF0438 protein YifE => hypothetical protein
[09:26:25] Modify product: Uncharacterized protein YfgD => putative protein YfgD
[09:26:25] Modify product: UPF0758 protein YsxA => hypothetical protein
[09:26:25] Modify product: Probable GTP-binding protein EngB => putative GTP-binding protein EngB
[09:26:26] Modify product: UPF0382 membrane protein YwdK => hypothetical protein
[09:26:26] Modify product: UPF0102 protein RPA0323 => hypothetical protein
[09:26:26] Modify product: Uncharacterized metal-dependent hydrolase YjjV => putative metal-dependent hydrolase YjjV
[09:26:26] Modify product: Putative multidrug export ATP-binding/permease protein SAV1866 => Putative multidrug export ATP-binding/permease protein
[09:26:26] Modify product: Probable cysteine desulfurase => putative cysteine desulfurase
[09:26:26] Modify product: Putative acyltransferase Rv0859 => Putative acyltransferase
[09:26:26] Modify product: Monocarboxylate 2-oxoacid-binding periplasmic protein all3028 => Monocarboxylate 2-oxoacid-binding periplasmic protein
[09:26:26] Modify product: Uncharacterized acyl-CoA thioester hydrolase HI_0827 => putative acyl-CoA thioester hydrolase
[09:26:26] Modify product: Probable ABC transporter phosphite binding protein PhnD1 => putative ABC transporter phosphite binding protein PhnD1
[09:26:26] Modify product: Probable nitrate transporter NarT => putative nitrate transporter NarT
[09:26:26] Modify product: Ribonuclease TTHA0252 => Ribonuclease
[09:26:26] Modify product: Uncharacterized protein HI_0933 => putative protein
[09:26:26] Modify product: Bifunctional protein FolD => Bifunctional protein FolD protein
[09:26:26] Modify product: Putative low molecular weight protein-tyrosine-phosphatase slr0328 => Putative low molecular weight protein-tyrosine-phosphatase
[09:26:26] Modify product: UPF0434 protein PFL_1779 => hypothetical protein
[09:26:26] Modify product: UPF0056 inner membrane protein MarC => hypothetical protein
[09:26:26] Modify product: Probable malate:quinone oxidoreductase 1 => putative malate:quinone oxidoreductase 1
[09:26:26] Modify product: Probable lipid II flippase MurJ => putative lipid II flippase MurJ
[09:26:26] Modify product: Cyclic di-GMP phosphodiesterase PA4108 => Cyclic di-GMP phosphodiesterase
[09:26:26] Modify product: Probable ATP-dependent transporter SufC => putative ATP-dependent transporter SufC
[09:26:26] Modify product: Probable oxidoreductase EphD => putative oxidoreductase EphD
[09:26:26] Modify product: Probable iron export permease protein FetB => putative iron export permease protein FetB
[09:26:26] Modify product: Uncharacterized protein NMB0459 => putative protein
[09:26:26] Modify product: UPF0701 protein YicC => hypothetical protein
[09:26:26] Modify product: Probable membrane transporter protein YfcA => putative membrane transporter protein YfcA
[09:26:26] Modify product: Uncharacterized HTH-type transcriptional regulator Rv1395 => putative HTH-type transcriptional regulator
[09:26:26] Modify product: Putative multidrug export ATP-binding/permease protein SAV1866 => Putative multidrug export ATP-binding/permease protein
[09:26:26] Modify product: Putative short-chain type dehydrogenase/reductase Rv0148 => Putative short-chain type dehydrogenase/reductase
[09:26:26] Modify product: UPF0060 membrane protein YnfA => hypothetical protein
[09:26:26] Modify product: UPF0178 protein YaiI => hypothetical protein
[09:26:26] Modify product: Uncharacterized ABC transporter ATP-binding protein YbiT => putative ABC transporter ATP-binding protein YbiT
[09:26:26] Modify product: UPF0307 protein PSPTO_4464 => hypothetical protein
[09:26:26] Modify product: GTP cyclohydrolase 1 type 2 homolog => GTP cyclohydrolase 1 type 2 
[09:26:26] Modify product: Probable phosphite transport system-binding protein PtxB => putative phosphite transport system-binding protein PtxB
[09:26:26] Modify product: Stress response UPF0229 protein YhbH => hypothetical protein
[09:26:26] Modify product: Uncharacterized protein YcgM => putative protein YcgM
[09:26:26] Modify product: Uncharacterized FAD-linked oxidoreductase Rv2280 => putative FAD-linked oxidoreductase
[09:26:26] Modify product: Probable peptidoglycan glycosyltransferase FtsW => putative peptidoglycan glycosyltransferase FtsW
[09:26:26] Modify product: Probable soluble pyridine nucleotide transhydrogenase => putative soluble pyridine nucleotide transhydrogenase
[09:26:26] Modify product: Uncharacterized protein Rv0647c => putative protein
[09:26:26] Modify product: Probable chromosome-partitioning protein ParB => putative chromosome-partitioning protein ParB
[09:26:26] Modify product: Probable DNA endonuclease SmrA => putative DNA endonuclease SmrA
[09:26:26] Modify product: Uncharacterized protein HI_0755 => putative protein
[09:26:26] Modify product: Probable Fe(2+)-trafficking protein => putative Fe(2+)-trafficking protein
[09:26:26] Modify product: Uncharacterized protein YaeQ => putative protein YaeQ
[09:26:26] Modify product: Probable cardiolipin synthase YwiE => putative cardiolipin synthase YwiE
[09:26:26] Modify product: UPF0126 inner membrane protein YadS => hypothetical protein
[09:26:26] Modify product: Cyclic di-GMP phosphodiesterase PA4108 => Cyclic di-GMP phosphodiesterase
[09:26:26] Modify product: Cyclic diguanosine monophosphate-binding protein PA4608 => Cyclic diguanosine monophosphate-binding protein
[09:26:26] Modify product: UPF0125 protein HI_0395 => hypothetical protein
[09:26:26] Modify product: Probable bifunctional SAT/APS kinase => putative bifunctional SAT/APS kinase
[09:26:26] Modify product: Probable protein adenylyltransferase Fic => putative protein adenylyltransferase Fic
[09:26:26] Modify product: Probable protease SohB => putative protease SohB
[09:26:26] Modify product: Uncharacterized oxidoreductase YciK => putative oxidoreductase YciK
[09:26:26] Modify product: Epimerase family protein SA0724 => Epimerase family protein
[09:26:26] Modify product: UPF0299 membrane protein YohJ => hypothetical protein
[09:26:26] Modify product: UPF0231 protein YacL => hypothetical protein
[09:26:26] Modify product: Uncharacterized ABC transporter ATP-binding protein YadG => putative ABC transporter ATP-binding protein YadG
[09:26:26] Modify product: Uncharacterized protein YciO => putative protein YciO
[09:26:26] Modify product: Chemotaxis protein CheY homolog => Chemotaxis protein CheY 
[09:26:26] Modify product: STAS-domain containing protein PA14_20770 => STAS-domain containing protein
[09:26:26] Modify product: Uncharacterized HTH-type transcriptional regulator Rv1395 => putative HTH-type transcriptional regulator
[09:26:26] Modify product: Uncharacterized protein YibN => putative protein YibN
[09:26:26] Modify product: Uncharacterized metal-dependent hydrolase YcfH => putative metal-dependent hydrolase YcfH
[09:26:26] Modify product: Ribonuclease TTHA0252 => Ribonuclease
[09:26:26] Modify product: Phosphate-specific transport system accessory protein PhoU homolog => Phosphate-specific transport system accessory protein PhoU 
[09:26:26] Modify product: Uncharacterized ABC transporter ATP-binding protein YadG => putative ABC transporter ATP-binding protein YadG
[09:26:26] Modify product: Uncharacterized oxidoreductase Rv1144 => putative oxidoreductase
[09:26:26] Modify product: UPF0073 inner membrane protein YqfA => hypothetical protein
[09:26:26] Modify product: UPF0301 protein AlgH => hypothetical protein
[09:26:26] Modify product: Uncharacterized oxidoreductase Rv0945 => putative oxidoreductase
[09:26:26] Modify product: Uncharacterized ABC transporter ATP-binding protein YxlF => putative ABC transporter ATP-binding protein YxlF
[09:26:26] Modify product: Uncharacterized ABC transporter ATP-binding protein YejF => putative ABC transporter ATP-binding protein YejF
[09:26:26] Cleaned 105 /product names
[09:26:26] Deleting unwanted file: ../../Data/Chen_Analysis/Prokka/Bacteria/GOMC.bin.10460/GOMC.bin.10460.sprot.tmp.3369327.faa
[09:26:26] Deleting unwanted file: ../../Data/Chen_Analysis/Prokka/Bacteria/GOMC.bin.10460/GOMC.bin.10460.sprot.tmp.3369327.blast
[09:26:26] There are still 1160 unannotated CDS left (started with 2506)
[09:26:26] Will use hmmer3 to search against /home/joao_facio/miniconda3/envs/prokka/db/hmm/HAMAP.hmm with 4 CPUs
[09:26:26] Running: cat \.\.\/\.\.\/Data\/Chen_Analysis\/Prokka\/Bacteria\/GOMC\.bin\.10460\/GOMC\.bin\.10460\.HAMAP\.hmm\.tmp\.3369327\.faa | parallel --gnu --plain -j 4 --block 42967 --recstart '>' --pipe hmmscan --noali --notextw --acc -E 1e-09 --cpu 1 /home/joao_facio/miniconda3/envs/prokka/db/hmm/HAMAP.hmm /dev/stdin > \.\.\/\.\.\/Data\/Chen_Analysis\/Prokka\/Bacteria\/GOMC\.bin\.10460\/GOMC\.bin\.10460\.HAMAP\.hmm\.tmp\.3369327\.hmmer3 2> /dev/null
[09:26:35] Modify product: Uncharacterized MFS-type transporter YcaD => putative MFS-type transporter YcaD
[09:26:35] Modify product: Uncharacterized Nudix hydrolase NudL => putative Nudix hydrolase NudL
[09:26:35] Cleaned 2 /product names
[09:26:35] Deleting unwanted file: ../../Data/Chen_Analysis/Prokka/Bacteria/GOMC.bin.10460/GOMC.bin.10460.HAMAP.hmm.tmp.3369327.faa
[09:26:35] Deleting unwanted file: ../../Data/Chen_Analysis/Prokka/Bacteria/GOMC.bin.10460/GOMC.bin.10460.HAMAP.hmm.tmp.3369327.hmmer3
[09:26:35] Labelling remaining 979 proteins as 'hypothetical protein'
[09:26:35] Possible /pseudo 'Twitching mobility protein' at k63_1071075 position 17770
[09:26:35] Possible /pseudo 'Adaptive-response sensory-kinase SasA' at k63_4998442 position 37362
[09:26:35] Possible /pseudo 'Lipase chaperone' at k63_5997891 position 15702
[09:26:35] Found 1237 unique /gene codes.
[09:26:35] Fixed 2 duplicate /gene - lnt_1 lnt_2
[09:26:35] Fixed 2 duplicate /gene - hisB_1 hisB_2
[09:26:35] Fixed 2 duplicate /gene - sctC_1 sctC_2
[09:26:35] Fixed 2 duplicate /gene - fcl_1 fcl_2
[09:26:35] Fixed 4 duplicate /gene - ubiB_1 ubiB_2 ubiB_3 ubiB_4
[09:26:35] Fixed 2 duplicate /gene - hldD_1 hldD_2
[09:26:35] Fixed 2 duplicate /gene - rplT_1 rplT_2
[09:26:35] Fixed 2 duplicate /gene - rmf_1 rmf_2
[09:26:35] Fixed 2 duplicate /gene - prs_1 prs_2
[09:26:35] Fixed 4 duplicate /gene - dmlR_1 dmlR_2 dmlR_3 dmlR_4
[09:26:35] Fixed 3 duplicate /gene - mmgC_1 mmgC_2 mmgC_3
[09:26:35] Fixed 2 duplicate /gene - resA_1 resA_2
[09:26:35] Fixed 2 duplicate /gene - leuB_1 leuB_2
[09:26:35] Fixed 2 duplicate /gene - pheA_1 pheA_2
[09:26:35] Fixed 3 duplicate /gene - tolQ_1 tolQ_2 tolQ_3
[09:26:35] Fixed 2 duplicate /gene - copA_1 copA_2
[09:26:35] Fixed 2 duplicate /gene - bepF_1 bepF_2
[09:26:35] Fixed 2 duplicate /gene - hcf136_1 hcf136_2
[09:26:35] Fixed 2 duplicate /gene - mip_1 mip_2
[09:26:35] Fixed 2 duplicate /gene - hpf_1 hpf_2
[09:26:35] Fixed 3 duplicate /gene - umuD_1 umuD_2 umuD_3
[09:26:35] Fixed 2 duplicate /gene - cheW_1 cheW_2
[09:26:35] Fixed 2 duplicate /gene - pheS_1 pheS_2
[09:26:35] Fixed 2 duplicate /gene - ubiE_1 ubiE_2
[09:26:35] Fixed 2 duplicate /gene - suhB_1 suhB_2
[09:26:35] Fixed 2 duplicate /gene - rlmL_1 rlmL_2
[09:26:35] Fixed 2 duplicate /gene - adhB_1 adhB_2
[09:26:35] Fixed 2 duplicate /gene - slyD_1 slyD_2
[09:26:35] Fixed 2 duplicate /gene - yadH_1 yadH_2
[09:26:35] Fixed 2 duplicate /gene - hisF_1 hisF_2
[09:26:35] Fixed 3 duplicate /gene - atoC_1 atoC_2 atoC_3
[09:26:35] Fixed 4 duplicate /gene - sthA_1 sthA_2 sthA_3 sthA_4
[09:26:35] Fixed 2 duplicate /gene - ftsA_1 ftsA_2
[09:26:35] Fixed 4 duplicate /gene - cheY_1 cheY_2 cheY_3 cheY_4
[09:26:35] Fixed 2 duplicate /gene - apaH_1 apaH_2
[09:26:35] Fixed 3 duplicate /gene - soj_1 soj_2 soj_3
[09:26:35] Fixed 2 duplicate /gene - phoP_1 phoP_2
[09:26:35] Fixed 2 duplicate /gene - ftsH_1 ftsH_2
[09:26:35] Fixed 4 duplicate /gene - btuD_1 btuD_2 btuD_3 btuD_4
[09:26:35] Fixed 2 duplicate /gene - amtB_1 amtB_2
[09:26:35] Fixed 2 duplicate /gene - ftsY_1 ftsY_2
[09:26:35] Fixed 2 duplicate /gene - cheA_1 cheA_2
[09:26:35] Fixed 4 duplicate /gene - rssB_1 rssB_2 rssB_3 rssB_4
[09:26:35] Fixed 4 duplicate /gene - gph_1 gph_2 gph_3 gph_4
[09:26:35] Fixed 2 duplicate /gene - moaA_1 moaA_2
[09:26:35] Fixed 2 duplicate /gene - glnK_1 glnK_2
[09:26:35] Fixed 4 duplicate /gene - pal_1 pal_2 pal_3 pal_4
[09:26:35] Fixed 2 duplicate /gene - dbpA_1 dbpA_2
[09:26:35] Fixed 2 duplicate /gene - yhhT_1 yhhT_2
[09:26:35] Fixed 4 duplicate /gene - rhlE_1 rhlE_2 rhlE_3 rhlE_4
[09:26:35] Fixed 2 duplicate /gene - fadB_1 fadB_2
[09:26:35] Fixed 2 duplicate /gene - ybiT_1 ybiT_2
[09:26:35] Fixed 2 duplicate /gene - arnC_1 arnC_2
[09:26:35] Fixed 2 duplicate /gene - murJ_1 murJ_2
[09:26:35] Fixed 2 duplicate /gene - trpD_1 trpD_2
[09:26:35] Fixed 2 duplicate /gene - pcpR_1 pcpR_2
[09:26:35] Fixed 2 duplicate /gene - yrdA_1 yrdA_2
[09:26:35] Fixed 2 duplicate /gene - umuC_1 umuC_2
[09:26:35] Fixed 2 duplicate /gene - pgsA_1 pgsA_2
[09:26:35] Fixed 2 duplicate /gene - cpoB_1 cpoB_2
[09:26:35] Fixed 2 duplicate /gene - sohB_1 sohB_2
[09:26:35] Fixed 2 duplicate /gene - cspV_1 cspV_2
[09:26:35] Fixed 2 duplicate /gene - hisC_1 hisC_2
[09:26:35] Fixed 2 duplicate /gene - leuA_1 leuA_2
[09:26:35] Fixed 2 duplicate /gene - cdgJ_1 cdgJ_2
[09:26:35] Fixed 2 duplicate /gene - acrC_1 acrC_2
[09:26:35] Fixed 3 duplicate /gene - pilT_1 pilT_2 pilT_3
[09:26:35] Fixed 2 duplicate /gene - lon_1 lon_2
[09:26:35] Fixed 2 duplicate /gene - fklB_1 fklB_2
[09:26:35] Fixed 3 duplicate /gene - epsF_1 epsF_2 epsF_3
[09:26:35] Fixed 2 duplicate /gene - sdgC_1 sdgC_2
[09:26:35] Fixed 4 duplicate /gene - speE_1 speE_2 speE_3 speE_4
[09:26:35] Fixed 2 duplicate /gene - miaA_1 miaA_2
[09:26:35] Fixed 3 duplicate /gene - menH_1 menH_2 menH_3
[09:26:35] Fixed 11 duplicate /gene - sasA_1 sasA_2 sasA_3 sasA_4 sasA_5 sasA_6 sasA_7 sasA_8 sasA_9 sasA_10 sasA_11
[09:26:35] Fixed 2 duplicate /gene - glpD_1 glpD_2
[09:26:35] Fixed 2 duplicate /gene - yadG_1 yadG_2
[09:26:35] Fixed 2 duplicate /gene - tusA_1 tusA_2
[09:26:35] Fixed 2 duplicate /gene - lifO_1 lifO_2
[09:26:35] Fixed 2 duplicate /gene - fabG_1 fabG_2
[09:26:35] Fixed 2 duplicate /gene - glpG_1 glpG_2
[09:26:35] Fixed 4 duplicate /gene - motB_1 motB_2 motB_3 motB_4
[09:26:35] Fixed 2 duplicate /gene - ppiC_1 ppiC_2
[09:26:35] Fixed 3 duplicate /gene - virS_1 virS_2 virS_3
[09:26:35] Fixed 4 duplicate /gene - crt_1 crt_2 crt_3 crt_4
[09:26:35] Fixed 3 duplicate /gene - pknD_1 pknD_2 pknD_3
[09:26:35] Fixed 2 duplicate /gene - thiE_1 thiE_2
[09:26:35] Fixed 3 duplicate /gene - cysD_1 cysD_2 cysD_3
[09:26:35] Fixed 6 duplicate /gene - bepA_1 bepA_2 bepA_3 bepA_4 bepA_5 bepA_6
[09:26:35] Fixed 2 duplicate /gene - nasD_1 nasD_2
[09:26:35] Fixed 2 duplicate /gene - cysL_1 cysL_2
[09:26:35] Fixed 3 duplicate /gene - barA_1 barA_2 barA_3
[09:26:35] Fixed 2 duplicate /gene - rnr_1 rnr_2
[09:26:35] Fixed 2 duplicate /gene - glmM_1 glmM_2
[09:26:35] Fixed 2 duplicate /gene - clpX_1 clpX_2
[09:26:35] Fixed 2 duplicate /gene - fusA_1 fusA_2
[09:26:35] Fixed 2 duplicate /gene - mshA_1 mshA_2
[09:26:35] Fixed 2 duplicate /gene - pccB_1 pccB_2
[09:26:35] Fixed 2 duplicate /gene - rho_1 rho_2
[09:26:35] Fixed 10 duplicate /gene - cheB_1 cheB_2 cheB_3 cheB_4 cheB_5 cheB_6 cheB_7 cheB_8 cheB_9 cheB_10
[09:26:35] Fixed 2 duplicate /gene - fadJ_1 fadJ_2
[09:26:35] Fixed 2 duplicate /gene - cheR_1 cheR_2
[09:26:35] Fixed 2 duplicate /gene - rpmI_1 rpmI_2
[09:26:35] Fixed 2 duplicate /gene - tktA_1 tktA_2
[09:26:35] Fixed 4 duplicate /gene - pomA_1 pomA_2 pomA_3 pomA_4
[09:26:35] Fixed 2 duplicate /gene - cysN_1 cysN_2
[09:26:35] Fixed 2 duplicate /gene - gmhA_1 gmhA_2
[09:26:35] Fixed 2 duplicate /gene - cspG_1 cspG_2
[09:26:35] Fixed 2 duplicate /gene - lpxL_1 lpxL_2
[09:26:35] Fixed 2 duplicate /gene - hscA_1 hscA_2
[09:26:35] Fixed 2 duplicate /gene - fadH_1 fadH_2
[09:26:35] Fixed 2 duplicate /gene - yfeW_1 yfeW_2
[09:26:35] Fixed 2 duplicate /gene - trmL_1 trmL_2
[09:26:35] Fixed 2 duplicate /gene - exoA_1 exoA_2
[09:26:35] Fixed 8 duplicate /gene - rcsC_1 rcsC_2 rcsC_3 rcsC_4 rcsC_5 rcsC_6 rcsC_7 rcsC_8
[09:26:35] Fixed 2 duplicate /gene - rhaR_1 rhaR_2
[09:26:35] Fixed 2 duplicate /gene - hupB_1 hupB_2
[09:26:35] Fixed 2 duplicate /gene - cueR_1 cueR_2
[09:26:35] Fixed 3 duplicate /gene - rsuA_1 rsuA_2 rsuA_3
[09:26:35] Fixed 2 duplicate /gene - fadA_1 fadA_2
[09:26:35] Fixed 2 duplicate /gene - wax-dgaT_1 wax-dgaT_2
[09:26:35] Fixed 2 duplicate /gene - pepA_1 pepA_2
[09:26:35] Fixed 2 duplicate /gene - nrtP_1 nrtP_2
[09:26:35] Fixed 2 duplicate /gene - exbD_1 exbD_2
[09:26:35] Fixed 124 colliding /gene names.
[09:26:35] Adding /locus_tag identifiers
[09:26:35] Assigned 2526 locus_tags to CDS and RNA features.
[09:26:35] Writing outputs to ../../Data/Chen_Analysis/Prokka/Bacteria/GOMC.bin.10460/
[09:26:36] Generating annotation statistics file
[09:26:36] Generating Genbank and Sequin files
[09:26:36] Running: tbl2asn -V b -a r10k -l paired-ends -M n -N 1 -y 'Annotated using prokka 1.14.6 from https://github.com/tseemann/prokka' -Z \.\.\/\.\.\/Data\/Chen_Analysis\/Prokka\/Bacteria\/GOMC\.bin\.10460\/GOMC\.bin\.10460\.err -i \.\.\/\.\.\/Data\/Chen_Analysis\/Prokka\/Bacteria\/GOMC\.bin\.10460\/GOMC\.bin\.10460\.fsa 2> /dev/null
[09:26:38] Deleting unwanted file: ../../Data/Chen_Analysis/Prokka/Bacteria/GOMC.bin.10460/errorsummary.val
[09:26:38] Deleting unwanted file: ../../Data/Chen_Analysis/Prokka/Bacteria/GOMC.bin.10460/GOMC.bin.10460.dr
[09:26:38] Deleting unwanted file: ../../Data/Chen_Analysis/Prokka/Bacteria/GOMC.bin.10460/GOMC.bin.10460.fixedproducts
[09:26:38] Deleting unwanted file: ../../Data/Chen_Analysis/Prokka/Bacteria/GOMC.bin.10460/GOMC.bin.10460.ecn
[09:26:38] Deleting unwanted file: ../../Data/Chen_Analysis/Prokka/Bacteria/GOMC.bin.10460/GOMC.bin.10460.val
[09:26:38] Repairing broken .GBK output that tbl2asn produces...
[09:26:38] Running: sed 's/COORDINATES: profile/COORDINATES:profile/' < \.\.\/\.\.\/Data\/Chen_Analysis\/Prokka\/Bacteria\/GOMC\.bin\.10460\/GOMC\.bin\.10460\.gbf > \.\.\/\.\.\/Data\/Chen_Analysis\/Prokka\/Bacteria\/GOMC\.bin\.10460\/GOMC\.bin\.10460\.gbk
[09:26:38] Deleting unwanted file: ../../Data/Chen_Analysis/Prokka/Bacteria/GOMC.bin.10460/GOMC.bin.10460.gbf
[09:26:38] Output files:
[09:26:38] ../../Data/Chen_Analysis/Prokka/Bacteria/GOMC.bin.10460/GOMC.bin.10460.gff
[09:26:38] ../../Data/Chen_Analysis/Prokka/Bacteria/GOMC.bin.10460/GOMC.bin.10460.fna
[09:26:38] ../../Data/Chen_Analysis/Prokka/Bacteria/GOMC.bin.10460/GOMC.bin.10460.err
[09:26:38] ../../Data/Chen_Analysis/Prokka/Bacteria/GOMC.bin.10460/GOMC.bin.10460.faa
[09:26:38] ../../Data/Chen_Analysis/Prokka/Bacteria/GOMC.bin.10460/GOMC.bin.10460.fsa
[09:26:38] ../../Data/Chen_Analysis/Prokka/Bacteria/GOMC.bin.10460/GOMC.bin.10460.txt
[09:26:38] ../../Data/Chen_Analysis/Prokka/Bacteria/GOMC.bin.10460/GOMC.bin.10460.gbk
[09:26:38] ../../Data/Chen_Analysis/Prokka/Bacteria/GOMC.bin.10460/GOMC.bin.10460.tbl
[09:26:38] ../../Data/Chen_Analysis/Prokka/Bacteria/GOMC.bin.10460/GOMC.bin.10460.ffn
[09:26:38] ../../Data/Chen_Analysis/Prokka/Bacteria/GOMC.bin.10460/GOMC.bin.10460.sqn
[09:26:38] ../../Data/Chen_Analysis/Prokka/Bacteria/GOMC.bin.10460/GOMC.bin.10460.tsv
[09:26:38] ../../Data/Chen_Analysis/Prokka/Bacteria/GOMC.bin.10460/GOMC.bin.10460.log
[09:26:38] Annotation finished successfully.
[09:26:38] Walltime used: 1.05 minutes
[09:26:38] If you use this result please cite the Prokka paper:
[09:26:38] Seemann T (2014) Prokka: rapid prokaryotic genome annotation. Bioinformatics. 30(14):2068-9.
[09:26:38] Type 'prokka --citation' for more details.
[09:26:38] Share and enjoy!
