[08:58:25] This is prokka 1.14.6
[08:58:25] Written by Torsten Seemann <torsten.seemann@gmail.com>
[08:58:25] Homepage is https://github.com/tseemann/prokka
[08:58:25] Local time is Mon Dec  1 08:58:25 2025
[08:58:25] You are joao_facio
[08:58:25] Operating system is linux
[08:58:25] You have BioPerl 1.7.8
[08:58:25] System has 12 cores.
[08:58:25] Will use maximum of 4 cores.
[08:58:25] Annotating as >>> Bacteria <<<
[08:58:25] Generating locus_tag from '/tmp/tmp6gns85ah/GOMC.bin.2022.fa' contents.
[08:58:25] Setting --locustag HEOLBNMM from MD5 1e85b766d3f37c250154e07fe79d59bb
[08:58:25] Creating new output folder: ../../Data/Chen_Analysis/Prokka/Bacteria/GOMC.bin.2022
[08:58:25] Running: mkdir -p \.\.\/\.\.\/Data\/Chen_Analysis\/Prokka\/Bacteria\/GOMC\.bin\.2022
[08:58:25] Using filename prefix: GOMC.bin.2022.XXX
[08:58:25] Setting HMMER_NCPU=1
[08:58:25] Writing log to: ../../Data/Chen_Analysis/Prokka/Bacteria/GOMC.bin.2022/GOMC.bin.2022.log
[08:58:25] Command: /home/joao_facio/miniconda3/envs/prokka/bin/prokka --outdir ../../Data/Chen_Analysis/Prokka/Bacteria/GOMC.bin.2022 --prefix GOMC.bin.2022 --kingdom Bacteria --genus DUAG01 --strain GOMC.bin.2022 --cpus 4 --force /tmp/tmp6gns85ah/GOMC.bin.2022.fa
[08:58:25] Appending to PATH: /home/joao_facio/miniconda3/envs/prokka/bin
[08:58:25] Looking for 'aragorn' - found /home/joao_facio/miniconda3/envs/prokka/bin/aragorn
[08:58:25] Determined aragorn version is 001002 from 'ARAGORN v1.2.41 Dean Laslett'
[08:58:25] Looking for 'barrnap' - found /home/joao_facio/miniconda3/envs/prokka/bin/barrnap
[08:58:25] Determined barrnap version is 000009 from 'barrnap 0.9'
[08:58:25] Looking for 'blastp' - found /home/joao_facio/miniconda3/envs/prokka/bin/blastp
[08:58:25] Determined blastp version is 002016 from 'blastp: 2.16.0+'
[08:58:25] Looking for 'cmpress' - found /home/joao_facio/miniconda3/envs/prokka/bin/cmpress
[08:58:26] Determined cmpress version is 001001 from '# INFERNAL 1.1.5 (Sep 2023)'
[08:58:26] Looking for 'cmscan' - found /home/joao_facio/miniconda3/envs/prokka/bin/cmscan
[08:58:26] Determined cmscan version is 001001 from '# INFERNAL 1.1.5 (Sep 2023)'
[08:58:26] Looking for 'egrep' - found /usr/bin/egrep
[08:58:26] Looking for 'find' - found /usr/bin/find
[08:58:26] Looking for 'grep' - found /usr/bin/grep
[08:58:26] Looking for 'hmmpress' - found /home/joao_facio/miniconda3/envs/prokka/bin/hmmpress
[08:58:26] Determined hmmpress version is 003004 from '# HMMER 3.4 (Aug 2023); http://hmmer.org/'
[08:58:26] Looking for 'hmmscan' - found /home/joao_facio/miniconda3/envs/prokka/bin/hmmscan
[08:58:26] Determined hmmscan version is 003004 from '# HMMER 3.4 (Aug 2023); http://hmmer.org/'
[08:58:26] Looking for 'java' - found /home/joao_facio/miniconda3/envs/prokka/bin/java
[08:58:26] Looking for 'makeblastdb' - found /home/joao_facio/miniconda3/envs/prokka/bin/makeblastdb
[08:58:26] Determined makeblastdb version is 002016 from 'makeblastdb: 2.16.0+'
[08:58:26] Looking for 'minced' - found /home/joao_facio/miniconda3/envs/prokka/bin/minced
[08:58:26] Determined minced version is 004002 from 'minced 0.4.2'
[08:58:26] Looking for 'parallel' - found /home/joao_facio/miniconda3/envs/prokka/bin/parallel
[08:58:26] Determined parallel version is 20251122 from 'GNU parallel 20251122'
[08:58:26] Looking for 'prodigal' - found /home/joao_facio/miniconda3/envs/prokka/bin/prodigal
[08:58:26] Determined prodigal version is 002006 from 'Prodigal V2.6.3: February, 2016'
[08:58:26] Looking for 'prokka-genbank_to_fasta_db' - found /home/joao_facio/miniconda3/envs/prokka/bin/prokka-genbank_to_fasta_db
[08:58:26] Looking for 'sed' - found /usr/bin/sed
[08:58:26] Looking for 'tbl2asn' - found /home/joao_facio/miniconda3/envs/prokka/bin/tbl2asn
[08:58:26] Determined tbl2asn version is 025007 from 'tbl2asn 25.7   arguments:'
[08:58:26] Using genetic code table 11.
[08:58:26] Loading and checking input file: /tmp/tmp6gns85ah/GOMC.bin.2022.fa
[08:58:26] Wrote 103 contigs totalling 2146403 bp.
[08:58:26] Predicting tRNAs and tmRNAs
[08:58:26] Running: aragorn -l -gc11  -w \.\.\/\.\.\/Data\/Chen_Analysis\/Prokka\/Bacteria\/GOMC\.bin\.2022\/GOMC\.bin\.2022\.fna
[08:58:26] 1 tRNA-Arg c[8,84] 35 (cct)
[08:58:26] 1 tRNA-Val c[3224,3298] 33 (cac)
[08:58:26] 1 tRNA-Ser [30551,30642] 37 (cga)
[08:58:26] 2 tRNA-Ser [30693,30785] 35 (gga)
[08:58:26] 3 tRNA-Leu c[34363,34446] 34 (tag)
[08:58:26] 1 tRNA-Ala c[13977,14052] 34 (cgc)
[08:58:26] 1 tmRNA c[5515,5860] 91,120 ANTPLALAA*
[08:58:26] 2 tRNA-Arg [23202,23278] 35 (ccg)
[08:58:26] 1 tRNA-Val [7408,7482] 33 (gac)
[08:58:26] 1 tRNA-Met c[177,253] 35 (cat)
[08:58:26] 1 tRNA-Lys [7254,7329] 34 (ttt)
[08:58:26] 1 tRNA-Pro [6138,6214] 35 (ggg)
[08:58:26] 1 tRNA-Arg c[12513,12589] 35 (tct)
[08:58:26] 2 tRNA-Pro c[12614,12690] 35 (tgg)
[08:58:26] 1 tRNA-Cys [1947,2022] 34 (gca)
[08:58:26] 1 tRNA-Gly c[778,852] 33 (gcc)
[08:58:26] 1 tRNA-Met c[2143,2216] 34 (cat)
[08:58:26] 1 tRNA-Gln c[2754,2828] 33 (ttg)
[08:58:26] 1 tRNA-Glu c[14309,14384] 35 (ctc)
[08:58:26] 1 tRNA-Phe [15682,15757] 34 (gaa)
[08:58:26] 1 tRNA-His [35237,35311] 33 (gtg)
[08:58:26] 1 tRNA-Ala c[2510,2585] 34 (ggc)
[08:58:26] 1 tRNA-Gly [47845,47919] 33 (ccc)
[08:58:26] 1 tRNA-Trp [25178,25260] 32 (cca)
[08:58:26] 1 tRNA-Arg c[9117,9193] 35 (tcg)
[08:58:26] 2 tRNA-Leu c[33886,33970] 35 (gag)
[08:58:26] 1 tRNA-Glu c[11151,11228] 37 (ttc)
[08:58:26] 2 tRNA-Pro c[25063,25139] 35 (cgg)
[08:58:26] 3 tRNA-Asn [41874,41948] 33 (gtt)
[08:58:26] 1 tRNA-Leu c[2492,2578] 35 (cag)
[08:58:26] 2 tRNA-Met c[3974,4049] 35 (cat)
[08:58:26] 1 tRNA-Trp [236,313] 36 (cca)
[08:58:26] 1 tRNA-Asp c[15140,15216] 35 (gtc)
[08:58:26] 2 tRNA-Val c[15251,15326] 34 (tac)
[08:58:26] 1 tRNA-Leu [42546,42635] 36 (taa)
[08:58:26] 1 tRNA-Arg c[9352,9428] 35 (acg)
[08:58:26] 2 tRNA-Ser c[10002,10095] 35 (gct)
[08:58:26] 3 tRNA-Ser c[10174,10259] 35 (tga)
[08:58:26] 1 tRNA-Leu [20310,20396] 35 (caa)
[08:58:26] Found 39 tRNAs
[08:58:26] Predicting Ribosomal RNAs
[08:58:26] Running Barrnap with 4 threads
[08:58:27] 1 SRR3577362_k53_1152074_1 2 16S ribosomal RNA (partial)
[08:58:27] Found 1 rRNAs
[08:58:27] Skipping ncRNA search, enable with --rfam if desired.
[08:58:27] Total of 39 tRNA + rRNA features
[08:58:27] Searching for CRISPR repeats
[08:58:27] Found 0 CRISPRs
[08:58:27] Predicting coding sequences
[08:58:27] Contigs total 2146403 bp, so using single mode
[08:58:27] Running: prodigal -i \.\.\/\.\.\/Data\/Chen_Analysis\/Prokka\/Bacteria\/GOMC\.bin\.2022\/GOMC\.bin\.2022\.fna -c -m -g 11 -p single -f sco -q
[08:58:28] Excluding CDS which overlaps existing RNA (tRNA) at SRR3577362_k53_998406_1:24478..25248 on + strand
[08:58:28] Excluding CDS which overlaps existing RNA (tRNA) at SRR3577362_k53_2021684_1:9254..9442 on + strand
[08:58:28] Found 2062 CDS
[08:58:28] Connecting features back to sequences
[08:58:28] Not using genus-specific database. Try --usegenus to enable it.
[08:58:28] Annotating CDS, please be patient.
[08:58:28] Will use 4 CPUs for similarity searching.
[08:58:29] There are still 2062 unannotated CDS left (started with 2062)
[08:58:29] Will use blast to search against /home/joao_facio/miniconda3/envs/prokka/db/kingdom/Bacteria/IS with 4 CPUs
[08:58:29] Running: cat \.\.\/\.\.\/Data\/Chen_Analysis\/Prokka\/Bacteria\/GOMC\.bin\.2022\/GOMC\.bin\.2022\.IS\.tmp\.3315268\.faa | parallel --gnu --plain -j 4 --block 80160 --recstart '>' --pipe blastp -query - -db /home/joao_facio/miniconda3/envs/prokka/db/kingdom/Bacteria/IS -evalue 1e-30 -qcov_hsp_perc 90 -num_threads 1 -num_descriptions 1 -num_alignments 1 -seg no > \.\.\/\.\.\/Data\/Chen_Analysis\/Prokka\/Bacteria\/GOMC\.bin\.2022\/GOMC\.bin\.2022\.IS\.tmp\.3315268\.blast 2> /dev/null
[08:58:35] Deleting unwanted file: ../../Data/Chen_Analysis/Prokka/Bacteria/GOMC.bin.2022/GOMC.bin.2022.IS.tmp.3315268.faa
[08:58:35] Deleting unwanted file: ../../Data/Chen_Analysis/Prokka/Bacteria/GOMC.bin.2022/GOMC.bin.2022.IS.tmp.3315268.blast
[08:58:35] There are still 2056 unannotated CDS left (started with 2062)
[08:58:35] Will use blast to search against /home/joao_facio/miniconda3/envs/prokka/db/kingdom/Bacteria/AMR with 4 CPUs
[08:58:35] Running: cat \.\.\/\.\.\/Data\/Chen_Analysis\/Prokka\/Bacteria\/GOMC\.bin\.2022\/GOMC\.bin\.2022\.AMR\.tmp\.3315268\.faa | parallel --gnu --plain -j 4 --block 80042 --recstart '>' --pipe blastp -query - -db /home/joao_facio/miniconda3/envs/prokka/db/kingdom/Bacteria/AMR -evalue 1e-300 -qcov_hsp_perc 90 -num_threads 1 -num_descriptions 1 -num_alignments 1 -seg no > \.\.\/\.\.\/Data\/Chen_Analysis\/Prokka\/Bacteria\/GOMC\.bin\.2022\/GOMC\.bin\.2022\.AMR\.tmp\.3315268\.blast 2> /dev/null
[08:58:40] Deleting unwanted file: ../../Data/Chen_Analysis/Prokka/Bacteria/GOMC.bin.2022/GOMC.bin.2022.AMR.tmp.3315268.faa
[08:58:40] Deleting unwanted file: ../../Data/Chen_Analysis/Prokka/Bacteria/GOMC.bin.2022/GOMC.bin.2022.AMR.tmp.3315268.blast
[08:58:40] There are still 2056 unannotated CDS left (started with 2062)
[08:58:40] Will use blast to search against /home/joao_facio/miniconda3/envs/prokka/db/kingdom/Bacteria/sprot with 4 CPUs
[08:58:40] Running: cat \.\.\/\.\.\/Data\/Chen_Analysis\/Prokka\/Bacteria\/GOMC\.bin\.2022\/GOMC\.bin\.2022\.sprot\.tmp\.3315268\.faa | parallel --gnu --plain -j 4 --block 80042 --recstart '>' --pipe blastp -query - -db /home/joao_facio/miniconda3/envs/prokka/db/kingdom/Bacteria/sprot -evalue 1e-09 -qcov_hsp_perc 80 -num_threads 1 -num_descriptions 1 -num_alignments 1 -seg no > \.\.\/\.\.\/Data\/Chen_Analysis\/Prokka\/Bacteria\/GOMC\.bin\.2022\/GOMC\.bin\.2022\.sprot\.tmp\.3315268\.blast 2> /dev/null
[08:59:07] Modify product: UPF0758 protein CT0611 => hypothetical protein
[08:59:07] Modify product: Uncharacterized protein Rv1829 => putative protein
[08:59:07] Modify product: Uncharacterized protein Rv1829 => putative protein
[08:59:07] Modify product: Putative 2-hydroxyacid dehydrogenase SA2098 => Putative 2-hydroxyacid dehydrogenase
[08:59:07] Modify product: Uncharacterized protein M6_Spy0233 => putative protein
[08:59:07] Modify product: Uncharacterized oxidoreductase YciK => putative oxidoreductase YciK
[08:59:07] Modify product: Uncharacterized protein YqeN => putative protein YqeN
[08:59:07] Modify product: Probable lipid II flippase MurJ => putative lipid II flippase MurJ
[08:59:07] Modify product: Putative multidrug export ATP-binding/permease protein SAV1866 => Putative multidrug export ATP-binding/permease protein
[08:59:07] Modify product: Probable S-adenosyl-L-methionine-dependent methyltransferase TehB => putative S-adenosyl-L-methionine-dependent methyltransferase TehB
[08:59:07] Modify product: Probable nicotinate-nucleotide pyrophosphorylase [carboxylating] => putative nicotinate-nucleotide pyrophosphorylase [carboxylating]
[08:59:07] Modify product: Uncharacterized signaling protein PA1727 => putative signaling protein
[08:59:07] Modify product: Probable 3-hydroxybutyryl-CoA dehydrogenase => putative 3-hydroxybutyryl-CoA dehydrogenase
[08:59:07] Modify product: Uncharacterized periplasmic iron-binding protein HI_0362 => putative periplasmic iron-binding protein
[08:59:07] Modify product: Uncharacterized HTH-type transcriptional regulator YddM => putative HTH-type transcriptional regulator YddM
[08:59:07] Modify product: Uncharacterized protein Rv2926c => putative protein
[08:59:07] Modify product: Uncharacterized protein YqgN => putative protein YqgN
[08:59:07] Modify product: Bifunctional protein FolD => Bifunctional protein FolD protein
[08:59:07] Modify product: Uncharacterized protein Rv1488 => putative protein
[08:59:07] Modify product: Uncharacterized ABC transporter ATP-binding protein YknY => putative ABC transporter ATP-binding protein YknY
[08:59:07] Modify product: Uncharacterized protein Rv0628c => putative protein
[08:59:07] Modify product: Putative sulfur carrier protein TM_0983 => Putative sulfur carrier protein
[08:59:07] Modify product: Uncharacterized metal-dependent hydrolase YcfH => putative metal-dependent hydrolase YcfH
[08:59:07] Modify product: Nucleoid-associated protein Cthe_2143 => Nucleoid-associated protein
[08:59:07] Modify product: Uncharacterized ABC transporter ATP-binding protein YknY => putative ABC transporter ATP-binding protein YknY
[08:59:07] Modify product: Probable glycine dehydrogenase (decarboxylating) subunit 2 => putative glycine dehydrogenase (decarboxylating) subunit 2
[08:59:07] Modify product: Probable glycine dehydrogenase (decarboxylating) subunit 2 => putative glycine dehydrogenase (decarboxylating) subunit 2
[08:59:07] Modify product: Probable glycine dehydrogenase (decarboxylating) subunit 1 => putative glycine dehydrogenase (decarboxylating) subunit 1
[08:59:07] Modify product: Probable CtpA-like serine protease => putative CtpA-like serine protease
[08:59:07] Modify product: UPF0102 protein RPA0323 => hypothetical protein
[08:59:07] Modify product: UPF0109 protein Rv2908c => hypothetical protein
[08:59:07] Modify product: Probable quorum-quenching lactonase YtnP => putative quorum-quenching lactonase YtnP
[08:59:07] Modify product: Sulfurtransferase Alvin_2599 => Sulfurtransferase
[08:59:07] Modify product: Probable multidrug ABC transporter permease YbhR => putative multidrug ABC transporter permease YbhR
[08:59:07] Modify product: Uncharacterized AAA domain-containing protein Rv2559c => putative AAA domain-containing protein
[08:59:07] Modify product: UPF0047 protein Rv2556c => hypothetical protein
[08:59:07] Modify product: Uncharacterized protein HI_1163 => putative protein
[08:59:07] Modify product: Uncharacterized protein Rv2411c => putative protein
[08:59:07] Modify product: Probable murein peptide carboxypeptidase => putative murein peptide carboxypeptidase
[08:59:07] Modify product: Uncharacterized protein Rv2307c => putative protein
[08:59:07] Modify product: Probable adenylyltransferase/sulfurtransferase MoeZ => putative adenylyltransferase/sulfurtransferase MoeZ
[08:59:07] Modify product: Probable adenylyltransferase/sulfurtransferase MoeZ => putative adenylyltransferase/sulfurtransferase MoeZ
[08:59:07] Modify product: Probable molybdenum cofactor guanylyltransferase => putative molybdenum cofactor guanylyltransferase
[08:59:07] Modify product: UPF0045 protein Rv1898 => hypothetical protein
[08:59:07] Modify product: Uncharacterized ABC transporter ATP-binding protein Rv0986 => putative ABC transporter ATP-binding protein
[08:59:07] Modify product: Uncharacterized ABC transporter ATP-binding protein YknY => putative ABC transporter ATP-binding protein YknY
[08:59:07] Modify product: Universal stress protein MSMEG_3950/MSMEI_3859 => Universal stress protein/MSMEI_3859
[08:59:07] Modify product: Probable GTP-binding protein EngB => putative GTP-binding protein EngB
[08:59:07] Modify product: Putative universal stress protein SA1532 => Putative universal stress protein
[08:59:07] Modify product: UPF0234 protein XC_3703 => hypothetical protein
[08:59:07] Modify product: Probable tRNA-dihydrouridine synthase => putative tRNA-dihydrouridine synthase
[08:59:07] Modify product: Uncharacterized peptidase SA1530 => putative peptidase
[08:59:07] Modify product: UPF0301 protein VC_0467 => hypothetical protein
[08:59:07] Modify product: Probable binding protein component of ABC iron transporter PA5217 => putative binding protein component of ABC iron transporter
[08:59:07] Modify product: Uncharacterized ABC transporter ATP-binding protein Rv1281c => putative ABC transporter ATP-binding protein
[08:59:07] Modify product: Uncharacterized protein Rv1899c => putative protein
[08:59:07] Modify product: Uncharacterized zinc protease Rv2782c => putative zinc protease
[08:59:07] Modify product: Uncharacterized zinc protease Rv2782c => putative zinc protease
[08:59:07] Modify product: Probable bacterial non-heme ferritin => putative bacterial non-heme ferritin
[08:59:07] Modify product: Probable transcriptional regulatory protein DVU_2259 => putative transcriptional regulatory protein
[08:59:07] Modify product: Probable lipid II flippase MurJ => putative lipid II flippase MurJ
[08:59:07] Modify product: Uncharacterized ABC transporter ATP-binding protein YxlF => putative ABC transporter ATP-binding protein YxlF
[08:59:07] Modify product: Putative multidrug export ATP-binding/permease protein SAV1866 => Putative multidrug export ATP-binding/permease protein
[08:59:07] Modify product: Uncharacterized signaling protein PA1727 => putative signaling protein
[08:59:07] Modify product: Uncharacterized protein YqeY => putative protein YqeY
[08:59:07] Modify product: Probable siderophore transport system ATP-binding protein YusV => putative siderophore transport system ATP-binding protein YusV
[08:59:07] Modify product: UPF0053 protein Rv2366c => hypothetical protein
[08:59:07] Modify product: Uncharacterized ABC transporter ATP-binding protein YbiT => putative ABC transporter ATP-binding protein YbiT
[08:59:07] Modify product: Uncharacterized signaling protein PA1727 => putative signaling protein
[08:59:07] Modify product: Probable ATP-dependent DNA helicase YoaA => putative ATP-dependent DNA helicase YoaA
[08:59:07] Modify product: Uncharacterized protein BHWA1_00569 => putative protein
[08:59:07] Modify product: UPF0701 protein HI_0467 => hypothetical protein
[08:59:07] Modify product: Phosphate-specific transport system accessory protein PhoU homolog => Phosphate-specific transport system accessory protein PhoU 
[08:59:07] Modify product: Uncharacterized PIN and TRAM-domain containing protein YacL => putative PIN and TRAM-domain containing protein YacL
[08:59:07] Modify product: UPF0213 protein BH0048 => hypothetical protein
[08:59:07] Modify product: DNA-binding protein VF_0530 => DNA-binding protein
[08:59:07] Modify product: Uncharacterized zinc protease Rv2782c => putative zinc protease
[08:59:07] Modify product: Probable peptidoglycan glycosyltransferase FtsW => putative peptidoglycan glycosyltransferase FtsW
[08:59:07] Modify product: Probable serine/threonine-protein kinase PkwA => putative serine/threonine-protein kinase PkwA
[08:59:07] Modify product: Protease HtpX homolog => Protease HtpX 
[08:59:07] Modify product: Uncharacterized protein slr1565 => putative protein
[08:59:07] Cleaned 81 /product names
[08:59:07] Deleting unwanted file: ../../Data/Chen_Analysis/Prokka/Bacteria/GOMC.bin.2022/GOMC.bin.2022.sprot.tmp.3315268.faa
[08:59:07] Deleting unwanted file: ../../Data/Chen_Analysis/Prokka/Bacteria/GOMC.bin.2022/GOMC.bin.2022.sprot.tmp.3315268.blast
[08:59:08] There are still 1072 unannotated CDS left (started with 2062)
[08:59:08] Will use hmmer3 to search against /home/joao_facio/miniconda3/envs/prokka/db/hmm/HAMAP.hmm with 4 CPUs
[08:59:08] Running: cat \.\.\/\.\.\/Data\/Chen_Analysis\/Prokka\/Bacteria\/GOMC\.bin\.2022\/GOMC\.bin\.2022\.HAMAP\.hmm\.tmp\.3315268\.faa | parallel --gnu --plain -j 4 --block 37626 --recstart '>' --pipe hmmscan --noali --notextw --acc -E 1e-09 --cpu 1 /home/joao_facio/miniconda3/envs/prokka/db/hmm/HAMAP.hmm /dev/stdin > \.\.\/\.\.\/Data\/Chen_Analysis\/Prokka\/Bacteria\/GOMC\.bin\.2022\/GOMC\.bin\.2022\.HAMAP\.hmm\.tmp\.3315268\.hmmer3 2> /dev/null
[08:59:15] Modify product: Uncharacterized MFS-type transporter YfcJ => putative MFS-type transporter YfcJ
[08:59:15] Cleaned 1 /product names
[08:59:15] Deleting unwanted file: ../../Data/Chen_Analysis/Prokka/Bacteria/GOMC.bin.2022/GOMC.bin.2022.HAMAP.hmm.tmp.3315268.faa
[08:59:15] Deleting unwanted file: ../../Data/Chen_Analysis/Prokka/Bacteria/GOMC.bin.2022/GOMC.bin.2022.HAMAP.hmm.tmp.3315268.hmmer3
[08:59:15] Labelling remaining 860 proteins as 'hypothetical protein'
[08:59:15] Possible /pseudo 'Bifunctional glutamine synthetase adenylyltransferase/adenylyl-removing enzyme' at SRR3577362_k53_90524_1 position 2521
[08:59:15] Possible /pseudo 'Dihydrolipoyllysine-residue acetyltransferase component of pyruvate dehydrogenase complex' at SRR3577362_k53_92425_1 position 17819
[08:59:15] Possible /pseudo 'putative glycine dehydrogenase (decarboxylating) subunit 2' at SRR3577362_k53_176788_1 position 19291
[08:59:15] Possible /pseudo 'Tol-Pal system protein TolQ' at SRR3577362_k53_218811_1 position 3749
[08:59:15] Possible /pseudo 'putative protein' at SRR3577362_k53_506114_1 position 15099
[08:59:15] Possible /pseudo 'Cell division coordinator CpoB' at SRR3577362_k53_885189_1 position 7210
[08:59:15] Possible /pseudo 'Cell division coordinator CpoB' at SRR3577362_k53_885189_1 position 8727
[08:59:15] Possible /pseudo 'Cell division coordinator CpoB' at SRR3577362_k53_885189_1 position 9674
[08:59:15] Possible /pseudo 'Sensor histidine kinase RcsC' at SRR3577362_k53_986897_1 position 1140
[08:59:15] Possible /pseudo 'Tyrosine phenol-lyase' at SRR3577362_k53_988519_1 position 681
[08:59:15] Possible /pseudo 'IS3 family transposase ISDde3' at SRR3577362_k53_1137297_1 position 3655
[08:59:15] Possible /pseudo 'Inosine-5'-monophosphate dehydrogenase' at SRR3577362_k53_1137478_1 position 2796
[08:59:15] Possible /pseudo 'Acyl-CoA dehydrogenase' at SRR3577362_k53_1303926_1 position 2646
[08:59:15] Possible /pseudo 'putative zinc protease' at SRR3577362_k53_1388259_1 position 30176
[08:59:15] Possible /pseudo 'Acetyl-coenzyme A synthetase' at SRR3577362_k53_1819892_1 position 2111
[08:59:15] Found 942 unique /gene codes.
[08:59:15] Fixed 2 duplicate /gene - fusA_1 fusA_2
[08:59:15] Fixed 2 duplicate /gene - tpl_1 tpl_2
[08:59:15] Fixed 2 duplicate /gene - mmgC_1 mmgC_2
[08:59:15] Fixed 2 duplicate /gene - lapB_1 lapB_2
[08:59:15] Fixed 3 duplicate /gene - pilT_1 pilT_2 pilT_3
[08:59:15] Fixed 2 duplicate /gene - scpA_1 scpA_2
[08:59:15] Fixed 4 duplicate /gene - ycf3_1 ycf3_2 ycf3_3 ycf3_4
[08:59:15] Fixed 2 duplicate /gene - prfB_1 prfB_2
[08:59:15] Fixed 2 duplicate /gene - btuD_1 btuD_2
[08:59:15] Fixed 2 duplicate /gene - lpxL_1 lpxL_2
[08:59:15] Fixed 2 duplicate /gene - hisB_1 hisB_2
[08:59:15] Fixed 3 duplicate /gene - nth_1 nth_2 nth_3
[08:59:15] Fixed 2 duplicate /gene - pglH_1 pglH_2
[08:59:15] Fixed 2 duplicate /gene - nuoM_1 nuoM_2
[08:59:15] Fixed 2 duplicate /gene - gcvT_1 gcvT_2
[08:59:15] Fixed 2 duplicate /gene - iscS_1 iscS_2
[08:59:15] Fixed 2 duplicate /gene - dop_1 dop_2
[08:59:15] Fixed 2 duplicate /gene - nuoK_1 nuoK_2
[08:59:15] Fixed 2 duplicate /gene - gcvPB_1 gcvPB_2
[08:59:15] Fixed 2 duplicate /gene - htpX_1 htpX_2
[08:59:15] Fixed 3 duplicate /gene - mprA_1 mprA_2 mprA_3
[08:59:15] Fixed 3 duplicate /gene - surA_1 surA_2 surA_3
[08:59:15] Fixed 2 duplicate /gene - bamA_1 bamA_2
[08:59:15] Fixed 2 duplicate /gene - tatA_1 tatA_2
[08:59:15] Fixed 2 duplicate /gene - COQ3_1 COQ3_2
[08:59:15] Fixed 2 duplicate /gene - xerD_1 xerD_2
[08:59:15] Fixed 2 duplicate /gene - mshA_1 mshA_2
[08:59:15] Fixed 3 duplicate /gene - dnaJ_1 dnaJ_2 dnaJ_3
[08:59:15] Fixed 10 duplicate /gene - sasA_1 sasA_2 sasA_3 sasA_4 sasA_5 sasA_6 sasA_7 sasA_8 sasA_9 sasA_10
[08:59:15] Fixed 2 duplicate /gene - acsA_1 acsA_2
[08:59:15] Fixed 2 duplicate /gene - bepE_1 bepE_2
[08:59:15] Fixed 2 duplicate /gene - purD_1 purD_2
[08:59:15] Fixed 5 duplicate /gene - resA_1 resA_2 resA_3 resA_4 resA_5
[08:59:15] Fixed 6 duplicate /gene - ndhB_1 ndhB_2 ndhB_3 ndhB_4 ndhB_5 ndhB_6
[08:59:15] Fixed 3 duplicate /gene - nuoF_1 nuoF_2 nuoF_3
[08:59:15] Fixed 2 duplicate /gene - actP_1 actP_2
[08:59:15] Fixed 2 duplicate /gene - epsF_1 epsF_2
[08:59:15] Fixed 2 duplicate /gene - pqqE_1 pqqE_2
[08:59:15] Fixed 3 duplicate /gene - ruvB_1 ruvB_2 ruvB_3
[08:59:15] Fixed 2 duplicate /gene - rcsC_1 rcsC_2
[08:59:15] Fixed 2 duplicate /gene - gph_1 gph_2
[08:59:15] Fixed 2 duplicate /gene - norR_1 norR_2
[08:59:15] Fixed 5 duplicate /gene - atoC_1 atoC_2 atoC_3 atoC_4 atoC_5
[08:59:15] Fixed 2 duplicate /gene - gloB_1 gloB_2
[08:59:15] Fixed 2 duplicate /gene - nuoB_1 nuoB_2
[08:59:15] Fixed 2 duplicate /gene - mdtA_1 mdtA_2
[08:59:15] Fixed 2 duplicate /gene - thiE_1 thiE_2
[08:59:15] Fixed 2 duplicate /gene - degP_1 degP_2
[08:59:15] Fixed 2 duplicate /gene - sfrA_1 sfrA_2
[08:59:15] Fixed 2 duplicate /gene - dksA_1 dksA_2
[08:59:15] Fixed 2 duplicate /gene - btuB_1 btuB_2
[08:59:15] Fixed 2 duplicate /gene - amiC_1 amiC_2
[08:59:15] Fixed 2 duplicate /gene - merA_1 merA_2
[08:59:15] Fixed 2 duplicate /gene - hldE_1 hldE_2
[08:59:15] Fixed 2 duplicate /gene - glnE_1 glnE_2
[08:59:15] Fixed 3 duplicate /gene - egtB_1 egtB_2 egtB_3
[08:59:15] Fixed 2 duplicate /gene - btuF_1 btuF_2
[08:59:15] Fixed 2 duplicate /gene - murJ_1 murJ_2
[08:59:15] Fixed 2 duplicate /gene - regX3_1 regX3_2
[08:59:15] Fixed 2 duplicate /gene - fdx_1 fdx_2
[08:59:15] Fixed 2 duplicate /gene - dnaK_1 dnaK_2
[08:59:15] Fixed 2 duplicate /gene - cbpA_1 cbpA_2
[08:59:15] Fixed 3 duplicate /gene - bchB_1 bchB_2 bchB_3
[08:59:15] Fixed 2 duplicate /gene - thrC_1 thrC_2
[08:59:15] Fixed 2 duplicate /gene - cysG_1 cysG_2
[08:59:15] Fixed 2 duplicate /gene - fabH_1 fabH_2
[08:59:15] Fixed 2 duplicate /gene - nqrF_1 nqrF_2
[08:59:15] Fixed 2 duplicate /gene - murG_1 murG_2
[08:59:15] Fixed 5 duplicate /gene - mntB_1 mntB_2 mntB_3 mntB_4 mntB_5
[08:59:15] Fixed 2 duplicate /gene - sulD_1 sulD_2
[08:59:15] Fixed 2 duplicate /gene - nqo4_1 nqo4_2
[08:59:15] Fixed 4 duplicate /gene - xerC_1 xerC_2 xerC_3 xerC_4
[08:59:15] Fixed 2 duplicate /gene - apbC_1 apbC_2
[08:59:15] Fixed 6 duplicate /gene - IMPDH_1 IMPDH_2 IMPDH_3 IMPDH_4 IMPDH_5 IMPDH_6
[08:59:15] Fixed 2 duplicate /gene - dat_1 dat_2
[08:59:15] Fixed 2 duplicate /gene - ndhC_1 ndhC_2
[08:59:15] Fixed 3 duplicate /gene - acdA_1 acdA_2 acdA_3
[08:59:15] Fixed 2 duplicate /gene - aceF_1 aceF_2
[08:59:15] Fixed 2 duplicate /gene - cysK_1 cysK_2
[08:59:15] Fixed 2 duplicate /gene - clpX_1 clpX_2
[08:59:15] Fixed 2 duplicate /gene - moeZ_1 moeZ_2
[08:59:15] Fixed 2 duplicate /gene - ureA_1 ureA_2
[08:59:15] Fixed 3 duplicate /gene - pal_1 pal_2 pal_3
[08:59:15] Fixed 2 duplicate /gene - mltF_1 mltF_2
[08:59:15] Fixed 2 duplicate /gene - pkn1_1 pkn1_2
[08:59:15] Fixed 3 duplicate /gene - hcf136_1 hcf136_2 hcf136_3
[08:59:15] Fixed 3 duplicate /gene - glnB_1 glnB_2 glnB_3
[08:59:15] Fixed 2 duplicate /gene - clpB1_1 clpB1_2
[08:59:15] Fixed 2 duplicate /gene - asnB_1 asnB_2
[08:59:15] Fixed 2 duplicate /gene - lptB_1 lptB_2
[08:59:15] Fixed 3 duplicate /gene - yknY_1 yknY_2 yknY_3
[08:59:15] Fixed 2 duplicate /gene - msrB_1 msrB_2
[08:59:15] Fixed 2 duplicate /gene - aziB2_1 aziB2_2
[08:59:15] Fixed 2 duplicate /gene - prcA_1 prcA_2
[08:59:15] Fixed 2 duplicate /gene - rhlE_1 rhlE_2
[08:59:15] Fixed 2 duplicate /gene - sdcS_1 sdcS_2
[08:59:15] Fixed 2 duplicate /gene - macB_1 macB_2
[08:59:15] Fixed 4 duplicate /gene - bepA_1 bepA_2 bepA_3 bepA_4
[08:59:15] Fixed 2 duplicate /gene - nuoJ_1 nuoJ_2
[08:59:15] Fixed 2 duplicate /gene - prcB_1 prcB_2
[08:59:15] Fixed 3 duplicate /gene - speE_1 speE_2 speE_3
[08:59:15] Fixed 3 duplicate /gene - ftsA_1 ftsA_2 ftsA_3
[08:59:15] Fixed 11 duplicate /gene - cpoB_1 cpoB_2 cpoB_3 cpoB_4 cpoB_5 cpoB_6 cpoB_7 cpoB_8 cpoB_9 cpoB_10 cpoB_11
[08:59:15] Fixed 2 duplicate /gene - macA_1 macA_2
[08:59:15] Fixed 2 duplicate /gene - pafA_1 pafA_2
[08:59:15] Fixed 4 duplicate /gene - fabG_1 fabG_2 fabG_3 fabG_4
[08:59:15] Fixed 4 duplicate /gene - tolQ_1 tolQ_2 tolQ_3 tolQ_4
[08:59:15] Fixed 2 duplicate /gene - psd_1 psd_2
[08:59:15] Fixed 2 duplicate /gene - moeA_1 moeA_2
[08:59:15] Fixed 2 duplicate /gene - pstB3_1 pstB3_2
[08:59:15] Fixed 2 duplicate /gene - msrP_1 msrP_2
[08:59:15] Fixed 2 duplicate /gene - cysA_1 cysA_2
[08:59:15] Fixed 2 duplicate /gene - padG_1 padG_2
[08:59:15] Fixed 2 duplicate /gene - xpsE_1 xpsE_2
[08:59:15] Fixed 2 duplicate /gene - ndhJ_1 ndhJ_2
[08:59:15] Fixed 2 duplicate /gene - sctC_1 sctC_2
[08:59:15] Fixed 2 duplicate /gene - thi4_1 thi4_2
[08:59:15] Fixed 117 colliding /gene names.
[08:59:15] Adding /locus_tag identifiers
[08:59:15] Assigned 2102 locus_tags to CDS and RNA features.
[08:59:15] Writing outputs to ../../Data/Chen_Analysis/Prokka/Bacteria/GOMC.bin.2022/
[08:59:15] Generating annotation statistics file
[08:59:15] Generating Genbank and Sequin files
[08:59:15] Running: tbl2asn -V b -a r10k -l paired-ends -M n -N 1 -y 'Annotated using prokka 1.14.6 from https://github.com/tseemann/prokka' -Z \.\.\/\.\.\/Data\/Chen_Analysis\/Prokka\/Bacteria\/GOMC\.bin\.2022\/GOMC\.bin\.2022\.err -i \.\.\/\.\.\/Data\/Chen_Analysis\/Prokka\/Bacteria\/GOMC\.bin\.2022\/GOMC\.bin\.2022\.fsa 2> /dev/null
[08:59:17] Deleting unwanted file: ../../Data/Chen_Analysis/Prokka/Bacteria/GOMC.bin.2022/errorsummary.val
[08:59:17] Deleting unwanted file: ../../Data/Chen_Analysis/Prokka/Bacteria/GOMC.bin.2022/GOMC.bin.2022.dr
[08:59:17] Deleting unwanted file: ../../Data/Chen_Analysis/Prokka/Bacteria/GOMC.bin.2022/GOMC.bin.2022.fixedproducts
[08:59:17] Deleting unwanted file: ../../Data/Chen_Analysis/Prokka/Bacteria/GOMC.bin.2022/GOMC.bin.2022.ecn
[08:59:17] Deleting unwanted file: ../../Data/Chen_Analysis/Prokka/Bacteria/GOMC.bin.2022/GOMC.bin.2022.val
[08:59:17] Repairing broken .GBK output that tbl2asn produces...
[08:59:17] Running: sed 's/COORDINATES: profile/COORDINATES:profile/' < \.\.\/\.\.\/Data\/Chen_Analysis\/Prokka\/Bacteria\/GOMC\.bin\.2022\/GOMC\.bin\.2022\.gbf > \.\.\/\.\.\/Data\/Chen_Analysis\/Prokka\/Bacteria\/GOMC\.bin\.2022\/GOMC\.bin\.2022\.gbk
[08:59:17] Deleting unwanted file: ../../Data/Chen_Analysis/Prokka/Bacteria/GOMC.bin.2022/GOMC.bin.2022.gbf
[08:59:17] Output files:
[08:59:17] ../../Data/Chen_Analysis/Prokka/Bacteria/GOMC.bin.2022/GOMC.bin.2022.fna
[08:59:17] ../../Data/Chen_Analysis/Prokka/Bacteria/GOMC.bin.2022/GOMC.bin.2022.gbk
[08:59:17] ../../Data/Chen_Analysis/Prokka/Bacteria/GOMC.bin.2022/GOMC.bin.2022.tsv
[08:59:17] ../../Data/Chen_Analysis/Prokka/Bacteria/GOMC.bin.2022/GOMC.bin.2022.ffn
[08:59:17] ../../Data/Chen_Analysis/Prokka/Bacteria/GOMC.bin.2022/GOMC.bin.2022.fsa
[08:59:17] ../../Data/Chen_Analysis/Prokka/Bacteria/GOMC.bin.2022/GOMC.bin.2022.log
[08:59:17] ../../Data/Chen_Analysis/Prokka/Bacteria/GOMC.bin.2022/GOMC.bin.2022.err
[08:59:17] ../../Data/Chen_Analysis/Prokka/Bacteria/GOMC.bin.2022/GOMC.bin.2022.tbl
[08:59:17] ../../Data/Chen_Analysis/Prokka/Bacteria/GOMC.bin.2022/GOMC.bin.2022.faa
[08:59:17] ../../Data/Chen_Analysis/Prokka/Bacteria/GOMC.bin.2022/GOMC.bin.2022.gff
[08:59:17] ../../Data/Chen_Analysis/Prokka/Bacteria/GOMC.bin.2022/GOMC.bin.2022.txt
[08:59:17] ../../Data/Chen_Analysis/Prokka/Bacteria/GOMC.bin.2022/GOMC.bin.2022.sqn
[08:59:17] Annotation finished successfully.
[08:59:17] Walltime used: 0.87 minutes
[08:59:17] If you use this result please cite the Prokka paper:
[08:59:17] Seemann T (2014) Prokka: rapid prokaryotic genome annotation. Bioinformatics. 30(14):2068-9.
[08:59:17] Type 'prokka --citation' for more details.
[08:59:17] Thank you, come again.
