[10:50:09] This is prokka 1.14.6
[10:50:09] Written by Torsten Seemann <torsten.seemann@gmail.com>
[10:50:09] Homepage is https://github.com/tseemann/prokka
[10:50:09] Local time is Mon Dec  1 10:50:09 2025
[10:50:09] You are joao_facio
[10:50:09] Operating system is linux
[10:50:09] You have BioPerl 1.7.8
[10:50:09] System has 12 cores.
[10:50:09] Will use maximum of 4 cores.
[10:50:09] Annotating as >>> Bacteria <<<
[10:50:09] Generating locus_tag from '/tmp/tmp6gns85ah/GOMC.bin.7879.fa' contents.
[10:50:09] Setting --locustag IEANLFDF from MD5 2ea75fdf4477b7d5b66c59b0a203845e
[10:50:09] Creating new output folder: ../../Data/Chen_Analysis/Prokka/Bacteria/GOMC.bin.7879
[10:50:09] Running: mkdir -p \.\.\/\.\.\/Data\/Chen_Analysis\/Prokka\/Bacteria\/GOMC\.bin\.7879
[10:50:09] Using filename prefix: GOMC.bin.7879.XXX
[10:50:09] Setting HMMER_NCPU=1
[10:50:09] Writing log to: ../../Data/Chen_Analysis/Prokka/Bacteria/GOMC.bin.7879/GOMC.bin.7879.log
[10:50:09] Command: /home/joao_facio/miniconda3/envs/prokka/bin/prokka --outdir ../../Data/Chen_Analysis/Prokka/Bacteria/GOMC.bin.7879 --prefix GOMC.bin.7879 --kingdom Bacteria --genus M55B120 --strain GOMC.bin.7879 --cpus 4 --force /tmp/tmp6gns85ah/GOMC.bin.7879.fa
[10:50:09] Appending to PATH: /home/joao_facio/miniconda3/envs/prokka/bin
[10:50:09] Looking for 'aragorn' - found /home/joao_facio/miniconda3/envs/prokka/bin/aragorn
[10:50:09] Determined aragorn version is 001002 from 'ARAGORN v1.2.41 Dean Laslett'
[10:50:09] Looking for 'barrnap' - found /home/joao_facio/miniconda3/envs/prokka/bin/barrnap
[10:50:09] Determined barrnap version is 000009 from 'barrnap 0.9'
[10:50:09] Looking for 'blastp' - found /home/joao_facio/miniconda3/envs/prokka/bin/blastp
[10:50:10] Determined blastp version is 002016 from 'blastp: 2.16.0+'
[10:50:10] Looking for 'cmpress' - found /home/joao_facio/miniconda3/envs/prokka/bin/cmpress
[10:50:10] Determined cmpress version is 001001 from '# INFERNAL 1.1.5 (Sep 2023)'
[10:50:10] Looking for 'cmscan' - found /home/joao_facio/miniconda3/envs/prokka/bin/cmscan
[10:50:10] Determined cmscan version is 001001 from '# INFERNAL 1.1.5 (Sep 2023)'
[10:50:10] Looking for 'egrep' - found /usr/bin/egrep
[10:50:10] Looking for 'find' - found /usr/bin/find
[10:50:10] Looking for 'grep' - found /usr/bin/grep
[10:50:10] Looking for 'hmmpress' - found /home/joao_facio/miniconda3/envs/prokka/bin/hmmpress
[10:50:10] Determined hmmpress version is 003004 from '# HMMER 3.4 (Aug 2023); http://hmmer.org/'
[10:50:10] Looking for 'hmmscan' - found /home/joao_facio/miniconda3/envs/prokka/bin/hmmscan
[10:50:10] Determined hmmscan version is 003004 from '# HMMER 3.4 (Aug 2023); http://hmmer.org/'
[10:50:10] Looking for 'java' - found /home/joao_facio/miniconda3/envs/prokka/bin/java
[10:50:10] Looking for 'makeblastdb' - found /home/joao_facio/miniconda3/envs/prokka/bin/makeblastdb
[10:50:10] Determined makeblastdb version is 002016 from 'makeblastdb: 2.16.0+'
[10:50:10] Looking for 'minced' - found /home/joao_facio/miniconda3/envs/prokka/bin/minced
[10:50:10] Determined minced version is 004002 from 'minced 0.4.2'
[10:50:10] Looking for 'parallel' - found /home/joao_facio/miniconda3/envs/prokka/bin/parallel
[10:50:10] Determined parallel version is 20251122 from 'GNU parallel 20251122'
[10:50:10] Looking for 'prodigal' - found /home/joao_facio/miniconda3/envs/prokka/bin/prodigal
[10:50:10] Determined prodigal version is 002006 from 'Prodigal V2.6.3: February, 2016'
[10:50:10] Looking for 'prokka-genbank_to_fasta_db' - found /home/joao_facio/miniconda3/envs/prokka/bin/prokka-genbank_to_fasta_db
[10:50:10] Looking for 'sed' - found /usr/bin/sed
[10:50:10] Looking for 'tbl2asn' - found /home/joao_facio/miniconda3/envs/prokka/bin/tbl2asn
[10:50:10] Determined tbl2asn version is 025007 from 'tbl2asn 25.7   arguments:'
[10:50:10] Using genetic code table 11.
[10:50:10] Loading and checking input file: /tmp/tmp6gns85ah/GOMC.bin.7879.fa
[10:50:10] Wrote 156 contigs totalling 1322810 bp.
[10:50:10] Predicting tRNAs and tmRNAs
[10:50:10] Running: aragorn -l -gc11  -w \.\.\/\.\.\/Data\/Chen_Analysis\/Prokka\/Bacteria\/GOMC\.bin\.7879\/GOMC\.bin\.7879\.fna
[10:50:10] 1 tRNA-Gly [748,821] 33 (ccc)
[10:50:10] 1 tRNA-Pro [3338,3416] 37 (tgg)
[10:50:10] 1 tRNA-Leu [1312,1399] 35 (taa)
[10:50:10] 1 tRNA-Arg c[15268,15344] 35 (cct)
[10:50:10] 2 tRNA-Met [25107,25183] 35 (cat)
[10:50:10] 1 tRNA-Leu c[18280,18366] 35 (cag)
[10:50:10] 2 tRNA-Ser [28605,28695] 37 (tga)
[10:50:10] 3 tRNA-Arg [33106,33182] 35 (acg)
[10:50:10] 4 tRNA-Ser [33251,33344] 35 (gct)
[10:50:10] 1 tRNA-Ile c[4264,4340] 35 (gat)
[10:50:10] 1 tRNA-Glu [4806,4881] 35 (ctc)
[10:50:10] 1 tRNA-Trp [347,423] 35 (cca)
[10:50:10] 1 tRNA-Thr c[2700,2775] 34 (cgt)
[10:50:10] 1 tRNA-Phe c[5820,5895] 34 (gaa)
[10:50:10] 2 tRNA-Asp c[5932,6008] 35 (gtc)
[10:50:10] 3 tRNA-Val c[6033,6108] 34 (tac)
[10:50:10] 4 tRNA-Glu c[6110,6184] 34 (ttc)
[10:50:10] 5 tRNA-Lys c[6190,6265] 34 (ttt)
[10:50:10] 1 tRNA-Ala c[5175,5250] 34 (tgc)
[10:50:10] 1 tRNA-Gly [3307,3382] 34 (gcc)
[10:50:10] 1 tRNA-Leu c[459,547] 35 (caa)
[10:50:10] 1 tRNA-Pro [11602,11680] 37 (cgg)
[10:50:10] 1 tRNA-Thr [408,483] 34 (tgt)
[10:50:10] 2 tRNA-Tyr [490,574] 35 (gta)
[10:50:10] 3 tRNA-Thr [588,663] 34 (ggt)
[10:50:10] 1 tRNA-Met [9951,10026] 34 (cat)
[10:50:10] 1 tRNA-Ser c[1337,1432] 37 (cga)
[10:50:10] 2 tRNA-Ser c[2874,2965] 35 (gga)
[10:50:10] 1 tRNA-Gln c[273,347] 33 (ttg)
[10:50:10] 1 tRNA-Ala [13060,13135] 34 (ggc)
[10:50:10] 1 tRNA-Gln c[1011,1084] 33 (ctg)
[10:50:10] 1 tRNA-Pro c[2528,2605] 36 (ggg)
[10:50:10] Found 32 tRNAs
[10:50:10] Predicting Ribosomal RNAs
[10:50:10] Running Barrnap with 4 threads
[10:50:10] 1 k63_210915 8053 5S ribosomal RNA
[10:50:10] Found 1 rRNAs
[10:50:10] Skipping ncRNA search, enable with --rfam if desired.
[10:50:10] Total of 33 tRNA + rRNA features
[10:50:10] Searching for CRISPR repeats
[10:50:10] Found 0 CRISPRs
[10:50:10] Predicting coding sequences
[10:50:10] Contigs total 1322810 bp, so using single mode
[10:50:10] Running: prodigal -i \.\.\/\.\.\/Data\/Chen_Analysis\/Prokka\/Bacteria\/GOMC\.bin\.7879\/GOMC\.bin\.7879\.fna -c -m -g 11 -p single -f sco -q
[10:50:11] Excluding CDS which overlaps existing RNA (tRNA) at k63_6178368:1278..1856 on - strand
[10:50:11] Excluding CDS which overlaps existing RNA (tRNA) at k63_2386133:18323..18547 on - strand
[10:50:11] Excluding CDS which overlaps existing RNA (tRNA) at k63_2386133:32996..33376 on - strand
[10:50:11] Excluding CDS which overlaps existing RNA (tRNA) at k63_1288201:2799..4361 on + strand
[10:50:11] Excluding CDS which overlaps existing RNA (tRNA) at k63_3527744:2665..2787 on - strand
[10:50:11] Excluding CDS which overlaps existing RNA (tRNA) at k63_8025960:3251..3634 on - strand
[10:50:11] Excluding CDS which overlaps existing RNA (tRNA) at k63_7465137:576..965 on + strand
[10:50:11] Excluding CDS which overlaps existing RNA (tRNA) at k63_3717952:18..302 on + strand
[10:50:11] Excluding CDS which overlaps existing RNA (tRNA) at k63_2085424:13098..13217 on - strand
[10:50:11] Excluding CDS which overlaps existing RNA (tRNA) at k63_3268282:117..1073 on + strand
[10:50:11] Found 1231 CDS
[10:50:11] Connecting features back to sequences
[10:50:11] Not using genus-specific database. Try --usegenus to enable it.
[10:50:11] Annotating CDS, please be patient.
[10:50:11] Will use 4 CPUs for similarity searching.
[10:50:11] There are still 1231 unannotated CDS left (started with 1231)
[10:50:11] Will use blast to search against /home/joao_facio/miniconda3/envs/prokka/db/kingdom/Bacteria/IS with 4 CPUs
[10:50:11] Running: cat \.\.\/\.\.\/Data\/Chen_Analysis\/Prokka\/Bacteria\/GOMC\.bin\.7879\/GOMC\.bin\.7879\.IS\.tmp\.3537688\.faa | parallel --gnu --plain -j 4 --block 45609 --recstart '>' --pipe blastp -query - -db /home/joao_facio/miniconda3/envs/prokka/db/kingdom/Bacteria/IS -evalue 1e-30 -qcov_hsp_perc 90 -num_threads 1 -num_descriptions 1 -num_alignments 1 -seg no > \.\.\/\.\.\/Data\/Chen_Analysis\/Prokka\/Bacteria\/GOMC\.bin\.7879\/GOMC\.bin\.7879\.IS\.tmp\.3537688\.blast 2> /dev/null
[10:50:15] Deleting unwanted file: ../../Data/Chen_Analysis/Prokka/Bacteria/GOMC.bin.7879/GOMC.bin.7879.IS.tmp.3537688.faa
[10:50:15] Deleting unwanted file: ../../Data/Chen_Analysis/Prokka/Bacteria/GOMC.bin.7879/GOMC.bin.7879.IS.tmp.3537688.blast
[10:50:15] There are still 1230 unannotated CDS left (started with 1231)
[10:50:15] Will use blast to search against /home/joao_facio/miniconda3/envs/prokka/db/kingdom/Bacteria/AMR with 4 CPUs
[10:50:15] Running: cat \.\.\/\.\.\/Data\/Chen_Analysis\/Prokka\/Bacteria\/GOMC\.bin\.7879\/GOMC\.bin\.7879\.AMR\.tmp\.3537688\.faa | parallel --gnu --plain -j 4 --block 45578 --recstart '>' --pipe blastp -query - -db /home/joao_facio/miniconda3/envs/prokka/db/kingdom/Bacteria/AMR -evalue 1e-300 -qcov_hsp_perc 90 -num_threads 1 -num_descriptions 1 -num_alignments 1 -seg no > \.\.\/\.\.\/Data\/Chen_Analysis\/Prokka\/Bacteria\/GOMC\.bin\.7879\/GOMC\.bin\.7879\.AMR\.tmp\.3537688\.blast 2> /dev/null
[10:50:18] Deleting unwanted file: ../../Data/Chen_Analysis/Prokka/Bacteria/GOMC.bin.7879/GOMC.bin.7879.AMR.tmp.3537688.faa
[10:50:18] Deleting unwanted file: ../../Data/Chen_Analysis/Prokka/Bacteria/GOMC.bin.7879/GOMC.bin.7879.AMR.tmp.3537688.blast
[10:50:18] There are still 1230 unannotated CDS left (started with 1231)
[10:50:18] Will use blast to search against /home/joao_facio/miniconda3/envs/prokka/db/kingdom/Bacteria/sprot with 4 CPUs
[10:50:18] Running: cat \.\.\/\.\.\/Data\/Chen_Analysis\/Prokka\/Bacteria\/GOMC\.bin\.7879\/GOMC\.bin\.7879\.sprot\.tmp\.3537688\.faa | parallel --gnu --plain -j 4 --block 45578 --recstart '>' --pipe blastp -query - -db /home/joao_facio/miniconda3/envs/prokka/db/kingdom/Bacteria/sprot -evalue 1e-09 -qcov_hsp_perc 80 -num_threads 1 -num_descriptions 1 -num_alignments 1 -seg no > \.\.\/\.\.\/Data\/Chen_Analysis\/Prokka\/Bacteria\/GOMC\.bin\.7879\/GOMC\.bin\.7879\.sprot\.tmp\.3537688\.blast 2> /dev/null
[10:50:34] Modify product: Dihydroorotate dehydrogenase B (NAD(+)), electron transfer subunit homolog => Dihydroorotate dehydrogenase B (NAD(+)), electron transfer subunit 
[10:50:34] Modify product: Probable fructose-bisphosphate aldolase => putative fructose-bisphosphate aldolase
[10:50:34] Modify product: Uncharacterized zinc-type alcohol dehydrogenase-like protein YjmD => putative zinc-type alcohol dehydrogenase-like protein YjmD
[10:50:34] Modify product: Nucleoid-associated protein Cthe_2143 => Nucleoid-associated protein
[10:50:34] Modify product: Uncharacterized HTH-type transcriptional regulator Rv0081 => putative HTH-type transcriptional regulator
[10:50:34] Modify product: Uncharacterized oxidoreductase YjmC => putative oxidoreductase YjmC
[10:50:34] Modify product: Probable chromosome-partitioning protein ParB => putative chromosome-partitioning protein ParB
[10:50:34] Modify product: Beta sliding clamp homolog GriR => Beta sliding clamp GriR
[10:50:34] Modify product: Probable transcriptional regulatory protein DVU_2259 => putative transcriptional regulatory protein
[10:50:34] Modify product: Uncharacterized protein SA1069 => putative protein
[10:50:34] Modify product: DegV domain-containing protein MW1315 => DegV domain-containing protein
[10:50:34] Modify product: Uncharacterized protein Rv1829 => putative protein
[10:50:34] Modify product: Uncharacterized HTH-type transcriptional regulator Rv1830 => putative HTH-type transcriptional regulator
[10:50:34] Modify product: Probable peptidoglycan glycosyltransferase FtsW => putative peptidoglycan glycosyltransferase FtsW
[10:50:34] Modify product: Bifunctional protein FolD => Bifunctional protein FolD protein
[10:50:34] Modify product: Probable acyl-CoA dehydrogenase fadE25 => putative acyl-CoA dehydrogenase fadE25
[10:50:34] Modify product: Uncharacterized zinc protease Rv2782c => putative zinc protease
[10:50:34] Modify product: Uncharacterized oxidoreductase UxuB => putative oxidoreductase UxuB
[10:50:34] Modify product: Probable alcohol dehydrogenase AdhA => putative alcohol dehydrogenase AdhA
[10:50:34] Modify product: Uncharacterized protein Rv1488 => putative protein
[10:50:34] Modify product: NADH dehydrogenase-like protein SAOUHSC_00878 => NADH dehydrogenase-like protein
[10:50:34] Modify product: Probable molybdenum cofactor guanylyltransferase => putative molybdenum cofactor guanylyltransferase
[10:50:34] Modify product: Uncharacterized protein Rv2581c => putative protein
[10:50:34] Modify product: UPF0109 protein Rv2908c => hypothetical protein
[10:50:34] Modify product: Putative transport protein Rv0205 => Putative transport protein
[10:50:34] Modify product: Probable histidine-binding protein => putative histidine-binding protein
[10:50:34] Modify product: Uncharacterized oxidoreductase MSMEG_1603/MSMEI_1564 => putative oxidoreductase/MSMEI_1564
[10:50:34] Modify product: Uncharacterized ABC transporter ATP-binding protein TM_0288 => putative ABC transporter ATP-binding protein
[10:50:34] Modify product: Probable multidrug resistance ABC transporter ATP-binding/permease protein YheI => putative multidrug resistance ABC transporter ATP-binding/permease protein YheI
[10:50:34] Modify product: Uncharacterized ABC transporter ATP-binding protein YknY => putative ABC transporter ATP-binding protein YknY
[10:50:34] Modify product: Uncharacterized zinc-type alcohol dehydrogenase-like protein YjmD => putative zinc-type alcohol dehydrogenase-like protein YjmD
[10:50:34] Modify product: Probable succinyl-diaminopimelate desuccinylase => putative succinyl-diaminopimelate desuccinylase
[10:50:34] Modify product: Probable adenylyltransferase/sulfurtransferase MoeZ => putative adenylyltransferase/sulfurtransferase MoeZ
[10:50:34] Modify product: Probable nicotinate-nucleotide adenylyltransferase => putative nicotinate-nucleotide adenylyltransferase
[10:50:34] Modify product: Probable lipid II flippase MurJ => putative lipid II flippase MurJ
[10:50:34] Modify product: UPF0053 inner membrane protein YgdQ => hypothetical protein
[10:50:34] Modify product: Uncharacterized protein Mb1858 => putative protein
[10:50:34] Modify product: UPF0047 protein Rv2556c => hypothetical protein
[10:50:34] Cleaned 38 /product names
[10:50:34] Deleting unwanted file: ../../Data/Chen_Analysis/Prokka/Bacteria/GOMC.bin.7879/GOMC.bin.7879.sprot.tmp.3537688.faa
[10:50:34] Deleting unwanted file: ../../Data/Chen_Analysis/Prokka/Bacteria/GOMC.bin.7879/GOMC.bin.7879.sprot.tmp.3537688.blast
[10:50:34] There are still 557 unannotated CDS left (started with 1231)
[10:50:34] Will use hmmer3 to search against /home/joao_facio/miniconda3/envs/prokka/db/hmm/HAMAP.hmm with 4 CPUs
[10:50:34] Running: cat \.\.\/\.\.\/Data\/Chen_Analysis\/Prokka\/Bacteria\/GOMC\.bin\.7879\/GOMC\.bin\.7879\.HAMAP\.hmm\.tmp\.3537688\.faa | parallel --gnu --plain -j 4 --block 17999 --recstart '>' --pipe hmmscan --noali --notextw --acc -E 1e-09 --cpu 1 /home/joao_facio/miniconda3/envs/prokka/db/hmm/HAMAP.hmm /dev/stdin > \.\.\/\.\.\/Data\/Chen_Analysis\/Prokka\/Bacteria\/GOMC\.bin\.7879\/GOMC\.bin\.7879\.HAMAP\.hmm\.tmp\.3537688\.hmmer3 2> /dev/null
[10:50:39] Deleting unwanted file: ../../Data/Chen_Analysis/Prokka/Bacteria/GOMC.bin.7879/GOMC.bin.7879.HAMAP.hmm.tmp.3537688.faa
[10:50:39] Deleting unwanted file: ../../Data/Chen_Analysis/Prokka/Bacteria/GOMC.bin.7879/GOMC.bin.7879.HAMAP.hmm.tmp.3537688.hmmer3
[10:50:39] Labelling remaining 449 proteins as 'hypothetical protein'
[10:50:39] Possible /pseudo 'Ornithine racemase' at k63_60834 position 2369
[10:50:39] Possible /pseudo 'D-inositol-3-phosphate glycosyltransferase' at k63_2822472 position 37495
[10:50:39] Possible /pseudo '2-phosphonomethylmalate synthase' at k63_6178368 position 9046
[10:50:39] Possible /pseudo 'Fosmidomycin resistance protein' at k63_3991523 position 2004
[10:50:39] Possible /pseudo 'Trigger factor' at k63_1269537 position 4922
[10:50:39] Possible /pseudo 'tRNA uridine 5-carboxymethylaminomethyl modification enzyme MnmG' at k63_172677 position 5814
[10:50:39] Possible /pseudo 'Elongation factor G' at k63_6434053 position 975
[10:50:39] Found 647 unique /gene codes.
[10:50:39] Fixed 2 duplicate /gene - leuA_1 leuA_2
[10:50:39] Fixed 3 duplicate /gene - ccmL_1 ccmL_2 ccmL_3
[10:50:39] Fixed 2 duplicate /gene - cpoB_1 cpoB_2
[10:50:39] Fixed 2 duplicate /gene - nosZ_1 nosZ_2
[10:50:39] Fixed 3 duplicate /gene - hemE_1 hemE_2 hemE_3
[10:50:39] Fixed 2 duplicate /gene - mnmG_1 mnmG_2
[10:50:39] Fixed 2 duplicate /gene - hpt_1 hpt_2
[10:50:39] Fixed 2 duplicate /gene - dapA_1 dapA_2
[10:50:39] Fixed 3 duplicate /gene - bfmBAB_1 bfmBAB_2 bfmBAB_3
[10:50:39] Fixed 2 duplicate /gene - mtgA_1 mtgA_2
[10:50:39] Fixed 3 duplicate /gene - gutB_1 gutB_2 gutB_3
[10:50:39] Fixed 2 duplicate /gene - tagU_1 tagU_2
[10:50:39] Fixed 3 duplicate /gene - plsY_1 plsY_2 plsY_3
[10:50:39] Fixed 2 duplicate /gene - metXA_1 metXA_2
[10:50:39] Fixed 2 duplicate /gene - mtgB_1 mtgB_2
[10:50:39] Fixed 2 duplicate /gene - rpe_1 rpe_2
[10:50:39] Fixed 2 duplicate /gene - sorC_1 sorC_2
[10:50:39] Fixed 2 duplicate /gene - atpC_1 atpC_2
[10:50:39] Fixed 2 duplicate /gene - pfp_1 pfp_2
[10:50:39] Fixed 2 duplicate /gene - mtnB_1 mtnB_2
[10:50:39] Fixed 2 duplicate /gene - dnaE1_1 dnaE1_2
[10:50:39] Fixed 2 duplicate /gene - rsxB_1 rsxB_2
[10:50:39] Fixed 2 duplicate /gene - DmdB_1 DmdB_2
[10:50:39] Fixed 2 duplicate /gene - pdhC_1 pdhC_2
[10:50:39] Fixed 5 duplicate /gene - mshA_1 mshA_2 mshA_3 mshA_4 mshA_5
[10:50:39] Fixed 2 duplicate /gene - cpdA_1 cpdA_2
[10:50:39] Fixed 2 duplicate /gene - miaB_1 miaB_2
[10:50:39] Fixed 2 duplicate /gene - larA_1 larA_2
[10:50:39] Fixed 2 duplicate /gene - acsE_1 acsE_2
[10:50:39] Fixed 4 duplicate /gene - acoA_1 acoA_2 acoA_3 acoA_4
[10:50:39] Fixed 2 duplicate /gene - tpiA_1 tpiA_2
[10:50:39] Fixed 3 duplicate /gene - glmM_1 glmM_2 glmM_3
[10:50:39] Fixed 2 duplicate /gene - sigA_1 sigA_2
[10:50:39] Fixed 2 duplicate /gene - dmdA_1 dmdA_2
[10:50:39] Fixed 2 duplicate /gene - frbC_1 frbC_2
[10:50:39] Fixed 2 duplicate /gene - gpsA_1 gpsA_2
[10:50:39] Fixed 2 duplicate /gene - lexA_1 lexA_2
[10:50:39] Fixed 2 duplicate /gene - nuoB_1 nuoB_2
[10:50:39] Fixed 2 duplicate /gene - gatC_1 gatC_2
[10:50:39] Fixed 2 duplicate /gene - atpF_1 atpF_2
[10:50:39] Fixed 2 duplicate /gene - fabG_1 fabG_2
[10:50:39] Fixed 3 duplicate /gene - COQ5_1 COQ5_2 COQ5_3
[10:50:39] Fixed 2 duplicate /gene - nfrA2_1 nfrA2_2
[10:50:39] Fixed 2 duplicate /gene - gatD_1 gatD_2
[10:50:39] Fixed 2 duplicate /gene - glmS_1 glmS_2
[10:50:39] Fixed 2 duplicate /gene - atpH_1 atpH_2
[10:50:39] Fixed 2 duplicate /gene - crtQ_1 crtQ_2
[10:50:39] Fixed 2 duplicate /gene - wbgU_1 wbgU_2
[10:50:39] Fixed 2 duplicate /gene - yjmD_1 yjmD_2
[10:50:39] Fixed 2 duplicate /gene - COQ3_1 COQ3_2
[10:50:39] Fixed 2 duplicate /gene - tig_1 tig_2
[10:50:39] Fixed 2 duplicate /gene - lemA_1 lemA_2
[10:50:39] Fixed 2 duplicate /gene - napA_1 napA_2
[10:50:39] Fixed 2 duplicate /gene - cymR_1 cymR_2
[10:50:39] Fixed 2 duplicate /gene - dnaJ_1 dnaJ_2
[10:50:39] Fixed 2 duplicate /gene - rsxC_1 rsxC_2
[10:50:39] Fixed 2 duplicate /gene - oleD_1 oleD_2
[10:50:39] Fixed 2 duplicate /gene - glpK_1 glpK_2
[10:50:39] Fixed 2 duplicate /gene - btuD_1 btuD_2
[10:50:39] Fixed 2 duplicate /gene - yitJ_1 yitJ_2
[10:50:39] Fixed 3 duplicate /gene - iscS_1 iscS_2 iscS_3
[10:50:39] Fixed 2 duplicate /gene - purF_1 purF_2
[10:50:39] Fixed 2 duplicate /gene - trpB_1 trpB_2
[10:50:39] Fixed 2 duplicate /gene - nuoI_1 nuoI_2
[10:50:39] Fixed 2 duplicate /gene - rpiB_1 rpiB_2
[10:50:39] Fixed 2 duplicate /gene - fsr_1 fsr_2
[10:50:39] Fixed 2 duplicate /gene - cugP_1 cugP_2
[10:50:39] Fixed 2 duplicate /gene - orr_1 orr_2
[10:50:39] Fixed 68 colliding /gene names.
[10:50:39] Adding /locus_tag identifiers
[10:50:39] Assigned 1264 locus_tags to CDS and RNA features.
[10:50:39] Writing outputs to ../../Data/Chen_Analysis/Prokka/Bacteria/GOMC.bin.7879/
[10:50:39] Generating annotation statistics file
[10:50:39] Generating Genbank and Sequin files
[10:50:39] Running: tbl2asn -V b -a r10k -l paired-ends -M n -N 1 -y 'Annotated using prokka 1.14.6 from https://github.com/tseemann/prokka' -Z \.\.\/\.\.\/Data\/Chen_Analysis\/Prokka\/Bacteria\/GOMC\.bin\.7879\/GOMC\.bin\.7879\.err -i \.\.\/\.\.\/Data\/Chen_Analysis\/Prokka\/Bacteria\/GOMC\.bin\.7879\/GOMC\.bin\.7879\.fsa 2> /dev/null
[10:50:41] Deleting unwanted file: ../../Data/Chen_Analysis/Prokka/Bacteria/GOMC.bin.7879/errorsummary.val
[10:50:41] Deleting unwanted file: ../../Data/Chen_Analysis/Prokka/Bacteria/GOMC.bin.7879/GOMC.bin.7879.dr
[10:50:41] Deleting unwanted file: ../../Data/Chen_Analysis/Prokka/Bacteria/GOMC.bin.7879/GOMC.bin.7879.fixedproducts
[10:50:41] Deleting unwanted file: ../../Data/Chen_Analysis/Prokka/Bacteria/GOMC.bin.7879/GOMC.bin.7879.ecn
[10:50:41] Deleting unwanted file: ../../Data/Chen_Analysis/Prokka/Bacteria/GOMC.bin.7879/GOMC.bin.7879.val
[10:50:41] Repairing broken .GBK output that tbl2asn produces...
[10:50:41] Running: sed 's/COORDINATES: profile/COORDINATES:profile/' < \.\.\/\.\.\/Data\/Chen_Analysis\/Prokka\/Bacteria\/GOMC\.bin\.7879\/GOMC\.bin\.7879\.gbf > \.\.\/\.\.\/Data\/Chen_Analysis\/Prokka\/Bacteria\/GOMC\.bin\.7879\/GOMC\.bin\.7879\.gbk
[10:50:41] Deleting unwanted file: ../../Data/Chen_Analysis/Prokka/Bacteria/GOMC.bin.7879/GOMC.bin.7879.gbf
[10:50:41] Output files:
[10:50:41] ../../Data/Chen_Analysis/Prokka/Bacteria/GOMC.bin.7879/GOMC.bin.7879.fna
[10:50:41] ../../Data/Chen_Analysis/Prokka/Bacteria/GOMC.bin.7879/GOMC.bin.7879.fsa
[10:50:41] ../../Data/Chen_Analysis/Prokka/Bacteria/GOMC.bin.7879/GOMC.bin.7879.gbk
[10:50:41] ../../Data/Chen_Analysis/Prokka/Bacteria/GOMC.bin.7879/GOMC.bin.7879.sqn
[10:50:41] ../../Data/Chen_Analysis/Prokka/Bacteria/GOMC.bin.7879/GOMC.bin.7879.log
[10:50:41] ../../Data/Chen_Analysis/Prokka/Bacteria/GOMC.bin.7879/GOMC.bin.7879.faa
[10:50:41] ../../Data/Chen_Analysis/Prokka/Bacteria/GOMC.bin.7879/GOMC.bin.7879.tbl
[10:50:41] ../../Data/Chen_Analysis/Prokka/Bacteria/GOMC.bin.7879/GOMC.bin.7879.txt
[10:50:41] ../../Data/Chen_Analysis/Prokka/Bacteria/GOMC.bin.7879/GOMC.bin.7879.err
[10:50:41] ../../Data/Chen_Analysis/Prokka/Bacteria/GOMC.bin.7879/GOMC.bin.7879.tsv
[10:50:41] ../../Data/Chen_Analysis/Prokka/Bacteria/GOMC.bin.7879/GOMC.bin.7879.ffn
[10:50:41] ../../Data/Chen_Analysis/Prokka/Bacteria/GOMC.bin.7879/GOMC.bin.7879.gff
[10:50:41] Annotation finished successfully.
[10:50:41] Walltime used: 0.53 minutes
[10:50:41] If you use this result please cite the Prokka paper:
[10:50:41] Seemann T (2014) Prokka: rapid prokaryotic genome annotation. Bioinformatics. 30(14):2068-9.
[10:50:41] Type 'prokka --citation' for more details.
[10:50:41] Thank you, come again.
