[09:41:50] This is prokka 1.14.6
[09:41:50] Written by Torsten Seemann <torsten.seemann@gmail.com>
[09:41:50] Homepage is https://github.com/tseemann/prokka
[09:41:50] Local time is Mon Dec  1 09:41:50 2025
[09:41:50] You are joao_facio
[09:41:50] Operating system is linux
[09:41:50] You have BioPerl 1.7.8
[09:41:50] System has 12 cores.
[09:41:50] Will use maximum of 4 cores.
[09:41:50] Annotating as >>> Bacteria <<<
[09:41:50] Generating locus_tag from '/tmp/tmp6gns85ah/GOMC.bin.13177.fa' contents.
[09:41:50] Setting --locustag OKCLJGBK from MD5 84c530b44abc759e4a68daf483369de8
[09:41:50] Creating new output folder: ../../Data/Chen_Analysis/Prokka/Bacteria/GOMC.bin.13177
[09:41:50] Running: mkdir -p \.\.\/\.\.\/Data\/Chen_Analysis\/Prokka\/Bacteria\/GOMC\.bin\.13177
[09:41:50] Using filename prefix: GOMC.bin.13177.XXX
[09:41:50] Setting HMMER_NCPU=1
[09:41:50] Writing log to: ../../Data/Chen_Analysis/Prokka/Bacteria/GOMC.bin.13177/GOMC.bin.13177.log
[09:41:50] Command: /home/joao_facio/miniconda3/envs/prokka/bin/prokka --outdir ../../Data/Chen_Analysis/Prokka/Bacteria/GOMC.bin.13177 --prefix GOMC.bin.13177 --kingdom Bacteria --genus UBA4466 --strain GOMC.bin.13177 --cpus 4 --force /tmp/tmp6gns85ah/GOMC.bin.13177.fa
[09:41:50] Appending to PATH: /home/joao_facio/miniconda3/envs/prokka/bin
[09:41:50] Looking for 'aragorn' - found /home/joao_facio/miniconda3/envs/prokka/bin/aragorn
[09:41:50] Determined aragorn version is 001002 from 'ARAGORN v1.2.41 Dean Laslett'
[09:41:50] Looking for 'barrnap' - found /home/joao_facio/miniconda3/envs/prokka/bin/barrnap
[09:41:50] Determined barrnap version is 000009 from 'barrnap 0.9'
[09:41:50] Looking for 'blastp' - found /home/joao_facio/miniconda3/envs/prokka/bin/blastp
[09:41:50] Determined blastp version is 002016 from 'blastp: 2.16.0+'
[09:41:50] Looking for 'cmpress' - found /home/joao_facio/miniconda3/envs/prokka/bin/cmpress
[09:41:50] Determined cmpress version is 001001 from '# INFERNAL 1.1.5 (Sep 2023)'
[09:41:50] Looking for 'cmscan' - found /home/joao_facio/miniconda3/envs/prokka/bin/cmscan
[09:41:50] Determined cmscan version is 001001 from '# INFERNAL 1.1.5 (Sep 2023)'
[09:41:50] Looking for 'egrep' - found /usr/bin/egrep
[09:41:50] Looking for 'find' - found /usr/bin/find
[09:41:50] Looking for 'grep' - found /usr/bin/grep
[09:41:50] Looking for 'hmmpress' - found /home/joao_facio/miniconda3/envs/prokka/bin/hmmpress
[09:41:50] Determined hmmpress version is 003004 from '# HMMER 3.4 (Aug 2023); http://hmmer.org/'
[09:41:50] Looking for 'hmmscan' - found /home/joao_facio/miniconda3/envs/prokka/bin/hmmscan
[09:41:50] Determined hmmscan version is 003004 from '# HMMER 3.4 (Aug 2023); http://hmmer.org/'
[09:41:50] Looking for 'java' - found /home/joao_facio/miniconda3/envs/prokka/bin/java
[09:41:50] Looking for 'makeblastdb' - found /home/joao_facio/miniconda3/envs/prokka/bin/makeblastdb
[09:41:50] Determined makeblastdb version is 002016 from 'makeblastdb: 2.16.0+'
[09:41:50] Looking for 'minced' - found /home/joao_facio/miniconda3/envs/prokka/bin/minced
[09:41:50] Determined minced version is 004002 from 'minced 0.4.2'
[09:41:50] Looking for 'parallel' - found /home/joao_facio/miniconda3/envs/prokka/bin/parallel
[09:41:50] Determined parallel version is 20251122 from 'GNU parallel 20251122'
[09:41:50] Looking for 'prodigal' - found /home/joao_facio/miniconda3/envs/prokka/bin/prodigal
[09:41:50] Determined prodigal version is 002006 from 'Prodigal V2.6.3: February, 2016'
[09:41:50] Looking for 'prokka-genbank_to_fasta_db' - found /home/joao_facio/miniconda3/envs/prokka/bin/prokka-genbank_to_fasta_db
[09:41:50] Looking for 'sed' - found /usr/bin/sed
[09:41:50] Looking for 'tbl2asn' - found /home/joao_facio/miniconda3/envs/prokka/bin/tbl2asn
[09:41:50] Determined tbl2asn version is 025007 from 'tbl2asn 25.7   arguments:'
[09:41:50] Using genetic code table 11.
[09:41:50] Loading and checking input file: /tmp/tmp6gns85ah/GOMC.bin.13177.fa
[09:41:50] Wrote 88 contigs totalling 3459093 bp.
[09:41:50] Predicting tRNAs and tmRNAs
[09:41:50] Running: aragorn -l -gc11  -w \.\.\/\.\.\/Data\/Chen_Analysis\/Prokka\/Bacteria\/GOMC\.bin\.13177\/GOMC\.bin\.13177\.fna
[09:41:50] 1 tRNA-Leu c[3856,3940] 35 (taa)
[09:41:50] 2 tRNA-Gly c[4023,4096] 34 (gcc)
[09:41:50] 1 tRNA-Phe [50793,50866] 34 (gaa)
[09:41:50] 1 tRNA-Met [58700,58774] 35 (cat)
[09:41:50] 1 tRNA-Arg c[29669,29743] 35 (acg)
[09:41:50] 2 tRNA-Leu [63139,63223] 35 (gag)
[09:41:50] 1 tRNA-Cys c[11314,11385] 33 (gca)
[09:41:50] 1 tRNA-Glu [7958,8030] 34 (ttc)
[09:41:50] 1 tRNA-Met c[1669,1743] 35 (cat)
[09:41:50] 2 tRNA-Met [38776,38849] 34 (cat)
[09:41:50] 1 tRNA-Leu [105182,105264] 35 (caa)
[09:41:50] 2 tRNA-Arg [215926,216000] 35 (tcg)
[09:41:50] 1 tRNA-Asn c[53540,53614] 35 (gtt)
[09:41:50] 1 tRNA-Gln c[64841,64914] 34 (ttg)
[09:41:50] 1 tRNA-His c[9011,9087] 35 (gtg)
[09:41:50] 1 tRNA-Ser [25579,25664] 35 (gga)
[09:41:50] 1 tRNA-Arg c[21562,21636] 35 (tct)
[09:41:50] 2 tRNA-Pro c[21693,21768] 36 (tgg)
[09:41:50] 3 tRNA-Ser c[21931,22019] 35 (gct)
[09:41:50] 1 tRNA-Leu [7188,7270] 35 (tag)
[09:41:50] 1 tRNA-Thr [77010,77084] 35 (tgt)
[09:41:50] 2 tRNA-Tyr [77094,77176] 35 (gta)
[09:41:50] 3 tRNA-Gly [77203,77276] 34 (tcc)
[09:41:50] 4 tRNA-Trp [78709,78782] 34 (cca)
[09:41:50] 1 tmRNA c[140,542] 98,127 DNTSYRLAA*
[09:41:50] Found 25 tRNAs
[09:41:50] Predicting Ribosomal RNAs
[09:41:50] Running Barrnap with 4 threads
[09:41:51] Found 0 rRNAs
[09:41:51] Skipping ncRNA search, enable with --rfam if desired.
[09:41:51] Total of 24 tRNA + rRNA features
[09:41:51] Searching for CRISPR repeats
[09:41:51] Found 0 CRISPRs
[09:41:51] Predicting coding sequences
[09:41:51] Contigs total 3459093 bp, so using single mode
[09:41:51] Running: prodigal -i \.\.\/\.\.\/Data\/Chen_Analysis\/Prokka\/Bacteria\/GOMC\.bin\.13177\/GOMC\.bin\.13177\.fna -c -m -g 11 -p single -f sco -q
[09:41:55] Excluding CDS which overlaps existing RNA (tRNA) at k63_30637:64823..65089 on + strand
[09:41:55] Found 3030 CDS
[09:41:55] Connecting features back to sequences
[09:41:55] Not using genus-specific database. Try --usegenus to enable it.
[09:41:55] Annotating CDS, please be patient.
[09:41:55] Will use 4 CPUs for similarity searching.
[09:41:56] There are still 3030 unannotated CDS left (started with 3030)
[09:41:56] Will use blast to search against /home/joao_facio/miniconda3/envs/prokka/db/kingdom/Bacteria/IS with 4 CPUs
[09:41:56] Running: cat \.\.\/\.\.\/Data\/Chen_Analysis\/Prokka\/Bacteria\/GOMC\.bin\.13177\/GOMC\.bin\.13177\.IS\.tmp\.3400570\.faa | parallel --gnu --plain -j 4 --block 135790 --recstart '>' --pipe blastp -query - -db /home/joao_facio/miniconda3/envs/prokka/db/kingdom/Bacteria/IS -evalue 1e-30 -qcov_hsp_perc 90 -num_threads 1 -num_descriptions 1 -num_alignments 1 -seg no > \.\.\/\.\.\/Data\/Chen_Analysis\/Prokka\/Bacteria\/GOMC\.bin\.13177\/GOMC\.bin\.13177\.IS\.tmp\.3400570\.blast 2> /dev/null
[09:42:06] Deleting unwanted file: ../../Data/Chen_Analysis/Prokka/Bacteria/GOMC.bin.13177/GOMC.bin.13177.IS.tmp.3400570.faa
[09:42:06] Deleting unwanted file: ../../Data/Chen_Analysis/Prokka/Bacteria/GOMC.bin.13177/GOMC.bin.13177.IS.tmp.3400570.blast
[09:42:06] There are still 3029 unannotated CDS left (started with 3030)
[09:42:06] Will use blast to search against /home/joao_facio/miniconda3/envs/prokka/db/kingdom/Bacteria/AMR with 4 CPUs
[09:42:06] Running: cat \.\.\/\.\.\/Data\/Chen_Analysis\/Prokka\/Bacteria\/GOMC\.bin\.13177\/GOMC\.bin\.13177\.AMR\.tmp\.3400570\.faa | parallel --gnu --plain -j 4 --block 135763 --recstart '>' --pipe blastp -query - -db /home/joao_facio/miniconda3/envs/prokka/db/kingdom/Bacteria/AMR -evalue 1e-300 -qcov_hsp_perc 90 -num_threads 1 -num_descriptions 1 -num_alignments 1 -seg no > \.\.\/\.\.\/Data\/Chen_Analysis\/Prokka\/Bacteria\/GOMC\.bin\.13177\/GOMC\.bin\.13177\.AMR\.tmp\.3400570\.blast 2> /dev/null
[09:42:14] Deleting unwanted file: ../../Data/Chen_Analysis/Prokka/Bacteria/GOMC.bin.13177/GOMC.bin.13177.AMR.tmp.3400570.faa
[09:42:14] Deleting unwanted file: ../../Data/Chen_Analysis/Prokka/Bacteria/GOMC.bin.13177/GOMC.bin.13177.AMR.tmp.3400570.blast
[09:42:15] There are still 3029 unannotated CDS left (started with 3030)
[09:42:15] Will use blast to search against /home/joao_facio/miniconda3/envs/prokka/db/kingdom/Bacteria/sprot with 4 CPUs
[09:42:15] Running: cat \.\.\/\.\.\/Data\/Chen_Analysis\/Prokka\/Bacteria\/GOMC\.bin\.13177\/GOMC\.bin\.13177\.sprot\.tmp\.3400570\.faa | parallel --gnu --plain -j 4 --block 135763 --recstart '>' --pipe blastp -query - -db /home/joao_facio/miniconda3/envs/prokka/db/kingdom/Bacteria/sprot -evalue 1e-09 -qcov_hsp_perc 80 -num_threads 1 -num_descriptions 1 -num_alignments 1 -seg no > \.\.\/\.\.\/Data\/Chen_Analysis\/Prokka\/Bacteria\/GOMC\.bin\.13177\/GOMC\.bin\.13177\.sprot\.tmp\.3400570\.blast 2> /dev/null
[09:42:59] Modify product: Uncharacterized DapA-like lyase => putative DapA-like lyase
[09:42:59] Modify product: Protease HtpX homolog => Protease HtpX 
[09:42:59] Modify product: UPF0056 inner membrane protein MarC => hypothetical protein
[09:42:59] Modify product: Glutathione peroxidase homolog BsaA => Glutathione peroxidase BsaA
[09:42:59] Modify product: Probable acyl-CoA dehydrogenase => putative acyl-CoA dehydrogenase
[09:42:59] Modify product: Probable 3-hydroxyacyl-CoA dehydrogenase => putative 3-hydroxyacyl-CoA dehydrogenase
[09:42:59] Modify product: Epimerase family protein SA0724 => Epimerase family protein
[09:42:59] Modify product: Acetyltransferase PA3944 => Acetyltransferase
[09:42:59] Modify product: Uncharacterized protein Rv0959 => putative protein
[09:42:59] Modify product: Uncharacterized protein YqjZ => putative protein YqjZ
[09:42:59] Modify product: Probable FKBP-type peptidyl-prolyl cis-trans isomerase FkpA => putative FKBP-type peptidyl-prolyl cis-trans isomerase FkpA
[09:42:59] Modify product: Uncharacterized protein YqeY => putative protein YqeY
[09:42:59] Modify product: Probable murein peptide carboxypeptidase => putative murein peptide carboxypeptidase
[09:42:59] Modify product: Probable GTP-binding protein EngB => putative GTP-binding protein EngB
[09:42:59] Modify product: Putative zinc metalloprotease aq_1964 => Putative zinc metalloprotease
[09:42:59] Modify product: Epimerase family protein SA0724 => Epimerase family protein
[09:42:59] Modify product: Uncharacterized oxidoreductase Rv2900c => putative oxidoreductase
[09:42:59] Modify product: Putative cystathionine beta-synthase Rv1077 => Putative cystathionine beta-synthase
[09:42:59] Modify product: Probable 2-phosphosulfolactate phosphatase => putative 2-phosphosulfolactate phosphatase
[09:42:59] Modify product: Acetyltransferase PA3944 => Acetyltransferase
[09:42:59] Modify product: Uncharacterized glycosyltransferase Rv0539 => putative glycosyltransferase
[09:42:59] Modify product: Uncharacterized protein YqeN => putative protein YqeN
[09:42:59] Modify product: Uncharacterized protein PA14_02130 => putative protein
[09:42:59] Modify product: Uncharacterized FAD-linked oxidoreductase Rv2280 => putative FAD-linked oxidoreductase
[09:42:59] Modify product: Ribonuclease TTHA0252 => Ribonuclease
[09:42:59] Modify product: Uncharacterized protein YciO => putative protein YciO
[09:42:59] Modify product: Probable acetyl-CoA acyltransferase => putative acetyl-CoA acyltransferase
[09:42:59] Modify product: Probable S-adenosylmethionine-dependent methyltransferase MSMEG_2350/MSMEI_2290 => putative S-adenosylmethionine-dependent methyltransferase/MSMEI_2290
[09:42:59] Modify product: UPF0176 protein YceA => hypothetical protein
[09:42:59] Modify product: Probable transcriptional regulatory protein HP_0162 => putative transcriptional regulatory protein
[09:42:59] Modify product: UPF0056 inner membrane protein YhgN => hypothetical protein
[09:42:59] Modify product: Uncharacterized protein YciH => putative protein YciH
[09:42:59] Modify product: Putative anti-sigma factor antagonist TM_1442 => Putative anti-sigma factor antagonist
[09:42:59] Modify product: Bifunctional protein FolD => Bifunctional protein FolD protein
[09:42:59] Modify product: UPF0394 membrane protein XF_0766 => hypothetical protein
[09:42:59] Modify product: Uncharacterized protein YyaP => putative protein YyaP
[09:42:59] Modify product: Putative multidrug export ATP-binding/permease protein SAV1866 => Putative multidrug export ATP-binding/permease protein
[09:42:59] Modify product: Probable iron-sulfur-binding oxidoreductase FadF => putative iron-sulfur-binding oxidoreductase FadF
[09:42:59] Modify product: Probable iron-sulfur-binding oxidoreductase FadF => putative iron-sulfur-binding oxidoreductase FadF
[09:42:59] Modify product: UPF0301 protein SO_3346 => hypothetical protein
[09:42:59] Modify product: Uncharacterized protein YedJ => putative protein YedJ
[09:42:59] Modify product: Probable copper-transporting ATPase PacS => putative copper-transporting ATPase PacS
[09:42:59] Modify product: Probable multidrug resistance ABC transporter ATP-binding/permease protein YheI => putative multidrug resistance ABC transporter ATP-binding/permease protein YheI
[09:42:59] Modify product: Probable chromate transport protein => putative chromate transport protein
[09:42:59] Modify product: Probable FKBP-type peptidyl-prolyl cis-trans isomerase FkpA => putative FKBP-type peptidyl-prolyl cis-trans isomerase FkpA
[09:42:59] Modify product: UPF0382 membrane protein YwdK => hypothetical protein
[09:42:59] Modify product: UPF0758 protein CT0611 => hypothetical protein
[09:42:59] Modify product: Putative low molecular weight protein-tyrosine-phosphatase slr0328 => Putative low molecular weight protein-tyrosine-phosphatase
[09:42:59] Modify product: Probable bacterial non-heme ferritin => putative bacterial non-heme ferritin
[09:42:59] Modify product: UPF0053 protein Rv1842c => hypothetical protein
[09:42:59] Modify product: UPF0701 protein YicC => hypothetical protein
[09:42:59] Modify product: Probable succinyl-CoA:3-ketoacid coenzyme A transferase subunit B => putative succinyl-CoA:3-ketoacid coenzyme A transferase subunit B
[09:42:59] Modify product: UPF0758 protein CT0611 => hypothetical protein
[09:42:59] Modify product: Peptidoglycan-N-acetylglucosamine deacetylase BC_3618 => Peptidoglycan-N-acetylglucosamine deacetylase
[09:42:59] Modify product: Probable ATP-dependent transporter SufC => putative ATP-dependent transporter SufC
[09:42:59] Modify product: DNA-binding protein VF_0530 => DNA-binding protein
[09:42:59] Modify product: Probable murein peptide carboxypeptidase => putative murein peptide carboxypeptidase
[09:42:59] Modify product: Uncharacterized sugar transferase EpsL => putative sugar transferase EpsL
[09:42:59] Modify product: Uncharacterized protein Rv2581c => putative protein
[09:42:59] Modify product: Probable adenylyltransferase/sulfurtransferase MoeZ => putative adenylyltransferase/sulfurtransferase MoeZ
[09:42:59] Modify product: Uncharacterized ABC transporter ATP-binding protein TM_0288 => putative ABC transporter ATP-binding protein
[09:42:59] Modify product: Uncharacterized RNA methyltransferase SP_1029 => putative RNA methyltransferase
[09:42:59] Modify product: UPF0053 inner membrane protein YoaE => hypothetical protein
[09:42:59] Modify product: Putative esterase HI_1161 => Putative esterase
[09:42:59] Modify product: GTP cyclohydrolase 1 type 2 homolog => GTP cyclohydrolase 1 type 2 
[09:42:59] Modify product: Uncharacterized ABC transporter ATP-binding protein YheS => putative ABC transporter ATP-binding protein YheS
[09:42:59] Modify product: Acetyltransferase PA3944 => Acetyltransferase
[09:42:59] Modify product: Uncharacterized protein Rv1480 => putative protein
[09:42:59] Modify product: Uncharacterized protein YfgD => putative protein YfgD
[09:42:59] Modify product: Uncharacterized epimerase/dehydratase SA0511 => putative epimerase/dehydratase
[09:42:59] Modify product: Probable quorum-quenching lactonase YtnP => putative quorum-quenching lactonase YtnP
[09:42:59] Modify product: Uncharacterized protein HI_1349 => putative protein
[09:42:59] Modify product: Probable adenylyl-sulfate kinase => putative adenylyl-sulfate kinase
[09:42:59] Modify product: Uncharacterized protein PA14_02130 => putative protein
[09:42:59] Modify product: Uncharacterized ABC transporter ATP-binding protein TM_0288 => putative ABC transporter ATP-binding protein
[09:42:59] Modify product: UPF0403 protein YphP => hypothetical protein
[09:42:59] Modify product: Putative outer membrane protein NMB0088 => Putative outer membrane protein
[09:42:59] Modify product: Probable copper-transporting ATPase PacS => putative copper-transporting ATPase PacS
[09:42:59] Modify product: Probable serine/threonine-protein kinase PkwA => putative serine/threonine-protein kinase PkwA
[09:42:59] Modify product: Uncharacterized protein YjbR => putative protein YjbR
[09:42:59] Modify product: UPF0225 protein YchJ => hypothetical protein
[09:42:59] Modify product: Uncharacterized protein Rv1829 => putative protein
[09:42:59] Modify product: Probable ribonucleotide transport ATP-binding protein mkl => putative ribonucleotide transport ATP-binding protein mkl
[09:42:59] Modify product: Probable enoyl-CoA hydratase => putative enoyl-CoA hydratase
[09:42:59] Modify product: Uncharacterized protein HI_1162 => putative protein
[09:42:59] Modify product: Uncharacterized zinc protease Rv2782c => putative zinc protease
[09:42:59] Modify product: Uncharacterized zinc protease Rv2782c => putative zinc protease
[09:42:59] Modify product: Uncharacterized ABC transporter ATP-binding protein TM_0288 => putative ABC transporter ATP-binding protein
[09:42:59] Modify product: Uncharacterized ABC transporter ATP-binding protein YbiT => putative ABC transporter ATP-binding protein YbiT
[09:42:59] Modify product: UPF0053 protein Rv2366c => hypothetical protein
[09:42:59] Modify product: Uncharacterized ABC transporter ATP-binding protein YheS => putative ABC transporter ATP-binding protein YheS
[09:42:59] Modify product: Probable nicotinate-nucleotide pyrophosphorylase [carboxylating] => putative nicotinate-nucleotide pyrophosphorylase [carboxylating]
[09:42:59] Modify product: Uncharacterized HIT-like protein Rv0759c => putative HIT-like protein
[09:42:59] Modify product: Uncharacterized zinc protease Rv2782c => putative zinc protease
[09:42:59] Modify product: Uncharacterized protein YpjD => putative protein YpjD
[09:42:59] Modify product: Uncharacterized protein YcgM => putative protein YcgM
[09:42:59] Cleaned 96 /product names
[09:42:59] Deleting unwanted file: ../../Data/Chen_Analysis/Prokka/Bacteria/GOMC.bin.13177/GOMC.bin.13177.sprot.tmp.3400570.faa
[09:42:59] Deleting unwanted file: ../../Data/Chen_Analysis/Prokka/Bacteria/GOMC.bin.13177/GOMC.bin.13177.sprot.tmp.3400570.blast
[09:43:00] There are still 2039 unannotated CDS left (started with 3030)
[09:43:00] Will use hmmer3 to search against /home/joao_facio/miniconda3/envs/prokka/db/hmm/HAMAP.hmm with 4 CPUs
[09:43:00] Running: cat \.\.\/\.\.\/Data\/Chen_Analysis\/Prokka\/Bacteria\/GOMC\.bin\.13177\/GOMC\.bin\.13177\.HAMAP\.hmm\.tmp\.3400570\.faa | parallel --gnu --plain -j 4 --block 92780 --recstart '>' --pipe hmmscan --noali --notextw --acc -E 1e-09 --cpu 1 /home/joao_facio/miniconda3/envs/prokka/db/hmm/HAMAP.hmm /dev/stdin > \.\.\/\.\.\/Data\/Chen_Analysis\/Prokka\/Bacteria\/GOMC\.bin\.13177\/GOMC\.bin\.13177\.HAMAP\.hmm\.tmp\.3400570\.hmmer3 2> /dev/null
[09:43:14] Modify product: Uncharacterized Nudix hydrolase NudL => putative Nudix hydrolase NudL
[09:43:14] Modify product: Uncharacterized MFS-type transporter YfcJ => putative MFS-type transporter YfcJ
[09:43:14] Cleaned 2 /product names
[09:43:14] Deleting unwanted file: ../../Data/Chen_Analysis/Prokka/Bacteria/GOMC.bin.13177/GOMC.bin.13177.HAMAP.hmm.tmp.3400570.faa
[09:43:14] Deleting unwanted file: ../../Data/Chen_Analysis/Prokka/Bacteria/GOMC.bin.13177/GOMC.bin.13177.HAMAP.hmm.tmp.3400570.hmmer3
[09:43:14] Labelling remaining 1772 proteins as 'hypothetical protein'
[09:43:14] Possible /pseudo 'Methionine synthase' at k63_17608 position 53900
[09:43:14] Possible /pseudo 'Co-chaperone protein DjlA' at k63_22955 position 44117
[09:43:14] Possible /pseudo 'Co-chaperone protein DjlA' at k63_22955 position 44936
[09:43:14] Possible /pseudo 'Thiol-disulfide oxidoreductase ResA' at k63_22955 position 193364
[09:43:14] Possible /pseudo 'Single-stranded DNA-binding protein' at k63_40086 position 7734
[09:43:14] Possible /pseudo 'Single-stranded DNA-binding protein' at k63_40086 position 8063
[09:43:14] Possible /pseudo 'N-acetylneuraminate epimerase' at k63_34813 position 20554
[09:43:14] Possible /pseudo 'N-acetylneuraminate epimerase' at k63_34813 position 21771
[09:43:14] Possible /pseudo 'N-acetylneuraminate epimerase' at k63_34813 position 22928
[09:43:14] Possible /pseudo '3-oxoacyl-[acyl-carrier-protein] synthase 3' at k63_30643 position 14990
[09:43:14] Possible /pseudo '1,2-phenylacetyl-CoA epoxidase, subunit E' at k63_21074 position 23084
[09:43:14] Possible /pseudo 'Methylmalonyl-CoA mutase' at k63_77787 position 33030
[09:43:14] Found 937 unique /gene codes.
[09:43:14] Fixed 2 duplicate /gene - sigE_1 sigE_2
[09:43:14] Fixed 2 duplicate /gene - arnT_1 arnT_2
[09:43:14] Fixed 3 duplicate /gene - btuD_1 btuD_2 btuD_3
[09:43:14] Fixed 2 duplicate /gene - uvrY_1 uvrY_2
[09:43:14] Fixed 3 duplicate /gene - surA_1 surA_2 surA_3
[09:43:14] Fixed 6 duplicate /gene - nanM_1 nanM_2 nanM_3 nanM_4 nanM_5 nanM_6
[09:43:14] Fixed 4 duplicate /gene - mshA_1 mshA_2 mshA_3 mshA_4
[09:43:14] Fixed 6 duplicate /gene - resA_1 resA_2 resA_3 resA_4 resA_5 resA_6
[09:43:14] Fixed 7 duplicate /gene - btsR_1 btsR_2 btsR_3 btsR_4 btsR_5 btsR_6 btsR_7
[09:43:14] Fixed 2 duplicate /gene - menF_1 menF_2
[09:43:14] Fixed 3 duplicate /gene - algU_1 algU_2 algU_3
[09:43:14] Fixed 2 duplicate /gene - dinB_1 dinB_2
[09:43:14] Fixed 2 duplicate /gene - rcsC_1 rcsC_2
[09:43:14] Fixed 2 duplicate /gene - fadF_1 fadF_2
[09:43:14] Fixed 2 duplicate /gene - msrA_1 msrA_2
[09:43:14] Fixed 2 duplicate /gene - mcm_1 mcm_2
[09:43:14] Fixed 2 duplicate /gene - pabA_1 pabA_2
[09:43:14] Fixed 2 duplicate /gene - tolQ_1 tolQ_2
[09:43:14] Fixed 3 duplicate /gene - ypdB_1 ypdB_2 ypdB_3
[09:43:14] Fixed 2 duplicate /gene - cmoM_1 cmoM_2
[09:43:14] Fixed 3 duplicate /gene - cpoB_1 cpoB_2 cpoB_3
[09:43:14] Fixed 2 duplicate /gene - baiN_1 baiN_2
[09:43:14] Fixed 4 duplicate /gene - dap_1 dap_2 dap_3 dap_4
[09:43:14] Fixed 2 duplicate /gene - sufS_1 sufS_2
[09:43:14] Fixed 2 duplicate /gene - ysdC_1 ysdC_2
[09:43:14] Fixed 2 duplicate /gene - dnaJ_1 dnaJ_2
[09:43:14] Fixed 2 duplicate /gene - prfB_1 prfB_2
[09:43:14] Fixed 2 duplicate /gene - ndhB_1 ndhB_2
[09:43:14] Fixed 7 duplicate /gene - sasA_1 sasA_2 sasA_3 sasA_4 sasA_5 sasA_6 sasA_7
[09:43:14] Fixed 2 duplicate /gene - gyrB_1 gyrB_2
[09:43:14] Fixed 2 duplicate /gene - pacS_1 pacS_2
[09:43:14] Fixed 2 duplicate /gene - ettA_1 ettA_2
[09:43:14] Fixed 2 duplicate /gene - lpxD_1 lpxD_2
[09:43:14] Fixed 2 duplicate /gene - yheS_1 yheS_2
[09:43:14] Fixed 2 duplicate /gene - rlmB_1 rlmB_2
[09:43:14] Fixed 2 duplicate /gene - paaA_1 paaA_2
[09:43:14] Fixed 2 duplicate /gene - nadE_1 nadE_2
[09:43:14] Fixed 3 duplicate /gene - recD2_1 recD2_2 recD2_3
[09:43:14] Fixed 2 duplicate /gene - pyrR_1 pyrR_2
[09:43:14] Fixed 2 duplicate /gene - gspF_1 gspF_2
[09:43:14] Fixed 2 duplicate /gene - fkpA_1 fkpA_2
[09:43:14] Fixed 2 duplicate /gene - hutI_1 hutI_2
[09:43:14] Fixed 2 duplicate /gene - cspC_1 cspC_2
[09:43:14] Fixed 2 duplicate /gene - hldD_1 hldD_2
[09:43:14] Fixed 2 duplicate /gene - paiA_1 paiA_2
[09:43:14] Fixed 4 duplicate /gene - sigW_1 sigW_2 sigW_3 sigW_4
[09:43:14] Fixed 3 duplicate /gene - mutS_1 mutS_2 mutS_3
[09:43:14] Fixed 5 duplicate /gene - sigM_1 sigM_2 sigM_3 sigM_4 sigM_5
[09:43:14] Fixed 3 duplicate /gene - xerD_1 xerD_2 xerD_3
[09:43:14] Fixed 2 duplicate /gene - secD_1 secD_2
[09:43:14] Fixed 22 duplicate /gene - pal_1 pal_2 pal_3 pal_4 pal_5 pal_6 pal_7 pal_8 pal_9 pal_10 pal_11 pal_12 pal_13 pal_14 pal_15 pal_16 pal_17 pal_18 pal_19 pal_20 pal_21 pal_22
[09:43:14] Fixed 2 duplicate /gene - metH_1 metH_2
[09:43:14] Fixed 2 duplicate /gene - glpE_1 glpE_2
[09:43:14] Fixed 2 duplicate /gene - paaC_1 paaC_2
[09:43:14] Fixed 3 duplicate /gene - uvrA_1 uvrA_2 uvrA_3
[09:43:14] Fixed 4 duplicate /gene - rhlE_1 rhlE_2 rhlE_3 rhlE_4
[09:43:14] Fixed 2 duplicate /gene - lptD_1 lptD_2
[09:43:14] Fixed 2 duplicate /gene - mltD_1 mltD_2
[09:43:14] Fixed 6 duplicate /gene - xerC_1 xerC_2 xerC_3 xerC_4 xerC_5 xerC_6
[09:43:14] Fixed 5 duplicate /gene - fabG_1 fabG_2 fabG_3 fabG_4 fabG_5
[09:43:14] Fixed 2 duplicate /gene - guaA_1 guaA_2
[09:43:14] Fixed 2 duplicate /gene - mnmC_1 mnmC_2
[09:43:14] Fixed 2 duplicate /gene - decR_1 decR_2
[09:43:14] Fixed 2 duplicate /gene - hisH_1 hisH_2
[09:43:14] Fixed 2 duplicate /gene - tadA_1 tadA_2
[09:43:14] Fixed 4 duplicate /gene - bepA_1 bepA_2 bepA_3 bepA_4
[09:43:14] Fixed 2 duplicate /gene - truC_1 truC_2
[09:43:14] Fixed 4 duplicate /gene - ssb_1 ssb_2 ssb_3 ssb_4
[09:43:14] Fixed 4 duplicate /gene - fabH_1 fabH_2 fabH_3 fabH_4
[09:43:14] Fixed 2 duplicate /gene - pccB_1 pccB_2
[09:43:14] Fixed 6 duplicate /gene - acpP_1 acpP_2 acpP_3 acpP_4 acpP_5 acpP_6
[09:43:14] Fixed 2 duplicate /gene - ccp_1 ccp_2
[09:43:14] Fixed 2 duplicate /gene - atpH_1 atpH_2
[09:43:14] Fixed 2 duplicate /gene - rlmL_1 rlmL_2
[09:43:14] Fixed 2 duplicate /gene - COQ5_1 COQ5_2
[09:43:14] Fixed 2 duplicate /gene - pyrG_1 pyrG_2
[09:43:14] Fixed 2 duplicate /gene - lemA_1 lemA_2
[09:43:14] Fixed 2 duplicate /gene - paaE_1 paaE_2
[09:43:14] Fixed 2 duplicate /gene - lysA_1 lysA_2
[09:43:14] Fixed 2 duplicate /gene - mtfA_1 mtfA_2
[09:43:14] Fixed 2 duplicate /gene - natA_1 natA_2
[09:43:14] Fixed 2 duplicate /gene - recB_1 recB_2
[09:43:14] Fixed 2 duplicate /gene - hisF_1 hisF_2
[09:43:14] Fixed 2 duplicate /gene - menA_1 menA_2
[09:43:14] Fixed 5 duplicate /gene - mdtC_1 mdtC_2 mdtC_3 mdtC_4 mdtC_5
[09:43:14] Fixed 2 duplicate /gene - patA_1 patA_2
[09:43:14] Fixed 4 duplicate /gene - fabF_1 fabF_2 fabF_3 fabF_4
[09:43:14] Fixed 2 duplicate /gene - mscS_1 mscS_2
[09:43:14] Fixed 3 duplicate /gene - trxA_1 trxA_2 trxA_3
[09:43:14] Fixed 2 duplicate /gene - gyrA_1 gyrA_2
[09:43:14] Fixed 2 duplicate /gene - paaB_1 paaB_2
[09:43:14] Fixed 2 duplicate /gene - sigA_1 sigA_2
[09:43:14] Fixed 2 duplicate /gene - bicA_1 bicA_2
[09:43:14] Fixed 2 duplicate /gene - yceI_1 yceI_2
[09:43:14] Fixed 2 duplicate /gene - ruvB_1 ruvB_2
[09:43:14] Fixed 2 duplicate /gene - yfiC_1 yfiC_2
[09:43:14] Fixed 2 duplicate /gene - msrB_1 msrB_2
[09:43:14] Fixed 2 duplicate /gene - lnrL_1 lnrL_2
[09:43:14] Fixed 2 duplicate /gene - cysQ_1 cysQ_2
[09:43:14] Fixed 3 duplicate /gene - oatA_1 oatA_2 oatA_3
[09:43:14] Fixed 3 duplicate /gene - dxs_1 dxs_2 dxs_3
[09:43:14] Fixed 2 duplicate /gene - tdh_1 tdh_2
[09:43:14] Fixed 2 duplicate /gene - mdtA_1 mdtA_2
[09:43:14] Fixed 2 duplicate /gene - dagK_1 dagK_2
[09:43:14] Fixed 2 duplicate /gene - asnB_1 asnB_2
[09:43:14] Fixed 4 duplicate /gene - bamA_1 bamA_2 bamA_3 bamA_4
[09:43:14] Fixed 2 duplicate /gene - lytR_1 lytR_2
[09:43:14] Fixed 3 duplicate /gene - wbgU_1 wbgU_2 wbgU_3
[09:43:14] Fixed 2 duplicate /gene - ykfA_1 ykfA_2
[09:43:14] Fixed 2 duplicate /gene - lnrK_1 lnrK_2
[09:43:14] Fixed 2 duplicate /gene - truA_1 truA_2
[09:43:14] Fixed 2 duplicate /gene - rsmI_1 rsmI_2
[09:43:14] Fixed 2 duplicate /gene - mprA_1 mprA_2
[09:43:14] Fixed 11 duplicate /gene - btuB_1 btuB_2 btuB_3 btuB_4 btuB_5 btuB_6 btuB_7 btuB_8 btuB_9 btuB_10 btuB_11
[09:43:14] Fixed 2 duplicate /gene - cshA_1 cshA_2
[09:43:14] Fixed 2 duplicate /gene - rgtE_1 rgtE_2
[09:43:14] Fixed 2 duplicate /gene - nagZ_1 nagZ_2
[09:43:14] Fixed 2 duplicate /gene - lolD_1 lolD_2
[09:43:14] Fixed 2 duplicate /gene - dinG_1 dinG_2
[09:43:14] Fixed 2 duplicate /gene - dsbD_1 dsbD_2
[09:43:14] Fixed 2 duplicate /gene - trmR_1 trmR_2
[09:43:14] Fixed 2 duplicate /gene - pdhC_1 pdhC_2
[09:43:14] Fixed 3 duplicate /gene - COQ3_1 COQ3_2 COQ3_3
[09:43:14] Fixed 4 duplicate /gene - djlA_1 djlA_2 djlA_3 djlA_4
[09:43:14] Fixed 2 duplicate /gene - yrdA_1 yrdA_2
[09:43:14] Fixed 2 duplicate /gene - degU_1 degU_2
[09:43:14] Fixed 2 duplicate /gene - ycf3_1 ycf3_2
[09:43:14] Fixed 2 duplicate /gene - sctC_1 sctC_2
[09:43:14] Fixed 128 colliding /gene names.
[09:43:14] Adding /locus_tag identifiers
[09:43:14] Assigned 3055 locus_tags to CDS and RNA features.
[09:43:14] Writing outputs to ../../Data/Chen_Analysis/Prokka/Bacteria/GOMC.bin.13177/
[09:43:15] Generating annotation statistics file
[09:43:15] Generating Genbank and Sequin files
[09:43:15] Running: tbl2asn -V b -a r10k -l paired-ends -M n -N 1 -y 'Annotated using prokka 1.14.6 from https://github.com/tseemann/prokka' -Z \.\.\/\.\.\/Data\/Chen_Analysis\/Prokka\/Bacteria\/GOMC\.bin\.13177\/GOMC\.bin\.13177\.err -i \.\.\/\.\.\/Data\/Chen_Analysis\/Prokka\/Bacteria\/GOMC\.bin\.13177\/GOMC\.bin\.13177\.fsa 2> /dev/null
[09:43:18] Deleting unwanted file: ../../Data/Chen_Analysis/Prokka/Bacteria/GOMC.bin.13177/errorsummary.val
[09:43:18] Deleting unwanted file: ../../Data/Chen_Analysis/Prokka/Bacteria/GOMC.bin.13177/GOMC.bin.13177.dr
[09:43:18] Deleting unwanted file: ../../Data/Chen_Analysis/Prokka/Bacteria/GOMC.bin.13177/GOMC.bin.13177.fixedproducts
[09:43:18] Deleting unwanted file: ../../Data/Chen_Analysis/Prokka/Bacteria/GOMC.bin.13177/GOMC.bin.13177.ecn
[09:43:18] Deleting unwanted file: ../../Data/Chen_Analysis/Prokka/Bacteria/GOMC.bin.13177/GOMC.bin.13177.val
[09:43:18] Repairing broken .GBK output that tbl2asn produces...
[09:43:18] Running: sed 's/COORDINATES: profile/COORDINATES:profile/' < \.\.\/\.\.\/Data\/Chen_Analysis\/Prokka\/Bacteria\/GOMC\.bin\.13177\/GOMC\.bin\.13177\.gbf > \.\.\/\.\.\/Data\/Chen_Analysis\/Prokka\/Bacteria\/GOMC\.bin\.13177\/GOMC\.bin\.13177\.gbk
[09:43:18] Deleting unwanted file: ../../Data/Chen_Analysis/Prokka/Bacteria/GOMC.bin.13177/GOMC.bin.13177.gbf
[09:43:18] Output files:
[09:43:18] ../../Data/Chen_Analysis/Prokka/Bacteria/GOMC.bin.13177/GOMC.bin.13177.tsv
[09:43:18] ../../Data/Chen_Analysis/Prokka/Bacteria/GOMC.bin.13177/GOMC.bin.13177.fsa
[09:43:18] ../../Data/Chen_Analysis/Prokka/Bacteria/GOMC.bin.13177/GOMC.bin.13177.faa
[09:43:18] ../../Data/Chen_Analysis/Prokka/Bacteria/GOMC.bin.13177/GOMC.bin.13177.tbl
[09:43:18] ../../Data/Chen_Analysis/Prokka/Bacteria/GOMC.bin.13177/GOMC.bin.13177.fna
[09:43:18] ../../Data/Chen_Analysis/Prokka/Bacteria/GOMC.bin.13177/GOMC.bin.13177.txt
[09:43:18] ../../Data/Chen_Analysis/Prokka/Bacteria/GOMC.bin.13177/GOMC.bin.13177.gff
[09:43:18] ../../Data/Chen_Analysis/Prokka/Bacteria/GOMC.bin.13177/GOMC.bin.13177.gbk
[09:43:18] ../../Data/Chen_Analysis/Prokka/Bacteria/GOMC.bin.13177/GOMC.bin.13177.log
[09:43:18] ../../Data/Chen_Analysis/Prokka/Bacteria/GOMC.bin.13177/GOMC.bin.13177.ffn
[09:43:18] ../../Data/Chen_Analysis/Prokka/Bacteria/GOMC.bin.13177/GOMC.bin.13177.err
[09:43:18] ../../Data/Chen_Analysis/Prokka/Bacteria/GOMC.bin.13177/GOMC.bin.13177.sqn
[09:43:18] Annotation finished successfully.
[09:43:18] Walltime used: 1.47 minutes
[09:43:18] If you use this result please cite the Prokka paper:
[09:43:18] Seemann T (2014) Prokka: rapid prokaryotic genome annotation. Bioinformatics. 30(14):2068-9.
[09:43:18] Type 'prokka --citation' for more details.
[09:43:18] Thank you, come again.
