[10:09:00] This is prokka 1.14.6
[10:09:00] Written by Torsten Seemann <torsten.seemann@gmail.com>
[10:09:00] Homepage is https://github.com/tseemann/prokka
[10:09:00] Local time is Mon Dec  1 10:09:00 2025
[10:09:00] You are joao_facio
[10:09:00] Operating system is linux
[10:09:00] You have BioPerl 1.7.8
[10:09:00] System has 12 cores.
[10:09:00] Will use maximum of 4 cores.
[10:09:00] Annotating as >>> Bacteria <<<
[10:09:00] Generating locus_tag from '/tmp/tmp6gns85ah/GOMC.bin.14924.fa' contents.
[10:09:00] Setting --locustag JGGNLBGB from MD5 30075b0b40dbb91b6f907756276476c8
[10:09:00] Creating new output folder: ../../Data/Chen_Analysis/Prokka/Bacteria/GOMC.bin.14924
[10:09:00] Running: mkdir -p \.\.\/\.\.\/Data\/Chen_Analysis\/Prokka\/Bacteria\/GOMC\.bin\.14924
[10:09:00] Using filename prefix: GOMC.bin.14924.XXX
[10:09:00] Setting HMMER_NCPU=1
[10:09:00] Writing log to: ../../Data/Chen_Analysis/Prokka/Bacteria/GOMC.bin.14924/GOMC.bin.14924.log
[10:09:00] Command: /home/joao_facio/miniconda3/envs/prokka/bin/prokka --outdir ../../Data/Chen_Analysis/Prokka/Bacteria/GOMC.bin.14924 --prefix GOMC.bin.14924 --kingdom Bacteria --genus SM23-30 --strain GOMC.bin.14924 --cpus 4 --force /tmp/tmp6gns85ah/GOMC.bin.14924.fa
[10:09:00] Appending to PATH: /home/joao_facio/miniconda3/envs/prokka/bin
[10:09:00] Looking for 'aragorn' - found /home/joao_facio/miniconda3/envs/prokka/bin/aragorn
[10:09:00] Determined aragorn version is 001002 from 'ARAGORN v1.2.41 Dean Laslett'
[10:09:00] Looking for 'barrnap' - found /home/joao_facio/miniconda3/envs/prokka/bin/barrnap
[10:09:00] Determined barrnap version is 000009 from 'barrnap 0.9'
[10:09:00] Looking for 'blastp' - found /home/joao_facio/miniconda3/envs/prokka/bin/blastp
[10:09:00] Determined blastp version is 002016 from 'blastp: 2.16.0+'
[10:09:00] Looking for 'cmpress' - found /home/joao_facio/miniconda3/envs/prokka/bin/cmpress
[10:09:00] Determined cmpress version is 001001 from '# INFERNAL 1.1.5 (Sep 2023)'
[10:09:00] Looking for 'cmscan' - found /home/joao_facio/miniconda3/envs/prokka/bin/cmscan
[10:09:00] Determined cmscan version is 001001 from '# INFERNAL 1.1.5 (Sep 2023)'
[10:09:00] Looking for 'egrep' - found /usr/bin/egrep
[10:09:00] Looking for 'find' - found /usr/bin/find
[10:09:00] Looking for 'grep' - found /usr/bin/grep
[10:09:00] Looking for 'hmmpress' - found /home/joao_facio/miniconda3/envs/prokka/bin/hmmpress
[10:09:00] Determined hmmpress version is 003004 from '# HMMER 3.4 (Aug 2023); http://hmmer.org/'
[10:09:00] Looking for 'hmmscan' - found /home/joao_facio/miniconda3/envs/prokka/bin/hmmscan
[10:09:00] Determined hmmscan version is 003004 from '# HMMER 3.4 (Aug 2023); http://hmmer.org/'
[10:09:00] Looking for 'java' - found /home/joao_facio/miniconda3/envs/prokka/bin/java
[10:09:00] Looking for 'makeblastdb' - found /home/joao_facio/miniconda3/envs/prokka/bin/makeblastdb
[10:09:00] Determined makeblastdb version is 002016 from 'makeblastdb: 2.16.0+'
[10:09:00] Looking for 'minced' - found /home/joao_facio/miniconda3/envs/prokka/bin/minced
[10:09:00] Determined minced version is 004002 from 'minced 0.4.2'
[10:09:00] Looking for 'parallel' - found /home/joao_facio/miniconda3/envs/prokka/bin/parallel
[10:09:00] Determined parallel version is 20251122 from 'GNU parallel 20251122'
[10:09:00] Looking for 'prodigal' - found /home/joao_facio/miniconda3/envs/prokka/bin/prodigal
[10:09:00] Determined prodigal version is 002006 from 'Prodigal V2.6.3: February, 2016'
[10:09:00] Looking for 'prokka-genbank_to_fasta_db' - found /home/joao_facio/miniconda3/envs/prokka/bin/prokka-genbank_to_fasta_db
[10:09:00] Looking for 'sed' - found /usr/bin/sed
[10:09:00] Looking for 'tbl2asn' - found /home/joao_facio/miniconda3/envs/prokka/bin/tbl2asn
[10:09:00] Determined tbl2asn version is 025007 from 'tbl2asn 25.7   arguments:'
[10:09:00] Using genetic code table 11.
[10:09:00] Loading and checking input file: /tmp/tmp6gns85ah/GOMC.bin.14924.fa
[10:09:00] Wrote 539 contigs totalling 3516901 bp.
[10:09:00] Predicting tRNAs and tmRNAs
[10:09:00] Running: aragorn -l -gc11  -w \.\.\/\.\.\/Data\/Chen_Analysis\/Prokka\/Bacteria\/GOMC\.bin\.14924\/GOMC\.bin\.14924\.fna
[10:09:00] 1 tRNA-Thr [6222,6294] 34 (cgt)
[10:09:00] 1 tRNA-Leu c[5871,5954] 35 (cag)
[10:09:00] 1 tRNA-Gln c[3544,3617] 35 (ttg)
[10:09:00] 1 tRNA-Leu c[2814,2896] 35 (tag)
[10:09:00] 1 tRNA-Leu [6605,6690] 36 (taa)
[10:09:00] 1 tRNA-Gly [7648,7718] 33 (tcc)
[10:09:01] 1 tRNA-Ala [7805,7877] 34 (ggc)
[10:09:01] 1 tRNA-Leu c[437,520] 35 (gag)
[10:09:01] 1 tRNA-Arg [7872,7945] 35 (tct)
[10:09:01] 1 tRNA-Gln c[1550,1622] 34 (ctg)
[10:09:01] 1 tmRNA [1343,1692] 94,123 GNTQLRMAA*
[10:09:01] 1 tRNA-Asn [3096,3171] 34 (gtt)
[10:09:01] 1 tRNA-Pro [14752,14826] 36 (cgg)
[10:09:01] 1 tRNA-Val [3289,3365] 35 (tac)
[10:09:01] 1 tRNA-His [2202,2276] 35 (gtg)
[10:09:01] 1 tRNA-Ser c[2910,2996] 36 (tga)
[10:09:01] 1 tRNA-Arg c[701,774] 35 (acg)
[10:09:01] 1 tRNA-Arg [834,908] 35 (ccg)
[10:09:01] Found 18 tRNAs
[10:09:01] Predicting Ribosomal RNAs
[10:09:01] Running Barrnap with 4 threads
[10:09:01] 1 k63_5350464 495 5S ribosomal RNA
[10:09:01] Found 1 rRNAs
[10:09:01] Skipping ncRNA search, enable with --rfam if desired.
[10:09:01] Total of 18 tRNA + rRNA features
[10:09:01] Searching for CRISPR repeats
[10:09:02] Found 0 CRISPRs
[10:09:02] Predicting coding sequences
[10:09:02] Contigs total 3516901 bp, so using single mode
[10:09:02] Running: prodigal -i \.\.\/\.\.\/Data\/Chen_Analysis\/Prokka\/Bacteria\/GOMC\.bin\.14924\/GOMC\.bin\.14924\.fna -c -m -g 11 -p single -f sco -q
[10:09:04] Excluding CDS which overlaps existing RNA (tRNA) at k63_5382636:34..786 on + strand
[10:09:04] Found 2874 CDS
[10:09:04] Connecting features back to sequences
[10:09:05] Not using genus-specific database. Try --usegenus to enable it.
[10:09:05] Annotating CDS, please be patient.
[10:09:05] Will use 4 CPUs for similarity searching.
[10:09:05] There are still 2874 unannotated CDS left (started with 2874)
[10:09:05] Will use blast to search against /home/joao_facio/miniconda3/envs/prokka/db/kingdom/Bacteria/IS with 4 CPUs
[10:09:05] Running: cat \.\.\/\.\.\/Data\/Chen_Analysis\/Prokka\/Bacteria\/GOMC\.bin\.14924\/GOMC\.bin\.14924\.IS\.tmp\.3449554\.faa | parallel --gnu --plain -j 4 --block 119864 --recstart '>' --pipe blastp -query - -db /home/joao_facio/miniconda3/envs/prokka/db/kingdom/Bacteria/IS -evalue 1e-30 -qcov_hsp_perc 90 -num_threads 1 -num_descriptions 1 -num_alignments 1 -seg no > \.\.\/\.\.\/Data\/Chen_Analysis\/Prokka\/Bacteria\/GOMC\.bin\.14924\/GOMC\.bin\.14924\.IS\.tmp\.3449554\.blast 2> /dev/null
[10:09:15] Deleting unwanted file: ../../Data/Chen_Analysis/Prokka/Bacteria/GOMC.bin.14924/GOMC.bin.14924.IS.tmp.3449554.faa
[10:09:15] Deleting unwanted file: ../../Data/Chen_Analysis/Prokka/Bacteria/GOMC.bin.14924/GOMC.bin.14924.IS.tmp.3449554.blast
[10:09:15] There are still 2873 unannotated CDS left (started with 2874)
[10:09:15] Will use blast to search against /home/joao_facio/miniconda3/envs/prokka/db/kingdom/Bacteria/AMR with 4 CPUs
[10:09:15] Running: cat \.\.\/\.\.\/Data\/Chen_Analysis\/Prokka\/Bacteria\/GOMC\.bin\.14924\/GOMC\.bin\.14924\.AMR\.tmp\.3449554\.faa | parallel --gnu --plain -j 4 --block 119814 --recstart '>' --pipe blastp -query - -db /home/joao_facio/miniconda3/envs/prokka/db/kingdom/Bacteria/AMR -evalue 1e-300 -qcov_hsp_perc 90 -num_threads 1 -num_descriptions 1 -num_alignments 1 -seg no > \.\.\/\.\.\/Data\/Chen_Analysis\/Prokka\/Bacteria\/GOMC\.bin\.14924\/GOMC\.bin\.14924\.AMR\.tmp\.3449554\.blast 2> /dev/null
[10:09:23] Deleting unwanted file: ../../Data/Chen_Analysis/Prokka/Bacteria/GOMC.bin.14924/GOMC.bin.14924.AMR.tmp.3449554.faa
[10:09:23] Deleting unwanted file: ../../Data/Chen_Analysis/Prokka/Bacteria/GOMC.bin.14924/GOMC.bin.14924.AMR.tmp.3449554.blast
[10:09:23] There are still 2873 unannotated CDS left (started with 2874)
[10:09:23] Will use blast to search against /home/joao_facio/miniconda3/envs/prokka/db/kingdom/Bacteria/sprot with 4 CPUs
[10:09:23] Running: cat \.\.\/\.\.\/Data\/Chen_Analysis\/Prokka\/Bacteria\/GOMC\.bin\.14924\/GOMC\.bin\.14924\.sprot\.tmp\.3449554\.faa | parallel --gnu --plain -j 4 --block 119814 --recstart '>' --pipe blastp -query - -db /home/joao_facio/miniconda3/envs/prokka/db/kingdom/Bacteria/sprot -evalue 1e-09 -qcov_hsp_perc 80 -num_threads 1 -num_descriptions 1 -num_alignments 1 -seg no > \.\.\/\.\.\/Data\/Chen_Analysis\/Prokka\/Bacteria\/GOMC\.bin\.14924\/GOMC\.bin\.14924\.sprot\.tmp\.3449554\.blast 2> /dev/null
[10:10:06] Modify product: Uncharacterized protein NMB1437 => putative protein
[10:10:06] Modify product: UPF0047 protein Rv2556c => hypothetical protein
[10:10:06] Modify product: Probable multidrug ABC transporter ATP-binding protein YbhF => putative multidrug ABC transporter ATP-binding protein YbhF
[10:10:06] Modify product: Uncharacterized protein Rv1480 => putative protein
[10:10:06] Modify product: Probable peptidoglycan D,D-transpeptidase PenA => putative peptidoglycan D,D-transpeptidase PenA
[10:10:06] Modify product: UPF0145 protein BCE33L0904 => hypothetical protein
[10:10:06] Modify product: Multidrug efflux system ATP-binding protein Rv1218c => Multidrug efflux system ATP-binding protein
[10:10:06] Modify product: Probable undecaprenyl-phosphate N-acetylglucosaminyl 1-phosphate transferase => putative undecaprenyl-phosphate N-acetylglucosaminyl 1-phosphate transferase
[10:10:06] Modify product: Uncharacterized protein YcjX => putative protein YcjX
[10:10:06] Modify product: Putative glutamine amidotransferase Rv2859c => Putative glutamine amidotransferase
[10:10:06] Modify product: Uncharacterized epimerase/dehydratase SA0511 => putative epimerase/dehydratase
[10:10:06] Modify product: Probable ribonucleotide transport ATP-binding protein mkl => putative ribonucleotide transport ATP-binding protein mkl
[10:10:06] Modify product: Uncharacterized protein YqeN => putative protein YqeN
[10:10:06] Modify product: Peptidoglycan-N-acetylglucosamine deacetylase BC_3618 => Peptidoglycan-N-acetylglucosamine deacetylase
[10:10:06] Modify product: Ribonuclease TTHA0252 => Ribonuclease
[10:10:06] Modify product: UPF0324 inner membrane protein YeiH => hypothetical protein
[10:10:06] Modify product: Uncharacterized protein Rv1829 => putative protein
[10:10:06] Modify product: Uncharacterized zinc protease Rv2782c => putative zinc protease
[10:10:06] Modify product: Probable CtpA-like serine protease => putative CtpA-like serine protease
[10:10:06] Modify product: Uncharacterized ABC transporter ATP-binding protein YknY => putative ABC transporter ATP-binding protein YknY
[10:10:06] Modify product: Probable manganese efflux pump MntP => putative manganese efflux pump MntP
[10:10:06] Modify product: Protease HtpX homolog => Protease HtpX 
[10:10:06] Modify product: Uncharacterized protein Rv1480 => putative protein
[10:10:06] Modify product: Tricorn protease homolog 1 => Tricorn protease 
[10:10:06] Modify product: Probable N-acetyl-LL-diaminopimelate aminotransferase => putative N-acetyl-LL-diaminopimelate aminotransferase
[10:10:06] Modify product: Uncharacterized ABC transporter ATP-binding protein YknY => putative ABC transporter ATP-binding protein YknY
[10:10:06] Modify product: UPF0111 protein HI_1603 => hypothetical protein
[10:10:06] Modify product: Uncharacterized zinc protease Rv2782c => putative zinc protease
[10:10:06] Modify product: Uncharacterized symporter YodF => putative symporter YodF
[10:10:06] Modify product: Probable tRNA-dihydrouridine synthase => putative tRNA-dihydrouridine synthase
[10:10:06] Modify product: Nucleoid-associated protein Cthe_2143 => Nucleoid-associated protein
[10:10:06] Modify product: Probable protein kinase UbiB => putative protein kinase UbiB
[10:10:06] Modify product: Putative esterase aq_1494 => Putative esterase
[10:10:07] Modify product: Probable transcriptional regulatory protein DVU_2259 => putative transcriptional regulatory protein
[10:10:07] Modify product: Probable ATP-dependent DNA helicase YoaA => putative ATP-dependent DNA helicase YoaA
[10:10:07] Modify product: Probable iron-sulfur-binding oxidoreductase FadF => putative iron-sulfur-binding oxidoreductase FadF
[10:10:07] Modify product: Uncharacterized ABC transporter ATP-binding protein YknY => putative ABC transporter ATP-binding protein YknY
[10:10:07] Modify product: Uncharacterized protein Rv2008c => putative protein
[10:10:07] Modify product: UPF0053 inner membrane protein YfjD => hypothetical protein
[10:10:07] Modify product: UPF0173 metal-dependent hydrolase TM_1162 => hypothetical protein
[10:10:07] Modify product: UPF0597 protein YhaM => hypothetical protein
[10:10:07] Modify product: Uncharacterized ABC transporter ATP-binding protein YknY => putative ABC transporter ATP-binding protein YknY
[10:10:07] Modify product: Uncharacterized protein YhaP => putative protein YhaP
[10:10:07] Modify product: Dihydroorotate dehydrogenase B (NAD(+)), electron transfer subunit homolog => Dihydroorotate dehydrogenase B (NAD(+)), electron transfer subunit 
[10:10:07] Modify product: Tricorn protease homolog 1 => Tricorn protease 
[10:10:07] Modify product: Uncharacterized ABC transporter ATP-binding protein YknY => putative ABC transporter ATP-binding protein YknY
[10:10:07] Modify product: Epimerase family protein Rv2216 => Epimerase family protein
[10:10:07] Modify product: Probable uridylyltransferase SA1974 => putative uridylyltransferase
[10:10:07] Modify product: UPF0701 protein YicC => hypothetical protein
[10:10:07] Modify product: Probable lipid II flippase MurJ => putative lipid II flippase MurJ
[10:10:07] Modify product: Uncharacterized protein HI_1163 => putative protein
[10:10:07] Modify product: Probable glycine dehydrogenase (decarboxylating) subunit 1 => putative glycine dehydrogenase (decarboxylating) subunit 1
[10:10:07] Modify product: Probable glycine dehydrogenase (decarboxylating) subunit 2 => putative glycine dehydrogenase (decarboxylating) subunit 2
[10:10:07] Modify product: Probable metallo-hydrolase M6_Spy0554 => putative metallo-hydrolase
[10:10:07] Modify product: Phosphate-specific transport system accessory protein PhoU homolog => Phosphate-specific transport system accessory protein PhoU 
[10:10:07] Modify product: GTP cyclohydrolase 1 type 2 homolog => GTP cyclohydrolase 1 type 2 
[10:10:07] Modify product: Tricorn protease homolog 1 => Tricorn protease 
[10:10:07] Modify product: Probable glycine dehydrogenase (decarboxylating) subunit 2 => putative glycine dehydrogenase (decarboxylating) subunit 2
[10:10:07] Modify product: Probable glycine dehydrogenase (decarboxylating) subunit 1 => putative glycine dehydrogenase (decarboxylating) subunit 1
[10:10:07] Modify product: Uncharacterized protein Rv1480 => putative protein
[10:10:07] Modify product: Uncharacterized acyl-CoA thioester hydrolase HI_0827 => putative acyl-CoA thioester hydrolase
[10:10:07] Modify product: Uncharacterized protein Rv2008c => putative protein
[10:10:07] Modify product: Probable succinyl-diaminopimelate desuccinylase => putative succinyl-diaminopimelate desuccinylase
[10:10:07] Modify product: Probable ribonucleotide transport ATP-binding protein mkl => putative ribonucleotide transport ATP-binding protein mkl
[10:10:07] Modify product: Bifunctional protein Rv2228c => Bifunctional protein
[10:10:07] Modify product: Probable peptidoglycan glycosyltransferase FtsW => putative peptidoglycan glycosyltransferase FtsW
[10:10:07] Modify product: Probable ATP synthase YscN => putative ATP synthase YscN
[10:10:07] Cleaned 67 /product names
[10:10:07] Deleting unwanted file: ../../Data/Chen_Analysis/Prokka/Bacteria/GOMC.bin.14924/GOMC.bin.14924.sprot.tmp.3449554.faa
[10:10:07] Deleting unwanted file: ../../Data/Chen_Analysis/Prokka/Bacteria/GOMC.bin.14924/GOMC.bin.14924.sprot.tmp.3449554.blast
[10:10:07] There are still 1947 unannotated CDS left (started with 2874)
[10:10:07] Will use hmmer3 to search against /home/joao_facio/miniconda3/envs/prokka/db/hmm/HAMAP.hmm with 4 CPUs
[10:10:07] Running: cat \.\.\/\.\.\/Data\/Chen_Analysis\/Prokka\/Bacteria\/GOMC\.bin\.14924\/GOMC\.bin\.14924\.HAMAP\.hmm\.tmp\.3449554\.faa | parallel --gnu --plain -j 4 --block 78711 --recstart '>' --pipe hmmscan --noali --notextw --acc -E 1e-09 --cpu 1 /home/joao_facio/miniconda3/envs/prokka/db/hmm/HAMAP.hmm /dev/stdin > \.\.\/\.\.\/Data\/Chen_Analysis\/Prokka\/Bacteria\/GOMC\.bin\.14924\/GOMC\.bin\.14924\.HAMAP\.hmm\.tmp\.3449554\.hmmer3 2> /dev/null
[10:10:22] Deleting unwanted file: ../../Data/Chen_Analysis/Prokka/Bacteria/GOMC.bin.14924/GOMC.bin.14924.HAMAP.hmm.tmp.3449554.faa
[10:10:22] Deleting unwanted file: ../../Data/Chen_Analysis/Prokka/Bacteria/GOMC.bin.14924/GOMC.bin.14924.HAMAP.hmm.tmp.3449554.hmmer3
[10:10:22] Labelling remaining 1660 proteins as 'hypothetical protein'
[10:10:22] Possible /pseudo 'Putative mycofactocin radical SAM maturase MftC' at k63_7414244 position 5004
[10:10:22] Possible /pseudo 'Flagellar basal-body rod protein FlgG' at k63_8673465 position 9369
[10:10:22] Possible /pseudo 'Glutamine synthetase' at k63_30715 position 4335
[10:10:22] Possible /pseudo 'Vitamin B12 transporter BtuB' at k63_6226941 position 2323
[10:10:22] Possible /pseudo 'Spore protein SP21' at k63_8087927 position 5670
[10:10:22] Possible /pseudo 'Spore protein SP21' at k63_8087927 position 6105
[10:10:22] Possible /pseudo 'Glucokinase' at k63_7475175 position 9183
[10:10:22] Possible /pseudo 'Fructose-1,6-bisphosphatase class 1' at k63_686260 position 1409
[10:10:22] Possible /pseudo 'ATP-dependent Clp protease proteolytic subunit' at k63_5681363 position 1343
[10:10:22] Possible /pseudo 'Macrolide export ATP-binding/permease protein MacB' at k63_6311513 position 11435
[10:10:22] Possible /pseudo 'Threonine--tRNA ligase 2' at k63_5160580 position 3473
[10:10:22] Possible /pseudo 'Imidazolonepropionase' at k63_2721020 position 7338
[10:10:22] Possible /pseudo 'Imidazolonepropionase' at k63_2721020 position 9948
[10:10:22] Possible /pseudo 'Macrolide export ATP-binding/permease protein MacB' at k63_7062616 position 4207
[10:10:22] Possible /pseudo 'Sodium/glucose cotransporter' at k63_8298283 position 7874
[10:10:22] Possible /pseudo '3-phosphoshikimate 1-carboxyvinyltransferase' at k63_7927228 position 1051
[10:10:22] Possible /pseudo 'Inositol 2-dehydrogenase/D-chiro-inositol 3-dehydrogenase' at k63_3046804 position 2833
[10:10:22] Found 872 unique /gene codes.
[10:10:22] Fixed 2 duplicate /gene - clpP_1 clpP_2
[10:10:22] Fixed 4 duplicate /gene - COQ5_1 COQ5_2 COQ5_3 COQ5_4
[10:10:22] Fixed 2 duplicate /gene - lolD_1 lolD_2
[10:10:22] Fixed 2 duplicate /gene - pqqE_1 pqqE_2
[10:10:22] Fixed 2 duplicate /gene - dap4_1 dap4_2
[10:10:22] Fixed 2 duplicate /gene - rho_1 rho_2
[10:10:22] Fixed 2 duplicate /gene - blaI_1 blaI_2
[10:10:22] Fixed 2 duplicate /gene - pepP_1 pepP_2
[10:10:22] Fixed 6 duplicate /gene - bepA_1 bepA_2 bepA_3 bepA_4 bepA_5 bepA_6
[10:10:22] Fixed 2 duplicate /gene - dacA_1 dacA_2
[10:10:22] Fixed 2 duplicate /gene - sglT_1 sglT_2
[10:10:22] Fixed 3 duplicate /gene - asrB_1 asrB_2 asrB_3
[10:10:22] Fixed 3 duplicate /gene - pilT_1 pilT_2 pilT_3
[10:10:22] Fixed 2 duplicate /gene - acpP_1 acpP_2
[10:10:22] Fixed 2 duplicate /gene - btuD_1 btuD_2
[10:10:22] Fixed 2 duplicate /gene - aroF_1 aroF_2
[10:10:22] Fixed 2 duplicate /gene - nadE_1 nadE_2
[10:10:22] Fixed 5 duplicate /gene - atoC_1 atoC_2 atoC_3 atoC_4 atoC_5
[10:10:22] Fixed 2 duplicate /gene - dap_1 dap_2
[10:10:22] Fixed 3 duplicate /gene - pnp_1 pnp_2 pnp_3
[10:10:22] Fixed 2 duplicate /gene - secA_1 secA_2
[10:10:22] Fixed 2 duplicate /gene - purF_1 purF_2
[10:10:22] Fixed 2 duplicate /gene - glnA_1 glnA_2
[10:10:22] Fixed 2 duplicate /gene - mutS_1 mutS_2
[10:10:22] Fixed 3 duplicate /gene - queG_1 queG_2 queG_3
[10:10:22] Fixed 6 duplicate /gene - ggt_1 ggt_2 ggt_3 ggt_4 ggt_5 ggt_6
[10:10:22] Fixed 2 duplicate /gene - leuC_1 leuC_2
[10:10:22] Fixed 2 duplicate /gene - rsxG_1 rsxG_2
[10:10:22] Fixed 2 duplicate /gene - gcvPB_1 gcvPB_2
[10:10:22] Fixed 2 duplicate /gene - pfp_1 pfp_2
[10:10:22] Fixed 2 duplicate /gene - dnaA_1 dnaA_2
[10:10:22] Fixed 2 duplicate /gene - gerKI_1 gerKI_2
[10:10:22] Fixed 2 duplicate /gene - DmdB_1 DmdB_2
[10:10:22] Fixed 7 duplicate /gene - nfdA_1 nfdA_2 nfdA_3 nfdA_4 nfdA_5 nfdA_6 nfdA_7
[10:10:22] Fixed 10 duplicate /gene - iolG_1 iolG_2 iolG_3 iolG_4 iolG_5 iolG_6 iolG_7 iolG_8 iolG_9 iolG_10
[10:10:22] Fixed 2 duplicate /gene - mftC_1 mftC_2
[10:10:22] Fixed 6 duplicate /gene - hutI_1 hutI_2 hutI_3 hutI_4 hutI_5 hutI_6
[10:10:22] Fixed 2 duplicate /gene - mro_1 mro_2
[10:10:22] Fixed 2 duplicate /gene - dadD_1 dadD_2
[10:10:22] Fixed 9 duplicate /gene - bamB_1 bamB_2 bamB_3 bamB_4 bamB_5 bamB_6 bamB_7 bamB_8 bamB_9
[10:10:22] Fixed 2 duplicate /gene - aroA_1 aroA_2
[10:10:22] Fixed 3 duplicate /gene - resA_1 resA_2 resA_3
[10:10:22] Fixed 5 duplicate /gene - epsF_1 epsF_2 epsF_3 epsF_4 epsF_5
[10:10:22] Fixed 2 duplicate /gene - ymdB_1 ymdB_2
[10:10:22] Fixed 2 duplicate /gene - asrA_1 asrA_2
[10:10:22] Fixed 2 duplicate /gene - mkl_1 mkl_2
[10:10:22] Fixed 2 duplicate /gene - gltP_1 gltP_2
[10:10:22] Fixed 3 duplicate /gene - fabF_1 fabF_2 fabF_3
[10:10:22] Fixed 2 duplicate /gene - sucC_1 sucC_2
[10:10:22] Fixed 2 duplicate /gene - glcK_1 glcK_2
[10:10:22] Fixed 2 duplicate /gene - ilvE_1 ilvE_2
[10:10:22] Fixed 2 duplicate /gene - rnfD_1 rnfD_2
[10:10:22] Fixed 2 duplicate /gene - prsA_1 prsA_2
[10:10:22] Fixed 2 duplicate /gene - smc_1 smc_2
[10:10:22] Fixed 3 duplicate /gene - htpX_1 htpX_2 htpX_3
[10:10:22] Fixed 2 duplicate /gene - rpoC_1 rpoC_2
[10:10:22] Fixed 2 duplicate /gene - strE_1 strE_2
[10:10:22] Fixed 2 duplicate /gene - arcB_1 arcB_2
[10:10:22] Fixed 2 duplicate /gene - btuB_1 btuB_2
[10:10:22] Fixed 4 duplicate /gene - arnC_1 arnC_2 arnC_3 arnC_4
[10:10:22] Fixed 3 duplicate /gene - pat_1 pat_2 pat_3
[10:10:22] Fixed 3 duplicate /gene - sigE_1 sigE_2 sigE_3
[10:10:22] Fixed 3 duplicate /gene - lpxD_1 lpxD_2 lpxD_3
[10:10:22] Fixed 2 duplicate /gene - fbp_1 fbp_2
[10:10:22] Fixed 2 duplicate /gene - cpdA_1 cpdA_2
[10:10:22] Fixed 6 duplicate /gene - COQ3_1 COQ3_2 COQ3_3 COQ3_4 COQ3_5 COQ3_6
[10:10:22] Fixed 2 duplicate /gene - rbn_1 rbn_2
[10:10:22] Fixed 2 duplicate /gene - lnrL_1 lnrL_2
[10:10:22] Fixed 2 duplicate /gene - dnaK_1 dnaK_2
[10:10:22] Fixed 2 duplicate /gene - xpsE_1 xpsE_2
[10:10:22] Fixed 2 duplicate /gene - lysA_1 lysA_2
[10:10:22] Fixed 2 duplicate /gene - murJ_1 murJ_2
[10:10:22] Fixed 3 duplicate /gene - napA_1 napA_2 napA_3
[10:10:22] Fixed 2 duplicate /gene - alsT_1 alsT_2
[10:10:22] Fixed 2 duplicate /gene - grpE_1 grpE_2
[10:10:22] Fixed 2 duplicate /gene - gcvPA_1 gcvPA_2
[10:10:22] Fixed 2 duplicate /gene - pgk/tpi_1 pgk/tpi_2
[10:10:22] Fixed 4 duplicate /gene - sigW_1 sigW_2 sigW_3 sigW_4
[10:10:22] Fixed 5 duplicate /gene - ndhI_1 ndhI_2 ndhI_3 ndhI_4 ndhI_5
[10:10:22] Fixed 2 duplicate /gene - rsbV_1 rsbV_2
[10:10:22] Fixed 2 duplicate /gene - xerD_1 xerD_2
[10:10:22] Fixed 2 duplicate /gene - ltaA_1 ltaA_2
[10:10:22] Fixed 2 duplicate /gene - sdhE_1 sdhE_2
[10:10:22] Fixed 2 duplicate /gene - miaB_1 miaB_2
[10:10:22] Fixed 3 duplicate /gene - tri1_1 tri1_2 tri1_3
[10:10:22] Fixed 2 duplicate /gene - algU_1 algU_2
[10:10:22] Fixed 2 duplicate /gene - mnmE_1 mnmE_2
[10:10:22] Fixed 2 duplicate /gene - dpp5_1 dpp5_2
[10:10:22] Fixed 2 duplicate /gene - rpoA_1 rpoA_2
[10:10:22] Fixed 3 duplicate /gene - rsxB_1 rsxB_2 rsxB_3
[10:10:22] Fixed 3 duplicate /gene - hspA_1 hspA_2 hspA_3
[10:10:22] Fixed 2 duplicate /gene - uvrC_1 uvrC_2
[10:10:22] Fixed 2 duplicate /gene - groS_1 groS_2
[10:10:22] Fixed 2 duplicate /gene - ftsH_1 ftsH_2
[10:10:22] Fixed 2 duplicate /gene - mmgC_1 mmgC_2
[10:10:22] Fixed 2 duplicate /gene - RBKS_1 RBKS_2
[10:10:22] Fixed 2 duplicate /gene - cheB_1 cheB_2
[10:10:22] Fixed 2 duplicate /gene - dsbD_1 dsbD_2
[10:10:22] Fixed 4 duplicate /gene - tolB_1 tolB_2 tolB_3 tolB_4
[10:10:22] Fixed 5 duplicate /gene - yknY_1 yknY_2 yknY_3 yknY_4 yknY_5
[10:10:22] Fixed 12 duplicate /gene - sasA_1 sasA_2 sasA_3 sasA_4 sasA_5 sasA_6 sasA_7 sasA_8 sasA_9 sasA_10 sasA_11 sasA_12
[10:10:22] Fixed 5 duplicate /gene - macB_1 macB_2 macB_3 macB_4 macB_5
[10:10:22] Fixed 2 duplicate /gene - pyrR_1 pyrR_2
[10:10:22] Fixed 3 duplicate /gene - pknD_1 pknD_2 pknD_3
[10:10:22] Fixed 2 duplicate /gene - korA_1 korA_2
[10:10:22] Fixed 4 duplicate /gene - ade_1 ade_2 ade_3 ade_4
[10:10:22] Fixed 2 duplicate /gene - dapH_1 dapH_2
[10:10:22] Fixed 2 duplicate /gene - moaA_1 moaA_2
[10:10:22] Fixed 2 duplicate /gene - rpoE_1 rpoE_2
[10:10:22] Fixed 2 duplicate /gene - macA_1 macA_2
[10:10:22] Fixed 2 duplicate /gene - gph_1 gph_2
[10:10:22] Fixed 2 duplicate /gene - tusA_1 tusA_2
[10:10:22] Fixed 3 duplicate /gene - asnB_1 asnB_2 asnB_3
[10:10:22] Fixed 2 duplicate /gene - hemA_1 hemA_2
[10:10:22] Fixed 3 duplicate /gene - lexA_1 lexA_2 lexA_3
[10:10:22] Fixed 2 duplicate /gene - pgsA_1 pgsA_2
[10:10:22] Fixed 2 duplicate /gene - thrZ_1 thrZ_2
[10:10:22] Fixed 2 duplicate /gene - cymR_1 cymR_2
[10:10:22] Fixed 2 duplicate /gene - yhdJ_1 yhdJ_2
[10:10:22] Fixed 6 duplicate /gene - rcsC_1 rcsC_2 rcsC_3 rcsC_4 rcsC_5 rcsC_6
[10:10:22] Fixed 2 duplicate /gene - trpB_1 trpB_2
[10:10:22] Fixed 2 duplicate /gene - dat_1 dat_2
[10:10:22] Fixed 2 duplicate /gene - desV_1 desV_2
[10:10:22] Fixed 2 duplicate /gene - purL_1 purL_2
[10:10:22] Fixed 2 duplicate /gene - fruA_1 fruA_2
[10:10:22] Fixed 2 duplicate /gene - epsE_1 epsE_2
[10:10:22] Fixed 2 duplicate /gene - nfuA_1 nfuA_2
[10:10:22] Fixed 2 duplicate /gene - thrC_1 thrC_2
[10:10:22] Fixed 2 duplicate /gene - surA_1 surA_2
[10:10:22] Fixed 2 duplicate /gene - citF_1 citF_2
[10:10:22] Fixed 3 duplicate /gene - yabJ_1 yabJ_2 yabJ_3
[10:10:22] Fixed 2 duplicate /gene - flgG_1 flgG_2
[10:10:22] Fixed 2 duplicate /gene - guaA_1 guaA_2
[10:10:22] Fixed 3 duplicate /gene - zraR_1 zraR_2 zraR_3
[10:10:22] Fixed 2 duplicate /gene - hisB_1 hisB_2
[10:10:22] Fixed 4 duplicate /gene - rssB_1 rssB_2 rssB_3 rssB_4
[10:10:22] Fixed 2 duplicate /gene - lnt_1 lnt_2
[10:10:22] Fixed 6 duplicate /gene - sctC_1 sctC_2 sctC_3 sctC_4 sctC_5 sctC_6
[10:10:22] Fixed 8 duplicate /gene - mshA_1 mshA_2 mshA_3 mshA_4 mshA_5 mshA_6 mshA_7 mshA_8
[10:10:22] Fixed 2 duplicate /gene - zraS_1 zraS_2
[10:10:22] Fixed 2 duplicate /gene - ddl_1 ddl_2
[10:10:22] Fixed 2 duplicate /gene - pepQ_1 pepQ_2
[10:10:22] Fixed 2 duplicate /gene - mdh_1 mdh_2
[10:10:22] Fixed 2 duplicate /gene - mpaA_1 mpaA_2
[10:10:22] Fixed 2 duplicate /gene - lysDH_1 lysDH_2
[10:10:22] Fixed 2 duplicate /gene - nth_1 nth_2
[10:10:22] Fixed 2 duplicate /gene - dan_1 dan_2
[10:10:22] Fixed 3 duplicate /gene - mdtA_1 mdtA_2 mdtA_3
[10:10:22] Fixed 2 duplicate /gene - dxs_1 dxs_2
[10:10:22] Fixed 2 duplicate /gene - carE_1 carE_2
[10:10:22] Fixed 2 duplicate /gene - fliC_1 fliC_2
[10:10:22] Fixed 151 colliding /gene names.
[10:10:22] Adding /locus_tag identifiers
[10:10:22] Assigned 2893 locus_tags to CDS and RNA features.
[10:10:22] Writing outputs to ../../Data/Chen_Analysis/Prokka/Bacteria/GOMC.bin.14924/
[10:10:22] Generating annotation statistics file
[10:10:22] Generating Genbank and Sequin files
[10:10:22] Running: tbl2asn -V b -a r10k -l paired-ends -M n -N 1 -y 'Annotated using prokka 1.14.6 from https://github.com/tseemann/prokka' -Z \.\.\/\.\.\/Data\/Chen_Analysis\/Prokka\/Bacteria\/GOMC\.bin\.14924\/GOMC\.bin\.14924\.err -i \.\.\/\.\.\/Data\/Chen_Analysis\/Prokka\/Bacteria\/GOMC\.bin\.14924\/GOMC\.bin\.14924\.fsa 2> /dev/null
[10:10:26] Deleting unwanted file: ../../Data/Chen_Analysis/Prokka/Bacteria/GOMC.bin.14924/errorsummary.val
[10:10:26] Deleting unwanted file: ../../Data/Chen_Analysis/Prokka/Bacteria/GOMC.bin.14924/GOMC.bin.14924.dr
[10:10:26] Deleting unwanted file: ../../Data/Chen_Analysis/Prokka/Bacteria/GOMC.bin.14924/GOMC.bin.14924.fixedproducts
[10:10:26] Deleting unwanted file: ../../Data/Chen_Analysis/Prokka/Bacteria/GOMC.bin.14924/GOMC.bin.14924.ecn
[10:10:26] Deleting unwanted file: ../../Data/Chen_Analysis/Prokka/Bacteria/GOMC.bin.14924/GOMC.bin.14924.val
[10:10:26] Repairing broken .GBK output that tbl2asn produces...
[10:10:26] Running: sed 's/COORDINATES: profile/COORDINATES:profile/' < \.\.\/\.\.\/Data\/Chen_Analysis\/Prokka\/Bacteria\/GOMC\.bin\.14924\/GOMC\.bin\.14924\.gbf > \.\.\/\.\.\/Data\/Chen_Analysis\/Prokka\/Bacteria\/GOMC\.bin\.14924\/GOMC\.bin\.14924\.gbk
[10:10:26] Deleting unwanted file: ../../Data/Chen_Analysis/Prokka/Bacteria/GOMC.bin.14924/GOMC.bin.14924.gbf
[10:10:26] Output files:
[10:10:26] ../../Data/Chen_Analysis/Prokka/Bacteria/GOMC.bin.14924/GOMC.bin.14924.tbl
[10:10:26] ../../Data/Chen_Analysis/Prokka/Bacteria/GOMC.bin.14924/GOMC.bin.14924.tsv
[10:10:26] ../../Data/Chen_Analysis/Prokka/Bacteria/GOMC.bin.14924/GOMC.bin.14924.sqn
[10:10:26] ../../Data/Chen_Analysis/Prokka/Bacteria/GOMC.bin.14924/GOMC.bin.14924.log
[10:10:26] ../../Data/Chen_Analysis/Prokka/Bacteria/GOMC.bin.14924/GOMC.bin.14924.txt
[10:10:26] ../../Data/Chen_Analysis/Prokka/Bacteria/GOMC.bin.14924/GOMC.bin.14924.faa
[10:10:26] ../../Data/Chen_Analysis/Prokka/Bacteria/GOMC.bin.14924/GOMC.bin.14924.fsa
[10:10:26] ../../Data/Chen_Analysis/Prokka/Bacteria/GOMC.bin.14924/GOMC.bin.14924.gff
[10:10:26] ../../Data/Chen_Analysis/Prokka/Bacteria/GOMC.bin.14924/GOMC.bin.14924.gbk
[10:10:26] ../../Data/Chen_Analysis/Prokka/Bacteria/GOMC.bin.14924/GOMC.bin.14924.ffn
[10:10:26] ../../Data/Chen_Analysis/Prokka/Bacteria/GOMC.bin.14924/GOMC.bin.14924.err
[10:10:26] ../../Data/Chen_Analysis/Prokka/Bacteria/GOMC.bin.14924/GOMC.bin.14924.fna
[10:10:26] Annotation finished successfully.
[10:10:26] Walltime used: 1.43 minutes
[10:10:26] If you use this result please cite the Prokka paper:
[10:10:26] Seemann T (2014) Prokka: rapid prokaryotic genome annotation. Bioinformatics. 30(14):2068-9.
[10:10:26] Type 'prokka --citation' for more details.
[10:10:26] Thank you, come again.
