[08:19:59] This is prokka 1.14.6
[08:19:59] Written by Torsten Seemann <torsten.seemann@gmail.com>
[08:19:59] Homepage is https://github.com/tseemann/prokka
[08:19:59] Local time is Mon Dec  1 08:19:59 2025
[08:19:59] You are joao_facio
[08:19:59] Operating system is linux
[08:19:59] You have BioPerl 1.7.8
[08:19:59] System has 12 cores.
[08:19:59] Will use maximum of 4 cores.
[08:19:59] Annotating as >>> Bacteria <<<
[08:19:59] Generating locus_tag from '/tmp/tmp6gns85ah/GOMC.bin.3961.fa' contents.
[08:19:59] Setting --locustag MNPEDHOL from MD5 679ed185daafa4e23fb6711c9316c10d
[08:19:59] Creating new output folder: ../../Data/Chen_Analysis/Prokka/Bacteria/GOMC.bin.3961
[08:19:59] Running: mkdir -p \.\.\/\.\.\/Data\/Chen_Analysis\/Prokka\/Bacteria\/GOMC\.bin\.3961
[08:19:59] Using filename prefix: GOMC.bin.3961.XXX
[08:19:59] Setting HMMER_NCPU=1
[08:19:59] Writing log to: ../../Data/Chen_Analysis/Prokka/Bacteria/GOMC.bin.3961/GOMC.bin.3961.log
[08:19:59] Command: /home/joao_facio/miniconda3/envs/prokka/bin/prokka --outdir ../../Data/Chen_Analysis/Prokka/Bacteria/GOMC.bin.3961 --prefix GOMC.bin.3961 --kingdom Bacteria --genus UBA9337 --strain GOMC.bin.3961 --cpus 4 --force /tmp/tmp6gns85ah/GOMC.bin.3961.fa
[08:19:59] Appending to PATH: /home/joao_facio/miniconda3/envs/prokka/bin
[08:19:59] Looking for 'aragorn' - found /home/joao_facio/miniconda3/envs/prokka/bin/aragorn
[08:19:59] Determined aragorn version is 001002 from 'ARAGORN v1.2.41 Dean Laslett'
[08:19:59] Looking for 'barrnap' - found /home/joao_facio/miniconda3/envs/prokka/bin/barrnap
[08:19:59] Determined barrnap version is 000009 from 'barrnap 0.9'
[08:19:59] Looking for 'blastp' - found /home/joao_facio/miniconda3/envs/prokka/bin/blastp
[08:19:59] Determined blastp version is 002016 from 'blastp: 2.16.0+'
[08:19:59] Looking for 'cmpress' - found /home/joao_facio/miniconda3/envs/prokka/bin/cmpress
[08:19:59] Determined cmpress version is 001001 from '# INFERNAL 1.1.5 (Sep 2023)'
[08:19:59] Looking for 'cmscan' - found /home/joao_facio/miniconda3/envs/prokka/bin/cmscan
[08:19:59] Determined cmscan version is 001001 from '# INFERNAL 1.1.5 (Sep 2023)'
[08:19:59] Looking for 'egrep' - found /usr/bin/egrep
[08:19:59] Looking for 'find' - found /usr/bin/find
[08:19:59] Looking for 'grep' - found /usr/bin/grep
[08:19:59] Looking for 'hmmpress' - found /home/joao_facio/miniconda3/envs/prokka/bin/hmmpress
[08:19:59] Determined hmmpress version is 003004 from '# HMMER 3.4 (Aug 2023); http://hmmer.org/'
[08:19:59] Looking for 'hmmscan' - found /home/joao_facio/miniconda3/envs/prokka/bin/hmmscan
[08:19:59] Determined hmmscan version is 003004 from '# HMMER 3.4 (Aug 2023); http://hmmer.org/'
[08:19:59] Looking for 'java' - found /home/joao_facio/miniconda3/envs/prokka/bin/java
[08:19:59] Looking for 'makeblastdb' - found /home/joao_facio/miniconda3/envs/prokka/bin/makeblastdb
[08:19:59] Determined makeblastdb version is 002016 from 'makeblastdb: 2.16.0+'
[08:19:59] Looking for 'minced' - found /home/joao_facio/miniconda3/envs/prokka/bin/minced
[08:19:59] Determined minced version is 004002 from 'minced 0.4.2'
[08:19:59] Looking for 'parallel' - found /home/joao_facio/miniconda3/envs/prokka/bin/parallel
[08:19:59] Determined parallel version is 20251122 from 'GNU parallel 20251122'
[08:19:59] Looking for 'prodigal' - found /home/joao_facio/miniconda3/envs/prokka/bin/prodigal
[08:20:00] Determined prodigal version is 002006 from 'Prodigal V2.6.3: February, 2016'
[08:20:00] Looking for 'prokka-genbank_to_fasta_db' - found /home/joao_facio/miniconda3/envs/prokka/bin/prokka-genbank_to_fasta_db
[08:20:00] Looking for 'sed' - found /usr/bin/sed
[08:20:00] Looking for 'tbl2asn' - found /home/joao_facio/miniconda3/envs/prokka/bin/tbl2asn
[08:20:00] Determined tbl2asn version is 025007 from 'tbl2asn 25.7   arguments:'
[08:20:00] Using genetic code table 11.
[08:20:00] Loading and checking input file: /tmp/tmp6gns85ah/GOMC.bin.3961.fa
[08:20:00] Wrote 175 contigs totalling 582175 bp.
[08:20:00] Predicting tRNAs and tmRNAs
[08:20:00] Running: aragorn -l -gc11  -w \.\.\/\.\.\/Data\/Chen_Analysis\/Prokka\/Bacteria\/GOMC\.bin\.3961\/GOMC\.bin\.3961\.fna
[08:20:00] 1 tRNA-Leu [2368,2455] 35 (gag)
[08:20:00] 2 tRNA-Val [2463,2537] 35 (tac)
[08:20:00] 3 tRNA-Phe [2594,2666] 33 (gaa)
[08:20:00] 1 tRNA-Leu c[982,1067] 35 (tag)
[08:20:00] 1 tRNA-Val c[1755,1829] 35 (gac)
[08:20:00] 1 tRNA-Glu c[2271,2343] 34 (ctc)
[08:20:00] 1 tRNA-Pro [4191,4264] 35 (tgg)
[08:20:00] 1 tmRNA c[1096,1518] 95,169 ANLISKAKAIFANAFNPSFATAVA*
[08:20:00] 2 tRNA-Leu c[2990,3072] 35 (caa)
[08:20:00] 1 tRNA-Thr c[435,508] 34 (cgt)
[08:20:00] 1 tRNA-Arg [2347,2420] 34 (cct)
[08:20:00] 1 tRNA-Arg c[345,419] 34 (tct)
[08:20:00] 2 tRNA-Lys c[525,598] 34 (ctt)
[08:20:00] 1 tRNA-Lys c[279,353] 34 (ttt)
[08:20:00] 1 tRNA-Arg c[1210,1282] 34 (tcg)
[08:20:00] 2 tRNA-His c[1288,1359] 33 (gtg)
[08:20:00] 1 tRNA-Ser [1906,1993] 35 (cga)
[08:20:00] 1 tRNA-Ala [1872,1945] 34 (tgc)
[08:20:00] Found 18 tRNAs
[08:20:00] Predicting Ribosomal RNAs
[08:20:00] Running Barrnap with 4 threads
[08:20:00] 1 SRR8439172_k53_1593440_1 391 5S ribosomal RNA (partial)
[08:20:00] Found 1 rRNAs
[08:20:00] Skipping ncRNA search, enable with --rfam if desired.
[08:20:00] Total of 18 tRNA + rRNA features
[08:20:00] Searching for CRISPR repeats
[08:20:00] Found 0 CRISPRs
[08:20:00] Predicting coding sequences
[08:20:00] Contigs total 582175 bp, so using single mode
[08:20:00] Running: prodigal -i \.\.\/\.\.\/Data\/Chen_Analysis\/Prokka\/Bacteria\/GOMC\.bin\.3961\/GOMC\.bin\.3961\.fna -c -m -g 11 -p single -f sco -q
[08:20:01] Excluding CDS which overlaps existing RNA (tRNA) at SRR8439172_k53_1783373_1:10..435 on + strand
[08:20:01] Found 549 CDS
[08:20:01] Connecting features back to sequences
[08:20:01] Not using genus-specific database. Try --usegenus to enable it.
[08:20:01] Annotating CDS, please be patient.
[08:20:01] Will use 4 CPUs for similarity searching.
[08:20:01] There are still 549 unannotated CDS left (started with 549)
[08:20:01] Will use blast to search against /home/joao_facio/miniconda3/envs/prokka/db/kingdom/Bacteria/IS with 4 CPUs
[08:20:01] Running: cat \.\.\/\.\.\/Data\/Chen_Analysis\/Prokka\/Bacteria\/GOMC\.bin\.3961\/GOMC\.bin\.3961\.IS\.tmp\.3240116\.faa | parallel --gnu --plain -j 4 --block 18115 --recstart '>' --pipe blastp -query - -db /home/joao_facio/miniconda3/envs/prokka/db/kingdom/Bacteria/IS -evalue 1e-30 -qcov_hsp_perc 90 -num_threads 1 -num_descriptions 1 -num_alignments 1 -seg no > \.\.\/\.\.\/Data\/Chen_Analysis\/Prokka\/Bacteria\/GOMC\.bin\.3961\/GOMC\.bin\.3961\.IS\.tmp\.3240116\.blast 2> /dev/null
[08:20:02] Deleting unwanted file: ../../Data/Chen_Analysis/Prokka/Bacteria/GOMC.bin.3961/GOMC.bin.3961.IS.tmp.3240116.faa
[08:20:02] Deleting unwanted file: ../../Data/Chen_Analysis/Prokka/Bacteria/GOMC.bin.3961/GOMC.bin.3961.IS.tmp.3240116.blast
[08:20:02] There are still 549 unannotated CDS left (started with 549)
[08:20:02] Will use blast to search against /home/joao_facio/miniconda3/envs/prokka/db/kingdom/Bacteria/AMR with 4 CPUs
[08:20:02] Running: cat \.\.\/\.\.\/Data\/Chen_Analysis\/Prokka\/Bacteria\/GOMC\.bin\.3961\/GOMC\.bin\.3961\.AMR\.tmp\.3240116\.faa | parallel --gnu --plain -j 4 --block 18115 --recstart '>' --pipe blastp -query - -db /home/joao_facio/miniconda3/envs/prokka/db/kingdom/Bacteria/AMR -evalue 1e-300 -qcov_hsp_perc 90 -num_threads 1 -num_descriptions 1 -num_alignments 1 -seg no > \.\.\/\.\.\/Data\/Chen_Analysis\/Prokka\/Bacteria\/GOMC\.bin\.3961\/GOMC\.bin\.3961\.AMR\.tmp\.3240116\.blast 2> /dev/null
[08:20:04] Deleting unwanted file: ../../Data/Chen_Analysis/Prokka/Bacteria/GOMC.bin.3961/GOMC.bin.3961.AMR.tmp.3240116.faa
[08:20:04] Deleting unwanted file: ../../Data/Chen_Analysis/Prokka/Bacteria/GOMC.bin.3961/GOMC.bin.3961.AMR.tmp.3240116.blast
[08:20:04] There are still 549 unannotated CDS left (started with 549)
[08:20:04] Will use blast to search against /home/joao_facio/miniconda3/envs/prokka/db/kingdom/Bacteria/sprot with 4 CPUs
[08:20:04] Running: cat \.\.\/\.\.\/Data\/Chen_Analysis\/Prokka\/Bacteria\/GOMC\.bin\.3961\/GOMC\.bin\.3961\.sprot\.tmp\.3240116\.faa | parallel --gnu --plain -j 4 --block 18115 --recstart '>' --pipe blastp -query - -db /home/joao_facio/miniconda3/envs/prokka/db/kingdom/Bacteria/sprot -evalue 1e-09 -qcov_hsp_perc 80 -num_threads 1 -num_descriptions 1 -num_alignments 1 -seg no > \.\.\/\.\.\/Data\/Chen_Analysis\/Prokka\/Bacteria\/GOMC\.bin\.3961\/GOMC\.bin\.3961\.sprot\.tmp\.3240116\.blast 2> /dev/null
[08:20:10] Modify product: Probable GTP-binding protein EngB => putative GTP-binding protein EngB
[08:20:10] Modify product: Uncharacterized ABC transporter ATP-binding protein Rv0986 => putative ABC transporter ATP-binding protein
[08:20:10] Modify product: Probable lipid II flippase MurJ => putative lipid II flippase MurJ
[08:20:10] Modify product: Probable transcriptional regulatory protein aq_1575 => putative transcriptional regulatory protein
[08:20:10] Modify product: Uncharacterized protein YqeY => putative protein YqeY
[08:20:10] Modify product: Probable N-acetyl-LL-diaminopimelate aminotransferase => putative N-acetyl-LL-diaminopimelate aminotransferase
[08:20:10] Modify product: GTP-binding protein TypA/BipA homolog => GTP-binding protein TypA/BipA 
[08:20:10] Modify product: Protease HtpX homolog => Protease HtpX 
[08:20:10] Modify product: Protease HtpX homolog => Protease HtpX 
[08:20:10] Modify product: Probable tRNA sulfurtransferase => putative tRNA sulfurtransferase
[08:20:10] Modify product: Bifunctional protein Rv2228c => Bifunctional protein
[08:20:10] Modify product: Uncharacterized protein YqeN => putative protein YqeN
[08:20:10] Modify product: Uncharacterized zinc protease Rv2782c => putative zinc protease
[08:20:10] Modify product: Bifunctional protein FolD => Bifunctional protein FolD protein
[08:20:10] Modify product: Tellurite resistance protein TehA homolog => Tellurite resistance protein TehA 
[08:20:10] Modify product: Probable peptidoglycan glycosyltransferase FtsW => putative peptidoglycan glycosyltransferase FtsW
[08:20:10] Modify product: Putative transport protein Rv1101c => Putative transport protein
[08:20:10] Modify product: Uncharacterized membrane protein Rv2637 => putative membrane protein
[08:20:10] Modify product: Probable manganese-dependent inorganic pyrophosphatase => putative manganese-dependent inorganic pyrophosphatase
[08:20:10] Cleaned 19 /product names
[08:20:10] Deleting unwanted file: ../../Data/Chen_Analysis/Prokka/Bacteria/GOMC.bin.3961/GOMC.bin.3961.sprot.tmp.3240116.faa
[08:20:10] Deleting unwanted file: ../../Data/Chen_Analysis/Prokka/Bacteria/GOMC.bin.3961/GOMC.bin.3961.sprot.tmp.3240116.blast
[08:20:10] There are still 302 unannotated CDS left (started with 549)
[08:20:10] Will use hmmer3 to search against /home/joao_facio/miniconda3/envs/prokka/db/hmm/HAMAP.hmm with 4 CPUs
[08:20:10] Running: cat \.\.\/\.\.\/Data\/Chen_Analysis\/Prokka\/Bacteria\/GOMC\.bin\.3961\/GOMC\.bin\.3961\.HAMAP\.hmm\.tmp\.3240116\.faa | parallel --gnu --plain -j 4 --block 8816 --recstart '>' --pipe hmmscan --noali --notextw --acc -E 1e-09 --cpu 1 /home/joao_facio/miniconda3/envs/prokka/db/hmm/HAMAP.hmm /dev/stdin > \.\.\/\.\.\/Data\/Chen_Analysis\/Prokka\/Bacteria\/GOMC\.bin\.3961\/GOMC\.bin\.3961\.HAMAP\.hmm\.tmp\.3240116\.hmmer3 2> /dev/null
[08:20:12] Deleting unwanted file: ../../Data/Chen_Analysis/Prokka/Bacteria/GOMC.bin.3961/GOMC.bin.3961.HAMAP.hmm.tmp.3240116.faa
[08:20:12] Deleting unwanted file: ../../Data/Chen_Analysis/Prokka/Bacteria/GOMC.bin.3961/GOMC.bin.3961.HAMAP.hmm.tmp.3240116.hmmer3
[08:20:12] Labelling remaining 249 proteins as 'hypothetical protein'
[08:20:12] Possible /pseudo 'Protease HtpX ' at SRR8439172_k53_1024831_1 position 5267
[08:20:12] Possible /pseudo '2,3-bisphosphoglycerate-independent phosphoglycerate mutase' at SRR8439172_k53_2015015_1 position 3722
[08:20:12] Possible /pseudo 'tRNA-2-methylthio-N(6)-dimethylallyladenosine synthase' at SRR8439172_k53_2222097_1 position 3358
[08:20:12] Found 258 unique /gene codes.
[08:20:12] Fixed 7 duplicate /gene - mshA_1 mshA_2 mshA_3 mshA_4 mshA_5 mshA_6 mshA_7
[08:20:12] Fixed 3 duplicate /gene - murJ_1 murJ_2 murJ_3
[08:20:12] Fixed 2 duplicate /gene - trxB_1 trxB_2
[08:20:12] Fixed 2 duplicate /gene - miaB_1 miaB_2
[08:20:12] Fixed 2 duplicate /gene - phoB_1 phoB_2
[08:20:12] Fixed 2 duplicate /gene - mreB_1 mreB_2
[08:20:12] Fixed 4 duplicate /gene - gpmI_1 gpmI_2 gpmI_3 gpmI_4
[08:20:12] Fixed 2 duplicate /gene - tmk_1 tmk_2
[08:20:12] Fixed 2 duplicate /gene - htpX_1 htpX_2
[08:20:12] Fixed 2 duplicate /gene - dnaG_1 dnaG_2
[08:20:12] Fixed 2 duplicate /gene - atpD_1 atpD_2
[08:20:12] Fixed 3 duplicate /gene - ftsA_1 ftsA_2 ftsA_3
[08:20:12] Fixed 2 duplicate /gene - tagU_1 tagU_2
[08:20:12] Fixed 2 duplicate /gene - btuD_1 btuD_2
[08:20:12] Fixed 2 duplicate /gene - rpoS_1 rpoS_2
[08:20:12] Fixed 2 duplicate /gene - COQ5_1 COQ5_2
[08:20:12] Fixed 16 colliding /gene names.
[08:20:12] Adding /locus_tag identifiers
[08:20:12] Assigned 568 locus_tags to CDS and RNA features.
[08:20:12] Writing outputs to ../../Data/Chen_Analysis/Prokka/Bacteria/GOMC.bin.3961/
[08:20:13] Generating annotation statistics file
[08:20:13] Generating Genbank and Sequin files
[08:20:13] Running: tbl2asn -V b -a r10k -l paired-ends -M n -N 1 -y 'Annotated using prokka 1.14.6 from https://github.com/tseemann/prokka' -Z \.\.\/\.\.\/Data\/Chen_Analysis\/Prokka\/Bacteria\/GOMC\.bin\.3961\/GOMC\.bin\.3961\.err -i \.\.\/\.\.\/Data\/Chen_Analysis\/Prokka\/Bacteria\/GOMC\.bin\.3961\/GOMC\.bin\.3961\.fsa 2> /dev/null
[08:20:13] Deleting unwanted file: ../../Data/Chen_Analysis/Prokka/Bacteria/GOMC.bin.3961/errorsummary.val
[08:20:13] Deleting unwanted file: ../../Data/Chen_Analysis/Prokka/Bacteria/GOMC.bin.3961/GOMC.bin.3961.dr
[08:20:13] Deleting unwanted file: ../../Data/Chen_Analysis/Prokka/Bacteria/GOMC.bin.3961/GOMC.bin.3961.fixedproducts
[08:20:13] Deleting unwanted file: ../../Data/Chen_Analysis/Prokka/Bacteria/GOMC.bin.3961/GOMC.bin.3961.ecn
[08:20:13] Deleting unwanted file: ../../Data/Chen_Analysis/Prokka/Bacteria/GOMC.bin.3961/GOMC.bin.3961.val
[08:20:13] Repairing broken .GBK output that tbl2asn produces...
[08:20:13] Running: sed 's/COORDINATES: profile/COORDINATES:profile/' < \.\.\/\.\.\/Data\/Chen_Analysis\/Prokka\/Bacteria\/GOMC\.bin\.3961\/GOMC\.bin\.3961\.gbf > \.\.\/\.\.\/Data\/Chen_Analysis\/Prokka\/Bacteria\/GOMC\.bin\.3961\/GOMC\.bin\.3961\.gbk
[08:20:13] Deleting unwanted file: ../../Data/Chen_Analysis/Prokka/Bacteria/GOMC.bin.3961/GOMC.bin.3961.gbf
[08:20:13] Output files:
[08:20:13] ../../Data/Chen_Analysis/Prokka/Bacteria/GOMC.bin.3961/GOMC.bin.3961.fna
[08:20:13] ../../Data/Chen_Analysis/Prokka/Bacteria/GOMC.bin.3961/GOMC.bin.3961.tsv
[08:20:13] ../../Data/Chen_Analysis/Prokka/Bacteria/GOMC.bin.3961/GOMC.bin.3961.tbl
[08:20:13] ../../Data/Chen_Analysis/Prokka/Bacteria/GOMC.bin.3961/GOMC.bin.3961.fsa
[08:20:13] ../../Data/Chen_Analysis/Prokka/Bacteria/GOMC.bin.3961/GOMC.bin.3961.log
[08:20:13] ../../Data/Chen_Analysis/Prokka/Bacteria/GOMC.bin.3961/GOMC.bin.3961.ffn
[08:20:13] ../../Data/Chen_Analysis/Prokka/Bacteria/GOMC.bin.3961/GOMC.bin.3961.gff
[08:20:13] ../../Data/Chen_Analysis/Prokka/Bacteria/GOMC.bin.3961/GOMC.bin.3961.gbk
[08:20:13] ../../Data/Chen_Analysis/Prokka/Bacteria/GOMC.bin.3961/GOMC.bin.3961.err
[08:20:13] ../../Data/Chen_Analysis/Prokka/Bacteria/GOMC.bin.3961/GOMC.bin.3961.txt
[08:20:13] ../../Data/Chen_Analysis/Prokka/Bacteria/GOMC.bin.3961/GOMC.bin.3961.sqn
[08:20:13] ../../Data/Chen_Analysis/Prokka/Bacteria/GOMC.bin.3961/GOMC.bin.3961.faa
[08:20:13] Annotation finished successfully.
[08:20:13] Walltime used: 0.23 minutes
[08:20:13] If you use this result please cite the Prokka paper:
[08:20:13] Seemann T (2014) Prokka: rapid prokaryotic genome annotation. Bioinformatics. 30(14):2068-9.
[08:20:13] Type 'prokka --citation' for more details.
[08:20:13] Thank you, come again.
