[07:57:31] This is prokka 1.14.6
[07:57:31] Written by Torsten Seemann <torsten.seemann@gmail.com>
[07:57:31] Homepage is https://github.com/tseemann/prokka
[07:57:31] Local time is Mon Dec  1 07:57:31 2025
[07:57:31] You are joao_facio
[07:57:31] Operating system is linux
[07:57:31] You have BioPerl 1.7.8
[07:57:31] System has 12 cores.
[07:57:31] Will use maximum of 4 cores.
[07:57:31] Annotating as >>> Bacteria <<<
[07:57:31] Generating locus_tag from '/tmp/tmp6gns85ah/GOMC.bin.9716.fa' contents.
[07:57:31] Setting --locustag EODOCMLH from MD5 e8d8c65175282cd2c22ca15a622a8451
[07:57:31] Creating new output folder: ../../Data/Chen_Analysis/Prokka/Bacteria/GOMC.bin.9716
[07:57:31] Running: mkdir -p \.\.\/\.\.\/Data\/Chen_Analysis\/Prokka\/Bacteria\/GOMC\.bin\.9716
[07:57:31] Using filename prefix: GOMC.bin.9716.XXX
[07:57:31] Setting HMMER_NCPU=1
[07:57:31] Writing log to: ../../Data/Chen_Analysis/Prokka/Bacteria/GOMC.bin.9716/GOMC.bin.9716.log
[07:57:31] Command: /home/joao_facio/miniconda3/envs/prokka/bin/prokka --outdir ../../Data/Chen_Analysis/Prokka/Bacteria/GOMC.bin.9716 --prefix GOMC.bin.9716 --kingdom Bacteria --genus Colwellia --strain GOMC.bin.9716 --cpus 4 --force /tmp/tmp6gns85ah/GOMC.bin.9716.fa
[07:57:31] Appending to PATH: /home/joao_facio/miniconda3/envs/prokka/bin
[07:57:31] Looking for 'aragorn' - found /home/joao_facio/miniconda3/envs/prokka/bin/aragorn
[07:57:31] Determined aragorn version is 001002 from 'ARAGORN v1.2.41 Dean Laslett'
[07:57:31] Looking for 'barrnap' - found /home/joao_facio/miniconda3/envs/prokka/bin/barrnap
[07:57:31] Determined barrnap version is 000009 from 'barrnap 0.9'
[07:57:31] Looking for 'blastp' - found /home/joao_facio/miniconda3/envs/prokka/bin/blastp
[07:57:31] Determined blastp version is 002016 from 'blastp: 2.16.0+'
[07:57:31] Looking for 'cmpress' - found /home/joao_facio/miniconda3/envs/prokka/bin/cmpress
[07:57:31] Determined cmpress version is 001001 from '# INFERNAL 1.1.5 (Sep 2023)'
[07:57:31] Looking for 'cmscan' - found /home/joao_facio/miniconda3/envs/prokka/bin/cmscan
[07:57:31] Determined cmscan version is 001001 from '# INFERNAL 1.1.5 (Sep 2023)'
[07:57:31] Looking for 'egrep' - found /usr/bin/egrep
[07:57:31] Looking for 'find' - found /usr/bin/find
[07:57:31] Looking for 'grep' - found /usr/bin/grep
[07:57:31] Looking for 'hmmpress' - found /home/joao_facio/miniconda3/envs/prokka/bin/hmmpress
[07:57:31] Determined hmmpress version is 003004 from '# HMMER 3.4 (Aug 2023); http://hmmer.org/'
[07:57:31] Looking for 'hmmscan' - found /home/joao_facio/miniconda3/envs/prokka/bin/hmmscan
[07:57:31] Determined hmmscan version is 003004 from '# HMMER 3.4 (Aug 2023); http://hmmer.org/'
[07:57:31] Looking for 'java' - found /home/joao_facio/miniconda3/envs/prokka/bin/java
[07:57:31] Looking for 'makeblastdb' - found /home/joao_facio/miniconda3/envs/prokka/bin/makeblastdb
[07:57:31] Determined makeblastdb version is 002016 from 'makeblastdb: 2.16.0+'
[07:57:31] Looking for 'minced' - found /home/joao_facio/miniconda3/envs/prokka/bin/minced
[07:57:31] Determined minced version is 004002 from 'minced 0.4.2'
[07:57:31] Looking for 'parallel' - found /home/joao_facio/miniconda3/envs/prokka/bin/parallel
[07:57:31] Determined parallel version is 20251122 from 'GNU parallel 20251122'
[07:57:31] Looking for 'prodigal' - found /home/joao_facio/miniconda3/envs/prokka/bin/prodigal
[07:57:31] Determined prodigal version is 002006 from 'Prodigal V2.6.3: February, 2016'
[07:57:31] Looking for 'prokka-genbank_to_fasta_db' - found /home/joao_facio/miniconda3/envs/prokka/bin/prokka-genbank_to_fasta_db
[07:57:31] Looking for 'sed' - found /usr/bin/sed
[07:57:31] Looking for 'tbl2asn' - found /home/joao_facio/miniconda3/envs/prokka/bin/tbl2asn
[07:57:31] Determined tbl2asn version is 025007 from 'tbl2asn 25.7   arguments:'
[07:57:31] Using genetic code table 11.
[07:57:31] Loading and checking input file: /tmp/tmp6gns85ah/GOMC.bin.9716.fa
[07:57:31] Wrote 260 contigs totalling 4766173 bp.
[07:57:31] Predicting tRNAs and tmRNAs
[07:57:31] Running: aragorn -l -gc11  -w \.\.\/\.\.\/Data\/Chen_Analysis\/Prokka\/Bacteria\/GOMC\.bin\.9716\/GOMC\.bin\.9716\.fna
[07:57:32] 1 tRNA-Val [43027,43119] 34 (aac)
[07:57:32] 1 tRNA-Met [4242,4318] 35 (cat)
[07:57:32] 2 tRNA-Leu [4351,4435] 35 (tag)
[07:57:32] 3 tRNA-Gln [4481,4555] 33 (ttg)
[07:57:32] 1 tRNA-Val c[3957,4033] 35 (gac)
[07:57:32] 1 tRNA-Ile [6047,6137] 36 (aat)
[07:57:32] 1 tRNA-His c[26367,26442] 34 (gtg)
[07:57:32] 1 tRNA-Met c[16082,16157] 34 (cat)
[07:57:32] 1 tRNA-Leu c[72,156] 35 (caa)
[07:57:32] 1 tRNA-Arg [7367,7443] 35 (cct)
[07:57:32] 1 tRNA-Pro [13678,13754] 35 (tgg)
[07:57:32] 1 tRNA-Thr c[6,81] 34 (ggt)
[07:57:32] 1 tRNA-Ser [1,91] 35 (tga)
[07:57:32] 1 tRNA-Ser [54001,54092] 35 (gct)
[07:57:32] 1 tRNA-Leu c[1825,1911] 35 (gag)
[07:57:32] 1 tRNA-Met [11477,11553] 35 (cat)
[07:57:32] 1 tRNA-Ser c[11110,11199] 35 (gga)
[07:57:32] 1 tRNA-Arg c[42060,42136] 35 (ccg)
[07:57:32] Found 18 tRNAs
[07:57:32] Predicting Ribosomal RNAs
[07:57:32] Running Barrnap with 4 threads
[07:57:33] Found 0 rRNAs
[07:57:33] Skipping ncRNA search, enable with --rfam if desired.
[07:57:33] Total of 18 tRNA + rRNA features
[07:57:33] Searching for CRISPR repeats
[07:57:33] CRISPR1 k63_24733 25268 with 25 spacers
[07:57:33] Found 1 CRISPRs
[07:57:33] Predicting coding sequences
[07:57:33] Contigs total 4766173 bp, so using single mode
[07:57:33] Running: prodigal -i \.\.\/\.\.\/Data\/Chen_Analysis\/Prokka\/Bacteria\/GOMC\.bin\.9716\/GOMC\.bin\.9716\.fna -c -m -g 11 -p single -f sco -q
[07:57:34] Excluding CDS which overlaps existing RNA (tRNA) at k63_36398:42508..44844 on - strand
[07:57:35] Excluding CDS which overlaps existing RNA (tRNA) at k63_164666:5500..6654 on - strand
[07:57:36] Excluding CDS which overlaps existing RNA (tRNA) at k63_144385:41990..42253 on + strand
[07:57:36] Found 4171 CDS
[07:57:36] Connecting features back to sequences
[07:57:36] Not using genus-specific database. Try --usegenus to enable it.
[07:57:36] Annotating CDS, please be patient.
[07:57:36] Will use 4 CPUs for similarity searching.
[07:57:36] There are still 4171 unannotated CDS left (started with 4171)
[07:57:36] Will use blast to search against /home/joao_facio/miniconda3/envs/prokka/db/kingdom/Bacteria/IS with 4 CPUs
[07:57:36] Running: cat \.\.\/\.\.\/Data\/Chen_Analysis\/Prokka\/Bacteria\/GOMC\.bin\.9716\/GOMC\.bin\.9716\.IS\.tmp\.3194068\.faa | parallel --gnu --plain -j 4 --block 175508 --recstart '>' --pipe blastp -query - -db /home/joao_facio/miniconda3/envs/prokka/db/kingdom/Bacteria/IS -evalue 1e-30 -qcov_hsp_perc 90 -num_threads 1 -num_descriptions 1 -num_alignments 1 -seg no > \.\.\/\.\.\/Data\/Chen_Analysis\/Prokka\/Bacteria\/GOMC\.bin\.9716\/GOMC\.bin\.9716\.IS\.tmp\.3194068\.blast 2> /dev/null
[07:57:49] Deleting unwanted file: ../../Data/Chen_Analysis/Prokka/Bacteria/GOMC.bin.9716/GOMC.bin.9716.IS.tmp.3194068.faa
[07:57:49] Deleting unwanted file: ../../Data/Chen_Analysis/Prokka/Bacteria/GOMC.bin.9716/GOMC.bin.9716.IS.tmp.3194068.blast
[07:57:50] There are still 4139 unannotated CDS left (started with 4171)
[07:57:50] Will use blast to search against /home/joao_facio/miniconda3/envs/prokka/db/kingdom/Bacteria/AMR with 4 CPUs
[07:57:50] Running: cat \.\.\/\.\.\/Data\/Chen_Analysis\/Prokka\/Bacteria\/GOMC\.bin\.9716\/GOMC\.bin\.9716\.AMR\.tmp\.3194068\.faa | parallel --gnu --plain -j 4 --block 174549 --recstart '>' --pipe blastp -query - -db /home/joao_facio/miniconda3/envs/prokka/db/kingdom/Bacteria/AMR -evalue 1e-300 -qcov_hsp_perc 90 -num_threads 1 -num_descriptions 1 -num_alignments 1 -seg no > \.\.\/\.\.\/Data\/Chen_Analysis\/Prokka\/Bacteria\/GOMC\.bin\.9716\/GOMC\.bin\.9716\.AMR\.tmp\.3194068\.blast 2> /dev/null
[07:58:00] Deleting unwanted file: ../../Data/Chen_Analysis/Prokka/Bacteria/GOMC.bin.9716/GOMC.bin.9716.AMR.tmp.3194068.faa
[07:58:00] Deleting unwanted file: ../../Data/Chen_Analysis/Prokka/Bacteria/GOMC.bin.9716/GOMC.bin.9716.AMR.tmp.3194068.blast
[07:58:00] There are still 4139 unannotated CDS left (started with 4171)
[07:58:00] Will use blast to search against /home/joao_facio/miniconda3/envs/prokka/db/kingdom/Bacteria/sprot with 4 CPUs
[07:58:00] Running: cat \.\.\/\.\.\/Data\/Chen_Analysis\/Prokka\/Bacteria\/GOMC\.bin\.9716\/GOMC\.bin\.9716\.sprot\.tmp\.3194068\.faa | parallel --gnu --plain -j 4 --block 174549 --recstart '>' --pipe blastp -query - -db /home/joao_facio/miniconda3/envs/prokka/db/kingdom/Bacteria/sprot -evalue 1e-09 -qcov_hsp_perc 80 -num_threads 1 -num_descriptions 1 -num_alignments 1 -seg no > \.\.\/\.\.\/Data\/Chen_Analysis\/Prokka\/Bacteria\/GOMC\.bin\.9716\/GOMC\.bin\.9716\.sprot\.tmp\.3194068\.blast 2> /dev/null
[07:58:54] Modify product: UPF0299 membrane protein YohJ => hypothetical protein
[07:58:54] Modify product: UPF0438 protein YifE => hypothetical protein
[07:58:54] Modify product: Uncharacterized protein YcbX => putative protein YcbX
[07:58:54] Modify product: Uncharacterized isomerase YddE => putative isomerase YddE
[07:58:54] Modify product: Probable Fe(2+)-trafficking protein => putative Fe(2+)-trafficking protein
[07:58:54] Modify product: Uncharacterized protein HI_0341 => putative protein
[07:58:54] Modify product: DNA-binding protein VF_0530 => DNA-binding protein
[07:58:54] Modify product: UPF0701 protein YicC => hypothetical protein
[07:58:54] Modify product: UPF0502 protein YceH => hypothetical protein
[07:58:54] Modify product: Co-chaperone protein HscB homolog => Co-chaperone protein HscB 
[07:58:54] Modify product: Probable TonB-dependent receptor NMB0964 => putative TonB-dependent receptor
[07:58:54] Modify product: UPF0234 protein HI_1034 => hypothetical protein
[07:58:54] Modify product: Probable GTP-binding protein EngB => putative GTP-binding protein EngB
[07:58:54] Modify product: Probable FKBP-type peptidyl-prolyl cis-trans isomerase FkpA => putative FKBP-type peptidyl-prolyl cis-trans isomerase FkpA
[07:58:54] Modify product: UPF0758 protein CT0611 => hypothetical protein
[07:58:54] Modify product: Probable copper-importing P-type ATPase A => putative copper-importing P-type ATPase A
[07:58:54] Modify product: Uncharacterized protein YcjX => putative protein YcjX
[07:58:54] Modify product: UPF0307 protein YjgA => hypothetical protein
[07:58:54] Modify product: UPF0213 protein BH0048 => hypothetical protein
[07:58:54] Modify product: UPF0111 protein HI_1603 => hypothetical protein
[07:58:54] Modify product: Uncharacterized metal-dependent hydrolase YjjV => putative metal-dependent hydrolase YjjV
[07:58:54] Modify product: Cyclic di-GMP phosphodiesterase PA4108 => Cyclic di-GMP phosphodiesterase
[07:58:54] Modify product: Uncharacterized protein YqeY => putative protein YqeY
[07:58:54] Modify product: UPF0126 inner membrane protein YadS => hypothetical protein
[07:58:54] Modify product: Probable ABC transporter permease protein NosY => putative ABC transporter permease protein NosY
[07:58:54] Modify product: Probable ABC transporter ATP-binding protein NosF => putative ABC transporter ATP-binding protein NosF
[07:58:54] Modify product: Probable ABC transporter binding protein NosD => putative ABC transporter binding protein NosD
[07:58:55] Modify product: Probable transcriptional regulatory protein pdtaR => putative transcriptional regulatory protein pdtaR
[07:58:55] Modify product: Bifunctional protein FolD => Bifunctional protein FolD protein
[07:58:55] Modify product: Uncharacterized protein NMB1437 => putative protein
[07:58:55] Modify product: Uncharacterized protease YhbU => putative protease YhbU
[07:58:55] Modify product: Uncharacterized MscS family protein HI_0195.1 => putative MscS family protein.1
[07:58:55] Modify product: Uncharacterized protein YciH => putative protein YciH
[07:58:55] Modify product: Ribonuclease TTHA0252 => Ribonuclease
[07:58:55] Modify product: Uncharacterized ABC transporter ATP-binding protein YknY => putative ABC transporter ATP-binding protein YknY
[07:58:55] Modify product: Probable succinyl-CoA:3-ketoacid coenzyme A transferase subunit B => putative succinyl-CoA:3-ketoacid coenzyme A transferase subunit B
[07:58:55] Modify product: Probable succinyl-CoA:3-ketoacid coenzyme A transferase subunit A => putative succinyl-CoA:3-ketoacid coenzyme A transferase subunit A
[07:58:55] Modify product: Uncharacterized oxidoreductase Rv1350 => putative oxidoreductase
[07:58:55] Modify product: Cytochrome b561 homolog 1 => Cytochrome b561 
[07:58:55] Modify product: Phosphate-specific transport system accessory protein PhoU homolog => Phosphate-specific transport system accessory protein PhoU 
[07:58:55] Modify product: Probable transcriptional regulatory protein pdtaR => putative transcriptional regulatory protein pdtaR
[07:58:55] Modify product: Probable membrane transporter protein YfcA => putative membrane transporter protein YfcA
[07:58:55] Modify product: Uncharacterized metal-dependent hydrolase YcfH => putative metal-dependent hydrolase YcfH
[07:58:55] Modify product: Probable chromosome-partitioning protein ParB => putative chromosome-partitioning protein ParB
[07:58:55] Modify product: Putative formate dehydrogenase SA2102 => Putative formate dehydrogenase
[07:58:55] Modify product: Probable hydrolase YcaC => putative hydrolase YcaC
[07:58:55] Modify product: Probable peptidoglycan glycosyltransferase FtsW => putative peptidoglycan glycosyltransferase FtsW
[07:58:55] Modify product: Monocarboxylate 2-oxoacid-binding periplasmic protein all3028 => Monocarboxylate 2-oxoacid-binding periplasmic protein
[07:58:55] Modify product: Putative hydro-lyase Atu3911 => Putative hydro-lyase
[07:58:55] Modify product: Uncharacterized protein YjbR => putative protein YjbR
[07:58:55] Modify product: Probable ketoamine kinase lp_1983 => putative ketoamine kinase
[07:58:55] Modify product: 23S rRNA 5-hydroxycytidine C2501 synthase => 23S rRNA 5-hydroxycytidine synthase
[07:58:55] Modify product: UPF0073 inner membrane protein YqfA => hypothetical protein
[07:58:55] Modify product: Uncharacterized ABC transporter ATP-binding protein YadG => putative ABC transporter ATP-binding protein YadG
[07:58:55] Modify product: Glycogen operon protein GlgX homolog => Glycogen operon protein GlgX 
[07:58:55] Modify product: UPF0145 protein BCE33L0904 => hypothetical protein
[07:58:55] Modify product: Probable nitrate transporter NarT => putative nitrate transporter NarT
[07:58:55] Modify product: Uncharacterized peptidase SA1530 => putative peptidase
[07:58:55] Modify product: Probable Ni/Fe-hydrogenase 2 b-type cytochrome subunit => putative Ni/Fe-hydrogenase 2 b-type cytochrome subunit
[07:58:55] Modify product: Probable Ni/Fe-hydrogenase 2 b-type cytochrome subunit => putative Ni/Fe-hydrogenase 2 b-type cytochrome subunit
[07:58:55] Modify product: Ribonuclease TTHA0252 => Ribonuclease
[07:58:55] Modify product: Probable cation-transporting ATPase F => putative cation-transporting ATPase F
[07:58:55] Modify product: Probable glutamate/gamma-aminobutyrate antiporter => putative glutamate/gamma-aminobutyrate antiporter
[07:58:55] Modify product: Uncharacterized HTH-type transcriptional regulator YahB => putative HTH-type transcriptional regulator YahB
[07:58:55] Modify product: Probable bifunctional transcriptional activator/DNA repair enzyme AlkA => putative bifunctional transcriptional activator/DNA repair enzyme AlkA
[07:58:55] Modify product: Putative trans-acting enoyl reductase Rv2449c => Putative trans-acting enoyl reductase
[07:58:55] Modify product: Uncharacterized protein Rv0966c => putative protein
[07:58:55] Modify product: Putative peptidyl-prolyl cis-trans isomerase HP_0175 => Putative peptidyl-prolyl cis-trans isomerase
[07:58:55] Modify product: Uncharacterized protein YciO => putative protein YciO
[07:58:55] Modify product: Stress response UPF0229 protein YhbH => hypothetical protein
[07:58:55] Modify product: Putative 2-hydroxyacid dehydrogenase HI_1556 => Putative 2-hydroxyacid dehydrogenase
[07:58:55] Modify product: UPF0352 protein CPS_2611 => hypothetical protein
[07:58:55] Modify product: Acetyltransferase PA3944 => Acetyltransferase
[07:58:55] Modify product: Probable iron export permease protein FetB => putative iron export permease protein FetB
[07:58:55] Modify product: Probable 3-phenylpropionic acid transporter => putative 3-phenylpropionic acid transporter
[07:58:55] Modify product: Uncharacterized protein PA3922 => putative protein
[07:58:55] Modify product: Probable D-xylose utilization operon transcriptional repressor => putative D-xylose utilization operon transcriptional repressor
[07:58:55] Modify product: UPF0276 protein CCNA_03364 => hypothetical protein
[07:58:55] Modify product: Uncharacterized signaling protein PA1727 => putative signaling protein
[07:58:55] Modify product: Uncharacterized NTE family protein Rv1063c => putative NTE family protein
[07:58:55] Modify product: Uncharacterized protein YcgM => putative protein YcgM
[07:58:55] Modify product: Uncharacterized protein YfgD => putative protein YfgD
[07:58:55] Modify product: Uncharacterized protein HI_0103 => putative protein
[07:58:55] Modify product: UPF0208 membrane protein YfbV => hypothetical protein
[07:58:55] Modify product: Butyryl-CoA dehydrogenase Swol_1933 => Butyryl-CoA dehydrogenase
[07:58:55] Modify product: Probable enoyl-CoA hydratase 1 => putative enoyl-CoA hydratase 1
[07:58:55] Modify product: Putative short-chain type dehydrogenase/reductase Rv0148 => Putative short-chain type dehydrogenase/reductase
[07:58:55] Modify product: Uncharacterized ABC transporter ATP-binding protein YbiT => putative ABC transporter ATP-binding protein YbiT
[07:58:55] Modify product: Monocarboxylate 2-oxoacid-binding periplasmic protein all3028 => Monocarboxylate 2-oxoacid-binding periplasmic protein
[07:58:55] Modify product: Uncharacterized HTH-type transcriptional regulator YybR => putative HTH-type transcriptional regulator YybR
[07:58:55] Modify product: Uncharacterized HTH-type transcriptional regulator Rv1395 => putative HTH-type transcriptional regulator
[07:58:55] Modify product: Acetyltransferase Atu2258 => Acetyltransferase
[07:58:55] Modify product: Uncharacterized N-acetyltransferase YsnE => putative N-acetyltransferase YsnE
[07:58:55] Modify product: Probable acyltransferase YihG => putative acyltransferase YihG
[07:58:55] Modify product: Probable xanthine dehydrogenase subunit D => putative xanthine dehydrogenase subunit D
[07:58:55] Modify product: UPF0761 membrane protein YihY => hypothetical protein
[07:58:55] Modify product: Uncharacterized signaling protein PA1727 => putative signaling protein
[07:58:55] Modify product: Probable lipid II flippase MurJ => putative lipid II flippase MurJ
[07:58:55] Modify product: Uncharacterized protein YaeQ => putative protein YaeQ
[07:58:55] Modify product: Uncharacterized protein Rv2232 => putative protein
[07:58:55] Modify product: Bifunctional protein FolD => Bifunctional protein FolD protein
[07:58:55] Modify product: Uncharacterized HTH-type transcriptional regulator Rv1395 => putative HTH-type transcriptional regulator
[07:58:55] Modify product: Ribonuclease TTHA0252 => Ribonuclease
[07:58:55] Modify product: Probable protease SohB => putative protease SohB
[07:58:55] Modify product: Uncharacterized oxidoreductase YciK => putative oxidoreductase YciK
[07:58:55] Modify product: Probable ATP-dependent DNA helicase YoaA => putative ATP-dependent DNA helicase YoaA
[07:58:55] Modify product: Probable Ni/Fe-hydrogenase B-type cytochrome subunit => putative Ni/Fe-hydrogenase B-type cytochrome subunit
[07:58:55] Modify product: UPF0070 protein HI_0370 => hypothetical protein
[07:58:55] Modify product: Cyclic di-GMP binding protein VCA0042 => Cyclic di-GMP binding protein
[07:58:55] Modify product: Probable glycerol-3-phosphate acyltransferase => putative glycerol-3-phosphate acyltransferase
[07:58:55] Modify product: Uncharacterized protein HI_1163 => putative protein
[07:58:55] Modify product: GTP cyclohydrolase 1 type 2 homolog => GTP cyclohydrolase 1 type 2 
[07:58:55] Modify product: KsdD-like steroid dehydrogenase Rv0785 => KsdD-like steroid dehydrogenase
[07:58:55] Modify product: Uncharacterized signaling protein PA1727 => putative signaling protein
[07:58:55] Modify product: Probable sulfate transporter Rv1739c => putative sulfate transporter
[07:58:55] Modify product: Uncharacterized protein HI_0933 => putative protein
[07:58:55] Modify product: Probable bacterial non-heme ferritin => putative bacterial non-heme ferritin
[07:58:55] Modify product: Uncharacterized protein HI_0755 => putative protein
[07:58:55] Modify product: Uncharacterized protein YibN => putative protein YibN
[07:58:55] Modify product: Probable protein kinase UbiB => putative protein kinase UbiB
[07:58:55] Modify product: Zinc-type alcohol dehydrogenase-like protein SA1988 => Zinc-type alcohol dehydrogenase-like protein
[07:58:55] Modify product: Probable ABC transporter permease protein HI_1471 => putative ABC transporter permease protein
[07:58:55] Modify product: Uncharacterized ABC transporter ATP-binding protein YknY => putative ABC transporter ATP-binding protein YknY
[07:58:55] Modify product: Probable phosphatidylethanolamine transferase Mcr-1 => putative phosphatidylethanolamine transferase Mcr-1
[07:58:55] Modify product: UPF0053 inner membrane protein YfjD => hypothetical protein
[07:58:55] Modify product: UPF0149 protein HI_0817 => hypothetical protein
[07:58:55] Modify product: Uncharacterized HTH-type transcriptional regulator YahB => putative HTH-type transcriptional regulator YahB
[07:58:55] Modify product: Cytochrome b561 homolog 2 => Cytochrome b561 
[07:58:55] Modify product: Probable transcriptional regulatory protein YeeN => putative transcriptional regulatory protein YeeN
[07:58:55] Modify product: Solute-binding protein Shew_1446 => Solute-binding protein
[07:58:55] Modify product: Bifunctional protein FolD => Bifunctional protein FolD protein
[07:58:55] Modify product: Uncharacterized protein YbfE => putative protein YbfE
[07:58:55] Modify product: Putative low molecular weight protein-tyrosine-phosphatase slr0328 => Putative low molecular weight protein-tyrosine-phosphatase
[07:58:55] Modify product: Uncharacterized FAD-linked oxidoreductase Rv2280 => putative FAD-linked oxidoreductase
[07:58:55] Modify product: UPF0178 protein YaiI => hypothetical protein
[07:58:55] Modify product: UPF0250 protein YbeD => hypothetical protein
[07:58:55] Modify product: Uncharacterized ABC transporter ATP-binding protein YheS => putative ABC transporter ATP-binding protein YheS
[07:58:55] Modify product: Cyclic diguanosine monophosphate-binding protein PA4608 => Cyclic diguanosine monophosphate-binding protein
[07:58:55] Modify product: UPF0301 protein VC_0467 => hypothetical protein
[07:58:55] Modify product: Uncharacterized ABC transporter ATP-binding protein YbiT => putative ABC transporter ATP-binding protein YbiT
[07:58:55] Modify product: UPF0276 protein CCNA_03364 => hypothetical protein
[07:58:56] Modify product: Uncharacterized protein HI_0431 => putative protein
[07:58:56] Cleaned 142 /product names
[07:58:56] Deleting unwanted file: ../../Data/Chen_Analysis/Prokka/Bacteria/GOMC.bin.9716/GOMC.bin.9716.sprot.tmp.3194068.faa
[07:58:56] Deleting unwanted file: ../../Data/Chen_Analysis/Prokka/Bacteria/GOMC.bin.9716/GOMC.bin.9716.sprot.tmp.3194068.blast
[07:58:56] There are still 2243 unannotated CDS left (started with 4171)
[07:58:56] Will use hmmer3 to search against /home/joao_facio/miniconda3/envs/prokka/db/hmm/HAMAP.hmm with 4 CPUs
[07:58:56] Running: cat \.\.\/\.\.\/Data\/Chen_Analysis\/Prokka\/Bacteria\/GOMC\.bin\.9716\/GOMC\.bin\.9716\.HAMAP\.hmm\.tmp\.3194068\.faa | parallel --gnu --plain -j 4 --block 87682 --recstart '>' --pipe hmmscan --noali --notextw --acc -E 1e-09 --cpu 1 /home/joao_facio/miniconda3/envs/prokka/db/hmm/HAMAP.hmm /dev/stdin > \.\.\/\.\.\/Data\/Chen_Analysis\/Prokka\/Bacteria\/GOMC\.bin\.9716\/GOMC\.bin\.9716\.HAMAP\.hmm\.tmp\.3194068\.hmmer3 2> /dev/null
[07:59:12] Modify product: Uncharacterized Nudix hydrolase NudL => putative Nudix hydrolase NudL
[07:59:12] Cleaned 1 /product names
[07:59:12] Deleting unwanted file: ../../Data/Chen_Analysis/Prokka/Bacteria/GOMC.bin.9716/GOMC.bin.9716.HAMAP.hmm.tmp.3194068.faa
[07:59:12] Deleting unwanted file: ../../Data/Chen_Analysis/Prokka/Bacteria/GOMC.bin.9716/GOMC.bin.9716.HAMAP.hmm.tmp.3194068.hmmer3
[07:59:12] Labelling remaining 1930 proteins as 'hypothetical protein'
[07:59:12] Possible /pseudo 'Regulator of RpoS' at k63_109511 position 14381
[07:59:12] Possible /pseudo 'Long-chain-fatty-acid--CoA ligase' at k63_109637 position 6787
[07:59:12] Possible /pseudo 'Tol-Pal system protein TolQ' at k63_19072 position 19009
[07:59:12] Possible /pseudo 'putative Ni/Fe-hydrogenase 2 b-type cytochrome subunit' at k63_164666 position 4266
[07:59:12] Possible /pseudo 'D-inositol-3-phosphate glycosyltransferase' at k63_38900 position 19809
[07:59:12] Possible /pseudo 'Intermembrane transport protein PqiA' at k63_21459 position 12541
[07:59:12] Possible /pseudo 'Macrolide export ATP-binding/permease protein MacB' at k63_96109 position 12870
[07:59:12] Possible /pseudo 'Vitamin B12 transporter BtuB' at k63_260738 position 13652
[07:59:12] Possible /pseudo 'Twitching mobility protein' at k63_78971 position 32277
[07:59:12] Possible /pseudo 'Aconitate hydratase B' at k63_24733 position 12949
[07:59:12] Possible /pseudo 'Flavin-dependent tryptophan halogenase RebH' at k63_243609 position 23625
[07:59:12] Possible /pseudo 'IS481 family transposase ISSde2' at k63_43386 position 25061
[07:59:12] Possible /pseudo 'DNA ligase' at k63_25575 position 2104
[07:59:12] Possible /pseudo 'Beta-barrel assembly-enhancing protease' at k63_29608 position 93960
[07:59:12] Possible /pseudo 'Sensor histidine kinase RcsC' at k63_84840 position 32173
[07:59:12] Possible /pseudo 'Peptidoglycan D,D-transpeptidase MrdA' at k63_69172 position 17364
[07:59:12] Found 1614 unique /gene codes.
[07:59:12] Fixed 2 duplicate /gene - rluD_1 rluD_2
[07:59:12] Fixed 2 duplicate /gene - scmP_1 scmP_2
[07:59:12] Fixed 2 duplicate /gene - serA_1 serA_2
[07:59:12] Fixed 3 duplicate /gene - folD_1 folD_2 folD_3
[07:59:12] Fixed 2 duplicate /gene - bdhA_1 bdhA_2
[07:59:12] Fixed 2 duplicate /gene - ftsY_1 ftsY_2
[07:59:12] Fixed 2 duplicate /gene - trpG_1 trpG_2
[07:59:12] Fixed 2 duplicate /gene - gshB_1 gshB_2
[07:59:12] Fixed 3 duplicate /gene - rhtB_1 rhtB_2 rhtB_3
[07:59:12] Fixed 4 duplicate /gene - ompR_1 ompR_2 ompR_3 ompR_4
[07:59:12] Fixed 2 duplicate /gene - malP_1 malP_2
[07:59:12] Fixed 2 duplicate /gene - rffG_1 rffG_2
[07:59:12] Fixed 2 duplicate /gene - rraA_1 rraA_2
[07:59:12] Fixed 2 duplicate /gene - rarA_1 rarA_2
[07:59:12] Fixed 6 duplicate /gene - rssB_1 rssB_2 rssB_3 rssB_4 rssB_5 rssB_6
[07:59:12] Fixed 2 duplicate /gene - bamE_1 bamE_2
[07:59:12] Fixed 2 duplicate /gene - glgB_1 glgB_2
[07:59:12] Fixed 4 duplicate /gene - gloB_1 gloB_2 gloB_3 gloB_4
[07:59:12] Fixed 2 duplicate /gene - fklB_1 fklB_2
[07:59:12] Fixed 2 duplicate /gene - cdgJ_1 cdgJ_2
[07:59:12] Fixed 4 duplicate /gene - dctM_1 dctM_2 dctM_3 dctM_4
[07:59:12] Fixed 3 duplicate /gene - decR_1 decR_2 decR_3
[07:59:12] Fixed 2 duplicate /gene - alsT_1 alsT_2
[07:59:12] Fixed 2 duplicate /gene - soj_1 soj_2
[07:59:12] Fixed 2 duplicate /gene - ftsA_1 ftsA_2
[07:59:12] Fixed 2 duplicate /gene - mgl_1 mgl_2
[07:59:12] Fixed 2 duplicate /gene - gntR_1 gntR_2
[07:59:12] Fixed 2 duplicate /gene - rsmJ_1 rsmJ_2
[07:59:12] Fixed 3 duplicate /gene - apbE_1 apbE_2 apbE_3
[07:59:12] Fixed 2 duplicate /gene - serC_1 serC_2
[07:59:12] Fixed 2 duplicate /gene - tolR_1 tolR_2
[07:59:12] Fixed 2 duplicate /gene - nadC_1 nadC_2
[07:59:12] Fixed 2 duplicate /gene - lutR_1 lutR_2
[07:59:12] Fixed 2 duplicate /gene - sufS_1 sufS_2
[07:59:12] Fixed 2 duplicate /gene - fur_1 fur_2
[07:59:12] Fixed 4 duplicate /gene - hutI_1 hutI_2 hutI_3 hutI_4
[07:59:12] Fixed 3 duplicate /gene - cheB_1 cheB_2 cheB_3
[07:59:12] Fixed 12 duplicate /gene - mdtA_1 mdtA_2 mdtA_3 mdtA_4 mdtA_5 mdtA_6 mdtA_7 mdtA_8 mdtA_9 mdtA_10 mdtA_11 mdtA_12
[07:59:12] Fixed 2 duplicate /gene - dnaJ_1 dnaJ_2
[07:59:12] Fixed 2 duplicate /gene - rmlD_1 rmlD_2
[07:59:12] Fixed 2 duplicate /gene - glmS_1 glmS_2
[07:59:12] Fixed 2 duplicate /gene - pomA_1 pomA_2
[07:59:12] Fixed 2 duplicate /gene - ndhB_1 ndhB_2
[07:59:12] Fixed 2 duplicate /gene - rbsR_1 rbsR_2
[07:59:12] Fixed 2 duplicate /gene - eda_1 eda_2
[07:59:12] Fixed 2 duplicate /gene - pspA_1 pspA_2
[07:59:12] Fixed 2 duplicate /gene - mrpD_1 mrpD_2
[07:59:12] Fixed 3 duplicate /gene - ald_1 ald_2 ald_3
[07:59:12] Fixed 2 duplicate /gene - glnB_1 glnB_2
[07:59:12] Fixed 3 duplicate /gene - sigW_1 sigW_2 sigW_3
[07:59:12] Fixed 2 duplicate /gene - coaE_1 coaE_2
[07:59:12] Fixed 3 duplicate /gene - lrp_1 lrp_2 lrp_3
[07:59:12] Fixed 2 duplicate /gene - actP_1 actP_2
[07:59:12] Fixed 4 duplicate /gene - pcpR_1 pcpR_2 pcpR_3 pcpR_4
[07:59:12] Fixed 4 duplicate /gene - ligA_1 ligA_2 ligA_3 ligA_4
[07:59:12] Fixed 2 duplicate /gene - tagD_1 tagD_2
[07:59:12] Fixed 2 duplicate /gene - dgkA_1 dgkA_2
[07:59:12] Fixed 2 duplicate /gene - doeB_1 doeB_2
[07:59:12] Fixed 2 duplicate /gene - opuE_1 opuE_2
[07:59:12] Fixed 3 duplicate /gene - dnaK_1 dnaK_2 dnaK_3
[07:59:12] Fixed 3 duplicate /gene - mpdB_1 mpdB_2 mpdB_3
[07:59:12] Fixed 2 duplicate /gene - dpp5_1 dpp5_2
[07:59:12] Fixed 3 duplicate /gene - gltB_1 gltB_2 gltB_3
[07:59:12] Fixed 2 duplicate /gene - slyD_1 slyD_2
[07:59:12] Fixed 4 duplicate /gene - hupB_1 hupB_2 hupB_3 hupB_4
[07:59:12] Fixed 2 duplicate /gene - mdtC_1 mdtC_2
[07:59:12] Fixed 2 duplicate /gene - lepB_1 lepB_2
[07:59:12] Fixed 2 duplicate /gene - asnB_1 asnB_2
[07:59:12] Fixed 4 duplicate /gene - iolG_1 iolG_2 iolG_3 iolG_4
[07:59:12] Fixed 2 duplicate /gene - cusA_1 cusA_2
[07:59:12] Fixed 2 duplicate /gene - eno_1 eno_2
[07:59:12] Fixed 2 duplicate /gene - gcvA_1 gcvA_2
[07:59:12] Fixed 2 duplicate /gene - hflK_1 hflK_2
[07:59:12] Fixed 2 duplicate /gene - yabJ_1 yabJ_2
[07:59:12] Fixed 2 duplicate /gene - tyrR_1 tyrR_2
[07:59:12] Fixed 2 duplicate /gene - gyrB_1 gyrB_2
[07:59:12] Fixed 2 duplicate /gene - rmlC_1 rmlC_2
[07:59:12] Fixed 2 duplicate /gene - rep_1 rep_2
[07:59:12] Fixed 2 duplicate /gene - polC_1 polC_2
[07:59:12] Fixed 2 duplicate /gene - yfcG_1 yfcG_2
[07:59:12] Fixed 2 duplicate /gene - ruvB_1 ruvB_2
[07:59:12] Fixed 2 duplicate /gene - ccpA_1 ccpA_2
[07:59:12] Fixed 2 duplicate /gene - pqiA_1 pqiA_2
[07:59:12] Fixed 2 duplicate /gene - rlmL_1 rlmL_2
[07:59:12] Fixed 11 duplicate /gene - dmlR_1 dmlR_2 dmlR_3 dmlR_4 dmlR_5 dmlR_6 dmlR_7 dmlR_8 dmlR_9 dmlR_10 dmlR_11
[07:59:12] Fixed 3 duplicate /gene - epsF_1 epsF_2 epsF_3
[07:59:12] Fixed 2 duplicate /gene - mdh_1 mdh_2
[07:59:12] Fixed 2 duplicate /gene - parC_1 parC_2
[07:59:12] Fixed 2 duplicate /gene - cobD_1 cobD_2
[07:59:12] Fixed 2 duplicate /gene - srmB_1 srmB_2
[07:59:12] Fixed 3 duplicate /gene - rpoE_1 rpoE_2 rpoE_3
[07:59:12] Fixed 2 duplicate /gene - mdtB_1 mdtB_2
[07:59:12] Fixed 2 duplicate /gene - yoeB_1 yoeB_2
[07:59:12] Fixed 2 duplicate /gene - pldA_1 pldA_2
[07:59:12] Fixed 2 duplicate /gene - accA1_1 accA1_2
[07:59:12] Fixed 2 duplicate /gene - nhaD_1 nhaD_2
[07:59:12] Fixed 2 duplicate /gene - pspB_1 pspB_2
[07:59:12] Fixed 5 duplicate /gene - pknD_1 pknD_2 pknD_3 pknD_4 pknD_5
[07:59:12] Fixed 2 duplicate /gene - wecC_1 wecC_2
[07:59:12] Fixed 2 duplicate /gene - ilvI_1 ilvI_2
[07:59:12] Fixed 2 duplicate /gene - coaA_1 coaA_2
[07:59:12] Fixed 2 duplicate /gene - yrdA_1 yrdA_2
[07:59:12] Fixed 2 duplicate /gene - dksA_1 dksA_2
[07:59:12] Fixed 2 duplicate /gene - topA_1 topA_2
[07:59:12] Fixed 2 duplicate /gene - wcaJ_1 wcaJ_2
[07:59:12] Fixed 3 duplicate /gene - calB_1 calB_2 calB_3
[07:59:12] Fixed 2 duplicate /gene - ftsH_1 ftsH_2
[07:59:12] Fixed 2 duplicate /gene - puuB_1 puuB_2
[07:59:12] Fixed 3 duplicate /gene - trmH_1 trmH_2 trmH_3
[07:59:12] Fixed 2 duplicate /gene - yciB_1 yciB_2
[07:59:12] Fixed 2 duplicate /gene - lpxL_1 lpxL_2
[07:59:12] Fixed 2 duplicate /gene - bmrA_1 bmrA_2
[07:59:12] Fixed 5 duplicate /gene - mmgC_1 mmgC_2 mmgC_3 mmgC_4 mmgC_5
[07:59:12] Fixed 6 duplicate /gene - rhlE_1 rhlE_2 rhlE_3 rhlE_4 rhlE_5 rhlE_6
[07:59:12] Fixed 6 duplicate /gene - copA_1 copA_2 copA_3 copA_4 copA_5 copA_6
[07:59:12] Fixed 7 duplicate /gene - bepA_1 bepA_2 bepA_3 bepA_4 bepA_5 bepA_6 bepA_7
[07:59:12] Fixed 28 duplicate /gene - btuB_1 btuB_2 btuB_3 btuB_4 btuB_5 btuB_6 btuB_7 btuB_8 btuB_9 btuB_10 btuB_11 btuB_12 btuB_13 btuB_14 btuB_15 btuB_16 btuB_17 btuB_18 btuB_19 btuB_20 btuB_21 btuB_22 btuB_23 btuB_24 btuB_25 btuB_26 btuB_27 btuB_28
[07:59:12] Fixed 3 duplicate /gene - bicA_1 bicA_2 bicA_3
[07:59:12] Fixed 2 duplicate /gene - lnrK_1 lnrK_2
[07:59:12] Fixed 2 duplicate /gene - glgX_1 glgX_2
[07:59:12] Fixed 3 duplicate /gene - cysG_1 cysG_2 cysG_3
[07:59:12] Fixed 2 duplicate /gene - ihfB_1 ihfB_2
[07:59:12] Fixed 4 duplicate /gene - speE_1 speE_2 speE_3 speE_4
[07:59:12] Fixed 2 duplicate /gene - alkJ_1 alkJ_2
[07:59:12] Fixed 2 duplicate /gene - gshA_1 gshA_2
[07:59:12] Fixed 3 duplicate /gene - lcfB_1 lcfB_2 lcfB_3
[07:59:12] Fixed 2 duplicate /gene - rmf_1 rmf_2
[07:59:12] Fixed 2 duplicate /gene - murJ_1 murJ_2
[07:59:12] Fixed 2 duplicate /gene - atoC_1 atoC_2
[07:59:12] Fixed 2 duplicate /gene - rhtC_1 rhtC_2
[07:59:12] Fixed 4 duplicate /gene - COQ5_1 COQ5_2 COQ5_3 COQ5_4
[07:59:12] Fixed 2 duplicate /gene - rhlB_1 rhlB_2
[07:59:12] Fixed 2 duplicate /gene - btsR_1 btsR_2
[07:59:12] Fixed 2 duplicate /gene - curA_1 curA_2
[07:59:12] Fixed 3 duplicate /gene - menH_1 menH_2 menH_3
[07:59:12] Fixed 2 duplicate /gene - speB_1 speB_2
[07:59:12] Fixed 4 duplicate /gene - pal_1 pal_2 pal_3 pal_4
[07:59:12] Fixed 2 duplicate /gene - cspG_1 cspG_2
[07:59:12] Fixed 2 duplicate /gene - ggt_1 ggt_2
[07:59:12] Fixed 2 duplicate /gene - btuD_1 btuD_2
[07:59:12] Fixed 8 duplicate /gene - mshA_1 mshA_2 mshA_3 mshA_4 mshA_5 mshA_6 mshA_7 mshA_8
[07:59:12] Fixed 2 duplicate /gene - mcpP_1 mcpP_2
[07:59:12] Fixed 2 duplicate /gene - prpC_1 prpC_2
[07:59:12] Fixed 2 duplicate /gene - ybiT_1 ybiT_2
[07:59:12] Fixed 2 duplicate /gene - trmB_1 trmB_2
[07:59:12] Fixed 2 duplicate /gene - lpxH_1 lpxH_2
[07:59:12] Fixed 2 duplicate /gene - acsA_1 acsA_2
[07:59:12] Fixed 4 duplicate /gene - lon_1 lon_2 lon_3 lon_4
[07:59:12] Fixed 2 duplicate /gene - dap_1 dap_2
[07:59:12] Fixed 19 duplicate /gene - sasA_1 sasA_2 sasA_3 sasA_4 sasA_5 sasA_6 sasA_7 sasA_8 sasA_9 sasA_10 sasA_11 sasA_12 sasA_13 sasA_14 sasA_15 sasA_16 sasA_17 sasA_18 sasA_19
[07:59:12] Fixed 2 duplicate /gene - pqqB_1 pqqB_2
[07:59:12] Fixed 2 duplicate /gene - acdA_1 acdA_2
[07:59:12] Fixed 2 duplicate /gene - fyuA_1 fyuA_2
[07:59:12] Fixed 2 duplicate /gene - fmt_1 fmt_2
[07:59:12] Fixed 2 duplicate /gene - parD1_1 parD1_2
[07:59:12] Fixed 15 duplicate /gene - rcsC_1 rcsC_2 rcsC_3 rcsC_4 rcsC_5 rcsC_6 rcsC_7 rcsC_8 rcsC_9 rcsC_10 rcsC_11 rcsC_12 rcsC_13 rcsC_14 rcsC_15
[07:59:12] Fixed 2 duplicate /gene - spuC_1 spuC_2
[07:59:12] Fixed 3 duplicate /gene - parE1_1 parE1_2 parE1_3
[07:59:12] Fixed 2 duplicate /gene - nirS_1 nirS_2
[07:59:12] Fixed 2 duplicate /gene - norG_1 norG_2
[07:59:12] Fixed 2 duplicate /gene - aspC_1 aspC_2
[07:59:12] Fixed 3 duplicate /gene - fucP_1 fucP_2 fucP_3
[07:59:12] Fixed 3 duplicate /gene - hdfR_1 hdfR_2 hdfR_3
[07:59:12] Fixed 4 duplicate /gene - resA_1 resA_2 resA_3 resA_4
[07:59:12] Fixed 2 duplicate /gene - fadH_1 fadH_2
[07:59:12] Fixed 3 duplicate /gene - wbpA_1 wbpA_2 wbpA_3
[07:59:12] Fixed 2 duplicate /gene - iolE_1 iolE_2
[07:59:12] Fixed 2 duplicate /gene - hflC_1 hflC_2
[07:59:12] Fixed 2 duplicate /gene - sctC_1 sctC_2
[07:59:12] Fixed 4 duplicate /gene - rebH_1 rebH_2 rebH_3 rebH_4
[07:59:12] Fixed 2 duplicate /gene - garR_1 garR_2
[07:59:12] Fixed 2 duplicate /gene - cynR_1 cynR_2
[07:59:12] Fixed 2 duplicate /gene - nreC_1 nreC_2
[07:59:12] Fixed 2 duplicate /gene - dhmA_1 dhmA_2
[07:59:12] Fixed 6 duplicate /gene - czcA_1 czcA_2 czcA_3 czcA_4 czcA_5 czcA_6
[07:59:12] Fixed 2 duplicate /gene - dnaA_1 dnaA_2
[07:59:12] Fixed 3 duplicate /gene - tolB_1 tolB_2 tolB_3
[07:59:12] Fixed 3 duplicate /gene - mltF_1 mltF_2 mltF_3
[07:59:12] Fixed 2 duplicate /gene - lnt_1 lnt_2
[07:59:12] Fixed 2 duplicate /gene - cpoB_1 cpoB_2
[07:59:12] Fixed 2 duplicate /gene - phoP_1 phoP_2
[07:59:12] Fixed 2 duplicate /gene - malQ_1 malQ_2
[07:59:12] Fixed 2 duplicate /gene - hemN_1 hemN_2
[07:59:12] Fixed 2 duplicate /gene - trpB_1 trpB_2
[07:59:12] Fixed 2 duplicate /gene - ansA_1 ansA_2
[07:59:12] Fixed 2 duplicate /gene - dsbD_1 dsbD_2
[07:59:12] Fixed 2 duplicate /gene - lnrL_1 lnrL_2
[07:59:12] Fixed 2 duplicate /gene - leuE_1 leuE_2
[07:59:12] Fixed 2 duplicate /gene - bcp_1 bcp_2
[07:59:12] Fixed 2 duplicate /gene - norR_1 norR_2
[07:59:12] Fixed 2 duplicate /gene - amtB_1 amtB_2
[07:59:12] Fixed 2 duplicate /gene - vdcA_1 vdcA_2
[07:59:12] Fixed 2 duplicate /gene - murE_1 murE_2
[07:59:12] Fixed 2 duplicate /gene - ppiC_1 ppiC_2
[07:59:12] Fixed 3 duplicate /gene - dapA_1 dapA_2 dapA_3
[07:59:12] Fixed 2 duplicate /gene - sdcS_1 sdcS_2
[07:59:12] Fixed 3 duplicate /gene - prs_1 prs_2 prs_3
[07:59:12] Fixed 2 duplicate /gene - zapD_1 zapD_2
[07:59:12] Fixed 2 duplicate /gene - ubiJ_1 ubiJ_2
[07:59:12] Fixed 3 duplicate /gene - rstA_1 rstA_2 rstA_3
[07:59:12] Fixed 2 duplicate /gene - zapE_1 zapE_2
[07:59:12] Fixed 2 duplicate /gene - fabF_1 fabF_2
[07:59:12] Fixed 4 duplicate /gene - ade_1 ade_2 ade_3 ade_4
[07:59:12] Fixed 2 duplicate /gene - fadB_1 fadB_2
[07:59:12] Fixed 3 duplicate /gene - blaI_1 blaI_2 blaI_3
[07:59:12] Fixed 2 duplicate /gene - pdtaR_1 pdtaR_2
[07:59:12] Fixed 3 duplicate /gene - recD2_1 recD2_2 recD2_3
[07:59:12] Fixed 2 duplicate /gene - yfbR_1 yfbR_2
[07:59:12] Fixed 2 duplicate /gene - pgi_1 pgi_2
[07:59:12] Fixed 2 duplicate /gene - lspA_1 lspA_2
[07:59:12] Fixed 2 duplicate /gene - merC_1 merC_2
[07:59:12] Fixed 5 duplicate /gene - fadD_1 fadD_2 fadD_3 fadD_4 fadD_5
[07:59:12] Fixed 3 duplicate /gene - mlaC_1 mlaC_2 mlaC_3
[07:59:12] Fixed 3 duplicate /gene - lolD_1 lolD_2 lolD_3
[07:59:12] Fixed 2 duplicate /gene - dxs_1 dxs_2
[07:59:12] Fixed 5 duplicate /gene - fabG_1 fabG_2 fabG_3 fabG_4 fabG_5
[07:59:12] Fixed 2 duplicate /gene - IMPDH_1 IMPDH_2
[07:59:12] Fixed 2 duplicate /gene - merT_1 merT_2
[07:59:12] Fixed 2 duplicate /gene - ftsK_1 ftsK_2
[07:59:12] Fixed 2 duplicate /gene - mrdA_1 mrdA_2
[07:59:12] Fixed 2 duplicate /gene - chrR_1 chrR_2
[07:59:12] Fixed 2 duplicate /gene - lolA_1 lolA_2
[07:59:12] Fixed 2 duplicate /gene - fkpA_1 fkpA_2
[07:59:12] Fixed 2 duplicate /gene - fadA_1 fadA_2
[07:59:12] Fixed 2 duplicate /gene - acnB_1 acnB_2
[07:59:12] Fixed 2 duplicate /gene - fliE_1 fliE_2
[07:59:12] Fixed 2 duplicate /gene - guaB_1 guaB_2
[07:59:12] Fixed 2 duplicate /gene - gltP_1 gltP_2
[07:59:12] Fixed 2 duplicate /gene - ftsZ_1 ftsZ_2
[07:59:12] Fixed 2 duplicate /gene - pepA_1 pepA_2
[07:59:12] Fixed 2 duplicate /gene - recF_1 recF_2
[07:59:12] Fixed 2 duplicate /gene - nrtP_1 nrtP_2
[07:59:12] Fixed 2 duplicate /gene - cusR_1 cusR_2
[07:59:12] Fixed 2 duplicate /gene - dapD_1 dapD_2
[07:59:12] Fixed 2 duplicate /gene - cysS_1 cysS_2
[07:59:12] Fixed 2 duplicate /gene - macB_1 macB_2
[07:59:12] Fixed 2 duplicate /gene - sthA_1 sthA_2
[07:59:12] Fixed 2 duplicate /gene - argR_1 argR_2
[07:59:12] Fixed 2 duplicate /gene - folK_1 folK_2
[07:59:12] Fixed 2 duplicate /gene - tdh_1 tdh_2
[07:59:12] Fixed 3 duplicate /gene - cdhR_1 cdhR_2 cdhR_3
[07:59:12] Fixed 2 duplicate /gene - rutR_1 rutR_2
[07:59:12] Fixed 2 duplicate /gene - yahB_1 yahB_2
[07:59:12] Fixed 2 duplicate /gene - napA_1 napA_2
[07:59:12] Fixed 2 duplicate /gene - kefC_1 kefC_2
[07:59:12] Fixed 2 duplicate /gene - epsD_1 epsD_2
[07:59:12] Fixed 3 duplicate /gene - mscS_1 mscS_2 mscS_3
[07:59:12] Fixed 3 duplicate /gene - dapH_1 dapH_2 dapH_3
[07:59:12] Fixed 2 duplicate /gene - swrC_1 swrC_2
[07:59:12] Fixed 2 duplicate /gene - epsE_1 epsE_2
[07:59:12] Fixed 2 duplicate /gene - ugpC_1 ugpC_2
[07:59:12] Fixed 2 duplicate /gene - proB_1 proB_2
[07:59:12] Fixed 5 duplicate /gene - xerC_1 xerC_2 xerC_3 xerC_4 xerC_5
[07:59:12] Fixed 2 duplicate /gene - sbcD_1 sbcD_2
[07:59:12] Fixed 3 duplicate /gene - paaF_1 paaF_2 paaF_3
[07:59:12] Fixed 2 duplicate /gene - yknY_1 yknY_2
[07:59:12] Fixed 2 duplicate /gene - pilT_1 pilT_2
[07:59:12] Fixed 4 duplicate /gene - dmdC_1 dmdC_2 dmdC_3 dmdC_4
[07:59:12] Fixed 2 duplicate /gene - hpf_1 hpf_2
[07:59:12] Fixed 2 duplicate /gene - dgt_1 dgt_2
[07:59:12] Fixed 2 duplicate /gene - nemA_1 nemA_2
[07:59:12] Fixed 2 duplicate /gene - rsuA_1 rsuA_2
[07:59:12] Fixed 5 duplicate /gene - tolQ_1 tolQ_2 tolQ_3 tolQ_4 tolQ_5
[07:59:12] Fixed 4 duplicate /gene - rhaS_1 rhaS_2 rhaS_3 rhaS_4
[07:59:12] Fixed 2 duplicate /gene - lapB_1 lapB_2
[07:59:12] Fixed 2 duplicate /gene - crt_1 crt_2
[07:59:12] Fixed 2 duplicate /gene - mleN_1 mleN_2
[07:59:12] Fixed 2 duplicate /gene - queC_1 queC_2
[07:59:12] Fixed 2 duplicate /gene - acpP_1 acpP_2
[07:59:12] Fixed 3 duplicate /gene - uspE_1 uspE_2 uspE_3
[07:59:12] Fixed 2 duplicate /gene - glpD_1 glpD_2
[07:59:12] Fixed 3 duplicate /gene - glpE_1 glpE_2 glpE_3
[07:59:12] Fixed 2 duplicate /gene - hybB_1 hybB_2
[07:59:12] Fixed 2 duplicate /gene - mnmC_1 mnmC_2
[07:59:12] Fixed 274 colliding /gene names.
[07:59:12] Adding /locus_tag identifiers
[07:59:12] Assigned 4189 locus_tags to CDS and RNA features.
[07:59:12] Writing outputs to ../../Data/Chen_Analysis/Prokka/Bacteria/GOMC.bin.9716/
[07:59:13] Generating annotation statistics file
[07:59:13] Generating Genbank and Sequin files
[07:59:13] Running: tbl2asn -V b -a r10k -l paired-ends -M n -N 1 -y 'Annotated using prokka 1.14.6 from https://github.com/tseemann/prokka' -Z \.\.\/\.\.\/Data\/Chen_Analysis\/Prokka\/Bacteria\/GOMC\.bin\.9716\/GOMC\.bin\.9716\.err -i \.\.\/\.\.\/Data\/Chen_Analysis\/Prokka\/Bacteria\/GOMC\.bin\.9716\/GOMC\.bin\.9716\.fsa 2> /dev/null
[07:59:17] Deleting unwanted file: ../../Data/Chen_Analysis/Prokka/Bacteria/GOMC.bin.9716/errorsummary.val
[07:59:17] Deleting unwanted file: ../../Data/Chen_Analysis/Prokka/Bacteria/GOMC.bin.9716/GOMC.bin.9716.dr
[07:59:17] Deleting unwanted file: ../../Data/Chen_Analysis/Prokka/Bacteria/GOMC.bin.9716/GOMC.bin.9716.fixedproducts
[07:59:17] Deleting unwanted file: ../../Data/Chen_Analysis/Prokka/Bacteria/GOMC.bin.9716/GOMC.bin.9716.ecn
[07:59:17] Deleting unwanted file: ../../Data/Chen_Analysis/Prokka/Bacteria/GOMC.bin.9716/GOMC.bin.9716.val
[07:59:17] Repairing broken .GBK output that tbl2asn produces...
[07:59:17] Running: sed 's/COORDINATES: profile/COORDINATES:profile/' < \.\.\/\.\.\/Data\/Chen_Analysis\/Prokka\/Bacteria\/GOMC\.bin\.9716\/GOMC\.bin\.9716\.gbf > \.\.\/\.\.\/Data\/Chen_Analysis\/Prokka\/Bacteria\/GOMC\.bin\.9716\/GOMC\.bin\.9716\.gbk
[07:59:17] Deleting unwanted file: ../../Data/Chen_Analysis/Prokka/Bacteria/GOMC.bin.9716/GOMC.bin.9716.gbf
[07:59:17] Output files:
[07:59:17] ../../Data/Chen_Analysis/Prokka/Bacteria/GOMC.bin.9716/GOMC.bin.9716.fna
[07:59:17] ../../Data/Chen_Analysis/Prokka/Bacteria/GOMC.bin.9716/GOMC.bin.9716.faa
[07:59:17] ../../Data/Chen_Analysis/Prokka/Bacteria/GOMC.bin.9716/GOMC.bin.9716.ffn
[07:59:17] ../../Data/Chen_Analysis/Prokka/Bacteria/GOMC.bin.9716/GOMC.bin.9716.log
[07:59:17] ../../Data/Chen_Analysis/Prokka/Bacteria/GOMC.bin.9716/GOMC.bin.9716.txt
[07:59:17] ../../Data/Chen_Analysis/Prokka/Bacteria/GOMC.bin.9716/GOMC.bin.9716.sqn
[07:59:17] ../../Data/Chen_Analysis/Prokka/Bacteria/GOMC.bin.9716/GOMC.bin.9716.err
[07:59:17] ../../Data/Chen_Analysis/Prokka/Bacteria/GOMC.bin.9716/GOMC.bin.9716.tsv
[07:59:17] ../../Data/Chen_Analysis/Prokka/Bacteria/GOMC.bin.9716/GOMC.bin.9716.fsa
[07:59:17] ../../Data/Chen_Analysis/Prokka/Bacteria/GOMC.bin.9716/GOMC.bin.9716.tbl
[07:59:17] ../../Data/Chen_Analysis/Prokka/Bacteria/GOMC.bin.9716/GOMC.bin.9716.gff
[07:59:17] ../../Data/Chen_Analysis/Prokka/Bacteria/GOMC.bin.9716/GOMC.bin.9716.gbk
[07:59:17] Annotation finished successfully.
[07:59:17] Walltime used: 1.77 minutes
[07:59:17] If you use this result please cite the Prokka paper:
[07:59:17] Seemann T (2014) Prokka: rapid prokaryotic genome annotation. Bioinformatics. 30(14):2068-9.
[07:59:17] Type 'prokka --citation' for more details.
[07:59:17] Thank you, come again.
