[08:46:00] This is prokka 1.14.6
[08:46:00] Written by Torsten Seemann <torsten.seemann@gmail.com>
[08:46:00] Homepage is https://github.com/tseemann/prokka
[08:46:00] Local time is Mon Dec  1 08:46:00 2025
[08:46:00] You are joao_facio
[08:46:00] Operating system is linux
[08:46:00] You have BioPerl 1.7.8
[08:46:00] System has 12 cores.
[08:46:00] Will use maximum of 4 cores.
[08:46:00] Annotating as >>> Bacteria <<<
[08:46:00] Generating locus_tag from '/tmp/tmp6gns85ah/GOMC.bin.540.fa' contents.
[08:46:00] Setting --locustag GKHAOAMH from MD5 041a8a615856b22d695893a955d22aef
[08:46:00] Creating new output folder: ../../Data/Chen_Analysis/Prokka/Bacteria/GOMC.bin.540
[08:46:00] Running: mkdir -p \.\.\/\.\.\/Data\/Chen_Analysis\/Prokka\/Bacteria\/GOMC\.bin\.540
[08:46:00] Using filename prefix: GOMC.bin.540.XXX
[08:46:00] Setting HMMER_NCPU=1
[08:46:00] Writing log to: ../../Data/Chen_Analysis/Prokka/Bacteria/GOMC.bin.540/GOMC.bin.540.log
[08:46:00] Command: /home/joao_facio/miniconda3/envs/prokka/bin/prokka --outdir ../../Data/Chen_Analysis/Prokka/Bacteria/GOMC.bin.540 --prefix GOMC.bin.540 --kingdom Bacteria --genus Hydrogenimonas --strain GOMC.bin.540 --cpus 4 --force /tmp/tmp6gns85ah/GOMC.bin.540.fa
[08:46:00] Appending to PATH: /home/joao_facio/miniconda3/envs/prokka/bin
[08:46:00] Looking for 'aragorn' - found /home/joao_facio/miniconda3/envs/prokka/bin/aragorn
[08:46:00] Determined aragorn version is 001002 from 'ARAGORN v1.2.41 Dean Laslett'
[08:46:00] Looking for 'barrnap' - found /home/joao_facio/miniconda3/envs/prokka/bin/barrnap
[08:46:00] Determined barrnap version is 000009 from 'barrnap 0.9'
[08:46:00] Looking for 'blastp' - found /home/joao_facio/miniconda3/envs/prokka/bin/blastp
[08:46:00] Determined blastp version is 002016 from 'blastp: 2.16.0+'
[08:46:00] Looking for 'cmpress' - found /home/joao_facio/miniconda3/envs/prokka/bin/cmpress
[08:46:00] Determined cmpress version is 001001 from '# INFERNAL 1.1.5 (Sep 2023)'
[08:46:00] Looking for 'cmscan' - found /home/joao_facio/miniconda3/envs/prokka/bin/cmscan
[08:46:00] Determined cmscan version is 001001 from '# INFERNAL 1.1.5 (Sep 2023)'
[08:46:00] Looking for 'egrep' - found /usr/bin/egrep
[08:46:00] Looking for 'find' - found /usr/bin/find
[08:46:00] Looking for 'grep' - found /usr/bin/grep
[08:46:00] Looking for 'hmmpress' - found /home/joao_facio/miniconda3/envs/prokka/bin/hmmpress
[08:46:00] Determined hmmpress version is 003004 from '# HMMER 3.4 (Aug 2023); http://hmmer.org/'
[08:46:00] Looking for 'hmmscan' - found /home/joao_facio/miniconda3/envs/prokka/bin/hmmscan
[08:46:00] Determined hmmscan version is 003004 from '# HMMER 3.4 (Aug 2023); http://hmmer.org/'
[08:46:00] Looking for 'java' - found /home/joao_facio/miniconda3/envs/prokka/bin/java
[08:46:00] Looking for 'makeblastdb' - found /home/joao_facio/miniconda3/envs/prokka/bin/makeblastdb
[08:46:00] Determined makeblastdb version is 002016 from 'makeblastdb: 2.16.0+'
[08:46:00] Looking for 'minced' - found /home/joao_facio/miniconda3/envs/prokka/bin/minced
[08:46:00] Determined minced version is 004002 from 'minced 0.4.2'
[08:46:00] Looking for 'parallel' - found /home/joao_facio/miniconda3/envs/prokka/bin/parallel
[08:46:01] Determined parallel version is 20251122 from 'GNU parallel 20251122'
[08:46:01] Looking for 'prodigal' - found /home/joao_facio/miniconda3/envs/prokka/bin/prodigal
[08:46:01] Determined prodigal version is 002006 from 'Prodigal V2.6.3: February, 2016'
[08:46:01] Looking for 'prokka-genbank_to_fasta_db' - found /home/joao_facio/miniconda3/envs/prokka/bin/prokka-genbank_to_fasta_db
[08:46:01] Looking for 'sed' - found /usr/bin/sed
[08:46:01] Looking for 'tbl2asn' - found /home/joao_facio/miniconda3/envs/prokka/bin/tbl2asn
[08:46:01] Determined tbl2asn version is 025007 from 'tbl2asn 25.7   arguments:'
[08:46:01] Using genetic code table 11.
[08:46:01] Loading and checking input file: /tmp/tmp6gns85ah/GOMC.bin.540.fa
[08:46:01] Wrote 539 contigs totalling 1233865 bp.
[08:46:01] Predicting tRNAs and tmRNAs
[08:46:01] Running: aragorn -l -gc11  -w \.\.\/\.\.\/Data\/Chen_Analysis\/Prokka\/Bacteria\/GOMC\.bin\.540\/GOMC\.bin\.540\.fna
[08:46:01] Found 0 tRNAs
[08:46:01] Predicting Ribosomal RNAs
[08:46:01] Running Barrnap with 4 threads
[08:46:01] Found 0 rRNAs
[08:46:01] Skipping ncRNA search, enable with --rfam if desired.
[08:46:01] Total of 0 tRNA + rRNA features
[08:46:01] Searching for CRISPR repeats
[08:46:01] CRISPR1 SAMEA3143265_k53_14910_1 25 with 24 spacers
[08:46:01] Found 1 CRISPRs
[08:46:01] Predicting coding sequences
[08:46:01] Contigs total 1233865 bp, so using single mode
[08:46:01] Running: prodigal -i \.\.\/\.\.\/Data\/Chen_Analysis\/Prokka\/Bacteria\/GOMC\.bin\.540\/GOMC\.bin\.540\.fna -c -m -g 11 -p single -f sco -q
[08:46:02] Found 1122 CDS
[08:46:02] Connecting features back to sequences
[08:46:02] Not using genus-specific database. Try --usegenus to enable it.
[08:46:02] Annotating CDS, please be patient.
[08:46:02] Will use 4 CPUs for similarity searching.
[08:46:02] There are still 1122 unannotated CDS left (started with 1122)
[08:46:02] Will use blast to search against /home/joao_facio/miniconda3/envs/prokka/db/kingdom/Bacteria/IS with 4 CPUs
[08:46:02] Running: cat \.\.\/\.\.\/Data\/Chen_Analysis\/Prokka\/Bacteria\/GOMC\.bin\.540\/GOMC\.bin\.540\.IS\.tmp\.3292519\.faa | parallel --gnu --plain -j 4 --block 36239 --recstart '>' --pipe blastp -query - -db /home/joao_facio/miniconda3/envs/prokka/db/kingdom/Bacteria/IS -evalue 1e-30 -qcov_hsp_perc 90 -num_threads 1 -num_descriptions 1 -num_alignments 1 -seg no > \.\.\/\.\.\/Data\/Chen_Analysis\/Prokka\/Bacteria\/GOMC\.bin\.540\/GOMC\.bin\.540\.IS\.tmp\.3292519\.blast 2> /dev/null
[08:46:05] Deleting unwanted file: ../../Data/Chen_Analysis/Prokka/Bacteria/GOMC.bin.540/GOMC.bin.540.IS.tmp.3292519.faa
[08:46:05] Deleting unwanted file: ../../Data/Chen_Analysis/Prokka/Bacteria/GOMC.bin.540/GOMC.bin.540.IS.tmp.3292519.blast
[08:46:05] There are still 1119 unannotated CDS left (started with 1122)
[08:46:05] Will use blast to search against /home/joao_facio/miniconda3/envs/prokka/db/kingdom/Bacteria/AMR with 4 CPUs
[08:46:05] Running: cat \.\.\/\.\.\/Data\/Chen_Analysis\/Prokka\/Bacteria\/GOMC\.bin\.540\/GOMC\.bin\.540\.AMR\.tmp\.3292519\.faa | parallel --gnu --plain -j 4 --block 36153 --recstart '>' --pipe blastp -query - -db /home/joao_facio/miniconda3/envs/prokka/db/kingdom/Bacteria/AMR -evalue 1e-300 -qcov_hsp_perc 90 -num_threads 1 -num_descriptions 1 -num_alignments 1 -seg no > \.\.\/\.\.\/Data\/Chen_Analysis\/Prokka\/Bacteria\/GOMC\.bin\.540\/GOMC\.bin\.540\.AMR\.tmp\.3292519\.blast 2> /dev/null
[08:46:08] Deleting unwanted file: ../../Data/Chen_Analysis/Prokka/Bacteria/GOMC.bin.540/GOMC.bin.540.AMR.tmp.3292519.faa
[08:46:08] Deleting unwanted file: ../../Data/Chen_Analysis/Prokka/Bacteria/GOMC.bin.540/GOMC.bin.540.AMR.tmp.3292519.blast
[08:46:08] There are still 1119 unannotated CDS left (started with 1122)
[08:46:08] Will use blast to search against /home/joao_facio/miniconda3/envs/prokka/db/kingdom/Bacteria/sprot with 4 CPUs
[08:46:08] Running: cat \.\.\/\.\.\/Data\/Chen_Analysis\/Prokka\/Bacteria\/GOMC\.bin\.540\/GOMC\.bin\.540\.sprot\.tmp\.3292519\.faa | parallel --gnu --plain -j 4 --block 36153 --recstart '>' --pipe blastp -query - -db /home/joao_facio/miniconda3/envs/prokka/db/kingdom/Bacteria/sprot -evalue 1e-09 -qcov_hsp_perc 80 -num_threads 1 -num_descriptions 1 -num_alignments 1 -seg no > \.\.\/\.\.\/Data\/Chen_Analysis\/Prokka\/Bacteria\/GOMC\.bin\.540\/GOMC\.bin\.540\.sprot\.tmp\.3292519\.blast 2> /dev/null
[08:46:19] Modify product: Probable molybdenum cofactor guanylyltransferase => putative molybdenum cofactor guanylyltransferase
[08:46:19] Modify product: Uncharacterized protein HI_0933 => putative protein
[08:46:19] Modify product: Aminopeptidase HP_1037 => Aminopeptidase
[08:46:19] Modify product: Putative peptidyl-prolyl cis-trans isomerase HP_0175 => Putative peptidyl-prolyl cis-trans isomerase
[08:46:19] Modify product: Protease HtpX homolog => Protease HtpX 
[08:46:19] Modify product: Uncharacterized NTE family protein Rv1063c => putative NTE family protein
[08:46:19] Modify product: Uncharacterized zinc protease Rv2782c => putative zinc protease
[08:46:19] Modify product: Probable dual-specificity RNA methyltransferase RlmN => putative dual-specificity RNA methyltransferase RlmN
[08:46:19] Modify product: Uncharacterized RNA pseudouridine synthase HP_0347 => putative RNA pseudouridine synthase
[08:46:19] Modify product: Probable type II secretion system protein HxcR => putative type II secretion system protein HxcR
[08:46:19] Modify product: Uncharacterized protein YcjX => putative protein YcjX
[08:46:19] Modify product: UPF0045 protein Rv1898 => hypothetical protein
[08:46:19] Modify product: Probable efflux pump membrane transporter TtgB => putative efflux pump membrane transporter TtgB
[08:46:19] Modify product: UPF0758 protein YsxA => hypothetical protein
[08:46:19] Modify product: Putative multidrug export ATP-binding/permease protein SAV1866 => Putative multidrug export ATP-binding/permease protein
[08:46:19] Modify product: Probable transcriptional regulatory protein HP_0162 => putative transcriptional regulatory protein
[08:46:19] Modify product: Uncharacterized protein HP_0495 => putative protein
[08:46:20] Modify product: Probable ribonucleotide transport ATP-binding protein mkl => putative ribonucleotide transport ATP-binding protein mkl
[08:46:20] Modify product: Putative glutamine amidotransferase Rv2859c => Putative glutamine amidotransferase
[08:46:20] Modify product: Probable nicotinate-nucleotide pyrophosphorylase [carboxylating] => putative nicotinate-nucleotide pyrophosphorylase [carboxylating]
[08:46:20] Modify product: Uncharacterized AAA domain-containing protein Rv2559c => putative AAA domain-containing protein
[08:46:20] Modify product: Uncharacterized signaling protein PA1727 => putative signaling protein
[08:46:20] Modify product: Uncharacterized protein YfgD => putative protein YfgD
[08:46:20] Modify product: Probable fused nickel transport protein LarMN => putative fused nickel transport protein LarMN
[08:46:20] Modify product: Probable multidrug resistance ABC transporter ATP-binding/permease protein YheH => putative multidrug resistance ABC transporter ATP-binding/permease protein YheH
[08:46:20] Modify product: Uncharacterized protein HI_0103 => putative protein
[08:46:20] Modify product: UPF0276 protein CCNA_03364 => hypothetical protein
[08:46:20] Modify product: Probable lipoprotein YiaD => putative lipoprotein YiaD
[08:46:20] Modify product: Nucleoid-associated protein HP_0035 => Nucleoid-associated protein
[08:46:20] Modify product: Bifunctional protein FolD => Bifunctional protein FolD protein
[08:46:20] Modify product: Uncharacterized protein Rv2030c => putative protein
[08:46:20] Modify product: Uncharacterized protein YqeY => putative protein YqeY
[08:46:20] Modify product: UPF0761 membrane protein YihY => hypothetical protein
[08:46:20] Modify product: Probable nicotinate-nucleotide pyrophosphorylase [carboxylating] => putative nicotinate-nucleotide pyrophosphorylase [carboxylating]
[08:46:20] Modify product: Uncharacterized protein YccU => putative protein YccU
[08:46:20] Modify product: UPF0234 protein HI_1034 => hypothetical protein
[08:46:20] Modify product: Uncharacterized protein Rv2581c => putative protein
[08:46:20] Cleaned 37 /product names
[08:46:20] Deleting unwanted file: ../../Data/Chen_Analysis/Prokka/Bacteria/GOMC.bin.540/GOMC.bin.540.sprot.tmp.3292519.faa
[08:46:20] Deleting unwanted file: ../../Data/Chen_Analysis/Prokka/Bacteria/GOMC.bin.540/GOMC.bin.540.sprot.tmp.3292519.blast
[08:46:20] There are still 585 unannotated CDS left (started with 1122)
[08:46:20] Will use hmmer3 to search against /home/joao_facio/miniconda3/envs/prokka/db/hmm/HAMAP.hmm with 4 CPUs
[08:46:20] Running: cat \.\.\/\.\.\/Data\/Chen_Analysis\/Prokka\/Bacteria\/GOMC\.bin\.540\/GOMC\.bin\.540\.HAMAP\.hmm\.tmp\.3292519\.faa | parallel --gnu --plain -j 4 --block 16645 --recstart '>' --pipe hmmscan --noali --notextw --acc -E 1e-09 --cpu 1 /home/joao_facio/miniconda3/envs/prokka/db/hmm/HAMAP.hmm /dev/stdin > \.\.\/\.\.\/Data\/Chen_Analysis\/Prokka\/Bacteria\/GOMC\.bin\.540\/GOMC\.bin\.540\.HAMAP\.hmm\.tmp\.3292519\.hmmer3 2> /dev/null
[08:46:24] Deleting unwanted file: ../../Data/Chen_Analysis/Prokka/Bacteria/GOMC.bin.540/GOMC.bin.540.HAMAP.hmm.tmp.3292519.faa
[08:46:24] Deleting unwanted file: ../../Data/Chen_Analysis/Prokka/Bacteria/GOMC.bin.540/GOMC.bin.540.HAMAP.hmm.tmp.3292519.hmmer3
[08:46:24] Labelling remaining 490 proteins as 'hypothetical protein'
[08:46:24] Found 553 unique /gene codes.
[08:46:24] Fixed 2 duplicate /gene - glgA_1 glgA_2
[08:46:24] Fixed 2 duplicate /gene - moaA_1 moaA_2
[08:46:24] Fixed 2 duplicate /gene - hypA_1 hypA_2
[08:46:24] Fixed 2 duplicate /gene - pnp_1 pnp_2
[08:46:24] Fixed 2 duplicate /gene - ndhI_1 ndhI_2
[08:46:24] Fixed 2 duplicate /gene - torD_1 torD_2
[08:46:24] Fixed 2 duplicate /gene - nadC_1 nadC_2
[08:46:24] Fixed 3 duplicate /gene - thiE_1 thiE_2 thiE_3
[08:46:24] Fixed 2 duplicate /gene - copA_1 copA_2
[08:46:24] Fixed 2 duplicate /gene - mnmA_1 mnmA_2
[08:46:24] Fixed 2 duplicate /gene - polA_1 polA_2
[08:46:24] Fixed 2 duplicate /gene - htpX_1 htpX_2
[08:46:24] Fixed 2 duplicate /gene - COQ3_1 COQ3_2
[08:46:24] Fixed 2 duplicate /gene - cpoB_1 cpoB_2
[08:46:24] Fixed 2 duplicate /gene - asnB_1 asnB_2
[08:46:24] Fixed 2 duplicate /gene - hisB_1 hisB_2
[08:46:24] Fixed 2 duplicate /gene - pglF_1 pglF_2
[08:46:24] Fixed 2 duplicate /gene - pyrC_1 pyrC_2
[08:46:24] Fixed 2 duplicate /gene - csm3_1 csm3_2
[08:46:24] Fixed 2 duplicate /gene - sasA_1 sasA_2
[08:46:24] Fixed 3 duplicate /gene - rcsC_1 rcsC_2 rcsC_3
[08:46:24] Fixed 2 duplicate /gene - aroE_1 aroE_2
[08:46:24] Fixed 2 duplicate /gene - ftsH_1 ftsH_2
[08:46:24] Fixed 2 duplicate /gene - cah_1 cah_2
[08:46:24] Fixed 2 duplicate /gene - hydA_1 hydA_2
[08:46:24] Fixed 2 duplicate /gene - tolQ_1 tolQ_2
[08:46:24] Fixed 2 duplicate /gene - flhB_1 flhB_2
[08:46:24] Fixed 2 duplicate /gene - hycE_1 hycE_2
[08:46:24] Fixed 2 duplicate /gene - napA_1 napA_2
[08:46:24] Fixed 2 duplicate /gene - swrC_1 swrC_2
[08:46:24] Fixed 2 duplicate /gene - gltD_1 gltD_2
[08:46:24] Fixed 2 duplicate /gene - queE_1 queE_2
[08:46:24] Fixed 32 colliding /gene names.
[08:46:24] Adding /locus_tag identifiers
[08:46:24] Assigned 1122 locus_tags to CDS and RNA features.
[08:46:24] Writing outputs to ../../Data/Chen_Analysis/Prokka/Bacteria/GOMC.bin.540/
[08:46:25] Generating annotation statistics file
[08:46:25] Generating Genbank and Sequin files
[08:46:25] Running: tbl2asn -V b -a r10k -l paired-ends -M n -N 1 -y 'Annotated using prokka 1.14.6 from https://github.com/tseemann/prokka' -Z \.\.\/\.\.\/Data\/Chen_Analysis\/Prokka\/Bacteria\/GOMC\.bin\.540\/GOMC\.bin\.540\.err -i \.\.\/\.\.\/Data\/Chen_Analysis\/Prokka\/Bacteria\/GOMC\.bin\.540\/GOMC\.bin\.540\.fsa 2> /dev/null
[08:46:26] Deleting unwanted file: ../../Data/Chen_Analysis/Prokka/Bacteria/GOMC.bin.540/errorsummary.val
[08:46:26] Deleting unwanted file: ../../Data/Chen_Analysis/Prokka/Bacteria/GOMC.bin.540/GOMC.bin.540.dr
[08:46:26] Deleting unwanted file: ../../Data/Chen_Analysis/Prokka/Bacteria/GOMC.bin.540/GOMC.bin.540.fixedproducts
[08:46:26] Deleting unwanted file: ../../Data/Chen_Analysis/Prokka/Bacteria/GOMC.bin.540/GOMC.bin.540.ecn
[08:46:26] Deleting unwanted file: ../../Data/Chen_Analysis/Prokka/Bacteria/GOMC.bin.540/GOMC.bin.540.val
[08:46:26] Repairing broken .GBK output that tbl2asn produces...
[08:46:26] Running: sed 's/COORDINATES: profile/COORDINATES:profile/' < \.\.\/\.\.\/Data\/Chen_Analysis\/Prokka\/Bacteria\/GOMC\.bin\.540\/GOMC\.bin\.540\.gbf > \.\.\/\.\.\/Data\/Chen_Analysis\/Prokka\/Bacteria\/GOMC\.bin\.540\/GOMC\.bin\.540\.gbk
[08:46:26] Deleting unwanted file: ../../Data/Chen_Analysis/Prokka/Bacteria/GOMC.bin.540/GOMC.bin.540.gbf
[08:46:26] Output files:
[08:46:26] ../../Data/Chen_Analysis/Prokka/Bacteria/GOMC.bin.540/GOMC.bin.540.err
[08:46:26] ../../Data/Chen_Analysis/Prokka/Bacteria/GOMC.bin.540/GOMC.bin.540.ffn
[08:46:26] ../../Data/Chen_Analysis/Prokka/Bacteria/GOMC.bin.540/GOMC.bin.540.sqn
[08:46:26] ../../Data/Chen_Analysis/Prokka/Bacteria/GOMC.bin.540/GOMC.bin.540.gbk
[08:46:26] ../../Data/Chen_Analysis/Prokka/Bacteria/GOMC.bin.540/GOMC.bin.540.txt
[08:46:26] ../../Data/Chen_Analysis/Prokka/Bacteria/GOMC.bin.540/GOMC.bin.540.gff
[08:46:26] ../../Data/Chen_Analysis/Prokka/Bacteria/GOMC.bin.540/GOMC.bin.540.fsa
[08:46:26] ../../Data/Chen_Analysis/Prokka/Bacteria/GOMC.bin.540/GOMC.bin.540.fna
[08:46:26] ../../Data/Chen_Analysis/Prokka/Bacteria/GOMC.bin.540/GOMC.bin.540.log
[08:46:26] ../../Data/Chen_Analysis/Prokka/Bacteria/GOMC.bin.540/GOMC.bin.540.tbl
[08:46:26] ../../Data/Chen_Analysis/Prokka/Bacteria/GOMC.bin.540/GOMC.bin.540.tsv
[08:46:26] ../../Data/Chen_Analysis/Prokka/Bacteria/GOMC.bin.540/GOMC.bin.540.faa
[08:46:26] Annotation finished successfully.
[08:46:26] Walltime used: 0.43 minutes
[08:46:26] If you use this result please cite the Prokka paper:
[08:46:26] Seemann T (2014) Prokka: rapid prokaryotic genome annotation. Bioinformatics. 30(14):2068-9.
[08:46:26] Type 'prokka --citation' for more details.
[08:46:26] Thank you, come again.
