[07:32:32] This is prokka 1.14.6
[07:32:32] Written by Torsten Seemann <torsten.seemann@gmail.com>
[07:32:32] Homepage is https://github.com/tseemann/prokka
[07:32:32] Local time is Mon Dec  1 07:32:32 2025
[07:32:32] You are joao_facio
[07:32:32] Operating system is linux
[07:32:32] You have BioPerl 1.7.8
[07:32:32] System has 12 cores.
[07:32:32] Will use maximum of 4 cores.
[07:32:32] Annotating as >>> Archaea <<<
[07:32:32] Generating locus_tag from '/tmp/tmp6gns85ah/GOMC.bin.12181.fa' contents.
[07:32:32] Setting --locustag ABFACEOJ from MD5 abface83e041d82bfaf32164ae14f16e
[07:32:32] Creating new output folder: ../../Data/Chen_Analysis/Prokka/Archaea/GOMC.bin.12181
[07:32:32] Running: mkdir -p \.\.\/\.\.\/Data\/Chen_Analysis\/Prokka\/Archaea\/GOMC\.bin\.12181
[07:32:32] Using filename prefix: GOMC.bin.12181.XXX
[07:32:32] Setting HMMER_NCPU=1
[07:32:32] Writing log to: ../../Data/Chen_Analysis/Prokka/Archaea/GOMC.bin.12181/GOMC.bin.12181.log
[07:32:32] Command: /home/joao_facio/miniconda3/envs/prokka/bin/prokka --outdir ../../Data/Chen_Analysis/Prokka/Archaea/GOMC.bin.12181 --prefix GOMC.bin.12181 --kingdom Archaea --genus Candidatus --strain GOMC.bin.12181 --cpus 4 --force /tmp/tmp6gns85ah/GOMC.bin.12181.fa
[07:32:32] Appending to PATH: /home/joao_facio/miniconda3/envs/prokka/bin
[07:32:32] Looking for 'aragorn' - found /home/joao_facio/miniconda3/envs/prokka/bin/aragorn
[07:32:32] Determined aragorn version is 001002 from 'ARAGORN v1.2.41 Dean Laslett'
[07:32:32] Looking for 'barrnap' - found /home/joao_facio/miniconda3/envs/prokka/bin/barrnap
[07:32:32] Determined barrnap version is 000009 from 'barrnap 0.9'
[07:32:32] Looking for 'blastp' - found /home/joao_facio/miniconda3/envs/prokka/bin/blastp
[07:32:33] Determined blastp version is 002016 from 'blastp: 2.16.0+'
[07:32:33] Looking for 'cmpress' - found /home/joao_facio/miniconda3/envs/prokka/bin/cmpress
[07:32:33] Determined cmpress version is 001001 from '# INFERNAL 1.1.5 (Sep 2023)'
[07:32:33] Looking for 'cmscan' - found /home/joao_facio/miniconda3/envs/prokka/bin/cmscan
[07:32:33] Determined cmscan version is 001001 from '# INFERNAL 1.1.5 (Sep 2023)'
[07:32:33] Looking for 'egrep' - found /usr/bin/egrep
[07:32:33] Looking for 'find' - found /usr/bin/find
[07:32:33] Looking for 'grep' - found /usr/bin/grep
[07:32:33] Looking for 'hmmpress' - found /home/joao_facio/miniconda3/envs/prokka/bin/hmmpress
[07:32:33] Determined hmmpress version is 003004 from '# HMMER 3.4 (Aug 2023); http://hmmer.org/'
[07:32:33] Looking for 'hmmscan' - found /home/joao_facio/miniconda3/envs/prokka/bin/hmmscan
[07:32:33] Determined hmmscan version is 003004 from '# HMMER 3.4 (Aug 2023); http://hmmer.org/'
[07:32:33] Looking for 'java' - found /home/joao_facio/miniconda3/envs/prokka/bin/java
[07:32:33] Looking for 'makeblastdb' - found /home/joao_facio/miniconda3/envs/prokka/bin/makeblastdb
[07:32:33] Determined makeblastdb version is 002016 from 'makeblastdb: 2.16.0+'
[07:32:33] Looking for 'minced' - found /home/joao_facio/miniconda3/envs/prokka/bin/minced
[07:32:33] Determined minced version is 004002 from 'minced 0.4.2'
[07:32:33] Looking for 'parallel' - found /home/joao_facio/miniconda3/envs/prokka/bin/parallel
[07:32:33] Determined parallel version is 20251122 from 'GNU parallel 20251122'
[07:32:33] Looking for 'prodigal' - found /home/joao_facio/miniconda3/envs/prokka/bin/prodigal
[07:32:33] Determined prodigal version is 002006 from 'Prodigal V2.6.3: February, 2016'
[07:32:33] Looking for 'prokka-genbank_to_fasta_db' - found /home/joao_facio/miniconda3/envs/prokka/bin/prokka-genbank_to_fasta_db
[07:32:33] Looking for 'sed' - found /usr/bin/sed
[07:32:33] Looking for 'tbl2asn' - found /home/joao_facio/miniconda3/envs/prokka/bin/tbl2asn
[07:32:33] Determined tbl2asn version is 025007 from 'tbl2asn 25.7   arguments:'
[07:32:33] Using genetic code table 11.
[07:32:33] Loading and checking input file: /tmp/tmp6gns85ah/GOMC.bin.12181.fa
[07:32:33] Wrote 61 contigs totalling 410558 bp.
[07:32:33] Predicting tRNAs and tmRNAs
[07:32:33] Running: aragorn -l -gc11  -w \.\.\/\.\.\/Data\/Chen_Analysis\/Prokka\/Archaea\/GOMC\.bin\.12181\/GOMC\.bin\.12181\.fna
[07:32:33] 1 tRNA-Leu [3050,3133] 35 (aag)
[07:32:33] 1 tRNA-Val [5892,5965] 35 (gac)
[07:32:33] 1 tRNA-Ala c[962,1034] 34 (ggc)
[07:32:33] 2 tRNA-Met c[4472,4543] 33 (cat)
[07:32:33] 1 tRNA-Phe [774,847] 34 (gaa)
[07:32:33] 1 tRNA-Leu [8985,9070] 36 (taa)
[07:32:33] 1 tRNA-Trp [7375,7448] 33 (cca)
[07:32:33] 1 tRNA-Arg c[1900,1971] 34 (tcg)
[07:32:33] 2 tRNA-Pro [2008,2086] 37 (agg)
[07:32:33] 3 tRNA-Gly [7782,7852] 33 (ccc)
[07:32:33] 1 tRNA-His [3296,3368] 34 (gtg)
[07:32:33] 1 tRNA-Ser c[4312,4396] 35 (gct)
[07:32:33] 2 tRNA-Met [4709,4790] 38 (cat)
[07:32:33] 1 tRNA-Glu [5228,5302] 36 (ttc)
[07:32:33] 1 tRNA-Lys [748,823] 36 (ttt)
[07:32:33] 2 tRNA-Asp [2203,2276] 35 (gtc)
[07:32:33] 1 tRNA-Arg c[272,345] 36 (gcg)
[07:32:33] 2 tRNA-Gln c[5124,5198] 36 (ttg)
[07:32:33] 1 tRNA-Ser c[12663,12743] 33 (gga)
[07:32:33] Found 19 tRNAs
[07:32:33] Predicting Ribosomal RNAs
[07:32:33] Running Barrnap with 4 threads
[07:32:33] 1 k63_3338051 3 16S ribosomal RNA (partial)
[07:32:33] Found 1 rRNAs
[07:32:33] Skipping ncRNA search, enable with --rfam if desired.
[07:32:33] Total of 20 tRNA + rRNA features
[07:32:33] Searching for CRISPR repeats
[07:32:33] Found 0 CRISPRs
[07:32:33] Predicting coding sequences
[07:32:33] Contigs total 410558 bp, so using single mode
[07:32:33] Running: prodigal -i \.\.\/\.\.\/Data\/Chen_Analysis\/Prokka\/Archaea\/GOMC\.bin\.12181\/GOMC\.bin\.12181\.fna -c -m -g 11 -p single -f sco -q
[07:32:33] Excluding CDS which overlaps existing RNA (tRNA) at k63_2309975:4487..5599 on + strand
[07:32:33] Found 508 CDS
[07:32:33] Connecting features back to sequences
[07:32:33] Not using genus-specific database. Try --usegenus to enable it.
[07:32:33] Annotating CDS, please be patient.
[07:32:33] Will use 4 CPUs for similarity searching.
[07:32:34] There are still 508 unannotated CDS left (started with 508)
[07:32:34] Will use blast to search against /home/joao_facio/miniconda3/envs/prokka/db/kingdom/Archaea/sprot with 4 CPUs
[07:32:34] Running: cat \.\.\/\.\.\/Data\/Chen_Analysis\/Prokka\/Archaea\/GOMC\.bin\.12181\/GOMC\.bin\.12181\.sprot\.tmp\.3143293\.faa | parallel --gnu --plain -j 4 --block 14924 --recstart '>' --pipe blastp -query - -db /home/joao_facio/miniconda3/envs/prokka/db/kingdom/Archaea/sprot -evalue 1e-09 -qcov_hsp_perc 80 -num_threads 1 -num_descriptions 1 -num_alignments 1 -seg no > \.\.\/\.\.\/Data\/Chen_Analysis\/Prokka\/Archaea\/GOMC\.bin\.12181\/GOMC\.bin\.12181\.sprot\.tmp\.3143293\.blast 2> /dev/null
[07:32:34] Modify product: Protein translation factor SUI1 homolog => Protein translation factor SUI1 
[07:32:34] Modify product: Probable tRNA pseudouridine synthase B => putative tRNA pseudouridine synthase B
[07:32:34] Modify product: Ribosome maturation protein SDO1 homolog => Ribosome maturation protein SDO1 
[07:32:34] Modify product: Uncharacterized ABC transporter ATP-binding protein MJ0796 => putative ABC transporter ATP-binding protein
[07:32:34] Modify product: Uncharacterized membrane protein MJ0091 => putative membrane protein
[07:32:34] Modify product: Protein PH0010 => Protein
[07:32:34] Modify product: Probable translation initiation factor IF-2 => putative translation initiation factor IF-2
[07:32:35] Cleaned 7 /product names
[07:32:35] Deleting unwanted file: ../../Data/Chen_Analysis/Prokka/Archaea/GOMC.bin.12181/GOMC.bin.12181.sprot.tmp.3143293.faa
[07:32:35] Deleting unwanted file: ../../Data/Chen_Analysis/Prokka/Archaea/GOMC.bin.12181/GOMC.bin.12181.sprot.tmp.3143293.blast
[07:32:35] There are still 384 unannotated CDS left (started with 508)
[07:32:35] Will use hmmer3 to search against /home/joao_facio/miniconda3/envs/prokka/db/hmm/HAMAP.hmm with 4 CPUs
[07:32:35] Running: cat \.\.\/\.\.\/Data\/Chen_Analysis\/Prokka\/Archaea\/GOMC\.bin\.12181\/GOMC\.bin\.12181\.HAMAP\.hmm\.tmp\.3143293\.faa | parallel --gnu --plain -j 4 --block 10531 --recstart '>' --pipe hmmscan --noali --notextw --acc -E 1e-09 --cpu 1 /home/joao_facio/miniconda3/envs/prokka/db/hmm/HAMAP.hmm /dev/stdin > \.\.\/\.\.\/Data\/Chen_Analysis\/Prokka\/Archaea\/GOMC\.bin\.12181\/GOMC\.bin\.12181\.HAMAP\.hmm\.tmp\.3143293\.hmmer3 2> /dev/null
[07:32:37] Modify product: Uncharacterized MFS-type transporter YhhS => putative MFS-type transporter YhhS
[07:32:37] Cleaned 1 /product names
[07:32:37] Deleting unwanted file: ../../Data/Chen_Analysis/Prokka/Archaea/GOMC.bin.12181/GOMC.bin.12181.HAMAP.hmm.tmp.3143293.faa
[07:32:37] Deleting unwanted file: ../../Data/Chen_Analysis/Prokka/Archaea/GOMC.bin.12181/GOMC.bin.12181.HAMAP.hmm.tmp.3143293.hmmer3
[07:32:37] Labelling remaining 341 proteins as 'hypothetical protein'
[07:32:37] Found 129 unique /gene codes.
[07:32:37] Fixed 2 duplicate /gene - metG_1 metG_2
[07:32:37] Fixed 2 duplicate /gene - der_1 der_2
[07:32:37] Fixed 2 duplicate /gene - rppH_1 rppH_2
[07:32:37] Fixed 2 duplicate /gene - aspS_1 aspS_2
[07:32:37] Fixed 4 colliding /gene names.
[07:32:37] Adding /locus_tag identifiers
[07:32:37] Assigned 528 locus_tags to CDS and RNA features.
[07:32:37] Writing outputs to ../../Data/Chen_Analysis/Prokka/Archaea/GOMC.bin.12181/
[07:32:38] Generating annotation statistics file
[07:32:38] Generating Genbank and Sequin files
[07:32:38] Running: tbl2asn -V b -a r10k -l paired-ends -M n -N 1 -y 'Annotated using prokka 1.14.6 from https://github.com/tseemann/prokka' -Z \.\.\/\.\.\/Data\/Chen_Analysis\/Prokka\/Archaea\/GOMC\.bin\.12181\/GOMC\.bin\.12181\.err -i \.\.\/\.\.\/Data\/Chen_Analysis\/Prokka\/Archaea\/GOMC\.bin\.12181\/GOMC\.bin\.12181\.fsa 2> /dev/null
[07:32:38] Deleting unwanted file: ../../Data/Chen_Analysis/Prokka/Archaea/GOMC.bin.12181/errorsummary.val
[07:32:38] Deleting unwanted file: ../../Data/Chen_Analysis/Prokka/Archaea/GOMC.bin.12181/GOMC.bin.12181.dr
[07:32:38] Deleting unwanted file: ../../Data/Chen_Analysis/Prokka/Archaea/GOMC.bin.12181/GOMC.bin.12181.fixedproducts
[07:32:38] Deleting unwanted file: ../../Data/Chen_Analysis/Prokka/Archaea/GOMC.bin.12181/GOMC.bin.12181.ecn
[07:32:38] Deleting unwanted file: ../../Data/Chen_Analysis/Prokka/Archaea/GOMC.bin.12181/GOMC.bin.12181.val
[07:32:38] Repairing broken .GBK output that tbl2asn produces...
[07:32:38] Running: sed 's/COORDINATES: profile/COORDINATES:profile/' < \.\.\/\.\.\/Data\/Chen_Analysis\/Prokka\/Archaea\/GOMC\.bin\.12181\/GOMC\.bin\.12181\.gbf > \.\.\/\.\.\/Data\/Chen_Analysis\/Prokka\/Archaea\/GOMC\.bin\.12181\/GOMC\.bin\.12181\.gbk
[07:32:38] Deleting unwanted file: ../../Data/Chen_Analysis/Prokka/Archaea/GOMC.bin.12181/GOMC.bin.12181.gbf
[07:32:38] Output files:
[07:32:38] ../../Data/Chen_Analysis/Prokka/Archaea/GOMC.bin.12181/GOMC.bin.12181.log
[07:32:38] ../../Data/Chen_Analysis/Prokka/Archaea/GOMC.bin.12181/GOMC.bin.12181.ffn
[07:32:38] ../../Data/Chen_Analysis/Prokka/Archaea/GOMC.bin.12181/GOMC.bin.12181.faa
[07:32:38] ../../Data/Chen_Analysis/Prokka/Archaea/GOMC.bin.12181/GOMC.bin.12181.err
[07:32:38] ../../Data/Chen_Analysis/Prokka/Archaea/GOMC.bin.12181/GOMC.bin.12181.tsv
[07:32:38] ../../Data/Chen_Analysis/Prokka/Archaea/GOMC.bin.12181/GOMC.bin.12181.fna
[07:32:38] ../../Data/Chen_Analysis/Prokka/Archaea/GOMC.bin.12181/GOMC.bin.12181.fsa
[07:32:38] ../../Data/Chen_Analysis/Prokka/Archaea/GOMC.bin.12181/GOMC.bin.12181.sqn
[07:32:38] ../../Data/Chen_Analysis/Prokka/Archaea/GOMC.bin.12181/GOMC.bin.12181.tbl
[07:32:38] ../../Data/Chen_Analysis/Prokka/Archaea/GOMC.bin.12181/GOMC.bin.12181.gff
[07:32:38] ../../Data/Chen_Analysis/Prokka/Archaea/GOMC.bin.12181/GOMC.bin.12181.txt
[07:32:38] ../../Data/Chen_Analysis/Prokka/Archaea/GOMC.bin.12181/GOMC.bin.12181.gbk
[07:32:38] Annotation finished successfully.
[07:32:38] Walltime used: 0.10 minutes
[07:32:38] If you use this result please cite the Prokka paper:
[07:32:38] Seemann T (2014) Prokka: rapid prokaryotic genome annotation. Bioinformatics. 30(14):2068-9.
[07:32:38] Type 'prokka --citation' for more details.
[07:32:38] Thank you, come again.
