[08:10:02] This is prokka 1.14.6
[08:10:02] Written by Torsten Seemann <torsten.seemann@gmail.com>
[08:10:02] Homepage is https://github.com/tseemann/prokka
[08:10:02] Local time is Mon Dec  1 08:10:02 2025
[08:10:02] You are joao_facio
[08:10:02] Operating system is linux
[08:10:02] You have BioPerl 1.7.8
[08:10:02] System has 12 cores.
[08:10:02] Will use maximum of 4 cores.
[08:10:02] Annotating as >>> Bacteria <<<
[08:10:02] Generating locus_tag from '/tmp/tmp6gns85ah/GOMC.bin.1507.fa' contents.
[08:10:02] Setting --locustag GEGIJHDK from MD5 0e0231d46498c9b41a04dd6309a0e9ae
[08:10:02] Creating new output folder: ../../Data/Chen_Analysis/Prokka/Bacteria/GOMC.bin.1507
[08:10:02] Running: mkdir -p \.\.\/\.\.\/Data\/Chen_Analysis\/Prokka\/Bacteria\/GOMC\.bin\.1507
[08:10:02] Using filename prefix: GOMC.bin.1507.XXX
[08:10:02] Setting HMMER_NCPU=1
[08:10:02] Writing log to: ../../Data/Chen_Analysis/Prokka/Bacteria/GOMC.bin.1507/GOMC.bin.1507.log
[08:10:02] Command: /home/joao_facio/miniconda3/envs/prokka/bin/prokka --outdir ../../Data/Chen_Analysis/Prokka/Bacteria/GOMC.bin.1507 --prefix GOMC.bin.1507 --kingdom Bacteria --genus CAIRTM01 --strain GOMC.bin.1507 --cpus 4 --force /tmp/tmp6gns85ah/GOMC.bin.1507.fa
[08:10:02] Appending to PATH: /home/joao_facio/miniconda3/envs/prokka/bin
[08:10:02] Looking for 'aragorn' - found /home/joao_facio/miniconda3/envs/prokka/bin/aragorn
[08:10:02] Determined aragorn version is 001002 from 'ARAGORN v1.2.41 Dean Laslett'
[08:10:02] Looking for 'barrnap' - found /home/joao_facio/miniconda3/envs/prokka/bin/barrnap
[08:10:02] Determined barrnap version is 000009 from 'barrnap 0.9'
[08:10:02] Looking for 'blastp' - found /home/joao_facio/miniconda3/envs/prokka/bin/blastp
[08:10:02] Determined blastp version is 002016 from 'blastp: 2.16.0+'
[08:10:02] Looking for 'cmpress' - found /home/joao_facio/miniconda3/envs/prokka/bin/cmpress
[08:10:02] Determined cmpress version is 001001 from '# INFERNAL 1.1.5 (Sep 2023)'
[08:10:02] Looking for 'cmscan' - found /home/joao_facio/miniconda3/envs/prokka/bin/cmscan
[08:10:02] Determined cmscan version is 001001 from '# INFERNAL 1.1.5 (Sep 2023)'
[08:10:02] Looking for 'egrep' - found /usr/bin/egrep
[08:10:02] Looking for 'find' - found /usr/bin/find
[08:10:02] Looking for 'grep' - found /usr/bin/grep
[08:10:02] Looking for 'hmmpress' - found /home/joao_facio/miniconda3/envs/prokka/bin/hmmpress
[08:10:02] Determined hmmpress version is 003004 from '# HMMER 3.4 (Aug 2023); http://hmmer.org/'
[08:10:02] Looking for 'hmmscan' - found /home/joao_facio/miniconda3/envs/prokka/bin/hmmscan
[08:10:02] Determined hmmscan version is 003004 from '# HMMER 3.4 (Aug 2023); http://hmmer.org/'
[08:10:02] Looking for 'java' - found /home/joao_facio/miniconda3/envs/prokka/bin/java
[08:10:02] Looking for 'makeblastdb' - found /home/joao_facio/miniconda3/envs/prokka/bin/makeblastdb
[08:10:02] Determined makeblastdb version is 002016 from 'makeblastdb: 2.16.0+'
[08:10:02] Looking for 'minced' - found /home/joao_facio/miniconda3/envs/prokka/bin/minced
[08:10:02] Determined minced version is 004002 from 'minced 0.4.2'
[08:10:02] Looking for 'parallel' - found /home/joao_facio/miniconda3/envs/prokka/bin/parallel
[08:10:02] Determined parallel version is 20251122 from 'GNU parallel 20251122'
[08:10:02] Looking for 'prodigal' - found /home/joao_facio/miniconda3/envs/prokka/bin/prodigal
[08:10:02] Determined prodigal version is 002006 from 'Prodigal V2.6.3: February, 2016'
[08:10:02] Looking for 'prokka-genbank_to_fasta_db' - found /home/joao_facio/miniconda3/envs/prokka/bin/prokka-genbank_to_fasta_db
[08:10:02] Looking for 'sed' - found /usr/bin/sed
[08:10:02] Looking for 'tbl2asn' - found /home/joao_facio/miniconda3/envs/prokka/bin/tbl2asn
[08:10:02] Determined tbl2asn version is 025007 from 'tbl2asn 25.7   arguments:'
[08:10:02] Using genetic code table 11.
[08:10:02] Loading and checking input file: /tmp/tmp6gns85ah/GOMC.bin.1507.fa
[08:10:02] Wrote 674 contigs totalling 1239714 bp.
[08:10:02] Predicting tRNAs and tmRNAs
[08:10:02] Running: aragorn -l -gc11  -w \.\.\/\.\.\/Data\/Chen_Analysis\/Prokka\/Bacteria\/GOMC\.bin\.1507\/GOMC\.bin\.1507\.fna
[08:10:02] 1 tRNA-SeC [906,1003] 36 (tca)
[08:10:02] 1 tRNA-Cys c[967,1041] 33 (gca)
[08:10:02] 2 tRNA-Gly c[1051,1125] 33 (gcc)
[08:10:02] 1 tRNA-Leu [2042,2122] 35 (tag)
[08:10:02] 1 tRNA-Gln c[402,475] 33 (ttg)
[08:10:02] 1 tRNA-Arg c[527,601] 35 (cct)
[08:10:02] Found 6 tRNAs
[08:10:02] Predicting Ribosomal RNAs
[08:10:02] Running Barrnap with 4 threads
[08:10:02] Found 0 rRNAs
[08:10:02] Skipping ncRNA search, enable with --rfam if desired.
[08:10:02] Total of 6 tRNA + rRNA features
[08:10:02] Searching for CRISPR repeats
[08:10:03] Found 0 CRISPRs
[08:10:03] Predicting coding sequences
[08:10:03] Contigs total 1239714 bp, so using single mode
[08:10:03] Running: prodigal -i \.\.\/\.\.\/Data\/Chen_Analysis\/Prokka\/Bacteria\/GOMC\.bin\.1507\/GOMC\.bin\.1507\.fna -c -m -g 11 -p single -f sco -q
[08:10:03] Found 1269 CDS
[08:10:03] Connecting features back to sequences
[08:10:03] Not using genus-specific database. Try --usegenus to enable it.
[08:10:03] Annotating CDS, please be patient.
[08:10:03] Will use 4 CPUs for similarity searching.
[08:10:04] There are still 1269 unannotated CDS left (started with 1269)
[08:10:04] Will use blast to search against /home/joao_facio/miniconda3/envs/prokka/db/kingdom/Bacteria/IS with 4 CPUs
[08:10:04] Running: cat \.\.\/\.\.\/Data\/Chen_Analysis\/Prokka\/Bacteria\/GOMC\.bin\.1507\/GOMC\.bin\.1507\.IS\.tmp\.3219880\.faa | parallel --gnu --plain -j 4 --block 34244 --recstart '>' --pipe blastp -query - -db /home/joao_facio/miniconda3/envs/prokka/db/kingdom/Bacteria/IS -evalue 1e-30 -qcov_hsp_perc 90 -num_threads 1 -num_descriptions 1 -num_alignments 1 -seg no > \.\.\/\.\.\/Data\/Chen_Analysis\/Prokka\/Bacteria\/GOMC\.bin\.1507\/GOMC\.bin\.1507\.IS\.tmp\.3219880\.blast 2> /dev/null
[08:10:06] Deleting unwanted file: ../../Data/Chen_Analysis/Prokka/Bacteria/GOMC.bin.1507/GOMC.bin.1507.IS.tmp.3219880.faa
[08:10:06] Deleting unwanted file: ../../Data/Chen_Analysis/Prokka/Bacteria/GOMC.bin.1507/GOMC.bin.1507.IS.tmp.3219880.blast
[08:10:06] There are still 1269 unannotated CDS left (started with 1269)
[08:10:06] Will use blast to search against /home/joao_facio/miniconda3/envs/prokka/db/kingdom/Bacteria/AMR with 4 CPUs
[08:10:06] Running: cat \.\.\/\.\.\/Data\/Chen_Analysis\/Prokka\/Bacteria\/GOMC\.bin\.1507\/GOMC\.bin\.1507\.AMR\.tmp\.3219880\.faa | parallel --gnu --plain -j 4 --block 34244 --recstart '>' --pipe blastp -query - -db /home/joao_facio/miniconda3/envs/prokka/db/kingdom/Bacteria/AMR -evalue 1e-300 -qcov_hsp_perc 90 -num_threads 1 -num_descriptions 1 -num_alignments 1 -seg no > \.\.\/\.\.\/Data\/Chen_Analysis\/Prokka\/Bacteria\/GOMC\.bin\.1507\/GOMC\.bin\.1507\.AMR\.tmp\.3219880\.blast 2> /dev/null
[08:10:09] Deleting unwanted file: ../../Data/Chen_Analysis/Prokka/Bacteria/GOMC.bin.1507/GOMC.bin.1507.AMR.tmp.3219880.faa
[08:10:09] Deleting unwanted file: ../../Data/Chen_Analysis/Prokka/Bacteria/GOMC.bin.1507/GOMC.bin.1507.AMR.tmp.3219880.blast
[08:10:09] There are still 1269 unannotated CDS left (started with 1269)
[08:10:09] Will use blast to search against /home/joao_facio/miniconda3/envs/prokka/db/kingdom/Bacteria/sprot with 4 CPUs
[08:10:09] Running: cat \.\.\/\.\.\/Data\/Chen_Analysis\/Prokka\/Bacteria\/GOMC\.bin\.1507\/GOMC\.bin\.1507\.sprot\.tmp\.3219880\.faa | parallel --gnu --plain -j 4 --block 34244 --recstart '>' --pipe blastp -query - -db /home/joao_facio/miniconda3/envs/prokka/db/kingdom/Bacteria/sprot -evalue 1e-09 -qcov_hsp_perc 80 -num_threads 1 -num_descriptions 1 -num_alignments 1 -seg no > \.\.\/\.\.\/Data\/Chen_Analysis\/Prokka\/Bacteria\/GOMC\.bin\.1507\/GOMC\.bin\.1507\.sprot\.tmp\.3219880\.blast 2> /dev/null
[08:10:19] Modify product: Uncharacterized protein BHWA1_00569 => putative protein
[08:10:19] Modify product: UPF0758 protein => hypothetical protein
[08:10:19] Modify product: Probable molybdenum cofactor guanylyltransferase => putative molybdenum cofactor guanylyltransferase
[08:10:20] Modify product: Probable peptidoglycan D,D-transpeptidase PenA => putative peptidoglycan D,D-transpeptidase PenA
[08:10:20] Modify product: Uncharacterized protein HI_0755 => putative protein
[08:10:20] Modify product: Probable transcriptional regulatory protein DVU_2259 => putative transcriptional regulatory protein
[08:10:20] Modify product: Cyclic di-GMP phosphodiesterase VC_1295 => Cyclic di-GMP phosphodiesterase
[08:10:20] Modify product: UPF0126 inner membrane protein YadS => hypothetical protein
[08:10:20] Modify product: Probable iron-sulfur-binding oxidoreductase FadF => putative iron-sulfur-binding oxidoreductase FadF
[08:10:20] Modify product: Probable peptidoglycan glycosyltransferase FtsW => putative peptidoglycan glycosyltransferase FtsW
[08:10:20] Modify product: Probable GTP-binding protein EngB => putative GTP-binding protein EngB
[08:10:20] Modify product: Uncharacterized protein YqeN => putative protein YqeN
[08:10:20] Modify product: Probable cyclic di-GMP phosphodiesterase PdeC => putative cyclic di-GMP phosphodiesterase PdeC
[08:10:20] Modify product: Nucleoid-associated protein Cthe_2143 => Nucleoid-associated protein
[08:10:20] Modify product: Uncharacterized ABC transporter ATP-binding protein YxlF => putative ABC transporter ATP-binding protein YxlF
[08:10:20] Modify product: Uncharacterized protein YbcJ => putative protein YbcJ
[08:10:20] Modify product: UPF0102 protein RPA0323 => hypothetical protein
[08:10:20] Modify product: UPF0109 protein Rv2908c => hypothetical protein
[08:10:20] Modify product: UPF0047 protein Rv2556c => hypothetical protein
[08:10:20] Modify product: Uncharacterized peptidase SA1530 => putative peptidase
[08:10:20] Modify product: Probable iron-sulfur-binding oxidoreductase FadF => putative iron-sulfur-binding oxidoreductase FadF
[08:10:20] Modify product: Chemotaxis protein CheY homolog => Chemotaxis protein CheY 
[08:10:20] Modify product: Uncharacterized protein YqeY => putative protein YqeY
[08:10:20] Modify product: GTP cyclohydrolase 1 type 2 homolog => GTP cyclohydrolase 1 type 2 
[08:10:20] Modify product: Uncharacterized protein Rv1480 => putative protein
[08:10:20] Modify product: Probable cyclic di-GMP phosphodiesterase VC_1348 => putative cyclic di-GMP phosphodiesterase
[08:10:20] Modify product: Uncharacterized ABC transporter ATP-binding protein YbiT => putative ABC transporter ATP-binding protein YbiT
[08:10:20] Modify product: UPF0111 protein HI_1603 => hypothetical protein
[08:10:20] Modify product: Probable branched-chain-amino-acid aminotransferase => putative branched-chain-amino-acid aminotransferase
[08:10:20] Modify product: Uncharacterized ABC transporter ATP-binding protein YknY => putative ABC transporter ATP-binding protein YknY
[08:10:20] Modify product: Probable lipoprotein YiaD => putative lipoprotein YiaD
[08:10:20] Modify product: Probable adenylyl-sulfate kinase => putative adenylyl-sulfate kinase
[08:10:20] Modify product: UPF0701 protein HI_0467 => hypothetical protein
[08:10:20] Modify product: Probable manganese efflux pump MntP => putative manganese efflux pump MntP
[08:10:20] Modify product: Solute-binding protein Dde_0634 => Solute-binding protein
[08:10:20] Cleaned 35 /product names
[08:10:20] Deleting unwanted file: ../../Data/Chen_Analysis/Prokka/Bacteria/GOMC.bin.1507/GOMC.bin.1507.sprot.tmp.3219880.faa
[08:10:20] Deleting unwanted file: ../../Data/Chen_Analysis/Prokka/Bacteria/GOMC.bin.1507/GOMC.bin.1507.sprot.tmp.3219880.blast
[08:10:20] There are still 833 unannotated CDS left (started with 1269)
[08:10:20] Will use hmmer3 to search against /home/joao_facio/miniconda3/envs/prokka/db/hmm/HAMAP.hmm with 4 CPUs
[08:10:20] Running: cat \.\.\/\.\.\/Data\/Chen_Analysis\/Prokka\/Bacteria\/GOMC\.bin\.1507\/GOMC\.bin\.1507\.HAMAP\.hmm\.tmp\.3219880\.faa | parallel --gnu --plain -j 4 --block 18843 --recstart '>' --pipe hmmscan --noali --notextw --acc -E 1e-09 --cpu 1 /home/joao_facio/miniconda3/envs/prokka/db/hmm/HAMAP.hmm /dev/stdin > \.\.\/\.\.\/Data\/Chen_Analysis\/Prokka\/Bacteria\/GOMC\.bin\.1507\/GOMC\.bin\.1507\.HAMAP\.hmm\.tmp\.3219880\.hmmer3 2> /dev/null
[08:10:26] Deleting unwanted file: ../../Data/Chen_Analysis/Prokka/Bacteria/GOMC.bin.1507/GOMC.bin.1507.HAMAP.hmm.tmp.3219880.faa
[08:10:26] Deleting unwanted file: ../../Data/Chen_Analysis/Prokka/Bacteria/GOMC.bin.1507/GOMC.bin.1507.HAMAP.hmm.tmp.3219880.hmmer3
[08:10:26] Labelling remaining 746 proteins as 'hypothetical protein'
[08:10:26] Possible /pseudo 'Nitrogenase iron protein 1' at SAMN14511311_k53_38712_1 position 1345
[08:10:26] Possible /pseudo 'Twitching mobility protein' at SAMN14511311_k53_196970_1 position 1170
[08:10:26] Possible /pseudo 'D-inositol-3-phosphate glycosyltransferase' at SAMN14511311_k53_261048_1 position 1694
[08:10:26] Found 438 unique /gene codes.
[08:10:26] Fixed 2 duplicate /gene - rcsC_1 rcsC_2
[08:10:26] Fixed 2 duplicate /gene - trxB_1 trxB_2
[08:10:26] Fixed 2 duplicate /gene - msbA_1 msbA_2
[08:10:26] Fixed 2 duplicate /gene - atpB_1 atpB_2
[08:10:26] Fixed 2 duplicate /gene - pheA_1 pheA_2
[08:10:26] Fixed 2 duplicate /gene - mntB_1 mntB_2
[08:10:26] Fixed 2 duplicate /gene - hom_1 hom_2
[08:10:26] Fixed 3 duplicate /gene - dksA_1 dksA_2 dksA_3
[08:10:26] Fixed 2 duplicate /gene - napF_1 napF_2
[08:10:26] Fixed 2 duplicate /gene - pilT_1 pilT_2
[08:10:26] Fixed 2 duplicate /gene - sgcG_1 sgcG_2
[08:10:26] Fixed 2 duplicate /gene - cnbA_1 cnbA_2
[08:10:26] Fixed 2 duplicate /gene - cobO_1 cobO_2
[08:10:26] Fixed 2 duplicate /gene - spoIIIE_1 spoIIIE_2
[08:10:26] Fixed 2 duplicate /gene - mdtA_1 mdtA_2
[08:10:26] Fixed 2 duplicate /gene - aroF_1 aroF_2
[08:10:26] Fixed 2 duplicate /gene - cysK1_1 cysK1_2
[08:10:26] Fixed 3 duplicate /gene - korA_1 korA_2 korA_3
[08:10:26] Fixed 2 duplicate /gene - cheY_1 cheY_2
[08:10:26] Fixed 2 duplicate /gene - atpH_1 atpH_2
[08:10:26] Fixed 2 duplicate /gene - rhlE_1 rhlE_2
[08:10:26] Fixed 2 duplicate /gene - nfuA_1 nfuA_2
[08:10:26] Fixed 2 duplicate /gene - acoA_1 acoA_2
[08:10:26] Fixed 2 duplicate /gene - surA_1 surA_2
[08:10:26] Fixed 2 duplicate /gene - nifH1_1 nifH1_2
[08:10:26] Fixed 2 duplicate /gene - lon1_1 lon1_2
[08:10:26] Fixed 2 duplicate /gene - acdA_1 acdA_2
[08:10:26] Fixed 5 duplicate /gene - sasA_1 sasA_2 sasA_3 sasA_4 sasA_5
[08:10:26] Fixed 2 duplicate /gene - pebB_1 pebB_2
[08:10:26] Fixed 4 duplicate /gene - mshA_1 mshA_2 mshA_3 mshA_4
[08:10:26] Fixed 3 duplicate /gene - fusA_1 fusA_2 fusA_3
[08:10:26] Fixed 2 duplicate /gene - pal_1 pal_2
[08:10:26] Fixed 2 duplicate /gene - plsY_1 plsY_2
[08:10:26] Fixed 2 duplicate /gene - fabG_1 fabG_2
[08:10:26] Fixed 2 duplicate /gene - cckA_1 cckA_2
[08:10:26] Fixed 3 duplicate /gene - rsxB_1 rsxB_2 rsxB_3
[08:10:26] Fixed 2 duplicate /gene - ilvE_1 ilvE_2
[08:10:26] Fixed 2 duplicate /gene - fadF_1 fadF_2
[08:10:26] Fixed 2 duplicate /gene - lnrL_1 lnrL_2
[08:10:26] Fixed 2 duplicate /gene - dnaJ_1 dnaJ_2
[08:10:26] Fixed 2 duplicate /gene - rlmB_1 rlmB_2
[08:10:26] Fixed 2 duplicate /gene - purL_1 purL_2
[08:10:26] Fixed 2 duplicate /gene - scpA_1 scpA_2
[08:10:26] Fixed 2 duplicate /gene - atpA_1 atpA_2
[08:10:26] Fixed 44 colliding /gene names.
[08:10:26] Adding /locus_tag identifiers
[08:10:26] Assigned 1275 locus_tags to CDS and RNA features.
[08:10:26] Writing outputs to ../../Data/Chen_Analysis/Prokka/Bacteria/GOMC.bin.1507/
[08:10:26] Generating annotation statistics file
[08:10:26] Generating Genbank and Sequin files
[08:10:26] Running: tbl2asn -V b -a r10k -l paired-ends -M n -N 1 -y 'Annotated using prokka 1.14.6 from https://github.com/tseemann/prokka' -Z \.\.\/\.\.\/Data\/Chen_Analysis\/Prokka\/Bacteria\/GOMC\.bin\.1507\/GOMC\.bin\.1507\.err -i \.\.\/\.\.\/Data\/Chen_Analysis\/Prokka\/Bacteria\/GOMC\.bin\.1507\/GOMC\.bin\.1507\.fsa 2> /dev/null
[08:10:27] Deleting unwanted file: ../../Data/Chen_Analysis/Prokka/Bacteria/GOMC.bin.1507/errorsummary.val
[08:10:27] Deleting unwanted file: ../../Data/Chen_Analysis/Prokka/Bacteria/GOMC.bin.1507/GOMC.bin.1507.dr
[08:10:27] Deleting unwanted file: ../../Data/Chen_Analysis/Prokka/Bacteria/GOMC.bin.1507/GOMC.bin.1507.fixedproducts
[08:10:27] Deleting unwanted file: ../../Data/Chen_Analysis/Prokka/Bacteria/GOMC.bin.1507/GOMC.bin.1507.ecn
[08:10:27] Deleting unwanted file: ../../Data/Chen_Analysis/Prokka/Bacteria/GOMC.bin.1507/GOMC.bin.1507.val
[08:10:27] Repairing broken .GBK output that tbl2asn produces...
[08:10:27] Running: sed 's/COORDINATES: profile/COORDINATES:profile/' < \.\.\/\.\.\/Data\/Chen_Analysis\/Prokka\/Bacteria\/GOMC\.bin\.1507\/GOMC\.bin\.1507\.gbf > \.\.\/\.\.\/Data\/Chen_Analysis\/Prokka\/Bacteria\/GOMC\.bin\.1507\/GOMC\.bin\.1507\.gbk
[08:10:27] Deleting unwanted file: ../../Data/Chen_Analysis/Prokka/Bacteria/GOMC.bin.1507/GOMC.bin.1507.gbf
[08:10:27] Output files:
[08:10:27] ../../Data/Chen_Analysis/Prokka/Bacteria/GOMC.bin.1507/GOMC.bin.1507.txt
[08:10:27] ../../Data/Chen_Analysis/Prokka/Bacteria/GOMC.bin.1507/GOMC.bin.1507.fsa
[08:10:27] ../../Data/Chen_Analysis/Prokka/Bacteria/GOMC.bin.1507/GOMC.bin.1507.tbl
[08:10:27] ../../Data/Chen_Analysis/Prokka/Bacteria/GOMC.bin.1507/GOMC.bin.1507.faa
[08:10:27] ../../Data/Chen_Analysis/Prokka/Bacteria/GOMC.bin.1507/GOMC.bin.1507.gff
[08:10:27] ../../Data/Chen_Analysis/Prokka/Bacteria/GOMC.bin.1507/GOMC.bin.1507.sqn
[08:10:27] ../../Data/Chen_Analysis/Prokka/Bacteria/GOMC.bin.1507/GOMC.bin.1507.log
[08:10:27] ../../Data/Chen_Analysis/Prokka/Bacteria/GOMC.bin.1507/GOMC.bin.1507.ffn
[08:10:27] ../../Data/Chen_Analysis/Prokka/Bacteria/GOMC.bin.1507/GOMC.bin.1507.err
[08:10:27] ../../Data/Chen_Analysis/Prokka/Bacteria/GOMC.bin.1507/GOMC.bin.1507.fna
[08:10:27] ../../Data/Chen_Analysis/Prokka/Bacteria/GOMC.bin.1507/GOMC.bin.1507.gbk
[08:10:27] ../../Data/Chen_Analysis/Prokka/Bacteria/GOMC.bin.1507/GOMC.bin.1507.tsv
[08:10:27] Annotation finished successfully.
[08:10:27] Walltime used: 0.42 minutes
[08:10:27] If you use this result please cite the Prokka paper:
[08:10:27] Seemann T (2014) Prokka: rapid prokaryotic genome annotation. Bioinformatics. 30(14):2068-9.
[08:10:27] Type 'prokka --citation' for more details.
[08:10:27] Share and enjoy!
