[09:53:28] This is prokka 1.14.6
[09:53:28] Written by Torsten Seemann <torsten.seemann@gmail.com>
[09:53:28] Homepage is https://github.com/tseemann/prokka
[09:53:28] Local time is Mon Dec  1 09:53:28 2025
[09:53:28] You are joao_facio
[09:53:28] Operating system is linux
[09:53:28] You have BioPerl 1.7.8
[09:53:28] System has 12 cores.
[09:53:28] Will use maximum of 4 cores.
[09:53:28] Annotating as >>> Bacteria <<<
[09:53:28] Generating locus_tag from '/tmp/tmp6gns85ah/GOMC.bin.2555.fa' contents.
[09:53:28] Setting --locustag DADEPIEJ from MD5 dade92e37066a821e2fa0e6f1206f3ec
[09:53:28] Creating new output folder: ../../Data/Chen_Analysis/Prokka/Bacteria/GOMC.bin.2555
[09:53:28] Running: mkdir -p \.\.\/\.\.\/Data\/Chen_Analysis\/Prokka\/Bacteria\/GOMC\.bin\.2555
[09:53:28] Using filename prefix: GOMC.bin.2555.XXX
[09:53:28] Setting HMMER_NCPU=1
[09:53:28] Writing log to: ../../Data/Chen_Analysis/Prokka/Bacteria/GOMC.bin.2555/GOMC.bin.2555.log
[09:53:28] Command: /home/joao_facio/miniconda3/envs/prokka/bin/prokka --outdir ../../Data/Chen_Analysis/Prokka/Bacteria/GOMC.bin.2555 --prefix GOMC.bin.2555 --kingdom Bacteria --genus JADGDT01 --strain GOMC.bin.2555 --cpus 4 --force /tmp/tmp6gns85ah/GOMC.bin.2555.fa
[09:53:28] Appending to PATH: /home/joao_facio/miniconda3/envs/prokka/bin
[09:53:28] Looking for 'aragorn' - found /home/joao_facio/miniconda3/envs/prokka/bin/aragorn
[09:53:28] Determined aragorn version is 001002 from 'ARAGORN v1.2.41 Dean Laslett'
[09:53:28] Looking for 'barrnap' - found /home/joao_facio/miniconda3/envs/prokka/bin/barrnap
[09:53:28] Determined barrnap version is 000009 from 'barrnap 0.9'
[09:53:28] Looking for 'blastp' - found /home/joao_facio/miniconda3/envs/prokka/bin/blastp
[09:53:28] Determined blastp version is 002016 from 'blastp: 2.16.0+'
[09:53:28] Looking for 'cmpress' - found /home/joao_facio/miniconda3/envs/prokka/bin/cmpress
[09:53:28] Determined cmpress version is 001001 from '# INFERNAL 1.1.5 (Sep 2023)'
[09:53:28] Looking for 'cmscan' - found /home/joao_facio/miniconda3/envs/prokka/bin/cmscan
[09:53:28] Determined cmscan version is 001001 from '# INFERNAL 1.1.5 (Sep 2023)'
[09:53:28] Looking for 'egrep' - found /usr/bin/egrep
[09:53:28] Looking for 'find' - found /usr/bin/find
[09:53:28] Looking for 'grep' - found /usr/bin/grep
[09:53:28] Looking for 'hmmpress' - found /home/joao_facio/miniconda3/envs/prokka/bin/hmmpress
[09:53:28] Determined hmmpress version is 003004 from '# HMMER 3.4 (Aug 2023); http://hmmer.org/'
[09:53:28] Looking for 'hmmscan' - found /home/joao_facio/miniconda3/envs/prokka/bin/hmmscan
[09:53:28] Determined hmmscan version is 003004 from '# HMMER 3.4 (Aug 2023); http://hmmer.org/'
[09:53:28] Looking for 'java' - found /home/joao_facio/miniconda3/envs/prokka/bin/java
[09:53:28] Looking for 'makeblastdb' - found /home/joao_facio/miniconda3/envs/prokka/bin/makeblastdb
[09:53:28] Determined makeblastdb version is 002016 from 'makeblastdb: 2.16.0+'
[09:53:28] Looking for 'minced' - found /home/joao_facio/miniconda3/envs/prokka/bin/minced
[09:53:28] Determined minced version is 004002 from 'minced 0.4.2'
[09:53:28] Looking for 'parallel' - found /home/joao_facio/miniconda3/envs/prokka/bin/parallel
[09:53:28] Determined parallel version is 20251122 from 'GNU parallel 20251122'
[09:53:28] Looking for 'prodigal' - found /home/joao_facio/miniconda3/envs/prokka/bin/prodigal
[09:53:28] Determined prodigal version is 002006 from 'Prodigal V2.6.3: February, 2016'
[09:53:28] Looking for 'prokka-genbank_to_fasta_db' - found /home/joao_facio/miniconda3/envs/prokka/bin/prokka-genbank_to_fasta_db
[09:53:28] Looking for 'sed' - found /usr/bin/sed
[09:53:28] Looking for 'tbl2asn' - found /home/joao_facio/miniconda3/envs/prokka/bin/tbl2asn
[09:53:28] Determined tbl2asn version is 025007 from 'tbl2asn 25.7   arguments:'
[09:53:28] Using genetic code table 11.
[09:53:28] Loading and checking input file: /tmp/tmp6gns85ah/GOMC.bin.2555.fa
[09:53:28] Wrote 398 contigs totalling 2564569 bp.
[09:53:28] Predicting tRNAs and tmRNAs
[09:53:28] Running: aragorn -l -gc11  -w \.\.\/\.\.\/Data\/Chen_Analysis\/Prokka\/Bacteria\/GOMC\.bin\.2555\/GOMC\.bin\.2555\.fna
[09:53:28] 1 tmRNA [2178,2574] 96,125 GENNYALAA*
[09:53:28] 1 tRNA-Ser [6963,7050] 35 (gga)
[09:53:28] Found 2 tRNAs
[09:53:28] Predicting Ribosomal RNAs
[09:53:28] Running Barrnap with 4 threads
[09:53:29] Found 0 rRNAs
[09:53:29] Skipping ncRNA search, enable with --rfam if desired.
[09:53:29] Total of 1 tRNA + rRNA features
[09:53:29] Searching for CRISPR repeats
[09:53:29] CRISPR1 SRR6301447_k53_2630913_1 4075 with 4 spacers
[09:53:29] Found 1 CRISPRs
[09:53:29] Predicting coding sequences
[09:53:29] Contigs total 2564569 bp, so using single mode
[09:53:29] Running: prodigal -i \.\.\/\.\.\/Data\/Chen_Analysis\/Prokka\/Bacteria\/GOMC\.bin\.2555\/GOMC\.bin\.2555\.fna -c -m -g 11 -p single -f sco -q
[09:53:31] Excluding CDS which overlaps existing RNA (repeat_region) at SRR6301447_k53_2630913_1:4123..4239 on + strand
[09:53:31] Found 1940 CDS
[09:53:31] Connecting features back to sequences
[09:53:31] Not using genus-specific database. Try --usegenus to enable it.
[09:53:31] Annotating CDS, please be patient.
[09:53:31] Will use 4 CPUs for similarity searching.
[09:53:32] There are still 1940 unannotated CDS left (started with 1940)
[09:53:32] Will use blast to search against /home/joao_facio/miniconda3/envs/prokka/db/kingdom/Bacteria/IS with 4 CPUs
[09:53:32] Running: cat \.\.\/\.\.\/Data\/Chen_Analysis\/Prokka\/Bacteria\/GOMC\.bin\.2555\/GOMC\.bin\.2555\.IS\.tmp\.3421059\.faa | parallel --gnu --plain -j 4 --block 89604 --recstart '>' --pipe blastp -query - -db /home/joao_facio/miniconda3/envs/prokka/db/kingdom/Bacteria/IS -evalue 1e-30 -qcov_hsp_perc 90 -num_threads 1 -num_descriptions 1 -num_alignments 1 -seg no > \.\.\/\.\.\/Data\/Chen_Analysis\/Prokka\/Bacteria\/GOMC\.bin\.2555\/GOMC\.bin\.2555\.IS\.tmp\.3421059\.blast 2> /dev/null
[09:53:39] Deleting unwanted file: ../../Data/Chen_Analysis/Prokka/Bacteria/GOMC.bin.2555/GOMC.bin.2555.IS.tmp.3421059.faa
[09:53:39] Deleting unwanted file: ../../Data/Chen_Analysis/Prokka/Bacteria/GOMC.bin.2555/GOMC.bin.2555.IS.tmp.3421059.blast
[09:53:39] There are still 1939 unannotated CDS left (started with 1940)
[09:53:39] Will use blast to search against /home/joao_facio/miniconda3/envs/prokka/db/kingdom/Bacteria/AMR with 4 CPUs
[09:53:39] Running: cat \.\.\/\.\.\/Data\/Chen_Analysis\/Prokka\/Bacteria\/GOMC\.bin\.2555\/GOMC\.bin\.2555\.AMR\.tmp\.3421059\.faa | parallel --gnu --plain -j 4 --block 89588 --recstart '>' --pipe blastp -query - -db /home/joao_facio/miniconda3/envs/prokka/db/kingdom/Bacteria/AMR -evalue 1e-300 -qcov_hsp_perc 90 -num_threads 1 -num_descriptions 1 -num_alignments 1 -seg no > \.\.\/\.\.\/Data\/Chen_Analysis\/Prokka\/Bacteria\/GOMC\.bin\.2555\/GOMC\.bin\.2555\.AMR\.tmp\.3421059\.blast 2> /dev/null
[09:53:44] Deleting unwanted file: ../../Data/Chen_Analysis/Prokka/Bacteria/GOMC.bin.2555/GOMC.bin.2555.AMR.tmp.3421059.faa
[09:53:44] Deleting unwanted file: ../../Data/Chen_Analysis/Prokka/Bacteria/GOMC.bin.2555/GOMC.bin.2555.AMR.tmp.3421059.blast
[09:53:44] There are still 1939 unannotated CDS left (started with 1940)
[09:53:44] Will use blast to search against /home/joao_facio/miniconda3/envs/prokka/db/kingdom/Bacteria/sprot with 4 CPUs
[09:53:44] Running: cat \.\.\/\.\.\/Data\/Chen_Analysis\/Prokka\/Bacteria\/GOMC\.bin\.2555\/GOMC\.bin\.2555\.sprot\.tmp\.3421059\.faa | parallel --gnu --plain -j 4 --block 89588 --recstart '>' --pipe blastp -query - -db /home/joao_facio/miniconda3/envs/prokka/db/kingdom/Bacteria/sprot -evalue 1e-09 -qcov_hsp_perc 80 -num_threads 1 -num_descriptions 1 -num_alignments 1 -seg no > \.\.\/\.\.\/Data\/Chen_Analysis\/Prokka\/Bacteria\/GOMC\.bin\.2555\/GOMC\.bin\.2555\.sprot\.tmp\.3421059\.blast 2> /dev/null
[09:54:14] Modify product: Putative low molecular weight protein-tyrosine-phosphatase slr0328 => Putative low molecular weight protein-tyrosine-phosphatase
[09:54:14] Modify product: Uncharacterized metal-dependent hydrolase YjjV => putative metal-dependent hydrolase YjjV
[09:54:14] Modify product: Uncharacterized protein Rv2008c => putative protein
[09:54:14] Modify product: Bifunctional protein FolD => Bifunctional protein FolD protein
[09:54:14] Modify product: UPF0073 inner membrane protein YqfA => hypothetical protein
[09:54:14] Modify product: Probable dual-specificity RNA methyltransferase RlmN => putative dual-specificity RNA methyltransferase RlmN
[09:54:14] Modify product: UPF0758 protein CT0611 => hypothetical protein
[09:54:14] Modify product: UPF0056 inner membrane protein MarC => hypothetical protein
[09:54:14] Modify product: UPF0225 protein YchJ => hypothetical protein
[09:54:14] Modify product: Probable transcriptional regulatory protein HP_0162 => putative transcriptional regulatory protein
[09:54:14] Modify product: Uncharacterized protein YjbR => putative protein YjbR
[09:54:14] Modify product: UPF0353 protein Rv1481 => hypothetical protein
[09:54:14] Modify product: SusD-like protein BACOVA_02651 => SusD-like protein
[09:54:14] Modify product: Probable NADH oxidase => putative NADH oxidase
[09:54:14] Modify product: Carbon dioxide-concentrating mechanism protein CcmK homolog 2 => Carbon dioxide-concentrating mechanism protein CcmK 
[09:54:14] Modify product: Carbon dioxide-concentrating mechanism protein CcmK homolog 2 => Carbon dioxide-concentrating mechanism protein CcmK 
[09:54:14] Modify product: Uncharacterized protein HI_1163 => putative protein
[09:54:14] Modify product: Probable quorum-quenching lactonase YtnP => putative quorum-quenching lactonase YtnP
[09:54:14] Modify product: Probable methylmalonyl-CoA mutase small subunit => putative methylmalonyl-CoA mutase small subunit
[09:54:14] Modify product: Uncharacterized epimerase/dehydratase SA0511 => putative epimerase/dehydratase
[09:54:14] Modify product: Probable multidrug ABC transporter permease YbhR => putative multidrug ABC transporter permease YbhR
[09:54:14] Modify product: Probable multidrug ABC transporter permease YbhS => putative multidrug ABC transporter permease YbhS
[09:54:14] Modify product: Probable multidrug ABC transporter ATP-binding protein YbhF => putative multidrug ABC transporter ATP-binding protein YbhF
[09:54:14] Modify product: Probable multidrug ABC transporter ATP-binding protein YbhF => putative multidrug ABC transporter ATP-binding protein YbhF
[09:54:14] Modify product: UPF0073 inner membrane protein YqfA => hypothetical protein
[09:54:14] Modify product: UPF0053 protein HI_0107 => hypothetical protein
[09:54:14] Modify product: Probable bacterial non-heme ferritin => putative bacterial non-heme ferritin
[09:54:14] Modify product: Uncharacterized protein Rv2008c => putative protein
[09:54:14] Modify product: Putative zinc metalloprotease aq_1964 => Putative zinc metalloprotease
[09:54:14] Modify product: Uncharacterized protein YqeY => putative protein YqeY
[09:54:14] Modify product: Probable peptidoglycan glycosyltransferase FtsW => putative peptidoglycan glycosyltransferase FtsW
[09:54:14] Modify product: Uncharacterized protein YjiK => putative protein YjiK
[09:54:14] Modify product: Uncharacterized HIT-like protein Rv0759c => putative HIT-like protein
[09:54:14] Modify product: UPF0053 inner membrane protein YfjD => hypothetical protein
[09:54:14] Modify product: Uncharacterized protein M6_Spy0233 => putative protein
[09:54:14] Modify product: Uncharacterized protein YhaP => putative protein YhaP
[09:54:14] Modify product: Uncharacterized ABC transporter ATP-binding protein YknY => putative ABC transporter ATP-binding protein YknY
[09:54:14] Modify product: Uncharacterized ABC transporter ATP-binding protein YheS => putative ABC transporter ATP-binding protein YheS
[09:54:14] Modify product: Probable acetyl-CoA acyltransferase => putative acetyl-CoA acyltransferase
[09:54:14] Modify product: Putative esterase aq_1494 => Putative esterase
[09:54:14] Modify product: Putative universal stress protein SA1532 => Putative universal stress protein
[09:54:14] Modify product: Probable ribonucleotide transport ATP-binding protein mkl => putative ribonucleotide transport ATP-binding protein mkl
[09:54:14] Modify product: Uncharacterized protein YpjD => putative protein YpjD
[09:54:14] Modify product: UPF0102 protein RPA0323 => hypothetical protein
[09:54:14] Modify product: Uncharacterized zinc protease Rv2782c => putative zinc protease
[09:54:14] Modify product: Probable ATP-dependent transporter SufC => putative ATP-dependent transporter SufC
[09:54:14] Modify product: Uncharacterized protein YciO => putative protein YciO
[09:54:14] Modify product: Uncharacterized zinc protease Rv2782c => putative zinc protease
[09:54:14] Modify product: Probable membrane transporter protein YfcA => putative membrane transporter protein YfcA
[09:54:14] Modify product: UPF0056 inner membrane protein MarC => hypothetical protein
[09:54:14] Modify product: Probable multidrug resistance ABC transporter ATP-binding/permease protein YheI => putative multidrug resistance ABC transporter ATP-binding/permease protein YheI
[09:54:14] Modify product: Uncharacterized ABC transporter ATP-binding protein TM_0288 => putative ABC transporter ATP-binding protein
[09:54:14] Modify product: Glycogen operon protein GlgX homolog => Glycogen operon protein GlgX 
[09:54:14] Modify product: UPF0056 inner membrane protein YhgN => hypothetical protein
[09:54:14] Modify product: Probable chromosome-partitioning protein ParB => putative chromosome-partitioning protein ParB
[09:54:14] Modify product: Uncharacterized ABC transporter permease YknZ => putative ABC transporter permease YknZ
[09:54:14] Modify product: DNA-binding protein VF_0530 => DNA-binding protein
[09:54:14] Modify product: Uncharacterized protein YqeN => putative protein YqeN
[09:54:14] Modify product: Uncharacterized ABC transporter ATP-binding protein YheS => putative ABC transporter ATP-binding protein YheS
[09:54:14] Modify product: Putative multidrug export ATP-binding/permease protein SAV1866 => Putative multidrug export ATP-binding/permease protein
[09:54:14] Modify product: Uncharacterized protein Rv2008c => putative protein
[09:54:14] Modify product: Probable nicotinate-nucleotide adenylyltransferase => putative nicotinate-nucleotide adenylyltransferase
[09:54:14] Modify product: Probable iron-sulfur-binding oxidoreductase FadF => putative iron-sulfur-binding oxidoreductase FadF
[09:54:14] Modify product: Probable iron-sulfur-binding oxidoreductase FadF => putative iron-sulfur-binding oxidoreductase FadF
[09:54:14] Modify product: Uncharacterized protein Rv1507c => putative protein
[09:54:14] Modify product: Uncharacterized protein YcgM => putative protein YcgM
[09:54:14] Modify product: Uncharacterized metal-dependent hydrolase YcfH => putative metal-dependent hydrolase YcfH
[09:54:14] Modify product: Tellurite resistance protein TehA homolog => Tellurite resistance protein TehA 
[09:54:14] Modify product: Putative 2-hydroxyacid dehydrogenase HI_1556 => Putative 2-hydroxyacid dehydrogenase
[09:54:14] Modify product: Probable acyl-CoA dehydrogenase => putative acyl-CoA dehydrogenase
[09:54:14] Modify product: Uncharacterized ABC transporter ATP-binding protein YxlF => putative ABC transporter ATP-binding protein YxlF
[09:54:14] Modify product: Peptidoglycan-N-acetylglucosamine deacetylase BC_1960 => Peptidoglycan-N-acetylglucosamine deacetylase
[09:54:14] Modify product: Putative phosphatase HI_0003 => Putative phosphatase
[09:54:14] Modify product: Uncharacterized protein HI_0227 => putative protein
[09:54:14] Modify product: Probable multidrug ABC transporter permease YbhR => putative multidrug ABC transporter permease YbhR
[09:54:14] Modify product: UPF0194 membrane protein YbhG => hypothetical protein
[09:54:14] Modify product: Probable propionyl-CoA carboxylase beta chain 5 => putative propionyl-CoA carboxylase beta chain 5
[09:54:14] Modify product: Uncharacterized ABC transporter ATP-binding protein YbiT => putative ABC transporter ATP-binding protein YbiT
[09:54:14] Cleaned 78 /product names
[09:54:14] Deleting unwanted file: ../../Data/Chen_Analysis/Prokka/Bacteria/GOMC.bin.2555/GOMC.bin.2555.sprot.tmp.3421059.faa
[09:54:14] Deleting unwanted file: ../../Data/Chen_Analysis/Prokka/Bacteria/GOMC.bin.2555/GOMC.bin.2555.sprot.tmp.3421059.blast
[09:54:14] There are still 1131 unannotated CDS left (started with 1940)
[09:54:14] Will use hmmer3 to search against /home/joao_facio/miniconda3/envs/prokka/db/hmm/HAMAP.hmm with 4 CPUs
[09:54:14] Running: cat \.\.\/\.\.\/Data\/Chen_Analysis\/Prokka\/Bacteria\/GOMC\.bin\.2555\/GOMC\.bin\.2555\.HAMAP\.hmm\.tmp\.3421059\.faa | parallel --gnu --plain -j 4 --block 50736 --recstart '>' --pipe hmmscan --noali --notextw --acc -E 1e-09 --cpu 1 /home/joao_facio/miniconda3/envs/prokka/db/hmm/HAMAP.hmm /dev/stdin > \.\.\/\.\.\/Data\/Chen_Analysis\/Prokka\/Bacteria\/GOMC\.bin\.2555\/GOMC\.bin\.2555\.HAMAP\.hmm\.tmp\.3421059\.hmmer3 2> /dev/null
[09:54:23] Modify product: Uncharacterized Nudix hydrolase NudL => putative Nudix hydrolase NudL
[09:54:23] Cleaned 1 /product names
[09:54:23] Deleting unwanted file: ../../Data/Chen_Analysis/Prokka/Bacteria/GOMC.bin.2555/GOMC.bin.2555.HAMAP.hmm.tmp.3421059.faa
[09:54:23] Deleting unwanted file: ../../Data/Chen_Analysis/Prokka/Bacteria/GOMC.bin.2555/GOMC.bin.2555.HAMAP.hmm.tmp.3421059.hmmer3
[09:54:23] Labelling remaining 910 proteins as 'hypothetical protein'
[09:54:23] Possible /pseudo 'Ulvan-active sulfatase' at SRR6301447_k53_249499_1 position 1472
[09:54:23] Possible /pseudo 'Undecaprenyl-phosphate 4-deoxy-4-formamido-L-arabinose transferase' at SRR6301447_k53_289149_1 position 688
[09:54:23] Possible /pseudo 'Voltage-gated ClC-type chloride channel ClcB' at SRR6301447_k53_321415_1 position 4156
[09:54:23] Possible /pseudo 'putative multidrug ABC transporter ATP-binding protein YbhF' at SRR6301447_k53_350557_1 position 3361
[09:54:23] Possible /pseudo 'Tyrosine recombinase XerC' at SRR6301447_k53_628607_1 position 3844
[09:54:23] Possible /pseudo 'Long-chain-fatty-acid--CoA ligase FadD15' at SRR6301447_k53_1170799_1 position 2601
[09:54:23] Possible /pseudo 'UDP-glucose 4-epimerase' at SRR6301447_k53_1855933_1 position 4444
[09:54:23] Possible /pseudo 'Sensor histidine kinase RcsC' at SRR6301447_k53_2141291_1 position 3131
[09:54:23] Possible /pseudo 'Sensor histidine kinase RcsC' at SRR6301447_k53_2726970_1 position 7633
[09:54:23] Possible /pseudo 'Aspartate/alanine antiporter' at SRR6301447_k53_2822030_1 position 4045
[09:54:23] Found 792 unique /gene codes.
[09:54:23] Fixed 2 duplicate /gene - glgA_1 glgA_2
[09:54:23] Fixed 2 duplicate /gene - bepA_1 bepA_2
[09:54:23] Fixed 3 duplicate /gene - glgB_1 glgB_2 glgB_3
[09:54:23] Fixed 2 duplicate /gene - metH_1 metH_2
[09:54:23] Fixed 2 duplicate /gene - speG_1 speG_2
[09:54:23] Fixed 2 duplicate /gene - dinG_1 dinG_2
[09:54:23] Fixed 2 duplicate /gene - lpxD_1 lpxD_2
[09:54:23] Fixed 2 duplicate /gene - fadF_1 fadF_2
[09:54:23] Fixed 2 duplicate /gene - napA_1 napA_2
[09:54:23] Fixed 19 duplicate /gene - rcsC_1 rcsC_2 rcsC_3 rcsC_4 rcsC_5 rcsC_6 rcsC_7 rcsC_8 rcsC_9 rcsC_10 rcsC_11 rcsC_12 rcsC_13 rcsC_14 rcsC_15 rcsC_16 rcsC_17 rcsC_18 rcsC_19
[09:54:23] Fixed 2 duplicate /gene - tfdD_1 tfdD_2
[09:54:23] Fixed 5 duplicate /gene - resA_1 resA_2 resA_3 resA_4 resA_5
[09:54:23] Fixed 6 duplicate /gene - pal_1 pal_2 pal_3 pal_4 pal_5 pal_6
[09:54:23] Fixed 4 duplicate /gene - rsxB_1 rsxB_2 rsxB_3 rsxB_4
[09:54:23] Fixed 2 duplicate /gene - ybhR_1 ybhR_2
[09:54:23] Fixed 2 duplicate /gene - ptpA_1 ptpA_2
[09:54:23] Fixed 2 duplicate /gene - egtB_1 egtB_2
[09:54:23] Fixed 2 duplicate /gene - mnmE_1 mnmE_2
[09:54:23] Fixed 2 duplicate /gene - cobB_1 cobB_2
[09:54:23] Fixed 2 duplicate /gene - asnC_1 asnC_2
[09:54:23] Fixed 2 duplicate /gene - degA_1 degA_2
[09:54:23] Fixed 2 duplicate /gene - hisC_1 hisC_2
[09:54:23] Fixed 2 duplicate /gene - pta_1 pta_2
[09:54:23] Fixed 2 duplicate /gene - lysC_1 lysC_2
[09:54:23] Fixed 2 duplicate /gene - fucP_1 fucP_2
[09:54:23] Fixed 2 duplicate /gene - ptk_1 ptk_2
[09:54:23] Fixed 2 duplicate /gene - korA_1 korA_2
[09:54:23] Fixed 2 duplicate /gene - atpH_1 atpH_2
[09:54:23] Fixed 2 duplicate /gene - pyrR_1 pyrR_2
[09:54:23] Fixed 2 duplicate /gene - IMPDH_1 IMPDH_2
[09:54:23] Fixed 2 duplicate /gene - anr_1 anr_2
[09:54:23] Fixed 2 duplicate /gene - algU_1 algU_2
[09:54:23] Fixed 2 duplicate /gene - thrA_1 thrA_2
[09:54:23] Fixed 2 duplicate /gene - murG_1 murG_2
[09:54:23] Fixed 3 duplicate /gene - xerC_1 xerC_2 xerC_3
[09:54:23] Fixed 4 duplicate /gene - btuD_1 btuD_2 btuD_3 btuD_4
[09:54:23] Fixed 2 duplicate /gene - tadA_1 tadA_2
[09:54:23] Fixed 2 duplicate /gene - trmR_1 trmR_2
[09:54:23] Fixed 5 duplicate /gene - arnC_1 arnC_2 arnC_3 arnC_4 arnC_5
[09:54:23] Fixed 2 duplicate /gene - lptD_1 lptD_2
[09:54:23] Fixed 2 duplicate /gene - aspT_1 aspT_2
[09:54:23] Fixed 2 duplicate /gene - mutS_1 mutS_2
[09:54:23] Fixed 2 duplicate /gene - mtnN_1 mtnN_2
[09:54:23] Fixed 2 duplicate /gene - menH_1 menH_2
[09:54:23] Fixed 11 duplicate /gene - sasA_1 sasA_2 sasA_3 sasA_4 sasA_5 sasA_6 sasA_7 sasA_8 sasA_9 sasA_10 sasA_11
[09:54:23] Fixed 3 duplicate /gene - cpdA_1 cpdA_2 cpdA_3
[09:54:23] Fixed 2 duplicate /gene - dpp7_1 dpp7_2
[09:54:23] Fixed 2 duplicate /gene - glpE_1 glpE_2
[09:54:23] Fixed 2 duplicate /gene - trxA_1 trxA_2
[09:54:23] Fixed 2 duplicate /gene - gyrB_1 gyrB_2
[09:54:23] Fixed 2 duplicate /gene - hndC_1 hndC_2
[09:54:23] Fixed 2 duplicate /gene - rhlE_1 rhlE_2
[09:54:23] Fixed 2 duplicate /gene - recQ_1 recQ_2
[09:54:23] Fixed 2 duplicate /gene - mltD_1 mltD_2
[09:54:23] Fixed 2 duplicate /gene - fabH_1 fabH_2
[09:54:23] Fixed 2 duplicate /gene - rluD_1 rluD_2
[09:54:23] Fixed 2 duplicate /gene - rsmI_1 rsmI_2
[09:54:23] Fixed 2 duplicate /gene - ccsA_1 ccsA_2
[09:54:23] Fixed 4 duplicate /gene - mshA_1 mshA_2 mshA_3 mshA_4
[09:54:23] Fixed 2 duplicate /gene - pyrD_1 pyrD_2
[09:54:23] Fixed 2 duplicate /gene - macA_1 macA_2
[09:54:23] Fixed 2 duplicate /gene - phoP_1 phoP_2
[09:54:23] Fixed 2 duplicate /gene - fucA_1 fucA_2
[09:54:23] Fixed 2 duplicate /gene - ccmK2_1 ccmK2_2
[09:54:23] Fixed 2 duplicate /gene - tolQ_1 tolQ_2
[09:54:23] Fixed 2 duplicate /gene - nfuA_1 nfuA_2
[09:54:23] Fixed 9 duplicate /gene - btuB_1 btuB_2 btuB_3 btuB_4 btuB_5 btuB_6 btuB_7 btuB_8 btuB_9
[09:54:23] Fixed 2 duplicate /gene - norR_1 norR_2
[09:54:23] Fixed 2 duplicate /gene - murC_1 murC_2
[09:54:23] Fixed 2 duplicate /gene - dagK_1 dagK_2
[09:54:23] Fixed 2 duplicate /gene - rsxC_1 rsxC_2
[09:54:23] Fixed 3 duplicate /gene - COQ3_1 COQ3_2 COQ3_3
[09:54:23] Fixed 2 duplicate /gene - idi_1 idi_2
[09:54:23] Fixed 2 duplicate /gene - clcB_1 clcB_2
[09:54:23] Fixed 2 duplicate /gene - rbn_1 rbn_2
[09:54:23] Fixed 2 duplicate /gene - yheS_1 yheS_2
[09:54:23] Fixed 3 duplicate /gene - kdsA_1 kdsA_2 kdsA_3
[09:54:23] Fixed 2 duplicate /gene - sufS_1 sufS_2
[09:54:23] Fixed 2 duplicate /gene - glgE_1 glgE_2
[09:54:23] Fixed 2 duplicate /gene - ybhF_1 ybhF_2
[09:54:23] Fixed 2 duplicate /gene - leuA_1 leuA_2
[09:54:23] Fixed 2 duplicate /gene - prlC_1 prlC_2
[09:54:23] Fixed 2 duplicate /gene - ackA_1 ackA_2
[09:54:23] Fixed 3 duplicate /gene - tolB_1 tolB_2 tolB_3
[09:54:23] Fixed 2 duplicate /gene - ppc_1 ppc_2
[09:54:23] Fixed 2 duplicate /gene - aroK_1 aroK_2
[09:54:23] Fixed 2 duplicate /gene - wecA_1 wecA_2
[09:54:23] Fixed 2 duplicate /gene - dxs_1 dxs_2
[09:54:23] Fixed 2 duplicate /gene - uvrA_1 uvrA_2
[09:54:23] Fixed 2 duplicate /gene - trmH_1 trmH_2
[09:54:23] Fixed 3 duplicate /gene - ypdB_1 ypdB_2 ypdB_3
[09:54:23] Fixed 2 duplicate /gene - cspC_1 cspC_2
[09:54:23] Fixed 2 duplicate /gene - pccB_1 pccB_2
[09:54:23] Fixed 2 duplicate /gene - surA_1 surA_2
[09:54:23] Fixed 3 duplicate /gene - cheB_1 cheB_2 cheB_3
[09:54:23] Fixed 3 duplicate /gene - cpoB_1 cpoB_2 cpoB_3
[09:54:23] Fixed 96 colliding /gene names.
[09:54:23] Adding /locus_tag identifiers
[09:54:23] Assigned 1942 locus_tags to CDS and RNA features.
[09:54:23] Writing outputs to ../../Data/Chen_Analysis/Prokka/Bacteria/GOMC.bin.2555/
[09:54:23] Generating annotation statistics file
[09:54:23] Generating Genbank and Sequin files
[09:54:23] Running: tbl2asn -V b -a r10k -l paired-ends -M n -N 1 -y 'Annotated using prokka 1.14.6 from https://github.com/tseemann/prokka' -Z \.\.\/\.\.\/Data\/Chen_Analysis\/Prokka\/Bacteria\/GOMC\.bin\.2555\/GOMC\.bin\.2555\.err -i \.\.\/\.\.\/Data\/Chen_Analysis\/Prokka\/Bacteria\/GOMC\.bin\.2555\/GOMC\.bin\.2555\.fsa 2> /dev/null
[09:54:25] Deleting unwanted file: ../../Data/Chen_Analysis/Prokka/Bacteria/GOMC.bin.2555/errorsummary.val
[09:54:25] Deleting unwanted file: ../../Data/Chen_Analysis/Prokka/Bacteria/GOMC.bin.2555/GOMC.bin.2555.dr
[09:54:25] Deleting unwanted file: ../../Data/Chen_Analysis/Prokka/Bacteria/GOMC.bin.2555/GOMC.bin.2555.fixedproducts
[09:54:25] Deleting unwanted file: ../../Data/Chen_Analysis/Prokka/Bacteria/GOMC.bin.2555/GOMC.bin.2555.ecn
[09:54:25] Deleting unwanted file: ../../Data/Chen_Analysis/Prokka/Bacteria/GOMC.bin.2555/GOMC.bin.2555.val
[09:54:25] Repairing broken .GBK output that tbl2asn produces...
[09:54:25] Running: sed 's/COORDINATES: profile/COORDINATES:profile/' < \.\.\/\.\.\/Data\/Chen_Analysis\/Prokka\/Bacteria\/GOMC\.bin\.2555\/GOMC\.bin\.2555\.gbf > \.\.\/\.\.\/Data\/Chen_Analysis\/Prokka\/Bacteria\/GOMC\.bin\.2555\/GOMC\.bin\.2555\.gbk
[09:54:25] Deleting unwanted file: ../../Data/Chen_Analysis/Prokka/Bacteria/GOMC.bin.2555/GOMC.bin.2555.gbf
[09:54:25] Output files:
[09:54:25] ../../Data/Chen_Analysis/Prokka/Bacteria/GOMC.bin.2555/GOMC.bin.2555.gbk
[09:54:25] ../../Data/Chen_Analysis/Prokka/Bacteria/GOMC.bin.2555/GOMC.bin.2555.ffn
[09:54:25] ../../Data/Chen_Analysis/Prokka/Bacteria/GOMC.bin.2555/GOMC.bin.2555.faa
[09:54:25] ../../Data/Chen_Analysis/Prokka/Bacteria/GOMC.bin.2555/GOMC.bin.2555.txt
[09:54:25] ../../Data/Chen_Analysis/Prokka/Bacteria/GOMC.bin.2555/GOMC.bin.2555.log
[09:54:25] ../../Data/Chen_Analysis/Prokka/Bacteria/GOMC.bin.2555/GOMC.bin.2555.fna
[09:54:25] ../../Data/Chen_Analysis/Prokka/Bacteria/GOMC.bin.2555/GOMC.bin.2555.tbl
[09:54:25] ../../Data/Chen_Analysis/Prokka/Bacteria/GOMC.bin.2555/GOMC.bin.2555.fsa
[09:54:25] ../../Data/Chen_Analysis/Prokka/Bacteria/GOMC.bin.2555/GOMC.bin.2555.sqn
[09:54:25] ../../Data/Chen_Analysis/Prokka/Bacteria/GOMC.bin.2555/GOMC.bin.2555.tsv
[09:54:25] ../../Data/Chen_Analysis/Prokka/Bacteria/GOMC.bin.2555/GOMC.bin.2555.err
[09:54:25] ../../Data/Chen_Analysis/Prokka/Bacteria/GOMC.bin.2555/GOMC.bin.2555.gff
[09:54:25] Annotation finished successfully.
[09:54:25] Walltime used: 0.95 minutes
[09:54:25] If you use this result please cite the Prokka paper:
[09:54:25] Seemann T (2014) Prokka: rapid prokaryotic genome annotation. Bioinformatics. 30(14):2068-9.
[09:54:25] Type 'prokka --citation' for more details.
[09:54:25] Share and enjoy!
