[09:07:28] This is prokka 1.14.6
[09:07:28] Written by Torsten Seemann <torsten.seemann@gmail.com>
[09:07:28] Homepage is https://github.com/tseemann/prokka
[09:07:28] Local time is Mon Dec  1 09:07:28 2025
[09:07:28] You are joao_facio
[09:07:28] Operating system is linux
[09:07:28] You have BioPerl 1.7.8
[09:07:28] System has 12 cores.
[09:07:28] Will use maximum of 4 cores.
[09:07:28] Annotating as >>> Bacteria <<<
[09:07:28] Generating locus_tag from '/tmp/tmp6gns85ah/GOMC.bin.4005.fa' contents.
[09:07:28] Setting --locustag LMACJMEB from MD5 56ac36eb212eae78216d3a9dd58d445d
[09:07:28] Creating new output folder: ../../Data/Chen_Analysis/Prokka/Bacteria/GOMC.bin.4005
[09:07:28] Running: mkdir -p \.\.\/\.\.\/Data\/Chen_Analysis\/Prokka\/Bacteria\/GOMC\.bin\.4005
[09:07:28] Using filename prefix: GOMC.bin.4005.XXX
[09:07:28] Setting HMMER_NCPU=1
[09:07:28] Writing log to: ../../Data/Chen_Analysis/Prokka/Bacteria/GOMC.bin.4005/GOMC.bin.4005.log
[09:07:28] Command: /home/joao_facio/miniconda3/envs/prokka/bin/prokka --outdir ../../Data/Chen_Analysis/Prokka/Bacteria/GOMC.bin.4005 --prefix GOMC.bin.4005 --kingdom Bacteria --genus Thermodesulfatator_A --strain GOMC.bin.4005 --cpus 4 --force /tmp/tmp6gns85ah/GOMC.bin.4005.fa
[09:07:28] Appending to PATH: /home/joao_facio/miniconda3/envs/prokka/bin
[09:07:28] Looking for 'aragorn' - found /home/joao_facio/miniconda3/envs/prokka/bin/aragorn
[09:07:28] Determined aragorn version is 001002 from 'ARAGORN v1.2.41 Dean Laslett'
[09:07:28] Looking for 'barrnap' - found /home/joao_facio/miniconda3/envs/prokka/bin/barrnap
[09:07:28] Determined barrnap version is 000009 from 'barrnap 0.9'
[09:07:28] Looking for 'blastp' - found /home/joao_facio/miniconda3/envs/prokka/bin/blastp
[09:07:28] Determined blastp version is 002016 from 'blastp: 2.16.0+'
[09:07:28] Looking for 'cmpress' - found /home/joao_facio/miniconda3/envs/prokka/bin/cmpress
[09:07:28] Determined cmpress version is 001001 from '# INFERNAL 1.1.5 (Sep 2023)'
[09:07:28] Looking for 'cmscan' - found /home/joao_facio/miniconda3/envs/prokka/bin/cmscan
[09:07:28] Determined cmscan version is 001001 from '# INFERNAL 1.1.5 (Sep 2023)'
[09:07:28] Looking for 'egrep' - found /usr/bin/egrep
[09:07:28] Looking for 'find' - found /usr/bin/find
[09:07:28] Looking for 'grep' - found /usr/bin/grep
[09:07:28] Looking for 'hmmpress' - found /home/joao_facio/miniconda3/envs/prokka/bin/hmmpress
[09:07:28] Determined hmmpress version is 003004 from '# HMMER 3.4 (Aug 2023); http://hmmer.org/'
[09:07:28] Looking for 'hmmscan' - found /home/joao_facio/miniconda3/envs/prokka/bin/hmmscan
[09:07:28] Determined hmmscan version is 003004 from '# HMMER 3.4 (Aug 2023); http://hmmer.org/'
[09:07:28] Looking for 'java' - found /home/joao_facio/miniconda3/envs/prokka/bin/java
[09:07:28] Looking for 'makeblastdb' - found /home/joao_facio/miniconda3/envs/prokka/bin/makeblastdb
[09:07:28] Determined makeblastdb version is 002016 from 'makeblastdb: 2.16.0+'
[09:07:28] Looking for 'minced' - found /home/joao_facio/miniconda3/envs/prokka/bin/minced
[09:07:28] Determined minced version is 004002 from 'minced 0.4.2'
[09:07:28] Looking for 'parallel' - found /home/joao_facio/miniconda3/envs/prokka/bin/parallel
[09:07:28] Determined parallel version is 20251122 from 'GNU parallel 20251122'
[09:07:28] Looking for 'prodigal' - found /home/joao_facio/miniconda3/envs/prokka/bin/prodigal
[09:07:28] Determined prodigal version is 002006 from 'Prodigal V2.6.3: February, 2016'
[09:07:28] Looking for 'prokka-genbank_to_fasta_db' - found /home/joao_facio/miniconda3/envs/prokka/bin/prokka-genbank_to_fasta_db
[09:07:28] Looking for 'sed' - found /usr/bin/sed
[09:07:28] Looking for 'tbl2asn' - found /home/joao_facio/miniconda3/envs/prokka/bin/tbl2asn
[09:07:28] Determined tbl2asn version is 025007 from 'tbl2asn 25.7   arguments:'
[09:07:28] Using genetic code table 11.
[09:07:28] Loading and checking input file: /tmp/tmp6gns85ah/GOMC.bin.4005.fa
[09:07:28] Wrote 304 contigs totalling 1474080 bp.
[09:07:28] Predicting tRNAs and tmRNAs
[09:07:28] Running: aragorn -l -gc11  -w \.\.\/\.\.\/Data\/Chen_Analysis\/Prokka\/Bacteria\/GOMC\.bin\.4005\/GOMC\.bin\.4005\.fna
[09:07:28] 1 tRNA-Leu c[31,127] 40 (cag)
[09:07:28] 1 tRNA-Ser [-1,92] 35 (gct)
[09:07:28] 1 tRNA-Gln [3652,3726] 34 (ttg)
[09:07:28] 1 tRNA-Leu [60,146] 35 (cag)
[09:07:28] Found 4 tRNAs
[09:07:28] Predicting Ribosomal RNAs
[09:07:28] Running Barrnap with 4 threads
[09:07:29] Found 0 rRNAs
[09:07:29] Skipping ncRNA search, enable with --rfam if desired.
[09:07:29] Total of 4 tRNA + rRNA features
[09:07:29] Searching for CRISPR repeats
[09:07:29] Found 0 CRISPRs
[09:07:29] Predicting coding sequences
[09:07:29] Contigs total 1474080 bp, so using single mode
[09:07:29] Running: prodigal -i \.\.\/\.\.\/Data\/Chen_Analysis\/Prokka\/Bacteria\/GOMC\.bin\.4005\/GOMC\.bin\.4005\.fna -c -m -g 11 -p single -f sco -q
[09:07:30] Found 1425 CDS
[09:07:30] Connecting features back to sequences
[09:07:30] Not using genus-specific database. Try --usegenus to enable it.
[09:07:30] Annotating CDS, please be patient.
[09:07:30] Will use 4 CPUs for similarity searching.
[09:07:30] There are still 1425 unannotated CDS left (started with 1425)
[09:07:30] Will use blast to search against /home/joao_facio/miniconda3/envs/prokka/db/kingdom/Bacteria/IS with 4 CPUs
[09:07:30] Running: cat \.\.\/\.\.\/Data\/Chen_Analysis\/Prokka\/Bacteria\/GOMC\.bin\.4005\/GOMC\.bin\.4005\.IS\.tmp\.3333593\.faa | parallel --gnu --plain -j 4 --block 53572 --recstart '>' --pipe blastp -query - -db /home/joao_facio/miniconda3/envs/prokka/db/kingdom/Bacteria/IS -evalue 1e-30 -qcov_hsp_perc 90 -num_threads 1 -num_descriptions 1 -num_alignments 1 -seg no > \.\.\/\.\.\/Data\/Chen_Analysis\/Prokka\/Bacteria\/GOMC\.bin\.4005\/GOMC\.bin\.4005\.IS\.tmp\.3333593\.blast 2> /dev/null
[09:07:34] Deleting unwanted file: ../../Data/Chen_Analysis/Prokka/Bacteria/GOMC.bin.4005/GOMC.bin.4005.IS.tmp.3333593.faa
[09:07:34] Deleting unwanted file: ../../Data/Chen_Analysis/Prokka/Bacteria/GOMC.bin.4005/GOMC.bin.4005.IS.tmp.3333593.blast
[09:07:34] There are still 1425 unannotated CDS left (started with 1425)
[09:07:34] Will use blast to search against /home/joao_facio/miniconda3/envs/prokka/db/kingdom/Bacteria/AMR with 4 CPUs
[09:07:34] Running: cat \.\.\/\.\.\/Data\/Chen_Analysis\/Prokka\/Bacteria\/GOMC\.bin\.4005\/GOMC\.bin\.4005\.AMR\.tmp\.3333593\.faa | parallel --gnu --plain -j 4 --block 53572 --recstart '>' --pipe blastp -query - -db /home/joao_facio/miniconda3/envs/prokka/db/kingdom/Bacteria/AMR -evalue 1e-300 -qcov_hsp_perc 90 -num_threads 1 -num_descriptions 1 -num_alignments 1 -seg no > \.\.\/\.\.\/Data\/Chen_Analysis\/Prokka\/Bacteria\/GOMC\.bin\.4005\/GOMC\.bin\.4005\.AMR\.tmp\.3333593\.blast 2> /dev/null
[09:07:38] Deleting unwanted file: ../../Data/Chen_Analysis/Prokka/Bacteria/GOMC.bin.4005/GOMC.bin.4005.AMR.tmp.3333593.faa
[09:07:38] Deleting unwanted file: ../../Data/Chen_Analysis/Prokka/Bacteria/GOMC.bin.4005/GOMC.bin.4005.AMR.tmp.3333593.blast
[09:07:38] There are still 1425 unannotated CDS left (started with 1425)
[09:07:38] Will use blast to search against /home/joao_facio/miniconda3/envs/prokka/db/kingdom/Bacteria/sprot with 4 CPUs
[09:07:38] Running: cat \.\.\/\.\.\/Data\/Chen_Analysis\/Prokka\/Bacteria\/GOMC\.bin\.4005\/GOMC\.bin\.4005\.sprot\.tmp\.3333593\.faa | parallel --gnu --plain -j 4 --block 53572 --recstart '>' --pipe blastp -query - -db /home/joao_facio/miniconda3/envs/prokka/db/kingdom/Bacteria/sprot -evalue 1e-09 -qcov_hsp_perc 80 -num_threads 1 -num_descriptions 1 -num_alignments 1 -seg no > \.\.\/\.\.\/Data\/Chen_Analysis\/Prokka\/Bacteria\/GOMC\.bin\.4005\/GOMC\.bin\.4005\.sprot\.tmp\.3333593\.blast 2> /dev/null
[09:07:56] Modify product: Uncharacterized protein Rv1829 => putative protein
[09:07:56] Modify product: Probable UbiX-like flavin prenyltransferase => putative UbiX-like flavin prenyltransferase
[09:07:56] Modify product: Putative phosphoribosyl transferase Rv0571c => Putative phosphoribosyl transferase
[09:07:56] Modify product: UPF0051 protein SA0778 => hypothetical protein
[09:07:56] Modify product: Probable hydrolase YcaC => putative hydrolase YcaC
[09:07:56] Modify product: UPF0166 protein TM_0021 => hypothetical protein
[09:07:56] Modify product: UPF0053 protein Rv2366c => hypothetical protein
[09:07:56] Modify product: Probable ATP synthase YscN => putative ATP synthase YscN
[09:07:56] Modify product: Uncharacterized protein Rv2003c => putative protein
[09:07:56] Modify product: UPF0053 protein HI_0107 => hypothetical protein
[09:07:56] Modify product: Probable M18 family aminopeptidase 1 => putative M18 family aminopeptidase 1
[09:07:56] Modify product: UPF0098 protein YbhB => hypothetical protein
[09:07:56] Modify product: UPF0102 protein RPA0323 => hypothetical protein
[09:07:56] Modify product: Uncharacterized protein TM_1570 => putative protein
[09:07:56] Modify product: Probable branched-chain-amino-acid aminotransferase => putative branched-chain-amino-acid aminotransferase
[09:07:56] Modify product: UPF0056 inner membrane protein YhgN => hypothetical protein
[09:07:56] Modify product: Uncharacterized protein Rv0906 => putative protein
[09:07:56] Modify product: Response regulator receiver protein Anae109_2439 => Response regulator receiver protein
[09:07:56] Modify product: UPF0173 metal-dependent hydrolase TM_1162 => hypothetical protein
[09:07:56] Modify product: Segregation and condensation protein B homolog => Segregation and condensation protein B 
[09:07:56] Modify product: Probable thiol:disulfide interchange protein DsbC => putative thiol:disulfide interchange protein DsbC
[09:07:56] Modify product: Putative multidrug export ATP-binding/permease protein SAV1866 => Putative multidrug export ATP-binding/permease protein
[09:07:56] Modify product: GTP cyclohydrolase 1 type 2 homolog => GTP cyclohydrolase 1 type 2 
[09:07:56] Modify product: Ribonuclease TTHA0252 => Ribonuclease
[09:07:56] Modify product: Chemotaxis protein CheY homolog => Chemotaxis protein CheY 
[09:07:56] Modify product: Probable peptidoglycan glycosyltransferase FtsW => putative peptidoglycan glycosyltransferase FtsW
[09:07:56] Modify product: Probable transcriptional regulatory protein aq_1575 => putative transcriptional regulatory protein
[09:07:56] Modify product: Aminopeptidase HP_1037 => Aminopeptidase
[09:07:56] Modify product: Probable ribonucleotide transport ATP-binding protein mkl => putative ribonucleotide transport ATP-binding protein mkl
[09:07:56] Modify product: Nucleoid-associated protein Cthe_2143 => Nucleoid-associated protein
[09:07:56] Modify product: Bifunctional protein FolD => Bifunctional protein FolD protein
[09:07:56] Modify product: Uncharacterized protein YedJ => putative protein YedJ
[09:07:56] Modify product: Uncharacterized protein Rv2004c => putative protein
[09:07:56] Modify product: Uncharacterized protein HI_1552 => putative protein
[09:07:56] Modify product: Epimerase family protein SA0724 => Epimerase family protein
[09:07:56] Modify product: Probable thiol:disulfide interchange protein DsbC => putative thiol:disulfide interchange protein DsbC
[09:07:56] Modify product: Uncharacterized protein Rv1339 => putative protein
[09:07:56] Modify product: Uncharacterized FAD-linked oxidoreductase Rv2280 => putative FAD-linked oxidoreductase
[09:07:56] Modify product: Probable iron export permease protein FetB => putative iron export permease protein FetB
[09:07:56] Modify product: Probable iron export ATP-binding protein FetA => putative iron export ATP-binding protein FetA
[09:07:56] Modify product: Probable GTP-binding protein EngB => putative GTP-binding protein EngB
[09:07:56] Modify product: UPF0053 inner membrane protein YgdQ => hypothetical protein
[09:07:56] Modify product: UPF0182 protein MSMEG_1959/MSMEI_1915 => hypothetical protein
[09:07:56] Modify product: Probable aspartate aminotransferase => putative aspartate aminotransferase
[09:07:56] Modify product: UPF0056 inner membrane protein MarC => hypothetical protein
[09:07:56] Modify product: UPF0758 protein => hypothetical protein
[09:07:56] Modify product: Putative multidrug export ATP-binding/permease protein SAV1866 => Putative multidrug export ATP-binding/permease protein
[09:07:56] Modify product: Uncharacterized peptidase SA1530 => putative peptidase
[09:07:56] Modify product: Uncharacterized PIN and TRAM-domain containing protein YacL => putative PIN and TRAM-domain containing protein YacL
[09:07:56] Modify product: Probable 2-phosphosulfolactate phosphatase => putative 2-phosphosulfolactate phosphatase
[09:07:56] Modify product: Putative HTH-type transcriptional regulator Rv1287 => Putative HTH-type transcriptional regulator
[09:07:56] Cleaned 51 /product names
[09:07:56] Deleting unwanted file: ../../Data/Chen_Analysis/Prokka/Bacteria/GOMC.bin.4005/GOMC.bin.4005.sprot.tmp.3333593.faa
[09:07:56] Deleting unwanted file: ../../Data/Chen_Analysis/Prokka/Bacteria/GOMC.bin.4005/GOMC.bin.4005.sprot.tmp.3333593.blast
[09:07:56] There are still 693 unannotated CDS left (started with 1425)
[09:07:56] Will use hmmer3 to search against /home/joao_facio/miniconda3/envs/prokka/db/hmm/HAMAP.hmm with 4 CPUs
[09:07:56] Running: cat \.\.\/\.\.\/Data\/Chen_Analysis\/Prokka\/Bacteria\/GOMC\.bin\.4005\/GOMC\.bin\.4005\.HAMAP\.hmm\.tmp\.3333593\.faa | parallel --gnu --plain -j 4 --block 24039 --recstart '>' --pipe hmmscan --noali --notextw --acc -E 1e-09 --cpu 1 /home/joao_facio/miniconda3/envs/prokka/db/hmm/HAMAP.hmm /dev/stdin > \.\.\/\.\.\/Data\/Chen_Analysis\/Prokka\/Bacteria\/GOMC\.bin\.4005\/GOMC\.bin\.4005\.HAMAP\.hmm\.tmp\.3333593\.hmmer3 2> /dev/null
[09:08:01] Deleting unwanted file: ../../Data/Chen_Analysis/Prokka/Bacteria/GOMC.bin.4005/GOMC.bin.4005.HAMAP.hmm.tmp.3333593.faa
[09:08:01] Deleting unwanted file: ../../Data/Chen_Analysis/Prokka/Bacteria/GOMC.bin.4005/GOMC.bin.4005.HAMAP.hmm.tmp.3333593.hmmer3
[09:08:01] Labelling remaining 542 proteins as 'hypothetical protein'
[09:08:01] Possible /pseudo 'Regulator of RpoS' at SRR8439172_k53_130274_1 position 6233
[09:08:01] Possible /pseudo 'Voltage-gated ClC-type chloride channel ClcB' at SRR8439172_k53_333374_1 position 1819
[09:08:01] Possible /pseudo 'Bifunctional PGK/TIM' at SRR8439172_k53_390043_1 position 4959
[09:08:01] Possible /pseudo 'putative protein' at SRR8439172_k53_583726_1 position 1770
[09:08:01] Possible /pseudo 'Twitching mobility protein' at SRR8439172_k53_1074406_1 position 1198
[09:08:01] Possible /pseudo 'Selenocysteine-containing peroxiredoxin PrxU' at SRR8439172_k53_1716262_1 position 4559
[09:08:01] Found 728 unique /gene codes.
[09:08:01] Fixed 2 duplicate /gene - cbiA_1 cbiA_2
[09:08:01] Fixed 2 duplicate /gene - ruvB_1 ruvB_2
[09:08:01] Fixed 2 duplicate /gene - pilT_1 pilT_2
[09:08:01] Fixed 2 duplicate /gene - epsF_1 epsF_2
[09:08:01] Fixed 3 duplicate /gene - mshA_1 mshA_2 mshA_3
[09:08:01] Fixed 2 duplicate /gene - carD_1 carD_2
[09:08:01] Fixed 2 duplicate /gene - ylxH_1 ylxH_2
[09:08:01] Fixed 3 duplicate /gene - bepA_1 bepA_2 bepA_3
[09:08:01] Fixed 2 duplicate /gene - atpG_1 atpG_2
[09:08:01] Fixed 2 duplicate /gene - rny_1 rny_2
[09:08:01] Fixed 2 duplicate /gene - napA_1 napA_2
[09:08:01] Fixed 2 duplicate /gene - glmU_1 glmU_2
[09:08:01] Fixed 2 duplicate /gene - wbgU_1 wbgU_2
[09:08:01] Fixed 2 duplicate /gene - ymdB_1 ymdB_2
[09:08:01] Fixed 2 duplicate /gene - glnB_1 glnB_2
[09:08:01] Fixed 2 duplicate /gene - tolQ_1 tolQ_2
[09:08:01] Fixed 2 duplicate /gene - IMPDH_1 IMPDH_2
[09:08:01] Fixed 2 duplicate /gene - purH_1 purH_2
[09:08:01] Fixed 2 duplicate /gene - uvrA_1 uvrA_2
[09:08:01] Fixed 8 duplicate /gene - sasA_1 sasA_2 sasA_3 sasA_4 sasA_5 sasA_6 sasA_7 sasA_8
[09:08:01] Fixed 2 duplicate /gene - trxB_1 trxB_2
[09:08:01] Fixed 8 duplicate /gene - rcsC_1 rcsC_2 rcsC_3 rcsC_4 rcsC_5 rcsC_6 rcsC_7 rcsC_8
[09:08:01] Fixed 2 duplicate /gene - dksA_1 dksA_2
[09:08:01] Fixed 3 duplicate /gene - COQ5_1 COQ5_2 COQ5_3
[09:08:01] Fixed 2 duplicate /gene - ftsA_1 ftsA_2
[09:08:01] Fixed 2 duplicate /gene - prxU_1 prxU_2
[09:08:01] Fixed 3 duplicate /gene - xerD_1 xerD_2 xerD_3
[09:08:01] Fixed 3 duplicate /gene - zraR_1 zraR_2 zraR_3
[09:08:01] Fixed 2 duplicate /gene - livF_1 livF_2
[09:08:01] Fixed 2 duplicate /gene - pgk/tpi_1 pgk/tpi_2
[09:08:01] Fixed 2 duplicate /gene - atpH_1 atpH_2
[09:08:01] Fixed 3 duplicate /gene - tatC_1 tatC_2 tatC_3
[09:08:01] Fixed 2 duplicate /gene - cmpR_1 cmpR_2
[09:08:01] Fixed 2 duplicate /gene - yfiC_1 yfiC_2
[09:08:01] Fixed 5 duplicate /gene - dnaJ_1 dnaJ_2 dnaJ_3 dnaJ_4 dnaJ_5
[09:08:01] Fixed 2 duplicate /gene - flhB_1 flhB_2
[09:08:01] Fixed 2 duplicate /gene - rsmG_1 rsmG_2
[09:08:01] Fixed 2 duplicate /gene - pleD_1 pleD_2
[09:08:01] Fixed 2 duplicate /gene - dsbC_1 dsbC_2
[09:08:01] Fixed 2 duplicate /gene - kefC_1 kefC_2
[09:08:01] Fixed 3 duplicate /gene - lptB_1 lptB_2 lptB_3
[09:08:01] Fixed 2 duplicate /gene - cheY_1 cheY_2
[09:08:01] Fixed 2 duplicate /gene - cysG_1 cysG_2
[09:08:01] Fixed 2 duplicate /gene - acpP_1 acpP_2
[09:08:01] Fixed 2 duplicate /gene - rnr_1 rnr_2
[09:08:01] Fixed 6 duplicate /gene - moaA_1 moaA_2 moaA_3 moaA_4 moaA_5 moaA_6
[09:08:01] Fixed 6 duplicate /gene - atoC_1 atoC_2 atoC_3 atoC_4 atoC_5 atoC_6
[09:08:01] Fixed 3 duplicate /gene - rssB_1 rssB_2 rssB_3
[09:08:01] Fixed 2 duplicate /gene - rpoD_1 rpoD_2
[09:08:01] Fixed 2 duplicate /gene - dxs_1 dxs_2
[09:08:01] Fixed 4 duplicate /gene - rsxB_1 rsxB_2 rsxB_3 rsxB_4
[09:08:01] Fixed 2 duplicate /gene - moeA_1 moeA_2
[09:08:01] Fixed 2 duplicate /gene - glgC_1 glgC_2
[09:08:01] Fixed 2 duplicate /gene - tatA_1 tatA_2
[09:08:01] Fixed 3 duplicate /gene - fusA_1 fusA_2 fusA_3
[09:08:01] Fixed 2 duplicate /gene - ccsA_1 ccsA_2
[09:08:01] Fixed 2 duplicate /gene - nasD_1 nasD_2
[09:08:01] Fixed 2 duplicate /gene - aspC_1 aspC_2
[09:08:01] Fixed 2 duplicate /gene - livH_1 livH_2
[09:08:01] Fixed 2 duplicate /gene - aroF_1 aroF_2
[09:08:01] Fixed 2 duplicate /gene - hisB_1 hisB_2
[09:08:01] Fixed 2 duplicate /gene - clpX_1 clpX_2
[09:08:01] Fixed 2 duplicate /gene - trpB_1 trpB_2
[09:08:01] Fixed 2 duplicate /gene - bioF_1 bioF_2
[09:08:01] Fixed 2 duplicate /gene - clcB_1 clcB_2
[09:08:01] Fixed 65 colliding /gene names.
[09:08:01] Adding /locus_tag identifiers
[09:08:01] Assigned 1429 locus_tags to CDS and RNA features.
[09:08:01] Writing outputs to ../../Data/Chen_Analysis/Prokka/Bacteria/GOMC.bin.4005/
[09:08:01] Generating annotation statistics file
[09:08:01] Generating Genbank and Sequin files
[09:08:01] Running: tbl2asn -V b -a r10k -l paired-ends -M n -N 1 -y 'Annotated using prokka 1.14.6 from https://github.com/tseemann/prokka' -Z \.\.\/\.\.\/Data\/Chen_Analysis\/Prokka\/Bacteria\/GOMC\.bin\.4005\/GOMC\.bin\.4005\.err -i \.\.\/\.\.\/Data\/Chen_Analysis\/Prokka\/Bacteria\/GOMC\.bin\.4005\/GOMC\.bin\.4005\.fsa 2> /dev/null
[09:08:03] Deleting unwanted file: ../../Data/Chen_Analysis/Prokka/Bacteria/GOMC.bin.4005/errorsummary.val
[09:08:03] Deleting unwanted file: ../../Data/Chen_Analysis/Prokka/Bacteria/GOMC.bin.4005/GOMC.bin.4005.dr
[09:08:03] Deleting unwanted file: ../../Data/Chen_Analysis/Prokka/Bacteria/GOMC.bin.4005/GOMC.bin.4005.fixedproducts
[09:08:03] Deleting unwanted file: ../../Data/Chen_Analysis/Prokka/Bacteria/GOMC.bin.4005/GOMC.bin.4005.ecn
[09:08:03] Deleting unwanted file: ../../Data/Chen_Analysis/Prokka/Bacteria/GOMC.bin.4005/GOMC.bin.4005.val
[09:08:03] Repairing broken .GBK output that tbl2asn produces...
[09:08:03] Running: sed 's/COORDINATES: profile/COORDINATES:profile/' < \.\.\/\.\.\/Data\/Chen_Analysis\/Prokka\/Bacteria\/GOMC\.bin\.4005\/GOMC\.bin\.4005\.gbf > \.\.\/\.\.\/Data\/Chen_Analysis\/Prokka\/Bacteria\/GOMC\.bin\.4005\/GOMC\.bin\.4005\.gbk
[09:08:03] Deleting unwanted file: ../../Data/Chen_Analysis/Prokka/Bacteria/GOMC.bin.4005/GOMC.bin.4005.gbf
[09:08:03] Output files:
[09:08:03] ../../Data/Chen_Analysis/Prokka/Bacteria/GOMC.bin.4005/GOMC.bin.4005.err
[09:08:03] ../../Data/Chen_Analysis/Prokka/Bacteria/GOMC.bin.4005/GOMC.bin.4005.gbk
[09:08:03] ../../Data/Chen_Analysis/Prokka/Bacteria/GOMC.bin.4005/GOMC.bin.4005.gff
[09:08:03] ../../Data/Chen_Analysis/Prokka/Bacteria/GOMC.bin.4005/GOMC.bin.4005.log
[09:08:03] ../../Data/Chen_Analysis/Prokka/Bacteria/GOMC.bin.4005/GOMC.bin.4005.tsv
[09:08:03] ../../Data/Chen_Analysis/Prokka/Bacteria/GOMC.bin.4005/GOMC.bin.4005.txt
[09:08:03] ../../Data/Chen_Analysis/Prokka/Bacteria/GOMC.bin.4005/GOMC.bin.4005.tbl
[09:08:03] ../../Data/Chen_Analysis/Prokka/Bacteria/GOMC.bin.4005/GOMC.bin.4005.sqn
[09:08:03] ../../Data/Chen_Analysis/Prokka/Bacteria/GOMC.bin.4005/GOMC.bin.4005.faa
[09:08:03] ../../Data/Chen_Analysis/Prokka/Bacteria/GOMC.bin.4005/GOMC.bin.4005.fna
[09:08:03] ../../Data/Chen_Analysis/Prokka/Bacteria/GOMC.bin.4005/GOMC.bin.4005.ffn
[09:08:03] ../../Data/Chen_Analysis/Prokka/Bacteria/GOMC.bin.4005/GOMC.bin.4005.fsa
[09:08:03] Annotation finished successfully.
[09:08:03] Walltime used: 0.58 minutes
[09:08:03] If you use this result please cite the Prokka paper:
[09:08:03] Seemann T (2014) Prokka: rapid prokaryotic genome annotation. Bioinformatics. 30(14):2068-9.
[09:08:03] Type 'prokka --citation' for more details.
[09:08:03] Share and enjoy!
