[07:36:39] This is prokka 1.14.6
[07:36:39] Written by Torsten Seemann <torsten.seemann@gmail.com>
[07:36:39] Homepage is https://github.com/tseemann/prokka
[07:36:39] Local time is Mon Dec  1 07:36:39 2025
[07:36:39] You are joao_facio
[07:36:39] Operating system is linux
[07:36:39] You have BioPerl 1.7.8
[07:36:39] System has 12 cores.
[07:36:39] Will use maximum of 4 cores.
[07:36:39] Annotating as >>> Bacteria <<<
[07:36:39] Generating locus_tag from '/tmp/tmp6gns85ah/GOMC.bin.14398.fa' contents.
[07:36:39] Setting --locustag MDLAIBDI from MD5 6d5a2bd27ff3e6c80a26175e62d903c9
[07:36:39] Creating new output folder: ../../Data/Chen_Analysis/Prokka/Bacteria/GOMC.bin.14398
[07:36:39] Running: mkdir -p \.\.\/\.\.\/Data\/Chen_Analysis\/Prokka\/Bacteria\/GOMC\.bin\.14398
[07:36:39] Using filename prefix: GOMC.bin.14398.XXX
[07:36:39] Setting HMMER_NCPU=1
[07:36:39] Writing log to: ../../Data/Chen_Analysis/Prokka/Bacteria/GOMC.bin.14398/GOMC.bin.14398.log
[07:36:39] Command: /home/joao_facio/miniconda3/envs/prokka/bin/prokka --outdir ../../Data/Chen_Analysis/Prokka/Bacteria/GOMC.bin.14398 --prefix GOMC.bin.14398 --kingdom Bacteria --genus BS150m-G50 --strain GOMC.bin.14398 --cpus 4 --force /tmp/tmp6gns85ah/GOMC.bin.14398.fa
[07:36:39] Appending to PATH: /home/joao_facio/miniconda3/envs/prokka/bin
[07:36:39] Looking for 'aragorn' - found /home/joao_facio/miniconda3/envs/prokka/bin/aragorn
[07:36:39] Determined aragorn version is 001002 from 'ARAGORN v1.2.41 Dean Laslett'
[07:36:39] Looking for 'barrnap' - found /home/joao_facio/miniconda3/envs/prokka/bin/barrnap
[07:36:39] Determined barrnap version is 000009 from 'barrnap 0.9'
[07:36:39] Looking for 'blastp' - found /home/joao_facio/miniconda3/envs/prokka/bin/blastp
[07:36:39] Determined blastp version is 002016 from 'blastp: 2.16.0+'
[07:36:39] Looking for 'cmpress' - found /home/joao_facio/miniconda3/envs/prokka/bin/cmpress
[07:36:39] Determined cmpress version is 001001 from '# INFERNAL 1.1.5 (Sep 2023)'
[07:36:39] Looking for 'cmscan' - found /home/joao_facio/miniconda3/envs/prokka/bin/cmscan
[07:36:39] Determined cmscan version is 001001 from '# INFERNAL 1.1.5 (Sep 2023)'
[07:36:39] Looking for 'egrep' - found /usr/bin/egrep
[07:36:39] Looking for 'find' - found /usr/bin/find
[07:36:39] Looking for 'grep' - found /usr/bin/grep
[07:36:39] Looking for 'hmmpress' - found /home/joao_facio/miniconda3/envs/prokka/bin/hmmpress
[07:36:39] Determined hmmpress version is 003004 from '# HMMER 3.4 (Aug 2023); http://hmmer.org/'
[07:36:39] Looking for 'hmmscan' - found /home/joao_facio/miniconda3/envs/prokka/bin/hmmscan
[07:36:39] Determined hmmscan version is 003004 from '# HMMER 3.4 (Aug 2023); http://hmmer.org/'
[07:36:39] Looking for 'java' - found /home/joao_facio/miniconda3/envs/prokka/bin/java
[07:36:39] Looking for 'makeblastdb' - found /home/joao_facio/miniconda3/envs/prokka/bin/makeblastdb
[07:36:39] Determined makeblastdb version is 002016 from 'makeblastdb: 2.16.0+'
[07:36:39] Looking for 'minced' - found /home/joao_facio/miniconda3/envs/prokka/bin/minced
[07:36:39] Determined minced version is 004002 from 'minced 0.4.2'
[07:36:39] Looking for 'parallel' - found /home/joao_facio/miniconda3/envs/prokka/bin/parallel
[07:36:39] Determined parallel version is 20251122 from 'GNU parallel 20251122'
[07:36:39] Looking for 'prodigal' - found /home/joao_facio/miniconda3/envs/prokka/bin/prodigal
[07:36:39] Determined prodigal version is 002006 from 'Prodigal V2.6.3: February, 2016'
[07:36:39] Looking for 'prokka-genbank_to_fasta_db' - found /home/joao_facio/miniconda3/envs/prokka/bin/prokka-genbank_to_fasta_db
[07:36:39] Looking for 'sed' - found /usr/bin/sed
[07:36:39] Looking for 'tbl2asn' - found /home/joao_facio/miniconda3/envs/prokka/bin/tbl2asn
[07:36:39] Determined tbl2asn version is 025007 from 'tbl2asn 25.7   arguments:'
[07:36:39] Using genetic code table 11.
[07:36:39] Loading and checking input file: /tmp/tmp6gns85ah/GOMC.bin.14398.fa
[07:36:39] Wrote 147 contigs totalling 3108106 bp.
[07:36:39] Predicting tRNAs and tmRNAs
[07:36:39] Running: aragorn -l -gc11  -w \.\.\/\.\.\/Data\/Chen_Analysis\/Prokka\/Bacteria\/GOMC\.bin\.14398\/GOMC\.bin\.14398\.fna
[07:36:40] 1 tRNA-Leu c[25592,25674] 35 (tag)
[07:36:40] 1 tRNA-Gln [29795,29869] 34 (ctg)
[07:36:40] 1 tRNA-Lys [13276,13349] 34 (ttt)
[07:36:40] 1 tRNA-Gln [16795,16866] 33 (ttg)
[07:36:40] 1 tRNA-Phe [16881,16954] 34 (gaa)
[07:36:40] 1 tRNA-Ser c[1552,1641] 36 (cga)
[07:36:40] 1 tRNA-Leu [6345,6428] 35 (caa)
[07:36:40] 1 tRNA-Val c[4774,4848] 35 (gac)
[07:36:40] 2 tRNA-Gly [21002,21076] 35 (ccc)
[07:36:40] 1 tRNA-Met [4,80] 36 (cat)
[07:36:40] 1 tRNA-Pro c[1,74] 35 (cgg)
[07:36:40] 1 tRNA-Pro [3516,3591] 36 (ggg)
[07:36:40] 2 tRNA-Asn [36200,36274] 35 (gtt)
[07:36:40] 1 tRNA-Lys c[56,133] 35 (ctt)
[07:36:40] 1 tRNA-Met c[2,76] 35 (cat)
[07:36:40] 1 tRNA-Glu [5633,5704] 34 (ctc)
[07:36:40] 1 tRNA-Thr c[132,205] 34 (cgt)
[07:36:40] 1 tRNA-Glu c[301,373] 35 (ctc)
[07:36:40] 1 tRNA-Ala [4809,4882] 34 (ggc)
[07:36:40] 2 tRNA-Gly [5049,5121] 34 (gcc)
[07:36:40] 3 tRNA-Cys [5195,5266] 34 (gca)
[07:36:40] 4 tRNA-Leu [5293,5378] 35 (taa)
[07:36:40] 1 tRNA-Ser c[22122,22200] 34 (gct)
[07:36:40] 1 tRNA-SeC c[4540,4638] 36 (tca)
[07:36:40] 1 tRNA-Leu [60534,60617] 35 (cag)
[07:36:40] 1 tRNA-Ser [10996,11081] 36 (tga)
[07:36:40] 1 tmRNA c[4521,4876] 96,125 ANDNYALAA*
[07:36:40] 1 tRNA-Met c[176,247] 33 (cat)
[07:36:40] 1 tRNA-His c[75,148] 34 (gtg)
[07:36:40] 2 tRNA-Arg c[265,338] 35 (tct)
[07:36:40] 3 tRNA-Pro c[367,441] 36 (tgg)
[07:36:40] Found 31 tRNAs
[07:36:40] Predicting Ribosomal RNAs
[07:36:40] Running Barrnap with 4 threads
[07:36:41] Found 0 rRNAs
[07:36:41] Skipping ncRNA search, enable with --rfam if desired.
[07:36:41] Total of 30 tRNA + rRNA features
[07:36:41] Searching for CRISPR repeats
[07:36:41] Found 0 CRISPRs
[07:36:41] Predicting coding sequences
[07:36:41] Contigs total 3108106 bp, so using single mode
[07:36:41] Running: prodigal -i \.\.\/\.\.\/Data\/Chen_Analysis\/Prokka\/Bacteria\/GOMC\.bin\.14398\/GOMC\.bin\.14398\.fna -c -m -g 11 -p single -f sco -q
[07:36:43] Excluding CDS which overlaps existing RNA (tRNA) at k63_1156314:4909..5058 on + strand
[07:36:43] Excluding CDS which overlaps existing RNA (tRNA) at k63_991529:21570..22631 on + strand
[07:36:43] Found 2395 CDS
[07:36:43] Connecting features back to sequences
[07:36:43] Not using genus-specific database. Try --usegenus to enable it.
[07:36:43] Annotating CDS, please be patient.
[07:36:43] Will use 4 CPUs for similarity searching.
[07:36:43] There are still 2395 unannotated CDS left (started with 2395)
[07:36:43] Will use blast to search against /home/joao_facio/miniconda3/envs/prokka/db/kingdom/Bacteria/IS with 4 CPUs
[07:36:43] Running: cat \.\.\/\.\.\/Data\/Chen_Analysis\/Prokka\/Bacteria\/GOMC\.bin\.14398\/GOMC\.bin\.14398\.IS\.tmp\.3152443\.faa | parallel --gnu --plain -j 4 --block 116733 --recstart '>' --pipe blastp -query - -db /home/joao_facio/miniconda3/envs/prokka/db/kingdom/Bacteria/IS -evalue 1e-30 -qcov_hsp_perc 90 -num_threads 1 -num_descriptions 1 -num_alignments 1 -seg no > \.\.\/\.\.\/Data\/Chen_Analysis\/Prokka\/Bacteria\/GOMC\.bin\.14398\/GOMC\.bin\.14398\.IS\.tmp\.3152443\.blast 2> /dev/null
[07:36:53] Deleting unwanted file: ../../Data/Chen_Analysis/Prokka/Bacteria/GOMC.bin.14398/GOMC.bin.14398.IS.tmp.3152443.faa
[07:36:53] Deleting unwanted file: ../../Data/Chen_Analysis/Prokka/Bacteria/GOMC.bin.14398/GOMC.bin.14398.IS.tmp.3152443.blast
[07:36:53] There are still 2394 unannotated CDS left (started with 2395)
[07:36:53] Will use blast to search against /home/joao_facio/miniconda3/envs/prokka/db/kingdom/Bacteria/AMR with 4 CPUs
[07:36:53] Running: cat \.\.\/\.\.\/Data\/Chen_Analysis\/Prokka\/Bacteria\/GOMC\.bin\.14398\/GOMC\.bin\.14398\.AMR\.tmp\.3152443\.faa | parallel --gnu --plain -j 4 --block 116692 --recstart '>' --pipe blastp -query - -db /home/joao_facio/miniconda3/envs/prokka/db/kingdom/Bacteria/AMR -evalue 1e-300 -qcov_hsp_perc 90 -num_threads 1 -num_descriptions 1 -num_alignments 1 -seg no > \.\.\/\.\.\/Data\/Chen_Analysis\/Prokka\/Bacteria\/GOMC\.bin\.14398\/GOMC\.bin\.14398\.AMR\.tmp\.3152443\.blast 2> /dev/null
[07:37:00] Deleting unwanted file: ../../Data/Chen_Analysis/Prokka/Bacteria/GOMC.bin.14398/GOMC.bin.14398.AMR.tmp.3152443.faa
[07:37:00] Deleting unwanted file: ../../Data/Chen_Analysis/Prokka/Bacteria/GOMC.bin.14398/GOMC.bin.14398.AMR.tmp.3152443.blast
[07:37:00] There are still 2394 unannotated CDS left (started with 2395)
[07:37:00] Will use blast to search against /home/joao_facio/miniconda3/envs/prokka/db/kingdom/Bacteria/sprot with 4 CPUs
[07:37:00] Running: cat \.\.\/\.\.\/Data\/Chen_Analysis\/Prokka\/Bacteria\/GOMC\.bin\.14398\/GOMC\.bin\.14398\.sprot\.tmp\.3152443\.faa | parallel --gnu --plain -j 4 --block 116692 --recstart '>' --pipe blastp -query - -db /home/joao_facio/miniconda3/envs/prokka/db/kingdom/Bacteria/sprot -evalue 1e-09 -qcov_hsp_perc 80 -num_threads 1 -num_descriptions 1 -num_alignments 1 -seg no > \.\.\/\.\.\/Data\/Chen_Analysis\/Prokka\/Bacteria\/GOMC\.bin\.14398\/GOMC\.bin\.14398\.sprot\.tmp\.3152443\.blast 2> /dev/null
[07:37:40] Modify product: UPF0056 inner membrane protein YhgN => hypothetical protein
[07:37:40] Modify product: Probable murein peptide carboxypeptidase => putative murein peptide carboxypeptidase
[07:37:40] Modify product: Bifunctional protein FolD => Bifunctional protein FolD protein
[07:37:40] Modify product: Ribonuclease TTHA0252 => Ribonuclease
[07:37:40] Modify product: Segregation and condensation protein B homolog => Segregation and condensation protein B 
[07:37:40] Modify product: Putative glutamine amidotransferase Rv2859c => Putative glutamine amidotransferase
[07:37:40] Modify product: Uncharacterized protein YqeN => putative protein YqeN
[07:37:40] Modify product: Probable tRNA-dihydrouridine synthase => putative tRNA-dihydrouridine synthase
[07:37:40] Modify product: Uncharacterized ABC transporter ATP-binding protein YheS => putative ABC transporter ATP-binding protein YheS
[07:37:40] Modify product: Probable molybdenum cofactor guanylyltransferase => putative molybdenum cofactor guanylyltransferase
[07:37:40] Modify product: UPF0073 inner membrane protein YqfA => hypothetical protein
[07:37:40] Modify product: Probable M18 family aminopeptidase 1 => putative M18 family aminopeptidase 1
[07:37:40] Modify product: Probable soluble pyridine nucleotide transhydrogenase => putative soluble pyridine nucleotide transhydrogenase
[07:37:40] Modify product: Probable soluble pyridine nucleotide transhydrogenase => putative soluble pyridine nucleotide transhydrogenase
[07:37:40] Modify product: Putative cystathionine beta-synthase Rv1077 => Putative cystathionine beta-synthase
[07:37:40] Modify product: Probable acetyl-CoA acyltransferase => putative acetyl-CoA acyltransferase
[07:37:40] Modify product: Probable ATP synthase YscN => putative ATP synthase YscN
[07:37:40] Modify product: Probable iron-sulfur-binding oxidoreductase FadF => putative iron-sulfur-binding oxidoreductase FadF
[07:37:40] Modify product: Probable 2-phosphosulfolactate phosphatase => putative 2-phosphosulfolactate phosphatase
[07:37:40] Modify product: Probable GTP-binding protein EngB => putative GTP-binding protein EngB
[07:37:40] Modify product: Putative transport protein Rv0205 => Putative transport protein
[07:37:40] Modify product: Probable 3-hydroxybutyryl-CoA dehydrogenase => putative 3-hydroxybutyryl-CoA dehydrogenase
[07:37:40] Modify product: Uncharacterized FAD-linked oxidoreductase Rv2280 => putative FAD-linked oxidoreductase
[07:37:40] Modify product: Dihydroorotate dehydrogenase B (NAD(+)), electron transfer subunit homolog => Dihydroorotate dehydrogenase B (NAD(+)), electron transfer subunit 
[07:37:40] Modify product: Probable bacterial non-heme ferritin => putative bacterial non-heme ferritin
[07:37:40] Modify product: Putative HTH-type transcriptional regulator Rv1287 => Putative HTH-type transcriptional regulator
[07:37:40] Modify product: Tricorn protease homolog 1 => Tricorn protease 
[07:37:40] Modify product: Uncharacterized AAA domain-containing protein Rv2559c => putative AAA domain-containing protein
[07:37:40] Modify product: Dihydroorotate dehydrogenase B (NAD(+)), electron transfer subunit homolog => Dihydroorotate dehydrogenase B (NAD(+)), electron transfer subunit 
[07:37:40] Modify product: Probable GTPase Rv1496 => putative GTPase
[07:37:40] Modify product: Putative esterase aq_1494 => Putative esterase
[07:37:40] Modify product: Probable multidrug ABC transporter ATP-binding protein YbhF => putative multidrug ABC transporter ATP-binding protein YbhF
[07:37:40] Modify product: UPF0194 membrane protein YbhG => hypothetical protein
[07:37:40] Modify product: Uncharacterized isomerase YddE => putative isomerase YddE
[07:37:40] Modify product: Uncharacterized N-acetyltransferase YycN => putative N-acetyltransferase YycN
[07:37:40] Modify product: Uncharacterized NTE family protein Rv1063c => putative NTE family protein
[07:37:40] Modify product: Uncharacterized metal-dependent hydrolase YcfH => putative metal-dependent hydrolase YcfH
[07:37:40] Modify product: Probable Ni/Fe-hydrogenase 2 b-type cytochrome subunit => putative Ni/Fe-hydrogenase 2 b-type cytochrome subunit
[07:37:40] Modify product: Dihydroorotate dehydrogenase B (NAD(+)), electron transfer subunit homolog => Dihydroorotate dehydrogenase B (NAD(+)), electron transfer subunit 
[07:37:40] Modify product: Probable cyclic di-GMP phosphodiesterase VC_1348 => putative cyclic di-GMP phosphodiesterase
[07:37:40] Modify product: UPF0701 protein HI_0467 => hypothetical protein
[07:37:40] Modify product: Probable nicotinate-nucleotide adenylyltransferase => putative nicotinate-nucleotide adenylyltransferase
[07:37:40] Modify product: Probable quorum-quenching lactonase YtnP => putative quorum-quenching lactonase YtnP
[07:37:40] Modify product: Acetyltransferase PA3944 => Acetyltransferase
[07:37:40] Modify product: Probable iron export ATP-binding protein FetA => putative iron export ATP-binding protein FetA
[07:37:40] Modify product: Probable iron export permease protein FetB => putative iron export permease protein FetB
[07:37:40] Modify product: UPF0758 protein YsxA => hypothetical protein
[07:37:40] Modify product: Probable L-lysine-epsilon aminotransferase => putative L-lysine-epsilon aminotransferase
[07:37:40] Modify product: UPF0047 protein Rv2556c => hypothetical protein
[07:37:40] Modify product: Uncharacterized protein Rv1488 => putative protein
[07:37:40] Modify product: Putative multidrug export ATP-binding/permease protein SAV1866 => Putative multidrug export ATP-binding/permease protein
[07:37:40] Modify product: Uncharacterized ABC transporter ATP-binding protein TM_0288 => putative ABC transporter ATP-binding protein
[07:37:40] Modify product: Acetyltransferase SACOL1063 => Acetyltransferase
[07:37:40] Modify product: Probable xanthine dehydrogenase subunit D => putative xanthine dehydrogenase subunit D
[07:37:40] Modify product: Probable alcohol dehydrogenase AdhA => putative alcohol dehydrogenase AdhA
[07:37:40] Modify product: UPF0194 membrane protein YbhG => hypothetical protein
[07:37:40] Modify product: Probable multidrug ABC transporter ATP-binding protein YbhF => putative multidrug ABC transporter ATP-binding protein YbhF
[07:37:40] Modify product: Probable multidrug ABC transporter ATP-binding protein YbhF => putative multidrug ABC transporter ATP-binding protein YbhF
[07:37:40] Modify product: Probable multidrug ABC transporter permease YbhR => putative multidrug ABC transporter permease YbhR
[07:37:40] Modify product: Probable multidrug ABC transporter permease YbhR => putative multidrug ABC transporter permease YbhR
[07:37:40] Modify product: Uncharacterized ABC transporter ATP-binding protein YheS => putative ABC transporter ATP-binding protein YheS
[07:37:40] Modify product: Probable glycine dehydrogenase (decarboxylating) subunit 2 => putative glycine dehydrogenase (decarboxylating) subunit 2
[07:37:40] Modify product: Probable glycine dehydrogenase (decarboxylating) subunit 1 => putative glycine dehydrogenase (decarboxylating) subunit 1
[07:37:40] Modify product: Probable cysteine desulfurase => putative cysteine desulfurase
[07:37:40] Modify product: Tricorn protease homolog 1 => Tricorn protease 
[07:37:40] Modify product: UPF0173 metal-dependent hydrolase TM_1162 => hypothetical protein
[07:37:40] Modify product: Probable xanthine dehydrogenase subunit D => putative xanthine dehydrogenase subunit D
[07:37:40] Modify product: Uncharacterized zinc protease Rv2782c => putative zinc protease
[07:37:40] Modify product: Uncharacterized zinc protease Rv2782c => putative zinc protease
[07:37:41] Modify product: Probable transcriptional regulatory protein aq_1575 => putative transcriptional regulatory protein
[07:37:41] Modify product: Probable 3-hydroxyacyl-CoA dehydrogenase => putative 3-hydroxyacyl-CoA dehydrogenase
[07:37:41] Modify product: Probable acyl-CoA dehydrogenase => putative acyl-CoA dehydrogenase
[07:37:41] Modify product: Peptidoglycan-N-acetylglucosamine deacetylase BC_3618 => Peptidoglycan-N-acetylglucosamine deacetylase
[07:37:41] Modify product: Probable peptidoglycan glycosyltransferase FtsW => putative peptidoglycan glycosyltransferase FtsW
[07:37:41] Modify product: UPF0053 protein Rv2366c => hypothetical protein
[07:37:41] Modify product: Probable dual-specificity RNA methyltransferase RlmN => putative dual-specificity RNA methyltransferase RlmN
[07:37:41] Modify product: UPF0210 protein SP_0239 => hypothetical protein
[07:37:41] Modify product: Uncharacterized ABC transporter ATP-binding protein TM_0288 => putative ABC transporter ATP-binding protein
[07:37:41] Modify product: Probable multidrug resistance ABC transporter ATP-binding/permease protein YheI => putative multidrug resistance ABC transporter ATP-binding/permease protein YheI
[07:37:41] Modify product: Tricorn protease homolog 1 => Tricorn protease 
[07:37:41] Cleaned 80 /product names
[07:37:41] Deleting unwanted file: ../../Data/Chen_Analysis/Prokka/Bacteria/GOMC.bin.14398/GOMC.bin.14398.sprot.tmp.3152443.faa
[07:37:41] Deleting unwanted file: ../../Data/Chen_Analysis/Prokka/Bacteria/GOMC.bin.14398/GOMC.bin.14398.sprot.tmp.3152443.blast
[07:37:41] There are still 1454 unannotated CDS left (started with 2395)
[07:37:41] Will use hmmer3 to search against /home/joao_facio/miniconda3/envs/prokka/db/hmm/HAMAP.hmm with 4 CPUs
[07:37:41] Running: cat \.\.\/\.\.\/Data\/Chen_Analysis\/Prokka\/Bacteria\/GOMC\.bin\.14398\/GOMC\.bin\.14398\.HAMAP\.hmm\.tmp\.3152443\.faa | parallel --gnu --plain -j 4 --block 75229 --recstart '>' --pipe hmmscan --noali --notextw --acc -E 1e-09 --cpu 1 /home/joao_facio/miniconda3/envs/prokka/db/hmm/HAMAP.hmm /dev/stdin > \.\.\/\.\.\/Data\/Chen_Analysis\/Prokka\/Bacteria\/GOMC\.bin\.14398\/GOMC\.bin\.14398\.HAMAP\.hmm\.tmp\.3152443\.hmmer3 2> /dev/null
[07:37:51] Deleting unwanted file: ../../Data/Chen_Analysis/Prokka/Bacteria/GOMC.bin.14398/GOMC.bin.14398.HAMAP.hmm.tmp.3152443.faa
[07:37:51] Deleting unwanted file: ../../Data/Chen_Analysis/Prokka/Bacteria/GOMC.bin.14398/GOMC.bin.14398.HAMAP.hmm.tmp.3152443.hmmer3
[07:37:51] Labelling remaining 1200 proteins as 'hypothetical protein'
[07:37:51] Possible /pseudo 'Bacteriochlorophyllide d C-12(1)-methyltransferase' at k63_603189 position 12348
[07:37:51] Possible /pseudo 'Bacteriochlorophyllide d C-12(1)-methyltransferase' at k63_603189 position 21527
[07:37:51] Possible /pseudo 'putative soluble pyridine nucleotide transhydrogenase' at k63_521224 position 17552
[07:37:51] Possible /pseudo 'Bacteriohemerythrin' at k63_265003 position 48198
[07:37:51] Possible /pseudo 'Transcriptional regulator PerR' at k63_17813 position 31632
[07:37:51] Possible /pseudo 'Hercynine oxygenase' at k63_18875 position 4594
[07:37:51] Possible /pseudo 'Spore protein SP21' at k63_1217473 position 40723
[07:37:51] Possible /pseudo 'putative multidrug ABC transporter ATP-binding protein YbhF' at k63_34316 position 4718
[07:37:51] Possible /pseudo 'putative multidrug ABC transporter permease YbhR' at k63_34316 position 6591
[07:37:51] Possible /pseudo 'Sensor histidine kinase RcsC' at k63_476791 position 10795
[07:37:51] Possible /pseudo 'Bacillopeptidase F' at k63_136794 position 49422
[07:37:51] Possible /pseudo 'Bifunctional protein HldE' at k63_145353 position 23130
[07:37:51] Possible /pseudo 'Formate dehydrogenase subunit alpha' at k63_835075 position 33627
[07:37:51] Possible /pseudo 'putative zinc protease' at k63_674167 position 22806
[07:37:51] Possible /pseudo 'Cell division protein FtsA' at k63_765780 position 2685
[07:37:51] Found 906 unique /gene codes.
[07:37:51] Fixed 3 duplicate /gene - cheB_1 cheB_2 cheB_3
[07:37:51] Fixed 3 duplicate /gene - tri1_1 tri1_2 tri1_3
[07:37:51] Fixed 2 duplicate /gene - mutS2_1 mutS2_2
[07:37:51] Fixed 3 duplicate /gene - surA_1 surA_2 surA_3
[07:37:51] Fixed 2 duplicate /gene - aroB_1 aroB_2
[07:37:51] Fixed 2 duplicate /gene - pbpG_1 pbpG_2
[07:37:51] Fixed 2 duplicate /gene - hcf136_1 hcf136_2
[07:37:51] Fixed 2 duplicate /gene - tolQ_1 tolQ_2
[07:37:51] Fixed 2 duplicate /gene - fusA_1 fusA_2
[07:37:51] Fixed 2 duplicate /gene - hspA_1 hspA_2
[07:37:51] Fixed 2 duplicate /gene - nfuA_1 nfuA_2
[07:37:51] Fixed 2 duplicate /gene - aroA_1 aroA_2
[07:37:51] Fixed 10 duplicate /gene - sasA_1 sasA_2 sasA_3 sasA_4 sasA_5 sasA_6 sasA_7 sasA_8 sasA_9 sasA_10
[07:37:51] Fixed 3 duplicate /gene - rsxC_1 rsxC_2 rsxC_3
[07:37:51] Fixed 2 duplicate /gene - ybhR_1 ybhR_2
[07:37:51] Fixed 2 duplicate /gene - cugP_1 cugP_2
[07:37:51] Fixed 2 duplicate /gene - dinG_1 dinG_2
[07:37:51] Fixed 2 duplicate /gene - clcB_1 clcB_2
[07:37:51] Fixed 2 duplicate /gene - der_1 der_2
[07:37:51] Fixed 2 duplicate /gene - pleD_1 pleD_2
[07:37:51] Fixed 2 duplicate /gene - dapH_1 dapH_2
[07:37:51] Fixed 2 duplicate /gene - rhlE_1 rhlE_2
[07:37:51] Fixed 4 duplicate /gene - ndhI_1 ndhI_2 ndhI_3 ndhI_4
[07:37:51] Fixed 2 duplicate /gene - mdtC_1 mdtC_2
[07:37:51] Fixed 2 duplicate /gene - aroE_1 aroE_2
[07:37:51] Fixed 5 duplicate /gene - mshA_1 mshA_2 mshA_3 mshA_4 mshA_5
[07:37:51] Fixed 2 duplicate /gene - rlmCD_1 rlmCD_2
[07:37:51] Fixed 4 duplicate /gene - tolB_1 tolB_2 tolB_3 tolB_4
[07:37:51] Fixed 4 duplicate /gene - bchR_1 bchR_2 bchR_3 bchR_4
[07:37:51] Fixed 2 duplicate /gene - lolD_1 lolD_2
[07:37:51] Fixed 4 duplicate /gene - bamA_1 bamA_2 bamA_3 bamA_4
[07:37:51] Fixed 2 duplicate /gene - gltD_1 gltD_2
[07:37:51] Fixed 2 duplicate /gene - fruA_1 fruA_2
[07:37:51] Fixed 2 duplicate /gene - hisC_1 hisC_2
[07:37:51] Fixed 2 duplicate /gene - algU_1 algU_2
[07:37:51] Fixed 2 duplicate /gene - nnr_1 nnr_2
[07:37:51] Fixed 4 duplicate /gene - menA_1 menA_2 menA_3 menA_4
[07:37:51] Fixed 3 duplicate /gene - fabG_1 fabG_2 fabG_3
[07:37:51] Fixed 2 duplicate /gene - btuD_1 btuD_2
[07:37:51] Fixed 2 duplicate /gene - resA_1 resA_2
[07:37:51] Fixed 2 duplicate /gene - mmgC_1 mmgC_2
[07:37:51] Fixed 2 duplicate /gene - yheS_1 yheS_2
[07:37:51] Fixed 3 duplicate /gene - ftsA_1 ftsA_2 ftsA_3
[07:37:51] Fixed 2 duplicate /gene - fmt_1 fmt_2
[07:37:51] Fixed 2 duplicate /gene - dsbD_1 dsbD_2
[07:37:51] Fixed 2 duplicate /gene - mobA_1 mobA_2
[07:37:51] Fixed 3 duplicate /gene - ybhF_1 ybhF_2 ybhF_3
[07:37:51] Fixed 2 duplicate /gene - ymdB_1 ymdB_2
[07:37:51] Fixed 2 duplicate /gene - prmC_1 prmC_2
[07:37:51] Fixed 2 duplicate /gene - lacZ_1 lacZ_2
[07:37:51] Fixed 2 duplicate /gene - hcrA_1 hcrA_2
[07:37:51] Fixed 2 duplicate /gene - hldE_1 hldE_2
[07:37:51] Fixed 2 duplicate /gene - clpX_1 clpX_2
[07:37:51] Fixed 2 duplicate /gene - cobB_1 cobB_2
[07:37:51] Fixed 2 duplicate /gene - ruvB_1 ruvB_2
[07:37:51] Fixed 2 duplicate /gene - recJ_1 recJ_2
[07:37:51] Fixed 2 duplicate /gene - nqo2_1 nqo2_2
[07:37:51] Fixed 2 duplicate /gene - fabH_1 fabH_2
[07:37:51] Fixed 2 duplicate /gene - plsC_1 plsC_2
[07:37:51] Fixed 2 duplicate /gene - dapE_1 dapE_2
[07:37:51] Fixed 2 duplicate /gene - punA_1 punA_2
[07:37:51] Fixed 2 duplicate /gene - pgsA_1 pgsA_2
[07:37:51] Fixed 2 duplicate /gene - rny_1 rny_2
[07:37:51] Fixed 2 duplicate /gene - ndhF_1 ndhF_2
[07:37:51] Fixed 2 duplicate /gene - rnz_1 rnz_2
[07:37:51] Fixed 2 duplicate /gene - pucD_1 pucD_2
[07:37:51] Fixed 2 duplicate /gene - wbbL_1 wbbL_2
[07:37:51] Fixed 2 duplicate /gene - mdtA_1 mdtA_2
[07:37:51] Fixed 2 duplicate /gene - mggB_1 mggB_2
[07:37:51] Fixed 2 duplicate /gene - cmk_1 cmk_2
[07:37:51] Fixed 2 duplicate /gene - fldI_1 fldI_2
[07:37:51] Fixed 2 duplicate /gene - ppm1_1 ppm1_2
[07:37:51] Fixed 2 duplicate /gene - xerC_1 xerC_2
[07:37:51] Fixed 5 duplicate /gene - btuB_1 btuB_2 btuB_3 btuB_4 btuB_5
[07:37:51] Fixed 2 duplicate /gene - gph_1 gph_2
[07:37:51] Fixed 3 duplicate /gene - trxA_1 trxA_2 trxA_3
[07:37:51] Fixed 2 duplicate /gene - hldD_1 hldD_2
[07:37:51] Fixed 2 duplicate /gene - sthA_1 sthA_2
[07:37:51] Fixed 2 duplicate /gene - cutM_1 cutM_2
[07:37:51] Fixed 2 duplicate /gene - leuC_1 leuC_2
[07:37:51] Fixed 2 duplicate /gene - aroC_1 aroC_2
[07:37:51] Fixed 2 duplicate /gene - aroF_1 aroF_2
[07:37:51] Fixed 12 duplicate /gene - rcsC_1 rcsC_2 rcsC_3 rcsC_4 rcsC_5 rcsC_6 rcsC_7 rcsC_8 rcsC_9 rcsC_10 rcsC_11 rcsC_12
[07:37:51] Fixed 3 duplicate /gene - glmS_1 glmS_2 glmS_3
[07:37:51] Fixed 2 duplicate /gene - adk_1 adk_2
[07:37:51] Fixed 3 duplicate /gene - COQ3_1 COQ3_2 COQ3_3
[07:37:51] Fixed 2 duplicate /gene - RBKS_1 RBKS_2
[07:37:51] Fixed 5 duplicate /gene - korA_1 korA_2 korA_3 korA_4 korA_5
[07:37:51] Fixed 2 duplicate /gene - gabD_1 gabD_2
[07:37:51] Fixed 2 duplicate /gene - sfrA_1 sfrA_2
[07:37:51] Fixed 2 duplicate /gene - bpr_1 bpr_2
[07:37:51] Fixed 2 duplicate /gene - bglA_1 bglA_2
[07:37:51] Fixed 2 duplicate /gene - cpdA_1 cpdA_2
[07:37:51] Fixed 3 duplicate /gene - rsxB_1 rsxB_2 rsxB_3
[07:37:51] Fixed 2 duplicate /gene - accA1_1 accA1_2
[07:37:51] Fixed 2 duplicate /gene - perR_1 perR_2
[07:37:51] Fixed 2 duplicate /gene - rnfD_1 rnfD_2
[07:37:51] Fixed 2 duplicate /gene - fdhA_1 fdhA_2
[07:37:51] Fixed 2 duplicate /gene - eutN_1 eutN_2
[07:37:51] Fixed 3 duplicate /gene - napF_1 napF_2 napF_3
[07:37:51] Fixed 3 duplicate /gene - sglT_1 sglT_2 sglT_3
[07:37:51] Fixed 2 duplicate /gene - mepA_1 mepA_2
[07:37:51] Fixed 2 duplicate /gene - algC_1 algC_2
[07:37:51] Fixed 3 duplicate /gene - ycf3_1 ycf3_2 ycf3_3
[07:37:51] Fixed 2 duplicate /gene - purC_1 purC_2
[07:37:51] Fixed 2 duplicate /gene - hup_1 hup_2
[07:37:51] Fixed 2 duplicate /gene - nadA_1 nadA_2
[07:37:51] Fixed 2 duplicate /gene - zraS_1 zraS_2
[07:37:51] Fixed 4 duplicate /gene - zraR_1 zraR_2 zraR_3 zraR_4
[07:37:51] Fixed 2 duplicate /gene - galE1_1 galE1_2
[07:37:51] Fixed 2 duplicate /gene - galK_1 galK_2
[07:37:51] Fixed 2 duplicate /gene - fdhE_1 fdhE_2
[07:37:51] Fixed 5 duplicate /gene - cpoB_1 cpoB_2 cpoB_3 cpoB_4 cpoB_5
[07:37:51] Fixed 2 duplicate /gene - rssB_1 rssB_2
[07:37:51] Fixed 2 duplicate /gene - bamD_1 bamD_2
[07:37:51] Fixed 13 duplicate /gene - egtB_1 egtB_2 egtB_3 egtB_4 egtB_5 egtB_6 egtB_7 egtB_8 egtB_9 egtB_10 egtB_11 egtB_12 egtB_13
[07:37:51] Fixed 2 duplicate /gene - queG_1 queG_2
[07:37:51] Fixed 4 duplicate /gene - norR_1 norR_2 norR_3 norR_4
[07:37:51] Fixed 9 duplicate /gene - atoC_1 atoC_2 atoC_3 atoC_4 atoC_5 atoC_6 atoC_7 atoC_8 atoC_9
[07:37:51] Fixed 2 duplicate /gene - trmL_1 trmL_2
[07:37:51] Fixed 2 duplicate /gene - hadB_1 hadB_2
[07:37:51] Fixed 2 duplicate /gene - icmF_1 icmF_2
[07:37:51] Fixed 2 duplicate /gene - COQ5_1 COQ5_2
[07:37:51] Fixed 2 duplicate /gene - moaA_1 moaA_2
[07:37:51] Fixed 2 duplicate /gene - tadA_1 tadA_2
[07:37:51] Fixed 2 duplicate /gene - lhgD_1 lhgD_2
[07:37:51] Fixed 3 duplicate /gene - xerD_1 xerD_2 xerD_3
[07:37:51] Fixed 3 duplicate /gene - ndhS_1 ndhS_2 ndhS_3
[07:37:51] Fixed 5 duplicate /gene - bepA_1 bepA_2 bepA_3 bepA_4 bepA_5
[07:37:51] Fixed 2 duplicate /gene - hag_1 hag_2
[07:37:51] Fixed 2 duplicate /gene - pcm_1 pcm_2
[07:37:51] Fixed 2 duplicate /gene - iolG_1 iolG_2
[07:37:51] Fixed 132 colliding /gene names.
[07:37:51] Adding /locus_tag identifiers
[07:37:51] Assigned 2426 locus_tags to CDS and RNA features.
[07:37:51] Writing outputs to ../../Data/Chen_Analysis/Prokka/Bacteria/GOMC.bin.14398/
[07:37:52] Generating annotation statistics file
[07:37:52] Generating Genbank and Sequin files
[07:37:52] Running: tbl2asn -V b -a r10k -l paired-ends -M n -N 1 -y 'Annotated using prokka 1.14.6 from https://github.com/tseemann/prokka' -Z \.\.\/\.\.\/Data\/Chen_Analysis\/Prokka\/Bacteria\/GOMC\.bin\.14398\/GOMC\.bin\.14398\.err -i \.\.\/\.\.\/Data\/Chen_Analysis\/Prokka\/Bacteria\/GOMC\.bin\.14398\/GOMC\.bin\.14398\.fsa 2> /dev/null
[07:37:54] Deleting unwanted file: ../../Data/Chen_Analysis/Prokka/Bacteria/GOMC.bin.14398/errorsummary.val
[07:37:54] Deleting unwanted file: ../../Data/Chen_Analysis/Prokka/Bacteria/GOMC.bin.14398/GOMC.bin.14398.dr
[07:37:54] Deleting unwanted file: ../../Data/Chen_Analysis/Prokka/Bacteria/GOMC.bin.14398/GOMC.bin.14398.fixedproducts
[07:37:54] Deleting unwanted file: ../../Data/Chen_Analysis/Prokka/Bacteria/GOMC.bin.14398/GOMC.bin.14398.ecn
[07:37:54] Deleting unwanted file: ../../Data/Chen_Analysis/Prokka/Bacteria/GOMC.bin.14398/GOMC.bin.14398.val
[07:37:54] Repairing broken .GBK output that tbl2asn produces...
[07:37:54] Running: sed 's/COORDINATES: profile/COORDINATES:profile/' < \.\.\/\.\.\/Data\/Chen_Analysis\/Prokka\/Bacteria\/GOMC\.bin\.14398\/GOMC\.bin\.14398\.gbf > \.\.\/\.\.\/Data\/Chen_Analysis\/Prokka\/Bacteria\/GOMC\.bin\.14398\/GOMC\.bin\.14398\.gbk
[07:37:54] Deleting unwanted file: ../../Data/Chen_Analysis/Prokka/Bacteria/GOMC.bin.14398/GOMC.bin.14398.gbf
[07:37:54] Output files:
[07:37:54] ../../Data/Chen_Analysis/Prokka/Bacteria/GOMC.bin.14398/GOMC.bin.14398.tsv
[07:37:54] ../../Data/Chen_Analysis/Prokka/Bacteria/GOMC.bin.14398/GOMC.bin.14398.gbk
[07:37:54] ../../Data/Chen_Analysis/Prokka/Bacteria/GOMC.bin.14398/GOMC.bin.14398.err
[07:37:54] ../../Data/Chen_Analysis/Prokka/Bacteria/GOMC.bin.14398/GOMC.bin.14398.tbl
[07:37:54] ../../Data/Chen_Analysis/Prokka/Bacteria/GOMC.bin.14398/GOMC.bin.14398.sqn
[07:37:54] ../../Data/Chen_Analysis/Prokka/Bacteria/GOMC.bin.14398/GOMC.bin.14398.fna
[07:37:54] ../../Data/Chen_Analysis/Prokka/Bacteria/GOMC.bin.14398/GOMC.bin.14398.gff
[07:37:54] ../../Data/Chen_Analysis/Prokka/Bacteria/GOMC.bin.14398/GOMC.bin.14398.faa
[07:37:54] ../../Data/Chen_Analysis/Prokka/Bacteria/GOMC.bin.14398/GOMC.bin.14398.ffn
[07:37:54] ../../Data/Chen_Analysis/Prokka/Bacteria/GOMC.bin.14398/GOMC.bin.14398.txt
[07:37:54] ../../Data/Chen_Analysis/Prokka/Bacteria/GOMC.bin.14398/GOMC.bin.14398.fsa
[07:37:54] ../../Data/Chen_Analysis/Prokka/Bacteria/GOMC.bin.14398/GOMC.bin.14398.log
[07:37:54] Annotation finished successfully.
[07:37:54] Walltime used: 1.25 minutes
[07:37:54] If you use this result please cite the Prokka paper:
[07:37:54] Seemann T (2014) Prokka: rapid prokaryotic genome annotation. Bioinformatics. 30(14):2068-9.
[07:37:54] Type 'prokka --citation' for more details.
[07:37:54] Share and enjoy!
