[09:06:28] This is prokka 1.14.6
[09:06:28] Written by Torsten Seemann <torsten.seemann@gmail.com>
[09:06:28] Homepage is https://github.com/tseemann/prokka
[09:06:28] Local time is Mon Dec  1 09:06:28 2025
[09:06:28] You are joao_facio
[09:06:28] Operating system is linux
[09:06:28] You have BioPerl 1.7.8
[09:06:28] System has 12 cores.
[09:06:28] Will use maximum of 4 cores.
[09:06:28] Annotating as >>> Bacteria <<<
[09:06:28] Generating locus_tag from '/tmp/tmp6gns85ah/GOMC.bin.12041.fa' contents.
[09:06:28] Setting --locustag MECIJBJC from MD5 6ec23b3c8366e438595cf1e124631ace
[09:06:28] Creating new output folder: ../../Data/Chen_Analysis/Prokka/Bacteria/GOMC.bin.12041
[09:06:28] Running: mkdir -p \.\.\/\.\.\/Data\/Chen_Analysis\/Prokka\/Bacteria\/GOMC\.bin\.12041
[09:06:28] Using filename prefix: GOMC.bin.12041.XXX
[09:06:28] Setting HMMER_NCPU=1
[09:06:28] Writing log to: ../../Data/Chen_Analysis/Prokka/Bacteria/GOMC.bin.12041/GOMC.bin.12041.log
[09:06:28] Command: /home/joao_facio/miniconda3/envs/prokka/bin/prokka --outdir ../../Data/Chen_Analysis/Prokka/Bacteria/GOMC.bin.12041 --prefix GOMC.bin.12041 --kingdom Bacteria --genus Erythrobacter --strain GOMC.bin.12041 --cpus 4 --force /tmp/tmp6gns85ah/GOMC.bin.12041.fa
[09:06:28] Appending to PATH: /home/joao_facio/miniconda3/envs/prokka/bin
[09:06:28] Looking for 'aragorn' - found /home/joao_facio/miniconda3/envs/prokka/bin/aragorn
[09:06:28] Determined aragorn version is 001002 from 'ARAGORN v1.2.41 Dean Laslett'
[09:06:28] Looking for 'barrnap' - found /home/joao_facio/miniconda3/envs/prokka/bin/barrnap
[09:06:28] Determined barrnap version is 000009 from 'barrnap 0.9'
[09:06:28] Looking for 'blastp' - found /home/joao_facio/miniconda3/envs/prokka/bin/blastp
[09:06:28] Determined blastp version is 002016 from 'blastp: 2.16.0+'
[09:06:28] Looking for 'cmpress' - found /home/joao_facio/miniconda3/envs/prokka/bin/cmpress
[09:06:28] Determined cmpress version is 001001 from '# INFERNAL 1.1.5 (Sep 2023)'
[09:06:28] Looking for 'cmscan' - found /home/joao_facio/miniconda3/envs/prokka/bin/cmscan
[09:06:28] Determined cmscan version is 001001 from '# INFERNAL 1.1.5 (Sep 2023)'
[09:06:28] Looking for 'egrep' - found /usr/bin/egrep
[09:06:28] Looking for 'find' - found /usr/bin/find
[09:06:28] Looking for 'grep' - found /usr/bin/grep
[09:06:28] Looking for 'hmmpress' - found /home/joao_facio/miniconda3/envs/prokka/bin/hmmpress
[09:06:28] Determined hmmpress version is 003004 from '# HMMER 3.4 (Aug 2023); http://hmmer.org/'
[09:06:28] Looking for 'hmmscan' - found /home/joao_facio/miniconda3/envs/prokka/bin/hmmscan
[09:06:28] Determined hmmscan version is 003004 from '# HMMER 3.4 (Aug 2023); http://hmmer.org/'
[09:06:28] Looking for 'java' - found /home/joao_facio/miniconda3/envs/prokka/bin/java
[09:06:28] Looking for 'makeblastdb' - found /home/joao_facio/miniconda3/envs/prokka/bin/makeblastdb
[09:06:28] Determined makeblastdb version is 002016 from 'makeblastdb: 2.16.0+'
[09:06:28] Looking for 'minced' - found /home/joao_facio/miniconda3/envs/prokka/bin/minced
[09:06:28] Determined minced version is 004002 from 'minced 0.4.2'
[09:06:28] Looking for 'parallel' - found /home/joao_facio/miniconda3/envs/prokka/bin/parallel
[09:06:28] Determined parallel version is 20251122 from 'GNU parallel 20251122'
[09:06:28] Looking for 'prodigal' - found /home/joao_facio/miniconda3/envs/prokka/bin/prodigal
[09:06:28] Determined prodigal version is 002006 from 'Prodigal V2.6.3: February, 2016'
[09:06:28] Looking for 'prokka-genbank_to_fasta_db' - found /home/joao_facio/miniconda3/envs/prokka/bin/prokka-genbank_to_fasta_db
[09:06:28] Looking for 'sed' - found /usr/bin/sed
[09:06:28] Looking for 'tbl2asn' - found /home/joao_facio/miniconda3/envs/prokka/bin/tbl2asn
[09:06:28] Determined tbl2asn version is 025007 from 'tbl2asn 25.7   arguments:'
[09:06:28] Using genetic code table 11.
[09:06:28] Loading and checking input file: /tmp/tmp6gns85ah/GOMC.bin.12041.fa
[09:06:28] Wrote 715 contigs totalling 2439559 bp.
[09:06:28] Predicting tRNAs and tmRNAs
[09:06:28] Running: aragorn -l -gc11  -w \.\.\/\.\.\/Data\/Chen_Analysis\/Prokka\/Bacteria\/GOMC\.bin\.12041\/GOMC\.bin\.12041\.fna
[09:06:28] 1 tRNA-Gly [3446,3538] 37 (gcc)
[09:06:28] 1 tRNA-Val [1018,1112] 34 (gac)
[09:06:28] 1 tRNA-Gln [3238,3312] 33 (ttg)
[09:06:28] 1 tRNA-His [7,83] 35 (gtg)
[09:06:28] 1 tRNA-Ala [86,172] 31 (ggc)
[09:06:28] 1 tRNA-Arg [5525,5601] 35 (tct)
[09:06:29] 1 tRNA-Phe c[490,581] 33 (gaa)
[09:06:29] 1 tRNA-Lys c[365,440] 34 (ctt)
[09:06:29] 1 tRNA-Gly [3508,3581] 33 (tcc)
[09:06:29] 1 tRNA-Arg [2849,2922] 35 (ccg)
[09:06:29] Found 10 tRNAs
[09:06:29] Predicting Ribosomal RNAs
[09:06:29] Running Barrnap with 4 threads
[09:06:29] Found 0 rRNAs
[09:06:29] Skipping ncRNA search, enable with --rfam if desired.
[09:06:29] Total of 10 tRNA + rRNA features
[09:06:29] Searching for CRISPR repeats
[09:06:29] Found 0 CRISPRs
[09:06:29] Predicting coding sequences
[09:06:29] Contigs total 2439559 bp, so using single mode
[09:06:29] Running: prodigal -i \.\.\/\.\.\/Data\/Chen_Analysis\/Prokka\/Bacteria\/GOMC\.bin\.12041\/GOMC\.bin\.12041\.fna -c -m -g 11 -p single -f sco -q
[09:06:31] Excluding CDS which overlaps existing RNA (tRNA) at k63_664004:3347..4300 on - strand
[09:06:31] Excluding CDS which overlaps existing RNA (tRNA) at k63_1351054:890..1609 on - strand
[09:06:31] Excluding CDS which overlaps existing RNA (tRNA) at k63_4343748:35..832 on + strand
[09:06:31] Excluding CDS which overlaps existing RNA (tRNA) at k63_396705:94..1986 on + strand
[09:06:31] Found 2456 CDS
[09:06:31] Connecting features back to sequences
[09:06:31] Not using genus-specific database. Try --usegenus to enable it.
[09:06:31] Annotating CDS, please be patient.
[09:06:31] Will use 4 CPUs for similarity searching.
[09:06:32] There are still 2456 unannotated CDS left (started with 2456)
[09:06:32] Will use blast to search against /home/joao_facio/miniconda3/envs/prokka/db/kingdom/Bacteria/IS with 4 CPUs
[09:06:32] Running: cat \.\.\/\.\.\/Data\/Chen_Analysis\/Prokka\/Bacteria\/GOMC\.bin\.12041\/GOMC\.bin\.12041\.IS\.tmp\.3331320\.faa | parallel --gnu --plain -j 4 --block 84241 --recstart '>' --pipe blastp -query - -db /home/joao_facio/miniconda3/envs/prokka/db/kingdom/Bacteria/IS -evalue 1e-30 -qcov_hsp_perc 90 -num_threads 1 -num_descriptions 1 -num_alignments 1 -seg no > \.\.\/\.\.\/Data\/Chen_Analysis\/Prokka\/Bacteria\/GOMC\.bin\.12041\/GOMC\.bin\.12041\.IS\.tmp\.3331320\.blast 2> /dev/null
[09:06:38] Deleting unwanted file: ../../Data/Chen_Analysis/Prokka/Bacteria/GOMC.bin.12041/GOMC.bin.12041.IS.tmp.3331320.faa
[09:06:38] Deleting unwanted file: ../../Data/Chen_Analysis/Prokka/Bacteria/GOMC.bin.12041/GOMC.bin.12041.IS.tmp.3331320.blast
[09:06:39] There are still 2453 unannotated CDS left (started with 2456)
[09:06:39] Will use blast to search against /home/joao_facio/miniconda3/envs/prokka/db/kingdom/Bacteria/AMR with 4 CPUs
[09:06:39] Running: cat \.\.\/\.\.\/Data\/Chen_Analysis\/Prokka\/Bacteria\/GOMC\.bin\.12041\/GOMC\.bin\.12041\.AMR\.tmp\.3331320\.faa | parallel --gnu --plain -j 4 --block 84108 --recstart '>' --pipe blastp -query - -db /home/joao_facio/miniconda3/envs/prokka/db/kingdom/Bacteria/AMR -evalue 1e-300 -qcov_hsp_perc 90 -num_threads 1 -num_descriptions 1 -num_alignments 1 -seg no > \.\.\/\.\.\/Data\/Chen_Analysis\/Prokka\/Bacteria\/GOMC\.bin\.12041\/GOMC\.bin\.12041\.AMR\.tmp\.3331320\.blast 2> /dev/null
[09:06:44] Deleting unwanted file: ../../Data/Chen_Analysis/Prokka/Bacteria/GOMC.bin.12041/GOMC.bin.12041.AMR.tmp.3331320.faa
[09:06:44] Deleting unwanted file: ../../Data/Chen_Analysis/Prokka/Bacteria/GOMC.bin.12041/GOMC.bin.12041.AMR.tmp.3331320.blast
[09:06:44] There are still 2453 unannotated CDS left (started with 2456)
[09:06:44] Will use blast to search against /home/joao_facio/miniconda3/envs/prokka/db/kingdom/Bacteria/sprot with 4 CPUs
[09:06:44] Running: cat \.\.\/\.\.\/Data\/Chen_Analysis\/Prokka\/Bacteria\/GOMC\.bin\.12041\/GOMC\.bin\.12041\.sprot\.tmp\.3331320\.faa | parallel --gnu --plain -j 4 --block 84108 --recstart '>' --pipe blastp -query - -db /home/joao_facio/miniconda3/envs/prokka/db/kingdom/Bacteria/sprot -evalue 1e-09 -qcov_hsp_perc 80 -num_threads 1 -num_descriptions 1 -num_alignments 1 -seg no > \.\.\/\.\.\/Data\/Chen_Analysis\/Prokka\/Bacteria\/GOMC\.bin\.12041\/GOMC\.bin\.12041\.sprot\.tmp\.3331320\.blast 2> /dev/null
[09:07:13] Modify product: Uncharacterized oxidoreductase Rv1144 => putative oxidoreductase
[09:07:13] Modify product: Uncharacterized protein Rv3400 => putative protein
[09:07:13] Modify product: Probable cation-transporting ATPase F => putative cation-transporting ATPase F
[09:07:13] Modify product: Probable TonB-dependent receptor BfrD => putative TonB-dependent receptor BfrD
[09:07:13] Modify product: Uncharacterized ABC transporter ATP-binding protein YknY => putative ABC transporter ATP-binding protein YknY
[09:07:13] Modify product: Probable cytosol aminopeptidase => putative cytosol aminopeptidase
[09:07:13] Modify product: Probable ABC transporter ATP-binding protein NosF => putative ABC transporter ATP-binding protein NosF
[09:07:13] Modify product: Uncharacterized signaling protein PA1727 => putative signaling protein
[09:07:13] Modify product: UPF0182 protein MSMEG_1959/MSMEI_1915 => hypothetical protein
[09:07:13] Modify product: UPF0182 protein MSMEG_1959/MSMEI_1915 => hypothetical protein
[09:07:13] Modify product: Putative transport protein Rv1101c => Putative transport protein
[09:07:13] Modify product: Monocarboxylate 2-oxoacid-binding periplasmic protein all3028 => Monocarboxylate 2-oxoacid-binding periplasmic protein
[09:07:13] Modify product: Uncharacterized protein Rv1260 => putative protein
[09:07:13] Modify product: Probable malonic semialdehyde reductase RutE => putative malonic semialdehyde reductase RutE
[09:07:13] Modify product: Uncharacterized oxidoreductase Rv0484c => putative oxidoreductase
[09:07:13] Modify product: UPF0102 protein RPA0323 => hypothetical protein
[09:07:13] Modify product: Uncharacterized signaling protein CC_0091 => putative signaling protein
[09:07:13] Modify product: Uncharacterized protein Rv2232 => putative protein
[09:07:13] Modify product: Probable peptidoglycan glycosyltransferase FtsW => putative peptidoglycan glycosyltransferase FtsW
[09:07:13] Modify product: Uncharacterized oxidoreductase YciK => putative oxidoreductase YciK
[09:07:13] Modify product: Uncharacterized ABC transporter ATP-binding protein TM_0288 => putative ABC transporter ATP-binding protein
[09:07:13] Modify product: Uncharacterized ABC transporter ATP-binding protein YadG => putative ABC transporter ATP-binding protein YadG
[09:07:13] Modify product: Uncharacterized ABC transporter ATP-binding protein YadG => putative ABC transporter ATP-binding protein YadG
[09:07:13] Modify product: Glycogen operon protein GlgX homolog => Glycogen operon protein GlgX 
[09:07:13] Modify product: Uncharacterized ABC transporter ATP-binding protein YknY => putative ABC transporter ATP-binding protein YknY
[09:07:13] Modify product: Nucleotide-binding protein Rv1421 => Nucleotide-binding protein
[09:07:13] Modify product: Uncharacterized ABC transporter ATP-binding protein YxlF => putative ABC transporter ATP-binding protein YxlF
[09:07:13] Modify product: UPF0335 protein CCNA_03428 => hypothetical protein
[09:07:13] Modify product: Uncharacterized signaling protein PA1727 => putative signaling protein
[09:07:13] Modify product: Probable lipid II flippase MurJ => putative lipid II flippase MurJ
[09:07:13] Modify product: UPF0434 protein NMA0874 => hypothetical protein
[09:07:13] Modify product: Uncharacterized protein Rv2569c => putative protein
[09:07:13] Modify product: Uncharacterized protein Rv2411c => putative protein
[09:07:13] Modify product: Probable S-adenosylmethionine-dependent methyltransferase MSMEG_2350/MSMEI_2290 => putative S-adenosylmethionine-dependent methyltransferase/MSMEI_2290
[09:07:14] Modify product: Uncharacterized signaling protein CC_0091 => putative signaling protein
[09:07:14] Modify product: Bifunctional protein FolD => Bifunctional protein FolD protein
[09:07:14] Modify product: Uncharacterized oxidoreductase Rv0769 => putative oxidoreductase
[09:07:14] Modify product: Uncharacterized signaling protein PA1727 => putative signaling protein
[09:07:14] Modify product: Uncharacterized protein YqeY => putative protein YqeY
[09:07:14] Modify product: UPF0394 membrane protein XF_0766 => hypothetical protein
[09:07:14] Modify product: UPF0394 membrane protein XF_0765 => hypothetical protein
[09:07:14] Modify product: Putative monooxygenase Rv1533 => Putative monooxygenase
[09:07:14] Modify product: UPF0053 inner membrane protein YtfL => hypothetical protein
[09:07:14] Modify product: Probable lipoprotein YiaD => putative lipoprotein YiaD
[09:07:14] Modify product: UPF0758 protein => hypothetical protein
[09:07:14] Modify product: Probable glycine dehydrogenase (decarboxylating) subunit 2 => putative glycine dehydrogenase (decarboxylating) subunit 2
[09:07:14] Modify product: Probable succinyl-CoA:3-ketoacid coenzyme A transferase subunit A => putative succinyl-CoA:3-ketoacid coenzyme A transferase subunit A
[09:07:14] Modify product: PKHD-type hydroxylase Sbal_3634 => PKHD-type hydroxylase
[09:07:14] Modify product: Uncharacterized FAD-linked oxidoreductase Rv2280 => putative FAD-linked oxidoreductase
[09:07:14] Modify product: Probable chaperone CsaA => putative chaperone CsaA
[09:07:14] Modify product: Probable copper-importing P-type ATPase A => putative copper-importing P-type ATPase A
[09:07:14] Modify product: Uncharacterized RNA pseudouridine synthase Rv1540 => putative RNA pseudouridine synthase
[09:07:14] Modify product: GTP-binding protein TypA/BipA homolog => GTP-binding protein TypA/BipA 
[09:07:14] Modify product: Probable L,D-transpeptidase YcbB => putative L,D-transpeptidase YcbB
[09:07:14] Modify product: Uncharacterized protein Rv2004c => putative protein
[09:07:14] Modify product: UPF0060 membrane protein YnfA => hypothetical protein
[09:07:14] Modify product: Uncharacterized protein Rv2000 => putative protein
[09:07:14] Modify product: Probable peptidoglycan D,D-transpeptidase FtsI => putative peptidoglycan D,D-transpeptidase FtsI
[09:07:14] Modify product: Probable ATP-dependent transporter SufC => putative ATP-dependent transporter SufC
[09:07:14] Modify product: Putative acyltransferase Rv0859 => Putative acyltransferase
[09:07:14] Modify product: Uncharacterized oxidoreductase SA2266 => putative oxidoreductase
[09:07:14] Modify product: Putative trans-acting enoyl reductase Rv2449c => Putative trans-acting enoyl reductase
[09:07:14] Modify product: Probable TonB-dependent receptor NMB0964 => putative TonB-dependent receptor
[09:07:14] Modify product: Probable dolichyl-phosphate-mannose--protein mannosyltransferase => putative dolichyl-phosphate-mannose--protein mannosyltransferase
[09:07:14] Modify product: Uncharacterized protein Rv2715 => putative protein
[09:07:14] Cleaned 65 /product names
[09:07:14] Deleting unwanted file: ../../Data/Chen_Analysis/Prokka/Bacteria/GOMC.bin.12041/GOMC.bin.12041.sprot.tmp.3331320.faa
[09:07:14] Deleting unwanted file: ../../Data/Chen_Analysis/Prokka/Bacteria/GOMC.bin.12041/GOMC.bin.12041.sprot.tmp.3331320.blast
[09:07:14] There are still 1618 unannotated CDS left (started with 2456)
[09:07:14] Will use hmmer3 to search against /home/joao_facio/miniconda3/envs/prokka/db/hmm/HAMAP.hmm with 4 CPUs
[09:07:14] Running: cat \.\.\/\.\.\/Data\/Chen_Analysis\/Prokka\/Bacteria\/GOMC\.bin\.12041\/GOMC\.bin\.12041\.HAMAP\.hmm\.tmp\.3331320\.faa | parallel --gnu --plain -j 4 --block 51731 --recstart '>' --pipe hmmscan --noali --notextw --acc -E 1e-09 --cpu 1 /home/joao_facio/miniconda3/envs/prokka/db/hmm/HAMAP.hmm /dev/stdin > \.\.\/\.\.\/Data\/Chen_Analysis\/Prokka\/Bacteria\/GOMC\.bin\.12041\/GOMC\.bin\.12041\.HAMAP\.hmm\.tmp\.3331320\.hmmer3 2> /dev/null
[09:07:24] Modify product: Uncharacterized Nudix hydrolase NudL => putative Nudix hydrolase NudL
[09:07:24] Cleaned 1 /product names
[09:07:24] Deleting unwanted file: ../../Data/Chen_Analysis/Prokka/Bacteria/GOMC.bin.12041/GOMC.bin.12041.HAMAP.hmm.tmp.3331320.faa
[09:07:24] Deleting unwanted file: ../../Data/Chen_Analysis/Prokka/Bacteria/GOMC.bin.12041/GOMC.bin.12041.HAMAP.hmm.tmp.3331320.hmmer3
[09:07:24] Labelling remaining 1432 proteins as 'hypothetical protein'
[09:07:24] Possible /pseudo 'Putative protein-methionine-sulfoxide reductase subunit YedZ1' at k63_4321775 position 3703
[09:07:24] Possible /pseudo 'Acetyl-CoA:oxalate CoA-transferase' at k63_3659554 position 1202
[09:07:24] Possible /pseudo 'Small-conductance mechanosensitive channel' at k63_4665082 position 406
[09:07:24] Possible /pseudo 'Peptide chain release factor 3' at k63_4738030 position 3282
[09:07:24] Found 807 unique /gene codes.
[09:07:24] Fixed 2 duplicate /gene - acoA_1 acoA_2
[09:07:24] Fixed 2 duplicate /gene - arnB_1 arnB_2
[09:07:24] Fixed 3 duplicate /gene - bepA_1 bepA_2 bepA_3
[09:07:24] Fixed 9 duplicate /gene - btuB_1 btuB_2 btuB_3 btuB_4 btuB_5 btuB_6 btuB_7 btuB_8 btuB_9
[09:07:24] Fixed 3 duplicate /gene - linC_1 linC_2 linC_3
[09:07:24] Fixed 2 duplicate /gene - menH_1 menH_2
[09:07:24] Fixed 2 duplicate /gene - hpd_1 hpd_2
[09:07:24] Fixed 2 duplicate /gene - gyrB_1 gyrB_2
[09:07:24] Fixed 2 duplicate /gene - cheR1_1 cheR1_2
[09:07:24] Fixed 2 duplicate /gene - bcp_1 bcp_2
[09:07:24] Fixed 2 duplicate /gene - iscS_1 iscS_2
[09:07:24] Fixed 2 duplicate /gene - cysG_1 cysG_2
[09:07:24] Fixed 2 duplicate /gene - cntI_1 cntI_2
[09:07:24] Fixed 2 duplicate /gene - pikAII_1 pikAII_2
[09:07:24] Fixed 2 duplicate /gene - copA_1 copA_2
[09:07:24] Fixed 3 duplicate /gene - lcfB_1 lcfB_2 lcfB_3
[09:07:24] Fixed 2 duplicate /gene - ubiB_1 ubiB_2
[09:07:24] Fixed 6 duplicate /gene - COQ5_1 COQ5_2 COQ5_3 COQ5_4 COQ5_5 COQ5_6
[09:07:24] Fixed 2 duplicate /gene - acoC_1 acoC_2
[09:07:24] Fixed 2 duplicate /gene - COQ3_1 COQ3_2
[09:07:24] Fixed 2 duplicate /gene - hisC_1 hisC_2
[09:07:24] Fixed 2 duplicate /gene - cheY_1 cheY_2
[09:07:24] Fixed 2 duplicate /gene - mtgA_1 mtgA_2
[09:07:24] Fixed 2 duplicate /gene - typA_1 typA_2
[09:07:24] Fixed 3 duplicate /gene - btuD_1 btuD_2 btuD_3
[09:07:24] Fixed 2 duplicate /gene - hdfR_1 hdfR_2
[09:07:24] Fixed 2 duplicate /gene - yknY_1 yknY_2
[09:07:24] Fixed 2 duplicate /gene - dpp5_1 dpp5_2
[09:07:24] Fixed 2 duplicate /gene - edd_1 edd_2
[09:07:24] Fixed 2 duplicate /gene - lexA_1 lexA_2
[09:07:24] Fixed 2 duplicate /gene - fadA_1 fadA_2
[09:07:24] Fixed 3 duplicate /gene - mshA_1 mshA_2 mshA_3
[09:07:24] Fixed 4 duplicate /gene - uctC_1 uctC_2 uctC_3 uctC_4
[09:07:24] Fixed 2 duplicate /gene - alkJ_1 alkJ_2
[09:07:24] Fixed 2 duplicate /gene - dapb3_1 dapb3_2
[09:07:24] Fixed 2 duplicate /gene - yadG_1 yadG_2
[09:07:24] Fixed 2 duplicate /gene - acdA_1 acdA_2
[09:07:24] Fixed 2 duplicate /gene - ohrB_1 ohrB_2
[09:07:24] Fixed 2 duplicate /gene - acsA_1 acsA_2
[09:07:24] Fixed 2 duplicate /gene - cysK_1 cysK_2
[09:07:24] Fixed 3 duplicate /gene - gloB_1 gloB_2 gloB_3
[09:07:24] Fixed 2 duplicate /gene - copB_1 copB_2
[09:07:24] Fixed 2 duplicate /gene - gatA_1 gatA_2
[09:07:24] Fixed 6 duplicate /gene - cheB_1 cheB_2 cheB_3 cheB_4 cheB_5 cheB_6
[09:07:24] Fixed 2 duplicate /gene - azoB_1 azoB_2
[09:07:24] Fixed 2 duplicate /gene - ftsH_1 ftsH_2
[09:07:24] Fixed 5 duplicate /gene - sasA_1 sasA_2 sasA_3 sasA_4 sasA_5
[09:07:24] Fixed 2 duplicate /gene - aadR_1 aadR_2
[09:07:24] Fixed 2 duplicate /gene - gcvA_1 gcvA_2
[09:07:24] Fixed 4 duplicate /gene - dnaJ_1 dnaJ_2 dnaJ_3 dnaJ_4
[09:07:24] Fixed 2 duplicate /gene - msrB_1 msrB_2
[09:07:24] Fixed 4 duplicate /gene - mscS_1 mscS_2 mscS_3 mscS_4
[09:07:24] Fixed 2 duplicate /gene - gppA_1 gppA_2
[09:07:24] Fixed 2 duplicate /gene - yceI_1 yceI_2
[09:07:24] Fixed 3 duplicate /gene - tam_1 tam_2 tam_3
[09:07:24] Fixed 2 duplicate /gene - lpd_1 lpd_2
[09:07:24] Fixed 2 duplicate /gene - murG_1 murG_2
[09:07:24] Fixed 3 duplicate /gene - fabG_1 fabG_2 fabG_3
[09:07:24] Fixed 2 duplicate /gene - nth_1 nth_2
[09:07:24] Fixed 3 duplicate /gene - bdhA_1 bdhA_2 bdhA_3
[09:07:24] Fixed 2 duplicate /gene - cnbA_1 cnbA_2
[09:07:24] Fixed 2 duplicate /gene - yrbG_1 yrbG_2
[09:07:24] Fixed 2 duplicate /gene - iolG_1 iolG_2
[09:07:24] Fixed 2 duplicate /gene - prfC_1 prfC_2
[09:07:24] Fixed 2 duplicate /gene - pyrC_1 pyrC_2
[09:07:24] Fixed 2 duplicate /gene - bamA_1 bamA_2
[09:07:24] Fixed 3 duplicate /gene - phaC_1 phaC_2 phaC_3
[09:07:24] Fixed 2 duplicate /gene - dxs_1 dxs_2
[09:07:24] Fixed 3 duplicate /gene - yfmJ_1 yfmJ_2 yfmJ_3
[09:07:24] Fixed 4 duplicate /gene - pal_1 pal_2 pal_3 pal_4
[09:07:24] Fixed 2 duplicate /gene - azoR_1 azoR_2
[09:07:24] Fixed 2 duplicate /gene - crt_1 crt_2
[09:07:24] Fixed 2 duplicate /gene - redW_1 redW_2
[09:07:24] Fixed 2 duplicate /gene - nupX_1 nupX_2
[09:07:24] Fixed 2 duplicate /gene - pepA_1 pepA_2
[09:07:24] Fixed 2 duplicate /gene - glnB_1 glnB_2
[09:07:24] Fixed 2 duplicate /gene - mdtA_1 mdtA_2
[09:07:24] Fixed 3 duplicate /gene - rcsC_1 rcsC_2 rcsC_3
[09:07:24] Fixed 3 duplicate /gene - dapH_1 dapH_2 dapH_3
[09:07:24] Fixed 2 duplicate /gene - dksA_1 dksA_2
[09:07:24] Fixed 2 duplicate /gene - hemA_1 hemA_2
[09:07:24] Fixed 2 duplicate /gene - fhuA_1 fhuA_2
[09:07:24] Fixed 3 duplicate /gene - kefC_1 kefC_2 kefC_3
[09:07:24] Fixed 2 duplicate /gene - ybhL_1 ybhL_2
[09:07:24] Fixed 3 duplicate /gene - barS1_1 barS1_2 barS1_3
[09:07:24] Fixed 2 duplicate /gene - proB_1 proB_2
[09:07:24] Fixed 2 duplicate /gene - smc_1 smc_2
[09:07:24] Fixed 2 duplicate /gene - glk_1 glk_2
[09:07:24] Fixed 88 colliding /gene names.
[09:07:24] Adding /locus_tag identifiers
[09:07:24] Assigned 2466 locus_tags to CDS and RNA features.
[09:07:24] Writing outputs to ../../Data/Chen_Analysis/Prokka/Bacteria/GOMC.bin.12041/
[09:07:25] Generating annotation statistics file
[09:07:25] Generating Genbank and Sequin files
[09:07:25] Running: tbl2asn -V b -a r10k -l paired-ends -M n -N 1 -y 'Annotated using prokka 1.14.6 from https://github.com/tseemann/prokka' -Z \.\.\/\.\.\/Data\/Chen_Analysis\/Prokka\/Bacteria\/GOMC\.bin\.12041\/GOMC\.bin\.12041\.err -i \.\.\/\.\.\/Data\/Chen_Analysis\/Prokka\/Bacteria\/GOMC\.bin\.12041\/GOMC\.bin\.12041\.fsa 2> /dev/null
[09:07:28] Deleting unwanted file: ../../Data/Chen_Analysis/Prokka/Bacteria/GOMC.bin.12041/errorsummary.val
[09:07:28] Deleting unwanted file: ../../Data/Chen_Analysis/Prokka/Bacteria/GOMC.bin.12041/GOMC.bin.12041.dr
[09:07:28] Deleting unwanted file: ../../Data/Chen_Analysis/Prokka/Bacteria/GOMC.bin.12041/GOMC.bin.12041.fixedproducts
[09:07:28] Deleting unwanted file: ../../Data/Chen_Analysis/Prokka/Bacteria/GOMC.bin.12041/GOMC.bin.12041.ecn
[09:07:28] Deleting unwanted file: ../../Data/Chen_Analysis/Prokka/Bacteria/GOMC.bin.12041/GOMC.bin.12041.val
[09:07:28] Repairing broken .GBK output that tbl2asn produces...
[09:07:28] Running: sed 's/COORDINATES: profile/COORDINATES:profile/' < \.\.\/\.\.\/Data\/Chen_Analysis\/Prokka\/Bacteria\/GOMC\.bin\.12041\/GOMC\.bin\.12041\.gbf > \.\.\/\.\.\/Data\/Chen_Analysis\/Prokka\/Bacteria\/GOMC\.bin\.12041\/GOMC\.bin\.12041\.gbk
[09:07:28] Deleting unwanted file: ../../Data/Chen_Analysis/Prokka/Bacteria/GOMC.bin.12041/GOMC.bin.12041.gbf
[09:07:28] Output files:
[09:07:28] ../../Data/Chen_Analysis/Prokka/Bacteria/GOMC.bin.12041/GOMC.bin.12041.tbl
[09:07:28] ../../Data/Chen_Analysis/Prokka/Bacteria/GOMC.bin.12041/GOMC.bin.12041.txt
[09:07:28] ../../Data/Chen_Analysis/Prokka/Bacteria/GOMC.bin.12041/GOMC.bin.12041.faa
[09:07:28] ../../Data/Chen_Analysis/Prokka/Bacteria/GOMC.bin.12041/GOMC.bin.12041.err
[09:07:28] ../../Data/Chen_Analysis/Prokka/Bacteria/GOMC.bin.12041/GOMC.bin.12041.log
[09:07:28] ../../Data/Chen_Analysis/Prokka/Bacteria/GOMC.bin.12041/GOMC.bin.12041.sqn
[09:07:28] ../../Data/Chen_Analysis/Prokka/Bacteria/GOMC.bin.12041/GOMC.bin.12041.ffn
[09:07:28] ../../Data/Chen_Analysis/Prokka/Bacteria/GOMC.bin.12041/GOMC.bin.12041.gbk
[09:07:28] ../../Data/Chen_Analysis/Prokka/Bacteria/GOMC.bin.12041/GOMC.bin.12041.gff
[09:07:28] ../../Data/Chen_Analysis/Prokka/Bacteria/GOMC.bin.12041/GOMC.bin.12041.tsv
[09:07:28] ../../Data/Chen_Analysis/Prokka/Bacteria/GOMC.bin.12041/GOMC.bin.12041.fna
[09:07:28] ../../Data/Chen_Analysis/Prokka/Bacteria/GOMC.bin.12041/GOMC.bin.12041.fsa
[09:07:28] Annotation finished successfully.
[09:07:28] Walltime used: 1.00 minutes
[09:07:28] If you use this result please cite the Prokka paper:
[09:07:28] Seemann T (2014) Prokka: rapid prokaryotic genome annotation. Bioinformatics. 30(14):2068-9.
[09:07:28] Type 'prokka --citation' for more details.
[09:07:28] Thank you, come again.
