[09:11:12] This is prokka 1.14.6
[09:11:12] Written by Torsten Seemann <torsten.seemann@gmail.com>
[09:11:12] Homepage is https://github.com/tseemann/prokka
[09:11:12] Local time is Mon Dec  1 09:11:12 2025
[09:11:12] You are joao_facio
[09:11:12] Operating system is linux
[09:11:12] You have BioPerl 1.7.8
[09:11:12] System has 12 cores.
[09:11:12] Will use maximum of 4 cores.
[09:11:12] Annotating as >>> Bacteria <<<
[09:11:12] Generating locus_tag from '/tmp/tmp6gns85ah/GOMC.bin.2722.fa' contents.
[09:11:12] Setting --locustag FANIGGNJ from MD5 fa720073ecddb2e1cb5bf1e651391e8d
[09:11:12] Creating new output folder: ../../Data/Chen_Analysis/Prokka/Bacteria/GOMC.bin.2722
[09:11:12] Running: mkdir -p \.\.\/\.\.\/Data\/Chen_Analysis\/Prokka\/Bacteria\/GOMC\.bin\.2722
[09:11:12] Using filename prefix: GOMC.bin.2722.XXX
[09:11:12] Setting HMMER_NCPU=1
[09:11:12] Writing log to: ../../Data/Chen_Analysis/Prokka/Bacteria/GOMC.bin.2722/GOMC.bin.2722.log
[09:11:12] Command: /home/joao_facio/miniconda3/envs/prokka/bin/prokka --outdir ../../Data/Chen_Analysis/Prokka/Bacteria/GOMC.bin.2722 --prefix GOMC.bin.2722 --kingdom Bacteria --genus DRQN01 --strain GOMC.bin.2722 --cpus 4 --force /tmp/tmp6gns85ah/GOMC.bin.2722.fa
[09:11:12] Appending to PATH: /home/joao_facio/miniconda3/envs/prokka/bin
[09:11:12] Looking for 'aragorn' - found /home/joao_facio/miniconda3/envs/prokka/bin/aragorn
[09:11:12] Determined aragorn version is 001002 from 'ARAGORN v1.2.41 Dean Laslett'
[09:11:12] Looking for 'barrnap' - found /home/joao_facio/miniconda3/envs/prokka/bin/barrnap
[09:11:12] Determined barrnap version is 000009 from 'barrnap 0.9'
[09:11:12] Looking for 'blastp' - found /home/joao_facio/miniconda3/envs/prokka/bin/blastp
[09:11:12] Determined blastp version is 002016 from 'blastp: 2.16.0+'
[09:11:12] Looking for 'cmpress' - found /home/joao_facio/miniconda3/envs/prokka/bin/cmpress
[09:11:12] Determined cmpress version is 001001 from '# INFERNAL 1.1.5 (Sep 2023)'
[09:11:12] Looking for 'cmscan' - found /home/joao_facio/miniconda3/envs/prokka/bin/cmscan
[09:11:12] Determined cmscan version is 001001 from '# INFERNAL 1.1.5 (Sep 2023)'
[09:11:12] Looking for 'egrep' - found /usr/bin/egrep
[09:11:12] Looking for 'find' - found /usr/bin/find
[09:11:12] Looking for 'grep' - found /usr/bin/grep
[09:11:12] Looking for 'hmmpress' - found /home/joao_facio/miniconda3/envs/prokka/bin/hmmpress
[09:11:12] Determined hmmpress version is 003004 from '# HMMER 3.4 (Aug 2023); http://hmmer.org/'
[09:11:12] Looking for 'hmmscan' - found /home/joao_facio/miniconda3/envs/prokka/bin/hmmscan
[09:11:12] Determined hmmscan version is 003004 from '# HMMER 3.4 (Aug 2023); http://hmmer.org/'
[09:11:12] Looking for 'java' - found /home/joao_facio/miniconda3/envs/prokka/bin/java
[09:11:12] Looking for 'makeblastdb' - found /home/joao_facio/miniconda3/envs/prokka/bin/makeblastdb
[09:11:12] Determined makeblastdb version is 002016 from 'makeblastdb: 2.16.0+'
[09:11:12] Looking for 'minced' - found /home/joao_facio/miniconda3/envs/prokka/bin/minced
[09:11:12] Determined minced version is 004002 from 'minced 0.4.2'
[09:11:12] Looking for 'parallel' - found /home/joao_facio/miniconda3/envs/prokka/bin/parallel
[09:11:12] Determined parallel version is 20251122 from 'GNU parallel 20251122'
[09:11:12] Looking for 'prodigal' - found /home/joao_facio/miniconda3/envs/prokka/bin/prodigal
[09:11:12] Determined prodigal version is 002006 from 'Prodigal V2.6.3: February, 2016'
[09:11:12] Looking for 'prokka-genbank_to_fasta_db' - found /home/joao_facio/miniconda3/envs/prokka/bin/prokka-genbank_to_fasta_db
[09:11:12] Looking for 'sed' - found /usr/bin/sed
[09:11:12] Looking for 'tbl2asn' - found /home/joao_facio/miniconda3/envs/prokka/bin/tbl2asn
[09:11:12] Determined tbl2asn version is 025007 from 'tbl2asn 25.7   arguments:'
[09:11:12] Using genetic code table 11.
[09:11:12] Loading and checking input file: /tmp/tmp6gns85ah/GOMC.bin.2722.fa
[09:11:12] Wrote 521 contigs totalling 2394052 bp.
[09:11:12] Predicting tRNAs and tmRNAs
[09:11:12] Running: aragorn -l -gc11  -w \.\.\/\.\.\/Data\/Chen_Analysis\/Prokka\/Bacteria\/GOMC\.bin\.2722\/GOMC\.bin\.2722\.fna
[09:11:13] 1 tRNA-Gly [966,1055] 31 (gcc)
[09:11:13] 1 tRNA-Leu c[554,642] 41 (cag)
[09:11:13] 1 tRNA-Thr c[6626,6710] 37 (ggt)
[09:11:13] 1 tRNA-Ser c[3146,3233] 35 (tga)
[09:11:13] 1 tRNA-Gly [4592,4682] 32 (gcc)
[09:11:13] 1 tRNA-Ser c[3179,3257] 38 (gga)
[09:11:13] 1 tRNA-Ser [2139,2228] 35 (cga)
[09:11:13] 1 tRNA-Leu c[3826,3911] 36 (tag)
[09:11:13] 1 tRNA-Thr c[5463,5538] 34 (tgt)
[09:11:13] Found 9 tRNAs
[09:11:13] Predicting Ribosomal RNAs
[09:11:13] Running Barrnap with 4 threads
[09:11:14] Found 0 rRNAs
[09:11:14] Skipping ncRNA search, enable with --rfam if desired.
[09:11:14] Total of 9 tRNA + rRNA features
[09:11:14] Searching for CRISPR repeats
[09:11:14] Found 0 CRISPRs
[09:11:14] Predicting coding sequences
[09:11:14] Contigs total 2394052 bp, so using single mode
[09:11:14] Running: prodigal -i \.\.\/\.\.\/Data\/Chen_Analysis\/Prokka\/Bacteria\/GOMC\.bin\.2722\/GOMC\.bin\.2722\.fna -c -m -g 11 -p single -f sco -q
[09:11:15] Excluding CDS which overlaps existing RNA (tRNA) at SRR6439372_k53_41049_1:414..1010 on + strand
[09:11:15] Excluding CDS which overlaps existing RNA (tRNA) at SRR6439372_k53_87419_1:6398..7141 on + strand
[09:11:15] Excluding CDS which overlaps existing RNA (tRNA) at SRR6439372_k53_102509_1:3868..4599 on - strand
[09:11:15] Excluding CDS which overlaps existing RNA (tRNA) at SRR6439372_k53_102509_1:4596..5228 on - strand
[09:11:15] Excluding CDS which overlaps existing RNA (tRNA) at SRR6439372_k53_144078_1:735..3848 on - strand
[09:11:16] Found 2310 CDS
[09:11:16] Connecting features back to sequences
[09:11:16] Not using genus-specific database. Try --usegenus to enable it.
[09:11:16] Annotating CDS, please be patient.
[09:11:16] Will use 4 CPUs for similarity searching.
[09:11:16] There are still 2310 unannotated CDS left (started with 2310)
[09:11:16] Will use blast to search against /home/joao_facio/miniconda3/envs/prokka/db/kingdom/Bacteria/IS with 4 CPUs
[09:11:16] Running: cat \.\.\/\.\.\/Data\/Chen_Analysis\/Prokka\/Bacteria\/GOMC\.bin\.2722\/GOMC\.bin\.2722\.IS\.tmp\.3340835\.faa | parallel --gnu --plain -j 4 --block 81416 --recstart '>' --pipe blastp -query - -db /home/joao_facio/miniconda3/envs/prokka/db/kingdom/Bacteria/IS -evalue 1e-30 -qcov_hsp_perc 90 -num_threads 1 -num_descriptions 1 -num_alignments 1 -seg no > \.\.\/\.\.\/Data\/Chen_Analysis\/Prokka\/Bacteria\/GOMC\.bin\.2722\/GOMC\.bin\.2722\.IS\.tmp\.3340835\.blast 2> /dev/null
[09:11:23] Deleting unwanted file: ../../Data/Chen_Analysis/Prokka/Bacteria/GOMC.bin.2722/GOMC.bin.2722.IS.tmp.3340835.faa
[09:11:23] Deleting unwanted file: ../../Data/Chen_Analysis/Prokka/Bacteria/GOMC.bin.2722/GOMC.bin.2722.IS.tmp.3340835.blast
[09:11:23] There are still 2306 unannotated CDS left (started with 2310)
[09:11:23] Will use blast to search against /home/joao_facio/miniconda3/envs/prokka/db/kingdom/Bacteria/AMR with 4 CPUs
[09:11:23] Running: cat \.\.\/\.\.\/Data\/Chen_Analysis\/Prokka\/Bacteria\/GOMC\.bin\.2722\/GOMC\.bin\.2722\.AMR\.tmp\.3340835\.faa | parallel --gnu --plain -j 4 --block 81249 --recstart '>' --pipe blastp -query - -db /home/joao_facio/miniconda3/envs/prokka/db/kingdom/Bacteria/AMR -evalue 1e-300 -qcov_hsp_perc 90 -num_threads 1 -num_descriptions 1 -num_alignments 1 -seg no > \.\.\/\.\.\/Data\/Chen_Analysis\/Prokka\/Bacteria\/GOMC\.bin\.2722\/GOMC\.bin\.2722\.AMR\.tmp\.3340835\.blast 2> /dev/null
[09:11:28] Deleting unwanted file: ../../Data/Chen_Analysis/Prokka/Bacteria/GOMC.bin.2722/GOMC.bin.2722.AMR.tmp.3340835.faa
[09:11:28] Deleting unwanted file: ../../Data/Chen_Analysis/Prokka/Bacteria/GOMC.bin.2722/GOMC.bin.2722.AMR.tmp.3340835.blast
[09:11:28] There are still 2306 unannotated CDS left (started with 2310)
[09:11:28] Will use blast to search against /home/joao_facio/miniconda3/envs/prokka/db/kingdom/Bacteria/sprot with 4 CPUs
[09:11:28] Running: cat \.\.\/\.\.\/Data\/Chen_Analysis\/Prokka\/Bacteria\/GOMC\.bin\.2722\/GOMC\.bin\.2722\.sprot\.tmp\.3340835\.faa | parallel --gnu --plain -j 4 --block 81249 --recstart '>' --pipe blastp -query - -db /home/joao_facio/miniconda3/envs/prokka/db/kingdom/Bacteria/sprot -evalue 1e-09 -qcov_hsp_perc 80 -num_threads 1 -num_descriptions 1 -num_alignments 1 -seg no > \.\.\/\.\.\/Data\/Chen_Analysis\/Prokka\/Bacteria\/GOMC\.bin\.2722\/GOMC\.bin\.2722\.sprot\.tmp\.3340835\.blast 2> /dev/null
[09:11:56] Modify product: Monocarboxylate 2-oxoacid-binding periplasmic protein all3028 => Monocarboxylate 2-oxoacid-binding periplasmic protein
[09:11:56] Modify product: Probable phosphatase Rv3661 => putative phosphatase
[09:11:56] Modify product: Probable 3-phenylpropionic acid transporter => putative 3-phenylpropionic acid transporter
[09:11:56] Modify product: Uncharacterized protein Rv2307c => putative protein
[09:11:56] Modify product: Uncharacterized metal-dependent hydrolase YjjV => putative metal-dependent hydrolase YjjV
[09:11:56] Modify product: UPF0234 protein XC_3703 => hypothetical protein
[09:11:56] Modify product: UPF0213 protein EF_2693 => hypothetical protein
[09:11:56] Modify product: Uncharacterized protein Rv2030c => putative protein
[09:11:56] Modify product: Putative phosphoribosyl transferase Rv0571c => Putative phosphoribosyl transferase
[09:11:56] Modify product: Cyclic diguanosine monophosphate-binding protein PA4608 => Cyclic diguanosine monophosphate-binding protein
[09:11:56] Modify product: UPF0178 protein YaiI => hypothetical protein
[09:11:56] Modify product: STAS-domain containing protein PA14_20770 => STAS-domain containing protein
[09:11:56] Modify product: UPF0434 protein CV_3345 => hypothetical protein
[09:11:56] Modify product: Probable sulfate transporter Rv1739c => putative sulfate transporter
[09:11:56] Modify product: Uncharacterized zinc protease Rv2782c => putative zinc protease
[09:11:56] Modify product: Uncharacterized protein NMB0928 => putative protein
[09:11:56] Modify product: Uncharacterized ABC transporter ATP-binding protein YheS => putative ABC transporter ATP-binding protein YheS
[09:11:56] Modify product: Uncharacterized protein TP_0956 => putative protein
[09:11:56] Modify product: UPF0701 protein YicC => hypothetical protein
[09:11:56] Modify product: UPF0102 protein RPA0323 => hypothetical protein
[09:11:56] Modify product: Probable DNA endonuclease SmrA => putative DNA endonuclease SmrA
[09:11:56] Modify product: Bifunctional protein FolD => Bifunctional protein FolD protein
[09:11:56] Modify product: Uncharacterized metal-dependent hydrolase YcfH => putative metal-dependent hydrolase YcfH
[09:11:56] Modify product: Probable ATP-dependent DNA helicase YoaA => putative ATP-dependent DNA helicase YoaA
[09:11:56] Modify product: Probable glycerol-3-phosphate acyltransferase => putative glycerol-3-phosphate acyltransferase
[09:11:56] Modify product: Uncharacterized ABC transporter ATP-binding protein YadG => putative ABC transporter ATP-binding protein YadG
[09:11:56] Modify product: UPF0194 membrane protein YbhG => hypothetical protein
[09:11:56] Modify product: Probable binding protein component of ABC iron transporter PA5217 => putative binding protein component of ABC iron transporter
[09:11:56] Modify product: Uncharacterized protein Rv1480 => putative protein
[09:11:56] Modify product: Probable protein kinase UbiB => putative protein kinase UbiB
[09:11:56] Modify product: Putative transport protein Rv0205 => Putative transport protein
[09:11:56] Modify product: Uncharacterized protein Rv1276c => putative protein
[09:11:56] Modify product: UPF0301 protein VC_0467 => hypothetical protein
[09:11:56] Modify product: Uncharacterized HTH-type transcriptional regulator Rv1395 => putative HTH-type transcriptional regulator
[09:11:56] Modify product: Uncharacterized acyl-CoA thioester hydrolase HI_0827 => putative acyl-CoA thioester hydrolase
[09:11:56] Modify product: Probable GTP-binding protein EngB => putative GTP-binding protein EngB
[09:11:56] Modify product: Probable ketoamine kinase HMPREF0351_12196 => putative ketoamine kinase
[09:11:56] Modify product: Putative low molecular weight protein-tyrosine-phosphatase slr0328 => Putative low molecular weight protein-tyrosine-phosphatase
[09:11:56] Modify product: Probable glycine dehydrogenase (decarboxylating) subunit 1 => putative glycine dehydrogenase (decarboxylating) subunit 1
[09:11:56] Modify product: Probable glycine dehydrogenase (decarboxylating) subunit 2 => putative glycine dehydrogenase (decarboxylating) subunit 2
[09:11:56] Modify product: PKHD-type hydroxylase Sbal_3634 => PKHD-type hydroxylase
[09:11:56] Modify product: Uncharacterized glycosyltransferase sll0501 => putative glycosyltransferase
[09:11:56] Modify product: Probable chromosome-partitioning protein ParB => putative chromosome-partitioning protein ParB
[09:11:56] Modify product: Uncharacterized signaling protein PA1727 => putative signaling protein
[09:11:56] Modify product: Probable cardiolipin synthase YwiE => putative cardiolipin synthase YwiE
[09:11:56] Modify product: UPF0111 protein HI_1603 => hypothetical protein
[09:11:56] Modify product: Uncharacterized ABC transporter ATP-binding protein YbiT => putative ABC transporter ATP-binding protein YbiT
[09:11:56] Modify product: Uncharacterized protein YqeY => putative protein YqeY
[09:11:56] Modify product: Probable copper-exporting P-type ATPase V => putative copper-exporting P-type ATPase V
[09:11:56] Modify product: Ribonuclease TTHA0252 => Ribonuclease
[09:11:56] Modify product: Probable Ni/Fe-hydrogenase B-type cytochrome subunit => putative Ni/Fe-hydrogenase B-type cytochrome subunit
[09:11:56] Modify product: Probable Fe(2+)-trafficking protein => putative Fe(2+)-trafficking protein
[09:11:56] Modify product: Probable peptidoglycan glycosyltransferase FtsW => putative peptidoglycan glycosyltransferase FtsW
[09:11:56] Modify product: Probable multidrug ABC transporter permease YbhS => putative multidrug ABC transporter permease YbhS
[09:11:56] Modify product: Probable multidrug ABC transporter permease YbhR => putative multidrug ABC transporter permease YbhR
[09:11:56] Modify product: Probable nicotinate-nucleotide adenylyltransferase => putative nicotinate-nucleotide adenylyltransferase
[09:11:56] Modify product: Uncharacterized protein Rv2004c => putative protein
[09:11:56] Modify product: Uncharacterized signaling protein PA1727 => putative signaling protein
[09:11:56] Modify product: UPF0250 protein YbeD => hypothetical protein
[09:11:56] Modify product: Uncharacterized protein YaeQ => putative protein YaeQ
[09:11:56] Modify product: Uncharacterized glycosyltransferase sll0501 => putative glycosyltransferase
[09:11:56] Modify product: Uncharacterized signaling protein CC_0091 => putative signaling protein
[09:11:56] Modify product: Uncharacterized protein YfgD => putative protein YfgD
[09:11:56] Modify product: Co-chaperone protein HscB homolog => Co-chaperone protein HscB 
[09:11:56] Modify product: UPF0098 protein CT_736 => hypothetical protein
[09:11:56] Modify product: Uncharacterized ABC transporter ATP-binding protein YknY => putative ABC transporter ATP-binding protein YknY
[09:11:56] Modify product: UPF0070 protein HI_0370 => hypothetical protein
[09:11:56] Modify product: RNA-binding protein HI_1333 => RNA-binding protein
[09:11:56] Modify product: Putative peptidyl-prolyl cis-trans isomerase HP_0175 => Putative peptidyl-prolyl cis-trans isomerase
[09:11:56] Modify product: Uncharacterized protein YciO => putative protein YciO
[09:11:56] Modify product: Probable intracellular septation protein A => putative intracellular septation protein A
[09:11:56] Modify product: Probable parvulin-type peptidyl-prolyl cis-trans isomerase => putative parvulin-type peptidyl-prolyl cis-trans isomerase
[09:11:56] Modify product: Uncharacterized protease YhbU => putative protease YhbU
[09:11:56] Modify product: Sulfurtransferase Alvin_2599 => Sulfurtransferase
[09:11:56] Modify product: STAS-domain containing protein PA14_20770 => STAS-domain containing protein
[09:11:56] Modify product: Response regulator receiver protein Anae109_2439 => Response regulator receiver protein
[09:11:56] Modify product: Virulence protein STM3117 => Virulence protein
[09:11:56] Cleaned 77 /product names
[09:11:56] Deleting unwanted file: ../../Data/Chen_Analysis/Prokka/Bacteria/GOMC.bin.2722/GOMC.bin.2722.sprot.tmp.3340835.faa
[09:11:56] Deleting unwanted file: ../../Data/Chen_Analysis/Prokka/Bacteria/GOMC.bin.2722/GOMC.bin.2722.sprot.tmp.3340835.blast
[09:11:57] There are still 1267 unannotated CDS left (started with 2310)
[09:11:57] Will use hmmer3 to search against /home/joao_facio/miniconda3/envs/prokka/db/hmm/HAMAP.hmm with 4 CPUs
[09:11:57] Running: cat \.\.\/\.\.\/Data\/Chen_Analysis\/Prokka\/Bacteria\/GOMC\.bin\.2722\/GOMC\.bin\.2722\.HAMAP\.hmm\.tmp\.3340835\.faa | parallel --gnu --plain -j 4 --block 40255 --recstart '>' --pipe hmmscan --noali --notextw --acc -E 1e-09 --cpu 1 /home/joao_facio/miniconda3/envs/prokka/db/hmm/HAMAP.hmm /dev/stdin > \.\.\/\.\.\/Data\/Chen_Analysis\/Prokka\/Bacteria\/GOMC\.bin\.2722\/GOMC\.bin\.2722\.HAMAP\.hmm\.tmp\.3340835\.hmmer3 2> /dev/null
[09:12:06] Deleting unwanted file: ../../Data/Chen_Analysis/Prokka/Bacteria/GOMC.bin.2722/GOMC.bin.2722.HAMAP.hmm.tmp.3340835.faa
[09:12:06] Deleting unwanted file: ../../Data/Chen_Analysis/Prokka/Bacteria/GOMC.bin.2722/GOMC.bin.2722.HAMAP.hmm.tmp.3340835.hmmer3
[09:12:06] Labelling remaining 1123 proteins as 'hypothetical protein'
[09:12:06] Possible /pseudo 'Cytochrome c6' at SRR6439372_k53_87419_1 position 4827
[09:12:06] Possible /pseudo 'Macrolide export ATP-binding/permease protein MacB' at SRR6439372_k53_112667_1 position 6352
[09:12:06] Possible /pseudo 'Twitching mobility protein' at SRR6439372_k53_216680_1 position 5744
[09:12:06] Possible /pseudo 'Cytochrome c4' at SRR6439372_k53_411900_1 position 918
[09:12:06] Found 971 unique /gene codes.
[09:12:06] Fixed 2 duplicate /gene - kefC_1 kefC_2
[09:12:06] Fixed 2 duplicate /gene - asrB_1 asrB_2
[09:12:06] Fixed 2 duplicate /gene - fabG_1 fabG_2
[09:12:06] Fixed 2 duplicate /gene - copA_1 copA_2
[09:12:06] Fixed 2 duplicate /gene - fimW_1 fimW_2
[09:12:06] Fixed 2 duplicate /gene - epsM_1 epsM_2
[09:12:06] Fixed 2 duplicate /gene - macB_1 macB_2
[09:12:06] Fixed 2 duplicate /gene - IMPDH_1 IMPDH_2
[09:12:06] Fixed 3 duplicate /gene - pknD_1 pknD_2 pknD_3
[09:12:06] Fixed 2 duplicate /gene - lpxP_1 lpxP_2
[09:12:06] Fixed 2 duplicate /gene - ureG_1 ureG_2
[09:12:06] Fixed 2 duplicate /gene - yrdA_1 yrdA_2
[09:12:06] Fixed 2 duplicate /gene - purE_1 purE_2
[09:12:06] Fixed 3 duplicate /gene - pal_1 pal_2 pal_3
[09:12:06] Fixed 2 duplicate /gene - swrC_1 swrC_2
[09:12:06] Fixed 2 duplicate /gene - mscS_1 mscS_2
[09:12:06] Fixed 3 duplicate /gene - eno_1 eno_2 eno_3
[09:12:06] Fixed 3 duplicate /gene - resA_1 resA_2 resA_3
[09:12:06] Fixed 2 duplicate /gene - sdhE_1 sdhE_2
[09:12:06] Fixed 2 duplicate /gene - egtB_1 egtB_2
[09:12:06] Fixed 2 duplicate /gene - sigR_1 sigR_2
[09:12:06] Fixed 3 duplicate /gene - cheB_1 cheB_2 cheB_3
[09:12:06] Fixed 2 duplicate /gene - rbr_1 rbr_2
[09:12:06] Fixed 2 duplicate /gene - flhB_1 flhB_2
[09:12:06] Fixed 2 duplicate /gene - mshA_1 mshA_2
[09:12:06] Fixed 2 duplicate /gene - lexA_1 lexA_2
[09:12:06] Fixed 2 duplicate /gene - gpmI_1 gpmI_2
[09:12:06] Fixed 2 duplicate /gene - cysB_1 cysB_2
[09:12:06] Fixed 2 duplicate /gene - lepB_1 lepB_2
[09:12:06] Fixed 2 duplicate /gene - def_1 def_2
[09:12:06] Fixed 10 duplicate /gene - rcsC_1 rcsC_2 rcsC_3 rcsC_4 rcsC_5 rcsC_6 rcsC_7 rcsC_8 rcsC_9 rcsC_10
[09:12:06] Fixed 3 duplicate /gene - petJ_1 petJ_2 petJ_3
[09:12:06] Fixed 2 duplicate /gene - nth_1 nth_2
[09:12:06] Fixed 2 duplicate /gene - cc4_1 cc4_2
[09:12:06] Fixed 2 duplicate /gene - queE_1 queE_2
[09:12:06] Fixed 2 duplicate /gene - folK_1 folK_2
[09:12:06] Fixed 10 duplicate /gene - sasA_1 sasA_2 sasA_3 sasA_4 sasA_5 sasA_6 sasA_7 sasA_8 sasA_9 sasA_10
[09:12:06] Fixed 2 duplicate /gene - adk_1 adk_2
[09:12:06] Fixed 2 duplicate /gene - murC_1 murC_2
[09:12:06] Fixed 2 duplicate /gene - pfkB_1 pfkB_2
[09:12:06] Fixed 2 duplicate /gene - glnB_1 glnB_2
[09:12:06] Fixed 2 duplicate /gene - tolQ_1 tolQ_2
[09:12:06] Fixed 2 duplicate /gene - nirQ_1 nirQ_2
[09:12:06] Fixed 2 duplicate /gene - trxC_1 trxC_2
[09:12:06] Fixed 2 duplicate /gene - prs_1 prs_2
[09:12:06] Fixed 2 duplicate /gene - aas_1 aas_2
[09:12:06] Fixed 2 duplicate /gene - exbB_1 exbB_2
[09:12:06] Fixed 2 duplicate /gene - aroE_1 aroE_2
[09:12:06] Fixed 2 duplicate /gene - pasT_1 pasT_2
[09:12:06] Fixed 3 duplicate /gene - crp_1 crp_2 crp_3
[09:12:06] Fixed 2 duplicate /gene - esiB_1 esiB_2
[09:12:06] Fixed 2 duplicate /gene - fdx_1 fdx_2
[09:12:06] Fixed 2 duplicate /gene - ubiJ_1 ubiJ_2
[09:12:06] Fixed 2 duplicate /gene - trpD_1 trpD_2
[09:12:06] Fixed 2 duplicate /gene - sucC_1 sucC_2
[09:12:06] Fixed 3 duplicate /gene - phoP_1 phoP_2 phoP_3
[09:12:06] Fixed 3 duplicate /gene - cpoB_1 cpoB_2 cpoB_3
[09:12:06] Fixed 2 duplicate /gene - exbD_1 exbD_2
[09:12:06] Fixed 5 duplicate /gene - speE_1 speE_2 speE_3 speE_4 speE_5
[09:12:06] Fixed 3 duplicate /gene - pcm_1 pcm_2 pcm_3
[09:12:06] Fixed 2 duplicate /gene - nuoH_1 nuoH_2
[09:12:06] Fixed 2 duplicate /gene - cspA_1 cspA_2
[09:12:06] Fixed 2 duplicate /gene - pgl_1 pgl_2
[09:12:06] Fixed 2 duplicate /gene - nirS_1 nirS_2
[09:12:06] Fixed 3 duplicate /gene - pilT_1 pilT_2 pilT_3
[09:12:06] Fixed 3 duplicate /gene - ccpA_1 ccpA_2 ccpA_3
[09:12:06] Fixed 2 duplicate /gene - lemA_1 lemA_2
[09:12:06] Fixed 2 duplicate /gene - cheA_1 cheA_2
[09:12:06] Fixed 2 duplicate /gene - sctC_1 sctC_2
[09:12:06] Fixed 2 duplicate /gene - sigE_1 sigE_2
[09:12:06] Fixed 2 duplicate /gene - barA_1 barA_2
[09:12:06] Fixed 2 duplicate /gene - fliA_1 fliA_2
[09:12:06] Fixed 2 duplicate /gene - cph2_1 cph2_2
[09:12:06] Fixed 2 duplicate /gene - lolD_1 lolD_2
[09:12:06] Fixed 6 duplicate /gene - mdtA_1 mdtA_2 mdtA_3 mdtA_4 mdtA_5 mdtA_6
[09:12:06] Fixed 3 duplicate /gene - dksA_1 dksA_2 dksA_3
[09:12:06] Fixed 2 duplicate /gene - tusA_1 tusA_2
[09:12:06] Fixed 2 duplicate /gene - tolB_1 tolB_2
[09:12:06] Fixed 3 duplicate /gene - dsbD_1 dsbD_2 dsbD_3
[09:12:06] Fixed 2 duplicate /gene - ispH_1 ispH_2
[09:12:06] Fixed 2 duplicate /gene - prpC_1 prpC_2
[09:12:06] Fixed 2 duplicate /gene - murB_1 murB_2
[09:12:06] Fixed 2 duplicate /gene - ftsH_1 ftsH_2
[09:12:06] Fixed 2 duplicate /gene - slyD_1 slyD_2
[09:12:06] Fixed 4 duplicate /gene - czcA_1 czcA_2 czcA_3 czcA_4
[09:12:06] Fixed 2 duplicate /gene - soj_1 soj_2
[09:12:06] Fixed 2 duplicate /gene - ftsA_1 ftsA_2
[09:12:06] Fixed 2 duplicate /gene - pleD_1 pleD_2
[09:12:06] Fixed 3 duplicate /gene - tusE_1 tusE_2 tusE_3
[09:12:06] Fixed 3 duplicate /gene - atoC_1 atoC_2 atoC_3
[09:12:06] Fixed 2 duplicate /gene - lpxC_1 lpxC_2
[09:12:06] Fixed 2 duplicate /gene - tolR_1 tolR_2
[09:12:06] Fixed 92 colliding /gene names.
[09:12:06] Adding /locus_tag identifiers
[09:12:06] Assigned 2319 locus_tags to CDS and RNA features.
[09:12:06] Writing outputs to ../../Data/Chen_Analysis/Prokka/Bacteria/GOMC.bin.2722/
[09:12:06] Generating annotation statistics file
[09:12:06] Generating Genbank and Sequin files
[09:12:06] Running: tbl2asn -V b -a r10k -l paired-ends -M n -N 1 -y 'Annotated using prokka 1.14.6 from https://github.com/tseemann/prokka' -Z \.\.\/\.\.\/Data\/Chen_Analysis\/Prokka\/Bacteria\/GOMC\.bin\.2722\/GOMC\.bin\.2722\.err -i \.\.\/\.\.\/Data\/Chen_Analysis\/Prokka\/Bacteria\/GOMC\.bin\.2722\/GOMC\.bin\.2722\.fsa 2> /dev/null
[09:12:09] Deleting unwanted file: ../../Data/Chen_Analysis/Prokka/Bacteria/GOMC.bin.2722/errorsummary.val
[09:12:09] Deleting unwanted file: ../../Data/Chen_Analysis/Prokka/Bacteria/GOMC.bin.2722/GOMC.bin.2722.dr
[09:12:09] Deleting unwanted file: ../../Data/Chen_Analysis/Prokka/Bacteria/GOMC.bin.2722/GOMC.bin.2722.fixedproducts
[09:12:09] Deleting unwanted file: ../../Data/Chen_Analysis/Prokka/Bacteria/GOMC.bin.2722/GOMC.bin.2722.ecn
[09:12:09] Deleting unwanted file: ../../Data/Chen_Analysis/Prokka/Bacteria/GOMC.bin.2722/GOMC.bin.2722.val
[09:12:09] Repairing broken .GBK output that tbl2asn produces...
[09:12:09] Running: sed 's/COORDINATES: profile/COORDINATES:profile/' < \.\.\/\.\.\/Data\/Chen_Analysis\/Prokka\/Bacteria\/GOMC\.bin\.2722\/GOMC\.bin\.2722\.gbf > \.\.\/\.\.\/Data\/Chen_Analysis\/Prokka\/Bacteria\/GOMC\.bin\.2722\/GOMC\.bin\.2722\.gbk
[09:12:09] Deleting unwanted file: ../../Data/Chen_Analysis/Prokka/Bacteria/GOMC.bin.2722/GOMC.bin.2722.gbf
[09:12:09] Output files:
[09:12:09] ../../Data/Chen_Analysis/Prokka/Bacteria/GOMC.bin.2722/GOMC.bin.2722.txt
[09:12:09] ../../Data/Chen_Analysis/Prokka/Bacteria/GOMC.bin.2722/GOMC.bin.2722.fna
[09:12:09] ../../Data/Chen_Analysis/Prokka/Bacteria/GOMC.bin.2722/GOMC.bin.2722.fsa
[09:12:09] ../../Data/Chen_Analysis/Prokka/Bacteria/GOMC.bin.2722/GOMC.bin.2722.err
[09:12:09] ../../Data/Chen_Analysis/Prokka/Bacteria/GOMC.bin.2722/GOMC.bin.2722.gff
[09:12:09] ../../Data/Chen_Analysis/Prokka/Bacteria/GOMC.bin.2722/GOMC.bin.2722.gbk
[09:12:09] ../../Data/Chen_Analysis/Prokka/Bacteria/GOMC.bin.2722/GOMC.bin.2722.tbl
[09:12:09] ../../Data/Chen_Analysis/Prokka/Bacteria/GOMC.bin.2722/GOMC.bin.2722.faa
[09:12:09] ../../Data/Chen_Analysis/Prokka/Bacteria/GOMC.bin.2722/GOMC.bin.2722.tsv
[09:12:09] ../../Data/Chen_Analysis/Prokka/Bacteria/GOMC.bin.2722/GOMC.bin.2722.log
[09:12:09] ../../Data/Chen_Analysis/Prokka/Bacteria/GOMC.bin.2722/GOMC.bin.2722.sqn
[09:12:09] ../../Data/Chen_Analysis/Prokka/Bacteria/GOMC.bin.2722/GOMC.bin.2722.ffn
[09:12:09] Annotation finished successfully.
[09:12:09] Walltime used: 0.95 minutes
[09:12:09] If you use this result please cite the Prokka paper:
[09:12:09] Seemann T (2014) Prokka: rapid prokaryotic genome annotation. Bioinformatics. 30(14):2068-9.
[09:12:09] Type 'prokka --citation' for more details.
[09:12:09] Share and enjoy!
