[07:42:50] This is prokka 1.14.6
[07:42:50] Written by Torsten Seemann <torsten.seemann@gmail.com>
[07:42:50] Homepage is https://github.com/tseemann/prokka
[07:42:50] Local time is Mon Dec  1 07:42:50 2025
[07:42:50] You are joao_facio
[07:42:50] Operating system is linux
[07:42:50] You have BioPerl 1.7.8
[07:42:50] System has 12 cores.
[07:42:50] Will use maximum of 4 cores.
[07:42:50] Annotating as >>> Bacteria <<<
[07:42:50] Generating locus_tag from '/tmp/tmp6gns85ah/GOMC.bin.1707.fa' contents.
[07:42:50] Setting --locustag GFFCGKPM from MD5 0ffc0496a89ab94aa6f4bca228750161
[07:42:50] Creating new output folder: ../../Data/Chen_Analysis/Prokka/Bacteria/GOMC.bin.1707
[07:42:50] Running: mkdir -p \.\.\/\.\.\/Data\/Chen_Analysis\/Prokka\/Bacteria\/GOMC\.bin\.1707
[07:42:50] Using filename prefix: GOMC.bin.1707.XXX
[07:42:50] Setting HMMER_NCPU=1
[07:42:50] Writing log to: ../../Data/Chen_Analysis/Prokka/Bacteria/GOMC.bin.1707/GOMC.bin.1707.log
[07:42:50] Command: /home/joao_facio/miniconda3/envs/prokka/bin/prokka --outdir ../../Data/Chen_Analysis/Prokka/Bacteria/GOMC.bin.1707 --prefix GOMC.bin.1707 --kingdom Bacteria --genus DRQE01 --strain GOMC.bin.1707 --cpus 4 --force /tmp/tmp6gns85ah/GOMC.bin.1707.fa
[07:42:50] Appending to PATH: /home/joao_facio/miniconda3/envs/prokka/bin
[07:42:50] Looking for 'aragorn' - found /home/joao_facio/miniconda3/envs/prokka/bin/aragorn
[07:42:50] Determined aragorn version is 001002 from 'ARAGORN v1.2.41 Dean Laslett'
[07:42:50] Looking for 'barrnap' - found /home/joao_facio/miniconda3/envs/prokka/bin/barrnap
[07:42:50] Determined barrnap version is 000009 from 'barrnap 0.9'
[07:42:50] Looking for 'blastp' - found /home/joao_facio/miniconda3/envs/prokka/bin/blastp
[07:42:50] Determined blastp version is 002016 from 'blastp: 2.16.0+'
[07:42:50] Looking for 'cmpress' - found /home/joao_facio/miniconda3/envs/prokka/bin/cmpress
[07:42:50] Determined cmpress version is 001001 from '# INFERNAL 1.1.5 (Sep 2023)'
[07:42:50] Looking for 'cmscan' - found /home/joao_facio/miniconda3/envs/prokka/bin/cmscan
[07:42:50] Determined cmscan version is 001001 from '# INFERNAL 1.1.5 (Sep 2023)'
[07:42:50] Looking for 'egrep' - found /usr/bin/egrep
[07:42:50] Looking for 'find' - found /usr/bin/find
[07:42:50] Looking for 'grep' - found /usr/bin/grep
[07:42:50] Looking for 'hmmpress' - found /home/joao_facio/miniconda3/envs/prokka/bin/hmmpress
[07:42:50] Determined hmmpress version is 003004 from '# HMMER 3.4 (Aug 2023); http://hmmer.org/'
[07:42:50] Looking for 'hmmscan' - found /home/joao_facio/miniconda3/envs/prokka/bin/hmmscan
[07:42:50] Determined hmmscan version is 003004 from '# HMMER 3.4 (Aug 2023); http://hmmer.org/'
[07:42:50] Looking for 'java' - found /home/joao_facio/miniconda3/envs/prokka/bin/java
[07:42:50] Looking for 'makeblastdb' - found /home/joao_facio/miniconda3/envs/prokka/bin/makeblastdb
[07:42:50] Determined makeblastdb version is 002016 from 'makeblastdb: 2.16.0+'
[07:42:50] Looking for 'minced' - found /home/joao_facio/miniconda3/envs/prokka/bin/minced
[07:42:50] Determined minced version is 004002 from 'minced 0.4.2'
[07:42:50] Looking for 'parallel' - found /home/joao_facio/miniconda3/envs/prokka/bin/parallel
[07:42:50] Determined parallel version is 20251122 from 'GNU parallel 20251122'
[07:42:50] Looking for 'prodigal' - found /home/joao_facio/miniconda3/envs/prokka/bin/prodigal
[07:42:50] Determined prodigal version is 002006 from 'Prodigal V2.6.3: February, 2016'
[07:42:50] Looking for 'prokka-genbank_to_fasta_db' - found /home/joao_facio/miniconda3/envs/prokka/bin/prokka-genbank_to_fasta_db
[07:42:50] Looking for 'sed' - found /usr/bin/sed
[07:42:50] Looking for 'tbl2asn' - found /home/joao_facio/miniconda3/envs/prokka/bin/tbl2asn
[07:42:50] Determined tbl2asn version is 025007 from 'tbl2asn 25.7   arguments:'
[07:42:50] Using genetic code table 11.
[07:42:50] Loading and checking input file: /tmp/tmp6gns85ah/GOMC.bin.1707.fa
[07:42:50] Wrote 376 contigs totalling 1214758 bp.
[07:42:50] Predicting tRNAs and tmRNAs
[07:42:50] Running: aragorn -l -gc11  -w \.\.\/\.\.\/Data\/Chen_Analysis\/Prokka\/Bacteria\/GOMC\.bin\.1707\/GOMC\.bin\.1707\.fna
[07:42:50] 1 tRNA-Leu c[1672,1758] 35 (caa)
[07:42:50] 1 tRNA-Pro c[228,304] 35 (cgg)
[07:42:50] 1 tRNA-Arg [3629,3705] 35 (acg)
[07:42:50] 1 tRNA-Gln c[4454,4527] 33 (ctg)
[07:42:50] Found 4 tRNAs
[07:42:50] Predicting Ribosomal RNAs
[07:42:50] Running Barrnap with 4 threads
[07:42:51] Found 0 rRNAs
[07:42:51] Skipping ncRNA search, enable with --rfam if desired.
[07:42:51] Total of 4 tRNA + rRNA features
[07:42:51] Searching for CRISPR repeats
[07:42:51] Found 0 CRISPRs
[07:42:51] Predicting coding sequences
[07:42:51] Contigs total 1214758 bp, so using single mode
[07:42:51] Running: prodigal -i \.\.\/\.\.\/Data\/Chen_Analysis\/Prokka\/Bacteria\/GOMC\.bin\.1707\/GOMC\.bin\.1707\.fna -c -m -g 11 -p single -f sco -q
[07:42:52] Found 1161 CDS
[07:42:52] Connecting features back to sequences
[07:42:52] Not using genus-specific database. Try --usegenus to enable it.
[07:42:52] Annotating CDS, please be patient.
[07:42:52] Will use 4 CPUs for similarity searching.
[07:42:52] There are still 1161 unannotated CDS left (started with 1161)
[07:42:52] Will use blast to search against /home/joao_facio/miniconda3/envs/prokka/db/kingdom/Bacteria/IS with 4 CPUs
[07:42:52] Running: cat \.\.\/\.\.\/Data\/Chen_Analysis\/Prokka\/Bacteria\/GOMC\.bin\.1707\/GOMC\.bin\.1707\.IS\.tmp\.3164673\.faa | parallel --gnu --plain -j 4 --block 41003 --recstart '>' --pipe blastp -query - -db /home/joao_facio/miniconda3/envs/prokka/db/kingdom/Bacteria/IS -evalue 1e-30 -qcov_hsp_perc 90 -num_threads 1 -num_descriptions 1 -num_alignments 1 -seg no > \.\.\/\.\.\/Data\/Chen_Analysis\/Prokka\/Bacteria\/GOMC\.bin\.1707\/GOMC\.bin\.1707\.IS\.tmp\.3164673\.blast 2> /dev/null
[07:42:55] Deleting unwanted file: ../../Data/Chen_Analysis/Prokka/Bacteria/GOMC.bin.1707/GOMC.bin.1707.IS.tmp.3164673.faa
[07:42:55] Deleting unwanted file: ../../Data/Chen_Analysis/Prokka/Bacteria/GOMC.bin.1707/GOMC.bin.1707.IS.tmp.3164673.blast
[07:42:55] There are still 1161 unannotated CDS left (started with 1161)
[07:42:55] Will use blast to search against /home/joao_facio/miniconda3/envs/prokka/db/kingdom/Bacteria/AMR with 4 CPUs
[07:42:55] Running: cat \.\.\/\.\.\/Data\/Chen_Analysis\/Prokka\/Bacteria\/GOMC\.bin\.1707\/GOMC\.bin\.1707\.AMR\.tmp\.3164673\.faa | parallel --gnu --plain -j 4 --block 41003 --recstart '>' --pipe blastp -query - -db /home/joao_facio/miniconda3/envs/prokka/db/kingdom/Bacteria/AMR -evalue 1e-300 -qcov_hsp_perc 90 -num_threads 1 -num_descriptions 1 -num_alignments 1 -seg no > \.\.\/\.\.\/Data\/Chen_Analysis\/Prokka\/Bacteria\/GOMC\.bin\.1707\/GOMC\.bin\.1707\.AMR\.tmp\.3164673\.blast 2> /dev/null
[07:42:58] Deleting unwanted file: ../../Data/Chen_Analysis/Prokka/Bacteria/GOMC.bin.1707/GOMC.bin.1707.AMR.tmp.3164673.faa
[07:42:58] Deleting unwanted file: ../../Data/Chen_Analysis/Prokka/Bacteria/GOMC.bin.1707/GOMC.bin.1707.AMR.tmp.3164673.blast
[07:42:58] There are still 1161 unannotated CDS left (started with 1161)
[07:42:58] Will use blast to search against /home/joao_facio/miniconda3/envs/prokka/db/kingdom/Bacteria/sprot with 4 CPUs
[07:42:58] Running: cat \.\.\/\.\.\/Data\/Chen_Analysis\/Prokka\/Bacteria\/GOMC\.bin\.1707\/GOMC\.bin\.1707\.sprot\.tmp\.3164673\.faa | parallel --gnu --plain -j 4 --block 41003 --recstart '>' --pipe blastp -query - -db /home/joao_facio/miniconda3/envs/prokka/db/kingdom/Bacteria/sprot -evalue 1e-09 -qcov_hsp_perc 80 -num_threads 1 -num_descriptions 1 -num_alignments 1 -seg no > \.\.\/\.\.\/Data\/Chen_Analysis\/Prokka\/Bacteria\/GOMC\.bin\.1707\/GOMC\.bin\.1707\.sprot\.tmp\.3164673\.blast 2> /dev/null
[07:43:12] Modify product: UPF0173 metal-dependent hydrolase TM_1162 => hypothetical protein
[07:43:12] Modify product: UPF0758 protein => hypothetical protein
[07:43:12] Modify product: Probable nicotinate-nucleotide pyrophosphorylase [carboxylating] => putative nicotinate-nucleotide pyrophosphorylase [carboxylating]
[07:43:12] Modify product: Probable multidrug ABC transporter permease YbhR => putative multidrug ABC transporter permease YbhR
[07:43:12] Modify product: Uncharacterized protein Rv2004c => putative protein
[07:43:12] Modify product: Uncharacterized protein YisK => putative protein YisK
[07:43:12] Modify product: Probable copper-transporting ATPase PacS => putative copper-transporting ATPase PacS
[07:43:12] Modify product: Uncharacterized PIN and TRAM-domain containing protein YacL => putative PIN and TRAM-domain containing protein YacL
[07:43:12] Modify product: Probable Ni/Fe-hydrogenase 1 B-type cytochrome subunit => putative Ni/Fe-hydrogenase 1 B-type cytochrome subunit
[07:43:12] Modify product: Cyclic di-GMP phosphodiesterase PA4781 => Cyclic di-GMP phosphodiesterase
[07:43:12] Modify product: Uncharacterized protein YciO => putative protein YciO
[07:43:12] Modify product: Putative zinc metalloprotease aq_1964 => Putative zinc metalloprotease
[07:43:12] Modify product: UPF0102 protein RPA0323 => hypothetical protein
[07:43:12] Modify product: Probable endonuclease 4 => putative endonuclease 4
[07:43:12] Modify product: Probable ribonucleotide transport ATP-binding protein mkl => putative ribonucleotide transport ATP-binding protein mkl
[07:43:12] Modify product: Fluoroquinolones export ATP-binding protein Rv2688c => Fluoroquinolones export ATP-binding protein
[07:43:12] Modify product: Probable S-adenosylmethionine-dependent methyltransferase MSMEG_2350/MSMEI_2290 => putative S-adenosylmethionine-dependent methyltransferase/MSMEI_2290
[07:43:12] Modify product: Uncharacterized protein HI_0755 => putative protein
[07:43:12] Modify product: Probable CtpA-like serine protease => putative CtpA-like serine protease
[07:43:12] Modify product: UPF0053 inner membrane protein YfjD => hypothetical protein
[07:43:12] Modify product: Probable GTP-binding protein EngB => putative GTP-binding protein EngB
[07:43:12] Modify product: Uncharacterized zinc-type alcohol dehydrogenase-like protein YdjJ => putative zinc-type alcohol dehydrogenase-like protein YdjJ
[07:43:12] Modify product: UPF0047 protein Rv2556c => hypothetical protein
[07:43:12] Modify product: Probable transcriptional regulatory protein pdtaR => putative transcriptional regulatory protein pdtaR
[07:43:12] Modify product: UPF0098 protein CT_736 => hypothetical protein
[07:43:12] Modify product: Nucleotide-binding protein Rv1421 => Nucleotide-binding protein
[07:43:12] Modify product: UPF0434 protein BB2007 => hypothetical protein
[07:43:12] Modify product: Probable type II secretion system protein HxcR => putative type II secretion system protein HxcR
[07:43:12] Modify product: Putative HTH-type transcriptional regulator Rv1287 => Putative HTH-type transcriptional regulator
[07:43:12] Modify product: Probable peptidoglycan glycosyltransferase FtsW => putative peptidoglycan glycosyltransferase FtsW
[07:43:12] Modify product: UPF0045 protein Rv1898 => hypothetical protein
[07:43:12] Modify product: Probable glycine dehydrogenase (decarboxylating) subunit 1 => putative glycine dehydrogenase (decarboxylating) subunit 1
[07:43:12] Modify product: Uncharacterized protein Rv1829 => putative protein
[07:43:12] Modify product: Uncharacterized FAD-linked oxidoreductase Rv2280 => putative FAD-linked oxidoreductase
[07:43:12] Modify product: Nucleoid-associated protein Cthe_2143 => Nucleoid-associated protein
[07:43:12] Modify product: Uncharacterized protein YqeY => putative protein YqeY
[07:43:12] Modify product: Segregation and condensation protein B homolog => Segregation and condensation protein B 
[07:43:12] Modify product: Phosphate-specific transport system accessory protein PhoU homolog => Phosphate-specific transport system accessory protein PhoU 
[07:43:12] Modify product: Probable fused nickel transport protein LarMN => putative fused nickel transport protein LarMN
[07:43:12] Modify product: Uncharacterized protein Rv0090 => putative protein
[07:43:12] Modify product: Probable Ni/Fe-hydrogenase B-type cytochrome subunit => putative Ni/Fe-hydrogenase B-type cytochrome subunit
[07:43:12] Modify product: Protease HtpX homolog => Protease HtpX 
[07:43:12] Modify product: Probable protein kinase UbiB => putative protein kinase UbiB
[07:43:12] Modify product: Uncharacterized transporter Rv2685 => putative transporter
[07:43:12] Cleaned 44 /product names
[07:43:12] Deleting unwanted file: ../../Data/Chen_Analysis/Prokka/Bacteria/GOMC.bin.1707/GOMC.bin.1707.sprot.tmp.3164673.faa
[07:43:12] Deleting unwanted file: ../../Data/Chen_Analysis/Prokka/Bacteria/GOMC.bin.1707/GOMC.bin.1707.sprot.tmp.3164673.blast
[07:43:12] There are still 518 unannotated CDS left (started with 1161)
[07:43:12] Will use hmmer3 to search against /home/joao_facio/miniconda3/envs/prokka/db/hmm/HAMAP.hmm with 4 CPUs
[07:43:12] Running: cat \.\.\/\.\.\/Data\/Chen_Analysis\/Prokka\/Bacteria\/GOMC\.bin\.1707\/GOMC\.bin\.1707\.HAMAP\.hmm\.tmp\.3164673\.faa | parallel --gnu --plain -j 4 --block 16306 --recstart '>' --pipe hmmscan --noali --notextw --acc -E 1e-09 --cpu 1 /home/joao_facio/miniconda3/envs/prokka/db/hmm/HAMAP.hmm /dev/stdin > \.\.\/\.\.\/Data\/Chen_Analysis\/Prokka\/Bacteria\/GOMC\.bin\.1707\/GOMC\.bin\.1707\.HAMAP\.hmm\.tmp\.3164673\.hmmer3 2> /dev/null
[07:43:16] Deleting unwanted file: ../../Data/Chen_Analysis/Prokka/Bacteria/GOMC.bin.1707/GOMC.bin.1707.HAMAP.hmm.tmp.3164673.faa
[07:43:16] Deleting unwanted file: ../../Data/Chen_Analysis/Prokka/Bacteria/GOMC.bin.1707/GOMC.bin.1707.HAMAP.hmm.tmp.3164673.hmmer3
[07:43:16] Labelling remaining 421 proteins as 'hypothetical protein'
[07:43:16] Possible /pseudo 'Thiol-disulfide oxidoreductase ResA' at SRR10312498_k53_615439_1 position 2168
[07:43:16] Possible /pseudo 'Thiol-disulfide oxidoreductase ResA' at SRR10312498_k53_823863_1 position 1714
[07:43:16] Found 633 unique /gene codes.
[07:43:16] Fixed 2 duplicate /gene - rsmE_1 rsmE_2
[07:43:16] Fixed 2 duplicate /gene - hemE_1 hemE_2
[07:43:16] Fixed 2 duplicate /gene - lnrL_1 lnrL_2
[07:43:16] Fixed 7 duplicate /gene - mshA_1 mshA_2 mshA_3 mshA_4 mshA_5 mshA_6 mshA_7
[07:43:16] Fixed 2 duplicate /gene - cysG_1 cysG_2
[07:43:16] Fixed 2 duplicate /gene - miaB_1 miaB_2
[07:43:16] Fixed 2 duplicate /gene - kdsB_1 kdsB_2
[07:43:16] Fixed 5 duplicate /gene - petB_1 petB_2 petB_3 petB_4 petB_5
[07:43:16] Fixed 2 duplicate /gene - rgtE_1 rgtE_2
[07:43:16] Fixed 4 duplicate /gene - moaA_1 moaA_2 moaA_3 moaA_4
[07:43:16] Fixed 2 duplicate /gene - prsA_1 prsA_2
[07:43:16] Fixed 2 duplicate /gene - nrgA_1 nrgA_2
[07:43:16] Fixed 2 duplicate /gene - ymdB_1 ymdB_2
[07:43:16] Fixed 2 duplicate /gene - mprA_1 mprA_2
[07:43:16] Fixed 2 duplicate /gene - gltX_1 gltX_2
[07:43:16] Fixed 2 duplicate /gene - degP_1 degP_2
[07:43:16] Fixed 2 duplicate /gene - ndhI_1 ndhI_2
[07:43:16] Fixed 2 duplicate /gene - nth_1 nth_2
[07:43:16] Fixed 2 duplicate /gene - neuB_1 neuB_2
[07:43:16] Fixed 2 duplicate /gene - htpX_1 htpX_2
[07:43:16] Fixed 2 duplicate /gene - sdhE_1 sdhE_2
[07:43:16] Fixed 2 duplicate /gene - ddlB_1 ddlB_2
[07:43:16] Fixed 2 duplicate /gene - cheA_1 cheA_2
[07:43:16] Fixed 3 duplicate /gene - atoC_1 atoC_2 atoC_3
[07:43:16] Fixed 2 duplicate /gene - acpS_1 acpS_2
[07:43:16] Fixed 2 duplicate /gene - sdcS_1 sdcS_2
[07:43:16] Fixed 3 duplicate /gene - ccsA_1 ccsA_2 ccsA_3
[07:43:16] Fixed 2 duplicate /gene - atpC_1 atpC_2
[07:43:16] Fixed 2 duplicate /gene - pgsA_1 pgsA_2
[07:43:16] Fixed 2 duplicate /gene - atpG_1 atpG_2
[07:43:16] Fixed 2 duplicate /gene - cheB_1 cheB_2
[07:43:16] Fixed 2 duplicate /gene - atpD_1 atpD_2
[07:43:16] Fixed 6 duplicate /gene - resA_1 resA_2 resA_3 resA_4 resA_5 resA_6
[07:43:16] Fixed 4 duplicate /gene - bepA_1 bepA_2 bepA_3 bepA_4
[07:43:16] Fixed 2 duplicate /gene - xerD_1 xerD_2
[07:43:16] Fixed 2 duplicate /gene - algA_1 algA_2
[07:43:16] Fixed 2 duplicate /gene - thrC_1 thrC_2
[07:43:16] Fixed 2 duplicate /gene - mftC_1 mftC_2
[07:43:16] Fixed 2 duplicate /gene - galT_1 galT_2
[07:43:16] Fixed 2 duplicate /gene - pilT_1 pilT_2
[07:43:16] Fixed 2 duplicate /gene - asrB_1 asrB_2
[07:43:16] Fixed 2 duplicate /gene - comEC_1 comEC_2
[07:43:16] Fixed 4 duplicate /gene - cpoB_1 cpoB_2 cpoB_3 cpoB_4
[07:43:16] Fixed 4 duplicate /gene - sasA_1 sasA_2 sasA_3 sasA_4
[07:43:16] Fixed 2 duplicate /gene - thiE_1 thiE_2
[07:43:16] Fixed 2 duplicate /gene - cheY_1 cheY_2
[07:43:16] Fixed 2 duplicate /gene - phoP_1 phoP_2
[07:43:16] Fixed 2 duplicate /gene - aldHT_1 aldHT_2
[07:43:16] Fixed 2 duplicate /gene - atpF_1 atpF_2
[07:43:16] Fixed 49 colliding /gene names.
[07:43:16] Adding /locus_tag identifiers
[07:43:16] Assigned 1165 locus_tags to CDS and RNA features.
[07:43:16] Writing outputs to ../../Data/Chen_Analysis/Prokka/Bacteria/GOMC.bin.1707/
[07:43:16] Generating annotation statistics file
[07:43:16] Generating Genbank and Sequin files
[07:43:16] Running: tbl2asn -V b -a r10k -l paired-ends -M n -N 1 -y 'Annotated using prokka 1.14.6 from https://github.com/tseemann/prokka' -Z \.\.\/\.\.\/Data\/Chen_Analysis\/Prokka\/Bacteria\/GOMC\.bin\.1707\/GOMC\.bin\.1707\.err -i \.\.\/\.\.\/Data\/Chen_Analysis\/Prokka\/Bacteria\/GOMC\.bin\.1707\/GOMC\.bin\.1707\.fsa 2> /dev/null
[07:43:17] Deleting unwanted file: ../../Data/Chen_Analysis/Prokka/Bacteria/GOMC.bin.1707/errorsummary.val
[07:43:17] Deleting unwanted file: ../../Data/Chen_Analysis/Prokka/Bacteria/GOMC.bin.1707/GOMC.bin.1707.dr
[07:43:17] Deleting unwanted file: ../../Data/Chen_Analysis/Prokka/Bacteria/GOMC.bin.1707/GOMC.bin.1707.fixedproducts
[07:43:17] Deleting unwanted file: ../../Data/Chen_Analysis/Prokka/Bacteria/GOMC.bin.1707/GOMC.bin.1707.ecn
[07:43:17] Deleting unwanted file: ../../Data/Chen_Analysis/Prokka/Bacteria/GOMC.bin.1707/GOMC.bin.1707.val
[07:43:17] Repairing broken .GBK output that tbl2asn produces...
[07:43:17] Running: sed 's/COORDINATES: profile/COORDINATES:profile/' < \.\.\/\.\.\/Data\/Chen_Analysis\/Prokka\/Bacteria\/GOMC\.bin\.1707\/GOMC\.bin\.1707\.gbf > \.\.\/\.\.\/Data\/Chen_Analysis\/Prokka\/Bacteria\/GOMC\.bin\.1707\/GOMC\.bin\.1707\.gbk
[07:43:17] Deleting unwanted file: ../../Data/Chen_Analysis/Prokka/Bacteria/GOMC.bin.1707/GOMC.bin.1707.gbf
[07:43:17] Output files:
[07:43:17] ../../Data/Chen_Analysis/Prokka/Bacteria/GOMC.bin.1707/GOMC.bin.1707.faa
[07:43:17] ../../Data/Chen_Analysis/Prokka/Bacteria/GOMC.bin.1707/GOMC.bin.1707.txt
[07:43:17] ../../Data/Chen_Analysis/Prokka/Bacteria/GOMC.bin.1707/GOMC.bin.1707.fsa
[07:43:17] ../../Data/Chen_Analysis/Prokka/Bacteria/GOMC.bin.1707/GOMC.bin.1707.fna
[07:43:17] ../../Data/Chen_Analysis/Prokka/Bacteria/GOMC.bin.1707/GOMC.bin.1707.log
[07:43:17] ../../Data/Chen_Analysis/Prokka/Bacteria/GOMC.bin.1707/GOMC.bin.1707.err
[07:43:17] ../../Data/Chen_Analysis/Prokka/Bacteria/GOMC.bin.1707/GOMC.bin.1707.tbl
[07:43:17] ../../Data/Chen_Analysis/Prokka/Bacteria/GOMC.bin.1707/GOMC.bin.1707.tsv
[07:43:17] ../../Data/Chen_Analysis/Prokka/Bacteria/GOMC.bin.1707/GOMC.bin.1707.gff
[07:43:17] ../../Data/Chen_Analysis/Prokka/Bacteria/GOMC.bin.1707/GOMC.bin.1707.sqn
[07:43:17] ../../Data/Chen_Analysis/Prokka/Bacteria/GOMC.bin.1707/GOMC.bin.1707.ffn
[07:43:17] ../../Data/Chen_Analysis/Prokka/Bacteria/GOMC.bin.1707/GOMC.bin.1707.gbk
[07:43:17] Annotation finished successfully.
[07:43:17] Walltime used: 0.45 minutes
[07:43:17] If you use this result please cite the Prokka paper:
[07:43:17] Seemann T (2014) Prokka: rapid prokaryotic genome annotation. Bioinformatics. 30(14):2068-9.
[07:43:17] Type 'prokka --citation' for more details.
[07:43:17] Share and enjoy!
