[09:19:24] This is prokka 1.14.6
[09:19:24] Written by Torsten Seemann <torsten.seemann@gmail.com>
[09:19:24] Homepage is https://github.com/tseemann/prokka
[09:19:24] Local time is Mon Dec  1 09:19:24 2025
[09:19:24] You are joao_facio
[09:19:24] Operating system is linux
[09:19:24] You have BioPerl 1.7.8
[09:19:24] System has 12 cores.
[09:19:24] Will use maximum of 4 cores.
[09:19:24] Annotating as >>> Bacteria <<<
[09:19:24] Generating locus_tag from '/tmp/tmp6gns85ah/GOMC.bin.172.fa' contents.
[09:19:24] Setting --locustag IEMICFOL from MD5 2e62cf854f87d9dba885b7b775e87ffe
[09:19:24] Creating new output folder: ../../Data/Chen_Analysis/Prokka/Bacteria/GOMC.bin.172
[09:19:24] Running: mkdir -p \.\.\/\.\.\/Data\/Chen_Analysis\/Prokka\/Bacteria\/GOMC\.bin\.172
[09:19:24] Using filename prefix: GOMC.bin.172.XXX
[09:19:24] Setting HMMER_NCPU=1
[09:19:24] Writing log to: ../../Data/Chen_Analysis/Prokka/Bacteria/GOMC.bin.172/GOMC.bin.172.log
[09:19:24] Command: /home/joao_facio/miniconda3/envs/prokka/bin/prokka --outdir ../../Data/Chen_Analysis/Prokka/Bacteria/GOMC.bin.172 --prefix GOMC.bin.172 --kingdom Bacteria --genus S010-17 --strain GOMC.bin.172 --cpus 4 --force /tmp/tmp6gns85ah/GOMC.bin.172.fa
[09:19:24] Appending to PATH: /home/joao_facio/miniconda3/envs/prokka/bin
[09:19:24] Looking for 'aragorn' - found /home/joao_facio/miniconda3/envs/prokka/bin/aragorn
[09:19:24] Determined aragorn version is 001002 from 'ARAGORN v1.2.41 Dean Laslett'
[09:19:24] Looking for 'barrnap' - found /home/joao_facio/miniconda3/envs/prokka/bin/barrnap
[09:19:24] Determined barrnap version is 000009 from 'barrnap 0.9'
[09:19:24] Looking for 'blastp' - found /home/joao_facio/miniconda3/envs/prokka/bin/blastp
[09:19:24] Determined blastp version is 002016 from 'blastp: 2.16.0+'
[09:19:24] Looking for 'cmpress' - found /home/joao_facio/miniconda3/envs/prokka/bin/cmpress
[09:19:24] Determined cmpress version is 001001 from '# INFERNAL 1.1.5 (Sep 2023)'
[09:19:24] Looking for 'cmscan' - found /home/joao_facio/miniconda3/envs/prokka/bin/cmscan
[09:19:24] Determined cmscan version is 001001 from '# INFERNAL 1.1.5 (Sep 2023)'
[09:19:24] Looking for 'egrep' - found /usr/bin/egrep
[09:19:24] Looking for 'find' - found /usr/bin/find
[09:19:24] Looking for 'grep' - found /usr/bin/grep
[09:19:24] Looking for 'hmmpress' - found /home/joao_facio/miniconda3/envs/prokka/bin/hmmpress
[09:19:24] Determined hmmpress version is 003004 from '# HMMER 3.4 (Aug 2023); http://hmmer.org/'
[09:19:24] Looking for 'hmmscan' - found /home/joao_facio/miniconda3/envs/prokka/bin/hmmscan
[09:19:24] Determined hmmscan version is 003004 from '# HMMER 3.4 (Aug 2023); http://hmmer.org/'
[09:19:24] Looking for 'java' - found /home/joao_facio/miniconda3/envs/prokka/bin/java
[09:19:24] Looking for 'makeblastdb' - found /home/joao_facio/miniconda3/envs/prokka/bin/makeblastdb
[09:19:24] Determined makeblastdb version is 002016 from 'makeblastdb: 2.16.0+'
[09:19:24] Looking for 'minced' - found /home/joao_facio/miniconda3/envs/prokka/bin/minced
[09:19:24] Determined minced version is 004002 from 'minced 0.4.2'
[09:19:24] Looking for 'parallel' - found /home/joao_facio/miniconda3/envs/prokka/bin/parallel
[09:19:24] Determined parallel version is 20251122 from 'GNU parallel 20251122'
[09:19:24] Looking for 'prodigal' - found /home/joao_facio/miniconda3/envs/prokka/bin/prodigal
[09:19:24] Determined prodigal version is 002006 from 'Prodigal V2.6.3: February, 2016'
[09:19:24] Looking for 'prokka-genbank_to_fasta_db' - found /home/joao_facio/miniconda3/envs/prokka/bin/prokka-genbank_to_fasta_db
[09:19:24] Looking for 'sed' - found /usr/bin/sed
[09:19:24] Looking for 'tbl2asn' - found /home/joao_facio/miniconda3/envs/prokka/bin/tbl2asn
[09:19:24] Determined tbl2asn version is 025007 from 'tbl2asn 25.7   arguments:'
[09:19:24] Using genetic code table 11.
[09:19:24] Loading and checking input file: /tmp/tmp6gns85ah/GOMC.bin.172.fa
[09:19:24] Wrote 504 contigs totalling 1878252 bp.
[09:19:24] Predicting tRNAs and tmRNAs
[09:19:24] Running: aragorn -l -gc11  -w \.\.\/\.\.\/Data\/Chen_Analysis\/Prokka\/Bacteria\/GOMC\.bin\.172\/GOMC\.bin\.172\.fna
[09:19:24] 1 tRNA-Cys c[2915,2986] 33 (gca)
[09:19:24] 1 tRNA-Ser c[98,183] 35 (tga)
[09:19:24] 1 tmRNA [4091,4487] 97,126 GENNFALAA*
[09:19:24] 1 tRNA-Leu [1763,1847] 35 (caa)
[09:19:24] 1 tRNA-Arg c[3848,3922] 35 (tcg)
[09:19:24] 1 tRNA-Ser c[64,148] 33 (gct)
[09:19:24] 1 tRNA-Leu c[556,640] 35 (tag)
[09:19:24] Found 7 tRNAs
[09:19:24] Predicting Ribosomal RNAs
[09:19:24] Running Barrnap with 4 threads
[09:19:24] Found 0 rRNAs
[09:19:24] Skipping ncRNA search, enable with --rfam if desired.
[09:19:24] Total of 6 tRNA + rRNA features
[09:19:24] Searching for CRISPR repeats
[09:19:25] Found 0 CRISPRs
[09:19:25] Predicting coding sequences
[09:19:25] Contigs total 1878252 bp, so using single mode
[09:19:25] Running: prodigal -i \.\.\/\.\.\/Data\/Chen_Analysis\/Prokka\/Bacteria\/GOMC\.bin\.172\/GOMC\.bin\.172\.fna -c -m -g 11 -p single -f sco -q
[09:19:26] Found 1543 CDS
[09:19:26] Connecting features back to sequences
[09:19:26] Not using genus-specific database. Try --usegenus to enable it.
[09:19:26] Annotating CDS, please be patient.
[09:19:26] Will use 4 CPUs for similarity searching.
[09:19:27] There are still 1543 unannotated CDS left (started with 1543)
[09:19:27] Will use blast to search against /home/joao_facio/miniconda3/envs/prokka/db/kingdom/Bacteria/IS with 4 CPUs
[09:19:27] Running: cat \.\.\/\.\.\/Data\/Chen_Analysis\/Prokka\/Bacteria\/GOMC\.bin\.172\/GOMC\.bin\.172\.IS\.tmp\.3358044\.faa | parallel --gnu --plain -j 4 --block 60563 --recstart '>' --pipe blastp -query - -db /home/joao_facio/miniconda3/envs/prokka/db/kingdom/Bacteria/IS -evalue 1e-30 -qcov_hsp_perc 90 -num_threads 1 -num_descriptions 1 -num_alignments 1 -seg no > \.\.\/\.\.\/Data\/Chen_Analysis\/Prokka\/Bacteria\/GOMC\.bin\.172\/GOMC\.bin\.172\.IS\.tmp\.3358044\.blast 2> /dev/null
[09:19:32] Deleting unwanted file: ../../Data/Chen_Analysis/Prokka/Bacteria/GOMC.bin.172/GOMC.bin.172.IS.tmp.3358044.faa
[09:19:32] Deleting unwanted file: ../../Data/Chen_Analysis/Prokka/Bacteria/GOMC.bin.172/GOMC.bin.172.IS.tmp.3358044.blast
[09:19:32] There are still 1543 unannotated CDS left (started with 1543)
[09:19:32] Will use blast to search against /home/joao_facio/miniconda3/envs/prokka/db/kingdom/Bacteria/AMR with 4 CPUs
[09:19:32] Running: cat \.\.\/\.\.\/Data\/Chen_Analysis\/Prokka\/Bacteria\/GOMC\.bin\.172\/GOMC\.bin\.172\.AMR\.tmp\.3358044\.faa | parallel --gnu --plain -j 4 --block 60563 --recstart '>' --pipe blastp -query - -db /home/joao_facio/miniconda3/envs/prokka/db/kingdom/Bacteria/AMR -evalue 1e-300 -qcov_hsp_perc 90 -num_threads 1 -num_descriptions 1 -num_alignments 1 -seg no > \.\.\/\.\.\/Data\/Chen_Analysis\/Prokka\/Bacteria\/GOMC\.bin\.172\/GOMC\.bin\.172\.AMR\.tmp\.3358044\.blast 2> /dev/null
[09:19:36] Deleting unwanted file: ../../Data/Chen_Analysis/Prokka/Bacteria/GOMC.bin.172/GOMC.bin.172.AMR.tmp.3358044.faa
[09:19:36] Deleting unwanted file: ../../Data/Chen_Analysis/Prokka/Bacteria/GOMC.bin.172/GOMC.bin.172.AMR.tmp.3358044.blast
[09:19:36] There are still 1543 unannotated CDS left (started with 1543)
[09:19:36] Will use blast to search against /home/joao_facio/miniconda3/envs/prokka/db/kingdom/Bacteria/sprot with 4 CPUs
[09:19:36] Running: cat \.\.\/\.\.\/Data\/Chen_Analysis\/Prokka\/Bacteria\/GOMC\.bin\.172\/GOMC\.bin\.172\.sprot\.tmp\.3358044\.faa | parallel --gnu --plain -j 4 --block 60563 --recstart '>' --pipe blastp -query - -db /home/joao_facio/miniconda3/envs/prokka/db/kingdom/Bacteria/sprot -evalue 1e-09 -qcov_hsp_perc 80 -num_threads 1 -num_descriptions 1 -num_alignments 1 -seg no > \.\.\/\.\.\/Data\/Chen_Analysis\/Prokka\/Bacteria\/GOMC\.bin\.172\/GOMC\.bin\.172\.sprot\.tmp\.3358044\.blast 2> /dev/null
[09:19:57] Modify product: GTP cyclohydrolase 1 type 2 homolog => GTP cyclohydrolase 1 type 2 
[09:19:57] Modify product: Probable dual-specificity RNA methyltransferase RlmN => putative dual-specificity RNA methyltransferase RlmN
[09:19:57] Modify product: Probable RNA polymerase sigma factor FecI => putative RNA polymerase sigma factor FecI
[09:19:57] Modify product: Uncharacterized HIT-like protein Rv0759c => putative HIT-like protein
[09:19:57] Modify product: UPF0758 protein CT0611 => hypothetical protein
[09:19:57] Modify product: Epimerase family protein SA0724 => Epimerase family protein
[09:19:57] Modify product: 23S rRNA 5-hydroxycytidine C2501 synthase => 23S rRNA 5-hydroxycytidine synthase
[09:19:57] Modify product: Uncharacterized protein YcgM => putative protein YcgM
[09:19:57] Modify product: UPF0173 metal-dependent hydrolase TM_1162 => hypothetical protein
[09:19:57] Modify product: Uncharacterized ABC transporter ATP-binding protein YknY => putative ABC transporter ATP-binding protein YknY
[09:19:57] Modify product: UPF0053 protein HI_0107 => hypothetical protein
[09:19:57] Modify product: Uncharacterized protein M6_Spy0233 => putative protein
[09:19:57] Modify product: Putative esterase PA1618 => Putative esterase
[09:19:57] Modify product: Probable quorum-quenching lactonase YtnP => putative quorum-quenching lactonase YtnP
[09:19:57] Modify product: Probable 3-hydroxyacyl-CoA dehydrogenase => putative 3-hydroxyacyl-CoA dehydrogenase
[09:19:57] Modify product: Uncharacterized NTE family protein Rv1063c => putative NTE family protein
[09:19:57] Modify product: Probable propionyl-CoA carboxylase beta chain 5 => putative propionyl-CoA carboxylase beta chain 5
[09:19:57] Modify product: UPF0701 protein HI_0467 => hypothetical protein
[09:19:57] Modify product: Nucleoid-associated protein HI_0442 => Nucleoid-associated protein
[09:19:57] Modify product: Probable GTP-binding protein EngB => putative GTP-binding protein EngB
[09:19:57] Modify product: Uncharacterized protein YhaP => putative protein YhaP
[09:19:57] Modify product: DNA-binding protein VF_0530 => DNA-binding protein
[09:19:57] Modify product: Probable membrane transporter protein YfcA => putative membrane transporter protein YfcA
[09:19:57] Modify product: Uncharacterized epimerase/dehydratase SA0511 => putative epimerase/dehydratase
[09:19:57] Modify product: Uncharacterized ABC transporter ATP-binding protein YheS => putative ABC transporter ATP-binding protein YheS
[09:19:57] Modify product: Uncharacterized ABC transporter ATP-binding protein TM_0288 => putative ABC transporter ATP-binding protein
[09:19:57] Modify product: Probable iron-sulfur-binding oxidoreductase FadF => putative iron-sulfur-binding oxidoreductase FadF
[09:19:57] Modify product: Probable iron-sulfur-binding oxidoreductase FadF => putative iron-sulfur-binding oxidoreductase FadF
[09:19:57] Modify product: Uncharacterized acyl-CoA thioester hydrolase HI_0827 => putative acyl-CoA thioester hydrolase
[09:19:57] Modify product: UPF0053 protein Rv1842c => hypothetical protein
[09:19:57] Modify product: UPF0382 membrane protein YwdK => hypothetical protein
[09:19:57] Modify product: Probable adenylyltransferase/sulfurtransferase MoeZ => putative adenylyltransferase/sulfurtransferase MoeZ
[09:19:57] Modify product: Probable 3-hydroxybutyryl-CoA dehydrogenase => putative 3-hydroxybutyryl-CoA dehydrogenase
[09:19:57] Modify product: Uncharacterized protein YpjD => putative protein YpjD
[09:19:57] Modify product: Probable peptidoglycan glycosyltransferase FtsW => putative peptidoglycan glycosyltransferase FtsW
[09:19:57] Modify product: Probable ATP-dependent transporter SufC => putative ATP-dependent transporter SufC
[09:19:57] Modify product: Uncharacterized protein Rv1480 => putative protein
[09:19:57] Modify product: UPF0353 protein Rv1481 => hypothetical protein
[09:19:57] Modify product: Probable 2,4-dienoyl-CoA reductase => putative 2,4-dienoyl-CoA reductase
[09:19:57] Modify product: Probable copper-transporting ATPase PacS => putative copper-transporting ATPase PacS
[09:19:57] Modify product: Uncharacterized protein YfgD => putative protein YfgD
[09:19:57] Modify product: Probable chaperone CsaA => putative chaperone CsaA
[09:19:57] Modify product: Uncharacterized protein HI_1163 => putative protein
[09:19:57] Modify product: Probable multidrug resistance ABC transporter ATP-binding/permease protein YheI => putative multidrug resistance ABC transporter ATP-binding/permease protein YheI
[09:19:57] Modify product: Uncharacterized protein YjbR => putative protein YjbR
[09:19:57] Modify product: Putative cystathionine beta-synthase Rv1077 => Putative cystathionine beta-synthase
[09:19:57] Modify product: Probable ABC transporter binding protein NosD => putative ABC transporter binding protein NosD
[09:19:57] Modify product: Multidrug efflux system ATP-binding protein Rv1218c => Multidrug efflux system ATP-binding protein
[09:19:57] Modify product: Putative NAD(P)H nitroreductase SA2311 => Putative NAD(P)H nitroreductase
[09:19:57] Modify product: UPF0126 inner membrane protein YicG => hypothetical protein
[09:19:57] Modify product: Probable xanthine dehydrogenase subunit A => putative xanthine dehydrogenase subunit A
[09:19:57] Modify product: Putative zinc metalloprotease aq_1964 => Putative zinc metalloprotease
[09:19:57] Modify product: Acetyltransferase PA3944 => Acetyltransferase
[09:19:57] Cleaned 53 /product names
[09:19:57] Deleting unwanted file: ../../Data/Chen_Analysis/Prokka/Bacteria/GOMC.bin.172/GOMC.bin.172.sprot.tmp.3358044.faa
[09:19:57] Deleting unwanted file: ../../Data/Chen_Analysis/Prokka/Bacteria/GOMC.bin.172/GOMC.bin.172.sprot.tmp.3358044.blast
[09:19:57] There are still 922 unannotated CDS left (started with 1543)
[09:19:57] Will use hmmer3 to search against /home/joao_facio/miniconda3/envs/prokka/db/hmm/HAMAP.hmm with 4 CPUs
[09:19:57] Running: cat \.\.\/\.\.\/Data\/Chen_Analysis\/Prokka\/Bacteria\/GOMC\.bin\.172\/GOMC\.bin\.172\.HAMAP\.hmm\.tmp\.3358044\.faa | parallel --gnu --plain -j 4 --block 33725 --recstart '>' --pipe hmmscan --noali --notextw --acc -E 1e-09 --cpu 1 /home/joao_facio/miniconda3/envs/prokka/db/hmm/HAMAP.hmm /dev/stdin > \.\.\/\.\.\/Data\/Chen_Analysis\/Prokka\/Bacteria\/GOMC\.bin\.172\/GOMC\.bin\.172\.HAMAP\.hmm\.tmp\.3358044\.hmmer3 2> /dev/null
[09:20:04] Modify product: Uncharacterized Nudix hydrolase NudL => putative Nudix hydrolase NudL
[09:20:04] Cleaned 1 /product names
[09:20:04] Deleting unwanted file: ../../Data/Chen_Analysis/Prokka/Bacteria/GOMC.bin.172/GOMC.bin.172.HAMAP.hmm.tmp.3358044.faa
[09:20:04] Deleting unwanted file: ../../Data/Chen_Analysis/Prokka/Bacteria/GOMC.bin.172/GOMC.bin.172.HAMAP.hmm.tmp.3358044.hmmer3
[09:20:04] Labelling remaining 765 proteins as 'hypothetical protein'
[09:20:04] Possible /pseudo 'Di-/tripeptide transporter' at ERR1679395_k53_66267_1 position 1670
[09:20:04] Possible /pseudo 'Macrolide export ATP-binding/permease protein MacB' at ERR1679395_k53_242003_1 position 3944
[09:20:04] Possible /pseudo 'Vitamin B12 transporter BtuB' at ERR1679395_k53_1700797_1 position 3085
[09:20:04] Found 645 unique /gene codes.
[09:20:04] Fixed 3 duplicate /gene - glgA_1 glgA_2 glgA_3
[09:20:04] Fixed 2 duplicate /gene - mdoB_1 mdoB_2
[09:20:04] Fixed 2 duplicate /gene - btsR_1 btsR_2
[09:20:04] Fixed 2 duplicate /gene - pyrR_1 pyrR_2
[09:20:04] Fixed 2 duplicate /gene - def_1 def_2
[09:20:04] Fixed 3 duplicate /gene - rcsC_1 rcsC_2 rcsC_3
[09:20:04] Fixed 2 duplicate /gene - norM_1 norM_2
[09:20:04] Fixed 2 duplicate /gene - besA_1 besA_2
[09:20:04] Fixed 2 duplicate /gene - murG_1 murG_2
[09:20:04] Fixed 2 duplicate /gene - lacX_1 lacX_2
[09:20:04] Fixed 2 duplicate /gene - rhaS_1 rhaS_2
[09:20:04] Fixed 2 duplicate /gene - asnC_1 asnC_2
[09:20:04] Fixed 2 duplicate /gene - glgB_1 glgB_2
[09:20:04] Fixed 2 duplicate /gene - rhaR_1 rhaR_2
[09:20:04] Fixed 2 duplicate /gene - btuD_1 btuD_2
[09:20:04] Fixed 2 duplicate /gene - fcl_1 fcl_2
[09:20:04] Fixed 2 duplicate /gene - atpH_1 atpH_2
[09:20:04] Fixed 2 duplicate /gene - fadF_1 fadF_2
[09:20:04] Fixed 2 duplicate /gene - susD_1 susD_2
[09:20:04] Fixed 2 duplicate /gene - tolB_1 tolB_2
[09:20:04] Fixed 2 duplicate /gene - tatA_1 tatA_2
[09:20:04] Fixed 2 duplicate /gene - clpX_1 clpX_2
[09:20:04] Fixed 2 duplicate /gene - ucpA_1 ucpA_2
[09:20:04] Fixed 5 duplicate /gene - cpoB_1 cpoB_2 cpoB_3 cpoB_4 cpoB_5
[09:20:04] Fixed 2 duplicate /gene - truA_1 truA_2
[09:20:04] Fixed 2 duplicate /gene - dtpT_1 dtpT_2
[09:20:04] Fixed 2 duplicate /gene - exoA_1 exoA_2
[09:20:04] Fixed 7 duplicate /gene - pal_1 pal_2 pal_3 pal_4 pal_5 pal_6 pal_7
[09:20:04] Fixed 2 duplicate /gene - mdtA_1 mdtA_2
[09:20:04] Fixed 3 duplicate /gene - czcD_1 czcD_2 czcD_3
[09:20:04] Fixed 2 duplicate /gene - aviRb_1 aviRb_2
[09:20:04] Fixed 2 duplicate /gene - macB_1 macB_2
[09:20:04] Fixed 2 duplicate /gene - mutS_1 mutS_2
[09:20:04] Fixed 2 duplicate /gene - fabH_1 fabH_2
[09:20:04] Fixed 2 duplicate /gene - tolQ_1 tolQ_2
[09:20:04] Fixed 2 duplicate /gene - rny_1 rny_2
[09:20:04] Fixed 2 duplicate /gene - sigW_1 sigW_2
[09:20:04] Fixed 5 duplicate /gene - resA_1 resA_2 resA_3 resA_4 resA_5
[09:20:04] Fixed 2 duplicate /gene - dxs_1 dxs_2
[09:20:04] Fixed 2 duplicate /gene - ruvB_1 ruvB_2
[09:20:04] Fixed 3 duplicate /gene - bepA_1 bepA_2 bepA_3
[09:20:04] Fixed 2 duplicate /gene - degA_1 degA_2
[09:20:04] Fixed 3 duplicate /gene - sasA_1 sasA_2 sasA_3
[09:20:04] Fixed 8 duplicate /gene - btuB_1 btuB_2 btuB_3 btuB_4 btuB_5 btuB_6 btuB_7 btuB_8
[09:20:04] Fixed 2 duplicate /gene - rhlE_1 rhlE_2
[09:20:04] Fixed 2 duplicate /gene - yfiC_1 yfiC_2
[09:20:04] Fixed 2 duplicate /gene - glpE_1 glpE_2
[09:20:04] Fixed 2 duplicate /gene - susC_1 susC_2
[09:20:04] Fixed 3 duplicate /gene - mdtC_1 mdtC_2 mdtC_3
[09:20:04] Fixed 2 duplicate /gene - truC_1 truC_2
[09:20:04] Fixed 2 duplicate /gene - trmR_1 trmR_2
[09:20:04] Fixed 3 duplicate /gene - COQ5_1 COQ5_2 COQ5_3
[09:20:04] Fixed 2 duplicate /gene - metC_1 metC_2
[09:20:04] Fixed 3 duplicate /gene - mshA_1 mshA_2 mshA_3
[09:20:04] Fixed 2 duplicate /gene - ptpA_1 ptpA_2
[09:20:04] Fixed 55 colliding /gene names.
[09:20:04] Adding /locus_tag identifiers
[09:20:04] Assigned 1550 locus_tags to CDS and RNA features.
[09:20:04] Writing outputs to ../../Data/Chen_Analysis/Prokka/Bacteria/GOMC.bin.172/
[09:20:05] Generating annotation statistics file
[09:20:05] Generating Genbank and Sequin files
[09:20:05] Running: tbl2asn -V b -a r10k -l paired-ends -M n -N 1 -y 'Annotated using prokka 1.14.6 from https://github.com/tseemann/prokka' -Z \.\.\/\.\.\/Data\/Chen_Analysis\/Prokka\/Bacteria\/GOMC\.bin\.172\/GOMC\.bin\.172\.err -i \.\.\/\.\.\/Data\/Chen_Analysis\/Prokka\/Bacteria\/GOMC\.bin\.172\/GOMC\.bin\.172\.fsa 2> /dev/null
[09:20:07] Deleting unwanted file: ../../Data/Chen_Analysis/Prokka/Bacteria/GOMC.bin.172/errorsummary.val
[09:20:07] Deleting unwanted file: ../../Data/Chen_Analysis/Prokka/Bacteria/GOMC.bin.172/GOMC.bin.172.dr
[09:20:07] Deleting unwanted file: ../../Data/Chen_Analysis/Prokka/Bacteria/GOMC.bin.172/GOMC.bin.172.fixedproducts
[09:20:07] Deleting unwanted file: ../../Data/Chen_Analysis/Prokka/Bacteria/GOMC.bin.172/GOMC.bin.172.ecn
[09:20:07] Deleting unwanted file: ../../Data/Chen_Analysis/Prokka/Bacteria/GOMC.bin.172/GOMC.bin.172.val
[09:20:07] Repairing broken .GBK output that tbl2asn produces...
[09:20:07] Running: sed 's/COORDINATES: profile/COORDINATES:profile/' < \.\.\/\.\.\/Data\/Chen_Analysis\/Prokka\/Bacteria\/GOMC\.bin\.172\/GOMC\.bin\.172\.gbf > \.\.\/\.\.\/Data\/Chen_Analysis\/Prokka\/Bacteria\/GOMC\.bin\.172\/GOMC\.bin\.172\.gbk
[09:20:07] Deleting unwanted file: ../../Data/Chen_Analysis/Prokka/Bacteria/GOMC.bin.172/GOMC.bin.172.gbf
[09:20:07] Output files:
[09:20:07] ../../Data/Chen_Analysis/Prokka/Bacteria/GOMC.bin.172/GOMC.bin.172.tbl
[09:20:07] ../../Data/Chen_Analysis/Prokka/Bacteria/GOMC.bin.172/GOMC.bin.172.log
[09:20:07] ../../Data/Chen_Analysis/Prokka/Bacteria/GOMC.bin.172/GOMC.bin.172.fsa
[09:20:07] ../../Data/Chen_Analysis/Prokka/Bacteria/GOMC.bin.172/GOMC.bin.172.gbk
[09:20:07] ../../Data/Chen_Analysis/Prokka/Bacteria/GOMC.bin.172/GOMC.bin.172.txt
[09:20:07] ../../Data/Chen_Analysis/Prokka/Bacteria/GOMC.bin.172/GOMC.bin.172.err
[09:20:07] ../../Data/Chen_Analysis/Prokka/Bacteria/GOMC.bin.172/GOMC.bin.172.gff
[09:20:07] ../../Data/Chen_Analysis/Prokka/Bacteria/GOMC.bin.172/GOMC.bin.172.sqn
[09:20:07] ../../Data/Chen_Analysis/Prokka/Bacteria/GOMC.bin.172/GOMC.bin.172.faa
[09:20:07] ../../Data/Chen_Analysis/Prokka/Bacteria/GOMC.bin.172/GOMC.bin.172.fna
[09:20:07] ../../Data/Chen_Analysis/Prokka/Bacteria/GOMC.bin.172/GOMC.bin.172.tsv
[09:20:07] ../../Data/Chen_Analysis/Prokka/Bacteria/GOMC.bin.172/GOMC.bin.172.ffn
[09:20:07] Annotation finished successfully.
[09:20:07] Walltime used: 0.72 minutes
[09:20:07] If you use this result please cite the Prokka paper:
[09:20:07] Seemann T (2014) Prokka: rapid prokaryotic genome annotation. Bioinformatics. 30(14):2068-9.
[09:20:07] Type 'prokka --citation' for more details.
[09:20:07] Share and enjoy!
