[10:59:24] This is prokka 1.14.6
[10:59:24] Written by Torsten Seemann <torsten.seemann@gmail.com>
[10:59:24] Homepage is https://github.com/tseemann/prokka
[10:59:24] Local time is Mon Dec  1 10:59:24 2025
[10:59:24] You are joao_facio
[10:59:24] Operating system is linux
[10:59:24] You have BioPerl 1.7.8
[10:59:24] System has 12 cores.
[10:59:24] Will use maximum of 4 cores.
[10:59:24] Annotating as >>> Bacteria <<<
[10:59:24] Generating locus_tag from '/tmp/tmp6gns85ah/GOMC.bin.12045.fa' contents.
[10:59:24] Setting --locustag KGKAEIKF from MD5 404ae24f58687557dce641db5dd9d440
[10:59:24] Creating new output folder: ../../Data/Chen_Analysis/Prokka/Bacteria/GOMC.bin.12045
[10:59:24] Running: mkdir -p \.\.\/\.\.\/Data\/Chen_Analysis\/Prokka\/Bacteria\/GOMC\.bin\.12045
[10:59:24] Using filename prefix: GOMC.bin.12045.XXX
[10:59:24] Setting HMMER_NCPU=1
[10:59:24] Writing log to: ../../Data/Chen_Analysis/Prokka/Bacteria/GOMC.bin.12045/GOMC.bin.12045.log
[10:59:24] Command: /home/joao_facio/miniconda3/envs/prokka/bin/prokka --outdir ../../Data/Chen_Analysis/Prokka/Bacteria/GOMC.bin.12045 --prefix GOMC.bin.12045 --kingdom Bacteria --genus Pontiella --strain GOMC.bin.12045 --cpus 4 --force /tmp/tmp6gns85ah/GOMC.bin.12045.fa
[10:59:24] Appending to PATH: /home/joao_facio/miniconda3/envs/prokka/bin
[10:59:24] Looking for 'aragorn' - found /home/joao_facio/miniconda3/envs/prokka/bin/aragorn
[10:59:24] Determined aragorn version is 001002 from 'ARAGORN v1.2.41 Dean Laslett'
[10:59:24] Looking for 'barrnap' - found /home/joao_facio/miniconda3/envs/prokka/bin/barrnap
[10:59:24] Determined barrnap version is 000009 from 'barrnap 0.9'
[10:59:24] Looking for 'blastp' - found /home/joao_facio/miniconda3/envs/prokka/bin/blastp
[10:59:24] Determined blastp version is 002016 from 'blastp: 2.16.0+'
[10:59:24] Looking for 'cmpress' - found /home/joao_facio/miniconda3/envs/prokka/bin/cmpress
[10:59:24] Determined cmpress version is 001001 from '# INFERNAL 1.1.5 (Sep 2023)'
[10:59:24] Looking for 'cmscan' - found /home/joao_facio/miniconda3/envs/prokka/bin/cmscan
[10:59:24] Determined cmscan version is 001001 from '# INFERNAL 1.1.5 (Sep 2023)'
[10:59:24] Looking for 'egrep' - found /usr/bin/egrep
[10:59:24] Looking for 'find' - found /usr/bin/find
[10:59:24] Looking for 'grep' - found /usr/bin/grep
[10:59:24] Looking for 'hmmpress' - found /home/joao_facio/miniconda3/envs/prokka/bin/hmmpress
[10:59:24] Determined hmmpress version is 003004 from '# HMMER 3.4 (Aug 2023); http://hmmer.org/'
[10:59:24] Looking for 'hmmscan' - found /home/joao_facio/miniconda3/envs/prokka/bin/hmmscan
[10:59:24] Determined hmmscan version is 003004 from '# HMMER 3.4 (Aug 2023); http://hmmer.org/'
[10:59:24] Looking for 'java' - found /home/joao_facio/miniconda3/envs/prokka/bin/java
[10:59:24] Looking for 'makeblastdb' - found /home/joao_facio/miniconda3/envs/prokka/bin/makeblastdb
[10:59:25] Determined makeblastdb version is 002016 from 'makeblastdb: 2.16.0+'
[10:59:25] Looking for 'minced' - found /home/joao_facio/miniconda3/envs/prokka/bin/minced
[10:59:25] Determined minced version is 004002 from 'minced 0.4.2'
[10:59:25] Looking for 'parallel' - found /home/joao_facio/miniconda3/envs/prokka/bin/parallel
[10:59:25] Determined parallel version is 20251122 from 'GNU parallel 20251122'
[10:59:25] Looking for 'prodigal' - found /home/joao_facio/miniconda3/envs/prokka/bin/prodigal
[10:59:25] Determined prodigal version is 002006 from 'Prodigal V2.6.3: February, 2016'
[10:59:25] Looking for 'prokka-genbank_to_fasta_db' - found /home/joao_facio/miniconda3/envs/prokka/bin/prokka-genbank_to_fasta_db
[10:59:25] Looking for 'sed' - found /usr/bin/sed
[10:59:25] Looking for 'tbl2asn' - found /home/joao_facio/miniconda3/envs/prokka/bin/tbl2asn
[10:59:25] Determined tbl2asn version is 025007 from 'tbl2asn 25.7   arguments:'
[10:59:25] Using genetic code table 11.
[10:59:25] Loading and checking input file: /tmp/tmp6gns85ah/GOMC.bin.12045.fa
[10:59:25] Wrote 158 contigs totalling 3470073 bp.
[10:59:25] Predicting tRNAs and tmRNAs
[10:59:25] Running: aragorn -l -gc11  -w \.\.\/\.\.\/Data\/Chen_Analysis\/Prokka\/Bacteria\/GOMC\.bin\.12045\/GOMC\.bin\.12045\.fna
[10:59:25] 1 tRNA-Leu [40621,40705] 35 (tag)
[10:59:25] 1 tRNA-Arg [158,234] 35 (cct)
[10:59:25] 1 tRNA-Pro c[6670,6746] 35 (ggg)
[10:59:25] 1 tRNA-Pro [5362,5438] 35 (cgg)
[10:59:25] 2 tRNA-Phe [5487,5562] 34 (gaa)
[10:59:25] 3 tRNA-Arg [14956,15032] 35 (acg)
[10:59:25] 1 tRNA-Leu [16157,16241] 35 (caa)
[10:59:25] 1 tRNA-Val c[16,92] 35 (tac)
[10:59:25] 1 tRNA-Met c[1,77] 35 (cat)
[10:59:25] 1 tRNA-Lys [573,648] 34 (ctt)
[10:59:25] 1 tRNA-Ser c[4661,4750] 35 (gga)
[10:59:25] 2 tRNA-Asp [16732,16808] 35 (gtc)
[10:59:25] 1 tRNA-Glu c[42810,42885] 35 (ttc)
[10:59:25] 1 tRNA-Ser c[3614,3701] 35 (cga)
[10:59:25] 1 tmRNA c[55,410] 95,124 ADESYALAA*
[10:59:25] 2 tRNA-Met [22211,22287] 35 (cat)
[10:59:25] 3 tRNA-Leu [22344,22431] 35 (taa)
[10:59:25] 4 tRNA-Arg c[23434,23508] 34 (ccg)
[10:59:25] 1 tRNA-Tyr c[11147,11231] 35 (gta)
[10:59:25] 1 tRNA-Cys c[10784,10857] 33 (gca)
[10:59:25] 1 tRNA-Ala [12773,12848] 34 (ggc)
[10:59:25] 1 tRNA-Asn [36793,36867] 33 (gtt)
[10:59:25] 1 tRNA-Arg c[52467,52543] 35 (tct)
[10:59:25] 1 tRNA-His c[14901,14977] 35 (gtg)
[10:59:25] 2 tRNA-Thr [20114,20189] 34 (cgt)
[10:59:25] 1 tRNA-Ser c[39246,39333] 35 (tga)
[10:59:25] 1 tRNA-Lys [27510,27585] 34 (ttt)
[10:59:25] 1 tRNA-Pro c[23347,23423] 35 (tgg)
[10:59:25] 1 tRNA-Val c[10172,10248] 35 (gac)
[10:59:25] 2 tRNA-Ser c[96787,96866] 27 (gct)
[10:59:25] 1 tRNA-Phe c[2012,2087] 34 (gaa)
[10:59:25] 1 tRNA-Gln c[16466,16539] 33 (ttg)
[10:59:25] 2 tRNA-Met c[25167,25243] 35 (cat)
[10:59:25] 3 tRNA-Leu c[27619,27707] 35 (gag)
[10:59:25] Found 34 tRNAs
[10:59:25] Predicting Ribosomal RNAs
[10:59:25] Running Barrnap with 4 threads
[10:59:26] 1 k63_1666516 779 5S ribosomal RNA
[10:59:26] Found 1 rRNAs
[10:59:26] Skipping ncRNA search, enable with --rfam if desired.
[10:59:26] Total of 34 tRNA + rRNA features
[10:59:26] Searching for CRISPR repeats
[10:59:26] CRISPR1 k63_121334 2 with 3 spacers
[10:59:26] CRISPR2 k63_1989035 70127 with 5 spacers
[10:59:26] Found 2 CRISPRs
[10:59:26] Predicting coding sequences
[10:59:26] Contigs total 3470073 bp, so using single mode
[10:59:26] Running: prodigal -i \.\.\/\.\.\/Data\/Chen_Analysis\/Prokka\/Bacteria\/GOMC\.bin\.12045\/GOMC\.bin\.12045\.fna -c -m -g 11 -p single -f sco -q
[10:59:28] Excluding CDS which overlaps existing RNA (tRNA) at k63_2670255:193..1506 on - strand
[10:59:28] Excluding CDS which overlaps existing RNA (tRNA) at k63_2023593:611..754 on - strand
[10:59:29] Excluding CDS which overlaps existing RNA (tRNA) at k63_3224558:1980..2162 on + strand
[10:59:29] Found 3071 CDS
[10:59:29] Connecting features back to sequences
[10:59:29] Not using genus-specific database. Try --usegenus to enable it.
[10:59:29] Annotating CDS, please be patient.
[10:59:29] Will use 4 CPUs for similarity searching.
[10:59:29] There are still 3071 unannotated CDS left (started with 3071)
[10:59:29] Will use blast to search against /home/joao_facio/miniconda3/envs/prokka/db/kingdom/Bacteria/IS with 4 CPUs
[10:59:29] Running: cat \.\.\/\.\.\/Data\/Chen_Analysis\/Prokka\/Bacteria\/GOMC\.bin\.12045\/GOMC\.bin\.12045\.IS\.tmp\.3554610\.faa | parallel --gnu --plain -j 4 --block 130428 --recstart '>' --pipe blastp -query - -db /home/joao_facio/miniconda3/envs/prokka/db/kingdom/Bacteria/IS -evalue 1e-30 -qcov_hsp_perc 90 -num_threads 1 -num_descriptions 1 -num_alignments 1 -seg no > \.\.\/\.\.\/Data\/Chen_Analysis\/Prokka\/Bacteria\/GOMC\.bin\.12045\/GOMC\.bin\.12045\.IS\.tmp\.3554610\.blast 2> /dev/null
[10:59:40] Deleting unwanted file: ../../Data/Chen_Analysis/Prokka/Bacteria/GOMC.bin.12045/GOMC.bin.12045.IS.tmp.3554610.faa
[10:59:40] Deleting unwanted file: ../../Data/Chen_Analysis/Prokka/Bacteria/GOMC.bin.12045/GOMC.bin.12045.IS.tmp.3554610.blast
[10:59:40] There are still 3068 unannotated CDS left (started with 3071)
[10:59:40] Will use blast to search against /home/joao_facio/miniconda3/envs/prokka/db/kingdom/Bacteria/AMR with 4 CPUs
[10:59:40] Running: cat \.\.\/\.\.\/Data\/Chen_Analysis\/Prokka\/Bacteria\/GOMC\.bin\.12045\/GOMC\.bin\.12045\.AMR\.tmp\.3554610\.faa | parallel --gnu --plain -j 4 --block 130312 --recstart '>' --pipe blastp -query - -db /home/joao_facio/miniconda3/envs/prokka/db/kingdom/Bacteria/AMR -evalue 1e-300 -qcov_hsp_perc 90 -num_threads 1 -num_descriptions 1 -num_alignments 1 -seg no > \.\.\/\.\.\/Data\/Chen_Analysis\/Prokka\/Bacteria\/GOMC\.bin\.12045\/GOMC\.bin\.12045\.AMR\.tmp\.3554610\.blast 2> /dev/null
[10:59:48] Deleting unwanted file: ../../Data/Chen_Analysis/Prokka/Bacteria/GOMC.bin.12045/GOMC.bin.12045.AMR.tmp.3554610.faa
[10:59:48] Deleting unwanted file: ../../Data/Chen_Analysis/Prokka/Bacteria/GOMC.bin.12045/GOMC.bin.12045.AMR.tmp.3554610.blast
[10:59:49] There are still 3068 unannotated CDS left (started with 3071)
[10:59:49] Will use blast to search against /home/joao_facio/miniconda3/envs/prokka/db/kingdom/Bacteria/sprot with 4 CPUs
[10:59:49] Running: cat \.\.\/\.\.\/Data\/Chen_Analysis\/Prokka\/Bacteria\/GOMC\.bin\.12045\/GOMC\.bin\.12045\.sprot\.tmp\.3554610\.faa | parallel --gnu --plain -j 4 --block 130312 --recstart '>' --pipe blastp -query - -db /home/joao_facio/miniconda3/envs/prokka/db/kingdom/Bacteria/sprot -evalue 1e-09 -qcov_hsp_perc 80 -num_threads 1 -num_descriptions 1 -num_alignments 1 -seg no > \.\.\/\.\.\/Data\/Chen_Analysis\/Prokka\/Bacteria\/GOMC\.bin\.12045\/GOMC\.bin\.12045\.sprot\.tmp\.3554610\.blast 2> /dev/null
