[09:40:02] This is prokka 1.14.6
[09:40:02] Written by Torsten Seemann <torsten.seemann@gmail.com>
[09:40:02] Homepage is https://github.com/tseemann/prokka
[09:40:02] Local time is Mon Dec  1 09:40:02 2025
[09:40:02] You are joao_facio
[09:40:02] Operating system is linux
[09:40:02] You have BioPerl 1.7.8
[09:40:02] System has 12 cores.
[09:40:02] Will use maximum of 4 cores.
[09:40:02] Annotating as >>> Bacteria <<<
[09:40:02] Generating locus_tag from '/tmp/tmp6gns85ah/GOMC.bin.9588.fa' contents.
[09:40:02] Setting --locustag EKFBLLCC from MD5 e4fb55cc01f3c31107c0b617a78692a4
[09:40:02] Creating new output folder: ../../Data/Chen_Analysis/Prokka/Bacteria/GOMC.bin.9588
[09:40:02] Running: mkdir -p \.\.\/\.\.\/Data\/Chen_Analysis\/Prokka\/Bacteria\/GOMC\.bin\.9588
[09:40:02] Using filename prefix: GOMC.bin.9588.XXX
[09:40:02] Setting HMMER_NCPU=1
[09:40:02] Writing log to: ../../Data/Chen_Analysis/Prokka/Bacteria/GOMC.bin.9588/GOMC.bin.9588.log
[09:40:02] Command: /home/joao_facio/miniconda3/envs/prokka/bin/prokka --outdir ../../Data/Chen_Analysis/Prokka/Bacteria/GOMC.bin.9588 --prefix GOMC.bin.9588 --kingdom Bacteria --genus Agarivorans --strain GOMC.bin.9588 --cpus 4 --force /tmp/tmp6gns85ah/GOMC.bin.9588.fa
[09:40:02] Appending to PATH: /home/joao_facio/miniconda3/envs/prokka/bin
[09:40:02] Looking for 'aragorn' - found /home/joao_facio/miniconda3/envs/prokka/bin/aragorn
[09:40:02] Determined aragorn version is 001002 from 'ARAGORN v1.2.41 Dean Laslett'
[09:40:02] Looking for 'barrnap' - found /home/joao_facio/miniconda3/envs/prokka/bin/barrnap
[09:40:02] Determined barrnap version is 000009 from 'barrnap 0.9'
[09:40:02] Looking for 'blastp' - found /home/joao_facio/miniconda3/envs/prokka/bin/blastp
[09:40:02] Determined blastp version is 002016 from 'blastp: 2.16.0+'
[09:40:02] Looking for 'cmpress' - found /home/joao_facio/miniconda3/envs/prokka/bin/cmpress
[09:40:02] Determined cmpress version is 001001 from '# INFERNAL 1.1.5 (Sep 2023)'
[09:40:02] Looking for 'cmscan' - found /home/joao_facio/miniconda3/envs/prokka/bin/cmscan
[09:40:02] Determined cmscan version is 001001 from '# INFERNAL 1.1.5 (Sep 2023)'
[09:40:02] Looking for 'egrep' - found /usr/bin/egrep
[09:40:02] Looking for 'find' - found /usr/bin/find
[09:40:02] Looking for 'grep' - found /usr/bin/grep
[09:40:02] Looking for 'hmmpress' - found /home/joao_facio/miniconda3/envs/prokka/bin/hmmpress
[09:40:02] Determined hmmpress version is 003004 from '# HMMER 3.4 (Aug 2023); http://hmmer.org/'
[09:40:02] Looking for 'hmmscan' - found /home/joao_facio/miniconda3/envs/prokka/bin/hmmscan
[09:40:02] Determined hmmscan version is 003004 from '# HMMER 3.4 (Aug 2023); http://hmmer.org/'
[09:40:02] Looking for 'java' - found /home/joao_facio/miniconda3/envs/prokka/bin/java
[09:40:02] Looking for 'makeblastdb' - found /home/joao_facio/miniconda3/envs/prokka/bin/makeblastdb
[09:40:02] Determined makeblastdb version is 002016 from 'makeblastdb: 2.16.0+'
[09:40:02] Looking for 'minced' - found /home/joao_facio/miniconda3/envs/prokka/bin/minced
[09:40:02] Determined minced version is 004002 from 'minced 0.4.2'
[09:40:02] Looking for 'parallel' - found /home/joao_facio/miniconda3/envs/prokka/bin/parallel
[09:40:02] Determined parallel version is 20251122 from 'GNU parallel 20251122'
[09:40:02] Looking for 'prodigal' - found /home/joao_facio/miniconda3/envs/prokka/bin/prodigal
[09:40:02] Determined prodigal version is 002006 from 'Prodigal V2.6.3: February, 2016'
[09:40:02] Looking for 'prokka-genbank_to_fasta_db' - found /home/joao_facio/miniconda3/envs/prokka/bin/prokka-genbank_to_fasta_db
[09:40:02] Looking for 'sed' - found /usr/bin/sed
[09:40:02] Looking for 'tbl2asn' - found /home/joao_facio/miniconda3/envs/prokka/bin/tbl2asn
[09:40:02] Determined tbl2asn version is 025007 from 'tbl2asn 25.7   arguments:'
[09:40:02] Using genetic code table 11.
[09:40:02] Loading and checking input file: /tmp/tmp6gns85ah/GOMC.bin.9588.fa
[09:40:02] Wrote 635 contigs totalling 2599378 bp.
[09:40:02] Predicting tRNAs and tmRNAs
[09:40:02] Running: aragorn -l -gc11  -w \.\.\/\.\.\/Data\/Chen_Analysis\/Prokka\/Bacteria\/GOMC\.bin\.9588\/GOMC\.bin\.9588\.fna
[09:40:03] 1 tRNA-Val c[4129,4205] 35 (gac)
[09:40:03] 2 tRNA-Val c[4216,4292] 35 (gac)
[09:40:03] 1 tRNA-Pro c[235,311] 35 (ggg)
[09:40:03] 1 tRNA-Arg c[91,167] 35 (ccg)
[09:40:03] 1 tRNA-Met c[5,81] 35 (cat)
[09:40:03] 2 tRNA-Leu c[135,220] 35 (gag)
[09:40:03] 1 tRNA-Met [2547,2623] 35 (cat)
[09:40:03] 1 tRNA-Arg [4548,4623] 35 (cct)
[09:40:03] 1 tRNA-Asn [45,120] 34 (gtt)
[09:40:03] 2 tRNA-Asn [148,223] 34 (gtt)
[09:40:03] 1 tRNA-Met [284,360] 35 (cat)
[09:40:03] 1 tRNA-Asn [2766,2842] 35 (gtt)
[09:40:03] 1 tRNA-Trp c[35,110] 34 (cca)
[09:40:03] 1 tRNA-Ser c[4118,4205] 35 (gga)
[09:40:03] Found 14 tRNAs
[09:40:03] Predicting Ribosomal RNAs
[09:40:03] Running Barrnap with 4 threads
[09:40:03] Found 0 rRNAs
[09:40:03] Skipping ncRNA search, enable with --rfam if desired.
[09:40:03] Total of 14 tRNA + rRNA features
[09:40:03] Searching for CRISPR repeats
[09:40:04] Found 0 CRISPRs
[09:40:04] Predicting coding sequences
[09:40:04] Contigs total 2599378 bp, so using single mode
[09:40:04] Running: prodigal -i \.\.\/\.\.\/Data\/Chen_Analysis\/Prokka\/Bacteria\/GOMC\.bin\.9588\/GOMC\.bin\.9588\.fna -c -m -g 11 -p single -f sco -q
[09:40:05] Found 2303 CDS
[09:40:05] Connecting features back to sequences
[09:40:05] Not using genus-specific database. Try --usegenus to enable it.
[09:40:05] Annotating CDS, please be patient.
[09:40:05] Will use 4 CPUs for similarity searching.
[09:40:05] There are still 2303 unannotated CDS left (started with 2303)
[09:40:05] Will use blast to search against /home/joao_facio/miniconda3/envs/prokka/db/kingdom/Bacteria/IS with 4 CPUs
[09:40:05] Running: cat \.\.\/\.\.\/Data\/Chen_Analysis\/Prokka\/Bacteria\/GOMC\.bin\.9588\/GOMC\.bin\.9588\.IS\.tmp\.3396940\.faa | parallel --gnu --plain -j 4 --block 80535 --recstart '>' --pipe blastp -query - -db /home/joao_facio/miniconda3/envs/prokka/db/kingdom/Bacteria/IS -evalue 1e-30 -qcov_hsp_perc 90 -num_threads 1 -num_descriptions 1 -num_alignments 1 -seg no > \.\.\/\.\.\/Data\/Chen_Analysis\/Prokka\/Bacteria\/GOMC\.bin\.9588\/GOMC\.bin\.9588\.IS\.tmp\.3396940\.blast 2> /dev/null
[09:40:12] Deleting unwanted file: ../../Data/Chen_Analysis/Prokka/Bacteria/GOMC.bin.9588/GOMC.bin.9588.IS.tmp.3396940.faa
[09:40:12] Deleting unwanted file: ../../Data/Chen_Analysis/Prokka/Bacteria/GOMC.bin.9588/GOMC.bin.9588.IS.tmp.3396940.blast
[09:40:12] There are still 2296 unannotated CDS left (started with 2303)
[09:40:12] Will use blast to search against /home/joao_facio/miniconda3/envs/prokka/db/kingdom/Bacteria/AMR with 4 CPUs
[09:40:12] Running: cat \.\.\/\.\.\/Data\/Chen_Analysis\/Prokka\/Bacteria\/GOMC\.bin\.9588\/GOMC\.bin\.9588\.AMR\.tmp\.3396940\.faa | parallel --gnu --plain -j 4 --block 80284 --recstart '>' --pipe blastp -query - -db /home/joao_facio/miniconda3/envs/prokka/db/kingdom/Bacteria/AMR -evalue 1e-300 -qcov_hsp_perc 90 -num_threads 1 -num_descriptions 1 -num_alignments 1 -seg no > \.\.\/\.\.\/Data\/Chen_Analysis\/Prokka\/Bacteria\/GOMC\.bin\.9588\/GOMC\.bin\.9588\.AMR\.tmp\.3396940\.blast 2> /dev/null
[09:40:17] Deleting unwanted file: ../../Data/Chen_Analysis/Prokka/Bacteria/GOMC.bin.9588/GOMC.bin.9588.AMR.tmp.3396940.faa
[09:40:17] Deleting unwanted file: ../../Data/Chen_Analysis/Prokka/Bacteria/GOMC.bin.9588/GOMC.bin.9588.AMR.tmp.3396940.blast
[09:40:17] There are still 2296 unannotated CDS left (started with 2303)
[09:40:17] Will use blast to search against /home/joao_facio/miniconda3/envs/prokka/db/kingdom/Bacteria/sprot with 4 CPUs
[09:40:17] Running: cat \.\.\/\.\.\/Data\/Chen_Analysis\/Prokka\/Bacteria\/GOMC\.bin\.9588\/GOMC\.bin\.9588\.sprot\.tmp\.3396940\.faa | parallel --gnu --plain -j 4 --block 80284 --recstart '>' --pipe blastp -query - -db /home/joao_facio/miniconda3/envs/prokka/db/kingdom/Bacteria/sprot -evalue 1e-09 -qcov_hsp_perc 80 -num_threads 1 -num_descriptions 1 -num_alignments 1 -seg no > \.\.\/\.\.\/Data\/Chen_Analysis\/Prokka\/Bacteria\/GOMC\.bin\.9588\/GOMC\.bin\.9588\.sprot\.tmp\.3396940\.blast 2> /dev/null
[09:40:43] Modify product: Uncharacterized protein YibN => putative protein YibN
[09:40:43] Modify product: Probable GTP-binding protein EngB => putative GTP-binding protein EngB
[09:40:43] Modify product: Uncharacterized protein YciH => putative protein YciH
[09:40:43] Modify product: Probable cyclic di-GMP phosphodiesterase PdeB => putative cyclic di-GMP phosphodiesterase PdeB
[09:40:43] Modify product: Glycogen operon protein GlgX homolog => Glycogen operon protein GlgX 
[09:40:43] Modify product: Uncharacterized signaling protein PA1727 => putative signaling protein
[09:40:43] Modify product: Monocarboxylate 2-oxoacid-binding periplasmic protein all3028 => Monocarboxylate 2-oxoacid-binding periplasmic protein
[09:40:43] Modify product: Probable ATP-dependent DNA helicase YoaA => putative ATP-dependent DNA helicase YoaA
[09:40:43] Modify product: Solute-binding protein Shew_1446 => Solute-binding protein
[09:40:43] Modify product: Uncharacterized protein YaeQ => putative protein YaeQ
[09:40:43] Modify product: UPF0102 protein RPA0323 => hypothetical protein
[09:40:43] Modify product: Probable 3-phenylpropionic acid transporter => putative 3-phenylpropionic acid transporter
[09:40:43] Modify product: UPF0126 inner membrane protein YadS => hypothetical protein
[09:40:43] Modify product: UPF0352 protein YejL => hypothetical protein
[09:40:43] Modify product: Probable peptidoglycan glycosyltransferase FtsW => putative peptidoglycan glycosyltransferase FtsW
[09:40:43] Modify product: UPF0716 protein FxsA => hypothetical protein
[09:40:43] Modify product: Monocarboxylate 2-oxoacid-binding periplasmic protein all3028 => Monocarboxylate 2-oxoacid-binding periplasmic protein
[09:40:43] Modify product: UPF0502 protein YceH => hypothetical protein
[09:40:43] Modify product: Probable iron export permease protein FetB => putative iron export permease protein FetB
[09:40:43] Modify product: Uncharacterized protein Rv1998c => putative protein
[09:40:43] Modify product: NAD(P)H-dependent FMN reductase PA1204 => NAD(P)H-dependent FMN reductase
[09:40:43] Modify product: Purine-binding protein BAB2_0673 => Purine-binding protein
[09:40:43] Modify product: Uncharacterized protein YcjX => putative protein YcjX
[09:40:43] Modify product: UPF0283 membrane protein YcjF => hypothetical protein
[09:40:43] Modify product: Probable protein kinase UbiB => putative protein kinase UbiB
[09:40:43] Modify product: Uncharacterized ABC transporter ATP-binding protein YadG => putative ABC transporter ATP-binding protein YadG
[09:40:43] Modify product: Uncharacterized protein HI_0755 => putative protein
[09:40:43] Modify product: UPF0153 protein YeiW => hypothetical protein
[09:40:43] Modify product: Uncharacterized MFS-type transporter YcaD => putative MFS-type transporter YcaD
[09:40:43] Modify product: Uncharacterized protein YedJ => putative protein YedJ
[09:40:43] Modify product: Uncharacterized RNA pseudouridine synthase Rv1540 => putative RNA pseudouridine synthase
[09:40:43] Modify product: Probable formate transporter 1 => putative formate transporter 1
[09:40:43] Modify product: UPF0208 membrane protein YfbV => hypothetical protein
[09:40:43] Modify product: Uncharacterized N-acetyltransferase YsnE => putative N-acetyltransferase YsnE
[09:40:43] Modify product: UPF0382 membrane protein YwdK => hypothetical protein
[09:40:43] Modify product: Cyclic di-GMP phosphodiesterase PA4108 => Cyclic di-GMP phosphodiesterase
[09:40:43] Modify product: Glycogen operon protein GlgX homolog => Glycogen operon protein GlgX 
[09:40:43] Modify product: Probable amino-acid metabolite efflux pump => putative amino-acid metabolite efflux pump
[09:40:43] Modify product: Uncharacterized protein YtfJ => putative protein YtfJ
[09:40:43] Modify product: UPF0276 protein CCNA_03364 => hypothetical protein
[09:40:43] Modify product: Glycine betaine/proline/choline/ectoine transporter VP1456 => Glycine betaine/proline/choline/ectoine transporter
[09:40:43] Modify product: Probable protease SohB => putative protease SohB
[09:40:43] Modify product: Probable serine/threonine-protein kinase PkwA => putative serine/threonine-protein kinase PkwA
[09:40:43] Modify product: GTP cyclohydrolase 1 type 2 homolog => GTP cyclohydrolase 1 type 2 
[09:40:43] Modify product: Probable amino-acid-binding protein YxeM => putative amino-acid-binding protein YxeM
[09:40:43] Modify product: Probable amino-acid permease protein YxeN => putative amino-acid permease protein YxeN
[09:40:43] Modify product: Probable amino-acid import ATP-binding protein YxeO => putative amino-acid import ATP-binding protein YxeO
[09:40:43] Modify product: Cyclic di-GMP phosphodiesterase VC_1295 => Cyclic di-GMP phosphodiesterase
[09:40:43] Modify product: UPF0149 protein HI_0817 => hypothetical protein
[09:40:43] Modify product: UPF0381 protein YiiS => hypothetical protein
[09:40:43] Modify product: Uncharacterized protein YisK => putative protein YisK
[09:40:43] Modify product: Probable cyclic di-GMP phosphodiesterase VC_1348 => putative cyclic di-GMP phosphodiesterase
[09:40:43] Modify product: Uncharacterized ABC transporter ATP-binding protein YejF => putative ABC transporter ATP-binding protein YejF
[09:40:43] Modify product: Probable transcriptional regulatory protein YebC => putative transcriptional regulatory protein YebC
[09:40:43] Modify product: UPF0234 protein YajQ => hypothetical protein
[09:40:43] Modify product: Uncharacterized protease YhbU => putative protease YhbU
[09:40:43] Modify product: UPF0053 inner membrane protein YfjD => hypothetical protein
[09:40:43] Modify product: UPF0761 membrane protein YihY => hypothetical protein
[09:40:43] Modify product: Probable amino-acid-binding protein YxeM => putative amino-acid-binding protein YxeM
[09:40:43] Modify product: Uncharacterized oxidoreductase YgfF => putative oxidoreductase YgfF
[09:40:43] Modify product: Uncharacterized metal-dependent hydrolase YcfH => putative metal-dependent hydrolase YcfH
[09:40:43] Modify product: Uncharacterized oxidoreductase Rv2900c => putative oxidoreductase
[09:40:43] Modify product: Cyclic diguanosine monophosphate-binding protein PA4608 => Cyclic diguanosine monophosphate-binding protein
[09:40:43] Modify product: UPF0255 protein VV1_0328 => hypothetical protein
[09:40:43] Modify product: UPF0250 protein YbeD => hypothetical protein
[09:40:43] Modify product: Uncharacterized protein YbfE => putative protein YbfE
[09:40:43] Modify product: Probable formate transporter 1 => putative formate transporter 1
[09:40:43] Modify product: DNA-binding protein VF_0530 => DNA-binding protein
[09:40:43] Modify product: UPF0394 membrane protein XF_0765 => hypothetical protein
[09:40:43] Modify product: UPF0394 membrane protein XF_0766 => hypothetical protein
[09:40:43] Modify product: Uncharacterized HTH-type transcriptional regulator HI_0186 => putative HTH-type transcriptional regulator
[09:40:43] Modify product: Probable transcriptional regulator PhnF => putative transcriptional regulator PhnF
[09:40:43] Modify product: Cyclic di-GMP phosphodiesterase PA4108 => Cyclic di-GMP phosphodiesterase
[09:40:43] Modify product: Stress response UPF0229 protein YhbH => hypothetical protein
[09:40:43] Modify product: Probable acrylyl-CoA reductase AcuI => putative acrylyl-CoA reductase AcuI
[09:40:43] Modify product: Probable diguanylate cyclase DgcQ => putative diguanylate cyclase DgcQ
[09:40:43] Modify product: Uncharacterized protein YcgM => putative protein YcgM
[09:40:43] Modify product: Uncharacterized protein HI_0431 => putative protein
[09:40:43] Modify product: Probable membrane transporter protein YfcA => putative membrane transporter protein YfcA
[09:40:43] Modify product: Probable ATP-dependent DNA helicase YoaA => putative ATP-dependent DNA helicase YoaA
[09:40:43] Modify product: Epimerase family protein SA0724 => Epimerase family protein
[09:40:43] Modify product: UPF0125 protein HI_0395 => hypothetical protein
[09:40:43] Modify product: UPF0413 protein GK0824 => hypothetical protein
[09:40:43] Modify product: UPF0382 inner membrane protein YgdD => hypothetical protein
[09:40:43] Modify product: UPF0442 protein YjjB => hypothetical protein
[09:40:43] Modify product: UPF0125 protein HI_0395 => hypothetical protein
[09:40:43] Modify product: Uncharacterized isomerase YddE => putative isomerase YddE
[09:40:43] Modify product: UPF0178 protein YaiI => hypothetical protein
[09:40:43] Modify product: Monocarboxylate 2-oxoacid-binding periplasmic protein all3028 => Monocarboxylate 2-oxoacid-binding periplasmic protein
[09:40:43] Modify product: Probable efflux pump periplasmic linker TtgA => putative efflux pump periplasmic linker TtgA
[09:40:43] Modify product: Probable chromate transport protein => putative chromate transport protein
[09:40:43] Modify product: UPF0225 protein YchJ => hypothetical protein
[09:40:43] Modify product: Cytochrome b561 homolog 2 => Cytochrome b561 
[09:40:43] Modify product: UPF0434 protein YcaR => hypothetical protein
[09:40:43] Modify product: Probable transcriptional regulatory protein YeeN => putative transcriptional regulatory protein YeeN
[09:40:43] Modify product: UPF0227 protein YcfP => hypothetical protein
[09:40:43] Modify product: Uncharacterized symporter YidK => putative symporter YidK
[09:40:43] Modify product: UPF0307 protein YjgA => hypothetical protein
[09:40:43] Modify product: Probable chromosome-partitioning protein ParB => putative chromosome-partitioning protein ParB
[09:40:43] Modify product: Probable membrane transporter protein YfcA => putative membrane transporter protein YfcA
[09:40:43] Modify product: Probable L,D-transpeptidase YcfS => putative L,D-transpeptidase YcfS
[09:40:43] Modify product: Uncharacterized oxidoreductase SA2266 => putative oxidoreductase
[09:40:43] Modify product: Uncharacterized ABC transporter ATP-binding protein YheS => putative ABC transporter ATP-binding protein YheS
[09:40:43] Modify product: Solute-binding protein Csal_2479 => Solute-binding protein
[09:40:43] Cleaned 104 /product names
[09:40:43] Deleting unwanted file: ../../Data/Chen_Analysis/Prokka/Bacteria/GOMC.bin.9588/GOMC.bin.9588.sprot.tmp.3396940.faa
[09:40:43] Deleting unwanted file: ../../Data/Chen_Analysis/Prokka/Bacteria/GOMC.bin.9588/GOMC.bin.9588.sprot.tmp.3396940.blast
[09:40:44] There are still 999 unannotated CDS left (started with 2303)
[09:40:44] Will use hmmer3 to search against /home/joao_facio/miniconda3/envs/prokka/db/hmm/HAMAP.hmm with 4 CPUs
[09:40:44] Running: cat \.\.\/\.\.\/Data\/Chen_Analysis\/Prokka\/Bacteria\/GOMC\.bin\.9588\/GOMC\.bin\.9588\.HAMAP\.hmm\.tmp\.3396940\.faa | parallel --gnu --plain -j 4 --block 30365 --recstart '>' --pipe hmmscan --noali --notextw --acc -E 1e-09 --cpu 1 /home/joao_facio/miniconda3/envs/prokka/db/hmm/HAMAP.hmm /dev/stdin > \.\.\/\.\.\/Data\/Chen_Analysis\/Prokka\/Bacteria\/GOMC\.bin\.9588\/GOMC\.bin\.9588\.HAMAP\.hmm\.tmp\.3396940\.hmmer3 2> /dev/null
[09:40:50] Modify product: Uncharacterized Nudix hydrolase NudL => putative Nudix hydrolase NudL
[09:40:50] Cleaned 1 /product names
[09:40:50] Deleting unwanted file: ../../Data/Chen_Analysis/Prokka/Bacteria/GOMC.bin.9588/GOMC.bin.9588.HAMAP.hmm.tmp.3396940.faa
[09:40:50] Deleting unwanted file: ../../Data/Chen_Analysis/Prokka/Bacteria/GOMC.bin.9588/GOMC.bin.9588.HAMAP.hmm.tmp.3396940.hmmer3
[09:40:50] Labelling remaining 885 proteins as 'hypothetical protein'
[09:40:50] Possible /pseudo 'Twitching mobility protein' at k63_1451904 position 609
[09:40:50] Possible /pseudo 'Gamma-glutamylputrescine synthetase PuuA' at k63_1482683 position 2361
[09:40:50] Possible /pseudo 'Intermembrane transport protein YebS' at k63_511281 position 5647
[09:40:50] Possible /pseudo 'Bifunctional protein TrpGD' at k63_712555 position 3834
[09:40:50] Found 1181 unique /gene codes.
[09:40:50] Fixed 2 duplicate /gene - dapH_1 dapH_2
[09:40:50] Fixed 2 duplicate /gene - swrC_1 swrC_2
[09:40:50] Fixed 2 duplicate /gene - trpS_1 trpS_2
[09:40:50] Fixed 4 duplicate /gene - menH_1 menH_2 menH_3 menH_4
[09:40:50] Fixed 2 duplicate /gene - folM_1 folM_2
[09:40:50] Fixed 2 duplicate /gene - pilT_1 pilT_2
[09:40:50] Fixed 2 duplicate /gene - ackA_1 ackA_2
[09:40:50] Fixed 2 duplicate /gene - pomA_1 pomA_2
[09:40:50] Fixed 3 duplicate /gene - clsC_1 clsC_2 clsC_3
[09:40:50] Fixed 2 duplicate /gene - msbA_1 msbA_2
[09:40:50] Fixed 2 duplicate /gene - epsE_1 epsE_2
[09:40:50] Fixed 3 duplicate /gene - pcpR_1 pcpR_2 pcpR_3
[09:40:50] Fixed 2 duplicate /gene - grcA_1 grcA_2
[09:40:50] Fixed 2 duplicate /gene - focA_1 focA_2
[09:40:50] Fixed 2 duplicate /gene - rsuA_1 rsuA_2
[09:40:50] Fixed 5 duplicate /gene - rcsC_1 rcsC_2 rcsC_3 rcsC_4 rcsC_5
[09:40:50] Fixed 2 duplicate /gene - atpA_1 atpA_2
[09:40:50] Fixed 2 duplicate /gene - puuB_1 puuB_2
[09:40:50] Fixed 3 duplicate /gene - mltF_1 mltF_2 mltF_3
[09:40:50] Fixed 2 duplicate /gene - znuC_1 znuC_2
[09:40:50] Fixed 2 duplicate /gene - rfaF_1 rfaF_2
[09:40:50] Fixed 2 duplicate /gene - yiaV_1 yiaV_2
[09:40:50] Fixed 2 duplicate /gene - metR_1 metR_2
[09:40:50] Fixed 2 duplicate /gene - lolD_1 lolD_2
[09:40:50] Fixed 3 duplicate /gene - sctC_1 sctC_2 sctC_3
[09:40:50] Fixed 2 duplicate /gene - yidZ_1 yidZ_2
[09:40:50] Fixed 2 duplicate /gene - pdhR_1 pdhR_2
[09:40:50] Fixed 2 duplicate /gene - tdh_1 tdh_2
[09:40:50] Fixed 4 duplicate /gene - pal_1 pal_2 pal_3 pal_4
[09:40:50] Fixed 2 duplicate /gene - cysA_1 cysA_2
[09:40:50] Fixed 2 duplicate /gene - plsC_1 plsC_2
[09:40:50] Fixed 2 duplicate /gene - rpoE_1 rpoE_2
[09:40:50] Fixed 2 duplicate /gene - rnfA_1 rnfA_2
[09:40:50] Fixed 2 duplicate /gene - btuB_1 btuB_2
[09:40:50] Fixed 2 duplicate /gene - murG_1 murG_2
[09:40:50] Fixed 2 duplicate /gene - trpGD_1 trpGD_2
[09:40:50] Fixed 4 duplicate /gene - sasA_1 sasA_2 sasA_3 sasA_4
[09:40:50] Fixed 2 duplicate /gene - arcB_1 arcB_2
[09:40:50] Fixed 2 duplicate /gene - yibH_1 yibH_2
[09:40:50] Fixed 2 duplicate /gene - mepM_1 mepM_2
[09:40:50] Fixed 2 duplicate /gene - cheV_1 cheV_2
[09:40:50] Fixed 2 duplicate /gene - ynjB_1 ynjB_2
[09:40:50] Fixed 3 duplicate /gene - glgX_1 glgX_2 glgX_3
[09:40:50] Fixed 4 duplicate /gene - rhlE_1 rhlE_2 rhlE_3 rhlE_4
[09:40:50] Fixed 4 duplicate /gene - fabG_1 fabG_2 fabG_3 fabG_4
[09:40:50] Fixed 4 duplicate /gene - gph_1 gph_2 gph_3 gph_4
[09:40:50] Fixed 2 duplicate /gene - amtB_1 amtB_2
[09:40:50] Fixed 2 duplicate /gene - rnhA_1 rnhA_2
[09:40:50] Fixed 2 duplicate /gene - htpX_1 htpX_2
[09:40:50] Fixed 2 duplicate /gene - yebS_1 yebS_2
[09:40:50] Fixed 2 duplicate /gene - epsF_1 epsF_2
[09:40:50] Fixed 2 duplicate /gene - yoaA_1 yoaA_2
[09:40:50] Fixed 2 duplicate /gene - gloB_1 gloB_2
[09:40:50] Fixed 2 duplicate /gene - mepA_1 mepA_2
[09:40:50] Fixed 3 duplicate /gene - mshA_1 mshA_2 mshA_3
[09:40:50] Fixed 5 duplicate /gene - mdtA_1 mdtA_2 mdtA_3 mdtA_4 mdtA_5
[09:40:50] Fixed 2 duplicate /gene - cysZ_1 cysZ_2
[09:40:50] Fixed 2 duplicate /gene - rutR_1 rutR_2
[09:40:50] Fixed 2 duplicate /gene - galR_1 galR_2
[09:40:50] Fixed 2 duplicate /gene - luxO_1 luxO_2
[09:40:50] Fixed 2 duplicate /gene - rnfB_1 rnfB_2
[09:40:50] Fixed 2 duplicate /gene - folE2_1 folE2_2
[09:40:50] Fixed 2 duplicate /gene - bepG_1 bepG_2
[09:40:50] Fixed 4 duplicate /gene - atpH_1 atpH_2 atpH_3 atpH_4
[09:40:50] Fixed 2 duplicate /gene - malS_1 malS_2
[09:40:50] Fixed 2 duplicate /gene - thrB_1 thrB_2
[09:40:50] Fixed 2 duplicate /gene - livF_1 livF_2
[09:40:50] Fixed 2 duplicate /gene - argA_1 argA_2
[09:40:50] Fixed 2 duplicate /gene - rhtB_1 rhtB_2
[09:40:50] Fixed 2 duplicate /gene - mscS_1 mscS_2
[09:40:50] Fixed 2 duplicate /gene - lamB_1 lamB_2
[09:40:50] Fixed 2 duplicate /gene - guaB_1 guaB_2
[09:40:50] Fixed 2 duplicate /gene - rsgA_1 rsgA_2
[09:40:50] Fixed 2 duplicate /gene - pdxB_1 pdxB_2
[09:40:50] Fixed 2 duplicate /gene - ptsI_1 ptsI_2
[09:40:50] Fixed 2 duplicate /gene - yfcA_1 yfcA_2
[09:40:50] Fixed 2 duplicate /gene - pstB3_1 pstB3_2
[09:40:50] Fixed 2 duplicate /gene - potF_1 potF_2
[09:40:50] Fixed 3 duplicate /gene - btuD_1 btuD_2 btuD_3
[09:40:50] Fixed 3 duplicate /gene - pdeB_1 pdeB_2 pdeB_3
[09:40:50] Fixed 2 duplicate /gene - gltP_1 gltP_2
[09:40:50] Fixed 2 duplicate /gene - dksA_1 dksA_2
[09:40:50] Fixed 2 duplicate /gene - fabV_1 fabV_2
[09:40:50] Fixed 3 duplicate /gene - polC_1 polC_2 polC_3
[09:40:50] Fixed 2 duplicate /gene - lptB_1 lptB_2
[09:40:50] Fixed 3 duplicate /gene - ydcV_1 ydcV_2 ydcV_3
[09:40:50] Fixed 2 duplicate /gene - soj_1 soj_2
[09:40:50] Fixed 2 duplicate /gene - sdcS_1 sdcS_2
[09:40:50] Fixed 2 duplicate /gene - barA_1 barA_2
[09:40:50] Fixed 2 duplicate /gene - mcpQ_1 mcpQ_2
[09:40:50] Fixed 3 duplicate /gene - pknD_1 pknD_2 pknD_3
[09:40:50] Fixed 3 duplicate /gene - glpE_1 glpE_2 glpE_3
[09:40:50] Fixed 2 duplicate /gene - hisC_1 hisC_2
[09:40:50] Fixed 6 duplicate /gene - dmlR_1 dmlR_2 dmlR_3 dmlR_4 dmlR_5 dmlR_6
[09:40:50] Fixed 2 duplicate /gene - xylR_1 xylR_2
[09:40:50] Fixed 2 duplicate /gene - nagC_1 nagC_2
[09:40:50] Fixed 2 duplicate /gene - kdgM_1 kdgM_2
[09:40:50] Fixed 3 duplicate /gene - serC_1 serC_2 serC_3
[09:40:50] Fixed 2 duplicate /gene - puuA_1 puuA_2
[09:40:50] Fixed 3 duplicate /gene - rhaS_1 rhaS_2 rhaS_3
[09:40:50] Fixed 2 duplicate /gene - actP_1 actP_2
[09:40:50] Fixed 2 duplicate /gene - speB_1 speB_2
[09:40:50] Fixed 2 duplicate /gene - cmpB_1 cmpB_2
[09:40:50] Fixed 2 duplicate /gene - lrp_1 lrp_2
[09:40:50] Fixed 2 duplicate /gene - slyD_1 slyD_2
[09:40:50] Fixed 2 duplicate /gene - yhdN_1 yhdN_2
[09:40:50] Fixed 2 duplicate /gene - topA_1 topA_2
[09:40:50] Fixed 2 duplicate /gene - atpF_1 atpF_2
[09:40:50] Fixed 2 duplicate /gene - leuA_1 leuA_2
[09:40:50] Fixed 2 duplicate /gene - flgH_1 flgH_2
[09:40:50] Fixed 2 duplicate /gene - fadE_1 fadE_2
[09:40:50] Fixed 2 duplicate /gene - mcpP_1 mcpP_2
[09:40:50] Fixed 2 duplicate /gene - yxeM_1 yxeM_2
[09:40:50] Fixed 4 duplicate /gene - gcvA_1 gcvA_2 gcvA_3 gcvA_4
[09:40:50] Fixed 114 colliding /gene names.
[09:40:50] Adding /locus_tag identifiers
[09:40:50] Assigned 2317 locus_tags to CDS and RNA features.
[09:40:50] Writing outputs to ../../Data/Chen_Analysis/Prokka/Bacteria/GOMC.bin.9588/
[09:40:51] Generating annotation statistics file
[09:40:51] Generating Genbank and Sequin files
[09:40:51] Running: tbl2asn -V b -a r10k -l paired-ends -M n -N 1 -y 'Annotated using prokka 1.14.6 from https://github.com/tseemann/prokka' -Z \.\.\/\.\.\/Data\/Chen_Analysis\/Prokka\/Bacteria\/GOMC\.bin\.9588\/GOMC\.bin\.9588\.err -i \.\.\/\.\.\/Data\/Chen_Analysis\/Prokka\/Bacteria\/GOMC\.bin\.9588\/GOMC\.bin\.9588\.fsa 2> /dev/null
[09:40:53] Deleting unwanted file: ../../Data/Chen_Analysis/Prokka/Bacteria/GOMC.bin.9588/errorsummary.val
[09:40:53] Deleting unwanted file: ../../Data/Chen_Analysis/Prokka/Bacteria/GOMC.bin.9588/GOMC.bin.9588.dr
[09:40:53] Deleting unwanted file: ../../Data/Chen_Analysis/Prokka/Bacteria/GOMC.bin.9588/GOMC.bin.9588.fixedproducts
[09:40:53] Deleting unwanted file: ../../Data/Chen_Analysis/Prokka/Bacteria/GOMC.bin.9588/GOMC.bin.9588.ecn
[09:40:53] Deleting unwanted file: ../../Data/Chen_Analysis/Prokka/Bacteria/GOMC.bin.9588/GOMC.bin.9588.val
[09:40:53] Repairing broken .GBK output that tbl2asn produces...
[09:40:53] Running: sed 's/COORDINATES: profile/COORDINATES:profile/' < \.\.\/\.\.\/Data\/Chen_Analysis\/Prokka\/Bacteria\/GOMC\.bin\.9588\/GOMC\.bin\.9588\.gbf > \.\.\/\.\.\/Data\/Chen_Analysis\/Prokka\/Bacteria\/GOMC\.bin\.9588\/GOMC\.bin\.9588\.gbk
[09:40:53] Deleting unwanted file: ../../Data/Chen_Analysis/Prokka/Bacteria/GOMC.bin.9588/GOMC.bin.9588.gbf
[09:40:53] Output files:
[09:40:53] ../../Data/Chen_Analysis/Prokka/Bacteria/GOMC.bin.9588/GOMC.bin.9588.sqn
[09:40:53] ../../Data/Chen_Analysis/Prokka/Bacteria/GOMC.bin.9588/GOMC.bin.9588.tbl
[09:40:53] ../../Data/Chen_Analysis/Prokka/Bacteria/GOMC.bin.9588/GOMC.bin.9588.log
[09:40:53] ../../Data/Chen_Analysis/Prokka/Bacteria/GOMC.bin.9588/GOMC.bin.9588.fna
[09:40:53] ../../Data/Chen_Analysis/Prokka/Bacteria/GOMC.bin.9588/GOMC.bin.9588.ffn
[09:40:53] ../../Data/Chen_Analysis/Prokka/Bacteria/GOMC.bin.9588/GOMC.bin.9588.gff
[09:40:53] ../../Data/Chen_Analysis/Prokka/Bacteria/GOMC.bin.9588/GOMC.bin.9588.err
[09:40:53] ../../Data/Chen_Analysis/Prokka/Bacteria/GOMC.bin.9588/GOMC.bin.9588.fsa
[09:40:53] ../../Data/Chen_Analysis/Prokka/Bacteria/GOMC.bin.9588/GOMC.bin.9588.txt
[09:40:53] ../../Data/Chen_Analysis/Prokka/Bacteria/GOMC.bin.9588/GOMC.bin.9588.tsv
[09:40:53] ../../Data/Chen_Analysis/Prokka/Bacteria/GOMC.bin.9588/GOMC.bin.9588.faa
[09:40:53] ../../Data/Chen_Analysis/Prokka/Bacteria/GOMC.bin.9588/GOMC.bin.9588.gbk
[09:40:53] Annotation finished successfully.
[09:40:53] Walltime used: 0.85 minutes
[09:40:53] If you use this result please cite the Prokka paper:
[09:40:53] Seemann T (2014) Prokka: rapid prokaryotic genome annotation. Bioinformatics. 30(14):2068-9.
[09:40:53] Type 'prokka --citation' for more details.
[09:40:53] Share and enjoy!
