[07:28:53] This is prokka 1.14.6
[07:28:53] Written by Torsten Seemann <torsten.seemann@gmail.com>
[07:28:53] Homepage is https://github.com/tseemann/prokka
[07:28:53] Local time is Mon Dec  1 07:28:53 2025
[07:28:53] You are joao_facio
[07:28:53] Operating system is linux
[07:28:53] You have BioPerl 1.7.8
[07:28:53] System has 12 cores.
[07:28:53] Will use maximum of 4 cores.
[07:28:53] Annotating as >>> Archaea <<<
[07:28:53] Generating locus_tag from '/tmp/tmp6gns85ah/GOMC.bin.4306.fa' contents.
[07:28:53] Setting --locustag CCMHOFKO from MD5 cc618f48097e8ff1054cccfbb4a85c44
[07:28:53] Creating new output folder: ../../Data/Chen_Analysis/Prokka/Archaea/GOMC.bin.4306
[07:28:53] Running: mkdir -p \.\.\/\.\.\/Data\/Chen_Analysis\/Prokka\/Archaea\/GOMC\.bin\.4306
[07:28:53] Using filename prefix: GOMC.bin.4306.XXX
[07:28:53] Setting HMMER_NCPU=1
[07:28:53] Writing log to: ../../Data/Chen_Analysis/Prokka/Archaea/GOMC.bin.4306/GOMC.bin.4306.log
[07:28:53] Command: /home/joao_facio/miniconda3/envs/prokka/bin/prokka --outdir ../../Data/Chen_Analysis/Prokka/Archaea/GOMC.bin.4306 --prefix GOMC.bin.4306 --kingdom Archaea --genus QENJ01 --strain GOMC.bin.4306 --cpus 4 --force /tmp/tmp6gns85ah/GOMC.bin.4306.fa
[07:28:53] Appending to PATH: /home/joao_facio/miniconda3/envs/prokka/bin
[07:28:53] Looking for 'aragorn' - found /home/joao_facio/miniconda3/envs/prokka/bin/aragorn
[07:28:53] Determined aragorn version is 001002 from 'ARAGORN v1.2.41 Dean Laslett'
[07:28:53] Looking for 'barrnap' - found /home/joao_facio/miniconda3/envs/prokka/bin/barrnap
[07:28:53] Determined barrnap version is 000009 from 'barrnap 0.9'
[07:28:53] Looking for 'blastp' - found /home/joao_facio/miniconda3/envs/prokka/bin/blastp
[07:28:53] Determined blastp version is 002016 from 'blastp: 2.16.0+'
[07:28:53] Looking for 'cmpress' - found /home/joao_facio/miniconda3/envs/prokka/bin/cmpress
[07:28:53] Determined cmpress version is 001001 from '# INFERNAL 1.1.5 (Sep 2023)'
[07:28:53] Looking for 'cmscan' - found /home/joao_facio/miniconda3/envs/prokka/bin/cmscan
[07:28:53] Determined cmscan version is 001001 from '# INFERNAL 1.1.5 (Sep 2023)'
[07:28:53] Looking for 'egrep' - found /usr/bin/egrep
[07:28:53] Looking for 'find' - found /usr/bin/find
[07:28:53] Looking for 'grep' - found /usr/bin/grep
[07:28:53] Looking for 'hmmpress' - found /home/joao_facio/miniconda3/envs/prokka/bin/hmmpress
[07:28:53] Determined hmmpress version is 003004 from '# HMMER 3.4 (Aug 2023); http://hmmer.org/'
[07:28:53] Looking for 'hmmscan' - found /home/joao_facio/miniconda3/envs/prokka/bin/hmmscan
[07:28:53] Determined hmmscan version is 003004 from '# HMMER 3.4 (Aug 2023); http://hmmer.org/'
[07:28:53] Looking for 'java' - found /home/joao_facio/miniconda3/envs/prokka/bin/java
[07:28:53] Looking for 'makeblastdb' - found /home/joao_facio/miniconda3/envs/prokka/bin/makeblastdb
[07:28:53] Determined makeblastdb version is 002016 from 'makeblastdb: 2.16.0+'
[07:28:53] Looking for 'minced' - found /home/joao_facio/miniconda3/envs/prokka/bin/minced
[07:28:53] Determined minced version is 004002 from 'minced 0.4.2'
[07:28:53] Looking for 'parallel' - found /home/joao_facio/miniconda3/envs/prokka/bin/parallel
[07:28:53] Determined parallel version is 20251122 from 'GNU parallel 20251122'
[07:28:53] Looking for 'prodigal' - found /home/joao_facio/miniconda3/envs/prokka/bin/prodigal
[07:28:53] Determined prodigal version is 002006 from 'Prodigal V2.6.3: February, 2016'
[07:28:53] Looking for 'prokka-genbank_to_fasta_db' - found /home/joao_facio/miniconda3/envs/prokka/bin/prokka-genbank_to_fasta_db
[07:28:53] Looking for 'sed' - found /usr/bin/sed
[07:28:53] Looking for 'tbl2asn' - found /home/joao_facio/miniconda3/envs/prokka/bin/tbl2asn
[07:28:53] Determined tbl2asn version is 025007 from 'tbl2asn 25.7   arguments:'
[07:28:53] Using genetic code table 11.
[07:28:53] Loading and checking input file: /tmp/tmp6gns85ah/GOMC.bin.4306.fa
[07:28:53] Wrote 304 contigs totalling 1609809 bp.
[07:28:53] Predicting tRNAs and tmRNAs
[07:28:53] Running: aragorn -l -gc11  -w \.\.\/\.\.\/Data\/Chen_Analysis\/Prokka\/Archaea\/GOMC\.bin\.4306\/GOMC\.bin\.4306\.fna
[07:28:53] 1 tRNA-Arg [1841,1913] 35 (tcg)
[07:28:53] 1 tRNA-Arg c[121,194] 36 (ccg)
[07:28:53] 1 tRNA-Cys [310,382] 34 (gca)
[07:28:53] 1 tRNA-Met c[930,1003] 35 (cat)
[07:28:53] 1 tRNA-Val [1308,1381] 35 (cac)
[07:28:53] 1 tRNA-Met [4940,5014] 36 (cat)
[07:28:53] 1 tRNA-Ser [1937,2023] 35 (gct)
[07:28:53] 1 tRNA-Ser c[6372,6457] 35 (tga)
[07:28:53] 2 tRNA-Trp [8914,8987] 35 (cca)
[07:28:53] 1 tRNA-Gly [10741,10812] 34 (tcc)
[07:28:53] 1 tRNA-Val [15812,15885] 35 (tac)
[07:28:53] 1 tRNA-Thr [6111,6182] 33 (cgt)
[07:28:54] 1 tRNA-Val c[5310,5385] 35 (gac)
[07:28:54] 1 tRNA-Leu c[14717,14800] 36 (tag)
[07:28:54] 1 tRNA-Met [4048,4122] 36 (cat)
[07:28:54] 1 tRNA-Leu [5032,5116] 36 (cag)
[07:28:54] 1 tRNA-Gln c[1411,1485] 36 (ctg)
[07:28:54] 1 tRNA-Leu c[2928,3012] 36 (caa)
[07:28:54] 1 tRNA-Asn [1904,1978] 35 (gtt)
[07:28:54] 1 tRNA-Lys [1448,1523] 36 (ctt)
[07:28:54] 1 tRNA-Thr c[-1,73] 35 (tgt)
[07:28:54] 1 tRNA-Glu [5063,5139] 38 (ttc)
[07:28:54] 1 tRNA-Gln c[5325,5397] 35 (ttg)
[07:28:54] 1 tRNA-Pro c[9595,9669] 37 (cgg)
[07:28:54] Found 24 tRNAs
[07:28:54] Predicting Ribosomal RNAs
[07:28:54] Running Barrnap with 4 threads
[07:28:54] 1 48691823_MG_FD_k53_12747_1 4075 5S ribosomal RNA
[07:28:54] Found 1 rRNAs
[07:28:54] Skipping ncRNA search, enable with --rfam if desired.
[07:28:54] Total of 25 tRNA + rRNA features
[07:28:54] Searching for CRISPR repeats
[07:28:54] Found 0 CRISPRs
[07:28:54] Predicting coding sequences
[07:28:54] Contigs total 1609809 bp, so using single mode
[07:28:54] Running: prodigal -i \.\.\/\.\.\/Data\/Chen_Analysis\/Prokka\/Archaea\/GOMC\.bin\.4306\/GOMC\.bin\.4306\.fna -c -m -g 11 -p single -f sco -q
[07:28:55] Excluding CDS which overlaps existing RNA (tRNA) at 48691823_MG_FD_k53_8666_1:989..1969 on - strand
[07:28:55] Excluding CDS which overlaps existing RNA (tRNA) at 48691823_MG_FD_k53_49493_1:1989..2735 on + strand
[07:28:55] Excluding CDS which overlaps existing RNA (tRNA) at 48691823_MG_FD_k53_87895_1:4082..4867 on - strand
[07:28:55] Excluding CDS which overlaps existing RNA (tRNA) at 48691823_MG_FD_k53_97078_1:1483..2055 on - strand
[07:28:55] Found 1601 CDS
[07:28:55] Connecting features back to sequences
[07:28:55] Not using genus-specific database. Try --usegenus to enable it.
[07:28:55] Annotating CDS, please be patient.
[07:28:55] Will use 4 CPUs for similarity searching.
[07:28:55] There are still 1601 unannotated CDS left (started with 1601)
[07:28:55] Will use blast to search against /home/joao_facio/miniconda3/envs/prokka/db/kingdom/Archaea/sprot with 4 CPUs
[07:28:55] Running: cat \.\.\/\.\.\/Data\/Chen_Analysis\/Prokka\/Archaea\/GOMC\.bin\.4306\/GOMC\.bin\.4306\.sprot\.tmp\.3121446\.faa | parallel --gnu --plain -j 4 --block 55652 --recstart '>' --pipe blastp -query - -db /home/joao_facio/miniconda3/envs/prokka/db/kingdom/Archaea/sprot -evalue 1e-09 -qcov_hsp_perc 80 -num_threads 1 -num_descriptions 1 -num_alignments 1 -seg no > \.\.\/\.\.\/Data\/Chen_Analysis\/Prokka\/Archaea\/GOMC\.bin\.4306\/GOMC\.bin\.4306\.sprot\.tmp\.3121446\.blast 2> /dev/null
[07:28:58] Modify product: Probable thymidylate kinase => putative thymidylate kinase
[07:28:58] Modify product: Uncharacterized ATP-binding protein MJ1010 => putative ATP-binding protein
[07:28:58] Modify product: Uncharacterized protein MJ0922 => putative protein
[07:28:58] Modify product: UPF0045 protein MTH_1187 => hypothetical protein
[07:28:58] Modify product: Uncharacterized ABC transporter ATP-binding protein MJ0796 => putative ABC transporter ATP-binding protein
[07:28:58] Modify product: Uncharacterized ABC transporter ATP-binding protein MJ0796 => putative ABC transporter ATP-binding protein
[07:28:58] Modify product: Probable branched-chain amino acid transport ATP-binding protein LivG => putative branched-chain amino acid transport ATP-binding protein LivG
[07:28:58] Modify product: DNA-binding protein MTH_1615 => DNA-binding protein
[07:28:58] Modify product: Probable deoxyhypusine synthase => putative deoxyhypusine synthase
[07:28:58] Modify product: UPF0215 protein AF_1433 => hypothetical protein
[07:28:58] Modify product: Phosphodiesterase MJ0936 => Phosphodiesterase
[07:28:58] Modify product: Probable methanogenesis regulatory protein FilR2 => putative methanogenesis regulatory protein FilR2
[07:28:58] Modify product: Probable cyclic pyranopterin monophosphate synthase => putative cyclic pyranopterin monophosphate synthase
[07:28:58] Modify product: UPF0107 protein AF_0055 => hypothetical protein
[07:28:58] Modify product: Uncharacterized protein MJ1225 => putative protein
[07:28:58] Modify product: Uncharacterized protein MJ0100 => putative protein
[07:28:58] Modify product: Uncharacterized protein MTH_863 => putative protein MTH_863
[07:28:58] Modify product: Probable aspartokinase => putative aspartokinase
[07:28:58] Modify product: S-adenosyl-L-methionine-binding protein AF_0241 => S-adenosyl-L-methionine-binding protein
[07:28:58] Modify product: UPF0235 protein MTH_637 => hypothetical protein
[07:28:58] Modify product: Uncharacterized protein MJ1311 => putative protein
[07:28:58] Modify product: Probable branched-chain amino acid transport ATP-binding protein LivG => putative branched-chain amino acid transport ATP-binding protein LivG
[07:28:58] Modify product: Uncharacterized protein MJ1311 => putative protein
[07:28:58] Modify product: Probable tRNA pseudouridine synthase B => putative tRNA pseudouridine synthase B
[07:28:58] Modify product: Probable branched-chain amino acid transport ATP-binding protein LivG => putative branched-chain amino acid transport ATP-binding protein LivG
[07:28:58] Modify product: Uncharacterized protein MJ1187 => putative protein
[07:28:58] Modify product: Damage-control phosphatase AF_1104 => Damage-control phosphatase
[07:28:58] Modify product: Uncharacterized protein MTH_862 => putative protein MTH_862
[07:28:58] Modify product: Probable L-aspartate dehydrogenase => putative L-aspartate dehydrogenase
[07:28:58] Modify product: Putative sugar kinase PH1459 => Putative sugar kinase
[07:28:58] Modify product: Probable phosphoenolpyruvate synthase => putative phosphoenolpyruvate synthase
[07:28:58] Modify product: Protein translation factor SUI1 homolog => Protein translation factor SUI1 
[07:28:58] Modify product: Protein pelota homolog => Protein pelota 
[07:28:58] Modify product: Membrane-bound protease PH1510 => Membrane-bound protease
[07:28:58] Modify product: Zinc metalloprotease TldD homolog => Zinc metalloprotease TldD 
[07:28:58] Modify product: Probable adenylyl-sulfate kinase => putative adenylyl-sulfate kinase
[07:28:58] Modify product: Probable tRNA pseudouridine synthase D => putative tRNA pseudouridine synthase D
[07:28:58] Modify product: UPF0200/UPF0201 protein AF_1395 => hypothetical protein
[07:28:58] Modify product: Probable phosphoenolpyruvate synthase => putative phosphoenolpyruvate synthase
[07:28:58] Modify product: Probable ATP-dependent RNA helicase MJ0669 => putative ATP-dependent RNA helicase
[07:28:58] Modify product: Probable metalloprotease HVO_1016 => putative metalloprotease
[07:28:58] Modify product: Zinc metalloprotease TldD homolog => Zinc metalloprotease TldD 
[07:28:58] Modify product: Stomatin homolog PH1511 => Stomatin
[07:28:58] Modify product: Uncharacterized HTH-type transcriptional regulator PH1519 => putative HTH-type transcriptional regulator
[07:28:58] Modify product: Protein MM_0484 => Protein
[07:28:58] Modify product: Zinc metalloprotease MJ0392 => Zinc metalloprotease
[07:28:58] Modify product: Trk system potassium uptake protein TrkA homolog => Trk system potassium uptake protein TrkA 
[07:28:58] Modify product: Probable adenylyl-sulfate kinase => putative adenylyl-sulfate kinase
[07:28:58] Modify product: UPF0273 protein PH0284 => hypothetical protein
[07:28:58] Modify product: Probable translation initiation factor IF-2 => putative translation initiation factor IF-2
[07:28:58] Modify product: Probable ribosome biogenesis protein SSO0551 => putative ribosome biogenesis protein
[07:28:58] Modify product: Uncharacterized protein MJ1225 => putative protein
[07:28:58] Modify product: Uncharacterized protein MJ0922 => putative protein
[07:28:58] Cleaned 53 /product names
[07:28:58] Deleting unwanted file: ../../Data/Chen_Analysis/Prokka/Archaea/GOMC.bin.4306/GOMC.bin.4306.sprot.tmp.3121446.faa
[07:28:58] Deleting unwanted file: ../../Data/Chen_Analysis/Prokka/Archaea/GOMC.bin.4306/GOMC.bin.4306.sprot.tmp.3121446.blast
[07:28:58] There are still 1117 unannotated CDS left (started with 1601)
[07:28:58] Will use hmmer3 to search against /home/joao_facio/miniconda3/envs/prokka/db/hmm/HAMAP.hmm with 4 CPUs
[07:28:58] Running: cat \.\.\/\.\.\/Data\/Chen_Analysis\/Prokka\/Archaea\/GOMC\.bin\.4306\/GOMC\.bin\.4306\.HAMAP\.hmm\.tmp\.3121446\.faa | parallel --gnu --plain -j 4 --block 36964 --recstart '>' --pipe hmmscan --noali --notextw --acc -E 1e-09 --cpu 1 /home/joao_facio/miniconda3/envs/prokka/db/hmm/HAMAP.hmm /dev/stdin > \.\.\/\.\.\/Data\/Chen_Analysis\/Prokka\/Archaea\/GOMC\.bin\.4306\/GOMC\.bin\.4306\.HAMAP\.hmm\.tmp\.3121446\.hmmer3 2> /dev/null
[07:29:06] Deleting unwanted file: ../../Data/Chen_Analysis/Prokka/Archaea/GOMC.bin.4306/GOMC.bin.4306.HAMAP.hmm.tmp.3121446.faa
[07:29:06] Deleting unwanted file: ../../Data/Chen_Analysis/Prokka/Archaea/GOMC.bin.4306/GOMC.bin.4306.HAMAP.hmm.tmp.3121446.hmmer3
[07:29:06] Labelling remaining 898 proteins as 'hypothetical protein'
[07:29:06] Possible /pseudo 'Vitamin B12 import ATP-binding protein BtuD' at 48691823_MG_FD_k53_6534_1 position 11861
[07:29:06] Possible /pseudo 'Pup--protein ligase' at 48691823_MG_FD_k53_15458_1 position 5425
[07:29:06] Possible /pseudo 'Bifunctional protein GlmU' at 48691823_MG_FD_k53_110325_1 position 5186
[07:29:06] Possible /pseudo 'putative protein' at 48691823_MG_FD_k53_233746_1 position 6922
[07:29:06] Found 446 unique /gene codes.
[07:29:06] Fixed 2 duplicate /gene - dbpA_1 dbpA_2
[07:29:06] Fixed 2 duplicate /gene - htpX_1 htpX_2
[07:29:06] Fixed 5 duplicate /gene - mshA_1 mshA_2 mshA_3 mshA_4 mshA_5
[07:29:06] Fixed 2 duplicate /gene - cdhC_1 cdhC_2
[07:29:06] Fixed 2 duplicate /gene - idsA_1 idsA_2
[07:29:06] Fixed 2 duplicate /gene - rpl3_1 rpl3_2
[07:29:06] Fixed 2 duplicate /gene - purP_1 purP_2
[07:29:06] Fixed 2 duplicate /gene - tgtA_1 tgtA_2
[07:29:06] Fixed 2 duplicate /gene - atpA_1 atpA_2
[07:29:06] Fixed 2 duplicate /gene - argH_1 argH_2
[07:29:06] Fixed 3 duplicate /gene - gph_1 gph_2 gph_3
[07:29:06] Fixed 2 duplicate /gene - ndhI_1 ndhI_2
[07:29:06] Fixed 2 duplicate /gene - apgM1_1 apgM1_2
[07:29:06] Fixed 2 duplicate /gene - cimA_1 cimA_2
[07:29:06] Fixed 2 duplicate /gene - mat_1 mat_2
[07:29:06] Fixed 2 duplicate /gene - btuF_1 btuF_2
[07:29:06] Fixed 3 duplicate /gene - rnj_1 rnj_2 rnj_3
[07:29:06] Fixed 2 duplicate /gene - grpE_1 grpE_2
[07:29:06] Fixed 6 duplicate /gene - moaA_1 moaA_2 moaA_3 moaA_4 moaA_5 moaA_6
[07:29:06] Fixed 2 duplicate /gene - purE_1 purE_2
[07:29:06] Fixed 2 duplicate /gene - aor_1 aor_2
[07:29:06] Fixed 2 duplicate /gene - ftsZ_1 ftsZ_2
[07:29:06] Fixed 4 duplicate /gene - sasA_1 sasA_2 sasA_3 sasA_4
[07:29:06] Fixed 2 duplicate /gene - cheA_1 cheA_2
[07:29:06] Fixed 3 duplicate /gene - rssB_1 rssB_2 rssB_3
[07:29:06] Fixed 2 duplicate /gene - ard1_1 ard1_2
[07:29:06] Fixed 3 duplicate /gene - malK_1 malK_2 malK_3
[07:29:06] Fixed 2 duplicate /gene - pqqE_1 pqqE_2
[07:29:06] Fixed 2 duplicate /gene - lysJ_1 lysJ_2
[07:29:06] Fixed 2 duplicate /gene - dnaJ_1 dnaJ_2
[07:29:06] Fixed 2 duplicate /gene - thiL_1 thiL_2
[07:29:06] Fixed 3 duplicate /gene - cpdA_1 cpdA_2 cpdA_3
[07:29:06] Fixed 2 duplicate /gene - dnaK_1 dnaK_2
[07:29:06] Fixed 2 duplicate /gene - purF_1 purF_2
[07:29:06] Fixed 2 duplicate /gene - cysC_1 cysC_2
[07:29:06] Fixed 8 duplicate /gene - cheB_1 cheB_2 cheB_3 cheB_4 cheB_5 cheB_6 cheB_7 cheB_8
[07:29:06] Fixed 2 duplicate /gene - caiA_1 caiA_2
[07:29:06] Fixed 10 duplicate /gene - btuD_1 btuD_2 btuD_3 btuD_4 btuD_5 btuD_6 btuD_7 btuD_8 btuD_9 btuD_10
[07:29:06] Fixed 2 duplicate /gene - tldD_1 tldD_2
[07:29:06] Fixed 2 duplicate /gene - thsA_1 thsA_2
[07:29:06] Fixed 2 duplicate /gene - hisF_1 hisF_2
[07:29:06] Fixed 2 duplicate /gene - hldD_1 hldD_2
[07:29:06] Fixed 2 duplicate /gene - asd_1 asd_2
[07:29:06] Fixed 2 duplicate /gene - purA_1 purA_2
[07:29:06] Fixed 2 duplicate /gene - metG_1 metG_2
[07:29:06] Fixed 2 duplicate /gene - miaB_1 miaB_2
[07:29:06] Fixed 3 duplicate /gene - btuC_1 btuC_2 btuC_3
[07:29:06] Fixed 2 duplicate /gene - cdhA_1 cdhA_2
[07:29:06] Fixed 3 duplicate /gene - cheY_1 cheY_2 cheY_3
[07:29:06] Fixed 2 duplicate /gene - srmB_1 srmB_2
[07:29:06] Fixed 2 duplicate /gene - cofH_1 cofH_2
[07:29:06] Fixed 2 duplicate /gene - rpl4_1 rpl4_2
[07:29:06] Fixed 2 duplicate /gene - ecfT_1 ecfT_2
[07:29:06] Fixed 3 duplicate /gene - glmU_1 glmU_2 glmU_3
[07:29:06] Fixed 2 duplicate /gene - pafA_1 pafA_2
[07:29:06] Fixed 2 duplicate /gene - hdrA_1 hdrA_2
[07:29:06] Fixed 2 duplicate /gene - faeB-hpsB_1 faeB-hpsB_2
[07:29:06] Fixed 7 duplicate /gene - ndhB_1 ndhB_2 ndhB_3 ndhB_4 ndhB_5 ndhB_6 ndhB_7
[07:29:06] Fixed 2 duplicate /gene - nifB_1 nifB_2
[07:29:06] Fixed 2 duplicate /gene - bamB_1 bamB_2
[07:29:06] Fixed 3 duplicate /gene - tfb_1 tfb_2 tfb_3
[07:29:06] Fixed 2 duplicate /gene - IMPDH_1 IMPDH_2
[07:29:06] Fixed 2 duplicate /gene - trpB1_1 trpB1_2
[07:29:06] Fixed 2 duplicate /gene - dadD_1 dadD_2
[07:29:06] Fixed 4 duplicate /gene - rsxB_1 rsxB_2 rsxB_3 rsxB_4
[07:29:06] Fixed 2 duplicate /gene - secY_1 secY_2
[07:29:06] Fixed 2 duplicate /gene - ppsA_1 ppsA_2
[07:29:06] Fixed 2 duplicate /gene - COQ5_1 COQ5_2
[07:29:06] Fixed 2 duplicate /gene - ileS_1 ileS_2
[07:29:06] Fixed 3 duplicate /gene - livG_1 livG_2 livG_3
[07:29:06] Fixed 2 duplicate /gene - hisC_1 hisC_2
[07:29:06] Fixed 2 duplicate /gene - rfcS_1 rfcS_2
[07:29:06] Fixed 2 duplicate /gene - fpoN_1 fpoN_2
[07:29:06] Fixed 2 duplicate /gene - cdc6_1 cdc6_2
[07:29:06] Fixed 2 duplicate /gene - recF_1 recF_2
[07:29:06] Fixed 2 duplicate /gene - aglB3_1 aglB3_2
[07:29:06] Fixed 76 colliding /gene names.
[07:29:06] Adding /locus_tag identifiers
[07:29:06] Assigned 1626 locus_tags to CDS and RNA features.
[07:29:06] Writing outputs to ../../Data/Chen_Analysis/Prokka/Archaea/GOMC.bin.4306/
[07:29:07] Generating annotation statistics file
[07:29:07] Generating Genbank and Sequin files
[07:29:07] Running: tbl2asn -V b -a r10k -l paired-ends -M n -N 1 -y 'Annotated using prokka 1.14.6 from https://github.com/tseemann/prokka' -Z \.\.\/\.\.\/Data\/Chen_Analysis\/Prokka\/Archaea\/GOMC\.bin\.4306\/GOMC\.bin\.4306\.err -i \.\.\/\.\.\/Data\/Chen_Analysis\/Prokka\/Archaea\/GOMC\.bin\.4306\/GOMC\.bin\.4306\.fsa 2> /dev/null
[07:29:08] Deleting unwanted file: ../../Data/Chen_Analysis/Prokka/Archaea/GOMC.bin.4306/errorsummary.val
[07:29:08] Deleting unwanted file: ../../Data/Chen_Analysis/Prokka/Archaea/GOMC.bin.4306/GOMC.bin.4306.dr
[07:29:08] Deleting unwanted file: ../../Data/Chen_Analysis/Prokka/Archaea/GOMC.bin.4306/GOMC.bin.4306.fixedproducts
[07:29:08] Deleting unwanted file: ../../Data/Chen_Analysis/Prokka/Archaea/GOMC.bin.4306/GOMC.bin.4306.ecn
[07:29:08] Deleting unwanted file: ../../Data/Chen_Analysis/Prokka/Archaea/GOMC.bin.4306/GOMC.bin.4306.val
[07:29:08] Repairing broken .GBK output that tbl2asn produces...
[07:29:08] Running: sed 's/COORDINATES: profile/COORDINATES:profile/' < \.\.\/\.\.\/Data\/Chen_Analysis\/Prokka\/Archaea\/GOMC\.bin\.4306\/GOMC\.bin\.4306\.gbf > \.\.\/\.\.\/Data\/Chen_Analysis\/Prokka\/Archaea\/GOMC\.bin\.4306\/GOMC\.bin\.4306\.gbk
[07:29:08] Deleting unwanted file: ../../Data/Chen_Analysis/Prokka/Archaea/GOMC.bin.4306/GOMC.bin.4306.gbf
[07:29:08] Output files:
[07:29:08] ../../Data/Chen_Analysis/Prokka/Archaea/GOMC.bin.4306/GOMC.bin.4306.tsv
[07:29:08] ../../Data/Chen_Analysis/Prokka/Archaea/GOMC.bin.4306/GOMC.bin.4306.txt
[07:29:08] ../../Data/Chen_Analysis/Prokka/Archaea/GOMC.bin.4306/GOMC.bin.4306.log
[07:29:08] ../../Data/Chen_Analysis/Prokka/Archaea/GOMC.bin.4306/GOMC.bin.4306.ffn
[07:29:08] ../../Data/Chen_Analysis/Prokka/Archaea/GOMC.bin.4306/GOMC.bin.4306.faa
[07:29:08] ../../Data/Chen_Analysis/Prokka/Archaea/GOMC.bin.4306/GOMC.bin.4306.fna
[07:29:08] ../../Data/Chen_Analysis/Prokka/Archaea/GOMC.bin.4306/GOMC.bin.4306.fsa
[07:29:08] ../../Data/Chen_Analysis/Prokka/Archaea/GOMC.bin.4306/GOMC.bin.4306.tbl
[07:29:08] ../../Data/Chen_Analysis/Prokka/Archaea/GOMC.bin.4306/GOMC.bin.4306.err
[07:29:08] ../../Data/Chen_Analysis/Prokka/Archaea/GOMC.bin.4306/GOMC.bin.4306.gbk
[07:29:08] ../../Data/Chen_Analysis/Prokka/Archaea/GOMC.bin.4306/GOMC.bin.4306.sqn
[07:29:08] ../../Data/Chen_Analysis/Prokka/Archaea/GOMC.bin.4306/GOMC.bin.4306.gff
[07:29:08] Annotation finished successfully.
[07:29:08] Walltime used: 0.25 minutes
[07:29:08] If you use this result please cite the Prokka paper:
[07:29:08] Seemann T (2014) Prokka: rapid prokaryotic genome annotation. Bioinformatics. 30(14):2068-9.
[07:29:08] Type 'prokka --citation' for more details.
[07:29:08] Share and enjoy!
