[09:20:07] This is prokka 1.14.6
[09:20:07] Written by Torsten Seemann <torsten.seemann@gmail.com>
[09:20:07] Homepage is https://github.com/tseemann/prokka
[09:20:07] Local time is Mon Dec  1 09:20:07 2025
[09:20:07] You are joao_facio
[09:20:07] Operating system is linux
[09:20:07] You have BioPerl 1.7.8
[09:20:07] System has 12 cores.
[09:20:07] Will use maximum of 4 cores.
[09:20:07] Annotating as >>> Bacteria <<<
[09:20:07] Generating locus_tag from '/tmp/tmp6gns85ah/GOMC.bin.6582.fa' contents.
[09:20:07] Setting --locustag LEBOJDOK from MD5 5eb83d84c9dde5f16581d7678c791546
[09:20:07] Creating new output folder: ../../Data/Chen_Analysis/Prokka/Bacteria/GOMC.bin.6582
[09:20:07] Running: mkdir -p \.\.\/\.\.\/Data\/Chen_Analysis\/Prokka\/Bacteria\/GOMC\.bin\.6582
[09:20:07] Using filename prefix: GOMC.bin.6582.XXX
[09:20:07] Setting HMMER_NCPU=1
[09:20:07] Writing log to: ../../Data/Chen_Analysis/Prokka/Bacteria/GOMC.bin.6582/GOMC.bin.6582.log
[09:20:07] Command: /home/joao_facio/miniconda3/envs/prokka/bin/prokka --outdir ../../Data/Chen_Analysis/Prokka/Bacteria/GOMC.bin.6582 --prefix GOMC.bin.6582 --kingdom Bacteria --genus Glaciecola --strain GOMC.bin.6582 --cpus 4 --force /tmp/tmp6gns85ah/GOMC.bin.6582.fa
[09:20:07] Appending to PATH: /home/joao_facio/miniconda3/envs/prokka/bin
[09:20:07] Looking for 'aragorn' - found /home/joao_facio/miniconda3/envs/prokka/bin/aragorn
[09:20:07] Determined aragorn version is 001002 from 'ARAGORN v1.2.41 Dean Laslett'
[09:20:07] Looking for 'barrnap' - found /home/joao_facio/miniconda3/envs/prokka/bin/barrnap
[09:20:07] Determined barrnap version is 000009 from 'barrnap 0.9'
[09:20:07] Looking for 'blastp' - found /home/joao_facio/miniconda3/envs/prokka/bin/blastp
[09:20:07] Determined blastp version is 002016 from 'blastp: 2.16.0+'
[09:20:07] Looking for 'cmpress' - found /home/joao_facio/miniconda3/envs/prokka/bin/cmpress
[09:20:07] Determined cmpress version is 001001 from '# INFERNAL 1.1.5 (Sep 2023)'
[09:20:07] Looking for 'cmscan' - found /home/joao_facio/miniconda3/envs/prokka/bin/cmscan
[09:20:07] Determined cmscan version is 001001 from '# INFERNAL 1.1.5 (Sep 2023)'
[09:20:07] Looking for 'egrep' - found /usr/bin/egrep
[09:20:07] Looking for 'find' - found /usr/bin/find
[09:20:07] Looking for 'grep' - found /usr/bin/grep
[09:20:07] Looking for 'hmmpress' - found /home/joao_facio/miniconda3/envs/prokka/bin/hmmpress
[09:20:07] Determined hmmpress version is 003004 from '# HMMER 3.4 (Aug 2023); http://hmmer.org/'
[09:20:07] Looking for 'hmmscan' - found /home/joao_facio/miniconda3/envs/prokka/bin/hmmscan
[09:20:07] Determined hmmscan version is 003004 from '# HMMER 3.4 (Aug 2023); http://hmmer.org/'
[09:20:07] Looking for 'java' - found /home/joao_facio/miniconda3/envs/prokka/bin/java
[09:20:07] Looking for 'makeblastdb' - found /home/joao_facio/miniconda3/envs/prokka/bin/makeblastdb
[09:20:07] Determined makeblastdb version is 002016 from 'makeblastdb: 2.16.0+'
[09:20:07] Looking for 'minced' - found /home/joao_facio/miniconda3/envs/prokka/bin/minced
[09:20:07] Determined minced version is 004002 from 'minced 0.4.2'
[09:20:07] Looking for 'parallel' - found /home/joao_facio/miniconda3/envs/prokka/bin/parallel
[09:20:07] Determined parallel version is 20251122 from 'GNU parallel 20251122'
[09:20:07] Looking for 'prodigal' - found /home/joao_facio/miniconda3/envs/prokka/bin/prodigal
[09:20:07] Determined prodigal version is 002006 from 'Prodigal V2.6.3: February, 2016'
[09:20:07] Looking for 'prokka-genbank_to_fasta_db' - found /home/joao_facio/miniconda3/envs/prokka/bin/prokka-genbank_to_fasta_db
[09:20:07] Looking for 'sed' - found /usr/bin/sed
[09:20:07] Looking for 'tbl2asn' - found /home/joao_facio/miniconda3/envs/prokka/bin/tbl2asn
[09:20:07] Determined tbl2asn version is 025007 from 'tbl2asn 25.7   arguments:'
[09:20:07] Using genetic code table 11.
[09:20:07] Loading and checking input file: /tmp/tmp6gns85ah/GOMC.bin.6582.fa
[09:20:07] Wrote 298 contigs totalling 1327174 bp.
[09:20:07] Predicting tRNAs and tmRNAs
[09:20:07] Running: aragorn -l -gc11  -w \.\.\/\.\.\/Data\/Chen_Analysis\/Prokka\/Bacteria\/GOMC\.bin\.6582\/GOMC\.bin\.6582\.fna
[09:20:07] 1 tRNA-Glu c[4128,4203] 35 (ttc)
[09:20:07] 2 tRNA-Ala c[4275,4350] 34 (ggc)
[09:20:07] 3 tRNA-Val [9259,9334] 34 (tac)
[09:20:07] 1 tRNA-Gly c[4984,5059] 34 (gcc)
[09:20:07] 1 tRNA-Pro c[1539,1615] 35 (ggg)
[09:20:07] 1 tRNA-Trp [5294,5370] 35 (cca)
[09:20:07] 1 tmRNA c[3146,3503] 92,127 ANDENYALAA**
[09:20:07] 1 tRNA-Met [593,669] 35 (cat)
[09:20:07] 1 tRNA-Leu [4097,4181] 35 (caa)
[09:20:07] 1 tRNA-Met [3948,4024] 35 (cat)
[09:20:07] 2 tRNA-Leu [4063,4147] 35 (tag)
[09:20:07] 1 tRNA-Pro [3504,3580] 35 (tgg)
[09:20:07] 1 tRNA-Arg c[3243,3319] 35 (tct)
[09:20:07] 1 tRNA-Asp c[1179,1255] 35 (gtc)
[09:20:07] 1 tRNA-Trp [2355,2431] 35 (cca)
[09:20:07] 1 tRNA-Lys [14,89] 34 (ttt)
[09:20:07] 2 tRNA-Ser [1381,1470] 35 (gga)
[09:20:07] 1 tRNA-Pro c[2132,2208] 35 (tgg)
[09:20:07] 2 tRNA-Leu c[2245,2329] 35 (tag)
[09:20:07] 3 tRNA-His c[2378,2453] 34 (gtg)
[09:20:07] Found 20 tRNAs
[09:20:07] Predicting Ribosomal RNAs
[09:20:07] Running Barrnap with 4 threads
[09:20:07] 1 OCPG01000031.1 6710 16S ribosomal RNA (partial)
[09:20:07] Found 1 rRNAs
[09:20:07] Skipping ncRNA search, enable with --rfam if desired.
[09:20:07] Total of 20 tRNA + rRNA features
[09:20:07] Searching for CRISPR repeats
[09:20:08] Found 0 CRISPRs
[09:20:08] Predicting coding sequences
[09:20:08] Contigs total 1327174 bp, so using single mode
[09:20:08] Running: prodigal -i \.\.\/\.\.\/Data\/Chen_Analysis\/Prokka\/Bacteria\/GOMC\.bin\.6582\/GOMC\.bin\.6582\.fna -c -m -g 11 -p single -f sco -q
[09:20:08] Found 1202 CDS
[09:20:08] Connecting features back to sequences
[09:20:08] Not using genus-specific database. Try --usegenus to enable it.
[09:20:08] Annotating CDS, please be patient.
[09:20:08] Will use 4 CPUs for similarity searching.
[09:20:09] There are still 1202 unannotated CDS left (started with 1202)
[09:20:09] Will use blast to search against /home/joao_facio/miniconda3/envs/prokka/db/kingdom/Bacteria/IS with 4 CPUs
[09:20:09] Running: cat \.\.\/\.\.\/Data\/Chen_Analysis\/Prokka\/Bacteria\/GOMC\.bin\.6582\/GOMC\.bin\.6582\.IS\.tmp\.3359559\.faa | parallel --gnu --plain -j 4 --block 45632 --recstart '>' --pipe blastp -query - -db /home/joao_facio/miniconda3/envs/prokka/db/kingdom/Bacteria/IS -evalue 1e-30 -qcov_hsp_perc 90 -num_threads 1 -num_descriptions 1 -num_alignments 1 -seg no > \.\.\/\.\.\/Data\/Chen_Analysis\/Prokka\/Bacteria\/GOMC\.bin\.6582\/GOMC\.bin\.6582\.IS\.tmp\.3359559\.blast 2> /dev/null
[09:20:12] Deleting unwanted file: ../../Data/Chen_Analysis/Prokka/Bacteria/GOMC.bin.6582/GOMC.bin.6582.IS.tmp.3359559.faa
[09:20:12] Deleting unwanted file: ../../Data/Chen_Analysis/Prokka/Bacteria/GOMC.bin.6582/GOMC.bin.6582.IS.tmp.3359559.blast
[09:20:13] There are still 1198 unannotated CDS left (started with 1202)
[09:20:13] Will use blast to search against /home/joao_facio/miniconda3/envs/prokka/db/kingdom/Bacteria/AMR with 4 CPUs
[09:20:13] Running: cat \.\.\/\.\.\/Data\/Chen_Analysis\/Prokka\/Bacteria\/GOMC\.bin\.6582\/GOMC\.bin\.6582\.AMR\.tmp\.3359559\.faa | parallel --gnu --plain -j 4 --block 45419 --recstart '>' --pipe blastp -query - -db /home/joao_facio/miniconda3/envs/prokka/db/kingdom/Bacteria/AMR -evalue 1e-300 -qcov_hsp_perc 90 -num_threads 1 -num_descriptions 1 -num_alignments 1 -seg no > \.\.\/\.\.\/Data\/Chen_Analysis\/Prokka\/Bacteria\/GOMC\.bin\.6582\/GOMC\.bin\.6582\.AMR\.tmp\.3359559\.blast 2> /dev/null
[09:20:15] Deleting unwanted file: ../../Data/Chen_Analysis/Prokka/Bacteria/GOMC.bin.6582/GOMC.bin.6582.AMR.tmp.3359559.faa
[09:20:15] Deleting unwanted file: ../../Data/Chen_Analysis/Prokka/Bacteria/GOMC.bin.6582/GOMC.bin.6582.AMR.tmp.3359559.blast
[09:20:16] There are still 1198 unannotated CDS left (started with 1202)
[09:20:16] Will use blast to search against /home/joao_facio/miniconda3/envs/prokka/db/kingdom/Bacteria/sprot with 4 CPUs
[09:20:16] Running: cat \.\.\/\.\.\/Data\/Chen_Analysis\/Prokka\/Bacteria\/GOMC\.bin\.6582\/GOMC\.bin\.6582\.sprot\.tmp\.3359559\.faa | parallel --gnu --plain -j 4 --block 45419 --recstart '>' --pipe blastp -query - -db /home/joao_facio/miniconda3/envs/prokka/db/kingdom/Bacteria/sprot -evalue 1e-09 -qcov_hsp_perc 80 -num_threads 1 -num_descriptions 1 -num_alignments 1 -seg no > \.\.\/\.\.\/Data\/Chen_Analysis\/Prokka\/Bacteria\/GOMC\.bin\.6582\/GOMC\.bin\.6582\.sprot\.tmp\.3359559\.blast 2> /dev/null
[09:20:31] Modify product: UPF0761 membrane protein YihY => hypothetical protein
[09:20:31] Modify product: Probable GTP-binding protein EngB => putative GTP-binding protein EngB
[09:20:31] Modify product: Probable glycerol-3-phosphate acyltransferase => putative glycerol-3-phosphate acyltransferase
[09:20:31] Modify product: Uncharacterized protein YqeY => putative protein YqeY
[09:20:31] Modify product: UPF0758 protein YsxA => hypothetical protein
[09:20:31] Modify product: UPF0149 protein HI_0817 => hypothetical protein
[09:20:31] Modify product: DNA-binding protein VF_0530 => DNA-binding protein
[09:20:31] Modify product: UPF0307 protein YjgA => hypothetical protein
[09:20:31] Modify product: UPF0070 protein HI_0370 => hypothetical protein
[09:20:31] Modify product: UPF0234 protein HI_1034 => hypothetical protein
[09:20:31] Modify product: Uncharacterized ABC transporter ATP-binding protein YknY => putative ABC transporter ATP-binding protein YknY
[09:20:31] Modify product: Probable ATP-dependent DNA helicase YoaA => putative ATP-dependent DNA helicase YoaA
[09:20:31] Modify product: Probable ATP-dependent DNA helicase YoaA => putative ATP-dependent DNA helicase YoaA
[09:20:31] Modify product: Riboflavin biosynthesis protein VVA0006 => Riboflavin biosynthesis protein
[09:20:31] Modify product: Probable D-xylose utilization operon transcriptional repressor => putative D-xylose utilization operon transcriptional repressor
[09:20:31] Modify product: UPF0225 protein YchJ => hypothetical protein
[09:20:31] Modify product: Uncharacterized oxidoreductase Rv0945 => putative oxidoreductase
[09:20:31] Modify product: Uncharacterized ABC transporter ATP-binding protein YheS => putative ABC transporter ATP-binding protein YheS
[09:20:31] Modify product: Uncharacterized ABC transporter ATP-binding protein YadG => putative ABC transporter ATP-binding protein YadG
[09:20:31] Modify product: UPF0053 protein HI_0107 => hypothetical protein
[09:20:31] Modify product: Putative multidrug export ATP-binding/permease protein SAV1866 => Putative multidrug export ATP-binding/permease protein
[09:20:31] Modify product: UPF0434 protein CV_3345 => hypothetical protein
[09:20:31] Modify product: Uncharacterized protein YciH => putative protein YciH
[09:20:31] Modify product: Uncharacterized protein PA3435 => putative protein
[09:20:31] Modify product: UPF0719 inner membrane protein YjfL => hypothetical protein
[09:20:31] Modify product: Uncharacterized oxidoreductase YciK => putative oxidoreductase YciK
[09:20:31] Modify product: Probable protein kinase UbiB => putative protein kinase UbiB
[09:20:31] Modify product: Probable RNA 2'-phosphotransferase => putative RNA 2'-phosphotransferase
[09:20:31] Modify product: Putative trans-acting enoyl reductase Rv2449c => Putative trans-acting enoyl reductase
[09:20:31] Modify product: Uncharacterized protein Rv2915c => putative protein
[09:20:31] Modify product: Uncharacterized ABC transporter ATP-binding protein YbiT => putative ABC transporter ATP-binding protein YbiT
[09:20:31] Modify product: Uncharacterized ABC transporter ATP-binding protein YbiT => putative ABC transporter ATP-binding protein YbiT
[09:20:31] Modify product: UPF0208 membrane protein YfbV => hypothetical protein
[09:20:31] Modify product: Probable TonB-dependent receptor NMB0964 => putative TonB-dependent receptor
[09:20:31] Modify product: UPF0301 protein VC_0467 => hypothetical protein
[09:20:31] Modify product: Probable lipid II flippase MurJ => putative lipid II flippase MurJ
[09:20:31] Modify product: UPF0394 membrane protein XF_0766 => hypothetical protein
[09:20:31] Modify product: UPF0394 membrane protein XF_0765 => hypothetical protein
[09:20:31] Modify product: UPF0701 protein HI_0467 => hypothetical protein
[09:20:31] Modify product: UPF0250 protein YbeD => hypothetical protein
[09:20:31] Modify product: Co-chaperone protein HscB homolog => Co-chaperone protein HscB 
[09:20:32] Modify product: Uncharacterized protein YciO => putative protein YciO
[09:20:32] Modify product: Probable peptidoglycan glycosyltransferase FtsW => putative peptidoglycan glycosyltransferase FtsW
[09:20:32] Modify product: Probable metallo-hydrolase BURPS1710b_2304 => putative metallo-hydrolase
[09:20:32] Modify product: Uncharacterized protein YibN => putative protein YibN
[09:20:32] Modify product: Uncharacterized acyl-CoA thioester hydrolase HI_0827 => putative acyl-CoA thioester hydrolase
[09:20:32] Modify product: Putative short-chain type dehydrogenase/reductase Rv0148 => Putative short-chain type dehydrogenase/reductase
[09:20:32] Modify product: Uncharacterized ABC transporter ATP-binding protein YknY => putative ABC transporter ATP-binding protein YknY
[09:20:32] Modify product: Probable adenylyl-sulfate kinase => putative adenylyl-sulfate kinase
[09:20:32] Modify product: Bifunctional protein FolD => Bifunctional protein FolD protein
[09:20:32] Modify product: Probable succinyl-CoA:3-ketoacid coenzyme A transferase subunit B => putative succinyl-CoA:3-ketoacid coenzyme A transferase subunit B
[09:20:32] Modify product: Probable succinyl-CoA:3-ketoacid coenzyme A transferase subunit A => putative succinyl-CoA:3-ketoacid coenzyme A transferase subunit A
[09:20:32] Modify product: Putative multidrug export ATP-binding/permease protein SAV1866 => Putative multidrug export ATP-binding/permease protein
[09:20:32] Modify product: UPF0213 protein BH0048 => hypothetical protein
[09:20:32] Cleaned 54 /product names
[09:20:32] Deleting unwanted file: ../../Data/Chen_Analysis/Prokka/Bacteria/GOMC.bin.6582/GOMC.bin.6582.sprot.tmp.3359559.faa
[09:20:32] Deleting unwanted file: ../../Data/Chen_Analysis/Prokka/Bacteria/GOMC.bin.6582/GOMC.bin.6582.sprot.tmp.3359559.blast
[09:20:32] There are still 387 unannotated CDS left (started with 1202)
[09:20:32] Will use hmmer3 to search against /home/joao_facio/miniconda3/envs/prokka/db/hmm/HAMAP.hmm with 4 CPUs
[09:20:32] Running: cat \.\.\/\.\.\/Data\/Chen_Analysis\/Prokka\/Bacteria\/GOMC\.bin\.6582\/GOMC\.bin\.6582\.HAMAP\.hmm\.tmp\.3359559\.faa | parallel --gnu --plain -j 4 --block 13036 --recstart '>' --pipe hmmscan --noali --notextw --acc -E 1e-09 --cpu 1 /home/joao_facio/miniconda3/envs/prokka/db/hmm/HAMAP.hmm /dev/stdin > \.\.\/\.\.\/Data\/Chen_Analysis\/Prokka\/Bacteria\/GOMC\.bin\.6582\/GOMC\.bin\.6582\.HAMAP\.hmm\.tmp\.3359559\.hmmer3 2> /dev/null
[09:20:35] Deleting unwanted file: ../../Data/Chen_Analysis/Prokka/Bacteria/GOMC.bin.6582/GOMC.bin.6582.HAMAP.hmm.tmp.3359559.faa
[09:20:35] Deleting unwanted file: ../../Data/Chen_Analysis/Prokka/Bacteria/GOMC.bin.6582/GOMC.bin.6582.HAMAP.hmm.tmp.3359559.hmmer3
[09:20:35] Labelling remaining 309 proteins as 'hypothetical protein'
[09:20:35] Possible /pseudo 'putative ATP-dependent DNA helicase YoaA' at OCPG01000029.1 position 2128
[09:20:35] Possible /pseudo 'Phosphoenolpyruvate-dependent phosphotransferase system' at OCPG01000043.1 position 6504
[09:20:35] Possible /pseudo 'Tol-Pal system protein TolQ' at OCPG01000082.1 position 2486
[09:20:35] Possible /pseudo 'putative ABC transporter ATP-binding protein YbiT' at OCPG01000131.1 position 3762
[09:20:35] Possible /pseudo 'Methionine synthase' at OCPG01000158.1 position 3109
[09:20:35] Possible /pseudo 'D-inositol-3-phosphate glycosyltransferase' at OCPG01000259.1 position 2723
[09:20:35] Possible /pseudo 'Tn3 family transposase ISKox2' at OCPG01000372.1 position 2410
[09:20:35] Possible /pseudo 'Ribosomal RNA small subunit methyltransferase E' at OCPG01000606.1 position 498
[09:20:35] Found 810 unique /gene codes.
[09:20:35] Fixed 2 duplicate /gene - cysQ_1 cysQ_2
[09:20:35] Fixed 2 duplicate /gene - ribBA_1 ribBA_2
[09:20:35] Fixed 2 duplicate /gene - tolR_1 tolR_2
[09:20:35] Fixed 2 duplicate /gene - trmB_1 trmB_2
[09:20:35] Fixed 2 duplicate /gene - bepA_1 bepA_2
[09:20:35] Fixed 2 duplicate /gene - rpoB_1 rpoB_2
[09:20:35] Fixed 2 duplicate /gene - fusA_1 fusA_2
[09:20:35] Fixed 2 duplicate /gene - yoaA_1 yoaA_2
[09:20:35] Fixed 2 duplicate /gene - glpE_1 glpE_2
[09:20:35] Fixed 5 duplicate /gene - rcsC_1 rcsC_2 rcsC_3 rcsC_4 rcsC_5
[09:20:35] Fixed 2 duplicate /gene - mshA_1 mshA_2
[09:20:35] Fixed 2 duplicate /gene - ybiT_1 ybiT_2
[09:20:35] Fixed 2 duplicate /gene - era_1 era_2
[09:20:35] Fixed 2 duplicate /gene - fmt_1 fmt_2
[09:20:35] Fixed 2 duplicate /gene - metH_1 metH_2
[09:20:35] Fixed 2 duplicate /gene - ahpC_1 ahpC_2
[09:20:35] Fixed 2 duplicate /gene - dinG_1 dinG_2
[09:20:35] Fixed 3 duplicate /gene - sasA_1 sasA_2 sasA_3
[09:20:35] Fixed 2 duplicate /gene - ftsA_1 ftsA_2
[09:20:35] Fixed 2 duplicate /gene - yknY_1 yknY_2
[09:20:35] Fixed 2 duplicate /gene - nreC_1 nreC_2
[09:20:35] Fixed 2 duplicate /gene - pepA_1 pepA_2
[09:20:35] Fixed 2 duplicate /gene - glgB_1 glgB_2
[09:20:35] Fixed 2 duplicate /gene - yliI_1 yliI_2
[09:20:35] Fixed 2 duplicate /gene - epsF_1 epsF_2
[09:20:35] Fixed 2 duplicate /gene - fklB_1 fklB_2
[09:20:35] Fixed 2 duplicate /gene - mutS_1 mutS_2
[09:20:35] Fixed 2 duplicate /gene - fadH_1 fadH_2
[09:20:35] Fixed 2 duplicate /gene - degS_1 degS_2
[09:20:35] Fixed 2 duplicate /gene - asd2_1 asd2_2
[09:20:35] Fixed 4 duplicate /gene - tolQ_1 tolQ_2 tolQ_3 tolQ_4
[09:20:35] Fixed 2 duplicate /gene - topA_1 topA_2
[09:20:35] Fixed 3 duplicate /gene - btuB_1 btuB_2 btuB_3
[09:20:35] Fixed 2 duplicate /gene - ptsP_1 ptsP_2
[09:20:35] Fixed 2 duplicate /gene - tatC_1 tatC_2
[09:20:35] Fixed 2 duplicate /gene - lolD_1 lolD_2
[09:20:35] Fixed 2 duplicate /gene - rsmE_1 rsmE_2
[09:20:35] Fixed 37 colliding /gene names.
[09:20:35] Adding /locus_tag identifiers
[09:20:35] Assigned 1223 locus_tags to CDS and RNA features.
[09:20:35] Writing outputs to ../../Data/Chen_Analysis/Prokka/Bacteria/GOMC.bin.6582/
[09:20:35] Generating annotation statistics file
[09:20:35] Generating Genbank and Sequin files
[09:20:35] Running: tbl2asn -V b -a r10k -l paired-ends -M n -N 1 -y 'Annotated using prokka 1.14.6 from https://github.com/tseemann/prokka' -Z \.\.\/\.\.\/Data\/Chen_Analysis\/Prokka\/Bacteria\/GOMC\.bin\.6582\/GOMC\.bin\.6582\.err -i \.\.\/\.\.\/Data\/Chen_Analysis\/Prokka\/Bacteria\/GOMC\.bin\.6582\/GOMC\.bin\.6582\.fsa 2> /dev/null
[09:20:37] Deleting unwanted file: ../../Data/Chen_Analysis/Prokka/Bacteria/GOMC.bin.6582/errorsummary.val
[09:20:37] Deleting unwanted file: ../../Data/Chen_Analysis/Prokka/Bacteria/GOMC.bin.6582/GOMC.bin.6582.dr
[09:20:37] Deleting unwanted file: ../../Data/Chen_Analysis/Prokka/Bacteria/GOMC.bin.6582/GOMC.bin.6582.fixedproducts
[09:20:37] Deleting unwanted file: ../../Data/Chen_Analysis/Prokka/Bacteria/GOMC.bin.6582/GOMC.bin.6582.ecn
[09:20:37] Deleting unwanted file: ../../Data/Chen_Analysis/Prokka/Bacteria/GOMC.bin.6582/GOMC.bin.6582.val
[09:20:37] Repairing broken .GBK output that tbl2asn produces...
[09:20:37] Running: sed 's/COORDINATES: profile/COORDINATES:profile/' < \.\.\/\.\.\/Data\/Chen_Analysis\/Prokka\/Bacteria\/GOMC\.bin\.6582\/GOMC\.bin\.6582\.gbf > \.\.\/\.\.\/Data\/Chen_Analysis\/Prokka\/Bacteria\/GOMC\.bin\.6582\/GOMC\.bin\.6582\.gbk
[09:20:37] Deleting unwanted file: ../../Data/Chen_Analysis/Prokka/Bacteria/GOMC.bin.6582/GOMC.bin.6582.gbf
[09:20:37] Output files:
[09:20:37] ../../Data/Chen_Analysis/Prokka/Bacteria/GOMC.bin.6582/GOMC.bin.6582.tbl
[09:20:37] ../../Data/Chen_Analysis/Prokka/Bacteria/GOMC.bin.6582/GOMC.bin.6582.ffn
[09:20:37] ../../Data/Chen_Analysis/Prokka/Bacteria/GOMC.bin.6582/GOMC.bin.6582.gbk
[09:20:37] ../../Data/Chen_Analysis/Prokka/Bacteria/GOMC.bin.6582/GOMC.bin.6582.tsv
[09:20:37] ../../Data/Chen_Analysis/Prokka/Bacteria/GOMC.bin.6582/GOMC.bin.6582.txt
[09:20:37] ../../Data/Chen_Analysis/Prokka/Bacteria/GOMC.bin.6582/GOMC.bin.6582.faa
[09:20:37] ../../Data/Chen_Analysis/Prokka/Bacteria/GOMC.bin.6582/GOMC.bin.6582.log
[09:20:37] ../../Data/Chen_Analysis/Prokka/Bacteria/GOMC.bin.6582/GOMC.bin.6582.err
[09:20:37] ../../Data/Chen_Analysis/Prokka/Bacteria/GOMC.bin.6582/GOMC.bin.6582.sqn
[09:20:37] ../../Data/Chen_Analysis/Prokka/Bacteria/GOMC.bin.6582/GOMC.bin.6582.fsa
[09:20:37] ../../Data/Chen_Analysis/Prokka/Bacteria/GOMC.bin.6582/GOMC.bin.6582.gff
[09:20:37] ../../Data/Chen_Analysis/Prokka/Bacteria/GOMC.bin.6582/GOMC.bin.6582.fna
[09:20:37] Annotation finished successfully.
[09:20:37] Walltime used: 0.50 minutes
[09:20:37] If you use this result please cite the Prokka paper:
[09:20:37] Seemann T (2014) Prokka: rapid prokaryotic genome annotation. Bioinformatics. 30(14):2068-9.
[09:20:37] Type 'prokka --citation' for more details.
[09:20:37] Thank you, come again.
