[08:55:38] This is prokka 1.14.6
[08:55:38] Written by Torsten Seemann <torsten.seemann@gmail.com>
[08:55:38] Homepage is https://github.com/tseemann/prokka
[08:55:38] Local time is Mon Dec  1 08:55:38 2025
[08:55:38] You are joao_facio
[08:55:38] Operating system is linux
[08:55:38] You have BioPerl 1.7.8
[08:55:38] System has 12 cores.
[08:55:38] Will use maximum of 4 cores.
[08:55:38] Annotating as >>> Bacteria <<<
[08:55:38] Generating locus_tag from '/tmp/tmp6gns85ah/GOMC.bin.7683.fa' contents.
[08:55:38] Setting --locustag ONADOBLG from MD5 87ad8b502f608b3cf25461b39d9180b7
[08:55:38] Creating new output folder: ../../Data/Chen_Analysis/Prokka/Bacteria/GOMC.bin.7683
[08:55:38] Running: mkdir -p \.\.\/\.\.\/Data\/Chen_Analysis\/Prokka\/Bacteria\/GOMC\.bin\.7683
[08:55:38] Using filename prefix: GOMC.bin.7683.XXX
[08:55:38] Setting HMMER_NCPU=1
[08:55:38] Writing log to: ../../Data/Chen_Analysis/Prokka/Bacteria/GOMC.bin.7683/GOMC.bin.7683.log
[08:55:38] Command: /home/joao_facio/miniconda3/envs/prokka/bin/prokka --outdir ../../Data/Chen_Analysis/Prokka/Bacteria/GOMC.bin.7683 --prefix GOMC.bin.7683 --kingdom Bacteria --genus Marinobacter --strain GOMC.bin.7683 --cpus 4 --force /tmp/tmp6gns85ah/GOMC.bin.7683.fa
[08:55:38] Appending to PATH: /home/joao_facio/miniconda3/envs/prokka/bin
[08:55:38] Looking for 'aragorn' - found /home/joao_facio/miniconda3/envs/prokka/bin/aragorn
[08:55:38] Determined aragorn version is 001002 from 'ARAGORN v1.2.41 Dean Laslett'
[08:55:38] Looking for 'barrnap' - found /home/joao_facio/miniconda3/envs/prokka/bin/barrnap
[08:55:38] Determined barrnap version is 000009 from 'barrnap 0.9'
[08:55:38] Looking for 'blastp' - found /home/joao_facio/miniconda3/envs/prokka/bin/blastp
[08:55:38] Determined blastp version is 002016 from 'blastp: 2.16.0+'
[08:55:38] Looking for 'cmpress' - found /home/joao_facio/miniconda3/envs/prokka/bin/cmpress
[08:55:38] Determined cmpress version is 001001 from '# INFERNAL 1.1.5 (Sep 2023)'
[08:55:38] Looking for 'cmscan' - found /home/joao_facio/miniconda3/envs/prokka/bin/cmscan
[08:55:38] Determined cmscan version is 001001 from '# INFERNAL 1.1.5 (Sep 2023)'
[08:55:38] Looking for 'egrep' - found /usr/bin/egrep
[08:55:38] Looking for 'find' - found /usr/bin/find
[08:55:38] Looking for 'grep' - found /usr/bin/grep
[08:55:38] Looking for 'hmmpress' - found /home/joao_facio/miniconda3/envs/prokka/bin/hmmpress
[08:55:38] Determined hmmpress version is 003004 from '# HMMER 3.4 (Aug 2023); http://hmmer.org/'
[08:55:38] Looking for 'hmmscan' - found /home/joao_facio/miniconda3/envs/prokka/bin/hmmscan
[08:55:38] Determined hmmscan version is 003004 from '# HMMER 3.4 (Aug 2023); http://hmmer.org/'
[08:55:38] Looking for 'java' - found /home/joao_facio/miniconda3/envs/prokka/bin/java
[08:55:38] Looking for 'makeblastdb' - found /home/joao_facio/miniconda3/envs/prokka/bin/makeblastdb
[08:55:38] Determined makeblastdb version is 002016 from 'makeblastdb: 2.16.0+'
[08:55:38] Looking for 'minced' - found /home/joao_facio/miniconda3/envs/prokka/bin/minced
[08:55:38] Determined minced version is 004002 from 'minced 0.4.2'
[08:55:38] Looking for 'parallel' - found /home/joao_facio/miniconda3/envs/prokka/bin/parallel
[08:55:38] Determined parallel version is 20251122 from 'GNU parallel 20251122'
[08:55:38] Looking for 'prodigal' - found /home/joao_facio/miniconda3/envs/prokka/bin/prodigal
[08:55:38] Determined prodigal version is 002006 from 'Prodigal V2.6.3: February, 2016'
[08:55:38] Looking for 'prokka-genbank_to_fasta_db' - found /home/joao_facio/miniconda3/envs/prokka/bin/prokka-genbank_to_fasta_db
[08:55:38] Looking for 'sed' - found /usr/bin/sed
[08:55:38] Looking for 'tbl2asn' - found /home/joao_facio/miniconda3/envs/prokka/bin/tbl2asn
[08:55:38] Determined tbl2asn version is 025007 from 'tbl2asn 25.7   arguments:'
[08:55:38] Using genetic code table 11.
[08:55:38] Loading and checking input file: /tmp/tmp6gns85ah/GOMC.bin.7683.fa
[08:55:38] Wrote 57 contigs totalling 3717163 bp.
[08:55:38] Predicting tRNAs and tmRNAs
[08:55:38] Running: aragorn -l -gc11  -w \.\.\/\.\.\/Data\/Chen_Analysis\/Prokka\/Bacteria\/GOMC\.bin\.7683\/GOMC\.bin\.7683\.fna
[08:55:39] 1 tRNA-Ala c[71,146] 34 (ggc)
[08:55:39] 1 tRNA-Pro [26781,26857] 35 (ggg)
[08:55:39] 1 tRNA-Leu c[42580,42664] 35 (tag)
[08:55:39] 2 tRNA-His c[42741,42816] 34 (gtg)
[08:55:39] 3 tRNA-Arg c[42905,42981] 35 (tct)
[08:55:39] 4 tRNA-Pro c[43014,43090] 35 (tgg)
[08:55:39] 1 tRNA-Arg [41522,41598] 35 (cct)
[08:55:39] 2 tRNA-Met c[64097,64173] 35 (cat)
[08:55:39] 1 tRNA-Met c[20558,20634] 35 (cat)
[08:55:39] 2 tRNA-Gln c[24284,24358] 33 (ttg)
[08:55:39] 1 tRNA-Cys [155,228] 33 (gca)
[08:55:39] 1 tRNA-Leu c[61116,61202] 35 (taa)
[08:55:39] 2 tRNA-Ser c[94694,94784] 35 (tga)
[08:55:39] 3 tRNA-Val [302422,302498] 35 (gac)
[08:55:39] 4 tRNA-Lys c[313366,313441] 34 (ttt)
[08:55:39] 1 tRNA-Val [108509,108584] 34 (tac)
[08:55:39] 1 tRNA-Met [13,89] 35 (cat)
[08:55:39] 1 tmRNA c[23672,24037] 95,127 ANDENYALAA*
[08:55:39] 2 tRNA-Leu [47711,47795] 35 (gag)
[08:55:39] 1 tRNA-Ser [49571,49660] 35 (gct)
[08:55:39] 2 tRNA-Arg [49720,49796] 35 (acg)
[08:55:39] 1 tRNA-Ser [51510,51600] 35 (gga)
[08:55:39] 1 tRNA-Met [39744,39820] 35 (cat)
[08:55:39] 1 tRNA-Thr c[316,391] 34 (ggt)
[08:55:39] 2 tRNA-Gly c[409,483] 34 (tcc)
[08:55:39] 3 tRNA-Tyr c[494,578] 35 (gta)
[08:55:39] 4 tRNA-Thr c[617,692] 34 (tgt)
[08:55:39] 1 tRNA-Pro c[109908,109984] 35 (cgg)
[08:55:39] 1 tRNA-Leu [28978,29064] 35 (caa)
[08:55:39] 1 tRNA-Arg c[91097,91173] 35 (ccg)
[08:55:39] 2 tRNA-Phe c[168380,168455] 34 (gaa)
[08:55:39] 1 tRNA-Thr c[57118,57195] 36 (cgt)
[08:55:39] 1 tRNA-Thr [68771,68850] 37 (tgt)
[08:55:39] Found 33 tRNAs
[08:55:39] Predicting Ribosomal RNAs
[08:55:39] Running Barrnap with 4 threads
[08:55:40] Found 0 rRNAs
[08:55:40] Skipping ncRNA search, enable with --rfam if desired.
[08:55:40] Total of 32 tRNA + rRNA features
[08:55:40] Searching for CRISPR repeats
[08:55:40] Found 0 CRISPRs
[08:55:40] Predicting coding sequences
[08:55:40] Contigs total 3717163 bp, so using single mode
[08:55:40] Running: prodigal -i \.\.\/\.\.\/Data\/Chen_Analysis\/Prokka\/Bacteria\/GOMC\.bin\.7683\/GOMC\.bin\.7683\.fna -c -m -g 11 -p single -f sco -q
[08:55:42] Excluding CDS which overlaps existing RNA (tRNA) at k63_23417:42370..43095 on + strand
[08:55:42] Excluding CDS which overlaps existing RNA (tRNA) at k63_19729:23281..24381 on - strand
[08:55:43] Excluding CDS which overlaps existing RNA (tRNA) at k63_14490:60435..61169 on + strand
[08:55:43] Excluding CDS which overlaps existing RNA (tRNA) at k63_15103:166872..168440 on - strand
[08:55:44] Excluding CDS which overlaps existing RNA (tRNA) at k63_12334:56977..57726 on - strand
[08:55:44] Excluding CDS which overlaps existing RNA (tRNA) at k63_8798:67771..69666 on + strand
[08:55:44] Found 3374 CDS
[08:55:44] Connecting features back to sequences
[08:55:44] Not using genus-specific database. Try --usegenus to enable it.
[08:55:44] Annotating CDS, please be patient.
[08:55:44] Will use 4 CPUs for similarity searching.
[08:55:44] There are still 3374 unannotated CDS left (started with 3374)
[08:55:44] Will use blast to search against /home/joao_facio/miniconda3/envs/prokka/db/kingdom/Bacteria/IS with 4 CPUs
[08:55:44] Running: cat \.\.\/\.\.\/Data\/Chen_Analysis\/Prokka\/Bacteria\/GOMC\.bin\.7683\/GOMC\.bin\.7683\.IS\.tmp\.3310083\.faa | parallel --gnu --plain -j 4 --block 143718 --recstart '>' --pipe blastp -query - -db /home/joao_facio/miniconda3/envs/prokka/db/kingdom/Bacteria/IS -evalue 1e-30 -qcov_hsp_perc 90 -num_threads 1 -num_descriptions 1 -num_alignments 1 -seg no > \.\.\/\.\.\/Data\/Chen_Analysis\/Prokka\/Bacteria\/GOMC\.bin\.7683\/GOMC\.bin\.7683\.IS\.tmp\.3310083\.blast 2> /dev/null
[08:55:56] Deleting unwanted file: ../../Data/Chen_Analysis/Prokka/Bacteria/GOMC.bin.7683/GOMC.bin.7683.IS.tmp.3310083.faa
[08:55:56] Deleting unwanted file: ../../Data/Chen_Analysis/Prokka/Bacteria/GOMC.bin.7683/GOMC.bin.7683.IS.tmp.3310083.blast
[08:55:56] There are still 3368 unannotated CDS left (started with 3374)
[08:55:56] Will use blast to search against /home/joao_facio/miniconda3/envs/prokka/db/kingdom/Bacteria/AMR with 4 CPUs
[08:55:56] Running: cat \.\.\/\.\.\/Data\/Chen_Analysis\/Prokka\/Bacteria\/GOMC\.bin\.7683\/GOMC\.bin\.7683\.AMR\.tmp\.3310083\.faa | parallel --gnu --plain -j 4 --block 143473 --recstart '>' --pipe blastp -query - -db /home/joao_facio/miniconda3/envs/prokka/db/kingdom/Bacteria/AMR -evalue 1e-300 -qcov_hsp_perc 90 -num_threads 1 -num_descriptions 1 -num_alignments 1 -seg no > \.\.\/\.\.\/Data\/Chen_Analysis\/Prokka\/Bacteria\/GOMC\.bin\.7683\/GOMC\.bin\.7683\.AMR\.tmp\.3310083\.blast 2> /dev/null
[08:56:05] Deleting unwanted file: ../../Data/Chen_Analysis/Prokka/Bacteria/GOMC.bin.7683/GOMC.bin.7683.AMR.tmp.3310083.faa
[08:56:05] Deleting unwanted file: ../../Data/Chen_Analysis/Prokka/Bacteria/GOMC.bin.7683/GOMC.bin.7683.AMR.tmp.3310083.blast
[08:56:05] There are still 3368 unannotated CDS left (started with 3374)
[08:56:05] Will use blast to search against /home/joao_facio/miniconda3/envs/prokka/db/kingdom/Bacteria/sprot with 4 CPUs
[08:56:05] Running: cat \.\.\/\.\.\/Data\/Chen_Analysis\/Prokka\/Bacteria\/GOMC\.bin\.7683\/GOMC\.bin\.7683\.sprot\.tmp\.3310083\.faa | parallel --gnu --plain -j 4 --block 143473 --recstart '>' --pipe blastp -query - -db /home/joao_facio/miniconda3/envs/prokka/db/kingdom/Bacteria/sprot -evalue 1e-09 -qcov_hsp_perc 80 -num_threads 1 -num_descriptions 1 -num_alignments 1 -seg no > \.\.\/\.\.\/Data\/Chen_Analysis\/Prokka\/Bacteria\/GOMC\.bin\.7683\/GOMC\.bin\.7683\.sprot\.tmp\.3310083\.blast 2> /dev/null
[08:56:54] Modify product: Uncharacterized HTH-type transcriptional regulator Rv1395 => putative HTH-type transcriptional regulator
[08:56:54] Modify product: Uncharacterized protein PA3922 => putative protein
[08:56:54] Modify product: Epimerase family protein Rv2216 => Epimerase family protein
[08:56:54] Modify product: Uncharacterized protein YrbL => putative protein YrbL
[08:56:54] Modify product: Probable phosphatase Rv3661 => putative phosphatase
[08:56:54] Modify product: Uncharacterized cysteine-rich protein YhjQ => putative cysteine-rich protein YhjQ
[08:56:54] Modify product: Bifunctional protein FolD => Bifunctional protein FolD protein
[08:56:54] Modify product: Probable M18 family aminopeptidase 2 => putative M18 family aminopeptidase 2
[08:56:54] Modify product: GTP cyclohydrolase 1 type 2 homolog => GTP cyclohydrolase 1 type 2 
[08:56:54] Modify product: Putative acyltransferase Rv0859 => Putative acyltransferase
[08:56:54] Modify product: Uncharacterized oxidoreductase YciK => putative oxidoreductase YciK
[08:56:54] Modify product: Probable type I restriction enzyme BthVORF4518P M protein => putative type I restriction enzymeP M protein
[08:56:54] Modify product: Uncharacterized protein YciO => putative protein YciO
[08:56:54] Modify product: Uncharacterized HTH-type transcriptional regulator Rv3095 => putative HTH-type transcriptional regulator
[08:56:54] Modify product: UPF0056 inner membrane protein MarC => hypothetical protein
[08:56:54] Modify product: Probable amino-acid metabolite efflux pump => putative amino-acid metabolite efflux pump
[08:56:54] Modify product: Probable acyltransferase YihG => putative acyltransferase YihG
[08:56:54] Modify product: Cyclic di-GMP phosphodiesterase PA4108 => Cyclic di-GMP phosphodiesterase
[08:56:54] Modify product: Uncharacterized protein YccU => putative protein YccU
[08:56:54] Modify product: UPF0301 protein VC_0467 => hypothetical protein
[08:56:54] Modify product: UPF0053 inner membrane protein YfjD => hypothetical protein
[08:56:54] Modify product: Probable malate:quinone oxidoreductase 1 => putative malate:quinone oxidoreductase 1
[08:56:54] Modify product: Probable xanthine dehydrogenase subunit A => putative xanthine dehydrogenase subunit A
[08:56:54] Modify product: UPF0250 protein YbeD => hypothetical protein
[08:56:54] Modify product: Probable peptidoglycan glycosyltransferase FtsW => putative peptidoglycan glycosyltransferase FtsW
[08:56:54] Modify product: UPF0102 protein RPA0323 => hypothetical protein
[08:56:54] Modify product: Uncharacterized metal-dependent hydrolase YjjV => putative metal-dependent hydrolase YjjV
[08:56:54] Modify product: Probable ABC transporter phosphite binding protein PhnD1 => putative ABC transporter phosphite binding protein PhnD1
[08:56:54] Modify product: Uncharacterized ABC transporter ATP-binding protein YadG => putative ABC transporter ATP-binding protein YadG
[08:56:54] Modify product: Probable enoyl-CoA hydratase echA8 => putative enoyl-CoA hydratase echA8
[08:56:54] Modify product: Probable enoyl-CoA hydratase echA8 => putative enoyl-CoA hydratase echA8
[08:56:54] Modify product: Probable ABC transporter ATP-binding/permease protein HI_0664 => putative ABC transporter ATP-binding/permease protein
[08:56:54] Modify product: Putative trans-acting enoyl reductase Rv2449c => Putative trans-acting enoyl reductase
[08:56:54] Modify product: UPF0394 membrane protein XF_0766 => hypothetical protein
[08:56:54] Modify product: UPF0394 membrane protein XF_0765 => hypothetical protein
[08:56:54] Modify product: Probable acrylyl-CoA reductase AcuI => putative acrylyl-CoA reductase AcuI
[08:56:54] Modify product: Probable protease SohB => putative protease SohB
[08:56:54] Modify product: Uncharacterized ABC transporter ATP-binding protein YejF => putative ABC transporter ATP-binding protein YejF
[08:56:54] Modify product: Probable 3-phenylpropionic acid transporter => putative 3-phenylpropionic acid transporter
[08:56:54] Modify product: Uncharacterized NTE family protein Rv1063c => putative NTE family protein
[08:56:54] Modify product: Uncharacterized protein Rv0502 => putative protein
[08:56:54] Modify product: GTP cyclohydrolase 1 type 2 homolog => GTP cyclohydrolase 1 type 2 
[08:56:54] Modify product: Uncharacterized protein PA3922 => putative protein
[08:56:54] Modify product: Probable acyltransferase YihG => putative acyltransferase YihG
[08:56:54] Modify product: Ribonuclease TTHA0252 => Ribonuclease
[08:56:54] Modify product: Uncharacterized sugar transferase EpsL => putative sugar transferase EpsL
[08:56:54] Modify product: Ribonuclease TTHA0252 => Ribonuclease
[08:56:54] Modify product: Uncharacterized HTH-type transcriptional regulator Rv1395 => putative HTH-type transcriptional regulator
[08:56:54] Modify product: UPF0234 protein HI_1034 => hypothetical protein
[08:56:54] Modify product: Uncharacterized protein PA3922 => putative protein
[08:56:54] Modify product: STAS-domain containing protein PA14_20770 => STAS-domain containing protein
[08:56:54] Modify product: UPF0382 membrane protein YwdK => hypothetical protein
[08:56:54] Modify product: Uncharacterized protein YbiI => putative protein YbiI
[08:56:54] Modify product: Uncharacterized oxidoreductase Rv0945 => putative oxidoreductase
[08:56:54] Modify product: Probable oxidoreductase EphD => putative oxidoreductase EphD
[08:56:54] Modify product: Uncharacterized protein Rv2913c => putative protein
[08:56:54] Modify product: Probable diacyglycerol O-acyltransferase tgs1 => putative diacyglycerol O-acyltransferase tgs1
[08:56:54] Modify product: UPF0125 protein HI_0395 => hypothetical protein
[08:56:54] Modify product: RNA-binding protein HI_1333 => RNA-binding protein
[08:56:54] Modify product: Lactate-binding periplasmic protein TTHA0766 => Lactate-binding periplasmic protein
[08:56:54] Modify product: Uncharacterized FAD-linked oxidoreductase Rv2280 => putative FAD-linked oxidoreductase
[08:56:54] Modify product: Uncharacterized protein HI_0431 => putative protein
[08:56:54] Modify product: Uncharacterized protein YcbX => putative protein YcbX
[08:56:54] Modify product: Universal stress protein A homolog 2 => Universal stress protein A 
[08:56:54] Modify product: Segregation and condensation protein B homolog => Segregation and condensation protein B 
[08:56:54] Modify product: Uncharacterized HTH-type transcriptional regulator Rv1395 => putative HTH-type transcriptional regulator
[08:56:54] Modify product: Putative outer membrane protein NMB0088 => Putative outer membrane protein
[08:56:54] Modify product: UPF0701 protein YicC => hypothetical protein
[08:56:54] Modify product: Prophage bactoprenol glucosyl transferase homolog => Prophage bactoprenol glucosyl transferase 
[08:56:54] Modify product: UPF0324 inner membrane protein YeiH => hypothetical protein
[08:56:54] Modify product: Probable metallo-hydrolase BURPS1710b_2304 => putative metallo-hydrolase
[08:56:54] Modify product: Probable sulfate transporter Rv1739c => putative sulfate transporter
[08:56:54] Modify product: Uncharacterized ABC transporter ATP-binding protein Rv0986 => putative ABC transporter ATP-binding protein
[08:56:54] Modify product: Putative esterase PA1618 => Putative esterase
[08:56:54] Modify product: UPF0225 protein YchJ => hypothetical protein
[08:56:54] Modify product: Monocarboxylate 2-oxoacid-binding periplasmic protein all3028 => Monocarboxylate 2-oxoacid-binding periplasmic protein
[08:56:54] Modify product: Uncharacterized protein NMB1437 => putative protein
[08:56:54] Modify product: Uncharacterized protein YaeQ => putative protein YaeQ
[08:56:54] Modify product: Probable FKBP-type peptidyl-prolyl cis-trans isomerase FkpA => putative FKBP-type peptidyl-prolyl cis-trans isomerase FkpA
[08:56:54] Modify product: Uncharacterized ABC transporter ATP-binding protein YheS => putative ABC transporter ATP-binding protein YheS
[08:56:54] Modify product: Uncharacterized HTH-type transcriptional regulator Rv1395 => putative HTH-type transcriptional regulator
[08:56:54] Modify product: Probable Fe(2+)-trafficking protein => putative Fe(2+)-trafficking protein
[08:56:54] Modify product: Uncharacterized protein YibN => putative protein YibN
[08:56:54] Modify product: UPF0073 inner membrane protein YqfA => hypothetical protein
[08:56:54] Modify product: Putative diacyglycerol O-acyltransferase Rv3480c => Putative diacyglycerol O-acyltransferase
[08:56:54] Modify product: Stress response UPF0229 protein YhbH => hypothetical protein
[08:56:54] Modify product: Cyclic diguanosine monophosphate-binding protein PA4608 => Cyclic diguanosine monophosphate-binding protein
[08:56:54] Modify product: Putative diacyglycerol O-acyltransferase Rv1760 => Putative diacyglycerol O-acyltransferase
[08:56:54] Modify product: Probable lipid II flippase MurJ => putative lipid II flippase MurJ
[08:56:54] Modify product: Uncharacterized protein HI_0103 => putative protein
[08:56:55] Modify product: Probable hydrolase YcaC => putative hydrolase YcaC
[08:56:55] Modify product: Probable ribonucleotide transport ATP-binding protein mkl => putative ribonucleotide transport ATP-binding protein mkl
[08:56:55] Modify product: UPF0307 protein PSPTO_4464 => hypothetical protein
[08:56:55] Modify product: Zinc-type alcohol dehydrogenase-like protein SA1988 => Zinc-type alcohol dehydrogenase-like protein
[08:56:55] Modify product: Putative permease Rv2963 => Putative permease
[08:56:55] Modify product: Uncharacterized protein Rv2004c => putative protein
[08:56:55] Modify product: Probable glycerol-3-phosphate acyltransferase => putative glycerol-3-phosphate acyltransferase
[08:56:55] Modify product: Probable BsuMI modification methylase subunit YdiO => putative BsuMI modification methylase subunit YdiO
[08:56:55] Modify product: Uncharacterized signaling protein PA1727 => putative signaling protein
[08:56:55] Modify product: Probable transcriptional regulatory protein SA0624 => putative transcriptional regulatory protein
[08:56:55] Modify product: Uncharacterized HTH-type transcriptional regulator Rv1395 => putative HTH-type transcriptional regulator
[08:56:55] Modify product: Probable iron export permease protein FetB => putative iron export permease protein FetB
[08:56:55] Modify product: Uncharacterized oxidoreductase SA2266 => putative oxidoreductase
[08:56:55] Modify product: Uncharacterized HTH-type transcriptional regulator Rv1985c => putative HTH-type transcriptional regulator
[08:56:55] Modify product: UPF0178 protein YaiI => hypothetical protein
[08:56:55] Modify product: Putative multidrug export ATP-binding/permease protein SAV1866 => Putative multidrug export ATP-binding/permease protein
[08:56:55] Modify product: Probable 2,4-dienoyl-CoA reductase => putative 2,4-dienoyl-CoA reductase
[08:56:55] Modify product: Cytochrome b561 homolog 2 => Cytochrome b561 
[08:56:55] Modify product: Uncharacterized protein HI_1349 => putative protein
[08:56:55] Modify product: Monocarboxylate 2-oxoacid-binding periplasmic protein all3028 => Monocarboxylate 2-oxoacid-binding periplasmic protein
[08:56:55] Modify product: Uncharacterized ABC transporter ATP-binding protein Rv0986 => putative ABC transporter ATP-binding protein
[08:56:55] Modify product: Probable protein kinase UbiB => putative protein kinase UbiB
[08:56:55] Modify product: Putative diacyglycerol O-acyltransferase Rv3087 => Putative diacyglycerol O-acyltransferase
[08:56:55] Modify product: Protein Csal_2339 => Protein
[08:56:55] Modify product: Uncharacterized protein YbaA => putative protein YbaA
[08:56:55] Modify product: Uncharacterized oxidoreductase Rv1144 => putative oxidoreductase
[08:56:55] Modify product: Uncharacterized protein HI_0933 => putative protein
[08:56:55] Modify product: Uncharacterized isomerase YddE => putative isomerase YddE
[08:56:55] Modify product: Uncharacterized HTH-type transcriptional regulator YddM => putative HTH-type transcriptional regulator YddM
[08:56:55] Modify product: Probable chromosome-partitioning protein ParB => putative chromosome-partitioning protein ParB
[08:56:55] Modify product: Uncharacterized protein Rv0647c => putative protein
[08:56:55] Modify product: Fanconi-associated nuclease 1 homolog => Fanconi-associated nuclease 1 
[08:56:55] Modify product: Cyclic di-GMP phosphodiesterase PA4108 => Cyclic di-GMP phosphodiesterase
[08:56:55] Modify product: Uncharacterized ABC transporter ATP-binding protein YadG => putative ABC transporter ATP-binding protein YadG
[08:56:55] Modify product: UPF0070 protein HI_0370 => hypothetical protein
[08:56:55] Modify product: UPF0337 protein YjbJ => hypothetical protein
[08:56:55] Modify product: Uncharacterized ABC transporter ATP-binding protein YbiT => putative ABC transporter ATP-binding protein YbiT
[08:56:55] Modify product: Uncharacterized protein YciH => putative protein YciH
[08:56:55] Modify product: UPF0053 protein Rv2366c => hypothetical protein
[08:56:55] Modify product: UPF0213 protein BH0048 => hypothetical protein
[08:56:55] Modify product: Probable lipoprotein YiaD => putative lipoprotein YiaD
[08:56:55] Modify product: Uncharacterized FAD-linked oxidoreductase Rv2280 => putative FAD-linked oxidoreductase
[08:56:55] Modify product: Uncharacterized protein YcgM => putative protein YcgM
[08:56:55] Modify product: UPF0126 inner membrane protein YicG => hypothetical protein
[08:56:55] Modify product: Probable enoyl-CoA hydratase => putative enoyl-CoA hydratase
[08:56:55] Modify product: Uncharacterized protein YfgD => putative protein YfgD
[08:56:55] Modify product: Probable DNA endonuclease SmrA => putative DNA endonuclease SmrA
[08:56:55] Modify product: Uncharacterized HTH-type transcriptional regulator Rv1395 => putative HTH-type transcriptional regulator
[08:56:55] Modify product: UPF0098 protein YbhB => hypothetical protein
[08:56:55] Modify product: Probable amino-acid import ATP-binding protein YxeO => putative amino-acid import ATP-binding protein YxeO
[08:56:55] Modify product: Probable amino-acid permease protein YxeN => putative amino-acid permease protein YxeN
[08:56:55] Modify product: Probable amino-acid-binding protein YxeM => putative amino-acid-binding protein YxeM
[08:56:55] Modify product: Uncharacterized protein Rv1488 => putative protein
[08:56:55] Modify product: Uncharacterized HTH-type transcriptional regulator Rv1395 => putative HTH-type transcriptional regulator
[08:56:55] Modify product: Probable transcriptional regulatory protein pdtaR => putative transcriptional regulatory protein pdtaR
[08:56:55] Modify product: Probable formate transporter 1 => putative formate transporter 1
[08:56:55] Modify product: Lactate-binding periplasmic protein TTHA0766 => Lactate-binding periplasmic protein
[08:56:55] Modify product: Probable enoyl-CoA hydratase 1 => putative enoyl-CoA hydratase 1
[08:56:55] Modify product: Uncharacterized protein PA3922 => putative protein
[08:56:55] Modify product: Putative multidrug export ATP-binding/permease protein SAV1866 => Putative multidrug export ATP-binding/permease protein
[08:56:55] Modify product: Probable cyclic di-GMP phosphodiesterase VC_1348 => putative cyclic di-GMP phosphodiesterase
[08:56:55] Modify product: Uncharacterized acyl-CoA thioester hydrolase HI_0827 => putative acyl-CoA thioester hydrolase
[08:56:55] Modify product: Phosphate-specific transport system accessory protein PhoU homolog => Phosphate-specific transport system accessory protein PhoU 
[08:56:55] Modify product: Uncharacterized GST-like protein YibF => putative GST-like protein YibF
[08:56:55] Modify product: Probable cation-transporting ATPase F => putative cation-transporting ATPase F
[08:56:55] Modify product: Uncharacterized protein YfhP => putative protein YfhP
[08:56:55] Modify product: Uncharacterized protein PA3435 => putative protein
[08:56:55] Modify product: Uncharacterized GMC-type oxidoreductase Rv0492c => putative GMC-type oxidoreductase
[08:56:55] Modify product: Probable GTP-binding protein EngB => putative GTP-binding protein EngB
[08:56:55] Modify product: UPF0758 protein YsxA => hypothetical protein
[08:56:55] Modify product: Probable oxidoreductase EphD => putative oxidoreductase EphD
[08:56:55] Modify product: Uncharacterized HTH-type transcriptional regulator Rv1395 => putative HTH-type transcriptional regulator
[08:56:55] Modify product: Putative low molecular weight protein-tyrosine-phosphatase slr0328 => Putative low molecular weight protein-tyrosine-phosphatase
[08:56:55] Modify product: UPF0434 protein PFL_1779 => hypothetical protein
[08:56:55] Cleaned 164 /product names
[08:56:55] Deleting unwanted file: ../../Data/Chen_Analysis/Prokka/Bacteria/GOMC.bin.7683/GOMC.bin.7683.sprot.tmp.3310083.faa
[08:56:55] Deleting unwanted file: ../../Data/Chen_Analysis/Prokka/Bacteria/GOMC.bin.7683/GOMC.bin.7683.sprot.tmp.3310083.blast
[08:56:55] There are still 1554 unannotated CDS left (started with 3374)
[08:56:55] Will use hmmer3 to search against /home/joao_facio/miniconda3/envs/prokka/db/hmm/HAMAP.hmm with 4 CPUs
[08:56:55] Running: cat \.\.\/\.\.\/Data\/Chen_Analysis\/Prokka\/Bacteria\/GOMC\.bin\.7683\/GOMC\.bin\.7683\.HAMAP\.hmm\.tmp\.3310083\.faa | parallel --gnu --plain -j 4 --block 60984 --recstart '>' --pipe hmmscan --noali --notextw --acc -E 1e-09 --cpu 1 /home/joao_facio/miniconda3/envs/prokka/db/hmm/HAMAP.hmm /dev/stdin > \.\.\/\.\.\/Data\/Chen_Analysis\/Prokka\/Bacteria\/GOMC\.bin\.7683\/GOMC\.bin\.7683\.HAMAP\.hmm\.tmp\.3310083\.hmmer3 2> /dev/null
[08:57:06] Modify product: Uncharacterized Nudix hydrolase NudL => putative Nudix hydrolase NudL
[08:57:06] Modify product: Uncharacterized MFS-type transporter YfcJ => putative MFS-type transporter YfcJ
[08:57:06] Modify product: Uncharacterized MFS-type transporter YcaD => putative MFS-type transporter YcaD
[08:57:06] Cleaned 3 /product names
[08:57:06] Deleting unwanted file: ../../Data/Chen_Analysis/Prokka/Bacteria/GOMC.bin.7683/GOMC.bin.7683.HAMAP.hmm.tmp.3310083.faa
[08:57:06] Deleting unwanted file: ../../Data/Chen_Analysis/Prokka/Bacteria/GOMC.bin.7683/GOMC.bin.7683.HAMAP.hmm.tmp.3310083.hmmer3
[08:57:06] Labelling remaining 1327 proteins as 'hypothetical protein'
[08:57:06] Possible /pseudo 'Non-homologous end joining protein Ku' at k63_7175 position 60635
[08:57:06] Possible /pseudo 'Thiol-disulfide oxidoreductase ResA' at k63_26138 position 21910
[08:57:06] Possible /pseudo '3-methylmercaptopropionyl-CoA dehydrogenase' at k63_1542 position 65079
[08:57:06] Possible /pseudo 'Twitching mobility protein' at k63_5152 position 20535
[08:57:06] Possible /pseudo 'Nitrite reductase [NAD(P)H]' at k63_12334 position 37620
[08:57:06] Possible /pseudo 'Bicarbonate transport ATP-binding protein CmpC' at k63_12334 position 42662
[08:57:06] Found 1570 unique /gene codes.
[08:57:06] Fixed 2 duplicate /gene - amtB_1 amtB_2
[08:57:06] Fixed 3 duplicate /gene - slyD_1 slyD_2 slyD_3
[08:57:06] Fixed 3 duplicate /gene - trmL_1 trmL_2 trmL_3
[08:57:06] Fixed 2 duplicate /gene - ihfB_1 ihfB_2
[08:57:06] Fixed 3 duplicate /gene - merR1_1 merR1_2 merR1_3
[08:57:06] Fixed 2 duplicate /gene - yohC_1 yohC_2
[08:57:06] Fixed 2 duplicate /gene - mscS_1 mscS_2
[08:57:06] Fixed 2 duplicate /gene - folK_1 folK_2
[08:57:06] Fixed 4 duplicate /gene - mmgC_1 mmgC_2 mmgC_3 mmgC_4
[08:57:06] Fixed 4 duplicate /gene - alkJ_1 alkJ_2 alkJ_3 alkJ_4
[08:57:06] Fixed 2 duplicate /gene - alkB_1 alkB_2
[08:57:06] Fixed 2 duplicate /gene - sadH_1 sadH_2
[08:57:06] Fixed 4 duplicate /gene - dinG_1 dinG_2 dinG_3 dinG_4
[08:57:06] Fixed 2 duplicate /gene - sigK_1 sigK_2
[08:57:06] Fixed 2 duplicate /gene - tadA_1 tadA_2
[08:57:06] Fixed 2 duplicate /gene - htpX_1 htpX_2
[08:57:06] Fixed 2 duplicate /gene - lapB_1 lapB_2
[08:57:06] Fixed 2 duplicate /gene - carB_1 carB_2
[08:57:06] Fixed 2 duplicate /gene - fmt_1 fmt_2
[08:57:06] Fixed 2 duplicate /gene - lutA_1 lutA_2
[08:57:06] Fixed 3 duplicate /gene - fadH_1 fadH_2 fadH_3
[08:57:06] Fixed 2 duplicate /gene - lpd_1 lpd_2
[08:57:06] Fixed 2 duplicate /gene - acrC_1 acrC_2
[08:57:06] Fixed 2 duplicate /gene - aruG_1 aruG_2
[08:57:06] Fixed 2 duplicate /gene - yceI_1 yceI_2
[08:57:06] Fixed 2 duplicate /gene - paaF_1 paaF_2
[08:57:06] Fixed 2 duplicate /gene - oprM_1 oprM_2
[08:57:06] Fixed 2 duplicate /gene - ccmF_1 ccmF_2
[08:57:06] Fixed 2 duplicate /gene - gloA_1 gloA_2
[08:57:06] Fixed 2 duplicate /gene - nrtD_1 nrtD_2
[08:57:06] Fixed 2 duplicate /gene - ald_1 ald_2
[08:57:06] Fixed 2 duplicate /gene - yihG_1 yihG_2
[08:57:06] Fixed 2 duplicate /gene - bbsG_1 bbsG_2
[08:57:06] Fixed 3 duplicate /gene - livH_1 livH_2 livH_3
[08:57:06] Fixed 3 duplicate /gene - lifO_1 lifO_2 lifO_3
[08:57:06] Fixed 2 duplicate /gene - thiE_1 thiE_2
[08:57:06] Fixed 2 duplicate /gene - leuA_1 leuA_2
[08:57:06] Fixed 2 duplicate /gene - surE_1 surE_2
[08:57:06] Fixed 2 duplicate /gene - arnB_1 arnB_2
[08:57:06] Fixed 3 duplicate /gene - rapA_1 rapA_2 rapA_3
[08:57:06] Fixed 3 duplicate /gene - acdA_1 acdA_2 acdA_3
[08:57:06] Fixed 3 duplicate /gene - copB_1 copB_2 copB_3
[08:57:06] Fixed 4 duplicate /gene - livF_1 livF_2 livF_3 livF_4
[08:57:06] Fixed 13 duplicate /gene - rcsC_1 rcsC_2 rcsC_3 rcsC_4 rcsC_5 rcsC_6 rcsC_7 rcsC_8 rcsC_9 rcsC_10 rcsC_11 rcsC_12 rcsC_13
[08:57:06] Fixed 2 duplicate /gene - dadA_1 dadA_2
[08:57:06] Fixed 2 duplicate /gene - ftsE_1 ftsE_2
[08:57:06] Fixed 2 duplicate /gene - lpxL_1 lpxL_2
[08:57:06] Fixed 2 duplicate /gene - hlyC_1 hlyC_2
[08:57:06] Fixed 14 duplicate /gene - sasA_1 sasA_2 sasA_3 sasA_4 sasA_5 sasA_6 sasA_7 sasA_8 sasA_9 sasA_10 sasA_11 sasA_12 sasA_13 sasA_14
[08:57:06] Fixed 2 duplicate /gene - ectD_1 ectD_2
[08:57:06] Fixed 6 duplicate /gene - bepA_1 bepA_2 bepA_3 bepA_4 bepA_5 bepA_6
[08:57:06] Fixed 2 duplicate /gene - rsuA_1 rsuA_2
[08:57:06] Fixed 2 duplicate /gene - gno_1 gno_2
[08:57:06] Fixed 3 duplicate /gene - ubiB_1 ubiB_2 ubiB_3
[08:57:06] Fixed 2 duplicate /gene - msbA_1 msbA_2
[08:57:06] Fixed 2 duplicate /gene - fadE_1 fadE_2
[08:57:06] Fixed 2 duplicate /gene - actP_1 actP_2
[08:57:06] Fixed 3 duplicate /gene - fabG_1 fabG_2 fabG_3
[08:57:06] Fixed 5 duplicate /gene - atoC_1 atoC_2 atoC_3 atoC_4 atoC_5
[08:57:06] Fixed 2 duplicate /gene - pilT_1 pilT_2
[08:57:06] Fixed 2 duplicate /gene - estB_1 estB_2
[08:57:06] Fixed 3 duplicate /gene - norR_1 norR_2 norR_3
[08:57:06] Fixed 2 duplicate /gene - dmdB_1 dmdB_2
[08:57:06] Fixed 2 duplicate /gene - higB_1 higB_2
[08:57:06] Fixed 4 duplicate /gene - zitB_1 zitB_2 zitB_3 zitB_4
[08:57:06] Fixed 2 duplicate /gene - oadA_1 oadA_2
[08:57:06] Fixed 3 duplicate /gene - betI_1 betI_2 betI_3
[08:57:06] Fixed 2 duplicate /gene - alsT_1 alsT_2
[08:57:06] Fixed 4 duplicate /gene - fadB_1 fadB_2 fadB_3 fadB_4
[08:57:06] Fixed 4 duplicate /gene - fadJ_1 fadJ_2 fadJ_3 fadJ_4
[08:57:06] Fixed 2 duplicate /gene - pknD_1 pknD_2
[08:57:06] Fixed 3 duplicate /gene - motB_1 motB_2 motB_3
[08:57:06] Fixed 2 duplicate /gene - fabB_1 fabB_2
[08:57:06] Fixed 4 duplicate /gene - ompA_1 ompA_2 ompA_3 ompA_4
[08:57:06] Fixed 2 duplicate /gene - mrpD_1 mrpD_2
[08:57:06] Fixed 2 duplicate /gene - lip1_1 lip1_2
[08:57:06] Fixed 2 duplicate /gene - alkT_1 alkT_2
[08:57:06] Fixed 2 duplicate /gene - gshA_1 gshA_2
[08:57:06] Fixed 2 duplicate /gene - potA_1 potA_2
[08:57:06] Fixed 2 duplicate /gene - kstR2_1 kstR2_2
[08:57:06] Fixed 4 duplicate /gene - smc_1 smc_2 smc_3 smc_4
[08:57:06] Fixed 4 duplicate /gene - tolQ_1 tolQ_2 tolQ_3 tolQ_4
[08:57:06] Fixed 2 duplicate /gene - pomA_1 pomA_2
[08:57:06] Fixed 2 duplicate /gene - IMPDH_1 IMPDH_2
[08:57:06] Fixed 2 duplicate /gene - vgrG1_1 vgrG1_2
[08:57:06] Fixed 2 duplicate /gene - lnt_1 lnt_2
[08:57:06] Fixed 2 duplicate /gene - yrdA_1 yrdA_2
[08:57:06] Fixed 2 duplicate /gene - nhaP2_1 nhaP2_2
[08:57:06] Fixed 6 duplicate /gene - cheB_1 cheB_2 cheB_3 cheB_4 cheB_5 cheB_6
[08:57:06] Fixed 3 duplicate /gene - gph_1 gph_2 gph_3
[08:57:06] Fixed 2 duplicate /gene - COQ5_1 COQ5_2
[08:57:06] Fixed 3 duplicate /gene - aroF_1 aroF_2 aroF_3
[08:57:06] Fixed 2 duplicate /gene - rspR_1 rspR_2
[08:57:06] Fixed 3 duplicate /gene - dctM_1 dctM_2 dctM_3
[08:57:06] Fixed 2 duplicate /gene - aupB_1 aupB_2
[08:57:06] Fixed 2 duplicate /gene - lolD_1 lolD_2
[08:57:06] Fixed 2 duplicate /gene - ndhB_1 ndhB_2
[08:57:06] Fixed 2 duplicate /gene - echA8_1 echA8_2
[08:57:06] Fixed 2 duplicate /gene - glgP_1 glgP_2
[08:57:06] Fixed 2 duplicate /gene - mepA_1 mepA_2
[08:57:06] Fixed 3 duplicate /gene - lon_1 lon_2 lon_3
[08:57:06] Fixed 2 duplicate /gene - rssB_1 rssB_2
[08:57:06] Fixed 2 duplicate /gene - slmA_1 slmA_2
[08:57:06] Fixed 2 duplicate /gene - cmpR_1 cmpR_2
[08:57:06] Fixed 2 duplicate /gene - metZ_1 metZ_2
[08:57:06] Fixed 5 duplicate /gene - phoP_1 phoP_2 phoP_3 phoP_4 phoP_5
[08:57:06] Fixed 2 duplicate /gene - dmlR_1 dmlR_2
[08:57:06] Fixed 2 duplicate /gene - der_1 der_2
[08:57:06] Fixed 3 duplicate /gene - dhmA_1 dhmA_2 dhmA_3
[08:57:06] Fixed 2 duplicate /gene - yadH_1 yadH_2
[08:57:06] Fixed 2 duplicate /gene - mnhE1_1 mnhE1_2
[08:57:06] Fixed 3 duplicate /gene - amiC_1 amiC_2 amiC_3
[08:57:06] Fixed 3 duplicate /gene - epsF_1 epsF_2 epsF_3
[08:57:06] Fixed 3 duplicate /gene - crt_1 crt_2 crt_3
[08:57:06] Fixed 3 duplicate /gene - COQ3_1 COQ3_2 COQ3_3
[08:57:06] Fixed 3 duplicate /gene - soj_1 soj_2 soj_3
[08:57:06] Fixed 4 duplicate /gene - btuB_1 btuB_2 btuB_3 btuB_4
[08:57:06] Fixed 2 duplicate /gene - suhB_1 suhB_2
[08:57:06] Fixed 2 duplicate /gene - hmuU_1 hmuU_2
[08:57:06] Fixed 2 duplicate /gene - phrB_1 phrB_2
[08:57:06] Fixed 2 duplicate /gene - nasD_1 nasD_2
[08:57:06] Fixed 2 duplicate /gene - sthA_1 sthA_2
[08:57:06] Fixed 2 duplicate /gene - bepF_1 bepF_2
[08:57:06] Fixed 2 duplicate /gene - malT_1 malT_2
[08:57:06] Fixed 4 duplicate /gene - menH_1 menH_2 menH_3 menH_4
[08:57:06] Fixed 2 duplicate /gene - pgsA_1 pgsA_2
[08:57:06] Fixed 2 duplicate /gene - egtB_1 egtB_2
[08:57:06] Fixed 2 duplicate /gene - cheR2_1 cheR2_2
[08:57:06] Fixed 2 duplicate /gene - ftsA_1 ftsA_2
[08:57:06] Fixed 2 duplicate /gene - cspE_1 cspE_2
[08:57:06] Fixed 2 duplicate /gene - xerD_1 xerD_2
[08:57:06] Fixed 2 duplicate /gene - cmpC_1 cmpC_2
[08:57:06] Fixed 2 duplicate /gene - cpoB_1 cpoB_2
[08:57:06] Fixed 2 duplicate /gene - prmC_1 prmC_2
[08:57:06] Fixed 4 duplicate /gene - lptB_1 lptB_2 lptB_3 lptB_4
[08:57:06] Fixed 2 duplicate /gene - hisC_1 hisC_2
[08:57:06] Fixed 2 duplicate /gene - gloB_1 gloB_2
[08:57:06] Fixed 2 duplicate /gene - zntR_1 zntR_2
[08:57:06] Fixed 2 duplicate /gene - ybgC_1 ybgC_2
[08:57:06] Fixed 3 duplicate /gene - czcA_1 czcA_2 czcA_3
[08:57:06] Fixed 3 duplicate /gene - acsA_1 acsA_2 acsA_3
[08:57:06] Fixed 2 duplicate /gene - fecE_1 fecE_2
[08:57:06] Fixed 3 duplicate /gene - sctC_1 sctC_2 sctC_3
[08:57:06] Fixed 2 duplicate /gene - bdlA_1 bdlA_2
[08:57:06] Fixed 2 duplicate /gene - djlA_1 djlA_2
[08:57:06] Fixed 3 duplicate /gene - mltF_1 mltF_2 mltF_3
[08:57:06] Fixed 5 duplicate /gene - copA_1 copA_2 copA_3 copA_4 copA_5
[08:57:06] Fixed 2 duplicate /gene - gatA_1 gatA_2
[08:57:06] Fixed 2 duplicate /gene - apaH_1 apaH_2
[08:57:06] Fixed 2 duplicate /gene - mdoB_1 mdoB_2
[08:57:06] Fixed 2 duplicate /gene - betA_1 betA_2
[08:57:06] Fixed 3 duplicate /gene - virS_1 virS_2 virS_3
[08:57:06] Fixed 2 duplicate /gene - pgpA_1 pgpA_2
[08:57:06] Fixed 2 duplicate /gene - glnQ_1 glnQ_2
[08:57:06] Fixed 4 duplicate /gene - lspA_1 lspA_2 lspA_3 lspA_4
[08:57:06] Fixed 3 duplicate /gene - fabR_1 fabR_2 fabR_3
[08:57:06] Fixed 2 duplicate /gene - higA_1 higA_2
[08:57:06] Fixed 2 duplicate /gene - pcm_1 pcm_2
[08:57:06] Fixed 2 duplicate /gene - rnr_1 rnr_2
[08:57:06] Fixed 3 duplicate /gene - mcpP_1 mcpP_2 mcpP_3
[08:57:06] Fixed 4 duplicate /gene - mdtA_1 mdtA_2 mdtA_3 mdtA_4
[08:57:06] Fixed 2 duplicate /gene - ilvD_1 ilvD_2
[08:57:06] Fixed 4 duplicate /gene - hcaB_1 hcaB_2 hcaB_3 hcaB_4
[08:57:06] Fixed 2 duplicate /gene - teaA_1 teaA_2
[08:57:06] Fixed 2 duplicate /gene - glxR_1 glxR_2
[08:57:06] Fixed 3 duplicate /gene - epsE_1 epsE_2 epsE_3
[08:57:06] Fixed 2 duplicate /gene - decR_1 decR_2
[08:57:06] Fixed 4 duplicate /gene - resA_1 resA_2 resA_3 resA_4
[08:57:06] Fixed 2 duplicate /gene - intA_1 intA_2
[08:57:06] Fixed 2 duplicate /gene - gacA_1 gacA_2
[08:57:06] Fixed 2 duplicate /gene - cobB_1 cobB_2
[08:57:06] Fixed 2 duplicate /gene - rhtB_1 rhtB_2
[08:57:06] Fixed 3 duplicate /gene - bepE_1 bepE_2 bepE_3
[08:57:06] Fixed 2 duplicate /gene - lemA_1 lemA_2
[08:57:06] Fixed 2 duplicate /gene - yadG_1 yadG_2
[08:57:06] Fixed 4 duplicate /gene - fadA_1 fadA_2 fadA_3 fadA_4
[08:57:06] Fixed 2 duplicate /gene - thlA_1 thlA_2
[08:57:06] Fixed 2 duplicate /gene - bshA_1 bshA_2
[08:57:06] Fixed 2 duplicate /gene - ybaT_1 ybaT_2
[08:57:06] Fixed 2 duplicate /gene - accA1_1 accA1_2
[08:57:06] Fixed 2 duplicate /gene - tusA_1 tusA_2
[08:57:06] Fixed 2 duplicate /gene - linC_1 linC_2
[08:57:06] Fixed 7 duplicate /gene - mshA_1 mshA_2 mshA_3 mshA_4 mshA_5 mshA_6 mshA_7
[08:57:06] Fixed 2 duplicate /gene - zraR_1 zraR_2
[08:57:06] Fixed 2 duplicate /gene - lpxH_1 lpxH_2
[08:57:06] Fixed 2 duplicate /gene - ephD_1 ephD_2
[08:57:06] Fixed 5 duplicate /gene - pal_1 pal_2 pal_3 pal_4 pal_5
[08:57:06] Fixed 3 duplicate /gene - dsbD_1 dsbD_2 dsbD_3
[08:57:06] Fixed 2 duplicate /gene - selO_1 selO_2
[08:57:06] Fixed 3 duplicate /gene - speE_1 speE_2 speE_3
[08:57:06] Fixed 2 duplicate /gene - rpoE_1 rpoE_2
[08:57:06] Fixed 2 duplicate /gene - glmM_1 glmM_2
[08:57:06] Fixed 2 duplicate /gene - cheV_1 cheV_2
[08:57:06] Fixed 2 duplicate /gene - hemL_1 hemL_2
[08:57:06] Fixed 2 duplicate /gene - menE_1 menE_2
[08:57:06] Fixed 3 duplicate /gene - cdhR_1 cdhR_2 cdhR_3
[08:57:06] Fixed 3 duplicate /gene - lgt_1 lgt_2 lgt_3
[08:57:06] Fixed 5 duplicate /gene - dmdC_1 dmdC_2 dmdC_3 dmdC_4 dmdC_5
[08:57:06] Fixed 2 duplicate /gene - ligA_1 ligA_2
[08:57:06] Fixed 2 duplicate /gene - dsbG_1 dsbG_2
[08:57:06] Fixed 2 duplicate /gene - mtrA_1 mtrA_2
[08:57:06] Fixed 2 duplicate /gene - dsbE_1 dsbE_2
[08:57:06] Fixed 3 duplicate /gene - yrbG_1 yrbG_2 yrbG_3
[08:57:06] Fixed 2 duplicate /gene - teaC_1 teaC_2
[08:57:06] Fixed 204 colliding /gene names.
[08:57:06] Adding /locus_tag identifiers
[08:57:06] Assigned 3407 locus_tags to CDS and RNA features.
[08:57:06] Writing outputs to ../../Data/Chen_Analysis/Prokka/Bacteria/GOMC.bin.7683/
[08:57:07] Generating annotation statistics file
[08:57:07] Generating Genbank and Sequin files
[08:57:07] Running: tbl2asn -V b -a r10k -l paired-ends -M n -N 1 -y 'Annotated using prokka 1.14.6 from https://github.com/tseemann/prokka' -Z \.\.\/\.\.\/Data\/Chen_Analysis\/Prokka\/Bacteria\/GOMC\.bin\.7683\/GOMC\.bin\.7683\.err -i \.\.\/\.\.\/Data\/Chen_Analysis\/Prokka\/Bacteria\/GOMC\.bin\.7683\/GOMC\.bin\.7683\.fsa 2> /dev/null
[08:57:10] Deleting unwanted file: ../../Data/Chen_Analysis/Prokka/Bacteria/GOMC.bin.7683/errorsummary.val
[08:57:10] Deleting unwanted file: ../../Data/Chen_Analysis/Prokka/Bacteria/GOMC.bin.7683/GOMC.bin.7683.dr
[08:57:10] Deleting unwanted file: ../../Data/Chen_Analysis/Prokka/Bacteria/GOMC.bin.7683/GOMC.bin.7683.fixedproducts
[08:57:10] Deleting unwanted file: ../../Data/Chen_Analysis/Prokka/Bacteria/GOMC.bin.7683/GOMC.bin.7683.ecn
[08:57:10] Deleting unwanted file: ../../Data/Chen_Analysis/Prokka/Bacteria/GOMC.bin.7683/GOMC.bin.7683.val
[08:57:10] Repairing broken .GBK output that tbl2asn produces...
[08:57:10] Running: sed 's/COORDINATES: profile/COORDINATES:profile/' < \.\.\/\.\.\/Data\/Chen_Analysis\/Prokka\/Bacteria\/GOMC\.bin\.7683\/GOMC\.bin\.7683\.gbf > \.\.\/\.\.\/Data\/Chen_Analysis\/Prokka\/Bacteria\/GOMC\.bin\.7683\/GOMC\.bin\.7683\.gbk
[08:57:10] Deleting unwanted file: ../../Data/Chen_Analysis/Prokka/Bacteria/GOMC.bin.7683/GOMC.bin.7683.gbf
[08:57:10] Output files:
[08:57:10] ../../Data/Chen_Analysis/Prokka/Bacteria/GOMC.bin.7683/GOMC.bin.7683.txt
[08:57:10] ../../Data/Chen_Analysis/Prokka/Bacteria/GOMC.bin.7683/GOMC.bin.7683.sqn
[08:57:10] ../../Data/Chen_Analysis/Prokka/Bacteria/GOMC.bin.7683/GOMC.bin.7683.tbl
[08:57:10] ../../Data/Chen_Analysis/Prokka/Bacteria/GOMC.bin.7683/GOMC.bin.7683.err
[08:57:10] ../../Data/Chen_Analysis/Prokka/Bacteria/GOMC.bin.7683/GOMC.bin.7683.fsa
[08:57:10] ../../Data/Chen_Analysis/Prokka/Bacteria/GOMC.bin.7683/GOMC.bin.7683.ffn
[08:57:10] ../../Data/Chen_Analysis/Prokka/Bacteria/GOMC.bin.7683/GOMC.bin.7683.log
[08:57:10] ../../Data/Chen_Analysis/Prokka/Bacteria/GOMC.bin.7683/GOMC.bin.7683.fna
[08:57:10] ../../Data/Chen_Analysis/Prokka/Bacteria/GOMC.bin.7683/GOMC.bin.7683.gff
[08:57:10] ../../Data/Chen_Analysis/Prokka/Bacteria/GOMC.bin.7683/GOMC.bin.7683.faa
[08:57:10] ../../Data/Chen_Analysis/Prokka/Bacteria/GOMC.bin.7683/GOMC.bin.7683.tsv
[08:57:10] ../../Data/Chen_Analysis/Prokka/Bacteria/GOMC.bin.7683/GOMC.bin.7683.gbk
[08:57:10] Annotation finished successfully.
[08:57:10] Walltime used: 1.53 minutes
[08:57:10] If you use this result please cite the Prokka paper:
[08:57:10] Seemann T (2014) Prokka: rapid prokaryotic genome annotation. Bioinformatics. 30(14):2068-9.
[08:57:10] Type 'prokka --citation' for more details.
[08:57:10] Thank you, come again.
