[09:28:14] This is prokka 1.14.6
[09:28:14] Written by Torsten Seemann <torsten.seemann@gmail.com>
[09:28:14] Homepage is https://github.com/tseemann/prokka
[09:28:14] Local time is Mon Dec  1 09:28:14 2025
[09:28:14] You are joao_facio
[09:28:14] Operating system is linux
[09:28:14] You have BioPerl 1.7.8
[09:28:14] System has 12 cores.
[09:28:14] Will use maximum of 4 cores.
[09:28:14] Annotating as >>> Bacteria <<<
[09:28:14] Generating locus_tag from '/tmp/tmp6gns85ah/GOMC.bin.470.fa' contents.
[09:28:14] Setting --locustag FBLKPFAA from MD5 fb549faa7d789c28ba2cfb10a2b344dc
[09:28:14] Creating new output folder: ../../Data/Chen_Analysis/Prokka/Bacteria/GOMC.bin.470
[09:28:14] Running: mkdir -p \.\.\/\.\.\/Data\/Chen_Analysis\/Prokka\/Bacteria\/GOMC\.bin\.470
[09:28:14] Using filename prefix: GOMC.bin.470.XXX
[09:28:14] Setting HMMER_NCPU=1
[09:28:14] Writing log to: ../../Data/Chen_Analysis/Prokka/Bacteria/GOMC.bin.470/GOMC.bin.470.log
[09:28:14] Command: /home/joao_facio/miniconda3/envs/prokka/bin/prokka --outdir ../../Data/Chen_Analysis/Prokka/Bacteria/GOMC.bin.470 --prefix GOMC.bin.470 --kingdom Bacteria --genus BM004 --strain GOMC.bin.470 --cpus 4 --force /tmp/tmp6gns85ah/GOMC.bin.470.fa
[09:28:14] Appending to PATH: /home/joao_facio/miniconda3/envs/prokka/bin
[09:28:14] Looking for 'aragorn' - found /home/joao_facio/miniconda3/envs/prokka/bin/aragorn
[09:28:14] Determined aragorn version is 001002 from 'ARAGORN v1.2.41 Dean Laslett'
[09:28:14] Looking for 'barrnap' - found /home/joao_facio/miniconda3/envs/prokka/bin/barrnap
[09:28:14] Determined barrnap version is 000009 from 'barrnap 0.9'
[09:28:14] Looking for 'blastp' - found /home/joao_facio/miniconda3/envs/prokka/bin/blastp
[09:28:14] Determined blastp version is 002016 from 'blastp: 2.16.0+'
[09:28:14] Looking for 'cmpress' - found /home/joao_facio/miniconda3/envs/prokka/bin/cmpress
[09:28:14] Determined cmpress version is 001001 from '# INFERNAL 1.1.5 (Sep 2023)'
[09:28:14] Looking for 'cmscan' - found /home/joao_facio/miniconda3/envs/prokka/bin/cmscan
[09:28:14] Determined cmscan version is 001001 from '# INFERNAL 1.1.5 (Sep 2023)'
[09:28:14] Looking for 'egrep' - found /usr/bin/egrep
[09:28:14] Looking for 'find' - found /usr/bin/find
[09:28:14] Looking for 'grep' - found /usr/bin/grep
[09:28:14] Looking for 'hmmpress' - found /home/joao_facio/miniconda3/envs/prokka/bin/hmmpress
[09:28:14] Determined hmmpress version is 003004 from '# HMMER 3.4 (Aug 2023); http://hmmer.org/'
[09:28:14] Looking for 'hmmscan' - found /home/joao_facio/miniconda3/envs/prokka/bin/hmmscan
[09:28:14] Determined hmmscan version is 003004 from '# HMMER 3.4 (Aug 2023); http://hmmer.org/'
[09:28:14] Looking for 'java' - found /home/joao_facio/miniconda3/envs/prokka/bin/java
[09:28:14] Looking for 'makeblastdb' - found /home/joao_facio/miniconda3/envs/prokka/bin/makeblastdb
[09:28:14] Determined makeblastdb version is 002016 from 'makeblastdb: 2.16.0+'
[09:28:14] Looking for 'minced' - found /home/joao_facio/miniconda3/envs/prokka/bin/minced
[09:28:14] Determined minced version is 004002 from 'minced 0.4.2'
[09:28:14] Looking for 'parallel' - found /home/joao_facio/miniconda3/envs/prokka/bin/parallel
[09:28:14] Determined parallel version is 20251122 from 'GNU parallel 20251122'
[09:28:14] Looking for 'prodigal' - found /home/joao_facio/miniconda3/envs/prokka/bin/prodigal
[09:28:14] Determined prodigal version is 002006 from 'Prodigal V2.6.3: February, 2016'
[09:28:14] Looking for 'prokka-genbank_to_fasta_db' - found /home/joao_facio/miniconda3/envs/prokka/bin/prokka-genbank_to_fasta_db
[09:28:14] Looking for 'sed' - found /usr/bin/sed
[09:28:14] Looking for 'tbl2asn' - found /home/joao_facio/miniconda3/envs/prokka/bin/tbl2asn
[09:28:14] Determined tbl2asn version is 025007 from 'tbl2asn 25.7   arguments:'
[09:28:14] Using genetic code table 11.
[09:28:14] Loading and checking input file: /tmp/tmp6gns85ah/GOMC.bin.470.fa
[09:28:14] Wrote 326 contigs totalling 1397455 bp.
[09:28:14] Predicting tRNAs and tmRNAs
[09:28:14] Running: aragorn -l -gc11  -w \.\.\/\.\.\/Data\/Chen_Analysis\/Prokka\/Bacteria\/GOMC\.bin\.470\/GOMC\.bin\.470\.fna
[09:28:14] 1 tRNA-Cys c[8237,8312] 34 (gca)
[09:28:14] 1 tRNA-Phe c[8995,9070] 34 (gaa)
[09:28:14] 1 tRNA-Met c[6425,6501] 35 (cat)
[09:28:14] 1 tRNA-Arg [3125,3201] 35 (acg)
[09:28:14] 1 tRNA-Ser c[3334,3419] 35 (gga)
[09:28:15] 1 tRNA-Glu [2190,2264] 34 (ctc)
[09:28:15] 1 tRNA-Ser c[3,96] 36 (cga)
[09:28:15] 1 tRNA-Leu [2006,2092] 35 (cag)
[09:28:15] 1 tRNA-Val c[6116,6191] 34 (cac)
[09:28:15] 1 tRNA-Glu c[2810,2887] 37 (ttc)
[09:28:15] 2 tRNA-Lys c[2906,2981] 34 (ttt)
[09:28:15] 1 tRNA-Leu c[2769,2855] 35 (caa)
[09:28:15] 1 tRNA-Pro [1468,1544] 35 (cgg)
[09:28:15] 1 tRNA-Trp [268,343] 34 (cca)
[09:28:15] Found 14 tRNAs
[09:28:15] Predicting Ribosomal RNAs
[09:28:15] Running Barrnap with 4 threads
[09:28:15] Found 0 rRNAs
[09:28:15] Skipping ncRNA search, enable with --rfam if desired.
[09:28:15] Total of 14 tRNA + rRNA features
[09:28:15] Searching for CRISPR repeats
[09:28:15] Found 0 CRISPRs
[09:28:15] Predicting coding sequences
[09:28:15] Contigs total 1397455 bp, so using single mode
[09:28:15] Running: prodigal -i \.\.\/\.\.\/Data\/Chen_Analysis\/Prokka\/Bacteria\/GOMC\.bin\.470\/GOMC\.bin\.470\.fna -c -m -g 11 -p single -f sco -q
[09:28:16] Excluding CDS which overlaps existing RNA (tRNA) at OC_3500m_C2_0cm2_2_FD_k53_3001439_1:1523..2005 on - strand
[09:28:16] Found 1314 CDS
[09:28:16] Connecting features back to sequences
[09:28:16] Not using genus-specific database. Try --usegenus to enable it.
[09:28:16] Annotating CDS, please be patient.
[09:28:16] Will use 4 CPUs for similarity searching.
[09:28:16] There are still 1314 unannotated CDS left (started with 1314)
[09:28:16] Will use blast to search against /home/joao_facio/miniconda3/envs/prokka/db/kingdom/Bacteria/IS with 4 CPUs
[09:28:16] Running: cat \.\.\/\.\.\/Data\/Chen_Analysis\/Prokka\/Bacteria\/GOMC\.bin\.470\/GOMC\.bin\.470\.IS\.tmp\.3374246\.faa | parallel --gnu --plain -j 4 --block 46068 --recstart '>' --pipe blastp -query - -db /home/joao_facio/miniconda3/envs/prokka/db/kingdom/Bacteria/IS -evalue 1e-30 -qcov_hsp_perc 90 -num_threads 1 -num_descriptions 1 -num_alignments 1 -seg no > \.\.\/\.\.\/Data\/Chen_Analysis\/Prokka\/Bacteria\/GOMC\.bin\.470\/GOMC\.bin\.470\.IS\.tmp\.3374246\.blast 2> /dev/null
[09:28:20] Deleting unwanted file: ../../Data/Chen_Analysis/Prokka/Bacteria/GOMC.bin.470/GOMC.bin.470.IS.tmp.3374246.faa
[09:28:20] Deleting unwanted file: ../../Data/Chen_Analysis/Prokka/Bacteria/GOMC.bin.470/GOMC.bin.470.IS.tmp.3374246.blast
[09:28:20] There are still 1313 unannotated CDS left (started with 1314)
[09:28:20] Will use blast to search against /home/joao_facio/miniconda3/envs/prokka/db/kingdom/Bacteria/AMR with 4 CPUs
[09:28:20] Running: cat \.\.\/\.\.\/Data\/Chen_Analysis\/Prokka\/Bacteria\/GOMC\.bin\.470\/GOMC\.bin\.470\.AMR\.tmp\.3374246\.faa | parallel --gnu --plain -j 4 --block 46017 --recstart '>' --pipe blastp -query - -db /home/joao_facio/miniconda3/envs/prokka/db/kingdom/Bacteria/AMR -evalue 1e-300 -qcov_hsp_perc 90 -num_threads 1 -num_descriptions 1 -num_alignments 1 -seg no > \.\.\/\.\.\/Data\/Chen_Analysis\/Prokka\/Bacteria\/GOMC\.bin\.470\/GOMC\.bin\.470\.AMR\.tmp\.3374246\.blast 2> /dev/null
[09:28:23] Deleting unwanted file: ../../Data/Chen_Analysis/Prokka/Bacteria/GOMC.bin.470/GOMC.bin.470.AMR.tmp.3374246.faa
[09:28:23] Deleting unwanted file: ../../Data/Chen_Analysis/Prokka/Bacteria/GOMC.bin.470/GOMC.bin.470.AMR.tmp.3374246.blast
[09:28:23] There are still 1313 unannotated CDS left (started with 1314)
[09:28:23] Will use blast to search against /home/joao_facio/miniconda3/envs/prokka/db/kingdom/Bacteria/sprot with 4 CPUs
[09:28:23] Running: cat \.\.\/\.\.\/Data\/Chen_Analysis\/Prokka\/Bacteria\/GOMC\.bin\.470\/GOMC\.bin\.470\.sprot\.tmp\.3374246\.faa | parallel --gnu --plain -j 4 --block 46017 --recstart '>' --pipe blastp -query - -db /home/joao_facio/miniconda3/envs/prokka/db/kingdom/Bacteria/sprot -evalue 1e-09 -qcov_hsp_perc 80 -num_threads 1 -num_descriptions 1 -num_alignments 1 -seg no > \.\.\/\.\.\/Data\/Chen_Analysis\/Prokka\/Bacteria\/GOMC\.bin\.470\/GOMC\.bin\.470\.sprot\.tmp\.3374246\.blast 2> /dev/null
[09:28:39] Modify product: Ribonuclease TTHA0252 => Ribonuclease
[09:28:39] Modify product: UPF0502 protein YceH => hypothetical protein
[09:28:39] Modify product: Uncharacterized protein YciO => putative protein YciO
[09:28:39] Modify product: Uncharacterized protein Rv2004c => putative protein
[09:28:39] Modify product: Uncharacterized protein Rv1480 => putative protein
[09:28:39] Modify product: Nucleoid-associated protein Cthe_2143 => Nucleoid-associated protein
[09:28:39] Modify product: Probable Ni/Fe-hydrogenase 2 b-type cytochrome subunit => putative Ni/Fe-hydrogenase 2 b-type cytochrome subunit
[09:28:39] Modify product: Probable ATP-dependent DNA helicase YoaA => putative ATP-dependent DNA helicase YoaA
[09:28:39] Modify product: UPF0053 protein Rv2366c => hypothetical protein
[09:28:39] Modify product: Uncharacterized protein Rv2003c => putative protein
[09:28:39] Modify product: Probable biofilm formation methyltransferase WspC => putative biofilm formation methyltransferase WspC
[09:28:39] Modify product: S-adenosyl-L-methionine-binding protein RPA0152 => S-adenosyl-L-methionine-binding protein
[09:28:39] Modify product: GTP cyclohydrolase 1 type 2 homolog => GTP cyclohydrolase 1 type 2 
[09:28:39] Modify product: 23S rRNA 5-hydroxycytidine C2501 synthase => 23S rRNA 5-hydroxycytidine synthase
[09:28:39] Modify product: Probable GTP-binding protein EngB => putative GTP-binding protein EngB
[09:28:39] Modify product: Uncharacterized protein Rv3400 => putative protein
[09:28:39] Modify product: Uncharacterized ABC transporter ATP-binding protein YknY => putative ABC transporter ATP-binding protein YknY
[09:28:39] Modify product: Uncharacterized protein HI_1028 => putative protein
[09:28:39] Modify product: Uncharacterized protein YedJ => putative protein YedJ
[09:28:39] Modify product: Probable nicotinate-nucleotide pyrophosphorylase [carboxylating] => putative nicotinate-nucleotide pyrophosphorylase [carboxylating]
[09:28:39] Modify product: Uncharacterized zinc protease Rv2782c => putative zinc protease
[09:28:39] Modify product: Putative transport protein Rv1101c => Putative transport protein
[09:28:39] Modify product: Uncharacterized FAD-linked oxidoreductase Rv2280 => putative FAD-linked oxidoreductase
[09:28:39] Modify product: UPF0098 protein CT_736 => hypothetical protein
[09:28:39] Modify product: Uncharacterized protein Rv2307c => putative protein
[09:28:39] Modify product: Uncharacterized protein TM_1570 => putative protein
[09:28:39] Modify product: UPF0102 protein RPA0323 => hypothetical protein
[09:28:39] Modify product: Probable acyl-CoA dehydrogenase fadE25 => putative acyl-CoA dehydrogenase fadE25
[09:28:39] Modify product: Bifunctional protein FolD => Bifunctional protein FolD protein
[09:28:39] Modify product: UPF0301 protein YqgE => hypothetical protein
[09:28:39] Modify product: Uncharacterized oxidoreductase YdhV => putative oxidoreductase YdhV
[09:28:39] Modify product: Probable phosphite transport system-binding protein PtxB => putative phosphite transport system-binding protein PtxB
[09:28:39] Modify product: Uncharacterized protein Rv2307c => putative protein
[09:28:39] Modify product: Putative aminotransferase MSMEG_6286/MSMEI_6121 => Putative aminotransferase/MSMEI_6121
[09:28:39] Modify product: Glycogen operon protein GlgX homolog => Glycogen operon protein GlgX 
[09:28:39] Modify product: UPF0758 protein => hypothetical protein
[09:28:39] Modify product: Probable ribonucleotide transport ATP-binding protein mkl => putative ribonucleotide transport ATP-binding protein mkl
[09:28:39] Cleaned 37 /product names
[09:28:39] Deleting unwanted file: ../../Data/Chen_Analysis/Prokka/Bacteria/GOMC.bin.470/GOMC.bin.470.sprot.tmp.3374246.faa
[09:28:39] Deleting unwanted file: ../../Data/Chen_Analysis/Prokka/Bacteria/GOMC.bin.470/GOMC.bin.470.sprot.tmp.3374246.blast
[09:28:39] There are still 719 unannotated CDS left (started with 1314)
[09:28:39] Will use hmmer3 to search against /home/joao_facio/miniconda3/envs/prokka/db/hmm/HAMAP.hmm with 4 CPUs
[09:28:39] Running: cat \.\.\/\.\.\/Data\/Chen_Analysis\/Prokka\/Bacteria\/GOMC\.bin\.470\/GOMC\.bin\.470\.HAMAP\.hmm\.tmp\.3374246\.faa | parallel --gnu --plain -j 4 --block 21425 --recstart '>' --pipe hmmscan --noali --notextw --acc -E 1e-09 --cpu 1 /home/joao_facio/miniconda3/envs/prokka/db/hmm/HAMAP.hmm /dev/stdin > \.\.\/\.\.\/Data\/Chen_Analysis\/Prokka\/Bacteria\/GOMC\.bin\.470\/GOMC\.bin\.470\.HAMAP\.hmm\.tmp\.3374246\.hmmer3 2> /dev/null
[09:28:45] Deleting unwanted file: ../../Data/Chen_Analysis/Prokka/Bacteria/GOMC.bin.470/GOMC.bin.470.HAMAP.hmm.tmp.3374246.faa
[09:28:45] Deleting unwanted file: ../../Data/Chen_Analysis/Prokka/Bacteria/GOMC.bin.470/GOMC.bin.470.HAMAP.hmm.tmp.3374246.hmmer3
[09:28:45] Labelling remaining 597 proteins as 'hypothetical protein'
[09:28:45] Possible /pseudo 'Tyrosine recombinase XerC' at OC_3500m_C2_0cm2_2_FD_k53_120281_1 position 677
[09:28:45] Possible /pseudo 'Protein-glutamate methylesterase/protein-glutamine glutaminase' at OC_3500m_C2_0cm2_2_FD_k53_329686_1 position 3080
[09:28:45] Possible /pseudo 'Sec-independent protein translocase protein TatA' at OC_3500m_C2_0cm2_2_FD_k53_1881447_1 position 2713
[09:28:45] Found 588 unique /gene codes.
[09:28:45] Fixed 2 duplicate /gene - hupB_1 hupB_2
[09:28:45] Fixed 2 duplicate /gene - cysG_1 cysG_2
[09:28:45] Fixed 2 duplicate /gene - cheB_1 cheB_2
[09:28:45] Fixed 2 duplicate /gene - pcm_1 pcm_2
[09:28:45] Fixed 2 duplicate /gene - trpB_1 trpB_2
[09:28:45] Fixed 2 duplicate /gene - fabF_1 fabF_2
[09:28:45] Fixed 2 duplicate /gene - ccsA_1 ccsA_2
[09:28:45] Fixed 2 duplicate /gene - relA_1 relA_2
[09:28:45] Fixed 2 duplicate /gene - acpP_1 acpP_2
[09:28:45] Fixed 2 duplicate /gene - atpH_1 atpH_2
[09:28:45] Fixed 3 duplicate /gene - rssB_1 rssB_2 rssB_3
[09:28:45] Fixed 2 duplicate /gene - zraR_1 zraR_2
[09:28:45] Fixed 4 duplicate /gene - moaA_1 moaA_2 moaA_3 moaA_4
[09:28:45] Fixed 2 duplicate /gene - pcrA_1 pcrA_2
[09:28:45] Fixed 2 duplicate /gene - tatA_1 tatA_2
[09:28:45] Fixed 2 duplicate /gene - prmC_1 prmC_2
[09:28:45] Fixed 2 duplicate /gene - dapL_1 dapL_2
[09:28:45] Fixed 2 duplicate /gene - ruvB_1 ruvB_2
[09:28:45] Fixed 2 duplicate /gene - clcB_1 clcB_2
[09:28:45] Fixed 4 duplicate /gene - napF_1 napF_2 napF_3 napF_4
[09:28:45] Fixed 2 duplicate /gene - rnr_1 rnr_2
[09:28:45] Fixed 2 duplicate /gene - cfiB_1 cfiB_2
[09:28:45] Fixed 2 duplicate /gene - rbr2_1 rbr2_2
[09:28:45] Fixed 2 duplicate /gene - IMPDH_1 IMPDH_2
[09:28:45] Fixed 2 duplicate /gene - lptB_1 lptB_2
[09:28:45] Fixed 2 duplicate /gene - livF_1 livF_2
[09:28:45] Fixed 2 duplicate /gene - cpdA_1 cpdA_2
[09:28:45] Fixed 2 duplicate /gene - ywlF_1 ywlF_2
[09:28:45] Fixed 2 duplicate /gene - htpX_1 htpX_2
[09:28:45] Fixed 2 duplicate /gene - oadA_1 oadA_2
[09:28:45] Fixed 2 duplicate /gene - ftsA_1 ftsA_2
[09:28:45] Fixed 2 duplicate /gene - mtaD_1 mtaD_2
[09:28:45] Fixed 2 duplicate /gene - bepA_1 bepA_2
[09:28:45] Fixed 2 duplicate /gene - hybC_1 hybC_2
[09:28:45] Fixed 2 duplicate /gene - gph_1 gph_2
[09:28:45] Fixed 2 duplicate /gene - atpF_1 atpF_2
[09:28:45] Fixed 2 duplicate /gene - degU_1 degU_2
[09:28:45] Fixed 3 duplicate /gene - mdtA_1 mdtA_2 mdtA_3
[09:28:45] Fixed 2 duplicate /gene - carD_1 carD_2
[09:28:45] Fixed 2 duplicate /gene - nasD_1 nasD_2
[09:28:45] Fixed 2 duplicate /gene - lolD_1 lolD_2
[09:28:45] Fixed 2 duplicate /gene - purH_1 purH_2
[09:28:45] Fixed 11 duplicate /gene - sasA_1 sasA_2 sasA_3 sasA_4 sasA_5 sasA_6 sasA_7 sasA_8 sasA_9 sasA_10 sasA_11
[09:28:45] Fixed 2 duplicate /gene - pal_1 pal_2
[09:28:45] Fixed 2 duplicate /gene - glmU_1 glmU_2
[09:28:45] Fixed 2 duplicate /gene - czcA_1 czcA_2
[09:28:45] Fixed 2 duplicate /gene - tatC2_1 tatC2_2
[09:28:45] Fixed 2 duplicate /gene - slyD_1 slyD_2
[09:28:45] Fixed 3 duplicate /gene - atpG_1 atpG_2 atpG_3
[09:28:45] Fixed 4 duplicate /gene - rcsC_1 rcsC_2 rcsC_3 rcsC_4
[09:28:45] Fixed 2 duplicate /gene - rtcB_1 rtcB_2
[09:28:45] Fixed 2 duplicate /gene - xerC_1 xerC_2
[09:28:45] Fixed 3 duplicate /gene - resA_1 resA_2 resA_3
[09:28:45] Fixed 3 duplicate /gene - atpA_1 atpA_2 atpA_3
[09:28:45] Fixed 2 duplicate /gene - menG_1 menG_2
[09:28:45] Fixed 2 duplicate /gene - tadA_1 tadA_2
[09:28:45] Fixed 2 duplicate /gene - kefB_1 kefB_2
[09:28:45] Fixed 3 duplicate /gene - folE2_1 folE2_2 folE2_3
[09:28:45] Fixed 3 duplicate /gene - ttrB_1 ttrB_2 ttrB_3
[09:28:45] Fixed 59 colliding /gene names.
[09:28:45] Adding /locus_tag identifiers
[09:28:45] Assigned 1328 locus_tags to CDS and RNA features.
[09:28:45] Writing outputs to ../../Data/Chen_Analysis/Prokka/Bacteria/GOMC.bin.470/
[09:28:45] Generating annotation statistics file
[09:28:45] Generating Genbank and Sequin files
[09:28:45] Running: tbl2asn -V b -a r10k -l paired-ends -M n -N 1 -y 'Annotated using prokka 1.14.6 from https://github.com/tseemann/prokka' -Z \.\.\/\.\.\/Data\/Chen_Analysis\/Prokka\/Bacteria\/GOMC\.bin\.470\/GOMC\.bin\.470\.err -i \.\.\/\.\.\/Data\/Chen_Analysis\/Prokka\/Bacteria\/GOMC\.bin\.470\/GOMC\.bin\.470\.fsa 2> /dev/null
[09:28:46] Deleting unwanted file: ../../Data/Chen_Analysis/Prokka/Bacteria/GOMC.bin.470/errorsummary.val
[09:28:46] Deleting unwanted file: ../../Data/Chen_Analysis/Prokka/Bacteria/GOMC.bin.470/GOMC.bin.470.dr
[09:28:46] Deleting unwanted file: ../../Data/Chen_Analysis/Prokka/Bacteria/GOMC.bin.470/GOMC.bin.470.fixedproducts
[09:28:46] Deleting unwanted file: ../../Data/Chen_Analysis/Prokka/Bacteria/GOMC.bin.470/GOMC.bin.470.ecn
[09:28:46] Deleting unwanted file: ../../Data/Chen_Analysis/Prokka/Bacteria/GOMC.bin.470/GOMC.bin.470.val
[09:28:46] Repairing broken .GBK output that tbl2asn produces...
[09:28:46] Running: sed 's/COORDINATES: profile/COORDINATES:profile/' < \.\.\/\.\.\/Data\/Chen_Analysis\/Prokka\/Bacteria\/GOMC\.bin\.470\/GOMC\.bin\.470\.gbf > \.\.\/\.\.\/Data\/Chen_Analysis\/Prokka\/Bacteria\/GOMC\.bin\.470\/GOMC\.bin\.470\.gbk
[09:28:46] Deleting unwanted file: ../../Data/Chen_Analysis/Prokka/Bacteria/GOMC.bin.470/GOMC.bin.470.gbf
[09:28:46] Output files:
[09:28:46] ../../Data/Chen_Analysis/Prokka/Bacteria/GOMC.bin.470/GOMC.bin.470.log
[09:28:46] ../../Data/Chen_Analysis/Prokka/Bacteria/GOMC.bin.470/GOMC.bin.470.fsa
[09:28:46] ../../Data/Chen_Analysis/Prokka/Bacteria/GOMC.bin.470/GOMC.bin.470.tsv
[09:28:46] ../../Data/Chen_Analysis/Prokka/Bacteria/GOMC.bin.470/GOMC.bin.470.gbk
[09:28:46] ../../Data/Chen_Analysis/Prokka/Bacteria/GOMC.bin.470/GOMC.bin.470.gff
[09:28:46] ../../Data/Chen_Analysis/Prokka/Bacteria/GOMC.bin.470/GOMC.bin.470.tbl
[09:28:46] ../../Data/Chen_Analysis/Prokka/Bacteria/GOMC.bin.470/GOMC.bin.470.faa
[09:28:46] ../../Data/Chen_Analysis/Prokka/Bacteria/GOMC.bin.470/GOMC.bin.470.fna
[09:28:46] ../../Data/Chen_Analysis/Prokka/Bacteria/GOMC.bin.470/GOMC.bin.470.sqn
[09:28:46] ../../Data/Chen_Analysis/Prokka/Bacteria/GOMC.bin.470/GOMC.bin.470.txt
[09:28:46] ../../Data/Chen_Analysis/Prokka/Bacteria/GOMC.bin.470/GOMC.bin.470.err
[09:28:46] ../../Data/Chen_Analysis/Prokka/Bacteria/GOMC.bin.470/GOMC.bin.470.ffn
[09:28:46] Annotation finished successfully.
[09:28:46] Walltime used: 0.53 minutes
[09:28:46] If you use this result please cite the Prokka paper:
[09:28:46] Seemann T (2014) Prokka: rapid prokaryotic genome annotation. Bioinformatics. 30(14):2068-9.
[09:28:46] Type 'prokka --citation' for more details.
[09:28:46] Thank you, come again.
