[08:05:07] This is prokka 1.14.6
[08:05:07] Written by Torsten Seemann <torsten.seemann@gmail.com>
[08:05:07] Homepage is https://github.com/tseemann/prokka
[08:05:07] Local time is Mon Dec  1 08:05:07 2025
[08:05:07] You are joao_facio
[08:05:07] Operating system is linux
[08:05:07] You have BioPerl 1.7.8
[08:05:07] System has 12 cores.
[08:05:07] Will use maximum of 4 cores.
[08:05:07] Annotating as >>> Bacteria <<<
[08:05:07] Generating locus_tag from '/tmp/tmp6gns85ah/GOMC.bin.10212.fa' contents.
[08:05:07] Setting --locustag FAACLLEO from MD5 faac55e8854f4c6cb9ced7d5bc67bc25
[08:05:07] Creating new output folder: ../../Data/Chen_Analysis/Prokka/Bacteria/GOMC.bin.10212
[08:05:07] Running: mkdir -p \.\.\/\.\.\/Data\/Chen_Analysis\/Prokka\/Bacteria\/GOMC\.bin\.10212
[08:05:07] Using filename prefix: GOMC.bin.10212.XXX
[08:05:07] Setting HMMER_NCPU=1
[08:05:07] Writing log to: ../../Data/Chen_Analysis/Prokka/Bacteria/GOMC.bin.10212/GOMC.bin.10212.log
[08:05:07] Command: /home/joao_facio/miniconda3/envs/prokka/bin/prokka --outdir ../../Data/Chen_Analysis/Prokka/Bacteria/GOMC.bin.10212 --prefix GOMC.bin.10212 --kingdom Bacteria --genus UBA3077 --strain GOMC.bin.10212 --cpus 4 --force /tmp/tmp6gns85ah/GOMC.bin.10212.fa
[08:05:07] Appending to PATH: /home/joao_facio/miniconda3/envs/prokka/bin
[08:05:07] Looking for 'aragorn' - found /home/joao_facio/miniconda3/envs/prokka/bin/aragorn
[08:05:07] Determined aragorn version is 001002 from 'ARAGORN v1.2.41 Dean Laslett'
[08:05:07] Looking for 'barrnap' - found /home/joao_facio/miniconda3/envs/prokka/bin/barrnap
[08:05:07] Determined barrnap version is 000009 from 'barrnap 0.9'
[08:05:07] Looking for 'blastp' - found /home/joao_facio/miniconda3/envs/prokka/bin/blastp
[08:05:07] Determined blastp version is 002016 from 'blastp: 2.16.0+'
[08:05:07] Looking for 'cmpress' - found /home/joao_facio/miniconda3/envs/prokka/bin/cmpress
[08:05:07] Determined cmpress version is 001001 from '# INFERNAL 1.1.5 (Sep 2023)'
[08:05:07] Looking for 'cmscan' - found /home/joao_facio/miniconda3/envs/prokka/bin/cmscan
[08:05:07] Determined cmscan version is 001001 from '# INFERNAL 1.1.5 (Sep 2023)'
[08:05:07] Looking for 'egrep' - found /usr/bin/egrep
[08:05:07] Looking for 'find' - found /usr/bin/find
[08:05:07] Looking for 'grep' - found /usr/bin/grep
[08:05:07] Looking for 'hmmpress' - found /home/joao_facio/miniconda3/envs/prokka/bin/hmmpress
[08:05:07] Determined hmmpress version is 003004 from '# HMMER 3.4 (Aug 2023); http://hmmer.org/'
[08:05:07] Looking for 'hmmscan' - found /home/joao_facio/miniconda3/envs/prokka/bin/hmmscan
[08:05:07] Determined hmmscan version is 003004 from '# HMMER 3.4 (Aug 2023); http://hmmer.org/'
[08:05:07] Looking for 'java' - found /home/joao_facio/miniconda3/envs/prokka/bin/java
[08:05:07] Looking for 'makeblastdb' - found /home/joao_facio/miniconda3/envs/prokka/bin/makeblastdb
[08:05:07] Determined makeblastdb version is 002016 from 'makeblastdb: 2.16.0+'
[08:05:07] Looking for 'minced' - found /home/joao_facio/miniconda3/envs/prokka/bin/minced
[08:05:07] Determined minced version is 004002 from 'minced 0.4.2'
[08:05:07] Looking for 'parallel' - found /home/joao_facio/miniconda3/envs/prokka/bin/parallel
[08:05:07] Determined parallel version is 20251122 from 'GNU parallel 20251122'
[08:05:07] Looking for 'prodigal' - found /home/joao_facio/miniconda3/envs/prokka/bin/prodigal
[08:05:07] Determined prodigal version is 002006 from 'Prodigal V2.6.3: February, 2016'
[08:05:07] Looking for 'prokka-genbank_to_fasta_db' - found /home/joao_facio/miniconda3/envs/prokka/bin/prokka-genbank_to_fasta_db
[08:05:07] Looking for 'sed' - found /usr/bin/sed
[08:05:07] Looking for 'tbl2asn' - found /home/joao_facio/miniconda3/envs/prokka/bin/tbl2asn
[08:05:07] Determined tbl2asn version is 025007 from 'tbl2asn 25.7   arguments:'
[08:05:07] Using genetic code table 11.
[08:05:07] Loading and checking input file: /tmp/tmp6gns85ah/GOMC.bin.10212.fa
[08:05:07] Wrote 810 contigs totalling 2632033 bp.
[08:05:07] Predicting tRNAs and tmRNAs
[08:05:07] Running: aragorn -l -gc11  -w \.\.\/\.\.\/Data\/Chen_Analysis\/Prokka\/Bacteria\/GOMC\.bin\.10212\/GOMC\.bin\.10212\.fna
[08:05:07] tRNA [1397,1485] is a pseudo/wacky gene - skipping.
[08:05:07] 1 tRNA-Glu [2100,2174] 34 (ttc)
[08:05:07] 1 tRNA-Thr c[851,926] 34 (tgt)
[08:05:07] 1 tRNA-Cys c[1884,1957] 33 (gca)
[08:05:08] 1 tRNA-Ala [362,437] 34 (ggc)
[08:05:08] 1 tRNA-Gly [3623,3697] 33 (gcc)
[08:05:08] 1 tRNA-Arg [1770,1846] 35 (tct)
[08:05:08] 1 tRNA-Gly c[6154,6228] 35 (ccc)
[08:05:08] 1 tRNA-Phe c[1163,1237] 33 (gaa)
[08:05:08] 1 tRNA-Tyr [2099,2182] 33 (gta)
[08:05:08] 1 tRNA-Trp [1201,1276] 34 (cca)
[08:05:08] 1 tRNA-Val c[174,249] 34 (tac)
[08:05:08] 1 tRNA-Leu c[6498,6581] 35 (caa)
[08:05:08] 1 tRNA-Arg c[1395,1470] 36 (cct)
[08:05:08] 1 tRNA-Arg [3320,3396] 35 (acg)
[08:05:08] Found 14 tRNAs
[08:05:08] Predicting Ribosomal RNAs
[08:05:08] Running Barrnap with 4 threads
[08:05:08] Found 0 rRNAs
[08:05:08] Skipping ncRNA search, enable with --rfam if desired.
[08:05:08] Total of 14 tRNA + rRNA features
[08:05:08] Searching for CRISPR repeats
[08:05:08] Found 0 CRISPRs
[08:05:08] Predicting coding sequences
[08:05:08] Contigs total 2632033 bp, so using single mode
[08:05:08] Running: prodigal -i \.\.\/\.\.\/Data\/Chen_Analysis\/Prokka\/Bacteria\/GOMC\.bin\.10212\/GOMC\.bin\.10212\.fna -c -m -g 11 -p single -f sco -q
[08:05:10] Excluding CDS which overlaps existing RNA (tRNA) at k63_122361:6201..6755 on + strand
[08:05:10] Found 3276 CDS
[08:05:10] Connecting features back to sequences
[08:05:10] Not using genus-specific database. Try --usegenus to enable it.
[08:05:10] Annotating CDS, please be patient.
[08:05:10] Will use 4 CPUs for similarity searching.
[08:05:11] There are still 3276 unannotated CDS left (started with 3276)
[08:05:11] Will use blast to search against /home/joao_facio/miniconda3/envs/prokka/db/kingdom/Bacteria/IS with 4 CPUs
[08:05:11] Running: cat \.\.\/\.\.\/Data\/Chen_Analysis\/Prokka\/Bacteria\/GOMC\.bin\.10212\/GOMC\.bin\.10212\.IS\.tmp\.3208999\.faa | parallel --gnu --plain -j 4 --block 86936 --recstart '>' --pipe blastp -query - -db /home/joao_facio/miniconda3/envs/prokka/db/kingdom/Bacteria/IS -evalue 1e-30 -qcov_hsp_perc 90 -num_threads 1 -num_descriptions 1 -num_alignments 1 -seg no > \.\.\/\.\.\/Data\/Chen_Analysis\/Prokka\/Bacteria\/GOMC\.bin\.10212\/GOMC\.bin\.10212\.IS\.tmp\.3208999\.blast 2> /dev/null
[08:05:18] Deleting unwanted file: ../../Data/Chen_Analysis/Prokka/Bacteria/GOMC.bin.10212/GOMC.bin.10212.IS.tmp.3208999.faa
[08:05:18] Deleting unwanted file: ../../Data/Chen_Analysis/Prokka/Bacteria/GOMC.bin.10212/GOMC.bin.10212.IS.tmp.3208999.blast
[08:05:18] There are still 3267 unannotated CDS left (started with 3276)
[08:05:18] Will use blast to search against /home/joao_facio/miniconda3/envs/prokka/db/kingdom/Bacteria/AMR with 4 CPUs
[08:05:18] Running: cat \.\.\/\.\.\/Data\/Chen_Analysis\/Prokka\/Bacteria\/GOMC\.bin\.10212\/GOMC\.bin\.10212\.AMR\.tmp\.3208999\.faa | parallel --gnu --plain -j 4 --block 86687 --recstart '>' --pipe blastp -query - -db /home/joao_facio/miniconda3/envs/prokka/db/kingdom/Bacteria/AMR -evalue 1e-300 -qcov_hsp_perc 90 -num_threads 1 -num_descriptions 1 -num_alignments 1 -seg no > \.\.\/\.\.\/Data\/Chen_Analysis\/Prokka\/Bacteria\/GOMC\.bin\.10212\/GOMC\.bin\.10212\.AMR\.tmp\.3208999\.blast 2> /dev/null
[08:05:23] Deleting unwanted file: ../../Data/Chen_Analysis/Prokka/Bacteria/GOMC.bin.10212/GOMC.bin.10212.AMR.tmp.3208999.faa
[08:05:23] Deleting unwanted file: ../../Data/Chen_Analysis/Prokka/Bacteria/GOMC.bin.10212/GOMC.bin.10212.AMR.tmp.3208999.blast
[08:05:23] There are still 3267 unannotated CDS left (started with 3276)
[08:05:23] Will use blast to search against /home/joao_facio/miniconda3/envs/prokka/db/kingdom/Bacteria/sprot with 4 CPUs
[08:05:23] Running: cat \.\.\/\.\.\/Data\/Chen_Analysis\/Prokka\/Bacteria\/GOMC\.bin\.10212\/GOMC\.bin\.10212\.sprot\.tmp\.3208999\.faa | parallel --gnu --plain -j 4 --block 86687 --recstart '>' --pipe blastp -query - -db /home/joao_facio/miniconda3/envs/prokka/db/kingdom/Bacteria/sprot -evalue 1e-09 -qcov_hsp_perc 80 -num_threads 1 -num_descriptions 1 -num_alignments 1 -seg no > \.\.\/\.\.\/Data\/Chen_Analysis\/Prokka\/Bacteria\/GOMC\.bin\.10212\/GOMC\.bin\.10212\.sprot\.tmp\.3208999\.blast 2> /dev/null
[08:05:52] Modify product: Uncharacterized MFS-type transporter YcaD => putative MFS-type transporter YcaD
[08:05:52] Modify product: UPF0178 protein YaiI => hypothetical protein
[08:05:52] Modify product: Probable metallo-hydrolase BURPS1710b_2304 => putative metallo-hydrolase
[08:05:52] Modify product: Probable metallo-hydrolase BURPS1710b_2304 => putative metallo-hydrolase
[08:05:52] Modify product: UPF0335 protein CCNA_03428 => hypothetical protein
[08:05:52] Modify product: Probable branched-chain-amino-acid aminotransferase => putative branched-chain-amino-acid aminotransferase
[08:05:52] Modify product: UPF0701 protein YicC => hypothetical protein
[08:05:52] Modify product: UPF0073 inner membrane protein YqfA => hypothetical protein
[08:05:52] Modify product: UPF0073 inner membrane protein YqfA => hypothetical protein
[08:05:52] Modify product: Probable sugar-binding periplasmic protein => putative sugar-binding periplasmic protein
[08:05:52] Modify product: Uncharacterized protein Rv1276c => putative protein
[08:05:52] Modify product: Probable 3-hydroxybutyryl-CoA dehydrogenase => putative 3-hydroxybutyryl-CoA dehydrogenase
[08:05:52] Modify product: Uncharacterized GST-like protein YibF => putative GST-like protein YibF
[08:05:52] Modify product: Putative acyltransferase Rv0859 => Putative acyltransferase
[08:05:52] Modify product: Probable cold shock protein A => putative cold shock protein A
[08:05:52] Modify product: Probable aminotransferase Rv3329 => putative aminotransferase
[08:05:52] Modify product: Probable D-xylose utilization operon transcriptional repressor => putative D-xylose utilization operon transcriptional repressor
[08:05:52] Modify product: Probable xanthine dehydrogenase subunit D => putative xanthine dehydrogenase subunit D
[08:05:52] Modify product: Probable nicotinate-nucleotide pyrophosphorylase [carboxylating] => putative nicotinate-nucleotide pyrophosphorylase [carboxylating]
[08:05:52] Modify product: Probable formate transporter 1 => putative formate transporter 1
[08:05:52] Modify product: Probable riboflavin import permease protein RfuC => putative riboflavin import permease protein RfuC
[08:05:52] Modify product: Uncharacterized protein RP812 => putative protein RP812
[08:05:52] Modify product: Probable CtpA-like serine protease => putative CtpA-like serine protease
[08:05:52] Modify product: Uncharacterized GST-like protein YibF => putative GST-like protein YibF
[08:05:52] Modify product: Lactate-binding periplasmic protein TTHA0766 => Lactate-binding periplasmic protein
[08:05:52] Modify product: Uncharacterized ABC transporter ATP-binding protein YheS => putative ABC transporter ATP-binding protein YheS
[08:05:52] Modify product: UPF0056 inner membrane protein YhgN => hypothetical protein
[08:05:52] Modify product: Monocarboxylate 2-oxoacid-binding periplasmic protein all3028 => Monocarboxylate 2-oxoacid-binding periplasmic protein
[08:05:52] Modify product: Uncharacterized FAD-linked oxidoreductase Rv2280 => putative FAD-linked oxidoreductase
[08:05:52] Modify product: Uncharacterized oxidoreductase YgfF => putative oxidoreductase YgfF
[08:05:52] Modify product: UPF0173 metal-dependent hydrolase SA1529 => hypothetical protein
[08:05:52] Modify product: Solute-binding protein Veis_3954 => Solute-binding protein
[08:05:52] Modify product: Probable quinol monooxygenase YgiN => putative quinol monooxygenase YgiN
[08:05:52] Modify product: Uncharacterized zinc protease Rv2782c => putative zinc protease
[08:05:52] Modify product: Nucleotide-binding protein Rv1421 => Nucleotide-binding protein
[08:05:52] Modify product: Uncharacterized protein Rv1405c => putative protein
[08:05:52] Modify product: Probable D,D-dipeptide transport system permease protein DdpC => putative D,D-dipeptide transport system permease protein DdpC
[08:05:52] Modify product: Probable amino-acid import ATP-binding protein YxeO => putative amino-acid import ATP-binding protein YxeO
[08:05:52] Modify product: Uncharacterized aminopeptidase Rv1333 => putative aminopeptidase
[08:05:52] Modify product: Probable ABC transporter ATP-binding protein NosF => putative ABC transporter ATP-binding protein NosF
[08:05:52] Modify product: Probable ABC transporter binding protein NosD => putative ABC transporter binding protein NosD
[08:05:52] Modify product: Probable ABC transporter binding protein NosD => putative ABC transporter binding protein NosD
[08:05:52] Modify product: Purine-binding protein BAB2_0673 => Purine-binding protein
[08:05:52] Modify product: TelA-like protein SA1238 => TelA-like protein
[08:05:52] Modify product: Probable protein kinase UbiB => putative protein kinase UbiB
[08:05:52] Modify product: UPF0053 inner membrane protein YfjD => hypothetical protein
[08:05:52] Modify product: UPF0053 inner membrane protein YfjD => hypothetical protein
[08:05:52] Modify product: Putative 2-hydroxyacid dehydrogenase SA2098 => Putative 2-hydroxyacid dehydrogenase
[08:05:52] Modify product: Probable copper-importing P-type ATPase A => putative copper-importing P-type ATPase A
[08:05:52] Modify product: Probable enoyl-CoA hydratase echA6 => putative enoyl-CoA hydratase echA6
[08:05:52] Modify product: Probable 2-ketoarginine decarboxylase AruI => putative 2-ketoarginine decarboxylase AruI
[08:05:52] Modify product: Probable enoyl-CoA hydratase echA8 => putative enoyl-CoA hydratase echA8
[08:05:52] Modify product: Peroxiredoxin sll1621 => Peroxiredoxin
[08:05:52] Modify product: UPF0394 inner membrane protein YeeE => hypothetical protein
[08:05:52] Modify product: Probable N-octanoylanthranilate hydrolase AqdA1 => putative N-octanoylanthranilate hydrolase AqdA1
[08:05:52] Modify product: 23S rRNA 5-hydroxycytidine C2501 synthase => 23S rRNA 5-hydroxycytidine synthase
[08:05:52] Modify product: 23S rRNA 5-hydroxycytidine C2501 synthase => 23S rRNA 5-hydroxycytidine synthase
[08:05:52] Modify product: Probable manganese-dependent inorganic pyrophosphatase => putative manganese-dependent inorganic pyrophosphatase
[08:05:52] Modify product: Lactate-binding periplasmic protein TTHA0766 => Lactate-binding periplasmic protein
[08:05:52] Modify product: Probable D-xylose utilization operon transcriptional repressor => putative D-xylose utilization operon transcriptional repressor
[08:05:53] Modify product: Probable peptidoglycan D,D-transpeptidase FtsI => putative peptidoglycan D,D-transpeptidase FtsI
[08:05:53] Modify product: Uncharacterized GMC-type oxidoreductase Rv1279 => putative GMC-type oxidoreductase
[08:05:53] Modify product: Uncharacterized oxidoreductase CzcO => putative oxidoreductase CzcO
[08:05:53] Modify product: Uncharacterized protein YccU => putative protein YccU
[08:05:53] Modify product: Universal stress protein Rv2026c => Universal stress protein
[08:05:53] Modify product: Solute-binding protein Dde_0634 => Solute-binding protein
[08:05:53] Modify product: Uncharacterized oxidoreductase Rv1144 => putative oxidoreductase
[08:05:53] Modify product: Probable sulfoacetate--CoA ligase => putative sulfoacetate--CoA ligase
[08:05:53] Modify product: Uncharacterized oxidoreductase Rv1350 => putative oxidoreductase
[08:05:53] Modify product: UPF0276 protein CCNA_03364 => hypothetical protein
[08:05:53] Modify product: Deacetylase EF_0837 => Deacetylase
[08:05:53] Modify product: Acetyltransferase PA3944 => Acetyltransferase
[08:05:53] Modify product: Uncharacterized ABC transporter ATP-binding protein Rv0986 => putative ABC transporter ATP-binding protein
[08:05:53] Modify product: Probable ATP-dependent transporter SufC => putative ATP-dependent transporter SufC
[08:05:53] Modify product: Uncharacterized protein HI_0933 => putative protein
[08:05:53] Modify product: Probable GTPase Rv1496 => putative GTPase
[08:05:53] Modify product: Probable bifunctional SAT/APS kinase => putative bifunctional SAT/APS kinase
[08:05:53] Modify product: Uncharacterized protein HI_0103 => putative protein
[08:05:53] Modify product: Probable low molecular weight protein-tyrosine-phosphatase AmsI => putative low molecular weight protein-tyrosine-phosphatase AmsI
[08:05:53] Modify product: Probable aminotransferase Rv3329 => putative aminotransferase
[08:05:53] Modify product: Uncharacterized protein YfgD => putative protein YfgD
[08:05:53] Modify product: Uncharacterized ABC transporter ATP-binding protein YheS => putative ABC transporter ATP-binding protein YheS
[08:05:53] Modify product: Segregation and condensation protein B homolog => Segregation and condensation protein B 
[08:05:53] Modify product: Putative multidrug export ATP-binding/permease protein SAV1866 => Putative multidrug export ATP-binding/permease protein
[08:05:53] Modify product: Uncharacterized NTE family protein Rv1063c => putative NTE family protein
[08:05:53] Modify product: Solute-binding protein Veis_3954 => Solute-binding protein
[08:05:53] Modify product: Uncharacterized protein YqeY => putative protein YqeY
[08:05:53] Modify product: Probable acyl-CoA dehydrogenase fadE25 => putative acyl-CoA dehydrogenase fadE25
[08:05:53] Modify product: Nucleoid-associated protein HI_0442 => Nucleoid-associated protein
[08:05:53] Modify product: Probable peptidoglycan glycosyltransferase FtsW => putative peptidoglycan glycosyltransferase FtsW
[08:05:53] Modify product: Uncharacterized protein Rv2307c => putative protein
[08:05:53] Modify product: Probable transcriptional regulatory protein aq_1575 => putative transcriptional regulatory protein
[08:05:53] Cleaned 92 /product names
[08:05:53] Deleting unwanted file: ../../Data/Chen_Analysis/Prokka/Bacteria/GOMC.bin.10212/GOMC.bin.10212.sprot.tmp.3208999.faa
[08:05:53] Deleting unwanted file: ../../Data/Chen_Analysis/Prokka/Bacteria/GOMC.bin.10212/GOMC.bin.10212.sprot.tmp.3208999.blast
[08:05:53] There are still 1960 unannotated CDS left (started with 3276)
[08:05:53] Will use hmmer3 to search against /home/joao_facio/miniconda3/envs/prokka/db/hmm/HAMAP.hmm with 4 CPUs
[08:05:53] Running: cat \.\.\/\.\.\/Data\/Chen_Analysis\/Prokka\/Bacteria\/GOMC\.bin\.10212\/GOMC\.bin\.10212\.HAMAP\.hmm\.tmp\.3208999\.faa | parallel --gnu --plain -j 4 --block 43853 --recstart '>' --pipe hmmscan --noali --notextw --acc -E 1e-09 --cpu 1 /home/joao_facio/miniconda3/envs/prokka/db/hmm/HAMAP.hmm /dev/stdin > \.\.\/\.\.\/Data\/Chen_Analysis\/Prokka\/Bacteria\/GOMC\.bin\.10212\/GOMC\.bin\.10212\.HAMAP\.hmm\.tmp\.3208999\.hmmer3 2> /dev/null
[08:06:06] Modify product: Uncharacterized Nudix hydrolase NudL => putative Nudix hydrolase NudL
[08:06:06] Cleaned 1 /product names
[08:06:06] Deleting unwanted file: ../../Data/Chen_Analysis/Prokka/Bacteria/GOMC.bin.10212/GOMC.bin.10212.HAMAP.hmm.tmp.3208999.faa
[08:06:06] Deleting unwanted file: ../../Data/Chen_Analysis/Prokka/Bacteria/GOMC.bin.10212/GOMC.bin.10212.HAMAP.hmm.tmp.3208999.hmmer3
[08:06:06] Labelling remaining 1757 proteins as 'hypothetical protein'
[08:06:06] Possible /pseudo 'Glucose-6-phosphate isomerase' at k63_164186 position 926
[08:06:06] Possible /pseudo 'Glucose-6-phosphate isomerase' at k63_164186 position 1378
[08:06:06] Possible /pseudo 'Sarcosine oxidase subunit alpha' at k63_23684 position 6041
[08:06:06] Possible /pseudo 'Ribonuclease 3' at k63_152495 position 3568
[08:06:06] Possible /pseudo 'Delta-aminolevulinic acid dehydratase' at k63_12029 position 756
[08:06:06] Possible /pseudo 'Diacylglycerol kinase' at k63_23867 position 1206
[08:06:06] Possible /pseudo 'Glutamine-dependent NAD(+) synthetase' at k63_117583 position 511
[08:06:06] Possible /pseudo 'Siroheme synthase' at k63_58964 position 577
[08:06:06] Possible /pseudo 'putative ABC transporter binding protein NosD' at k63_164424 position 1456
[08:06:06] Possible /pseudo 'Octaprenyl diphosphate synthase' at k63_140923 position 1517
[08:06:06] Possible /pseudo '4-aminobutyrate aminotransferase PuuE' at k63_24153 position 1891
[08:06:06] Possible /pseudo 'Spermidine/putrescine transport system permease protein PotB' at k63_152671 position 1676
[08:06:06] Possible /pseudo 'Cytochrome c-type biogenesis protein CcmF' at k63_82655 position 2763
[08:06:06] Possible /pseudo 'putative metallo-hydrolase' at k63_152846 position 235
[08:06:06] Possible /pseudo 'Polyribonucleotide nucleotidyltransferase' at k63_106323 position 2241
[08:06:06] Possible /pseudo 'Acetyl-/propionyl-coenzyme A carboxylase alpha chain' at k63_94790 position 1320
[08:06:06] Possible /pseudo 'Diaminopimelate decarboxylase' at k63_82991 position 1934
[08:06:06] Possible /pseudo 'Diaminopimelate decarboxylase' at k63_82991 position 2218
[08:06:06] Possible /pseudo 'Diaminopimelate decarboxylase' at k63_82991 position 2400
[08:06:06] Possible /pseudo 'Argininosuccinate lyase' at k63_82991 position 4484
[08:06:06] Possible /pseudo 'Ethylmalonyl-CoA mutase' at k63_118296 position 872
[08:06:06] Possible /pseudo 'Fatty acid oxidation complex subunit alpha' at k63_141711 position 4003
[08:06:06] Possible /pseudo 'Fatty acid oxidation complex subunit alpha' at k63_141711 position 4380
[08:06:06] Possible /pseudo 'NADH-quinone oxidoreductase chain 5' at k63_83054 position 404
[08:06:06] Possible /pseudo 'Flagellar basal-body rod protein FlgG' at k63_165253 position 1327
[08:06:06] Possible /pseudo 'Guanine deaminase' at k63_59928 position 772
[08:06:06] Possible /pseudo 'HTH-type transcriptional regulator TauR' at k63_24862 position 969
[08:06:06] Possible /pseudo '3-oxoacyl-[acyl-carrier-protein] reductase FabG' at k63_1180 position 4597
[08:06:06] Possible /pseudo '3-keto-5-aminohexanoate cleavage enzyme' at k63_71925 position 848
[08:06:06] Possible /pseudo 'Transcription termination/antitermination protein NusG' at k63_71988 position 2596
[08:06:06] Possible /pseudo 'tRNA modification GTPase MnmE' at k63_165535 position 1059
[08:06:06] Possible /pseudo 'Transcription termination factor Rho' at k63_165535 position 2332
[08:06:06] Possible /pseudo 'Formate--tetrahydrofolate ligase' at k63_106986 position 2071
[08:06:06] Possible /pseudo 'Cell shape-determining protein MreB' at k63_1523 position 1280
[08:06:06] Possible /pseudo 'Multidrug resistance protein MdtC' at k63_130289 position 4602
[08:06:06] Possible /pseudo 'Uroporphyrinogen-III C-methyltransferase' at k63_153697 position 1356
[08:06:06] Possible /pseudo 'Poly(3-hydroxyalkanoate) polymerase subunit PhaC' at k63_153868 position 628
[08:06:06] Possible /pseudo 'Fumarate hydratase class II' at k63_72505 position 1557
[08:06:06] Possible /pseudo 'Chaperone protein DnaJ' at k63_60480 position 2573
[08:06:06] Possible /pseudo 'Putrescine--pyruvate aminotransferase' at k63_107593 position 1287
[08:06:06] Possible /pseudo 'D-galactonate dehydratase' at k63_25895 position 2823
[08:06:06] Possible /pseudo 'Carbon monoxide dehydrogenase large chain' at k63_72697 position 3723
[08:06:06] Possible /pseudo 'Deoxyguanosinetriphosphate triphosphohydrolase-like protein' at k63_48916 position 467
[08:06:06] Possible /pseudo 'Fructose-1,6-bisphosphatase class 1' at k63_60617 position 515
[08:06:06] Possible /pseudo '2-amino-5-chloromuconic acid deaminase' at k63_166183 position 2024
[08:06:06] Possible /pseudo 'Ribosome-binding ATPase YchF' at k63_26022 position 2103
[08:06:06] Possible /pseudo '60 kDa chaperonin' at k63_96610 position 525
[08:06:06] Possible /pseudo 'Carbon monoxide dehydrogenase large chain' at k63_14264 position 273
[08:06:06] Possible /pseudo 'Pyruvate, phosphate dikinase' at k63_154677 position 4254
[08:06:06] Possible /pseudo 'Carbon monoxide dehydrogenase medium chain' at k63_73119 position 3756
[08:06:06] Possible /pseudo 'Aminopeptidase N' at k63_131079 position 519
[08:06:06] Possible /pseudo 'Na(+)-translocating NADH-quinone reductase subunit A' at k63_14544 position 1564
[08:06:06] Possible /pseudo 'Glycine betaine methyltransferase' at k63_61270 position 7726
[08:06:06] Possible /pseudo 'CTP synthase' at k63_97030 position 558
[08:06:06] Possible /pseudo 'CTP synthase' at k63_97030 position 1484
[08:06:06] Possible /pseudo 'Tyrosine--tRNA ligase' at k63_120220 position 208
[08:06:06] Possible /pseudo 'Type III pantothenate kinase' at k63_73520 position 774
[08:06:06] Possible /pseudo 'UvrABC system protein A' at k63_167192 position 733
[08:06:06] Possible /pseudo 'Phosphoserine aminotransferase' at k63_50026 position 935
[08:06:06] Possible /pseudo 'D-threonate 4-phosphate dehydrogenase' at k63_85279 position 954
[08:06:06] Possible /pseudo 'C4-dicarboxylate transport transcriptional regulatory protein DctD' at k63_85397 position 1312
[08:06:06] Possible /pseudo 'Heme A synthase' at k63_85536 position 2644
[08:06:06] Possible /pseudo 'Molybdenum cofactor guanylyltransferase' at k63_120588 position 1244
[08:06:06] Possible /pseudo 'Sensor kinase CckA' at k63_167564 position 993
[08:06:06] Possible /pseudo '6-deoxy-6-sulfo-D-gluconate dehydratase' at k63_3604 position 813
[08:06:06] Possible /pseudo 'Acetyl-coenzyme A carboxylase carboxyl transferase subunit beta' at k63_132056 position 1717
[08:06:06] Possible /pseudo 'Pyruvate carboxylase' at k63_50883 position 2863
[08:06:06] Possible /pseudo 'DNA polymerase I' at k63_132363 position 1269
[08:06:06] Possible /pseudo 'DNA polymerase I' at k63_132363 position 1532
[08:06:06] Possible /pseudo 'DNA polymerase I' at k63_132363 position 2806
[08:06:06] Possible /pseudo '5-aminolevulinate synthase' at k63_50953 position 1122
[08:06:06] Possible /pseudo 'Thiazole synthase' at k63_132591 position 1199
[08:06:06] Possible /pseudo 'Putrescine transport system permease protein PotH' at k63_121176 position 1152
[08:06:06] Possible /pseudo 'Agmatinase' at k63_121176 position 2852
[08:06:06] Possible /pseudo 'DNA primase' at k63_39318 position 911
[08:06:06] Possible /pseudo '2-amino-3-ketobutyrate coenzyme A ligase' at k63_155956 position 1412
[08:06:06] Possible /pseudo '4-methylaminobutanoate oxidase (formaldehyde-forming)' at k63_109962 position 1703
[08:06:06] Possible /pseudo 'Bifunctional uridylyltransferase/uridylyl-removing enzyme' at k63_98277 position 471
[08:06:06] Possible /pseudo 'Pyruvate carboxylase' at k63_27641 position 3452
[08:06:06] Possible /pseudo 'Kynureninase' at k63_98317 position 1429
[08:06:06] Possible /pseudo 'Kynureninase' at k63_98317 position 1980
[08:06:06] Possible /pseudo 'NADPH-dependent curcumin reductase' at k63_39495 position 1960
[08:06:06] Possible /pseudo 'Malate dehydrogenase' at k63_51296 position 729
[08:06:06] Possible /pseudo '23S rRNA 5-hydroxycytidine synthase' at k63_110143 position 2975
[08:06:06] Possible /pseudo 'UDP-N-acetylmuramoyl-L-alanyl-D-glutamate--2,6-diaminopimelate ligase' at k63_156346 position 2682
[08:06:06] Possible /pseudo 'Isocitrate dehydrogenase [NADP]' at k63_75261 position 384
[08:06:06] Possible /pseudo 'Glutamate--cysteine ligase EgtA' at k63_75399 position 1795
[08:06:06] Possible /pseudo 'Glycerol-3-phosphate regulon repressor' at k63_133551 position 1375
[08:06:06] Possible /pseudo '23S rRNA (guanosine-2'-O-)-methyltransferase RlmB' at k63_63513 position 409
[08:06:06] Possible /pseudo 'O-acetyl-L-homoserine sulfhydrylase' at k63_63513 position 1708
[08:06:06] Possible /pseudo '3-dehydroquinate synthase' at k63_122361 position 1326
[08:06:06] Possible /pseudo 'Oligopeptide transport ATP-binding protein OppD' at k63_133878 position 1208
[08:06:06] Possible /pseudo 'Isocitrate dehydrogenase [NADP]' at k63_87379 position 620
[08:06:06] Possible /pseudo '3-oxoacyl-[acyl-carrier-protein] reductase FabG' at k63_16990 position 2059
[08:06:06] Possible /pseudo 'NADP/NAD-dependent aldehyde dehydrogenase PuuC' at k63_99874 position 905
[08:06:06] Possible /pseudo 'Inner membrane protein YedI' at k63_29492 position 907
[08:06:06] Possible /pseudo 'Sodium-dependent dicarboxylate transporter SdcS' at k63_6661 position 2838
[08:06:06] Possible /pseudo 'Acetophenone carboxylase gamma subunit' at k63_18040 position 1458
[08:06:06] Possible /pseudo 'Glycine betaine methyltransferase' at k63_88430 position 2948
[08:06:06] Possible /pseudo 'DNA-binding transcriptional regulator NtrC' at k63_147093 position 877
[08:06:06] Possible /pseudo 'Carbamoyl-phosphate synthase small chain' at k63_88528 position 2186
[08:06:06] Possible /pseudo 'Trimethylamine dehydrogenase' at k63_18276 position 605
[08:06:06] Possible /pseudo 'Anaerobic sulfite reductase subunit B' at k63_147476 position 1871
[08:06:06] Possible /pseudo 'Amidophosphoribosyltransferase' at k63_135229 position 1082
[08:06:06] Possible /pseudo 'DNA repair protein RadA' at k63_135229 position 3199
[08:06:06] Possible /pseudo 'DNA-directed RNA polymerase subunit beta' at k63_158494 position 3086
[08:06:06] Possible /pseudo 'Threonylcarbamoyladenosine tRNA methylthiotransferase MtaB' at k63_89050 position 1314
[08:06:06] Possible /pseudo 'UvrABC system protein B' at k63_124244 position 1673
[08:06:06] Possible /pseudo 'Respiratory nitrate reductase 1 alpha chain' at k63_54208 position 985
[08:06:06] Possible /pseudo 'Riboflavin biosynthesis protein RibD' at k63_148091 position 2338
[08:06:06] Possible /pseudo 'NADH-quinone oxidoreductase subunit F' at k63_30759 position 1669
[08:06:06] Possible /pseudo 'Indole-3-glycerol phosphate synthase' at k63_7880 position 1142
[08:06:06] Possible /pseudo 'Peptide deformylase' at k63_78354 position 1689
[08:06:06] Possible /pseudo 'tRNA-specific 2-thiouridylase MnmA' at k63_8001 position 1397
[08:06:06] Possible /pseudo 'Cell division protein ZapE' at k63_159039 position 521
[08:06:06] Possible /pseudo 'tRNA-dihydrouridine synthase B' at k63_159308 position 628
[08:06:06] Possible /pseudo 'Threonine--tRNA ligase' at k63_79162 position 1564
[08:06:06] Possible /pseudo 'Deoxyribose-phosphate aldolase' at k63_125208 position 2622
[08:06:06] Possible /pseudo 'PhoH-like protein' at k63_67456 position 1130
[08:06:06] Possible /pseudo 'Sulfide-quinone reductase' at k63_126441 position 745
[08:06:06] Possible /pseudo 'Cell division protein FtsA' at k63_138499 position 574
[08:06:06] Possible /pseudo 'Ditrans,polycis-undecaprenyl-diphosphate synthase ((2E,6E)-farnesyl-diphosphate specific)' at k63_161578 position 2013
[08:06:06] Possible /pseudo 'Methionine synthase' at k63_34244 position 934
[08:06:06] Possible /pseudo 'Caffeate CoA-transferase' at k63_34322 position 2983
[08:06:06] Possible /pseudo 'Fatty acid oxidation complex subunit alpha' at k63_116685 position 3447
[08:06:06] Possible /pseudo 'Trifunctional nucleotide phosphoesterase protein YfkN' at k63_128129 position 1401
[08:06:06] Found 1026 unique /gene codes.
[08:06:06] Fixed 3 duplicate /gene - btuD_1 btuD_2 btuD_3
[08:06:06] Fixed 3 duplicate /gene - lcdH_1 lcdH_2 lcdH_3
[08:06:06] Fixed 2 duplicate /gene - rpoC_1 rpoC_2
[08:06:06] Fixed 2 duplicate /gene - namA_1 namA_2
[08:06:06] Fixed 6 duplicate /gene - rcsC_1 rcsC_2 rcsC_3 rcsC_4 rcsC_5 rcsC_6
[08:06:06] Fixed 2 duplicate /gene - pepA_1 pepA_2
[08:06:06] Fixed 2 duplicate /gene - nusG_1 nusG_2
[08:06:06] Fixed 2 duplicate /gene - nuoF_1 nuoF_2
[08:06:06] Fixed 2 duplicate /gene - ousW_1 ousW_2
[08:06:06] Fixed 2 duplicate /gene - sugA_1 sugA_2
[08:06:06] Fixed 3 duplicate /gene - ndhB_1 ndhB_2 ndhB_3
[08:06:06] Fixed 2 duplicate /gene - mglA_1 mglA_2
[08:06:06] Fixed 2 duplicate /gene - nicF_1 nicF_2
[08:06:06] Fixed 2 duplicate /gene - soxB_1 soxB_2
[08:06:06] Fixed 2 duplicate /gene - LRA5_1 LRA5_2
[08:06:06] Fixed 3 duplicate /gene - cutL_1 cutL_2 cutL_3
[08:06:06] Fixed 2 duplicate /gene - hdfR_1 hdfR_2
[08:06:06] Fixed 3 duplicate /gene - sufS_1 sufS_2 sufS_3
[08:06:06] Fixed 2 duplicate /gene - gcvP_1 gcvP_2
[08:06:06] Fixed 2 duplicate /gene - uvrD_1 uvrD_2
[08:06:06] Fixed 3 duplicate /gene - fadA_1 fadA_2 fadA_3
[08:06:06] Fixed 2 duplicate /gene - egtA_1 egtA_2
[08:06:06] Fixed 2 duplicate /gene - rpoB_1 rpoB_2
[08:06:06] Fixed 2 duplicate /gene - zapE_1 zapE_2
[08:06:06] Fixed 2 duplicate /gene - cdhR_1 cdhR_2
[08:06:06] Fixed 2 duplicate /gene - prfB_1 prfB_2
[08:06:06] Fixed 2 duplicate /gene - ftsI_1 ftsI_2
[08:06:06] Fixed 2 duplicate /gene - bacC_1 bacC_2
[08:06:06] Fixed 2 duplicate /gene - dppB_1 dppB_2
[08:06:06] Fixed 2 duplicate /gene - dnaG_1 dnaG_2
[08:06:06] Fixed 2 duplicate /gene - accD_1 accD_2
[08:06:06] Fixed 4 duplicate /gene - pdxA2_1 pdxA2_2 pdxA2_3 pdxA2_4
[08:06:06] Fixed 4 duplicate /gene - potB_1 potB_2 potB_3 potB_4
[08:06:06] Fixed 2 duplicate /gene - cnbH_1 cnbH_2
[08:06:06] Fixed 2 duplicate /gene - pcm_1 pcm_2
[08:06:06] Fixed 2 duplicate /gene - purH_1 purH_2
[08:06:06] Fixed 2 duplicate /gene - rho_1 rho_2
[08:06:06] Fixed 2 duplicate /gene - atpF_1 atpF_2
[08:06:06] Fixed 2 duplicate /gene - coxS_1 coxS_2
[08:06:06] Fixed 5 duplicate /gene - puuC_1 puuC_2 puuC_3 puuC_4 puuC_5
[08:06:06] Fixed 2 duplicate /gene - acrC_1 acrC_2
[08:06:06] Fixed 2 duplicate /gene - rlhA_1 rlhA_2
[08:06:06] Fixed 5 duplicate /gene - pycA_1 pycA_2 pycA_3 pycA_4 pycA_5
[08:06:06] Fixed 2 duplicate /gene - sdaA_1 sdaA_2
[08:06:06] Fixed 2 duplicate /gene - spuD_1 spuD_2
[08:06:06] Fixed 2 duplicate /gene - ltnD_1 ltnD_2
[08:06:06] Fixed 2 duplicate /gene - yibF_1 yibF_2
[08:06:06] Fixed 2 duplicate /gene - def_1 def_2
[08:06:06] Fixed 2 duplicate /gene - copA_1 copA_2
[08:06:06] Fixed 2 duplicate /gene - fumC_1 fumC_2
[08:06:06] Fixed 3 duplicate /gene - fixK_1 fixK_2 fixK_3
[08:06:06] Fixed 3 duplicate /gene - uspF_1 uspF_2 uspF_3
[08:06:06] Fixed 2 duplicate /gene - uppS_1 uppS_2
[08:06:06] Fixed 2 duplicate /gene - purF_1 purF_2
[08:06:06] Fixed 4 duplicate /gene - dgoD_1 dgoD_2 dgoD_3 dgoD_4
[08:06:06] Fixed 2 duplicate /gene - nuoL_1 nuoL_2
[08:06:06] Fixed 2 duplicate /gene - yfiC_1 yfiC_2
[08:06:06] Fixed 2 duplicate /gene - betI_1 betI_2
[08:06:06] Fixed 2 duplicate /gene - xthA_1 xthA_2
[08:06:06] Fixed 2 duplicate /gene - phoR_1 phoR_2
[08:06:06] Fixed 4 duplicate /gene - puuB_1 puuB_2 puuB_3 puuB_4
[08:06:06] Fixed 2 duplicate /gene - ecm_1 ecm_2
[08:06:06] Fixed 3 duplicate /gene - QRSL1_1 QRSL1_2 QRSL1_3
[08:06:06] Fixed 3 duplicate /gene - rbsA_1 rbsA_2 rbsA_3
[08:06:06] Fixed 2 duplicate /gene - aspC_1 aspC_2
[08:06:06] Fixed 2 duplicate /gene - hisZ_1 hisZ_2
[08:06:06] Fixed 2 duplicate /gene - dctD_1 dctD_2
[08:06:06] Fixed 2 duplicate /gene - rnc_1 rnc_2
[08:06:06] Fixed 2 duplicate /gene - cckA_1 cckA_2
[08:06:06] Fixed 2 duplicate /gene - dmdB_1 dmdB_2
[08:06:06] Fixed 2 duplicate /gene - yfeW_1 yfeW_2
[08:06:06] Fixed 2 duplicate /gene - radA_1 radA_2
[08:06:06] Fixed 2 duplicate /gene - ribD_1 ribD_2
[08:06:06] Fixed 4 duplicate /gene - lysA_1 lysA_2 lysA_3 lysA_4
[08:06:06] Fixed 2 duplicate /gene - mtaB_1 mtaB_2
[08:06:06] Fixed 2 duplicate /gene - sfrB_1 sfrB_2
[08:06:06] Fixed 2 duplicate /gene - glyA_1 glyA_2
[08:06:06] Fixed 2 duplicate /gene - cutM_1 cutM_2
[08:06:06] Fixed 2 duplicate /gene - hisC_1 hisC_2
[08:06:06] Fixed 2 duplicate /gene - cobS_1 cobS_2
[08:06:06] Fixed 2 duplicate /gene - argH_1 argH_2
[08:06:06] Fixed 6 duplicate /gene - mtgB_1 mtgB_2 mtgB_3 mtgB_4 mtgB_5 mtgB_6
[08:06:06] Fixed 3 duplicate /gene - nadE_1 nadE_2 nadE_3
[08:06:06] Fixed 2 duplicate /gene - gph_1 gph_2
[08:06:06] Fixed 4 duplicate /gene - icd_1 icd_2 icd_3 icd_4
[08:06:06] Fixed 2 duplicate /gene - acdA_1 acdA_2
[08:06:06] Fixed 3 duplicate /gene - yfkN_1 yfkN_2 yfkN_3
[08:06:06] Fixed 2 duplicate /gene - mmsA_1 mmsA_2
[08:06:06] Fixed 2 duplicate /gene - narG_1 narG_2
[08:06:06] Fixed 2 duplicate /gene - wecA_1 wecA_2
[08:06:06] Fixed 3 duplicate /gene - argF_1 argF_2 argF_3
[08:06:06] Fixed 2 duplicate /gene - thiG_1 thiG_2
[08:06:06] Fixed 2 duplicate /gene - oppF_1 oppF_2
[08:06:06] Fixed 2 duplicate /gene - uvrB_1 uvrB_2
[08:06:06] Fixed 2 duplicate /gene - glxR_1 glxR_2
[08:06:06] Fixed 3 duplicate /gene - kynU_1 kynU_2 kynU_3
[08:06:06] Fixed 2 duplicate /gene - cysG_1 cysG_2
[08:06:06] Fixed 2 duplicate /gene - trpB_1 trpB_2
[08:06:06] Fixed 3 duplicate /gene - coxM_1 coxM_2 coxM_3
[08:06:06] Fixed 2 duplicate /gene - siaT_1 siaT_2
[08:06:06] Fixed 2 duplicate /gene - cspA_1 cspA_2
[08:06:06] Fixed 3 duplicate /gene - hmrR_1 hmrR_2 hmrR_3
[08:06:06] Fixed 2 duplicate /gene - nqo5_1 nqo5_2
[08:06:06] Fixed 2 duplicate /gene - pncC_1 pncC_2
[08:06:06] Fixed 2 duplicate /gene - curA_1 curA_2
[08:06:06] Fixed 2 duplicate /gene - mnmE_1 mnmE_2
[08:06:06] Fixed 3 duplicate /gene - ald_1 ald_2 ald_3
[08:06:06] Fixed 2 duplicate /gene - kbl_1 kbl_2
[08:06:06] Fixed 2 duplicate /gene - COQ5_1 COQ5_2
[08:06:06] Fixed 2 duplicate /gene - glpR_1 glpR_2
[08:06:06] Fixed 2 duplicate /gene - pdhB_1 pdhB_2
[08:06:06] Fixed 3 duplicate /gene - fruK_1 fruK_2 fruK_3
[08:06:06] Fixed 2 duplicate /gene - dnaJ_1 dnaJ_2
[08:06:06] Fixed 2 duplicate /gene - yheS_1 yheS_2
[08:06:06] Fixed 3 duplicate /gene - spuC_1 spuC_2 spuC_3
[08:06:06] Fixed 2 duplicate /gene - serA_1 serA_2
[08:06:06] Fixed 2 duplicate /gene - cobA_1 cobA_2
[08:06:06] Fixed 2 duplicate /gene - trpC_1 trpC_2
[08:06:06] Fixed 2 duplicate /gene - flhA_1 flhA_2
[08:06:06] Fixed 2 duplicate /gene - hemA_1 hemA_2
[08:06:06] Fixed 2 duplicate /gene - bioA_1 bioA_2
[08:06:06] Fixed 2 duplicate /gene - tyrS_1 tyrS_2
[08:06:06] Fixed 2 duplicate /gene - mdh_1 mdh_2
[08:06:06] Fixed 2 duplicate /gene - mfd_1 mfd_2
[08:06:06] Fixed 2 duplicate /gene - ychF_1 ychF_2
[08:06:06] Fixed 2 duplicate /gene - cfa_1 cfa_2
[08:06:06] Fixed 2 duplicate /gene - mnmA_1 mnmA_2
[08:06:06] Fixed 4 duplicate /gene - ydcV_1 ydcV_2 ydcV_3 ydcV_4
[08:06:06] Fixed 2 duplicate /gene - murE_1 murE_2
[08:06:06] Fixed 2 duplicate /gene - aroB_1 aroB_2
[08:06:06] Fixed 2 duplicate /gene - malK_1 malK_2
[08:06:06] Fixed 3 duplicate /gene - mobA_1 mobA_2 mobA_3
[08:06:06] Fixed 2 duplicate /gene - yedI_1 yedI_2
[08:06:06] Fixed 2 duplicate /gene - bauA_1 bauA_2
[08:06:06] Fixed 3 duplicate /gene - livF_1 livF_2 livF_3
[08:06:06] Fixed 2 duplicate /gene - nqrA_1 nqrA_2
[08:06:06] Fixed 2 duplicate /gene - paaG_1 paaG_2
[08:06:06] Fixed 2 duplicate /gene - meh_1 meh_2
[08:06:06] Fixed 2 duplicate /gene - ppdK_1 ppdK_2
[08:06:06] Fixed 2 duplicate /gene - emrE_1 emrE_2
[08:06:06] Fixed 2 duplicate /gene - ctaA_1 ctaA_2
[08:06:06] Fixed 2 duplicate /gene - atpG_1 atpG_2
[08:06:06] Fixed 2 duplicate /gene - idnD_1 idnD_2
[08:06:06] Fixed 2 duplicate /gene - pepN_1 pepN_2
[08:06:06] Fixed 4 duplicate /gene - gno_1 gno_2 gno_3 gno_4
[08:06:06] Fixed 2 duplicate /gene - rsmB_1 rsmB_2
[08:06:06] Fixed 2 duplicate /gene - glnQ_1 glnQ_2
[08:06:06] Fixed 3 duplicate /gene - lptB_1 lptB_2 lptB_3
[08:06:06] Fixed 2 duplicate /gene - oppC_1 oppC_2
[08:06:06] Fixed 2 duplicate /gene - uvrA_1 uvrA_2
[08:06:06] Fixed 2 duplicate /gene - guaD_1 guaD_2
[08:06:06] Fixed 2 duplicate /gene - glyA2_1 glyA2_2
[08:06:06] Fixed 2 duplicate /gene - pfkB_1 pfkB_2
[08:06:06] Fixed 3 duplicate /gene - livH_1 livH_2 livH_3
[08:06:06] Fixed 3 duplicate /gene - menE_1 menE_2 menE_3
[08:06:06] Fixed 2 duplicate /gene - glpE_1 glpE_2
[08:06:06] Fixed 2 duplicate /gene - mreB_1 mreB_2
[08:06:06] Fixed 2 duplicate /gene - nosD_1 nosD_2
[08:06:06] Fixed 2 duplicate /gene - fbp_1 fbp_2
[08:06:06] Fixed 2 duplicate /gene - rbsC_1 rbsC_2
[08:06:06] Fixed 2 duplicate /gene - mtgA_1 mtgA_2
[08:06:06] Fixed 4 duplicate /gene - gsiD_1 gsiD_2 gsiD_3 gsiD_4
[08:06:06] Fixed 2 duplicate /gene - mnmC_1 mnmC_2
[08:06:06] Fixed 4 duplicate /gene - gcvA_1 gcvA_2 gcvA_3 gcvA_4
[08:06:06] Fixed 2 duplicate /gene - queG_1 queG_2
[08:06:06] Fixed 2 duplicate /gene - rlmB_1 rlmB_2
[08:06:06] Fixed 2 duplicate /gene - deoC_1 deoC_2
[08:06:06] Fixed 2 duplicate /gene - ftsA_1 ftsA_2
[08:06:06] Fixed 2 duplicate /gene - ilvE_1 ilvE_2
[08:06:06] Fixed 9 duplicate /gene - abo_1 abo_2 abo_3 abo_4 abo_5 abo_6 abo_7 abo_8 abo_9
[08:06:06] Fixed 2 duplicate /gene - tauR_1 tauR_2
[08:06:06] Fixed 2 duplicate /gene - ispG_1 ispG_2
[08:06:06] Fixed 2 duplicate /gene - adh1_1 adh1_2
[08:06:06] Fixed 2 duplicate /gene - serC_1 serC_2
[08:06:06] Fixed 2 duplicate /gene - thrS_1 thrS_2
[08:06:06] Fixed 2 duplicate /gene - iscS_1 iscS_2
[08:06:06] Fixed 2 duplicate /gene - ywrD_1 ywrD_2
[08:06:06] Fixed 2 duplicate /gene - ftsH_1 ftsH_2
[08:06:06] Fixed 2 duplicate /gene - davD_1 davD_2
[08:06:06] Fixed 2 duplicate /gene - groL_1 groL_2
[08:06:06] Fixed 2 duplicate /gene - pnp_1 pnp_2
[08:06:06] Fixed 3 duplicate /gene - gltD_1 gltD_2 gltD_3
[08:06:06] Fixed 2 duplicate /gene - rspR_1 rspR_2
[08:06:06] Fixed 4 duplicate /gene - apc4_1 apc4_2 apc4_3 apc4_4
[08:06:06] Fixed 2 duplicate /gene - hemB_1 hemB_2
[08:06:06] Fixed 2 duplicate /gene - asrB_1 asrB_2
[08:06:06] Fixed 6 duplicate /gene - fabG_1 fabG_2 fabG_3 fabG_4 fabG_5 fabG_6
[08:06:06] Fixed 3 duplicate /gene - dctM_1 dctM_2 dctM_3
[08:06:06] Fixed 7 duplicate /gene - apc3_1 apc3_2 apc3_3 apc3_4 apc3_5 apc3_6 apc3_7
[08:06:06] Fixed 3 duplicate /gene - dgkA_1 dgkA_2 dgkA_3
[08:06:06] Fixed 5 duplicate /gene - soxA_1 soxA_2 soxA_3 soxA_4 soxA_5
[08:06:06] Fixed 3 duplicate /gene - fadJ_1 fadJ_2 fadJ_3
[08:06:06] Fixed 3 duplicate /gene - uctC_1 uctC_2 uctC_3
[08:06:06] Fixed 2 duplicate /gene - glnD_1 glnD_2
[08:06:06] Fixed 2 duplicate /gene - ntrC_1 ntrC_2
[08:06:06] Fixed 2 duplicate /gene - mdoC_1 mdoC_2
[08:06:06] Fixed 2 duplicate /gene - accA1_1 accA1_2
[08:06:06] Fixed 4 duplicate /gene - lrp_1 lrp_2 lrp_3 lrp_4
[08:06:06] Fixed 8 duplicate /gene - xerC_1 xerC_2 xerC_3 xerC_4 xerC_5 xerC_6 xerC_7 xerC_8
[08:06:06] Fixed 5 duplicate /gene - oppD_1 oppD_2 oppD_3 oppD_4 oppD_5
[08:06:06] Fixed 4 duplicate /gene - kce_1 kce_2 kce_3 kce_4
[08:06:06] Fixed 7 duplicate /gene - potA_1 potA_2 potA_3 potA_4 potA_5 potA_6 potA_7
[08:06:06] Fixed 2 duplicate /gene - fhs_1 fhs_2
[08:06:06] Fixed 7 duplicate /gene - tmd_1 tmd_2 tmd_3 tmd_4 tmd_5 tmd_6 tmd_7
[08:06:06] Fixed 3 duplicate /gene - potH_1 potH_2 potH_3
[08:06:06] Fixed 2 duplicate /gene - tusE_1 tusE_2
[08:06:06] Fixed 2 duplicate /gene - sdcS_1 sdcS_2
[08:06:06] Fixed 2 duplicate /gene - dusB_1 dusB_2
[08:06:06] Fixed 2 duplicate /gene - flgG_1 flgG_2
[08:06:06] Fixed 2 duplicate /gene - ispB_1 ispB_2
[08:06:06] Fixed 2 duplicate /gene - mmgC_1 mmgC_2
[08:06:06] Fixed 4 duplicate /gene - carA_1 carA_2 carA_3 carA_4
[08:06:06] Fixed 2 duplicate /gene - gyrA_1 gyrA_2
[08:06:06] Fixed 3 duplicate /gene - fadB_1 fadB_2 fadB_3
[08:06:06] Fixed 2 duplicate /gene - ybeZ_1 ybeZ_2
[08:06:06] Fixed 2 duplicate /gene - mdtC_1 mdtC_2
[08:06:06] Fixed 3 duplicate /gene - pgi_1 pgi_2 pgi_3
[08:06:06] Fixed 2 duplicate /gene - ipuC_1 ipuC_2
[08:06:06] Fixed 2 duplicate /gene - puuE_1 puuE_2
[08:06:06] Fixed 2 duplicate /gene - rutR_1 rutR_2
[08:06:06] Fixed 4 duplicate /gene - polA_1 polA_2 polA_3 polA_4
[08:06:06] Fixed 3 duplicate /gene - phaC_1 phaC_2 phaC_3
[08:06:06] Fixed 3 duplicate /gene - tsaC1_1 tsaC1_2 tsaC1_3
[08:06:06] Fixed 4 duplicate /gene - sasA_1 sasA_2 sasA_3 sasA_4
[08:06:06] Fixed 3 duplicate /gene - speB_1 speB_2 speB_3
[08:06:06] Fixed 3 duplicate /gene - dnaE1_1 dnaE1_2 dnaE1_3
[08:06:06] Fixed 2 duplicate /gene - coaX_1 coaX_2
[08:06:06] Fixed 2 duplicate /gene - ruvB_1 ruvB_2
[08:06:06] Fixed 4 duplicate /gene - puuA_1 puuA_2 puuA_3 puuA_4
[08:06:06] Fixed 2 duplicate /gene - kefC_1 kefC_2
[08:06:06] Fixed 3 duplicate /gene - thadh_1 thadh_2 thadh_3
[08:06:06] Fixed 2 duplicate /gene - thiE_1 thiE_2
[08:06:06] Fixed 2 duplicate /gene - metH_1 metH_2
[08:06:06] Fixed 2 duplicate /gene - smtB_1 smtB_2
[08:06:06] Fixed 4 duplicate /gene - gltB_1 gltB_2 gltB_3 gltB_4
[08:06:06] Fixed 2 duplicate /gene - atpB_1 atpB_2
[08:06:06] Fixed 2 duplicate /gene - ccmE_1 ccmE_2
[08:06:06] Fixed 4 duplicate /gene - lcfB_1 lcfB_2 lcfB_3 lcfB_4
[08:06:06] Fixed 2 duplicate /gene - gntR_1 gntR_2
[08:06:06] Fixed 3 duplicate /gene - pyrG_1 pyrG_2 pyrG_3
[08:06:06] Fixed 2 duplicate /gene - ccmF_1 ccmF_2
[08:06:06] Fixed 241 colliding /gene names.
[08:06:06] Adding /locus_tag identifiers
[08:06:06] Assigned 3290 locus_tags to CDS and RNA features.
[08:06:06] Writing outputs to ../../Data/Chen_Analysis/Prokka/Bacteria/GOMC.bin.10212/
[08:06:06] Generating annotation statistics file
[08:06:06] Generating Genbank and Sequin files
[08:06:06] Running: tbl2asn -V b -a r10k -l paired-ends -M n -N 1 -y 'Annotated using prokka 1.14.6 from https://github.com/tseemann/prokka' -Z \.\.\/\.\.\/Data\/Chen_Analysis\/Prokka\/Bacteria\/GOMC\.bin\.10212\/GOMC\.bin\.10212\.err -i \.\.\/\.\.\/Data\/Chen_Analysis\/Prokka\/Bacteria\/GOMC\.bin\.10212\/GOMC\.bin\.10212\.fsa 2> /dev/null
[08:06:10] Deleting unwanted file: ../../Data/Chen_Analysis/Prokka/Bacteria/GOMC.bin.10212/errorsummary.val
[08:06:10] Deleting unwanted file: ../../Data/Chen_Analysis/Prokka/Bacteria/GOMC.bin.10212/GOMC.bin.10212.dr
[08:06:10] Deleting unwanted file: ../../Data/Chen_Analysis/Prokka/Bacteria/GOMC.bin.10212/GOMC.bin.10212.fixedproducts
[08:06:10] Deleting unwanted file: ../../Data/Chen_Analysis/Prokka/Bacteria/GOMC.bin.10212/GOMC.bin.10212.ecn
[08:06:10] Deleting unwanted file: ../../Data/Chen_Analysis/Prokka/Bacteria/GOMC.bin.10212/GOMC.bin.10212.val
[08:06:10] Repairing broken .GBK output that tbl2asn produces...
[08:06:10] Running: sed 's/COORDINATES: profile/COORDINATES:profile/' < \.\.\/\.\.\/Data\/Chen_Analysis\/Prokka\/Bacteria\/GOMC\.bin\.10212\/GOMC\.bin\.10212\.gbf > \.\.\/\.\.\/Data\/Chen_Analysis\/Prokka\/Bacteria\/GOMC\.bin\.10212\/GOMC\.bin\.10212\.gbk
[08:06:10] Deleting unwanted file: ../../Data/Chen_Analysis/Prokka/Bacteria/GOMC.bin.10212/GOMC.bin.10212.gbf
[08:06:10] Output files:
[08:06:10] ../../Data/Chen_Analysis/Prokka/Bacteria/GOMC.bin.10212/GOMC.bin.10212.sqn
[08:06:10] ../../Data/Chen_Analysis/Prokka/Bacteria/GOMC.bin.10212/GOMC.bin.10212.fna
[08:06:10] ../../Data/Chen_Analysis/Prokka/Bacteria/GOMC.bin.10212/GOMC.bin.10212.gbk
[08:06:10] ../../Data/Chen_Analysis/Prokka/Bacteria/GOMC.bin.10212/GOMC.bin.10212.err
[08:06:10] ../../Data/Chen_Analysis/Prokka/Bacteria/GOMC.bin.10212/GOMC.bin.10212.txt
[08:06:10] ../../Data/Chen_Analysis/Prokka/Bacteria/GOMC.bin.10212/GOMC.bin.10212.tsv
[08:06:10] ../../Data/Chen_Analysis/Prokka/Bacteria/GOMC.bin.10212/GOMC.bin.10212.tbl
[08:06:10] ../../Data/Chen_Analysis/Prokka/Bacteria/GOMC.bin.10212/GOMC.bin.10212.fsa
[08:06:10] ../../Data/Chen_Analysis/Prokka/Bacteria/GOMC.bin.10212/GOMC.bin.10212.faa
[08:06:10] ../../Data/Chen_Analysis/Prokka/Bacteria/GOMC.bin.10212/GOMC.bin.10212.ffn
[08:06:10] ../../Data/Chen_Analysis/Prokka/Bacteria/GOMC.bin.10212/GOMC.bin.10212.gff
[08:06:10] ../../Data/Chen_Analysis/Prokka/Bacteria/GOMC.bin.10212/GOMC.bin.10212.log
[08:06:10] Annotation finished successfully.
[08:06:10] Walltime used: 1.05 minutes
[08:06:10] If you use this result please cite the Prokka paper:
[08:06:10] Seemann T (2014) Prokka: rapid prokaryotic genome annotation. Bioinformatics. 30(14):2068-9.
[08:06:10] Type 'prokka --citation' for more details.
[08:06:10] Share and enjoy!
