[07:21:13] This is prokka 1.14.6
[07:21:13] Written by Torsten Seemann <torsten.seemann@gmail.com>
[07:21:13] Homepage is https://github.com/tseemann/prokka
[07:21:13] Local time is Mon Dec  1 07:21:13 2025
[07:21:13] You are joao_facio
[07:21:13] Operating system is linux
[07:21:13] You have BioPerl 1.7.8
[07:21:13] System has 12 cores.
[07:21:13] Will use maximum of 4 cores.
[07:21:13] Annotating as >>> Archaea <<<
[07:21:13] Generating locus_tag from '/tmp/tmp6gns85ah/GOMC.bin.7012.fa' contents.
[07:21:13] Setting --locustag GCENAJPK from MD5 0ce7a394c4798fdb79e757370c90e8a1
[07:21:13] Creating new output folder: ../../Data/Chen_Analysis/Prokka/Archaea/GOMC.bin.7012
[07:21:13] Running: mkdir -p \.\.\/\.\.\/Data\/Chen_Analysis\/Prokka\/Archaea\/GOMC\.bin\.7012
[07:21:13] Using filename prefix: GOMC.bin.7012.XXX
[07:21:13] Setting HMMER_NCPU=1
[07:21:13] Writing log to: ../../Data/Chen_Analysis/Prokka/Archaea/GOMC.bin.7012/GOMC.bin.7012.log
[07:21:13] Command: /home/joao_facio/miniconda3/envs/prokka/bin/prokka --outdir ../../Data/Chen_Analysis/Prokka/Archaea/GOMC.bin.7012 --prefix GOMC.bin.7012 --kingdom Archaea --genus Nitrosopelagicus --strain GOMC.bin.7012 --cpus 4 --force /tmp/tmp6gns85ah/GOMC.bin.7012.fa
[07:21:13] Appending to PATH: /home/joao_facio/miniconda3/envs/prokka/bin
[07:21:13] Looking for 'aragorn' - found /home/joao_facio/miniconda3/envs/prokka/bin/aragorn
[07:21:13] Determined aragorn version is 001002 from 'ARAGORN v1.2.41 Dean Laslett'
[07:21:13] Looking for 'barrnap' - found /home/joao_facio/miniconda3/envs/prokka/bin/barrnap
[07:21:13] Determined barrnap version is 000009 from 'barrnap 0.9'
[07:21:13] Looking for 'blastp' - found /home/joao_facio/miniconda3/envs/prokka/bin/blastp
[07:21:13] Determined blastp version is 002016 from 'blastp: 2.16.0+'
[07:21:13] Looking for 'cmpress' - found /home/joao_facio/miniconda3/envs/prokka/bin/cmpress
[07:21:13] Determined cmpress version is 001001 from '# INFERNAL 1.1.5 (Sep 2023)'
[07:21:13] Looking for 'cmscan' - found /home/joao_facio/miniconda3/envs/prokka/bin/cmscan
[07:21:13] Determined cmscan version is 001001 from '# INFERNAL 1.1.5 (Sep 2023)'
[07:21:13] Looking for 'egrep' - found /usr/bin/egrep
[07:21:13] Looking for 'find' - found /usr/bin/find
[07:21:13] Looking for 'grep' - found /usr/bin/grep
[07:21:13] Looking for 'hmmpress' - found /home/joao_facio/miniconda3/envs/prokka/bin/hmmpress
[07:21:13] Determined hmmpress version is 003004 from '# HMMER 3.4 (Aug 2023); http://hmmer.org/'
[07:21:13] Looking for 'hmmscan' - found /home/joao_facio/miniconda3/envs/prokka/bin/hmmscan
[07:21:13] Determined hmmscan version is 003004 from '# HMMER 3.4 (Aug 2023); http://hmmer.org/'
[07:21:13] Looking for 'java' - found /home/joao_facio/miniconda3/envs/prokka/bin/java
[07:21:13] Looking for 'makeblastdb' - found /home/joao_facio/miniconda3/envs/prokka/bin/makeblastdb
[07:21:13] Determined makeblastdb version is 002016 from 'makeblastdb: 2.16.0+'
[07:21:13] Looking for 'minced' - found /home/joao_facio/miniconda3/envs/prokka/bin/minced
[07:21:14] Determined minced version is 004002 from 'minced 0.4.2'
[07:21:14] Looking for 'parallel' - found /home/joao_facio/miniconda3/envs/prokka/bin/parallel
[07:21:14] Determined parallel version is 20251122 from 'GNU parallel 20251122'
[07:21:14] Looking for 'prodigal' - found /home/joao_facio/miniconda3/envs/prokka/bin/prodigal
[07:21:14] Determined prodigal version is 002006 from 'Prodigal V2.6.3: February, 2016'
[07:21:14] Looking for 'prokka-genbank_to_fasta_db' - found /home/joao_facio/miniconda3/envs/prokka/bin/prokka-genbank_to_fasta_db
[07:21:14] Looking for 'sed' - found /usr/bin/sed
[07:21:14] Looking for 'tbl2asn' - found /home/joao_facio/miniconda3/envs/prokka/bin/tbl2asn
[07:21:14] Determined tbl2asn version is 025007 from 'tbl2asn 25.7   arguments:'
[07:21:14] Using genetic code table 11.
[07:21:14] Loading and checking input file: /tmp/tmp6gns85ah/GOMC.bin.7012.fa
[07:21:14] Wrote 198 contigs totalling 681100 bp.
[07:21:14] Predicting tRNAs and tmRNAs
[07:21:14] Running: aragorn -l -gc11  -w \.\.\/\.\.\/Data\/Chen_Analysis\/Prokka\/Archaea\/GOMC\.bin\.7012\/GOMC\.bin\.7012\.fna
[07:21:14] 1 tRNA-Cys c[10,81] 33 (gca)
[07:21:14] 1 tRNA-Thr c[933,1006] 35 (ggt)
[07:21:14] 2 tRNA-Ile c[2638,2712] 36 (gat)
[07:21:14] 3 tRNA-Ala [3385,3461] 35 (tgc)
[07:21:14] 1 tRNA-Leu c[3058,3145] 37 (cag)
[07:21:14] 1 tRNA-Phe c[2458,2533] 36 (gaa)
[07:21:14] 1 tRNA-Ser c[12,98] 35 (gct)
[07:21:14] 1 tRNA-Lys c[5063,5137] 35 (ttt)
[07:21:14] 2 tRNA-Asp [5234,5311] 37 (gtc)
[07:21:14] 1 tRNA-Gly c[6081,6155] 36 (ccc)
[07:21:14] 1 tRNA-Gly c[4843,4919] 37 (tcc)
[07:21:14] 1 tRNA-Glu c[2,76] 37 (ctc)
[07:21:14] 1 tRNA-Ser [1177,1262] 36 (tga)
[07:21:14] 1 tRNA-Asn [1017,1091] 35 (gtt)
[07:21:14] 1 tRNA-Ala c[2477,2549] 33 (cgc)
[07:21:14] 1 tRNA-Val c[2798,2874] 37 (cac)
[07:21:14] 1 tRNA-Gln c[3610,3682] 34 (ctg)
[07:21:14] 1 tRNA-Leu [2974,3061] 37 (gag)
[07:21:14] 1 tRNA-Ala c[2549,2625] 35 (ggc)
[07:21:14] 1 tRNA-His [2909,2982] 34 (gtg)
[07:21:14] 1 tRNA-Pro c[2150,2224] 36 (ggg)
[07:21:14] 1 tRNA-Thr [29,103] 36 (tgt)
[07:21:14] Found 22 tRNAs
[07:21:14] Predicting Ribosomal RNAs
[07:21:14] Running Barrnap with 4 threads
[07:21:14] 1 k141_786165 1291 5S ribosomal RNA
[07:21:14] Found 1 rRNAs
[07:21:14] Skipping ncRNA search, enable with --rfam if desired.
[07:21:14] Total of 23 tRNA + rRNA features
[07:21:14] Searching for CRISPR repeats
[07:21:14] Found 0 CRISPRs
[07:21:14] Predicting coding sequences
[07:21:14] Contigs total 681100 bp, so using single mode
[07:21:14] Running: prodigal -i \.\.\/\.\.\/Data\/Chen_Analysis\/Prokka\/Archaea\/GOMC\.bin\.7012\/GOMC\.bin\.7012\.fna -c -m -g 11 -p single -f sco -q
[07:21:14] Excluding CDS which overlaps existing RNA (tRNA) at k141_786165:3586..3765 on + strand
[07:21:14] Found 850 CDS
[07:21:14] Connecting features back to sequences
[07:21:14] Not using genus-specific database. Try --usegenus to enable it.
[07:21:14] Annotating CDS, please be patient.
[07:21:14] Will use 4 CPUs for similarity searching.
[07:21:14] There are still 850 unannotated CDS left (started with 850)
[07:21:14] Will use blast to search against /home/joao_facio/miniconda3/envs/prokka/db/kingdom/Archaea/sprot with 4 CPUs
[07:21:14] Running: cat \.\.\/\.\.\/Data\/Chen_Analysis\/Prokka\/Archaea\/GOMC\.bin\.7012\/GOMC\.bin\.7012\.sprot\.tmp\.3076998\.faa | parallel --gnu --plain -j 4 --block 22697 --recstart '>' --pipe blastp -query - -db /home/joao_facio/miniconda3/envs/prokka/db/kingdom/Archaea/sprot -evalue 1e-09 -qcov_hsp_perc 80 -num_threads 1 -num_descriptions 1 -num_alignments 1 -seg no > \.\.\/\.\.\/Data\/Chen_Analysis\/Prokka\/Archaea\/GOMC\.bin\.7012\/GOMC\.bin\.7012\.sprot\.tmp\.3076998\.blast 2> /dev/null
[07:21:16] Modify product: Uncharacterized ABC transporter ATP-binding protein MJ0796 => putative ABC transporter ATP-binding protein
[07:21:16] Modify product: Putative ammonium transporter MJ1343 => Putative ammonium transporter
[07:21:16] Modify product: UPF0107 protein AF_0055 => hypothetical protein
[07:21:16] Modify product: Uncharacterized protein MJ1225 => putative protein
[07:21:16] Modify product: DNA-binding protein SSO0352 => DNA-binding protein
[07:21:16] Modify product: Uncharacterized HTH-type transcriptional regulator PH0140 => putative HTH-type transcriptional regulator
[07:21:16] Modify product: Probable tRNA pseudouridine synthase B => putative tRNA pseudouridine synthase B
[07:21:16] Modify product: Probable transaldolase => putative transaldolase
[07:21:16] Modify product: Ribosome maturation protein SDO1 homolog => Ribosome maturation protein SDO1 
[07:21:16] Modify product: Probable tRNA pseudouridine synthase D => putative tRNA pseudouridine synthase D
[07:21:16] Modify product: Probable deoxyhypusine synthase => putative deoxyhypusine synthase
[07:21:16] Modify product: Uncharacterized KH and PIN-domain containing protein MJ1533 => putative KH and PIN-domain containing protein
[07:21:16] Modify product: Probable hydrogenase maturation factor HypB => putative hydrogenase maturation factor HypB
[07:21:16] Modify product: UPF0215 protein AF_1433 => hypothetical protein
[07:21:16] Modify product: Probable translation initiation factor IF-2 => putative translation initiation factor IF-2
[07:21:16] Modify product: Bifunctional protein FolD => Bifunctional protein FolD protein
[07:21:16] Modify product: RNA-binding protein PAB1135 => RNA-binding protein
[07:21:16] Modify product: Probable adenylyl-sulfate kinase => putative adenylyl-sulfate kinase
[07:21:16] Modify product: UPF0147 protein Ta0600 => hypothetical protein
[07:21:16] Cleaned 19 /product names
[07:21:16] Deleting unwanted file: ../../Data/Chen_Analysis/Prokka/Archaea/GOMC.bin.7012/GOMC.bin.7012.sprot.tmp.3076998.faa
[07:21:16] Deleting unwanted file: ../../Data/Chen_Analysis/Prokka/Archaea/GOMC.bin.7012/GOMC.bin.7012.sprot.tmp.3076998.blast
[07:21:16] There are still 629 unannotated CDS left (started with 850)
[07:21:16] Will use hmmer3 to search against /home/joao_facio/miniconda3/envs/prokka/db/hmm/HAMAP.hmm with 4 CPUs
[07:21:16] Running: cat \.\.\/\.\.\/Data\/Chen_Analysis\/Prokka\/Archaea\/GOMC\.bin\.7012\/GOMC\.bin\.7012\.HAMAP\.hmm\.tmp\.3076998\.faa | parallel --gnu --plain -j 4 --block 15162 --recstart '>' --pipe hmmscan --noali --notextw --acc -E 1e-09 --cpu 1 /home/joao_facio/miniconda3/envs/prokka/db/hmm/HAMAP.hmm /dev/stdin > \.\.\/\.\.\/Data\/Chen_Analysis\/Prokka\/Archaea\/GOMC\.bin\.7012\/GOMC\.bin\.7012\.HAMAP\.hmm\.tmp\.3076998\.hmmer3 2> /dev/null
[07:21:21] Modify product: Uncharacterized Nudix hydrolase NudL => putative Nudix hydrolase NudL
[07:21:21] Cleaned 1 /product names
[07:21:21] Deleting unwanted file: ../../Data/Chen_Analysis/Prokka/Archaea/GOMC.bin.7012/GOMC.bin.7012.HAMAP.hmm.tmp.3076998.faa
[07:21:21] Deleting unwanted file: ../../Data/Chen_Analysis/Prokka/Archaea/GOMC.bin.7012/GOMC.bin.7012.HAMAP.hmm.tmp.3076998.hmmer3
[07:21:21] Labelling remaining 510 proteins as 'hypothetical protein'
[07:21:21] Possible /pseudo 'Fused isobutyryl-CoA mutase' at k141_86397 position 8856
[07:21:21] Possible /pseudo 'Fused isobutyryl-CoA mutase' at k141_86397 position 9853
[07:21:21] Found 246 unique /gene codes.
[07:21:21] Fixed 2 duplicate /gene - tbp_1 tbp_2
[07:21:21] Fixed 2 duplicate /gene - dnaJ_1 dnaJ_2
[07:21:21] Fixed 2 duplicate /gene - ribB_1 ribB_2
[07:21:21] Fixed 2 duplicate /gene - COQ5_1 COQ5_2
[07:21:21] Fixed 2 duplicate /gene - pyrB_1 pyrB_2
[07:21:21] Fixed 2 duplicate /gene - prs_1 prs_2
[07:21:21] Fixed 2 duplicate /gene - lysX_1 lysX_2
[07:21:21] Fixed 3 duplicate /gene - resA_1 resA_2 resA_3
[07:21:21] Fixed 3 duplicate /gene - icmF_1 icmF_2 icmF_3
[07:21:21] Fixed 2 duplicate /gene - thyX_1 thyX_2
[07:21:21] Fixed 2 duplicate /gene - atpD_1 atpD_2
[07:21:21] Fixed 2 duplicate /gene - rutE_1 rutE_2
[07:21:21] Fixed 2 duplicate /gene - tssA_1 tssA_2
[07:21:21] Fixed 3 duplicate /gene - vgb_1 vgb_2 vgb_3
[07:21:21] Fixed 2 duplicate /gene - dbpA_1 dbpA_2
[07:21:21] Fixed 3 duplicate /gene - gyaR_1 gyaR_2 gyaR_3
[07:21:21] Fixed 2 duplicate /gene - lhgD_1 lhgD_2
[07:21:21] Fixed 2 duplicate /gene - hmp_1 hmp_2
[07:21:21] Fixed 2 duplicate /gene - OLA1_1 OLA1_2
[07:21:21] Fixed 2 duplicate /gene - tatA_1 tatA_2
[07:21:21] Fixed 2 duplicate /gene - cpoB_1 cpoB_2
[07:21:21] Fixed 2 duplicate /gene - atpA_1 atpA_2
[07:21:21] Fixed 2 duplicate /gene - ubiD_1 ubiD_2
[07:21:21] Fixed 2 duplicate /gene - metG_1 metG_2
[07:21:21] Fixed 3 duplicate /gene - cofH_1 cofH_2 cofH_3
[07:21:21] Fixed 2 duplicate /gene - ndhI_1 ndhI_2
[07:21:21] Fixed 2 duplicate /gene - tuf_1 tuf_2
[07:21:21] Fixed 2 duplicate /gene - atpB_1 atpB_2
[07:21:21] Fixed 2 duplicate /gene - cyoE_1 cyoE_2
[07:21:21] Fixed 29 colliding /gene names.
[07:21:21] Adding /locus_tag identifiers
[07:21:21] Assigned 873 locus_tags to CDS and RNA features.
[07:21:21] Writing outputs to ../../Data/Chen_Analysis/Prokka/Archaea/GOMC.bin.7012/
[07:21:21] Generating annotation statistics file
[07:21:21] Generating Genbank and Sequin files
[07:21:21] Running: tbl2asn -V b -a r10k -l paired-ends -M n -N 1 -y 'Annotated using prokka 1.14.6 from https://github.com/tseemann/prokka' -Z \.\.\/\.\.\/Data\/Chen_Analysis\/Prokka\/Archaea\/GOMC\.bin\.7012\/GOMC\.bin\.7012\.err -i \.\.\/\.\.\/Data\/Chen_Analysis\/Prokka\/Archaea\/GOMC\.bin\.7012\/GOMC\.bin\.7012\.fsa 2> /dev/null
[07:21:22] Deleting unwanted file: ../../Data/Chen_Analysis/Prokka/Archaea/GOMC.bin.7012/errorsummary.val
[07:21:22] Deleting unwanted file: ../../Data/Chen_Analysis/Prokka/Archaea/GOMC.bin.7012/GOMC.bin.7012.dr
[07:21:22] Deleting unwanted file: ../../Data/Chen_Analysis/Prokka/Archaea/GOMC.bin.7012/GOMC.bin.7012.fixedproducts
[07:21:22] Deleting unwanted file: ../../Data/Chen_Analysis/Prokka/Archaea/GOMC.bin.7012/GOMC.bin.7012.ecn
[07:21:22] Deleting unwanted file: ../../Data/Chen_Analysis/Prokka/Archaea/GOMC.bin.7012/GOMC.bin.7012.val
[07:21:22] Repairing broken .GBK output that tbl2asn produces...
[07:21:22] Running: sed 's/COORDINATES: profile/COORDINATES:profile/' < \.\.\/\.\.\/Data\/Chen_Analysis\/Prokka\/Archaea\/GOMC\.bin\.7012\/GOMC\.bin\.7012\.gbf > \.\.\/\.\.\/Data\/Chen_Analysis\/Prokka\/Archaea\/GOMC\.bin\.7012\/GOMC\.bin\.7012\.gbk
[07:21:22] Deleting unwanted file: ../../Data/Chen_Analysis/Prokka/Archaea/GOMC.bin.7012/GOMC.bin.7012.gbf
[07:21:22] Output files:
[07:21:22] ../../Data/Chen_Analysis/Prokka/Archaea/GOMC.bin.7012/GOMC.bin.7012.fna
[07:21:22] ../../Data/Chen_Analysis/Prokka/Archaea/GOMC.bin.7012/GOMC.bin.7012.ffn
[07:21:22] ../../Data/Chen_Analysis/Prokka/Archaea/GOMC.bin.7012/GOMC.bin.7012.txt
[07:21:22] ../../Data/Chen_Analysis/Prokka/Archaea/GOMC.bin.7012/GOMC.bin.7012.log
[07:21:22] ../../Data/Chen_Analysis/Prokka/Archaea/GOMC.bin.7012/GOMC.bin.7012.err
[07:21:22] ../../Data/Chen_Analysis/Prokka/Archaea/GOMC.bin.7012/GOMC.bin.7012.sqn
[07:21:22] ../../Data/Chen_Analysis/Prokka/Archaea/GOMC.bin.7012/GOMC.bin.7012.fsa
[07:21:22] ../../Data/Chen_Analysis/Prokka/Archaea/GOMC.bin.7012/GOMC.bin.7012.gbk
[07:21:22] ../../Data/Chen_Analysis/Prokka/Archaea/GOMC.bin.7012/GOMC.bin.7012.faa
[07:21:22] ../../Data/Chen_Analysis/Prokka/Archaea/GOMC.bin.7012/GOMC.bin.7012.gff
[07:21:22] ../../Data/Chen_Analysis/Prokka/Archaea/GOMC.bin.7012/GOMC.bin.7012.tsv
[07:21:22] ../../Data/Chen_Analysis/Prokka/Archaea/GOMC.bin.7012/GOMC.bin.7012.tbl
[07:21:22] Annotation finished successfully.
[07:21:22] Walltime used: 0.15 minutes
[07:21:22] If you use this result please cite the Prokka paper:
[07:21:22] Seemann T (2014) Prokka: rapid prokaryotic genome annotation. Bioinformatics. 30(14):2068-9.
[07:21:22] Type 'prokka --citation' for more details.
[07:21:22] Share and enjoy!
