[07:21:01] This is prokka 1.14.6
[07:21:01] Written by Torsten Seemann <torsten.seemann@gmail.com>
[07:21:01] Homepage is https://github.com/tseemann/prokka
[07:21:01] Local time is Mon Dec  1 07:21:01 2025
[07:21:01] You are joao_facio
[07:21:01] Operating system is linux
[07:21:01] You have BioPerl 1.7.8
[07:21:01] System has 12 cores.
[07:21:01] Will use maximum of 4 cores.
[07:21:01] Annotating as >>> Archaea <<<
[07:21:01] Generating locus_tag from '/tmp/tmp6gns85ah/GOMC.bin.3028.fa' contents.
[07:21:01] Setting --locustag OHMJFDAJ from MD5 8163fda374a314ff5bcb16cd8b1e01b8
[07:21:01] Creating new output folder: ../../Data/Chen_Analysis/Prokka/Archaea/GOMC.bin.3028
[07:21:01] Running: mkdir -p \.\.\/\.\.\/Data\/Chen_Analysis\/Prokka\/Archaea\/GOMC\.bin\.3028
[07:21:01] Using filename prefix: GOMC.bin.3028.XXX
[07:21:01] Setting HMMER_NCPU=1
[07:21:01] Writing log to: ../../Data/Chen_Analysis/Prokka/Archaea/GOMC.bin.3028/GOMC.bin.3028.log
[07:21:01] Command: /home/joao_facio/miniconda3/envs/prokka/bin/prokka --outdir ../../Data/Chen_Analysis/Prokka/Archaea/GOMC.bin.3028 --prefix GOMC.bin.3028 --kingdom Archaea --genus WYZ-LMO8 --strain GOMC.bin.3028 --cpus 4 --force /tmp/tmp6gns85ah/GOMC.bin.3028.fa
[07:21:01] Appending to PATH: /home/joao_facio/miniconda3/envs/prokka/bin
[07:21:01] Looking for 'aragorn' - found /home/joao_facio/miniconda3/envs/prokka/bin/aragorn
[07:21:01] Determined aragorn version is 001002 from 'ARAGORN v1.2.41 Dean Laslett'
[07:21:01] Looking for 'barrnap' - found /home/joao_facio/miniconda3/envs/prokka/bin/barrnap
[07:21:01] Determined barrnap version is 000009 from 'barrnap 0.9'
[07:21:01] Looking for 'blastp' - found /home/joao_facio/miniconda3/envs/prokka/bin/blastp
[07:21:01] Determined blastp version is 002016 from 'blastp: 2.16.0+'
[07:21:01] Looking for 'cmpress' - found /home/joao_facio/miniconda3/envs/prokka/bin/cmpress
[07:21:01] Determined cmpress version is 001001 from '# INFERNAL 1.1.5 (Sep 2023)'
[07:21:01] Looking for 'cmscan' - found /home/joao_facio/miniconda3/envs/prokka/bin/cmscan
[07:21:01] Determined cmscan version is 001001 from '# INFERNAL 1.1.5 (Sep 2023)'
[07:21:01] Looking for 'egrep' - found /usr/bin/egrep
[07:21:01] Looking for 'find' - found /usr/bin/find
[07:21:01] Looking for 'grep' - found /usr/bin/grep
[07:21:01] Looking for 'hmmpress' - found /home/joao_facio/miniconda3/envs/prokka/bin/hmmpress
[07:21:01] Determined hmmpress version is 003004 from '# HMMER 3.4 (Aug 2023); http://hmmer.org/'
[07:21:01] Looking for 'hmmscan' - found /home/joao_facio/miniconda3/envs/prokka/bin/hmmscan
[07:21:01] Determined hmmscan version is 003004 from '# HMMER 3.4 (Aug 2023); http://hmmer.org/'
[07:21:01] Looking for 'java' - found /home/joao_facio/miniconda3/envs/prokka/bin/java
[07:21:01] Looking for 'makeblastdb' - found /home/joao_facio/miniconda3/envs/prokka/bin/makeblastdb
[07:21:01] Determined makeblastdb version is 002016 from 'makeblastdb: 2.16.0+'
[07:21:01] Looking for 'minced' - found /home/joao_facio/miniconda3/envs/prokka/bin/minced
[07:21:01] Determined minced version is 004002 from 'minced 0.4.2'
[07:21:01] Looking for 'parallel' - found /home/joao_facio/miniconda3/envs/prokka/bin/parallel
[07:21:01] Determined parallel version is 20251122 from 'GNU parallel 20251122'
[07:21:01] Looking for 'prodigal' - found /home/joao_facio/miniconda3/envs/prokka/bin/prodigal
[07:21:01] Determined prodigal version is 002006 from 'Prodigal V2.6.3: February, 2016'
[07:21:01] Looking for 'prokka-genbank_to_fasta_db' - found /home/joao_facio/miniconda3/envs/prokka/bin/prokka-genbank_to_fasta_db
[07:21:01] Looking for 'sed' - found /usr/bin/sed
[07:21:01] Looking for 'tbl2asn' - found /home/joao_facio/miniconda3/envs/prokka/bin/tbl2asn
[07:21:01] Determined tbl2asn version is 025007 from 'tbl2asn 25.7   arguments:'
[07:21:01] Using genetic code table 11.
[07:21:01] Loading and checking input file: /tmp/tmp6gns85ah/GOMC.bin.3028.fa
[07:21:01] Wrote 574 contigs totalling 1075942 bp.
[07:21:01] Predicting tRNAs and tmRNAs
[07:21:01] Running: aragorn -l -gc11  -w \.\.\/\.\.\/Data\/Chen_Analysis\/Prokka\/Archaea\/GOMC\.bin\.3028\/GOMC\.bin\.3028\.fna
[07:21:02] 1 tRNA-Ser c[1560,1647] 35 (gct)
[07:21:02] 2 tRNA-Thr [1753,1828] 35 (tgt)
[07:21:02] 1 tRNA-Lys c[487,561] 35 (ttt)
[07:21:02] 1 tRNA-Arg c[2751,2826] 36 (tcg)
[07:21:02] 1 tRNA-Ala [2957,3033] 35 (ggc)
[07:21:02] 1 tRNA-Pyl c[4923,4989] 30 (cta)
[07:21:02] tRNA [1195,1284] is a pseudo/wacky gene - skipping.
[07:21:02] 1 tRNA-Lys [765,839] 35 (ctt)
[07:21:02] 1 tRNA-Ala c[965,1041] 35 (tgc)
[07:21:02] 1 tRNA-Thr c[110,184] 35 (cgt)
[07:21:02] 1 tRNA-Thr [174,273] 37 (cgt)
[07:21:02] Found 10 tRNAs
[07:21:02] Predicting Ribosomal RNAs
[07:21:02] Running Barrnap with 4 threads
[07:21:02] Found 0 rRNAs
[07:21:02] Skipping ncRNA search, enable with --rfam if desired.
[07:21:02] Total of 10 tRNA + rRNA features
[07:21:02] Searching for CRISPR repeats
[07:21:02] Found 0 CRISPRs
[07:21:02] Predicting coding sequences
[07:21:02] Contigs total 1075942 bp, so using single mode
[07:21:02] Running: prodigal -i \.\.\/\.\.\/Data\/Chen_Analysis\/Prokka\/Archaea\/GOMC\.bin\.3028\/GOMC\.bin\.3028\.fna -c -m -g 11 -p single -f sco -q
[07:21:02] Excluding CDS which overlaps existing RNA (tRNA) at SRR7051160_k53_139884_1:1545..1721 on - strand
[07:21:03] Found 1287 CDS
[07:21:03] Connecting features back to sequences
[07:21:03] Not using genus-specific database. Try --usegenus to enable it.
[07:21:03] Annotating CDS, please be patient.
[07:21:03] Will use 4 CPUs for similarity searching.
[07:21:03] There are still 1287 unannotated CDS left (started with 1287)
[07:21:03] Will use blast to search against /home/joao_facio/miniconda3/envs/prokka/db/kingdom/Archaea/sprot with 4 CPUs
[07:21:03] Running: cat \.\.\/\.\.\/Data\/Chen_Analysis\/Prokka\/Archaea\/GOMC\.bin\.3028\/GOMC\.bin\.3028\.sprot\.tmp\.3075631\.faa | parallel --gnu --plain -j 4 --block 30005 --recstart '>' --pipe blastp -query - -db /home/joao_facio/miniconda3/envs/prokka/db/kingdom/Archaea/sprot -evalue 1e-09 -qcov_hsp_perc 80 -num_threads 1 -num_descriptions 1 -num_alignments 1 -seg no > \.\.\/\.\.\/Data\/Chen_Analysis\/Prokka\/Archaea\/GOMC\.bin\.3028\/GOMC\.bin\.3028\.sprot\.tmp\.3075631\.blast 2> /dev/null
[07:21:04] Modify product: Uncharacterized HTH-type transcriptional regulator PH1519 => putative HTH-type transcriptional regulator
[07:21:04] Modify product: Uncharacterized ABC transporter ATP-binding protein MJ0796 => putative ABC transporter ATP-binding protein
[07:21:04] Modify product: Probable translation initiation factor IF-2 => putative translation initiation factor IF-2
[07:21:04] Modify product: Uncharacterized protein MJ1187 => putative protein
[07:21:04] Modify product: Protein Ta0487 => Protein
[07:21:04] Modify product: S-adenosyl-L-methionine-binding protein AF_0241 => S-adenosyl-L-methionine-binding protein
[07:21:04] Modify product: ATP-dependent DNA helicase Ta0057 => ATP-dependent DNA helicase
[07:21:04] Modify product: GPN-loop GTPase PAB0955 => GPN-loop GTPase
[07:21:04] Modify product: Putative translation initiation factor eIF-2B subunit 2-like => Putative translation initiation factor eIF-2B subunit 2-like protein
[07:21:04] Modify product: Probable deoxyhypusine synthase => putative deoxyhypusine synthase
[07:21:04] Modify product: UPF0215 protein AF_1433 => hypothetical protein
[07:21:04] Modify product: UPF0273 protein PH0284 => hypothetical protein
[07:21:04] Modify product: Probable branched-chain amino acid transport ATP-binding protein LivG => putative branched-chain amino acid transport ATP-binding protein LivG
[07:21:04] Modify product: Probable RNA 2'-phosphotransferase => putative RNA 2'-phosphotransferase
[07:21:04] Modify product: Uncharacterized protein PH0856 => putative protein
[07:21:04] Modify product: CRISPR system ring nuclease SSO1393 => CRISPR system ring nuclease
[07:21:04] Modify product: VapC ribonuclease PF0355 => VapC ribonuclease
[07:21:04] Modify product: Membrane-bound protease PH1510 => Membrane-bound protease
[07:21:04] Modify product: UPF0107 protein AF_0055 => hypothetical protein
[07:21:04] Modify product: UPF0200/UPF0201 protein AF_1395 => hypothetical protein
[07:21:04] Modify product: UPF0147 protein Ta0600 => hypothetical protein
[07:21:04] Modify product: Probable molybdopterin synthase => putative molybdopterin synthase
[07:21:04] Modify product: Damage-control phosphatase AF_1104 => Damage-control phosphatase
[07:21:04] Modify product: Probable tRNA pseudouridine synthase D => putative tRNA pseudouridine synthase D
[07:21:04] Modify product: Probable thymidylate kinase => putative thymidylate kinase
[07:21:04] Modify product: Uncharacterized protein MJ1225 => putative protein
[07:21:04] Modify product: Uncharacterized protein MJ1480 => putative protein
[07:21:04] Modify product: Probable bifunctional tRNA threonylcarbamoyladenosine biosynthesis protein => putative bifunctional tRNA threonylcarbamoyladenosine biosynthesis protein
[07:21:04] Modify product: Ribosome maturation protein SDO1 homolog => Ribosome maturation protein SDO1 
[07:21:04] Modify product: Uncharacterized HTH-type transcriptional regulator PH1519 => putative HTH-type transcriptional regulator
[07:21:04] Modify product: Uncharacterized protein MJ1225 => putative protein
[07:21:04] Modify product: Probable cyclic pyranopterin monophosphate synthase => putative cyclic pyranopterin monophosphate synthase
[07:21:04] Modify product: Uncharacterized KH and PIN-domain containing protein MJ1533 => putative KH and PIN-domain containing protein
[07:21:04] Modify product: Probable membrane-bound hydrogenase subunit mbhJ => putative membrane-bound hydrogenase subunit mbhJ
[07:21:04] Modify product: Zinc metalloprotease TldD homolog => Zinc metalloprotease TldD 
[07:21:04] Modify product: Probable translation initiation factor IF-2 => putative translation initiation factor IF-2
[07:21:04] Modify product: Uncharacterized nitrogen regulatory PII-like protein MJ0059 => putative nitrogen regulatory PII-like protein
[07:21:04] Modify product: Stomatin homolog PH1511 => Stomatin
[07:21:04] Modify product: Uncharacterized ABC transporter ATP-binding protein MJ0796 => putative ABC transporter ATP-binding protein
[07:21:04] Modify product: Probable tRNA pseudouridine synthase B => putative tRNA pseudouridine synthase B
[07:21:04] Modify product: Uncharacterized protein MJ1225 => putative protein
[07:21:04] Modify product: ADP-ribose glycohydrolase AF_1521 => ADP-ribose glycohydrolase
[07:21:04] Modify product: Phosphodiesterase MJ0936 => Phosphodiesterase
[07:21:04] Cleaned 43 /product names
[07:21:04] Deleting unwanted file: ../../Data/Chen_Analysis/Prokka/Archaea/GOMC.bin.3028/GOMC.bin.3028.sprot.tmp.3075631.faa
[07:21:04] Deleting unwanted file: ../../Data/Chen_Analysis/Prokka/Archaea/GOMC.bin.3028/GOMC.bin.3028.sprot.tmp.3075631.blast
[07:21:04] There are still 1003 unannotated CDS left (started with 1287)
[07:21:04] Will use hmmer3 to search against /home/joao_facio/miniconda3/envs/prokka/db/hmm/HAMAP.hmm with 4 CPUs
[07:21:04] Running: cat \.\.\/\.\.\/Data\/Chen_Analysis\/Prokka\/Archaea\/GOMC\.bin\.3028\/GOMC\.bin\.3028\.HAMAP\.hmm\.tmp\.3075631\.faa | parallel --gnu --plain -j 4 --block 21478 --recstart '>' --pipe hmmscan --noali --notextw --acc -E 1e-09 --cpu 1 /home/joao_facio/miniconda3/envs/prokka/db/hmm/HAMAP.hmm /dev/stdin > \.\.\/\.\.\/Data\/Chen_Analysis\/Prokka\/Archaea\/GOMC\.bin\.3028\/GOMC\.bin\.3028\.HAMAP\.hmm\.tmp\.3075631\.hmmer3 2> /dev/null
[07:21:12] Modify product: Uncharacterized MFS-type transporter YcaD => putative MFS-type transporter YcaD
[07:21:12] Cleaned 1 /product names
[07:21:12] Deleting unwanted file: ../../Data/Chen_Analysis/Prokka/Archaea/GOMC.bin.3028/GOMC.bin.3028.HAMAP.hmm.tmp.3075631.faa
[07:21:12] Deleting unwanted file: ../../Data/Chen_Analysis/Prokka/Archaea/GOMC.bin.3028/GOMC.bin.3028.HAMAP.hmm.tmp.3075631.hmmer3
[07:21:12] Labelling remaining 901 proteins as 'hypothetical protein'
[07:21:12] Possible /pseudo 'putative protein' at SRR7051160_k53_29723_1 position 922
[07:21:12] Possible /pseudo 'Trehalose synthase' at SRR7051160_k53_192701_1 position 1205
[07:21:12] Possible /pseudo 'Homocitrate synthase' at SRR7051160_k53_210769_1 position 493
[07:21:12] Possible /pseudo 'Imidazole glycerol phosphate synthase subunit HisF' at SRR7051160_k53_231695_1 position 890
[07:21:12] Possible /pseudo 'Monomethylamine methyltransferase MtmB1' at SRR7051160_k53_335231_1 position 8072
[07:21:12] Possible /pseudo 'Monomethylamine methyltransferase MtmB1' at SRR7051160_k53_448159_1 position 1862
[07:21:12] Possible /pseudo '5-formaminoimidazole-4-carboxamide-1-(beta)-D-ribofuranosyl 5'-monophosphate synthetase' at SRR7051160_k53_565409_1 position 350
[07:21:12] Found 254 unique /gene codes.
[07:21:12] Fixed 2 duplicate /gene - purP_1 purP_2
[07:21:12] Fixed 2 duplicate /gene - hisS_1 hisS_2
[07:21:12] Fixed 4 duplicate /gene - ndhI_1 ndhI_2 ndhI_3 ndhI_4
[07:21:12] Fixed 2 duplicate /gene - vapC_1 vapC_2
[07:21:12] Fixed 3 duplicate /gene - radA_1 radA_2 radA_3
[07:21:12] Fixed 2 duplicate /gene - for_1 for_2
[07:21:12] Fixed 2 duplicate /gene - glcV_1 glcV_2
[07:21:12] Fixed 3 duplicate /gene - COQ5_1 COQ5_2 COQ5_3
[07:21:12] Fixed 2 duplicate /gene - fbiB_1 fbiB_2
[07:21:12] Fixed 2 duplicate /gene - cysH_1 cysH_2
[07:21:12] Fixed 2 duplicate /gene - infB_1 infB_2
[07:21:12] Fixed 4 duplicate /gene - mtmB1_1 mtmB1_2 mtmB1_3 mtmB1_4
[07:21:12] Fixed 2 duplicate /gene - pqqE_1 pqqE_2
[07:21:12] Fixed 2 duplicate /gene - treT_1 treT_2
[07:21:12] Fixed 2 duplicate /gene - moaA_1 moaA_2
[07:21:12] Fixed 2 duplicate /gene - vat_1 vat_2
[07:21:12] Fixed 2 duplicate /gene - iolD_1 iolD_2
[07:21:12] Fixed 2 duplicate /gene - rpoA1_1 rpoA1_2
[07:21:12] Fixed 2 duplicate /gene - rsxB_1 rsxB_2
[07:21:12] Fixed 2 duplicate /gene - tuf_1 tuf_2
[07:21:12] Fixed 6 duplicate /gene - btuD_1 btuD_2 btuD_3 btuD_4 btuD_5 btuD_6
[07:21:12] Fixed 2 duplicate /gene - argH_1 argH_2
[07:21:12] Fixed 2 duplicate /gene - btuC_1 btuC_2
[07:21:12] Fixed 2 duplicate /gene - hisF_1 hisF_2
[07:21:12] Fixed 4 duplicate /gene - thiL_1 thiL_2 thiL_3 thiL_4
[07:21:12] Fixed 25 colliding /gene names.
[07:21:12] Adding /locus_tag identifiers
[07:21:12] Assigned 1297 locus_tags to CDS and RNA features.
[07:21:12] Writing outputs to ../../Data/Chen_Analysis/Prokka/Archaea/GOMC.bin.3028/
[07:21:12] Generating annotation statistics file
[07:21:12] Generating Genbank and Sequin files
[07:21:12] Running: tbl2asn -V b -a r10k -l paired-ends -M n -N 1 -y 'Annotated using prokka 1.14.6 from https://github.com/tseemann/prokka' -Z \.\.\/\.\.\/Data\/Chen_Analysis\/Prokka\/Archaea\/GOMC\.bin\.3028\/GOMC\.bin\.3028\.err -i \.\.\/\.\.\/Data\/Chen_Analysis\/Prokka\/Archaea\/GOMC\.bin\.3028\/GOMC\.bin\.3028\.fsa 2> /dev/null
[07:21:13] Deleting unwanted file: ../../Data/Chen_Analysis/Prokka/Archaea/GOMC.bin.3028/errorsummary.val
[07:21:13] Deleting unwanted file: ../../Data/Chen_Analysis/Prokka/Archaea/GOMC.bin.3028/GOMC.bin.3028.dr
[07:21:13] Deleting unwanted file: ../../Data/Chen_Analysis/Prokka/Archaea/GOMC.bin.3028/GOMC.bin.3028.fixedproducts
[07:21:13] Deleting unwanted file: ../../Data/Chen_Analysis/Prokka/Archaea/GOMC.bin.3028/GOMC.bin.3028.ecn
[07:21:13] Deleting unwanted file: ../../Data/Chen_Analysis/Prokka/Archaea/GOMC.bin.3028/GOMC.bin.3028.val
[07:21:13] Repairing broken .GBK output that tbl2asn produces...
[07:21:13] Running: sed 's/COORDINATES: profile/COORDINATES:profile/' < \.\.\/\.\.\/Data\/Chen_Analysis\/Prokka\/Archaea\/GOMC\.bin\.3028\/GOMC\.bin\.3028\.gbf > \.\.\/\.\.\/Data\/Chen_Analysis\/Prokka\/Archaea\/GOMC\.bin\.3028\/GOMC\.bin\.3028\.gbk
[07:21:13] Deleting unwanted file: ../../Data/Chen_Analysis/Prokka/Archaea/GOMC.bin.3028/GOMC.bin.3028.gbf
[07:21:13] Output files:
[07:21:13] ../../Data/Chen_Analysis/Prokka/Archaea/GOMC.bin.3028/GOMC.bin.3028.faa
[07:21:13] ../../Data/Chen_Analysis/Prokka/Archaea/GOMC.bin.3028/GOMC.bin.3028.fna
[07:21:13] ../../Data/Chen_Analysis/Prokka/Archaea/GOMC.bin.3028/GOMC.bin.3028.txt
[07:21:13] ../../Data/Chen_Analysis/Prokka/Archaea/GOMC.bin.3028/GOMC.bin.3028.ffn
[07:21:13] ../../Data/Chen_Analysis/Prokka/Archaea/GOMC.bin.3028/GOMC.bin.3028.tbl
[07:21:13] ../../Data/Chen_Analysis/Prokka/Archaea/GOMC.bin.3028/GOMC.bin.3028.fsa
[07:21:13] ../../Data/Chen_Analysis/Prokka/Archaea/GOMC.bin.3028/GOMC.bin.3028.sqn
[07:21:13] ../../Data/Chen_Analysis/Prokka/Archaea/GOMC.bin.3028/GOMC.bin.3028.gbk
[07:21:13] ../../Data/Chen_Analysis/Prokka/Archaea/GOMC.bin.3028/GOMC.bin.3028.log
[07:21:13] ../../Data/Chen_Analysis/Prokka/Archaea/GOMC.bin.3028/GOMC.bin.3028.gff
[07:21:13] ../../Data/Chen_Analysis/Prokka/Archaea/GOMC.bin.3028/GOMC.bin.3028.tsv
[07:21:13] ../../Data/Chen_Analysis/Prokka/Archaea/GOMC.bin.3028/GOMC.bin.3028.err
[07:21:13] Annotation finished successfully.
[07:21:13] Walltime used: 0.20 minutes
[07:21:13] If you use this result please cite the Prokka paper:
[07:21:13] Seemann T (2014) Prokka: rapid prokaryotic genome annotation. Bioinformatics. 30(14):2068-9.
[07:21:13] Type 'prokka --citation' for more details.
[07:21:13] Thank you, come again.
