[07:41:04] This is prokka 1.14.6
[07:41:04] Written by Torsten Seemann <torsten.seemann@gmail.com>
[07:41:04] Homepage is https://github.com/tseemann/prokka
[07:41:04] Local time is Mon Dec  1 07:41:04 2025
[07:41:04] You are joao_facio
[07:41:04] Operating system is linux
[07:41:04] You have BioPerl 1.7.8
[07:41:04] System has 12 cores.
[07:41:04] Will use maximum of 4 cores.
[07:41:04] Annotating as >>> Bacteria <<<
[07:41:04] Generating locus_tag from '/tmp/tmp6gns85ah/GOMC.bin.3735.fa' contents.
[07:41:04] Setting --locustag OHJKJOEL from MD5 813438e5dd4c5894af3ada7047dc360f
[07:41:04] Creating new output folder: ../../Data/Chen_Analysis/Prokka/Bacteria/GOMC.bin.3735
[07:41:04] Running: mkdir -p \.\.\/\.\.\/Data\/Chen_Analysis\/Prokka\/Bacteria\/GOMC\.bin\.3735
[07:41:04] Using filename prefix: GOMC.bin.3735.XXX
[07:41:04] Setting HMMER_NCPU=1
[07:41:04] Writing log to: ../../Data/Chen_Analysis/Prokka/Bacteria/GOMC.bin.3735/GOMC.bin.3735.log
[07:41:04] Command: /home/joao_facio/miniconda3/envs/prokka/bin/prokka --outdir ../../Data/Chen_Analysis/Prokka/Bacteria/GOMC.bin.3735 --prefix GOMC.bin.3735 --kingdom Bacteria --genus UBA3077 --strain GOMC.bin.3735 --cpus 4 --force /tmp/tmp6gns85ah/GOMC.bin.3735.fa
[07:41:04] Appending to PATH: /home/joao_facio/miniconda3/envs/prokka/bin
[07:41:04] Looking for 'aragorn' - found /home/joao_facio/miniconda3/envs/prokka/bin/aragorn
[07:41:04] Determined aragorn version is 001002 from 'ARAGORN v1.2.41 Dean Laslett'
[07:41:04] Looking for 'barrnap' - found /home/joao_facio/miniconda3/envs/prokka/bin/barrnap
[07:41:04] Determined barrnap version is 000009 from 'barrnap 0.9'
[07:41:04] Looking for 'blastp' - found /home/joao_facio/miniconda3/envs/prokka/bin/blastp
[07:41:04] Determined blastp version is 002016 from 'blastp: 2.16.0+'
[07:41:04] Looking for 'cmpress' - found /home/joao_facio/miniconda3/envs/prokka/bin/cmpress
[07:41:04] Determined cmpress version is 001001 from '# INFERNAL 1.1.5 (Sep 2023)'
[07:41:04] Looking for 'cmscan' - found /home/joao_facio/miniconda3/envs/prokka/bin/cmscan
[07:41:04] Determined cmscan version is 001001 from '# INFERNAL 1.1.5 (Sep 2023)'
[07:41:04] Looking for 'egrep' - found /usr/bin/egrep
[07:41:04] Looking for 'find' - found /usr/bin/find
[07:41:04] Looking for 'grep' - found /usr/bin/grep
[07:41:04] Looking for 'hmmpress' - found /home/joao_facio/miniconda3/envs/prokka/bin/hmmpress
[07:41:04] Determined hmmpress version is 003004 from '# HMMER 3.4 (Aug 2023); http://hmmer.org/'
[07:41:04] Looking for 'hmmscan' - found /home/joao_facio/miniconda3/envs/prokka/bin/hmmscan
[07:41:04] Determined hmmscan version is 003004 from '# HMMER 3.4 (Aug 2023); http://hmmer.org/'
[07:41:04] Looking for 'java' - found /home/joao_facio/miniconda3/envs/prokka/bin/java
[07:41:04] Looking for 'makeblastdb' - found /home/joao_facio/miniconda3/envs/prokka/bin/makeblastdb
[07:41:04] Determined makeblastdb version is 002016 from 'makeblastdb: 2.16.0+'
[07:41:04] Looking for 'minced' - found /home/joao_facio/miniconda3/envs/prokka/bin/minced
[07:41:04] Determined minced version is 004002 from 'minced 0.4.2'
[07:41:04] Looking for 'parallel' - found /home/joao_facio/miniconda3/envs/prokka/bin/parallel
[07:41:04] Determined parallel version is 20251122 from 'GNU parallel 20251122'
[07:41:04] Looking for 'prodigal' - found /home/joao_facio/miniconda3/envs/prokka/bin/prodigal
[07:41:04] Determined prodigal version is 002006 from 'Prodigal V2.6.3: February, 2016'
[07:41:04] Looking for 'prokka-genbank_to_fasta_db' - found /home/joao_facio/miniconda3/envs/prokka/bin/prokka-genbank_to_fasta_db
[07:41:04] Looking for 'sed' - found /usr/bin/sed
[07:41:04] Looking for 'tbl2asn' - found /home/joao_facio/miniconda3/envs/prokka/bin/tbl2asn
[07:41:04] Determined tbl2asn version is 025007 from 'tbl2asn 25.7   arguments:'
[07:41:04] Using genetic code table 11.
[07:41:04] Loading and checking input file: /tmp/tmp6gns85ah/GOMC.bin.3735.fa
[07:41:05] Wrote 704 contigs totalling 2164712 bp.
[07:41:05] Predicting tRNAs and tmRNAs
[07:41:05] Running: aragorn -l -gc11  -w \.\.\/\.\.\/Data\/Chen_Analysis\/Prokka\/Bacteria\/GOMC\.bin\.3735\/GOMC\.bin\.3735\.fna
[07:41:05] 1 tRNA-His [3332,3408] 35 (gtg)
[07:41:05] 1 tRNA-Lys c[264,339] 34 (ttt)
[07:41:05] 1 tRNA-Arg c[1297,1373] 35 (acg)
[07:41:05] 1 tRNA-Trp c[4112,4187] 34 (cca)
[07:41:05] 1 tRNA-Thr [3825,3900] 34 (tgt)
[07:41:05] 1 tRNA-Glu c[928,1002] 34 (ttc)
[07:41:05] 1 tRNA-Thr c[536,610] 33 (ggt)
[07:41:05] 1 tRNA-Gly c[60,135] 34 (ccc)
[07:41:05] 1 tRNA-Ser [1568,1657] 35 (gct)
[07:41:05] 1 tRNA-Gln c[3877,3950] 33 (ctg)
[07:41:05] 1 tRNA-Gly c[81,154] 33 (tcc)
[07:41:05] 1 tRNA-Met [1776,1852] 35 (cat)
[07:41:05] 1 tRNA-Pro c[5172,5248] 35 (tgg)
[07:41:05] 1 tRNA-Tyr [1080,1163] 33 (gta)
[07:41:05] 1 tRNA-Pro [59,135] 35 (ggg)
[07:41:05] Found 15 tRNAs
[07:41:05] Predicting Ribosomal RNAs
[07:41:05] Running Barrnap with 4 threads
[07:41:05] Found 0 rRNAs
[07:41:05] Skipping ncRNA search, enable with --rfam if desired.
[07:41:05] Total of 15 tRNA + rRNA features
[07:41:05] Searching for CRISPR repeats
[07:41:06] Found 0 CRISPRs
[07:41:06] Predicting coding sequences
[07:41:06] Contigs total 2164712 bp, so using single mode
[07:41:06] Running: prodigal -i \.\.\/\.\.\/Data\/Chen_Analysis\/Prokka\/Bacteria\/GOMC\.bin\.3735\/GOMC\.bin\.3735\.fna -c -m -g 11 -p single -f sco -q
[07:41:07] Excluding CDS which overlaps existing RNA (tRNA) at SRR8439019_k53_219407_1:100..753 on + strand
[07:41:07] Found 2137 CDS
[07:41:07] Connecting features back to sequences
[07:41:07] Not using genus-specific database. Try --usegenus to enable it.
[07:41:07] Annotating CDS, please be patient.
[07:41:07] Will use 4 CPUs for similarity searching.
[07:41:08] There are still 2137 unannotated CDS left (started with 2137)
[07:41:08] Will use blast to search against /home/joao_facio/miniconda3/envs/prokka/db/kingdom/Bacteria/IS with 4 CPUs
[07:41:08] Running: cat \.\.\/\.\.\/Data\/Chen_Analysis\/Prokka\/Bacteria\/GOMC\.bin\.3735\/GOMC\.bin\.3735\.IS\.tmp\.3161221\.faa | parallel --gnu --plain -j 4 --block 72712 --recstart '>' --pipe blastp -query - -db /home/joao_facio/miniconda3/envs/prokka/db/kingdom/Bacteria/IS -evalue 1e-30 -qcov_hsp_perc 90 -num_threads 1 -num_descriptions 1 -num_alignments 1 -seg no > \.\.\/\.\.\/Data\/Chen_Analysis\/Prokka\/Bacteria\/GOMC\.bin\.3735\/GOMC\.bin\.3735\.IS\.tmp\.3161221\.blast 2> /dev/null
[07:41:13] Deleting unwanted file: ../../Data/Chen_Analysis/Prokka/Bacteria/GOMC.bin.3735/GOMC.bin.3735.IS.tmp.3161221.faa
[07:41:13] Deleting unwanted file: ../../Data/Chen_Analysis/Prokka/Bacteria/GOMC.bin.3735/GOMC.bin.3735.IS.tmp.3161221.blast
[07:41:14] There are still 2132 unannotated CDS left (started with 2137)
[07:41:14] Will use blast to search against /home/joao_facio/miniconda3/envs/prokka/db/kingdom/Bacteria/AMR with 4 CPUs
[07:41:14] Running: cat \.\.\/\.\.\/Data\/Chen_Analysis\/Prokka\/Bacteria\/GOMC\.bin\.3735\/GOMC\.bin\.3735\.AMR\.tmp\.3161221\.faa | parallel --gnu --plain -j 4 --block 72565 --recstart '>' --pipe blastp -query - -db /home/joao_facio/miniconda3/envs/prokka/db/kingdom/Bacteria/AMR -evalue 1e-300 -qcov_hsp_perc 90 -num_threads 1 -num_descriptions 1 -num_alignments 1 -seg no > \.\.\/\.\.\/Data\/Chen_Analysis\/Prokka\/Bacteria\/GOMC\.bin\.3735\/GOMC\.bin\.3735\.AMR\.tmp\.3161221\.blast 2> /dev/null
[07:41:18] Deleting unwanted file: ../../Data/Chen_Analysis/Prokka/Bacteria/GOMC.bin.3735/GOMC.bin.3735.AMR.tmp.3161221.faa
[07:41:18] Deleting unwanted file: ../../Data/Chen_Analysis/Prokka/Bacteria/GOMC.bin.3735/GOMC.bin.3735.AMR.tmp.3161221.blast
[07:41:18] There are still 2132 unannotated CDS left (started with 2137)
[07:41:18] Will use blast to search against /home/joao_facio/miniconda3/envs/prokka/db/kingdom/Bacteria/sprot with 4 CPUs
[07:41:18] Running: cat \.\.\/\.\.\/Data\/Chen_Analysis\/Prokka\/Bacteria\/GOMC\.bin\.3735\/GOMC\.bin\.3735\.sprot\.tmp\.3161221\.faa | parallel --gnu --plain -j 4 --block 72565 --recstart '>' --pipe blastp -query - -db /home/joao_facio/miniconda3/envs/prokka/db/kingdom/Bacteria/sprot -evalue 1e-09 -qcov_hsp_perc 80 -num_threads 1 -num_descriptions 1 -num_alignments 1 -seg no > \.\.\/\.\.\/Data\/Chen_Analysis\/Prokka\/Bacteria\/GOMC\.bin\.3735\/GOMC\.bin\.3735\.sprot\.tmp\.3161221\.blast 2> /dev/null
[07:41:43] Modify product: Uncharacterized protein HI_0933 => putative protein
[07:41:43] Modify product: Purine-binding protein BAB2_0673 => Purine-binding protein
[07:41:43] Modify product: Monocarboxylate 2-oxoacid-binding periplasmic protein all3028 => Monocarboxylate 2-oxoacid-binding periplasmic protein
[07:41:43] Modify product: Probable metallo-hydrolase BURPS1710b_2304 => putative metallo-hydrolase
[07:41:43] Modify product: Probable enoyl-CoA hydratase echA8 => putative enoyl-CoA hydratase echA8
[07:41:43] Modify product: Probable acyl-CoA dehydrogenase fadE25 => putative acyl-CoA dehydrogenase fadE25
[07:41:43] Modify product: Probable nitrate transporter NarT => putative nitrate transporter NarT
[07:41:43] Modify product: Uncharacterized protein Rv1276c => putative protein
[07:41:43] Modify product: Probable adenylyl-sulfate kinase => putative adenylyl-sulfate kinase
[07:41:43] Modify product: Uncharacterized protein Rv1998c => putative protein
[07:41:43] Modify product: Purine-binding protein BAB2_0673 => Purine-binding protein
[07:41:43] Modify product: Probable ribonucleotide transport ATP-binding protein mkl => putative ribonucleotide transport ATP-binding protein mkl
[07:41:43] Modify product: Uncharacterized aminopeptidase Rv1333 => putative aminopeptidase
[07:41:43] Modify product: Multifunctional alkaline phosphatase superfamily protein pRL90232 => Multifunctional alkaline phosphatase superfamily protein
[07:41:43] Modify product: Probable lipoprotein YiaD => putative lipoprotein YiaD
[07:41:43] Modify product: Uncharacterized HTH-type transcriptional regulator YybR => putative HTH-type transcriptional regulator YybR
[07:41:43] Modify product: Peroxiredoxin sll1621 => Peroxiredoxin
[07:41:43] Modify product: UPF0053 inner membrane protein YoaE => hypothetical protein
[07:41:43] Modify product: Uncharacterized protein HI_0103 => putative protein
[07:41:43] Modify product: Probable enoyl-CoA hydratase echA8 => putative enoyl-CoA hydratase echA8
[07:41:43] Modify product: Probable adenylyltransferase/sulfurtransferase MoeZ => putative adenylyltransferase/sulfurtransferase MoeZ
[07:41:43] Modify product: Uncharacterized oxidoreductase YgfF => putative oxidoreductase YgfF
[07:41:43] Modify product: Probable protein kinase UbiB => putative protein kinase UbiB
[07:41:43] Modify product: Probable bifunctional transcriptional activator/DNA repair enzyme AlkA => putative bifunctional transcriptional activator/DNA repair enzyme AlkA
[07:41:43] Modify product: Probable ATP-dependent transporter SufC => putative ATP-dependent transporter SufC
[07:41:43] Modify product: Uncharacterized FAD-linked oxidoreductase Rv2280 => putative FAD-linked oxidoreductase
[07:41:43] Modify product: Uncharacterized zinc protease Rv2782c => putative zinc protease
[07:41:43] Modify product: Uncharacterized protein YhaZ => putative protein YhaZ
[07:41:43] Modify product: Putative low molecular weight protein-tyrosine-phosphatase slr0328 => Putative low molecular weight protein-tyrosine-phosphatase
[07:41:43] Modify product: Monocarboxylate 2-oxoacid-binding periplasmic protein all3028 => Monocarboxylate 2-oxoacid-binding periplasmic protein
[07:41:43] Modify product: Uncharacterized protein YcjX => putative protein YcjX
[07:41:43] Modify product: UPF0301 protein VC_0467 => hypothetical protein
[07:41:43] Modify product: Probable succinyl-CoA:3-ketoacid coenzyme A transferase subunit B => putative succinyl-CoA:3-ketoacid coenzyme A transferase subunit B
[07:41:43] Modify product: Probable succinyl-CoA:3-ketoacid coenzyme A transferase subunit A => putative succinyl-CoA:3-ketoacid coenzyme A transferase subunit A
[07:41:43] Modify product: Uncharacterized protein HI_0131 => putative protein
[07:41:43] Modify product: Probable protease SohB => putative protease SohB
[07:41:43] Modify product: Uncharacterized protein YqeY => putative protein YqeY
[07:41:43] Modify product: Putative 2-hydroxyacid dehydrogenase SA2098 => Putative 2-hydroxyacid dehydrogenase
[07:41:43] Modify product: UPF0276 protein CCNA_03364 => hypothetical protein
[07:41:43] Modify product: Putative conjugal transfer protein Rv3659c => Putative conjugal transfer protein
[07:41:43] Modify product: UPF0335 protein CCNA_03428 => hypothetical protein
[07:41:43] Modify product: Probable GTP-binding protein EngB => putative GTP-binding protein EngB
[07:41:43] Modify product: Uncharacterized oxidoreductase YjmC => putative oxidoreductase YjmC
[07:41:43] Modify product: Probable iron export permease protein FetB => putative iron export permease protein FetB
[07:41:43] Modify product: UPF0434 protein PFL_1779 => hypothetical protein
[07:41:43] Modify product: Probable riboflavin import permease protein RfuD => putative riboflavin import permease protein RfuD
[07:41:43] Modify product: Cytochrome c oxidase subunit 1 homolog, bacteroid => Cytochrome c oxidase subunit 1 , bacteroid
[07:41:44] Modify product: Probable low molecular weight protein-tyrosine-phosphatase AmsI => putative low molecular weight protein-tyrosine-phosphatase AmsI
[07:41:44] Modify product: UPF0102 protein RPA0323 => hypothetical protein
[07:41:44] Modify product: UPF0173 metal-dependent hydrolase SA1529 => hypothetical protein
[07:41:44] Modify product: D-galactonate dehydratase family member PC1_0802 => D-galactonate dehydratase family member
[07:41:44] Modify product: Bifunctional protein FolD => Bifunctional protein FolD protein
[07:41:44] Modify product: TelA-like protein SA1238 => TelA-like protein
[07:41:44] Modify product: Solute-binding protein Dde_0634 => Solute-binding protein
[07:41:44] Modify product: Purine-binding protein BAB2_0673 => Purine-binding protein
[07:41:44] Modify product: Probable xanthine dehydrogenase subunit D => putative xanthine dehydrogenase subunit D
[07:41:44] Modify product: UPF0178 protein YaiI => hypothetical protein
[07:41:44] Modify product: Probable phosphite transport system-binding protein PtxB => putative phosphite transport system-binding protein PtxB
[07:41:44] Modify product: Uncharacterized metal-dependent hydrolase YcfH => putative metal-dependent hydrolase YcfH
[07:41:44] Modify product: Probable peptidoglycan glycosyltransferase FtsW => putative peptidoglycan glycosyltransferase FtsW
[07:41:44] Modify product: UPF0716 protein FxsA => hypothetical protein
[07:41:44] Modify product: Probable aminotransferase Rv3329 => putative aminotransferase
[07:41:44] Modify product: Putative multidrug export ATP-binding/permease protein SAV1866 => Putative multidrug export ATP-binding/permease protein
[07:41:44] Modify product: UPF0758 protein => hypothetical protein
[07:41:44] Modify product: Virulence protein STM3117 => Virulence protein
[07:41:44] Modify product: Probable nitrate transporter NarT => putative nitrate transporter NarT
[07:41:44] Modify product: Uncharacterized ABC transporter ATP-binding protein YheS => putative ABC transporter ATP-binding protein YheS
[07:41:44] Modify product: UPF0056 inner membrane protein YhgN => hypothetical protein
[07:41:44] Modify product: Uncharacterized FAD-linked oxidoreductase Rv2280 => putative FAD-linked oxidoreductase
[07:41:44] Modify product: Uncharacterized protein Rv2307c => putative protein
[07:41:44] Modify product: Uncharacterized sugar transferase EpsL => putative sugar transferase EpsL
[07:41:44] Modify product: Uncharacterized acyl-CoA thioester hydrolase HI_0827 => putative acyl-CoA thioester hydrolase
[07:41:44] Modify product: Uncharacterized oxidoreductase Rv1144 => putative oxidoreductase
[07:41:44] Modify product: Uncharacterized protein RP812 => putative protein RP812
[07:41:44] Cleaned 74 /product names
[07:41:44] Deleting unwanted file: ../../Data/Chen_Analysis/Prokka/Bacteria/GOMC.bin.3735/GOMC.bin.3735.sprot.tmp.3161221.faa
[07:41:44] Deleting unwanted file: ../../Data/Chen_Analysis/Prokka/Bacteria/GOMC.bin.3735/GOMC.bin.3735.sprot.tmp.3161221.blast
[07:41:44] There are still 1121 unannotated CDS left (started with 2137)
[07:41:44] Will use hmmer3 to search against /home/joao_facio/miniconda3/envs/prokka/db/hmm/HAMAP.hmm with 4 CPUs
[07:41:44] Running: cat \.\.\/\.\.\/Data\/Chen_Analysis\/Prokka\/Bacteria\/GOMC\.bin\.3735\/GOMC\.bin\.3735\.HAMAP\.hmm\.tmp\.3161221\.faa | parallel --gnu --plain -j 4 --block 32479 --recstart '>' --pipe hmmscan --noali --notextw --acc -E 1e-09 --cpu 1 /home/joao_facio/miniconda3/envs/prokka/db/hmm/HAMAP.hmm /dev/stdin > \.\.\/\.\.\/Data\/Chen_Analysis\/Prokka\/Bacteria\/GOMC\.bin\.3735\/GOMC\.bin\.3735\.HAMAP\.hmm\.tmp\.3161221\.hmmer3 2> /dev/null
[07:41:51] Modify product: Uncharacterized MFS-type transporter YcaD => putative MFS-type transporter YcaD
[07:41:51] Cleaned 1 /product names
[07:41:51] Deleting unwanted file: ../../Data/Chen_Analysis/Prokka/Bacteria/GOMC.bin.3735/GOMC.bin.3735.HAMAP.hmm.tmp.3161221.faa
[07:41:51] Deleting unwanted file: ../../Data/Chen_Analysis/Prokka/Bacteria/GOMC.bin.3735/GOMC.bin.3735.HAMAP.hmm.tmp.3161221.hmmer3
[07:41:51] Labelling remaining 994 proteins as 'hypothetical protein'
[07:41:51] Possible /pseudo 'tRNA 5-methylaminomethyl-2-thiouridine biosynthesis bifunctional protein MnmC' at SRR8439019_k53_38891_1 position 1295
[07:41:51] Possible /pseudo 'Flagellar basal-body rod protein FlgG' at SRR8439019_k53_65482_1 position 2009
[07:41:51] Possible /pseudo 'Cardiolipin synthase A' at SRR8439019_k53_90193_1 position 1696
[07:41:51] Possible /pseudo 'FO synthase' at SRR8439019_k53_119067_1 position 2373
[07:41:51] Found 970 unique /gene codes.
[07:41:51] Fixed 2 duplicate /gene - mobA_1 mobA_2
[07:41:51] Fixed 2 duplicate /gene - dmdC_1 dmdC_2
[07:41:51] Fixed 2 duplicate /gene - hcaB_1 hcaB_2
[07:41:51] Fixed 3 duplicate /gene - tusE_1 tusE_2 tusE_3
[07:41:51] Fixed 2 duplicate /gene - flgG_1 flgG_2
[07:41:51] Fixed 2 duplicate /gene - arcB_1 arcB_2
[07:41:51] Fixed 2 duplicate /gene - tam_1 tam_2
[07:41:51] Fixed 3 duplicate /gene - hdfR_1 hdfR_2 hdfR_3
[07:41:51] Fixed 4 duplicate /gene - pal_1 pal_2 pal_3 pal_4
[07:41:51] Fixed 2 duplicate /gene - mnmC_1 mnmC_2
[07:41:51] Fixed 2 duplicate /gene - merA_1 merA_2
[07:41:51] Fixed 2 duplicate /gene - coxS_1 coxS_2
[07:41:51] Fixed 2 duplicate /gene - cbbY_1 cbbY_2
[07:41:51] Fixed 5 duplicate /gene - fabG_1 fabG_2 fabG_3 fabG_4 fabG_5
[07:41:51] Fixed 2 duplicate /gene - pcm_1 pcm_2
[07:41:51] Fixed 2 duplicate /gene - ubiL_1 ubiL_2
[07:41:51] Fixed 2 duplicate /gene - dxs_1 dxs_2
[07:41:51] Fixed 2 duplicate /gene - fbiC_1 fbiC_2
[07:41:51] Fixed 2 duplicate /gene - nhaA_1 nhaA_2
[07:41:51] Fixed 2 duplicate /gene - abo_1 abo_2
[07:41:51] Fixed 2 duplicate /gene - fbiB_1 fbiB_2
[07:41:51] Fixed 2 duplicate /gene - nuoN_1 nuoN_2
[07:41:51] Fixed 2 duplicate /gene - soxD_1 soxD_2
[07:41:51] Fixed 2 duplicate /gene - fixK_1 fixK_2
[07:41:51] Fixed 2 duplicate /gene - zntR_1 zntR_2
[07:41:51] Fixed 2 duplicate /gene - narT_1 narT_2
[07:41:51] Fixed 2 duplicate /gene - patB_1 patB_2
[07:41:51] Fixed 3 duplicate /gene - livF_1 livF_2 livF_3
[07:41:51] Fixed 2 duplicate /gene - betI_1 betI_2
[07:41:51] Fixed 2 duplicate /gene - rnd_1 rnd_2
[07:41:51] Fixed 2 duplicate /gene - gyrB_1 gyrB_2
[07:41:51] Fixed 2 duplicate /gene - prsD_1 prsD_2
[07:41:51] Fixed 2 duplicate /gene - echA8_1 echA8_2
[07:41:51] Fixed 2 duplicate /gene - yfcG_1 yfcG_2
[07:41:51] Fixed 2 duplicate /gene - merR1_1 merR1_2
[07:41:51] Fixed 2 duplicate /gene - phoP_1 phoP_2
[07:41:51] Fixed 4 duplicate /gene - btuD_1 btuD_2 btuD_3 btuD_4
[07:41:51] Fixed 3 duplicate /gene - dctM_1 dctM_2 dctM_3
[07:41:51] Fixed 2 duplicate /gene - paaK_1 paaK_2
[07:41:51] Fixed 2 duplicate /gene - puuA_1 puuA_2
[07:41:51] Fixed 2 duplicate /gene - nuoM_1 nuoM_2
[07:41:51] Fixed 2 duplicate /gene - ribN_1 ribN_2
[07:41:51] Fixed 2 duplicate /gene - tusA_1 tusA_2
[07:41:51] Fixed 4 duplicate /gene - rcsC_1 rcsC_2 rcsC_3 rcsC_4
[07:41:51] Fixed 2 duplicate /gene - ilvI_1 ilvI_2
[07:41:51] Fixed 2 duplicate /gene - dppB_1 dppB_2
[07:41:51] Fixed 2 duplicate /gene - lolD_1 lolD_2
[07:41:51] Fixed 2 duplicate /gene - dctD_1 dctD_2
[07:41:51] Fixed 4 duplicate /gene - lrp_1 lrp_2 lrp_3 lrp_4
[07:41:51] Fixed 2 duplicate /gene - ndhC_1 ndhC_2
[07:41:51] Fixed 2 duplicate /gene - menH_1 menH_2
[07:41:51] Fixed 2 duplicate /gene - soxB_1 soxB_2
[07:41:51] Fixed 5 duplicate /gene - sasA_1 sasA_2 sasA_3 sasA_4 sasA_5
[07:41:51] Fixed 2 duplicate /gene - RBKS_1 RBKS_2
[07:41:51] Fixed 2 duplicate /gene - nuoH_1 nuoH_2
[07:41:51] Fixed 2 duplicate /gene - gph_1 gph_2
[07:41:51] Fixed 2 duplicate /gene - aes_1 aes_2
[07:41:51] Fixed 2 duplicate /gene - COQ5_1 COQ5_2
[07:41:51] Fixed 2 duplicate /gene - ctaB_1 ctaB_2
[07:41:51] Fixed 2 duplicate /gene - rhaR_1 rhaR_2
[07:41:51] Fixed 2 duplicate /gene - cysQ_1 cysQ_2
[07:41:51] Fixed 2 duplicate /gene - livH_1 livH_2
[07:41:51] Fixed 2 duplicate /gene - atpG_1 atpG_2
[07:41:51] Fixed 2 duplicate /gene - flhA_1 flhA_2
[07:41:51] Fixed 2 duplicate /gene - tktA_1 tktA_2
[07:41:51] Fixed 2 duplicate /gene - clsA_1 clsA_2
[07:41:51] Fixed 2 duplicate /gene - acpP_1 acpP_2
[07:41:51] Fixed 2 duplicate /gene - decR_1 decR_2
[07:41:51] Fixed 2 duplicate /gene - mglA_1 mglA_2
[07:41:51] Fixed 2 duplicate /gene - fabF_1 fabF_2
[07:41:51] Fixed 3 duplicate /gene - acsA_1 acsA_2 acsA_3
[07:41:51] Fixed 2 duplicate /gene - clpP_1 clpP_2
[07:41:51] Fixed 2 duplicate /gene - cmpR_1 cmpR_2
[07:41:51] Fixed 2 duplicate /gene - thadh_1 thadh_2
[07:41:51] Fixed 2 duplicate /gene - iscR_1 iscR_2
[07:41:51] Fixed 3 duplicate /gene - acdA_1 acdA_2 acdA_3
[07:41:51] Fixed 2 duplicate /gene - lptB_1 lptB_2
[07:41:51] Fixed 2 duplicate /gene - nuoK_1 nuoK_2
[07:41:51] Fixed 2 duplicate /gene - cobK_1 cobK_2
[07:41:51] Fixed 79 colliding /gene names.
[07:41:51] Adding /locus_tag identifiers
[07:41:51] Assigned 2152 locus_tags to CDS and RNA features.
[07:41:51] Writing outputs to ../../Data/Chen_Analysis/Prokka/Bacteria/GOMC.bin.3735/
[07:41:52] Generating annotation statistics file
[07:41:52] Generating Genbank and Sequin files
[07:41:52] Running: tbl2asn -V b -a r10k -l paired-ends -M n -N 1 -y 'Annotated using prokka 1.14.6 from https://github.com/tseemann/prokka' -Z \.\.\/\.\.\/Data\/Chen_Analysis\/Prokka\/Bacteria\/GOMC\.bin\.3735\/GOMC\.bin\.3735\.err -i \.\.\/\.\.\/Data\/Chen_Analysis\/Prokka\/Bacteria\/GOMC\.bin\.3735\/GOMC\.bin\.3735\.fsa 2> /dev/null
[07:41:54] Deleting unwanted file: ../../Data/Chen_Analysis/Prokka/Bacteria/GOMC.bin.3735/errorsummary.val
[07:41:54] Deleting unwanted file: ../../Data/Chen_Analysis/Prokka/Bacteria/GOMC.bin.3735/GOMC.bin.3735.dr
[07:41:54] Deleting unwanted file: ../../Data/Chen_Analysis/Prokka/Bacteria/GOMC.bin.3735/GOMC.bin.3735.fixedproducts
[07:41:54] Deleting unwanted file: ../../Data/Chen_Analysis/Prokka/Bacteria/GOMC.bin.3735/GOMC.bin.3735.ecn
[07:41:54] Deleting unwanted file: ../../Data/Chen_Analysis/Prokka/Bacteria/GOMC.bin.3735/GOMC.bin.3735.val
[07:41:54] Repairing broken .GBK output that tbl2asn produces...
[07:41:54] Running: sed 's/COORDINATES: profile/COORDINATES:profile/' < \.\.\/\.\.\/Data\/Chen_Analysis\/Prokka\/Bacteria\/GOMC\.bin\.3735\/GOMC\.bin\.3735\.gbf > \.\.\/\.\.\/Data\/Chen_Analysis\/Prokka\/Bacteria\/GOMC\.bin\.3735\/GOMC\.bin\.3735\.gbk
[07:41:54] Deleting unwanted file: ../../Data/Chen_Analysis/Prokka/Bacteria/GOMC.bin.3735/GOMC.bin.3735.gbf
[07:41:54] Output files:
[07:41:54] ../../Data/Chen_Analysis/Prokka/Bacteria/GOMC.bin.3735/GOMC.bin.3735.gff
[07:41:54] ../../Data/Chen_Analysis/Prokka/Bacteria/GOMC.bin.3735/GOMC.bin.3735.sqn
[07:41:54] ../../Data/Chen_Analysis/Prokka/Bacteria/GOMC.bin.3735/GOMC.bin.3735.fsa
[07:41:54] ../../Data/Chen_Analysis/Prokka/Bacteria/GOMC.bin.3735/GOMC.bin.3735.tsv
[07:41:54] ../../Data/Chen_Analysis/Prokka/Bacteria/GOMC.bin.3735/GOMC.bin.3735.tbl
[07:41:54] ../../Data/Chen_Analysis/Prokka/Bacteria/GOMC.bin.3735/GOMC.bin.3735.gbk
[07:41:54] ../../Data/Chen_Analysis/Prokka/Bacteria/GOMC.bin.3735/GOMC.bin.3735.txt
[07:41:54] ../../Data/Chen_Analysis/Prokka/Bacteria/GOMC.bin.3735/GOMC.bin.3735.ffn
[07:41:54] ../../Data/Chen_Analysis/Prokka/Bacteria/GOMC.bin.3735/GOMC.bin.3735.err
[07:41:54] ../../Data/Chen_Analysis/Prokka/Bacteria/GOMC.bin.3735/GOMC.bin.3735.log
[07:41:54] ../../Data/Chen_Analysis/Prokka/Bacteria/GOMC.bin.3735/GOMC.bin.3735.fna
[07:41:54] ../../Data/Chen_Analysis/Prokka/Bacteria/GOMC.bin.3735/GOMC.bin.3735.faa
[07:41:54] Annotation finished successfully.
[07:41:54] Walltime used: 0.83 minutes
[07:41:54] If you use this result please cite the Prokka paper:
[07:41:54] Seemann T (2014) Prokka: rapid prokaryotic genome annotation. Bioinformatics. 30(14):2068-9.
[07:41:54] Type 'prokka --citation' for more details.
[07:41:54] Thank you, come again.
