[08:17:48] This is prokka 1.14.6
[08:17:48] Written by Torsten Seemann <torsten.seemann@gmail.com>
[08:17:48] Homepage is https://github.com/tseemann/prokka
[08:17:48] Local time is Mon Dec  1 08:17:48 2025
[08:17:48] You are joao_facio
[08:17:48] Operating system is linux
[08:17:48] You have BioPerl 1.7.8
[08:17:48] System has 12 cores.
[08:17:48] Will use maximum of 4 cores.
[08:17:48] Annotating as >>> Bacteria <<<
[08:17:48] Generating locus_tag from '/tmp/tmp6gns85ah/GOMC.bin.11680.fa' contents.
[08:17:48] Setting --locustag IONJEOBG from MD5 2873e8b07a1d406884134283052b5802
[08:17:48] Creating new output folder: ../../Data/Chen_Analysis/Prokka/Bacteria/GOMC.bin.11680
[08:17:48] Running: mkdir -p \.\.\/\.\.\/Data\/Chen_Analysis\/Prokka\/Bacteria\/GOMC\.bin\.11680
[08:17:48] Using filename prefix: GOMC.bin.11680.XXX
[08:17:48] Setting HMMER_NCPU=1
[08:17:48] Writing log to: ../../Data/Chen_Analysis/Prokka/Bacteria/GOMC.bin.11680/GOMC.bin.11680.log
[08:17:48] Command: /home/joao_facio/miniconda3/envs/prokka/bin/prokka --outdir ../../Data/Chen_Analysis/Prokka/Bacteria/GOMC.bin.11680 --prefix GOMC.bin.11680 --kingdom Bacteria --genus CAJQQY01 --strain GOMC.bin.11680 --cpus 4 --force /tmp/tmp6gns85ah/GOMC.bin.11680.fa
[08:17:48] Appending to PATH: /home/joao_facio/miniconda3/envs/prokka/bin
[08:17:48] Looking for 'aragorn' - found /home/joao_facio/miniconda3/envs/prokka/bin/aragorn
[08:17:48] Determined aragorn version is 001002 from 'ARAGORN v1.2.41 Dean Laslett'
[08:17:48] Looking for 'barrnap' - found /home/joao_facio/miniconda3/envs/prokka/bin/barrnap
[08:17:48] Determined barrnap version is 000009 from 'barrnap 0.9'
[08:17:48] Looking for 'blastp' - found /home/joao_facio/miniconda3/envs/prokka/bin/blastp
[08:17:48] Determined blastp version is 002016 from 'blastp: 2.16.0+'
[08:17:48] Looking for 'cmpress' - found /home/joao_facio/miniconda3/envs/prokka/bin/cmpress
[08:17:48] Determined cmpress version is 001001 from '# INFERNAL 1.1.5 (Sep 2023)'
[08:17:48] Looking for 'cmscan' - found /home/joao_facio/miniconda3/envs/prokka/bin/cmscan
[08:17:48] Determined cmscan version is 001001 from '# INFERNAL 1.1.5 (Sep 2023)'
[08:17:48] Looking for 'egrep' - found /usr/bin/egrep
[08:17:48] Looking for 'find' - found /usr/bin/find
[08:17:48] Looking for 'grep' - found /usr/bin/grep
[08:17:48] Looking for 'hmmpress' - found /home/joao_facio/miniconda3/envs/prokka/bin/hmmpress
[08:17:48] Determined hmmpress version is 003004 from '# HMMER 3.4 (Aug 2023); http://hmmer.org/'
[08:17:48] Looking for 'hmmscan' - found /home/joao_facio/miniconda3/envs/prokka/bin/hmmscan
[08:17:48] Determined hmmscan version is 003004 from '# HMMER 3.4 (Aug 2023); http://hmmer.org/'
[08:17:48] Looking for 'java' - found /home/joao_facio/miniconda3/envs/prokka/bin/java
[08:17:48] Looking for 'makeblastdb' - found /home/joao_facio/miniconda3/envs/prokka/bin/makeblastdb
[08:17:48] Determined makeblastdb version is 002016 from 'makeblastdb: 2.16.0+'
[08:17:48] Looking for 'minced' - found /home/joao_facio/miniconda3/envs/prokka/bin/minced
[08:17:49] Determined minced version is 004002 from 'minced 0.4.2'
[08:17:49] Looking for 'parallel' - found /home/joao_facio/miniconda3/envs/prokka/bin/parallel
[08:17:49] Determined parallel version is 20251122 from 'GNU parallel 20251122'
[08:17:49] Looking for 'prodigal' - found /home/joao_facio/miniconda3/envs/prokka/bin/prodigal
[08:17:49] Determined prodigal version is 002006 from 'Prodigal V2.6.3: February, 2016'
[08:17:49] Looking for 'prokka-genbank_to_fasta_db' - found /home/joao_facio/miniconda3/envs/prokka/bin/prokka-genbank_to_fasta_db
[08:17:49] Looking for 'sed' - found /usr/bin/sed
[08:17:49] Looking for 'tbl2asn' - found /home/joao_facio/miniconda3/envs/prokka/bin/tbl2asn
[08:17:49] Determined tbl2asn version is 025007 from 'tbl2asn 25.7   arguments:'
[08:17:49] Using genetic code table 11.
[08:17:49] Loading and checking input file: /tmp/tmp6gns85ah/GOMC.bin.11680.fa
[08:17:49] Wrote 678 contigs totalling 5928834 bp.
[08:17:49] Predicting tRNAs and tmRNAs
[08:17:49] Running: aragorn -l -gc11  -w \.\.\/\.\.\/Data\/Chen_Analysis\/Prokka\/Bacteria\/GOMC\.bin\.11680\/GOMC\.bin\.11680\.fna
[08:17:49] 1 tRNA-Ser [27654,27742] 36 (tga)
[08:17:49] 1 tRNA-Leu c[16696,16778] 35 (caa)
[08:17:49] 1 tRNA-Ser c[10080,10167] 35 (gga)
[08:17:49] 1 tRNA-Arg c[7783,7859] 35 (tct)
[08:17:49] 1 tRNA-Arg [10182,10256] 35 (tcg)
[08:17:49] 1 tRNA-Met [2338,2412] 35 (cat)
[08:17:49] 1 tRNA-Met [5,79] 35 (cat)
[08:17:49] 1 tRNA-Glu [9373,9445] 34 (ttc)
[08:17:49] 1 tRNA-Leu [11584,11670] 35 (gag)
[08:17:49] 2 tRNA-His [13408,13482] 35 (gtg)
[08:17:49] 1 tRNA-Val c[6227,6302] 36 (tac)
[08:17:49] 1 tRNA-Leu c[7306,7382] 35 (tag)
[08:17:49] 2 tRNA-Arg c[7387,7459] 34 (tct)
[08:17:49] 3 tRNA-Leu c[7472,7545] 35 (taa)
[08:17:49] 4 tRNA-Pro c[7572,7643] 32 (tgg)
[08:17:49] 5 tRNA-Asp c[7763,7835] 33 (gtc)
[08:17:49] 1 tRNA-Val [29718,29793] 36 (gac)
[08:17:49] 1 tRNA-Leu c[6558,6640] 35 (tag)
[08:17:49] 1 tRNA-Cys [1481,1554] 33 (gca)
[08:17:49] 1 tRNA-Leu c[4421,4512] 33 (taa)
[08:17:49] 1 tRNA-Pro c[357,432] 36 (tgg)
[08:17:49] 2 tRNA-Ser c[468,559] 35 (gct)
[08:17:49] 1 tRNA-Asn c[2412,2486] 35 (gtt)
[08:17:49] 1 tRNA-Arg c[8596,8670] 35 (acg)
[08:17:49] 1 tRNA-Gln c[181,252] 33 (ttg)
[08:17:50] 1 tmRNA c[7446,7828] 100,129 GNQRFAMAA*
[08:17:50] 1 tRNA-Gly c[1,74] 34 (gcc)
[08:17:50] Found 27 tRNAs
[08:17:50] Predicting Ribosomal RNAs
[08:17:50] Running Barrnap with 4 threads
[08:17:50] Found 0 rRNAs
[08:17:50] Skipping ncRNA search, enable with --rfam if desired.
[08:17:50] Total of 26 tRNA + rRNA features
[08:17:50] Searching for CRISPR repeats
[08:17:51] Found 0 CRISPRs
[08:17:51] Predicting coding sequences
[08:17:51] Contigs total 5928834 bp, so using single mode
[08:17:51] Running: prodigal -i \.\.\/\.\.\/Data\/Chen_Analysis\/Prokka\/Bacteria\/GOMC\.bin\.11680\/GOMC\.bin\.11680\.fna -c -m -g 11 -p single -f sco -q
[08:17:58] Found 4538 CDS
[08:17:58] Connecting features back to sequences
[08:17:58] Not using genus-specific database. Try --usegenus to enable it.
[08:17:58] Annotating CDS, please be patient.
[08:17:58] Will use 4 CPUs for similarity searching.
[08:17:59] There are still 4538 unannotated CDS left (started with 4538)
[08:17:59] Will use blast to search against /home/joao_facio/miniconda3/envs/prokka/db/kingdom/Bacteria/IS with 4 CPUs
[08:17:59] Running: cat \.\.\/\.\.\/Data\/Chen_Analysis\/Prokka\/Bacteria\/GOMC\.bin\.11680\/GOMC\.bin\.11680\.IS\.tmp\.3235924\.faa | parallel --gnu --plain -j 4 --block 195211 --recstart '>' --pipe blastp -query - -db /home/joao_facio/miniconda3/envs/prokka/db/kingdom/Bacteria/IS -evalue 1e-30 -qcov_hsp_perc 90 -num_threads 1 -num_descriptions 1 -num_alignments 1 -seg no > \.\.\/\.\.\/Data\/Chen_Analysis\/Prokka\/Bacteria\/GOMC\.bin\.11680\/GOMC\.bin\.11680\.IS\.tmp\.3235924\.blast 2> /dev/null
[08:18:14] Deleting unwanted file: ../../Data/Chen_Analysis/Prokka/Bacteria/GOMC.bin.11680/GOMC.bin.11680.IS.tmp.3235924.faa
[08:18:14] Deleting unwanted file: ../../Data/Chen_Analysis/Prokka/Bacteria/GOMC.bin.11680/GOMC.bin.11680.IS.tmp.3235924.blast
[08:18:14] There are still 4532 unannotated CDS left (started with 4538)
[08:18:14] Will use blast to search against /home/joao_facio/miniconda3/envs/prokka/db/kingdom/Bacteria/AMR with 4 CPUs
[08:18:14] Running: cat \.\.\/\.\.\/Data\/Chen_Analysis\/Prokka\/Bacteria\/GOMC\.bin\.11680\/GOMC\.bin\.11680\.AMR\.tmp\.3235924\.faa | parallel --gnu --plain -j 4 --block 194954 --recstart '>' --pipe blastp -query - -db /home/joao_facio/miniconda3/envs/prokka/db/kingdom/Bacteria/AMR -evalue 1e-300 -qcov_hsp_perc 90 -num_threads 1 -num_descriptions 1 -num_alignments 1 -seg no > \.\.\/\.\.\/Data\/Chen_Analysis\/Prokka\/Bacteria\/GOMC\.bin\.11680\/GOMC\.bin\.11680\.AMR\.tmp\.3235924\.blast 2> /dev/null
[08:18:26] Deleting unwanted file: ../../Data/Chen_Analysis/Prokka/Bacteria/GOMC.bin.11680/GOMC.bin.11680.AMR.tmp.3235924.faa
[08:18:26] Deleting unwanted file: ../../Data/Chen_Analysis/Prokka/Bacteria/GOMC.bin.11680/GOMC.bin.11680.AMR.tmp.3235924.blast
[08:18:26] There are still 4532 unannotated CDS left (started with 4538)
[08:18:26] Will use blast to search against /home/joao_facio/miniconda3/envs/prokka/db/kingdom/Bacteria/sprot with 4 CPUs
[08:18:26] Running: cat \.\.\/\.\.\/Data\/Chen_Analysis\/Prokka\/Bacteria\/GOMC\.bin\.11680\/GOMC\.bin\.11680\.sprot\.tmp\.3235924\.faa | parallel --gnu --plain -j 4 --block 194954 --recstart '>' --pipe blastp -query - -db /home/joao_facio/miniconda3/envs/prokka/db/kingdom/Bacteria/sprot -evalue 1e-09 -qcov_hsp_perc 80 -num_threads 1 -num_descriptions 1 -num_alignments 1 -seg no > \.\.\/\.\.\/Data\/Chen_Analysis\/Prokka\/Bacteria\/GOMC\.bin\.11680\/GOMC\.bin\.11680\.sprot\.tmp\.3235924\.blast 2> /dev/null
[08:19:28] Modify product: Acetyltransferase PA3944 => Acetyltransferase
[08:19:28] Modify product: Uncharacterized ABC transporter ATP-binding protein YxlF => putative ABC transporter ATP-binding protein YxlF
[08:19:28] Modify product: Uncharacterized protein YqeY => putative protein YqeY
[08:19:28] Modify product: Probable 3-hydroxybutyryl-CoA dehydrogenase => putative 3-hydroxybutyryl-CoA dehydrogenase
[08:19:28] Modify product: Monocarboxylate 2-oxoacid-binding periplasmic protein all3028 => Monocarboxylate 2-oxoacid-binding periplasmic protein
[08:19:28] Modify product: Uncharacterized ABC transporter ATP-binding protein YknY => putative ABC transporter ATP-binding protein YknY
[08:19:28] Modify product: Probable GTP-binding protein EngB => putative GTP-binding protein EngB
[08:19:28] Modify product: Uncharacterized protein YedJ => putative protein YedJ
[08:19:28] Modify product: Probable transcriptional regulatory protein HP_0162 => putative transcriptional regulatory protein
[08:19:28] Modify product: Uncharacterized protein Rv2307c => putative protein
[08:19:28] Modify product: Uncharacterized protein YjbR => putative protein YjbR
[08:19:28] Modify product: Probable xanthine dehydrogenase subunit A => putative xanthine dehydrogenase subunit A
[08:19:28] Modify product: Uncharacterized protein YcgM => putative protein YcgM
[08:19:28] Modify product: Uncharacterized epimerase/dehydratase SA0511 => putative epimerase/dehydratase
[08:19:28] Modify product: Sulfurtransferase Alvin_2599 => Sulfurtransferase
[08:19:28] Modify product: UPF0176 protein YceA => hypothetical protein
[08:19:28] Modify product: Probable nicotinate-nucleotide pyrophosphorylase [carboxylating] => putative nicotinate-nucleotide pyrophosphorylase [carboxylating]
[08:19:28] Modify product: Uncharacterized symporter YidK => putative symporter YidK
[08:19:28] Modify product: Putative zinc metalloprotease aq_1964 => Putative zinc metalloprotease
[08:19:28] Modify product: Uncharacterized zinc protease Rv2782c => putative zinc protease
[08:19:28] Modify product: Probable peptidoglycan glycosyltransferase FtsW => putative peptidoglycan glycosyltransferase FtsW
[08:19:28] Modify product: UPF0701 protein HI_0467 => hypothetical protein
[08:19:28] Modify product: Probable murein peptide carboxypeptidase => putative murein peptide carboxypeptidase
[08:19:28] Modify product: Uncharacterized RNA pseudouridine synthase Rv1540 => putative RNA pseudouridine synthase
[08:19:28] Modify product: Uncharacterized protein Rv2915c => putative protein
[08:19:28] Modify product: UPF0382 membrane protein YwdK => hypothetical protein
[08:19:28] Modify product: UPF0053 protein HI_0107 => hypothetical protein
[08:19:28] Modify product: Uncharacterized oxidoreductase SA2266 => putative oxidoreductase
[08:19:28] Modify product: Putative serine esterase Rv1835c => Putative serine esterase
[08:19:28] Modify product: Probable 2,4-dienoyl-CoA reductase => putative 2,4-dienoyl-CoA reductase
[08:19:28] Modify product: Uncharacterized ABC transporter ATP-binding protein YbiT => putative ABC transporter ATP-binding protein YbiT
[08:19:28] Modify product: Bifunctional protein FolD => Bifunctional protein FolD protein
[08:19:28] Modify product: Cytochrome c oxidase subunit 1 homolog, bacteroid => Cytochrome c oxidase subunit 1 , bacteroid
[08:19:28] Modify product: Putative esterase PA1618 => Putative esterase
[08:19:28] Modify product: Uncharacterized ABC transporter ATP-binding protein YknY => putative ABC transporter ATP-binding protein YknY
[08:19:28] Modify product: UPF0073 inner membrane protein YqfA => hypothetical protein
[08:19:28] Modify product: Probable 3-hydroxyacyl-CoA dehydrogenase => putative 3-hydroxyacyl-CoA dehydrogenase
[08:19:28] Modify product: UPF0173 metal-dependent hydrolase TM_1162 => hypothetical protein
[08:19:28] Modify product: UPF0173 metal-dependent hydrolase TM_1162 => hypothetical protein
[08:19:28] Modify product: Uncharacterized protein HI_0933 => putative protein
[08:19:29] Modify product: Probable ABC transporter binding protein NosD => putative ABC transporter binding protein NosD
[08:19:29] Modify product: Uncharacterized protein YyaP => putative protein YyaP
[08:19:29] Modify product: UPF0102 protein RPA0323 => hypothetical protein
[08:19:29] Modify product: Putative multidrug export ATP-binding/permease protein SAV1866 => Putative multidrug export ATP-binding/permease protein
[08:19:29] Modify product: Uncharacterized glycosyltransferase Rv0539 => putative glycosyltransferase
[08:19:29] Modify product: UPF0758 protein CT0611 => hypothetical protein
[08:19:29] Modify product: UPF0053 inner membrane protein YfjD => hypothetical protein
[08:19:29] Modify product: Probable ribonucleotide transport ATP-binding protein mkl => putative ribonucleotide transport ATP-binding protein mkl
[08:19:29] Modify product: Uncharacterized DapA-like lyase => putative DapA-like lyase
[08:19:29] Modify product: Uncharacterized ABC transporter ATP-binding protein YheS => putative ABC transporter ATP-binding protein YheS
[08:19:29] Modify product: Probable sulfate transporter Rv1739c => putative sulfate transporter
[08:19:29] Modify product: Probable enoyl-CoA hydratase => putative enoyl-CoA hydratase
[08:19:29] Modify product: Uncharacterized protein YciO => putative protein YciO
[08:19:29] Modify product: Uncharacterized protein HI_1162 => putative protein
[08:19:29] Modify product: Uncharacterized ABC transporter ATP-binding protein TM_0288 => putative ABC transporter ATP-binding protein
[08:19:29] Modify product: Probable iron-sulfur-binding oxidoreductase FadF => putative iron-sulfur-binding oxidoreductase FadF
[08:19:29] Modify product: Probable iron-sulfur-binding oxidoreductase FadF => putative iron-sulfur-binding oxidoreductase FadF
[08:19:29] Modify product: Riboflavin biosynthesis protein VVA0006 => Riboflavin biosynthesis protein
[08:19:29] Modify product: Uncharacterized protein YehL => putative protein YehL
[08:19:29] Modify product: Uncharacterized ABC transporter ATP-binding protein YknY => putative ABC transporter ATP-binding protein YknY
[08:19:29] Modify product: Probable acyl-CoA dehydrogenase => putative acyl-CoA dehydrogenase
[08:19:29] Modify product: Nucleoid-associated protein Cthe_2143 => Nucleoid-associated protein
[08:19:29] Modify product: Probable FKBP-type peptidyl-prolyl cis-trans isomerase FkpA => putative FKBP-type peptidyl-prolyl cis-trans isomerase FkpA
[08:19:29] Modify product: Uncharacterized ABC transporter ATP-binding protein YknY => putative ABC transporter ATP-binding protein YknY
[08:19:29] Modify product: Probable succinyl-CoA:3-ketoacid coenzyme A transferase subunit B => putative succinyl-CoA:3-ketoacid coenzyme A transferase subunit B
[08:19:29] Modify product: Probable succinyl-CoA:3-ketoacid coenzyme A transferase subunit A => putative succinyl-CoA:3-ketoacid coenzyme A transferase subunit A
[08:19:29] Modify product: Uncharacterized protein Rv1288 => putative protein
[08:19:29] Modify product: Acetyltransferase PA3944 => Acetyltransferase
[08:19:29] Modify product: Tricorn protease homolog 1 => Tricorn protease 
[08:19:29] Modify product: UPF0098 protein YbcL => hypothetical protein
[08:19:29] Modify product: Uncharacterized oxidoreductase Rv2900c => putative oxidoreductase
[08:19:29] Modify product: SCO1 protein homolog => SCO1 protein 
[08:19:29] Modify product: Uncharacterized protein YpjD => putative protein YpjD
[08:19:29] Modify product: Uncharacterized ABC transporter ATP-binding protein YbiT => putative ABC transporter ATP-binding protein YbiT
[08:19:29] Modify product: Epimerase family protein SA0724 => Epimerase family protein
[08:19:29] Modify product: Putative trans-acting enoyl reductase Rv2449c => Putative trans-acting enoyl reductase
[08:19:29] Modify product: Putative cystathionine beta-synthase Rv1077 => Putative cystathionine beta-synthase
[08:19:29] Modify product: Probable adenylyltransferase/sulfurtransferase MoeZ => putative adenylyltransferase/sulfurtransferase MoeZ
[08:19:29] Modify product: Probable propionyl-CoA carboxylase beta chain 5 => putative propionyl-CoA carboxylase beta chain 5
[08:19:29] Modify product: Probable FKBP-type peptidyl-prolyl cis-trans isomerase => putative FKBP-type peptidyl-prolyl cis-trans isomerase
[08:19:29] Modify product: Probable FKBP-type peptidyl-prolyl cis-trans isomerase FkpA => putative FKBP-type peptidyl-prolyl cis-trans isomerase FkpA
[08:19:29] Modify product: Uncharacterized protein Rv2000 => putative protein
[08:19:29] Modify product: Putative multidrug export ATP-binding/permease protein SAV1866 => Putative multidrug export ATP-binding/permease protein
[08:19:29] Modify product: Thioredoxin-like protein slr0233 => Thioredoxin-like protein
[08:19:29] Modify product: Putative acyltransferase Rv0859 => Putative acyltransferase
[08:19:29] Modify product: Uncharacterized zinc protease Rv2782c => putative zinc protease
[08:19:29] Modify product: UPF0126 inner membrane protein YicG => hypothetical protein
[08:19:29] Modify product: GTP cyclohydrolase 1 type 2 homolog => GTP cyclohydrolase 1 type 2 
[08:19:29] Modify product: Probable multidrug resistance ABC transporter ATP-binding/permease protein YheH => putative multidrug resistance ABC transporter ATP-binding/permease protein YheH
[08:19:29] Modify product: DNA-binding protein VF_0530 => DNA-binding protein
[08:19:29] Modify product: Uncharacterized protein Rv1367c => putative protein
[08:19:29] Modify product: SusD-like protein BACOVA_02651 => SusD-like protein
[08:19:29] Modify product: Putative low molecular weight protein-tyrosine-phosphatase slr0328 => Putative low molecular weight protein-tyrosine-phosphatase
[08:19:29] Modify product: Probable glycerol-3-phosphate dehydrogenase 2 [NAD(P)+] => putative glycerol-3-phosphate dehydrogenase 2 [NAD(P)+]
[08:19:29] Modify product: Uncharacterized protein Rv2307c => putative protein
[08:19:29] Modify product: Uncharacterized protein YqeN => putative protein YqeN
[08:19:29] Modify product: Epimerase family protein SA0724 => Epimerase family protein
[08:19:29] Modify product: Uncharacterized protein Rv1498c => putative protein
[08:19:29] Modify product: Probable malate:quinone oxidoreductase 1 => putative malate:quinone oxidoreductase 1
[08:19:29] Modify product: Probable multidrug resistance ABC transporter ATP-binding/permease protein YheI => putative multidrug resistance ABC transporter ATP-binding/permease protein YheI
[08:19:29] Modify product: Probable multidrug ABC transporter permease YbhR => putative multidrug ABC transporter permease YbhR
[08:19:29] Modify product: Probable multidrug ABC transporter permease YbhS => putative multidrug ABC transporter permease YbhS
[08:19:29] Modify product: Probable multidrug ABC transporter ATP-binding protein YbhF => putative multidrug ABC transporter ATP-binding protein YbhF
[08:19:29] Modify product: UPF0403 protein YphP => hypothetical protein
[08:19:29] Modify product: Probable enoyl-CoA hydratase 1 => putative enoyl-CoA hydratase 1
[08:19:29] Modify product: GTP-binding protein TypA/BipA homolog => GTP-binding protein TypA/BipA 
[08:19:29] Modify product: Ribonuclease TTHA0252 => Ribonuclease
[08:19:29] Modify product: UPF0145 protein BCE33L0904 => hypothetical protein
[08:19:29] Modify product: Peptidoglycan-N-acetylglucosamine deacetylase BC_3618 => Peptidoglycan-N-acetylglucosamine deacetylase
[08:19:29] Modify product: UPF0056 inner membrane protein YhgN => hypothetical protein
[08:19:29] Modify product: Uncharacterized inner membrane transporter YedA => putative inner membrane transporter YedA
[08:19:29] Modify product: Tricorn protease homolog 1 => Tricorn protease 
[08:19:29] Modify product: Uncharacterized sugar kinase YdjH => putative sugar kinase YdjH
[08:19:29] Modify product: Probable dual-specificity RNA methyltransferase RlmN => putative dual-specificity RNA methyltransferase RlmN
[08:19:29] Modify product: Probable xanthine dehydrogenase subunit A => putative xanthine dehydrogenase subunit A
[08:19:29] Modify product: Uncharacterized transporter YycB => putative transporter YycB
[08:19:29] Modify product: Uncharacterized protein Rv0959 => putative protein
[08:19:29] Modify product: Uncharacterized acyl-CoA thioester hydrolase HI_0827 => putative acyl-CoA thioester hydrolase
[08:19:29] Modify product: Putative acyltransferase Rv0859 => Putative acyltransferase
[08:19:29] Modify product: Probable HTH-type transcriptional regulator YgaV => putative HTH-type transcriptional regulator YgaV
[08:19:29] Modify product: Probable sulfate transporter Rv1739c => putative sulfate transporter
[08:19:29] Modify product: Nitrilase blr3397 => Nitrilase
[08:19:29] Modify product: Uncharacterized glycosyltransferase sll0501 => putative glycosyltransferase
[08:19:29] Modify product: Uncharacterized protein Rv1480 => putative protein
[08:19:29] Modify product: Uncharacterized isomerase YddE => putative isomerase YddE
[08:19:29] Modify product: Uncharacterized protein YhaP => putative protein YhaP
[08:19:29] Modify product: Putative bifunctional exonuclease/endonuclease protein Rv2191 => Putative bifunctional exonuclease/endonuclease protein
[08:19:29] Modify product: Uncharacterized protein Rv2307c => putative protein
[08:19:29] Modify product: Uncharacterized symporter YidK => putative symporter YidK
[08:19:29] Modify product: Uncharacterized protein HI_1163 => putative protein
[08:19:29] Cleaned 130 /product names
[08:19:29] Deleting unwanted file: ../../Data/Chen_Analysis/Prokka/Bacteria/GOMC.bin.11680/GOMC.bin.11680.sprot.tmp.3235924.faa
[08:19:29] Deleting unwanted file: ../../Data/Chen_Analysis/Prokka/Bacteria/GOMC.bin.11680/GOMC.bin.11680.sprot.tmp.3235924.blast
[08:19:30] There are still 3291 unannotated CDS left (started with 4538)
[08:19:30] Will use hmmer3 to search against /home/joao_facio/miniconda3/envs/prokka/db/hmm/HAMAP.hmm with 4 CPUs
[08:19:30] Running: cat \.\.\/\.\.\/Data\/Chen_Analysis\/Prokka\/Bacteria\/GOMC\.bin\.11680\/GOMC\.bin\.11680\.HAMAP\.hmm\.tmp\.3235924\.faa | parallel --gnu --plain -j 4 --block 138777 --recstart '>' --pipe hmmscan --noali --notextw --acc -E 1e-09 --cpu 1 /home/joao_facio/miniconda3/envs/prokka/db/hmm/HAMAP.hmm /dev/stdin > \.\.\/\.\.\/Data\/Chen_Analysis\/Prokka\/Bacteria\/GOMC\.bin\.11680\/GOMC\.bin\.11680\.HAMAP\.hmm\.tmp\.3235924\.hmmer3 2> /dev/null
[08:19:53] Modify product: Uncharacterized MFS-type transporter YfcJ => putative MFS-type transporter YfcJ
[08:19:53] Cleaned 1 /product names
[08:19:53] Deleting unwanted file: ../../Data/Chen_Analysis/Prokka/Bacteria/GOMC.bin.11680/GOMC.bin.11680.HAMAP.hmm.tmp.3235924.faa
[08:19:53] Deleting unwanted file: ../../Data/Chen_Analysis/Prokka/Bacteria/GOMC.bin.11680/GOMC.bin.11680.HAMAP.hmm.tmp.3235924.hmmer3
[08:19:53] Labelling remaining 2915 proteins as 'hypothetical protein'
[08:19:53] Possible /pseudo 'Beta-barrel assembly-enhancing protease' at k63_4998716 position 13053
[08:19:53] Possible /pseudo 'Tryptophan decarboxylase' at k63_7900272 position 12018
[08:19:53] Possible /pseudo 'putative iron-sulfur-binding oxidoreductase FadF' at k63_9420808 position 5197
[08:19:53] Possible /pseudo 'ATP-dependent Clp protease ATP-binding subunit ClpX' at k63_1580367 position 1270
[08:19:53] Possible /pseudo 'Macrolide export ATP-binding/permease protein MacB' at k63_5161103 position 2662
[08:19:53] Possible /pseudo 'Thiol:disulfide interchange protein DsbD' at k63_8063421 position 3030
[08:19:53] Possible /pseudo 'GMP reductase' at k63_10206593 position 11273
[08:19:53] Possible /pseudo 'Acetyl-coenzyme A synthetase' at k63_9628878 position 2534
[08:19:53] Possible /pseudo 'ADP-ribosyl-[dinitrogen reductase] glycohydrolase' at k63_3956500 position 1169
[08:19:53] Possible /pseudo 'ATP synthase subunit b' at k63_2623543 position 7353
[08:19:53] Found 1089 unique /gene codes.
[08:19:53] Fixed 2 duplicate /gene - hisB_1 hisB_2
[08:19:53] Fixed 2 duplicate /gene - menA_1 menA_2
[08:19:53] Fixed 3 duplicate /gene - mdtC_1 mdtC_2 mdtC_3
[08:19:53] Fixed 6 duplicate /gene - ycf3_1 ycf3_2 ycf3_3 ycf3_4 ycf3_5 ycf3_6
[08:19:53] Fixed 2 duplicate /gene - lolE_1 lolE_2
[08:19:53] Fixed 2 duplicate /gene - rsmI_1 rsmI_2
[08:19:53] Fixed 2 duplicate /gene - xerC_1 xerC_2
[08:19:53] Fixed 2 duplicate /gene - mutS2_1 mutS2_2
[08:19:53] Fixed 2 duplicate /gene - acpP_1 acpP_2
[08:19:53] Fixed 3 duplicate /gene - lolD_1 lolD_2 lolD_3
[08:19:53] Fixed 4 duplicate /gene - walR_1 walR_2 walR_3 walR_4
[08:19:53] Fixed 3 duplicate /gene - mpdB_1 mpdB_2 mpdB_3
[08:19:53] Fixed 2 duplicate /gene - dapE_1 dapE_2
[08:19:53] Fixed 2 duplicate /gene - lrp_1 lrp_2
[08:19:53] Fixed 5 duplicate /gene - cpoB_1 cpoB_2 cpoB_3 cpoB_4 cpoB_5
[08:19:53] Fixed 3 duplicate /gene - rbn_1 rbn_2 rbn_3
[08:19:53] Fixed 8 duplicate /gene - rcsC_1 rcsC_2 rcsC_3 rcsC_4 rcsC_5 rcsC_6 rcsC_7 rcsC_8
[08:19:53] Fixed 2 duplicate /gene - hldD_1 hldD_2
[08:19:53] Fixed 2 duplicate /gene - cshA_1 cshA_2
[08:19:53] Fixed 2 duplicate /gene - sucB_1 sucB_2
[08:19:53] Fixed 2 duplicate /gene - lytR_1 lytR_2
[08:19:53] Fixed 2 duplicate /gene - cph1_1 cph1_2
[08:19:53] Fixed 4 duplicate /gene - bamA_1 bamA_2 bamA_3 bamA_4
[08:19:53] Fixed 4 duplicate /gene - trxA_1 trxA_2 trxA_3 trxA_4
[08:19:53] Fixed 2 duplicate /gene - hup_1 hup_2
[08:19:53] Fixed 2 duplicate /gene - apbE_1 apbE_2
[08:19:53] Fixed 2 duplicate /gene - recF_1 recF_2
[08:19:53] Fixed 2 duplicate /gene - glgB_1 glgB_2
[08:19:53] Fixed 2 duplicate /gene - trpF_1 trpF_2
[08:19:53] Fixed 3 duplicate /gene - iscS_1 iscS_2 iscS_3
[08:19:53] Fixed 3 duplicate /gene - slyA_1 slyA_2 slyA_3
[08:19:53] Fixed 2 duplicate /gene - trmR_1 trmR_2
[08:19:53] Fixed 4 duplicate /gene - gloB_1 gloB_2 gloB_3 gloB_4
[08:19:53] Fixed 2 duplicate /gene - accA1_1 accA1_2
[08:19:53] Fixed 2 duplicate /gene - mutS_1 mutS_2
[08:19:53] Fixed 2 duplicate /gene - mtgA_1 mtgA_2
[08:19:53] Fixed 3 duplicate /gene - tolB_1 tolB_2 tolB_3
[08:19:53] Fixed 25 duplicate /gene - pal_1 pal_2 pal_3 pal_4 pal_5 pal_6 pal_7 pal_8 pal_9 pal_10 pal_11 pal_12 pal_13 pal_14 pal_15 pal_16 pal_17 pal_18 pal_19 pal_20 pal_21 pal_22 pal_23 pal_24 pal_25
[08:19:53] Fixed 3 duplicate /gene - mntR_1 mntR_2 mntR_3
[08:19:53] Fixed 2 duplicate /gene - pyrR_1 pyrR_2
[08:19:53] Fixed 2 duplicate /gene - nfdA_1 nfdA_2
[08:19:53] Fixed 2 duplicate /gene - dap_1 dap_2
[08:19:53] Fixed 2 duplicate /gene - iaaA_1 iaaA_2
[08:19:53] Fixed 3 duplicate /gene - phoP_1 phoP_2 phoP_3
[08:19:53] Fixed 2 duplicate /gene - pccB_1 pccB_2
[08:19:53] Fixed 2 duplicate /gene - gyrB_1 gyrB_2
[08:19:53] Fixed 2 duplicate /gene - atpF_1 atpF_2
[08:19:53] Fixed 2 duplicate /gene - guaC_1 guaC_2
[08:19:53] Fixed 3 duplicate /gene - hcf136_1 hcf136_2 hcf136_3
[08:19:53] Fixed 2 duplicate /gene - nudC_1 nudC_2
[08:19:53] Fixed 2 duplicate /gene - ggt_1 ggt_2
[08:19:53] Fixed 4 duplicate /gene - btuD_1 btuD_2 btuD_3 btuD_4
[08:19:53] Fixed 2 duplicate /gene - surA_1 surA_2
[08:19:53] Fixed 2 duplicate /gene - nadE_1 nadE_2
[08:19:53] Fixed 2 duplicate /gene - dap4_1 dap4_2
[08:19:53] Fixed 5 duplicate /gene - rhaS_1 rhaS_2 rhaS_3 rhaS_4 rhaS_5
[08:19:53] Fixed 2 duplicate /gene - doeB_1 doeB_2
[08:19:53] Fixed 2 duplicate /gene - asnC_1 asnC_2
[08:19:53] Fixed 3 duplicate /gene - dapb3_1 dapb3_2 dapb3_3
[08:19:53] Fixed 2 duplicate /gene - rppH_1 rppH_2
[08:19:53] Fixed 2 duplicate /gene - plsB_1 plsB_2
[08:19:53] Fixed 2 duplicate /gene - sigH_1 sigH_2
[08:19:53] Fixed 2 duplicate /gene - ettA_1 ettA_2
[08:19:53] Fixed 2 duplicate /gene - rssB_1 rssB_2
[08:19:53] Fixed 2 duplicate /gene - fabF_1 fabF_2
[08:19:53] Fixed 2 duplicate /gene - fadJ_1 fadJ_2
[08:19:53] Fixed 2 duplicate /gene - fabG_1 fabG_2
[08:19:53] Fixed 4 duplicate /gene - patA_1 patA_2 patA_3 patA_4
[08:19:53] Fixed 2 duplicate /gene - nhaP_1 nhaP_2
[08:19:53] Fixed 2 duplicate /gene - ybiT_1 ybiT_2
[08:19:53] Fixed 2 duplicate /gene - decR_1 decR_2
[08:19:53] Fixed 2 duplicate /gene - nfuA_1 nfuA_2
[08:19:53] Fixed 2 duplicate /gene - der_1 der_2
[08:19:53] Fixed 2 duplicate /gene - acsA_1 acsA_2
[08:19:53] Fixed 2 duplicate /gene - ligA_1 ligA_2
[08:19:53] Fixed 3 duplicate /gene - lpxH_1 lpxH_2 lpxH_3
[08:19:53] Fixed 2 duplicate /gene - soj_1 soj_2
[08:19:53] Fixed 2 duplicate /gene - kynB_1 kynB_2
[08:19:53] Fixed 2 duplicate /gene - sufS_1 sufS_2
[08:19:53] Fixed 3 duplicate /gene - sigA_1 sigA_2 sigA_3
[08:19:53] Fixed 2 duplicate /gene - yfiC_1 yfiC_2
[08:19:53] Fixed 2 duplicate /gene - crt_1 crt_2
[08:19:53] Fixed 5 duplicate /gene - btsR_1 btsR_2 btsR_3 btsR_4 btsR_5
[08:19:53] Fixed 2 duplicate /gene - dagK_1 dagK_2
[08:19:53] Fixed 2 duplicate /gene - yidK_1 yidK_2
[08:19:53] Fixed 3 duplicate /gene - pgl_1 pgl_2 pgl_3
[08:19:53] Fixed 2 duplicate /gene - iolE_1 iolE_2
[08:19:53] Fixed 2 duplicate /gene - pucA_1 pucA_2
[08:19:53] Fixed 2 duplicate /gene - dnaE_1 dnaE_2
[08:19:53] Fixed 2 duplicate /gene - acdA_1 acdA_2
[08:19:53] Fixed 3 duplicate /gene - clpX_1 clpX_2 clpX_3
[08:19:53] Fixed 2 duplicate /gene - rmlD_1 rmlD_2
[08:19:53] Fixed 2 duplicate /gene - fabH_1 fabH_2
[08:19:53] Fixed 2 duplicate /gene - dnaK_1 dnaK_2
[08:19:53] Fixed 2 duplicate /gene - susC_1 susC_2
[08:19:53] Fixed 2 duplicate /gene - draG_1 draG_2
[08:19:53] Fixed 3 duplicate /gene - ruvB_1 ruvB_2 ruvB_3
[08:19:53] Fixed 4 duplicate /gene - yknY_1 yknY_2 yknY_3 yknY_4
[08:19:53] Fixed 2 duplicate /gene - mnmC_1 mnmC_2
[08:19:53] Fixed 2 duplicate /gene - abgB_1 abgB_2
[08:19:53] Fixed 2 duplicate /gene - fadF_1 fadF_2
[08:19:53] Fixed 4 duplicate /gene - IMPDH_1 IMPDH_2 IMPDH_3 IMPDH_4
[08:19:53] Fixed 15 duplicate /gene - btuB_1 btuB_2 btuB_3 btuB_4 btuB_5 btuB_6 btuB_7 btuB_8 btuB_9 btuB_10 btuB_11 btuB_12 btuB_13 btuB_14 btuB_15
[08:19:53] Fixed 13 duplicate /gene - resA_1 resA_2 resA_3 resA_4 resA_5 resA_6 resA_7 resA_8 resA_9 resA_10 resA_11 resA_12 resA_13
[08:19:53] Fixed 4 duplicate /gene - atoC_1 atoC_2 atoC_3 atoC_4
[08:19:53] Fixed 4 duplicate /gene - rpoE_1 rpoE_2 rpoE_3 rpoE_4
[08:19:53] Fixed 4 duplicate /gene - macB_1 macB_2 macB_3 macB_4
[08:19:53] Fixed 2 duplicate /gene - kdsA_1 kdsA_2
[08:19:53] Fixed 3 duplicate /gene - fadA_1 fadA_2 fadA_3
[08:19:53] Fixed 4 duplicate /gene - fadB_1 fadB_2 fadB_3 fadB_4
[08:19:53] Fixed 3 duplicate /gene - recD2_1 recD2_2 recD2_3
[08:19:53] Fixed 2 duplicate /gene - kbp_1 kbp_2
[08:19:53] Fixed 2 duplicate /gene - dksA_1 dksA_2
[08:19:53] Fixed 7 duplicate /gene - algU_1 algU_2 algU_3 algU_4 algU_5 algU_6 algU_7
[08:19:53] Fixed 2 duplicate /gene - lptD_1 lptD_2
[08:19:53] Fixed 2 duplicate /gene - tri1_1 tri1_2
[08:19:53] Fixed 4 duplicate /gene - ypdB_1 ypdB_2 ypdB_3 ypdB_4
[08:19:53] Fixed 2 duplicate /gene - cndB2_1 cndB2_2
[08:19:53] Fixed 2 duplicate /gene - yabJ_1 yabJ_2
[08:19:53] Fixed 2 duplicate /gene - lagD_1 lagD_2
[08:19:53] Fixed 2 duplicate /gene - dxs_1 dxs_2
[08:19:53] Fixed 2 duplicate /gene - fkpA_1 fkpA_2
[08:19:53] Fixed 2 duplicate /gene - dapF_1 dapF_2
[08:19:53] Fixed 4 duplicate /gene - sigW_1 sigW_2 sigW_3 sigW_4
[08:19:53] Fixed 2 duplicate /gene - mscS_1 mscS_2
[08:19:53] Fixed 3 duplicate /gene - fadH_1 fadH_2 fadH_3
[08:19:53] Fixed 2 duplicate /gene - trmH_1 trmH_2
[08:19:53] Fixed 2 duplicate /gene - fucP_1 fucP_2
[08:19:53] Fixed 2 duplicate /gene - slyD_1 slyD_2
[08:19:53] Fixed 2 duplicate /gene - ppa_1 ppa_2
[08:19:53] Fixed 2 duplicate /gene - hutI_1 hutI_2
[08:19:53] Fixed 2 duplicate /gene - nreC_1 nreC_2
[08:19:53] Fixed 2 duplicate /gene - def_1 def_2
[08:19:53] Fixed 2 duplicate /gene - mscL_1 mscL_2
[08:19:53] Fixed 2 duplicate /gene - cysQ_1 cysQ_2
[08:19:53] Fixed 2 duplicate /gene - hpf_1 hpf_2
[08:19:53] Fixed 2 duplicate /gene - mprA_1 mprA_2
[08:19:53] Fixed 2 duplicate /gene - COQ3_1 COQ3_2
[08:19:53] Fixed 2 duplicate /gene - rcp1_1 rcp1_2
[08:19:53] Fixed 24 duplicate /gene - sasA_1 sasA_2 sasA_3 sasA_4 sasA_5 sasA_6 sasA_7 sasA_8 sasA_9 sasA_10 sasA_11 sasA_12 sasA_13 sasA_14 sasA_15 sasA_16 sasA_17 sasA_18 sasA_19 sasA_20 sasA_21 sasA_22 sasA_23 sasA_24
[08:19:53] Fixed 2 duplicate /gene - truA_1 truA_2
[08:19:53] Fixed 2 duplicate /gene - mhpC_1 mhpC_2
[08:19:53] Fixed 2 duplicate /gene - pnp_1 pnp_2
[08:19:53] Fixed 2 duplicate /gene - nudF_1 nudF_2
[08:19:53] Fixed 2 duplicate /gene - egtB_1 egtB_2
[08:19:53] Fixed 2 duplicate /gene - tolQ_1 tolQ_2
[08:19:53] Fixed 2 duplicate /gene - ysdC_1 ysdC_2
[08:19:53] Fixed 4 duplicate /gene - cpdA_1 cpdA_2 cpdA_3 cpdA_4
[08:19:53] Fixed 4 duplicate /gene - iolG_1 iolG_2 iolG_3 iolG_4
[08:19:53] Fixed 6 duplicate /gene - mshA_1 mshA_2 mshA_3 mshA_4 mshA_5 mshA_6
[08:19:53] Fixed 3 duplicate /gene - COQ5_1 COQ5_2 COQ5_3
[08:19:53] Fixed 4 duplicate /gene - hcaB_1 hcaB_2 hcaB_3 hcaB_4
[08:19:53] Fixed 5 duplicate /gene - sglT_1 sglT_2 sglT_3 sglT_4 sglT_5
[08:19:53] Fixed 6 duplicate /gene - sigE_1 sigE_2 sigE_3 sigE_4 sigE_5 sigE_6
[08:19:53] Fixed 3 duplicate /gene - glpE_1 glpE_2 glpE_3
[08:19:53] Fixed 2 duplicate /gene - sdcS_1 sdcS_2
[08:19:53] Fixed 2 duplicate /gene - speA_1 speA_2
[08:19:53] Fixed 2 duplicate /gene - fusA_1 fusA_2
[08:19:53] Fixed 2 duplicate /gene - yceI_1 yceI_2
[08:19:53] Fixed 3 duplicate /gene - ccp_1 ccp_2 ccp_3
[08:19:53] Fixed 2 duplicate /gene - bicA_1 bicA_2
[08:19:53] Fixed 3 duplicate /gene - sigR_1 sigR_2 sigR_3
[08:19:53] Fixed 2 duplicate /gene - alsT_1 alsT_2
[08:19:53] Fixed 2 duplicate /gene - recQ_1 recQ_2
[08:19:53] Fixed 2 duplicate /gene - sadH_1 sadH_2
[08:19:53] Fixed 2 duplicate /gene - lpxD_1 lpxD_2
[08:19:53] Fixed 4 duplicate /gene - rhlE_1 rhlE_2 rhlE_3 rhlE_4
[08:19:53] Fixed 2 duplicate /gene - murG_1 murG_2
[08:19:53] Fixed 2 duplicate /gene - mdtA_1 mdtA_2
[08:19:53] Fixed 2 duplicate /gene - rnhA_1 rnhA_2
[08:19:53] Fixed 2 duplicate /gene - hisC_1 hisC_2
[08:19:53] Fixed 2 duplicate /gene - crtA_1 crtA_2
[08:19:53] Fixed 7 duplicate /gene - bepA_1 bepA_2 bepA_3 bepA_4 bepA_5 bepA_6 bepA_7
[08:19:53] Fixed 2 duplicate /gene - ompA_1 ompA_2
[08:19:53] Fixed 7 duplicate /gene - dsbD_1 dsbD_2 dsbD_3 dsbD_4 dsbD_5 dsbD_6 dsbD_7
[08:19:53] Fixed 2 duplicate /gene - uvrA_1 uvrA_2
[08:19:53] Fixed 3 duplicate /gene - ade_1 ade_2 ade_3
[08:19:53] Fixed 2 duplicate /gene - smc_1 smc_2
[08:19:53] Fixed 3 duplicate /gene - yfeW_1 yfeW_2 yfeW_3
[08:19:53] Fixed 3 duplicate /gene - qorA_1 qorA_2 qorA_3
[08:19:53] Fixed 2 duplicate /gene - prs_1 prs_2
[08:19:53] Fixed 181 colliding /gene names.
[08:19:53] Adding /locus_tag identifiers
[08:19:53] Assigned 4565 locus_tags to CDS and RNA features.
[08:19:53] Writing outputs to ../../Data/Chen_Analysis/Prokka/Bacteria/GOMC.bin.11680/
[08:19:54] Generating annotation statistics file
[08:19:54] Generating Genbank and Sequin files
[08:19:54] Running: tbl2asn -V b -a r10k -l paired-ends -M n -N 1 -y 'Annotated using prokka 1.14.6 from https://github.com/tseemann/prokka' -Z \.\.\/\.\.\/Data\/Chen_Analysis\/Prokka\/Bacteria\/GOMC\.bin\.11680\/GOMC\.bin\.11680\.err -i \.\.\/\.\.\/Data\/Chen_Analysis\/Prokka\/Bacteria\/GOMC\.bin\.11680\/GOMC\.bin\.11680\.fsa 2> /dev/null
[08:19:59] Deleting unwanted file: ../../Data/Chen_Analysis/Prokka/Bacteria/GOMC.bin.11680/errorsummary.val
[08:19:59] Deleting unwanted file: ../../Data/Chen_Analysis/Prokka/Bacteria/GOMC.bin.11680/GOMC.bin.11680.dr
[08:19:59] Deleting unwanted file: ../../Data/Chen_Analysis/Prokka/Bacteria/GOMC.bin.11680/GOMC.bin.11680.fixedproducts
[08:19:59] Deleting unwanted file: ../../Data/Chen_Analysis/Prokka/Bacteria/GOMC.bin.11680/GOMC.bin.11680.ecn
[08:19:59] Deleting unwanted file: ../../Data/Chen_Analysis/Prokka/Bacteria/GOMC.bin.11680/GOMC.bin.11680.val
[08:19:59] Repairing broken .GBK output that tbl2asn produces...
[08:19:59] Running: sed 's/COORDINATES: profile/COORDINATES:profile/' < \.\.\/\.\.\/Data\/Chen_Analysis\/Prokka\/Bacteria\/GOMC\.bin\.11680\/GOMC\.bin\.11680\.gbf > \.\.\/\.\.\/Data\/Chen_Analysis\/Prokka\/Bacteria\/GOMC\.bin\.11680\/GOMC\.bin\.11680\.gbk
[08:19:59] Deleting unwanted file: ../../Data/Chen_Analysis/Prokka/Bacteria/GOMC.bin.11680/GOMC.bin.11680.gbf
[08:19:59] Output files:
[08:19:59] ../../Data/Chen_Analysis/Prokka/Bacteria/GOMC.bin.11680/GOMC.bin.11680.tbl
[08:19:59] ../../Data/Chen_Analysis/Prokka/Bacteria/GOMC.bin.11680/GOMC.bin.11680.txt
[08:19:59] ../../Data/Chen_Analysis/Prokka/Bacteria/GOMC.bin.11680/GOMC.bin.11680.log
[08:19:59] ../../Data/Chen_Analysis/Prokka/Bacteria/GOMC.bin.11680/GOMC.bin.11680.faa
[08:19:59] ../../Data/Chen_Analysis/Prokka/Bacteria/GOMC.bin.11680/GOMC.bin.11680.fsa
[08:19:59] ../../Data/Chen_Analysis/Prokka/Bacteria/GOMC.bin.11680/GOMC.bin.11680.ffn
[08:19:59] ../../Data/Chen_Analysis/Prokka/Bacteria/GOMC.bin.11680/GOMC.bin.11680.tsv
[08:19:59] ../../Data/Chen_Analysis/Prokka/Bacteria/GOMC.bin.11680/GOMC.bin.11680.err
[08:19:59] ../../Data/Chen_Analysis/Prokka/Bacteria/GOMC.bin.11680/GOMC.bin.11680.fna
[08:19:59] ../../Data/Chen_Analysis/Prokka/Bacteria/GOMC.bin.11680/GOMC.bin.11680.sqn
[08:19:59] ../../Data/Chen_Analysis/Prokka/Bacteria/GOMC.bin.11680/GOMC.bin.11680.gff
[08:19:59] ../../Data/Chen_Analysis/Prokka/Bacteria/GOMC.bin.11680/GOMC.bin.11680.gbk
[08:19:59] Annotation finished successfully.
[08:19:59] Walltime used: 2.18 minutes
[08:19:59] If you use this result please cite the Prokka paper:
[08:19:59] Seemann T (2014) Prokka: rapid prokaryotic genome annotation. Bioinformatics. 30(14):2068-9.
[08:19:59] Type 'prokka --citation' for more details.
[08:19:59] Share and enjoy!
