[10:45:25] This is prokka 1.14.6
[10:45:25] Written by Torsten Seemann <torsten.seemann@gmail.com>
[10:45:25] Homepage is https://github.com/tseemann/prokka
[10:45:25] Local time is Mon Dec  1 10:45:25 2025
[10:45:25] You are joao_facio
[10:45:25] Operating system is linux
[10:45:25] You have BioPerl 1.7.8
[10:45:25] System has 12 cores.
[10:45:25] Will use maximum of 4 cores.
[10:45:25] Annotating as >>> Bacteria <<<
[10:45:25] Generating locus_tag from '/tmp/tmp6gns85ah/GOMC.bin.1756.fa' contents.
[10:45:25] Setting --locustag COJMGFKC from MD5 c8360f4c51d69f903da4dd0a9ee068ef
[10:45:25] Creating new output folder: ../../Data/Chen_Analysis/Prokka/Bacteria/GOMC.bin.1756
[10:45:25] Running: mkdir -p \.\.\/\.\.\/Data\/Chen_Analysis\/Prokka\/Bacteria\/GOMC\.bin\.1756
[10:45:25] Using filename prefix: GOMC.bin.1756.XXX
[10:45:25] Setting HMMER_NCPU=1
[10:45:25] Writing log to: ../../Data/Chen_Analysis/Prokka/Bacteria/GOMC.bin.1756/GOMC.bin.1756.log
[10:45:25] Command: /home/joao_facio/miniconda3/envs/prokka/bin/prokka --outdir ../../Data/Chen_Analysis/Prokka/Bacteria/GOMC.bin.1756 --prefix GOMC.bin.1756 --kingdom Bacteria --genus S141-23 --strain GOMC.bin.1756 --cpus 4 --force /tmp/tmp6gns85ah/GOMC.bin.1756.fa
[10:45:25] Appending to PATH: /home/joao_facio/miniconda3/envs/prokka/bin
[10:45:25] Looking for 'aragorn' - found /home/joao_facio/miniconda3/envs/prokka/bin/aragorn
[10:45:25] Determined aragorn version is 001002 from 'ARAGORN v1.2.41 Dean Laslett'
[10:45:25] Looking for 'barrnap' - found /home/joao_facio/miniconda3/envs/prokka/bin/barrnap
[10:45:25] Determined barrnap version is 000009 from 'barrnap 0.9'
[10:45:25] Looking for 'blastp' - found /home/joao_facio/miniconda3/envs/prokka/bin/blastp
[10:45:26] Determined blastp version is 002016 from 'blastp: 2.16.0+'
[10:45:26] Looking for 'cmpress' - found /home/joao_facio/miniconda3/envs/prokka/bin/cmpress
[10:45:26] Determined cmpress version is 001001 from '# INFERNAL 1.1.5 (Sep 2023)'
[10:45:26] Looking for 'cmscan' - found /home/joao_facio/miniconda3/envs/prokka/bin/cmscan
[10:45:26] Determined cmscan version is 001001 from '# INFERNAL 1.1.5 (Sep 2023)'
[10:45:26] Looking for 'egrep' - found /usr/bin/egrep
[10:45:26] Looking for 'find' - found /usr/bin/find
[10:45:26] Looking for 'grep' - found /usr/bin/grep
[10:45:26] Looking for 'hmmpress' - found /home/joao_facio/miniconda3/envs/prokka/bin/hmmpress
[10:45:26] Determined hmmpress version is 003004 from '# HMMER 3.4 (Aug 2023); http://hmmer.org/'
[10:45:26] Looking for 'hmmscan' - found /home/joao_facio/miniconda3/envs/prokka/bin/hmmscan
[10:45:26] Determined hmmscan version is 003004 from '# HMMER 3.4 (Aug 2023); http://hmmer.org/'
[10:45:26] Looking for 'java' - found /home/joao_facio/miniconda3/envs/prokka/bin/java
[10:45:26] Looking for 'makeblastdb' - found /home/joao_facio/miniconda3/envs/prokka/bin/makeblastdb
[10:45:26] Determined makeblastdb version is 002016 from 'makeblastdb: 2.16.0+'
[10:45:26] Looking for 'minced' - found /home/joao_facio/miniconda3/envs/prokka/bin/minced
[10:45:26] Determined minced version is 004002 from 'minced 0.4.2'
[10:45:26] Looking for 'parallel' - found /home/joao_facio/miniconda3/envs/prokka/bin/parallel
[10:45:26] Determined parallel version is 20251122 from 'GNU parallel 20251122'
[10:45:26] Looking for 'prodigal' - found /home/joao_facio/miniconda3/envs/prokka/bin/prodigal
[10:45:26] Determined prodigal version is 002006 from 'Prodigal V2.6.3: February, 2016'
[10:45:26] Looking for 'prokka-genbank_to_fasta_db' - found /home/joao_facio/miniconda3/envs/prokka/bin/prokka-genbank_to_fasta_db
[10:45:26] Looking for 'sed' - found /usr/bin/sed
[10:45:26] Looking for 'tbl2asn' - found /home/joao_facio/miniconda3/envs/prokka/bin/tbl2asn
[10:45:26] Determined tbl2asn version is 025007 from 'tbl2asn 25.7   arguments:'
[10:45:26] Using genetic code table 11.
[10:45:26] Loading and checking input file: /tmp/tmp6gns85ah/GOMC.bin.1756.fa
[10:45:26] Wrote 879 contigs totalling 2325670 bp.
[10:45:26] Predicting tRNAs and tmRNAs
[10:45:26] Running: aragorn -l -gc11  -w \.\.\/\.\.\/Data\/Chen_Analysis\/Prokka\/Bacteria\/GOMC\.bin\.1756\/GOMC\.bin\.1756\.fna
[10:45:26] 1 tmRNA [924,1338] 90,152 AKAKAAFAFARPAAQVAVAA*
[10:45:26] 1 tRNA-Glu c[3956,4031] 35 (ctc)
[10:45:26] 1 tRNA-Val [4357,4433] 35 (gac)
[10:45:26] 1 tRNA-Glu c[1070,1147] 37 (ttc)
[10:45:26] 1 tRNA-Ser c[3709,3799] 37 (gga)
[10:45:26] 2 tRNA-Ser c[3860,3950] 37 (cga)
[10:45:26] 1 tRNA-Asp [4012,4085] 35 (gtc)
[10:45:26] 1 tRNA-Asn c[2518,2607] 30 (att)
[10:45:26] 1 tRNA-Asn [3389,3464] 34 (gtt)
[10:45:26] 1 tRNA-Cys c[2035,2107] 33 (gca)
[10:45:26] 2 tRNA-Leu [2579,2663] 35 (gag)
[10:45:26] 1 tRNA-Val c[1149,1225] 35 (cac)
[10:45:26] 1 tRNA-Leu c[2782,2868] 35 (caa)
[10:45:26] 1 tRNA-Arg [5049,5124] 35 (ccg)
[10:45:26] 1 tRNA-Arg c[-4,70] 35 (tcg)
[10:45:26] 1 tRNA-SeC c[550,646] 35 (tca)
[10:45:26] Found 16 tRNAs
[10:45:26] Predicting Ribosomal RNAs
[10:45:26] Running Barrnap with 4 threads
[10:45:27] Found 0 rRNAs
[10:45:27] Skipping ncRNA search, enable with --rfam if desired.
[10:45:27] Total of 15 tRNA + rRNA features
[10:45:27] Searching for CRISPR repeats
[10:45:27] CRISPR1 SRR10312503_k53_666215_1 57 with 4 spacers
[10:45:27] Found 1 CRISPRs
[10:45:27] Predicting coding sequences
[10:45:27] Contigs total 2325670 bp, so using single mode
[10:45:27] Running: prodigal -i \.\.\/\.\.\/Data\/Chen_Analysis\/Prokka\/Bacteria\/GOMC\.bin\.1756\/GOMC\.bin\.1756\.fna -c -m -g 11 -p single -f sco -q
[10:45:28] Excluding CDS which overlaps existing RNA (tRNA) at SRR10312503_k53_288509_1:2412..2654 on - strand
[10:45:29] Excluding CDS which overlaps existing RNA (tRNA) at SRR10312503_k53_1252526_1:3..593 on + strand
[10:45:29] Found 2176 CDS
[10:45:29] Connecting features back to sequences
[10:45:29] Not using genus-specific database. Try --usegenus to enable it.
[10:45:29] Annotating CDS, please be patient.
[10:45:29] Will use 4 CPUs for similarity searching.
[10:45:29] There are still 2176 unannotated CDS left (started with 2176)
[10:45:29] Will use blast to search against /home/joao_facio/miniconda3/envs/prokka/db/kingdom/Bacteria/IS with 4 CPUs
[10:45:29] Running: cat \.\.\/\.\.\/Data\/Chen_Analysis\/Prokka\/Bacteria\/GOMC\.bin\.1756\/GOMC\.bin\.1756\.IS\.tmp\.3528318\.faa | parallel --gnu --plain -j 4 --block 71391 --recstart '>' --pipe blastp -query - -db /home/joao_facio/miniconda3/envs/prokka/db/kingdom/Bacteria/IS -evalue 1e-30 -qcov_hsp_perc 90 -num_threads 1 -num_descriptions 1 -num_alignments 1 -seg no > \.\.\/\.\.\/Data\/Chen_Analysis\/Prokka\/Bacteria\/GOMC\.bin\.1756\/GOMC\.bin\.1756\.IS\.tmp\.3528318\.blast 2> /dev/null
[10:45:35] Deleting unwanted file: ../../Data/Chen_Analysis/Prokka/Bacteria/GOMC.bin.1756/GOMC.bin.1756.IS.tmp.3528318.faa
[10:45:35] Deleting unwanted file: ../../Data/Chen_Analysis/Prokka/Bacteria/GOMC.bin.1756/GOMC.bin.1756.IS.tmp.3528318.blast
[10:45:36] There are still 2176 unannotated CDS left (started with 2176)
[10:45:36] Will use blast to search against /home/joao_facio/miniconda3/envs/prokka/db/kingdom/Bacteria/AMR with 4 CPUs
[10:45:36] Running: cat \.\.\/\.\.\/Data\/Chen_Analysis\/Prokka\/Bacteria\/GOMC\.bin\.1756\/GOMC\.bin\.1756\.AMR\.tmp\.3528318\.faa | parallel --gnu --plain -j 4 --block 71391 --recstart '>' --pipe blastp -query - -db /home/joao_facio/miniconda3/envs/prokka/db/kingdom/Bacteria/AMR -evalue 1e-300 -qcov_hsp_perc 90 -num_threads 1 -num_descriptions 1 -num_alignments 1 -seg no > \.\.\/\.\.\/Data\/Chen_Analysis\/Prokka\/Bacteria\/GOMC\.bin\.1756\/GOMC\.bin\.1756\.AMR\.tmp\.3528318\.blast 2> /dev/null
[10:45:40] Deleting unwanted file: ../../Data/Chen_Analysis/Prokka/Bacteria/GOMC.bin.1756/GOMC.bin.1756.AMR.tmp.3528318.faa
[10:45:40] Deleting unwanted file: ../../Data/Chen_Analysis/Prokka/Bacteria/GOMC.bin.1756/GOMC.bin.1756.AMR.tmp.3528318.blast
[10:45:41] There are still 2176 unannotated CDS left (started with 2176)
[10:45:41] Will use blast to search against /home/joao_facio/miniconda3/envs/prokka/db/kingdom/Bacteria/sprot with 4 CPUs
[10:45:41] Running: cat \.\.\/\.\.\/Data\/Chen_Analysis\/Prokka\/Bacteria\/GOMC\.bin\.1756\/GOMC\.bin\.1756\.sprot\.tmp\.3528318\.faa | parallel --gnu --plain -j 4 --block 71391 --recstart '>' --pipe blastp -query - -db /home/joao_facio/miniconda3/envs/prokka/db/kingdom/Bacteria/sprot -evalue 1e-09 -qcov_hsp_perc 80 -num_threads 1 -num_descriptions 1 -num_alignments 1 -seg no > \.\.\/\.\.\/Data\/Chen_Analysis\/Prokka\/Bacteria\/GOMC\.bin\.1756\/GOMC\.bin\.1756\.sprot\.tmp\.3528318\.blast 2> /dev/null
[10:46:06] Modify product: Rqc2 homolog RqcH => Rqc2 RqcH
[10:46:06] Modify product: Probable peptidoglycan glycosyltransferase FtsW => putative peptidoglycan glycosyltransferase FtsW
[10:46:06] Modify product: Probable N-succinyldiaminopimelate aminotransferase DapC => putative N-succinyldiaminopimelate aminotransferase DapC
[10:46:06] Modify product: Probable sensor histidine kinase pdtaS => putative sensor histidine kinase pdtaS
[10:46:06] Modify product: Putative peptide transport permease protein Rv1282c => Putative peptide transport permease protein
[10:46:06] Modify product: Probable transcriptional regulatory protein aq_1575 => putative transcriptional regulatory protein
[10:46:06] Modify product: Uncharacterized protein Spy1614 => putative protein
[10:46:06] Modify product: Uncharacterized protein SA1069 => putative protein
[10:46:06] Modify product: Uncharacterized zinc protease Rv2782c => putative zinc protease
[10:46:06] Modify product: Uncharacterized zinc protease Rv2782c => putative zinc protease
[10:46:06] Modify product: Probable RNA 2'-phosphotransferase => putative RNA 2'-phosphotransferase
[10:46:06] Modify product: Vitamin K epoxide reductase homolog => Vitamin K epoxide reductase 
[10:46:06] Modify product: Probable sphingosine-1-phosphate lyase => putative sphingosine-1-phosphate lyase
[10:46:06] Modify product: Uncharacterized oxidoreductase Rv2298 => putative oxidoreductase
[10:46:06] Modify product: Probable iron-sulfur-binding oxidoreductase FadF => putative iron-sulfur-binding oxidoreductase FadF
[10:46:06] Modify product: Uncharacterized protein YqeY => putative protein YqeY
[10:46:06] Modify product: Probable xanthine dehydrogenase subunit A => putative xanthine dehydrogenase subunit A
[10:46:06] Modify product: Uncharacterized protein M6_Spy0233 => putative protein
[10:46:06] Modify product: Probable iron export permease protein FetB => putative iron export permease protein FetB
[10:46:06] Modify product: Probable binding protein component of ABC iron transporter PA5217 => putative binding protein component of ABC iron transporter
[10:46:06] Modify product: Uncharacterized sugar transferase EpsL => putative sugar transferase EpsL
[10:46:06] Modify product: Probable molybdenum cofactor guanylyltransferase => putative molybdenum cofactor guanylyltransferase
[10:46:06] Modify product: Uncharacterized inner membrane transporter YedA => putative inner membrane transporter YedA
[10:46:07] Modify product: Probable adenylyl-sulfate kinase => putative adenylyl-sulfate kinase
[10:46:07] Modify product: UPF0173 metal-dependent hydrolase TM_1162 => hypothetical protein
[10:46:07] Modify product: Probable riboflavin import permease protein RfuD => putative riboflavin import permease protein RfuD
[10:46:07] Modify product: UPF0194 membrane protein YbhG => hypothetical protein
[10:46:07] Modify product: Probable multidrug ABC transporter permease YbhR => putative multidrug ABC transporter permease YbhR
[10:46:07] Modify product: Probable multidrug ABC transporter permease YbhS => putative multidrug ABC transporter permease YbhS
[10:46:07] Modify product: Uncharacterized protein Rv1360 => putative protein
[10:46:07] Modify product: UPF0109 protein Rv2908c => hypothetical protein
[10:46:07] Modify product: UPF0051 protein SA0778 => hypothetical protein
[10:46:07] Modify product: Putative phosphoribosyl transferase Rv0571c => Putative phosphoribosyl transferase
[10:46:07] Modify product: Putative esterase aq_1494 => Putative esterase
[10:46:07] Modify product: Probable transcription repressor NiaR => putative transcription repressor NiaR
[10:46:07] Modify product: Probable nicotinate-nucleotide pyrophosphorylase [carboxylating] => putative nicotinate-nucleotide pyrophosphorylase [carboxylating]
[10:46:07] Modify product: Probable cadmium-transporting ATPase => putative cadmium-transporting ATPase
[10:46:07] Modify product: Probable tRNA sulfurtransferase => putative tRNA sulfurtransferase
[10:46:07] Modify product: Uncharacterized protein Rv0501 => putative protein
[10:46:07] Modify product: Probable dual-specificity RNA methyltransferase RlmN => putative dual-specificity RNA methyltransferase RlmN
[10:46:07] Modify product: Probable chaperone CsaA => putative chaperone CsaA
[10:46:07] Modify product: Probable GTPase Rv1496 => putative GTPase
[10:46:07] Modify product: DegV domain-containing protein SA1258 => DegV domain-containing protein
[10:46:07] Modify product: Uncharacterized protein Rv1488 => putative protein
[10:46:07] Modify product: Probable undecaprenyl-phosphate N-acetylglucosaminyl 1-phosphate transferase => putative undecaprenyl-phosphate N-acetylglucosaminyl 1-phosphate transferase
[10:46:07] Modify product: Putative multidrug export ATP-binding/permease protein SAV1866 => Putative multidrug export ATP-binding/permease protein
[10:46:07] Modify product: Probable N-methylproline demethylase => putative N-methylproline demethylase
[10:46:07] Modify product: Uncharacterized protein YncE => putative protein YncE
[10:46:07] Modify product: UPF0173 metal-dependent hydrolase TM_1162 => hypothetical protein
[10:46:07] Modify product: Probable multidrug ABC transporter permease YbhR => putative multidrug ABC transporter permease YbhR
[10:46:07] Modify product: Probable multidrug ABC transporter ATP-binding protein YbhF => putative multidrug ABC transporter ATP-binding protein YbhF
[10:46:07] Modify product: Multidrug efflux system ATP-binding protein Rv1218c => Multidrug efflux system ATP-binding protein
[10:46:07] Modify product: Probable endonuclease 4 => putative endonuclease 4
[10:46:07] Modify product: Putative HTH-type transcriptional regulator Rv1287 => Putative HTH-type transcriptional regulator
[10:46:07] Modify product: Transcriptional repressor SmtB homolog => Transcriptional repressor SmtB 
[10:46:07] Modify product: Probable alcohol dehydrogenase AdhA => putative alcohol dehydrogenase AdhA
[10:46:07] Modify product: Probable iron-sulfur-binding oxidoreductase FadF => putative iron-sulfur-binding oxidoreductase FadF
[10:46:07] Modify product: Uncharacterized protein Rv2926c => putative protein
[10:46:07] Modify product: Probable HTH-type transcriptional repressor ExuR => putative HTH-type transcriptional repressor ExuR
[10:46:07] Modify product: Purine-binding protein BAB2_0673 => Purine-binding protein
[10:46:07] Modify product: Purine-binding protein BAB2_0673 => Purine-binding protein
[10:46:07] Modify product: Probable capsular polysaccharide biosynthesis protein YwqC => putative capsular polysaccharide biosynthesis protein YwqC
[10:46:07] Modify product: DegV domain-containing protein MW1315 => DegV domain-containing protein
[10:46:07] Modify product: DegV domain-containing protein MW1315 => DegV domain-containing protein
[10:46:07] Modify product: Uncharacterized ABC transporter ATP-binding protein YlmA => putative ABC transporter ATP-binding protein YlmA
[10:46:07] Modify product: Putative glutamine amidotransferase Rv2859c => Putative glutamine amidotransferase
[10:46:07] Modify product: Uncharacterized oxidoreductase UxuB => putative oxidoreductase UxuB
[10:46:07] Modify product: Uncharacterized PIN and TRAM-domain containing protein YacL => putative PIN and TRAM-domain containing protein YacL
[10:46:07] Modify product: Uncharacterized transporter Rv2685 => putative transporter
[10:46:07] Modify product: Uncharacterized peptidase SA1530 => putative peptidase
[10:46:07] Modify product: Uncharacterized protein YqeN => putative protein YqeN
[10:46:07] Modify product: UPF0173 metal-dependent hydrolase TM_1162 => hypothetical protein
[10:46:07] Modify product: Uncharacterized membrane protein YdfK => putative membrane protein YdfK
[10:46:07] Modify product: Uncharacterized aminopeptidase Rv1333 => putative aminopeptidase
[10:46:07] Modify product: Uncharacterized sugar transferase EpsL => putative sugar transferase EpsL
[10:46:07] Modify product: Uncharacterized RNA pseudouridine synthase Rv1540 => putative RNA pseudouridine synthase
[10:46:07] Modify product: Uncharacterized RNA pseudouridine synthase Rv1711 => putative RNA pseudouridine synthase
[10:46:07] Modify product: Probable iron-sulfur-binding oxidoreductase FadF => putative iron-sulfur-binding oxidoreductase FadF
[10:46:07] Cleaned 78 /product names
[10:46:07] Deleting unwanted file: ../../Data/Chen_Analysis/Prokka/Bacteria/GOMC.bin.1756/GOMC.bin.1756.sprot.tmp.3528318.faa
[10:46:07] Deleting unwanted file: ../../Data/Chen_Analysis/Prokka/Bacteria/GOMC.bin.1756/GOMC.bin.1756.sprot.tmp.3528318.blast
[10:46:07] There are still 1312 unannotated CDS left (started with 2176)
[10:46:07] Will use hmmer3 to search against /home/joao_facio/miniconda3/envs/prokka/db/hmm/HAMAP.hmm with 4 CPUs
[10:46:07] Running: cat \.\.\/\.\.\/Data\/Chen_Analysis\/Prokka\/Bacteria\/GOMC\.bin\.1756\/GOMC\.bin\.1756\.HAMAP\.hmm\.tmp\.3528318\.faa | parallel --gnu --plain -j 4 --block 38812 --recstart '>' --pipe hmmscan --noali --notextw --acc -E 1e-09 --cpu 1 /home/joao_facio/miniconda3/envs/prokka/db/hmm/HAMAP.hmm /dev/stdin > \.\.\/\.\.\/Data\/Chen_Analysis\/Prokka\/Bacteria\/GOMC\.bin\.1756\/GOMC\.bin\.1756\.HAMAP\.hmm\.tmp\.3528318\.hmmer3 2> /dev/null
[10:46:18] Modify product: Uncharacterized Nudix hydrolase NudL => putative Nudix hydrolase NudL
[10:46:18] Cleaned 1 /product names
[10:46:18] Deleting unwanted file: ../../Data/Chen_Analysis/Prokka/Bacteria/GOMC.bin.1756/GOMC.bin.1756.HAMAP.hmm.tmp.3528318.faa
[10:46:18] Deleting unwanted file: ../../Data/Chen_Analysis/Prokka/Bacteria/GOMC.bin.1756/GOMC.bin.1756.HAMAP.hmm.tmp.3528318.hmmer3
[10:46:18] Labelling remaining 1135 proteins as 'hypothetical protein'
[10:46:18] Possible /pseudo 'D-alanine aminotransferase' at SRR10312503_k53_48768_1 position 5298
[10:46:18] Possible /pseudo 'Glycine cleavage system H protein' at SRR10312503_k53_68641_1 position 2509
[10:46:18] Possible /pseudo '1,4-beta-mannosyl-N-acetylglucosamine phosphorylase' at SRR10312503_k53_294353_1 position 6079
[10:46:18] Possible /pseudo 'Pyruvate:ferredoxin oxidoreductase' at SRR10312503_k53_408146_1 position 4803
[10:46:18] Possible /pseudo 'putative protein' at SRR10312503_k53_416935_1 position 461
[10:46:18] Possible /pseudo 'putative zinc protease' at SRR10312503_k53_431626_1 position 3482
[10:46:18] Possible /pseudo 'Glucose-1-phosphate adenylyltransferase' at SRR10312503_k53_1304551_1 position 4051
[10:46:18] Found 794 unique /gene codes.
[10:46:18] Fixed 2 duplicate /gene - xerD_1 xerD_2
[10:46:18] Fixed 3 duplicate /gene - fabG_1 fabG_2 fabG_3
[10:46:18] Fixed 2 duplicate /gene - epsL_1 epsL_2
[10:46:18] Fixed 2 duplicate /gene - fabF_1 fabF_2
[10:46:18] Fixed 2 duplicate /gene - nqo4_1 nqo4_2
[10:46:18] Fixed 2 duplicate /gene - dnaA_1 dnaA_2
[10:46:18] Fixed 3 duplicate /gene - livH_1 livH_2 livH_3
[10:46:18] Fixed 2 duplicate /gene - liaR_1 liaR_2
[10:46:18] Fixed 3 duplicate /gene - sigW_1 sigW_2 sigW_3
[10:46:18] Fixed 2 duplicate /gene - bchE_1 bchE_2
[10:46:18] Fixed 2 duplicate /gene - baeS_1 baeS_2
[10:46:18] Fixed 2 duplicate /gene - glmS_1 glmS_2
[10:46:18] Fixed 2 duplicate /gene - iolG_1 iolG_2
[10:46:18] Fixed 2 duplicate /gene - dppC_1 dppC_2
[10:46:18] Fixed 2 duplicate /gene - mggS_1 mggS_2
[10:46:18] Fixed 2 duplicate /gene - rpsA_1 rpsA_2
[10:46:18] Fixed 2 duplicate /gene - tdh_1 tdh_2
[10:46:18] Fixed 2 duplicate /gene - ndhK_1 ndhK_2
[10:46:18] Fixed 2 duplicate /gene - cmoM_1 cmoM_2
[10:46:18] Fixed 2 duplicate /gene - ecfA2_1 ecfA2_2
[10:46:18] Fixed 2 duplicate /gene - proS_1 proS_2
[10:46:18] Fixed 2 duplicate /gene - davT_1 davT_2
[10:46:18] Fixed 2 duplicate /gene - nreC_1 nreC_2
[10:46:18] Fixed 2 duplicate /gene - gyrA_1 gyrA_2
[10:46:18] Fixed 2 duplicate /gene - ctaA_1 ctaA_2
[10:46:18] Fixed 3 duplicate /gene - phoP_1 phoP_2 phoP_3
[10:46:18] Fixed 5 duplicate /gene - resA_1 resA_2 resA_3 resA_4 resA_5
[10:46:18] Fixed 2 duplicate /gene - yitJ_1 yitJ_2
[10:46:18] Fixed 2 duplicate /gene - ugpB_1 ugpB_2
[10:46:18] Fixed 2 duplicate /gene - korA_1 korA_2
[10:46:18] Fixed 16 duplicate /gene - mshA_1 mshA_2 mshA_3 mshA_4 mshA_5 mshA_6 mshA_7 mshA_8 mshA_9 mshA_10 mshA_11 mshA_12 mshA_13 mshA_14 mshA_15 mshA_16
[10:46:18] Fixed 3 duplicate /gene - lacF_1 lacF_2 lacF_3
[10:46:18] Fixed 2 duplicate /gene - vgb_1 vgb_2
[10:46:18] Fixed 2 duplicate /gene - cobD_1 cobD_2
[10:46:18] Fixed 2 duplicate /gene - alaS_1 alaS_2
[10:46:18] Fixed 2 duplicate /gene - clpP_1 clpP_2
[10:46:18] Fixed 3 duplicate /gene - xerC_1 xerC_2 xerC_3
[10:46:18] Fixed 2 duplicate /gene - ybhR_1 ybhR_2
[10:46:18] Fixed 2 duplicate /gene - ndhC_1 ndhC_2
[10:46:18] Fixed 3 duplicate /gene - degU_1 degU_2 degU_3
[10:46:18] Fixed 2 duplicate /gene - cysG_1 cysG_2
[10:46:18] Fixed 2 duplicate /gene - kdpE_1 kdpE_2
[10:46:18] Fixed 2 duplicate /gene - tusA_1 tusA_2
[10:46:18] Fixed 2 duplicate /gene - rpiA_1 rpiA_2
[10:46:18] Fixed 3 duplicate /gene - ykoD_1 ykoD_2 ykoD_3
[10:46:18] Fixed 2 duplicate /gene - glpQ_1 glpQ_2
[10:46:18] Fixed 2 duplicate /gene - pnp_1 pnp_2
[10:46:18] Fixed 3 duplicate /gene - gcvH_1 gcvH_2 gcvH_3
[10:46:18] Fixed 2 duplicate /gene - msmX_1 msmX_2
[10:46:18] Fixed 2 duplicate /gene - dat_1 dat_2
[10:46:18] Fixed 2 duplicate /gene - livF_1 livF_2
[10:46:18] Fixed 2 duplicate /gene - tyrC_1 tyrC_2
[10:46:18] Fixed 2 duplicate /gene - cugP_1 cugP_2
[10:46:18] Fixed 2 duplicate /gene - ftsH_1 ftsH_2
[10:46:18] Fixed 2 duplicate /gene - wbbL_1 wbbL_2
[10:46:18] Fixed 2 duplicate /gene - fabH_1 fabH_2
[10:46:18] Fixed 2 duplicate /gene - napA_1 napA_2
[10:46:18] Fixed 3 duplicate /gene - fadF_1 fadF_2 fadF_3
[10:46:18] Fixed 2 duplicate /gene - glgC_1 glgC_2
[10:46:18] Fixed 4 duplicate /gene - ecfT_1 ecfT_2 ecfT_3 ecfT_4
[10:46:18] Fixed 3 duplicate /gene - phoR_1 phoR_2 phoR_3
[10:46:18] Fixed 2 duplicate /gene - cysA_1 cysA_2
[10:46:18] Fixed 2 duplicate /gene - prfB_1 prfB_2
[10:46:18] Fixed 4 duplicate /gene - bshA_1 bshA_2 bshA_3 bshA_4
[10:46:18] Fixed 2 duplicate /gene - mreB_1 mreB_2
[10:46:18] Fixed 2 duplicate /gene - proB_1 proB_2
[10:46:18] Fixed 2 duplicate /gene - hypE_1 hypE_2
[10:46:18] Fixed 2 duplicate /gene - acsA_1 acsA_2
[10:46:18] Fixed 2 duplicate /gene - ald_1 ald_2
[10:46:18] Fixed 2 duplicate /gene - ilvC_1 ilvC_2
[10:46:18] Fixed 3 duplicate /gene - cadA_1 cadA_2 cadA_3
[10:46:18] Fixed 3 duplicate /gene - oppD_1 oppD_2 oppD_3
[10:46:18] Fixed 3 duplicate /gene - rbsA_1 rbsA_2 rbsA_3
[10:46:18] Fixed 2 duplicate /gene - glpK_1 glpK_2
[10:46:18] Fixed 2 duplicate /gene - hspA_1 hspA_2
[10:46:18] Fixed 2 duplicate /gene - COQ5_1 COQ5_2
[10:46:18] Fixed 2 duplicate /gene - nadE_1 nadE_2
[10:46:18] Fixed 9 duplicate /gene - sasA_1 sasA_2 sasA_3 sasA_4 sasA_5 sasA_6 sasA_7 sasA_8 sasA_9
[10:46:18] Fixed 3 duplicate /gene - dapE_1 dapE_2 dapE_3
[10:46:18] Fixed 3 duplicate /gene - nudC_1 nudC_2 nudC_3
[10:46:18] Fixed 2 duplicate /gene - mtnP_1 mtnP_2
[10:46:18] Fixed 2 duplicate /gene - rbsC_1 rbsC_2
[10:46:18] Fixed 2 duplicate /gene - gloB_1 gloB_2
[10:46:18] Fixed 2 duplicate /gene - galK_1 galK_2
[10:46:18] Fixed 2 duplicate /gene - rpe_1 rpe_2
[10:46:18] Fixed 2 duplicate /gene - cobB_1 cobB_2
[10:46:18] Fixed 2 duplicate /gene - dppB_1 dppB_2
[10:46:18] Fixed 4 duplicate /gene - btuD_1 btuD_2 btuD_3 btuD_4
[10:46:18] Fixed 3 duplicate /gene - dsrE2_1 dsrE2_2 dsrE2_3
[10:46:18] Fixed 2 duplicate /gene - ccpA_1 ccpA_2
[10:46:18] Fixed 3 duplicate /gene - lnrL_1 lnrL_2 lnrL_3
[10:46:18] Fixed 2 duplicate /gene - mraZ_1 mraZ_2
[10:46:18] Fixed 2 duplicate /gene - gdhA_1 gdhA_2
[10:46:18] Fixed 2 duplicate /gene - cheB_1 cheB_2
[10:46:18] Fixed 2 duplicate /gene - metH_1 metH_2
[10:46:18] Fixed 2 duplicate /gene - thrC_1 thrC_2
[10:46:18] Fixed 2 duplicate /gene - lon_1 lon_2
[10:46:18] Fixed 2 duplicate /gene - nuoM_1 nuoM_2
[10:46:18] Fixed 2 duplicate /gene - walR_1 walR_2
[10:46:18] Fixed 2 duplicate /gene - surE_1 surE_2
[10:46:18] Fixed 2 duplicate /gene - znuB_1 znuB_2
[10:46:18] Fixed 2 duplicate /gene - fusA_1 fusA_2
[10:46:18] Fixed 2 duplicate /gene - lgt_1 lgt_2
[10:46:18] Fixed 2 duplicate /gene - tmk_1 tmk_2
[10:46:18] Fixed 2 duplicate /gene - ndhM_1 ndhM_2
[10:46:18] Fixed 3 duplicate /gene - COQ3_1 COQ3_2 COQ3_3
[10:46:18] Fixed 3 duplicate /gene - bepA_1 bepA_2 bepA_3
[10:46:18] Fixed 4 duplicate /gene - speE_1 speE_2 speE_3 speE_4
[10:46:18] Fixed 2 duplicate /gene - rcsC_1 rcsC_2
[10:46:18] Fixed 3 duplicate /gene - gph_1 gph_2 gph_3
[10:46:18] Fixed 2 duplicate /gene - dapH_1 dapH_2
[10:46:18] Fixed 111 colliding /gene names.
[10:46:18] Adding /locus_tag identifiers
[10:46:18] Assigned 2192 locus_tags to CDS and RNA features.
[10:46:18] Writing outputs to ../../Data/Chen_Analysis/Prokka/Bacteria/GOMC.bin.1756/
[10:46:18] Generating annotation statistics file
[10:46:18] Generating Genbank and Sequin files
[10:46:18] Running: tbl2asn -V b -a r10k -l paired-ends -M n -N 1 -y 'Annotated using prokka 1.14.6 from https://github.com/tseemann/prokka' -Z \.\.\/\.\.\/Data\/Chen_Analysis\/Prokka\/Bacteria\/GOMC\.bin\.1756\/GOMC\.bin\.1756\.err -i \.\.\/\.\.\/Data\/Chen_Analysis\/Prokka\/Bacteria\/GOMC\.bin\.1756\/GOMC\.bin\.1756\.fsa 2> /dev/null
[10:46:21] Deleting unwanted file: ../../Data/Chen_Analysis/Prokka/Bacteria/GOMC.bin.1756/errorsummary.val
[10:46:21] Deleting unwanted file: ../../Data/Chen_Analysis/Prokka/Bacteria/GOMC.bin.1756/GOMC.bin.1756.dr
[10:46:21] Deleting unwanted file: ../../Data/Chen_Analysis/Prokka/Bacteria/GOMC.bin.1756/GOMC.bin.1756.fixedproducts
[10:46:21] Deleting unwanted file: ../../Data/Chen_Analysis/Prokka/Bacteria/GOMC.bin.1756/GOMC.bin.1756.ecn
[10:46:21] Deleting unwanted file: ../../Data/Chen_Analysis/Prokka/Bacteria/GOMC.bin.1756/GOMC.bin.1756.val
[10:46:21] Repairing broken .GBK output that tbl2asn produces...
[10:46:21] Running: sed 's/COORDINATES: profile/COORDINATES:profile/' < \.\.\/\.\.\/Data\/Chen_Analysis\/Prokka\/Bacteria\/GOMC\.bin\.1756\/GOMC\.bin\.1756\.gbf > \.\.\/\.\.\/Data\/Chen_Analysis\/Prokka\/Bacteria\/GOMC\.bin\.1756\/GOMC\.bin\.1756\.gbk
[10:46:21] Deleting unwanted file: ../../Data/Chen_Analysis/Prokka/Bacteria/GOMC.bin.1756/GOMC.bin.1756.gbf
[10:46:21] Output files:
[10:46:21] ../../Data/Chen_Analysis/Prokka/Bacteria/GOMC.bin.1756/GOMC.bin.1756.tbl
[10:46:21] ../../Data/Chen_Analysis/Prokka/Bacteria/GOMC.bin.1756/GOMC.bin.1756.fna
[10:46:21] ../../Data/Chen_Analysis/Prokka/Bacteria/GOMC.bin.1756/GOMC.bin.1756.txt
[10:46:21] ../../Data/Chen_Analysis/Prokka/Bacteria/GOMC.bin.1756/GOMC.bin.1756.log
[10:46:21] ../../Data/Chen_Analysis/Prokka/Bacteria/GOMC.bin.1756/GOMC.bin.1756.err
[10:46:21] ../../Data/Chen_Analysis/Prokka/Bacteria/GOMC.bin.1756/GOMC.bin.1756.tsv
[10:46:21] ../../Data/Chen_Analysis/Prokka/Bacteria/GOMC.bin.1756/GOMC.bin.1756.gff
[10:46:21] ../../Data/Chen_Analysis/Prokka/Bacteria/GOMC.bin.1756/GOMC.bin.1756.faa
[10:46:21] ../../Data/Chen_Analysis/Prokka/Bacteria/GOMC.bin.1756/GOMC.bin.1756.ffn
[10:46:21] ../../Data/Chen_Analysis/Prokka/Bacteria/GOMC.bin.1756/GOMC.bin.1756.fsa
[10:46:21] ../../Data/Chen_Analysis/Prokka/Bacteria/GOMC.bin.1756/GOMC.bin.1756.sqn
[10:46:21] ../../Data/Chen_Analysis/Prokka/Bacteria/GOMC.bin.1756/GOMC.bin.1756.gbk
[10:46:21] Annotation finished successfully.
[10:46:21] Walltime used: 0.93 minutes
[10:46:21] If you use this result please cite the Prokka paper:
[10:46:21] Seemann T (2014) Prokka: rapid prokaryotic genome annotation. Bioinformatics. 30(14):2068-9.
[10:46:21] Type 'prokka --citation' for more details.
[10:46:21] Thank you, come again.
