[07:43:17] This is prokka 1.14.6
[07:43:17] Written by Torsten Seemann <torsten.seemann@gmail.com>
[07:43:17] Homepage is https://github.com/tseemann/prokka
[07:43:17] Local time is Mon Dec  1 07:43:17 2025
[07:43:17] You are joao_facio
[07:43:17] Operating system is linux
[07:43:17] You have BioPerl 1.7.8
[07:43:17] System has 12 cores.
[07:43:17] Will use maximum of 4 cores.
[07:43:17] Annotating as >>> Bacteria <<<
[07:43:17] Generating locus_tag from '/tmp/tmp6gns85ah/GOMC.bin.10855.fa' contents.
[07:43:17] Setting --locustag NCAKEKCF from MD5 7ca4e4cfbb8dc29d57ccaadcf7c444bd
[07:43:17] Creating new output folder: ../../Data/Chen_Analysis/Prokka/Bacteria/GOMC.bin.10855
[07:43:17] Running: mkdir -p \.\.\/\.\.\/Data\/Chen_Analysis\/Prokka\/Bacteria\/GOMC\.bin\.10855
[07:43:17] Using filename prefix: GOMC.bin.10855.XXX
[07:43:17] Setting HMMER_NCPU=1
[07:43:17] Writing log to: ../../Data/Chen_Analysis/Prokka/Bacteria/GOMC.bin.10855/GOMC.bin.10855.log
[07:43:17] Command: /home/joao_facio/miniconda3/envs/prokka/bin/prokka --outdir ../../Data/Chen_Analysis/Prokka/Bacteria/GOMC.bin.10855 --prefix GOMC.bin.10855 --kingdom Bacteria --genus VMCP01 --strain GOMC.bin.10855 --cpus 4 --force /tmp/tmp6gns85ah/GOMC.bin.10855.fa
[07:43:17] Appending to PATH: /home/joao_facio/miniconda3/envs/prokka/bin
[07:43:17] Looking for 'aragorn' - found /home/joao_facio/miniconda3/envs/prokka/bin/aragorn
[07:43:17] Determined aragorn version is 001002 from 'ARAGORN v1.2.41 Dean Laslett'
[07:43:17] Looking for 'barrnap' - found /home/joao_facio/miniconda3/envs/prokka/bin/barrnap
[07:43:17] Determined barrnap version is 000009 from 'barrnap 0.9'
[07:43:17] Looking for 'blastp' - found /home/joao_facio/miniconda3/envs/prokka/bin/blastp
[07:43:17] Determined blastp version is 002016 from 'blastp: 2.16.0+'
[07:43:17] Looking for 'cmpress' - found /home/joao_facio/miniconda3/envs/prokka/bin/cmpress
[07:43:17] Determined cmpress version is 001001 from '# INFERNAL 1.1.5 (Sep 2023)'
[07:43:17] Looking for 'cmscan' - found /home/joao_facio/miniconda3/envs/prokka/bin/cmscan
[07:43:17] Determined cmscan version is 001001 from '# INFERNAL 1.1.5 (Sep 2023)'
[07:43:17] Looking for 'egrep' - found /usr/bin/egrep
[07:43:17] Looking for 'find' - found /usr/bin/find
[07:43:17] Looking for 'grep' - found /usr/bin/grep
[07:43:17] Looking for 'hmmpress' - found /home/joao_facio/miniconda3/envs/prokka/bin/hmmpress
[07:43:17] Determined hmmpress version is 003004 from '# HMMER 3.4 (Aug 2023); http://hmmer.org/'
[07:43:17] Looking for 'hmmscan' - found /home/joao_facio/miniconda3/envs/prokka/bin/hmmscan
[07:43:17] Determined hmmscan version is 003004 from '# HMMER 3.4 (Aug 2023); http://hmmer.org/'
[07:43:17] Looking for 'java' - found /home/joao_facio/miniconda3/envs/prokka/bin/java
[07:43:17] Looking for 'makeblastdb' - found /home/joao_facio/miniconda3/envs/prokka/bin/makeblastdb
[07:43:17] Determined makeblastdb version is 002016 from 'makeblastdb: 2.16.0+'
[07:43:17] Looking for 'minced' - found /home/joao_facio/miniconda3/envs/prokka/bin/minced
[07:43:18] Determined minced version is 004002 from 'minced 0.4.2'
[07:43:18] Looking for 'parallel' - found /home/joao_facio/miniconda3/envs/prokka/bin/parallel
[07:43:18] Determined parallel version is 20251122 from 'GNU parallel 20251122'
[07:43:18] Looking for 'prodigal' - found /home/joao_facio/miniconda3/envs/prokka/bin/prodigal
[07:43:18] Determined prodigal version is 002006 from 'Prodigal V2.6.3: February, 2016'
[07:43:18] Looking for 'prokka-genbank_to_fasta_db' - found /home/joao_facio/miniconda3/envs/prokka/bin/prokka-genbank_to_fasta_db
[07:43:18] Looking for 'sed' - found /usr/bin/sed
[07:43:18] Looking for 'tbl2asn' - found /home/joao_facio/miniconda3/envs/prokka/bin/tbl2asn
[07:43:18] Determined tbl2asn version is 025007 from 'tbl2asn 25.7   arguments:'
[07:43:18] Using genetic code table 11.
[07:43:18] Loading and checking input file: /tmp/tmp6gns85ah/GOMC.bin.10855.fa
[07:43:18] Wrote 231 contigs totalling 1655512 bp.
[07:43:18] Predicting tRNAs and tmRNAs
[07:43:18] Running: aragorn -l -gc11  -w \.\.\/\.\.\/Data\/Chen_Analysis\/Prokka\/Bacteria\/GOMC\.bin\.10855\/GOMC\.bin\.10855\.fna
[07:43:18] 1 tRNA-Leu [1425,1507] 35 (gag)
[07:43:18] 1 tRNA-Arg c[5410,5484] 34 (cct)
[07:43:18] 1 tRNA-Leu [5776,5860] 35 (tag)
[07:43:18] 1 tRNA-Leu [4488,4576] 35 (taa)
[07:43:18] 1 tRNA-Ser [9439,9526] 35 (gct)
[07:43:18] 1 tRNA-Arg c[222,296] 35 (acg)
[07:43:18] 1 tRNA-His [7,81] 35 (gtg)
[07:43:18] Found 7 tRNAs
[07:43:18] Predicting Ribosomal RNAs
[07:43:18] Running Barrnap with 4 threads
[07:43:18] Found 0 rRNAs
[07:43:18] Skipping ncRNA search, enable with --rfam if desired.
[07:43:18] Total of 7 tRNA + rRNA features
[07:43:18] Searching for CRISPR repeats
[07:43:18] Found 0 CRISPRs
[07:43:18] Predicting coding sequences
[07:43:18] Contigs total 1655512 bp, so using single mode
[07:43:18] Running: prodigal -i \.\.\/\.\.\/Data\/Chen_Analysis\/Prokka\/Bacteria\/GOMC\.bin\.10855\/GOMC\.bin\.10855\.fna -c -m -g 11 -p single -f sco -q
[07:43:21] Found 1366 CDS
[07:43:21] Connecting features back to sequences
[07:43:21] Not using genus-specific database. Try --usegenus to enable it.
[07:43:21] Annotating CDS, please be patient.
[07:43:21] Will use 4 CPUs for similarity searching.
[07:43:21] There are still 1366 unannotated CDS left (started with 1366)
[07:43:21] Will use blast to search against /home/joao_facio/miniconda3/envs/prokka/db/kingdom/Bacteria/IS with 4 CPUs
[07:43:21] Running: cat \.\.\/\.\.\/Data\/Chen_Analysis\/Prokka\/Bacteria\/GOMC\.bin\.10855\/GOMC\.bin\.10855\.IS\.tmp\.3165736\.faa | parallel --gnu --plain -j 4 --block 60381 --recstart '>' --pipe blastp -query - -db /home/joao_facio/miniconda3/envs/prokka/db/kingdom/Bacteria/IS -evalue 1e-30 -qcov_hsp_perc 90 -num_threads 1 -num_descriptions 1 -num_alignments 1 -seg no > \.\.\/\.\.\/Data\/Chen_Analysis\/Prokka\/Bacteria\/GOMC\.bin\.10855\/GOMC\.bin\.10855\.IS\.tmp\.3165736\.blast 2> /dev/null
[07:43:26] Deleting unwanted file: ../../Data/Chen_Analysis/Prokka/Bacteria/GOMC.bin.10855/GOMC.bin.10855.IS.tmp.3165736.faa
[07:43:26] Deleting unwanted file: ../../Data/Chen_Analysis/Prokka/Bacteria/GOMC.bin.10855/GOMC.bin.10855.IS.tmp.3165736.blast
[07:43:26] There are still 1366 unannotated CDS left (started with 1366)
[07:43:26] Will use blast to search against /home/joao_facio/miniconda3/envs/prokka/db/kingdom/Bacteria/AMR with 4 CPUs
[07:43:26] Running: cat \.\.\/\.\.\/Data\/Chen_Analysis\/Prokka\/Bacteria\/GOMC\.bin\.10855\/GOMC\.bin\.10855\.AMR\.tmp\.3165736\.faa | parallel --gnu --plain -j 4 --block 60381 --recstart '>' --pipe blastp -query - -db /home/joao_facio/miniconda3/envs/prokka/db/kingdom/Bacteria/AMR -evalue 1e-300 -qcov_hsp_perc 90 -num_threads 1 -num_descriptions 1 -num_alignments 1 -seg no > \.\.\/\.\.\/Data\/Chen_Analysis\/Prokka\/Bacteria\/GOMC\.bin\.10855\/GOMC\.bin\.10855\.AMR\.tmp\.3165736\.blast 2> /dev/null
[07:43:30] Deleting unwanted file: ../../Data/Chen_Analysis/Prokka/Bacteria/GOMC.bin.10855/GOMC.bin.10855.AMR.tmp.3165736.faa
[07:43:30] Deleting unwanted file: ../../Data/Chen_Analysis/Prokka/Bacteria/GOMC.bin.10855/GOMC.bin.10855.AMR.tmp.3165736.blast
[07:43:30] There are still 1366 unannotated CDS left (started with 1366)
[07:43:30] Will use blast to search against /home/joao_facio/miniconda3/envs/prokka/db/kingdom/Bacteria/sprot with 4 CPUs
[07:43:30] Running: cat \.\.\/\.\.\/Data\/Chen_Analysis\/Prokka\/Bacteria\/GOMC\.bin\.10855\/GOMC\.bin\.10855\.sprot\.tmp\.3165736\.faa | parallel --gnu --plain -j 4 --block 60381 --recstart '>' --pipe blastp -query - -db /home/joao_facio/miniconda3/envs/prokka/db/kingdom/Bacteria/sprot -evalue 1e-09 -qcov_hsp_perc 80 -num_threads 1 -num_descriptions 1 -num_alignments 1 -seg no > \.\.\/\.\.\/Data\/Chen_Analysis\/Prokka\/Bacteria\/GOMC\.bin\.10855\/GOMC\.bin\.10855\.sprot\.tmp\.3165736\.blast 2> /dev/null
[07:43:49] Modify product: Uncharacterized oxidoreductase Rv0484c => putative oxidoreductase
[07:43:49] Modify product: Uncharacterized protein Rv0959 => putative protein
[07:43:49] Modify product: Uncharacterized HIT-like protein Rv0759c => putative HIT-like protein
[07:43:49] Modify product: UPF0403 protein YphP => hypothetical protein
[07:43:49] Modify product: Ribonuclease TTHA0252 => Ribonuclease
[07:43:49] Modify product: Uncharacterized protein YbcJ => putative protein YbcJ
[07:43:49] Modify product: Probable chromosome-partitioning protein ParB => putative chromosome-partitioning protein ParB
[07:43:49] Modify product: GTP cyclohydrolase 1 type 2 homolog => GTP cyclohydrolase 1 type 2 
[07:43:49] Modify product: Probable GTP-binding protein EngB => putative GTP-binding protein EngB
[07:43:49] Modify product: Uncharacterized ABC transporter ATP-binding protein YejF => putative ABC transporter ATP-binding protein YejF
[07:43:49] Modify product: Uncharacterized oxidoreductase Rv2900c => putative oxidoreductase
[07:43:49] Modify product: Uncharacterized protein YbbA => putative protein YbbA
[07:43:49] Modify product: Uncharacterized protein YqjZ => putative protein YqjZ
[07:43:49] Modify product: Uncharacterized RNA pseudouridine synthase Rv1540 => putative RNA pseudouridine synthase
[07:43:49] Modify product: Putative cystathionine beta-synthase Rv1077 => Putative cystathionine beta-synthase
[07:43:49] Modify product: Probable quorum-quenching lactonase YtnP => putative quorum-quenching lactonase YtnP
[07:43:49] Modify product: Uncharacterized protein YpjD => putative protein YpjD
[07:43:49] Modify product: Probable bacterial non-heme ferritin => putative bacterial non-heme ferritin
[07:43:49] Modify product: Uncharacterized RNA pseudouridine synthase Rv1540 => putative RNA pseudouridine synthase
[07:43:49] Modify product: Putative multidrug export ATP-binding/permease protein SAV1866 => Putative multidrug export ATP-binding/permease protein
[07:43:49] Modify product: UPF0176 protein YceA => hypothetical protein
[07:43:49] Modify product: UPF0324 inner membrane protein YeiH => hypothetical protein
[07:43:49] Modify product: Probable serine/threonine-protein kinase PkwA => putative serine/threonine-protein kinase PkwA
[07:43:49] Modify product: Uncharacterized glycosyltransferase Rv1514c => putative glycosyltransferase
[07:43:49] Modify product: Probable 3-hydroxybutyryl-CoA dehydrogenase => putative 3-hydroxybutyryl-CoA dehydrogenase
[07:43:49] Modify product: Uncharacterized ABC transporter ATP-binding protein YxlF => putative ABC transporter ATP-binding protein YxlF
[07:43:49] Modify product: Uncharacterized ABC transporter ATP-binding protein YheS => putative ABC transporter ATP-binding protein YheS
[07:43:49] Modify product: Uncharacterized oxidoreductase SA2266 => putative oxidoreductase
[07:43:49] Modify product: Probable murein peptide carboxypeptidase => putative murein peptide carboxypeptidase
[07:43:49] Modify product: UPF0382 membrane protein YwdK => hypothetical protein
[07:43:49] Modify product: Probable GTPase Rv1496 => putative GTPase
[07:43:49] Modify product: Bifunctional protein FolD => Bifunctional protein FolD protein
[07:43:49] Modify product: UPF0701 protein HI_0467 => hypothetical protein
[07:43:49] Modify product: Probable peptidoglycan D,D-transpeptidase PenA => putative peptidoglycan D,D-transpeptidase PenA
[07:43:49] Modify product: Probable multidrug resistance ABC transporter ATP-binding/permease protein YheI => putative multidrug resistance ABC transporter ATP-binding/permease protein YheI
[07:43:49] Modify product: Uncharacterized ABC transporter ATP-binding protein YknY => putative ABC transporter ATP-binding protein YknY
[07:43:49] Modify product: Probable succinyl-CoA:3-ketoacid coenzyme A transferase subunit A => putative succinyl-CoA:3-ketoacid coenzyme A transferase subunit A
[07:43:50] Modify product: Uncharacterized FAD-linked oxidoreductase Rv2280 => putative FAD-linked oxidoreductase
[07:43:50] Modify product: Peptidoglycan-N-acetylglucosamine deacetylase BC_3618 => Peptidoglycan-N-acetylglucosamine deacetylase
[07:43:50] Modify product: Uncharacterized oxidoreductase YjmC => putative oxidoreductase YjmC
[07:43:50] Modify product: Uncharacterized protein YqeY => putative protein YqeY
[07:43:50] Modify product: Acetyltransferase SACOL1063 => Acetyltransferase
[07:43:50] Modify product: Uncharacterized protein HI_0933 => putative protein
[07:43:50] Modify product: Uncharacterized epimerase/dehydratase SA0511 => putative epimerase/dehydratase
[07:43:50] Modify product: UPF0312 protein SA2479 => hypothetical protein
[07:43:50] Modify product: Probable nicotinate-nucleotide pyrophosphorylase [carboxylating] => putative nicotinate-nucleotide pyrophosphorylase [carboxylating]
[07:43:50] Modify product: Putative esterase PA1618 => Putative esterase
[07:43:50] Modify product: Uncharacterized protein YisK => putative protein YisK
[07:43:50] Modify product: Uncharacterized protein M6_Spy0233 => putative protein
[07:43:50] Modify product: Probable iron-sulfur-binding oxidoreductase FadF => putative iron-sulfur-binding oxidoreductase FadF
[07:43:50] Modify product: Probable dual-specificity RNA methyltransferase RlmN => putative dual-specificity RNA methyltransferase RlmN
[07:43:50] Modify product: Uncharacterized glycosyltransferase sll0501 => putative glycosyltransferase
[07:43:50] Modify product: Uncharacterized zinc protease Rv2782c => putative zinc protease
[07:43:50] Modify product: Putative zinc metalloprotease aq_1964 => Putative zinc metalloprotease
[07:43:50] Modify product: Sulfurtransferase Alvin_2599 => Sulfurtransferase
[07:43:50] Modify product: Probable succinyl-CoA:3-ketoacid coenzyme A transferase subunit B => putative succinyl-CoA:3-ketoacid coenzyme A transferase subunit B
[07:43:50] Modify product: UPF0382 membrane protein YwdK => hypothetical protein
[07:43:50] Modify product: Epimerase family protein SA0724 => Epimerase family protein
[07:43:50] Modify product: Uncharacterized protein YqeN => putative protein YqeN
[07:43:50] Modify product: UPF0758 protein CT0611 => hypothetical protein
[07:43:50] Modify product: Probable iron-sulfur-binding oxidoreductase FadF => putative iron-sulfur-binding oxidoreductase FadF
[07:43:50] Modify product: Probable phosphatase Rv3661 => putative phosphatase
[07:43:50] Modify product: UPF0053 protein Rv2366c => hypothetical protein
[07:43:50] Modify product: Probable propionyl-CoA carboxylase beta chain 5 => putative propionyl-CoA carboxylase beta chain 5
[07:43:50] Modify product: Probable deoxycholate-binding periplasmic protein YgiS => putative deoxycholate-binding periplasmic protein YgiS
[07:43:50] Modify product: Probable ribonucleotide transport ATP-binding protein mkl => putative ribonucleotide transport ATP-binding protein mkl
[07:43:50] Modify product: Probable enoyl-CoA hydratase echA8 => putative enoyl-CoA hydratase echA8
[07:43:50] Modify product: Uncharacterized protein YcgM => putative protein YcgM
[07:43:50] Modify product: Uncharacterized sugar kinase YdjH => putative sugar kinase YdjH
[07:43:50] Modify product: Uncharacterized ABC transporter ATP-binding protein YbiT => putative ABC transporter ATP-binding protein YbiT
[07:43:50] Cleaned 70 /product names
[07:43:50] Deleting unwanted file: ../../Data/Chen_Analysis/Prokka/Bacteria/GOMC.bin.10855/GOMC.bin.10855.sprot.tmp.3165736.faa
[07:43:50] Deleting unwanted file: ../../Data/Chen_Analysis/Prokka/Bacteria/GOMC.bin.10855/GOMC.bin.10855.sprot.tmp.3165736.blast
[07:43:50] There are still 824 unannotated CDS left (started with 1366)
[07:43:50] Will use hmmer3 to search against /home/joao_facio/miniconda3/envs/prokka/db/hmm/HAMAP.hmm with 4 CPUs
[07:43:50] Running: cat \.\.\/\.\.\/Data\/Chen_Analysis\/Prokka\/Bacteria\/GOMC\.bin\.10855\/GOMC\.bin\.10855\.HAMAP\.hmm\.tmp\.3165736\.faa | parallel --gnu --plain -j 4 --block 35908 --recstart '>' --pipe hmmscan --noali --notextw --acc -E 1e-09 --cpu 1 /home/joao_facio/miniconda3/envs/prokka/db/hmm/HAMAP.hmm /dev/stdin > \.\.\/\.\.\/Data\/Chen_Analysis\/Prokka\/Bacteria\/GOMC\.bin\.10855\/GOMC\.bin\.10855\.HAMAP\.hmm\.tmp\.3165736\.hmmer3 2> /dev/null
[07:43:56] Modify product: Uncharacterized MFS-type transporter YfcJ => putative MFS-type transporter YfcJ
[07:43:56] Cleaned 1 /product names
[07:43:56] Deleting unwanted file: ../../Data/Chen_Analysis/Prokka/Bacteria/GOMC.bin.10855/GOMC.bin.10855.HAMAP.hmm.tmp.3165736.faa
[07:43:56] Deleting unwanted file: ../../Data/Chen_Analysis/Prokka/Bacteria/GOMC.bin.10855/GOMC.bin.10855.HAMAP.hmm.tmp.3165736.hmmer3
[07:43:56] Labelling remaining 698 proteins as 'hypothetical protein'
[07:43:56] Possible /pseudo 'ATP-dependent zinc metalloprotease FtsH' at k63_5159852 position 15247
[07:43:56] Possible /pseudo 'Chaperone SurA' at k63_9576400 position 2396
[07:43:56] Possible /pseudo 'Peptidoglycan-associated lipoprotein' at k63_6097340 position 3180
[07:43:56] Possible /pseudo '1,4-alpha-glucan branching enzyme GlgB' at k63_5622619 position 5712
[07:43:56] Found 544 unique /gene codes.
[07:43:56] Fixed 3 duplicate /gene - resA_1 resA_2 resA_3
[07:43:56] Fixed 2 duplicate /gene - galE_1 galE_2
[07:43:56] Fixed 2 duplicate /gene - mfd_1 mfd_2
[07:43:56] Fixed 2 duplicate /gene - rgtE_1 rgtE_2
[07:43:56] Fixed 2 duplicate /gene - fadF_1 fadF_2
[07:43:56] Fixed 2 duplicate /gene - rsmI_1 rsmI_2
[07:43:56] Fixed 3 duplicate /gene - dxs_1 dxs_2 dxs_3
[07:43:56] Fixed 7 duplicate /gene - btuB_1 btuB_2 btuB_3 btuB_4 btuB_5 btuB_6 btuB_7
[07:43:56] Fixed 2 duplicate /gene - menF_1 menF_2
[07:43:56] Fixed 2 duplicate /gene - COQ3_1 COQ3_2
[07:43:56] Fixed 2 duplicate /gene - trmH_1 trmH_2
[07:43:56] Fixed 2 duplicate /gene - ruvB_1 ruvB_2
[07:43:56] Fixed 2 duplicate /gene - lolD_1 lolD_2
[07:43:56] Fixed 2 duplicate /gene - dsbD_1 dsbD_2
[07:43:56] Fixed 2 duplicate /gene - sasA_1 sasA_2
[07:43:56] Fixed 2 duplicate /gene - erpA_1 erpA_2
[07:43:56] Fixed 2 duplicate /gene - acdA_1 acdA_2
[07:43:56] Fixed 2 duplicate /gene - bepA_1 bepA_2
[07:43:56] Fixed 6 duplicate /gene - pal_1 pal_2 pal_3 pal_4 pal_5 pal_6
[07:43:56] Fixed 2 duplicate /gene - cpoB_1 cpoB_2
[07:43:56] Fixed 2 duplicate /gene - queA_1 queA_2
[07:43:56] Fixed 2 duplicate /gene - maf_1 maf_2
[07:43:56] Fixed 2 duplicate /gene - gpr_1 gpr_2
[07:43:56] Fixed 2 duplicate /gene - dnaK_1 dnaK_2
[07:43:56] Fixed 2 duplicate /gene - cirA_1 cirA_2
[07:43:56] Fixed 2 duplicate /gene - phrB_1 phrB_2
[07:43:56] Fixed 3 duplicate /gene - metH_1 metH_2 metH_3
[07:43:56] Fixed 2 duplicate /gene - prfB_1 prfB_2
[07:43:56] Fixed 2 duplicate /gene - glmU_1 glmU_2
[07:43:56] Fixed 2 duplicate /gene - gmk_1 gmk_2
[07:43:56] Fixed 2 duplicate /gene - fdx_1 fdx_2
[07:43:56] Fixed 2 duplicate /gene - ppm1_1 ppm1_2
[07:43:56] Fixed 2 duplicate /gene - iscS_1 iscS_2
[07:43:56] Fixed 2 duplicate /gene - tolQ_1 tolQ_2
[07:43:56] Fixed 2 duplicate /gene - ddl_1 ddl_2
[07:43:56] Fixed 2 duplicate /gene - rlmB_1 rlmB_2
[07:43:56] Fixed 3 duplicate /gene - surA_1 surA_2 surA_3
[07:43:56] Fixed 2 duplicate /gene - gyrB_1 gyrB_2
[07:43:56] Fixed 3 duplicate /gene - COQ5_1 COQ5_2 COQ5_3
[07:43:56] Fixed 2 duplicate /gene - rbn_1 rbn_2
[07:43:56] Fixed 2 duplicate /gene - nth_1 nth_2
[07:43:56] Fixed 3 duplicate /gene - ftsH_1 ftsH_2 ftsH_3
[07:43:56] Fixed 2 duplicate /gene - pyrR_1 pyrR_2
[07:43:56] Fixed 2 duplicate /gene - macB_1 macB_2
[07:43:56] Fixed 3 duplicate /gene - glgB_1 glgB_2 glgB_3
[07:43:56] Fixed 45 colliding /gene names.
[07:43:56] Adding /locus_tag identifiers
[07:43:56] Assigned 1373 locus_tags to CDS and RNA features.
[07:43:56] Writing outputs to ../../Data/Chen_Analysis/Prokka/Bacteria/GOMC.bin.10855/
[07:43:56] Generating annotation statistics file
[07:43:56] Generating Genbank and Sequin files
[07:43:56] Running: tbl2asn -V b -a r10k -l paired-ends -M n -N 1 -y 'Annotated using prokka 1.14.6 from https://github.com/tseemann/prokka' -Z \.\.\/\.\.\/Data\/Chen_Analysis\/Prokka\/Bacteria\/GOMC\.bin\.10855\/GOMC\.bin\.10855\.err -i \.\.\/\.\.\/Data\/Chen_Analysis\/Prokka\/Bacteria\/GOMC\.bin\.10855\/GOMC\.bin\.10855\.fsa 2> /dev/null
[07:43:58] Deleting unwanted file: ../../Data/Chen_Analysis/Prokka/Bacteria/GOMC.bin.10855/errorsummary.val
[07:43:58] Deleting unwanted file: ../../Data/Chen_Analysis/Prokka/Bacteria/GOMC.bin.10855/GOMC.bin.10855.dr
[07:43:58] Deleting unwanted file: ../../Data/Chen_Analysis/Prokka/Bacteria/GOMC.bin.10855/GOMC.bin.10855.fixedproducts
[07:43:58] Deleting unwanted file: ../../Data/Chen_Analysis/Prokka/Bacteria/GOMC.bin.10855/GOMC.bin.10855.ecn
[07:43:58] Deleting unwanted file: ../../Data/Chen_Analysis/Prokka/Bacteria/GOMC.bin.10855/GOMC.bin.10855.val
[07:43:58] Repairing broken .GBK output that tbl2asn produces...
[07:43:58] Running: sed 's/COORDINATES: profile/COORDINATES:profile/' < \.\.\/\.\.\/Data\/Chen_Analysis\/Prokka\/Bacteria\/GOMC\.bin\.10855\/GOMC\.bin\.10855\.gbf > \.\.\/\.\.\/Data\/Chen_Analysis\/Prokka\/Bacteria\/GOMC\.bin\.10855\/GOMC\.bin\.10855\.gbk
[07:43:58] Deleting unwanted file: ../../Data/Chen_Analysis/Prokka/Bacteria/GOMC.bin.10855/GOMC.bin.10855.gbf
[07:43:58] Output files:
[07:43:58] ../../Data/Chen_Analysis/Prokka/Bacteria/GOMC.bin.10855/GOMC.bin.10855.fna
[07:43:58] ../../Data/Chen_Analysis/Prokka/Bacteria/GOMC.bin.10855/GOMC.bin.10855.txt
[07:43:58] ../../Data/Chen_Analysis/Prokka/Bacteria/GOMC.bin.10855/GOMC.bin.10855.gbk
[07:43:58] ../../Data/Chen_Analysis/Prokka/Bacteria/GOMC.bin.10855/GOMC.bin.10855.tbl
[07:43:58] ../../Data/Chen_Analysis/Prokka/Bacteria/GOMC.bin.10855/GOMC.bin.10855.log
[07:43:58] ../../Data/Chen_Analysis/Prokka/Bacteria/GOMC.bin.10855/GOMC.bin.10855.fsa
[07:43:58] ../../Data/Chen_Analysis/Prokka/Bacteria/GOMC.bin.10855/GOMC.bin.10855.gff
[07:43:58] ../../Data/Chen_Analysis/Prokka/Bacteria/GOMC.bin.10855/GOMC.bin.10855.tsv
[07:43:58] ../../Data/Chen_Analysis/Prokka/Bacteria/GOMC.bin.10855/GOMC.bin.10855.sqn
[07:43:58] ../../Data/Chen_Analysis/Prokka/Bacteria/GOMC.bin.10855/GOMC.bin.10855.err
[07:43:58] ../../Data/Chen_Analysis/Prokka/Bacteria/GOMC.bin.10855/GOMC.bin.10855.ffn
[07:43:58] ../../Data/Chen_Analysis/Prokka/Bacteria/GOMC.bin.10855/GOMC.bin.10855.faa
[07:43:58] Annotation finished successfully.
[07:43:58] Walltime used: 0.68 minutes
[07:43:58] If you use this result please cite the Prokka paper:
[07:43:58] Seemann T (2014) Prokka: rapid prokaryotic genome annotation. Bioinformatics. 30(14):2068-9.
[07:43:58] Type 'prokka --citation' for more details.
[07:43:58] Share and enjoy!
