[08:22:07] This is prokka 1.14.6
[08:22:07] Written by Torsten Seemann <torsten.seemann@gmail.com>
[08:22:07] Homepage is https://github.com/tseemann/prokka
[08:22:07] Local time is Mon Dec  1 08:22:07 2025
[08:22:07] You are joao_facio
[08:22:07] Operating system is linux
[08:22:07] You have BioPerl 1.7.8
[08:22:07] System has 12 cores.
[08:22:07] Will use maximum of 4 cores.
[08:22:07] Annotating as >>> Bacteria <<<
[08:22:07] Generating locus_tag from '/tmp/tmp6gns85ah/GOMC.bin.15705.fa' contents.
[08:22:07] Setting --locustag ENKKNGKO from MD5 e7447048e55c253fdf90cd13c84eb5ad
[08:22:07] Creating new output folder: ../../Data/Chen_Analysis/Prokka/Bacteria/GOMC.bin.15705
[08:22:07] Running: mkdir -p \.\.\/\.\.\/Data\/Chen_Analysis\/Prokka\/Bacteria\/GOMC\.bin\.15705
[08:22:07] Using filename prefix: GOMC.bin.15705.XXX
[08:22:07] Setting HMMER_NCPU=1
[08:22:07] Writing log to: ../../Data/Chen_Analysis/Prokka/Bacteria/GOMC.bin.15705/GOMC.bin.15705.log
[08:22:07] Command: /home/joao_facio/miniconda3/envs/prokka/bin/prokka --outdir ../../Data/Chen_Analysis/Prokka/Bacteria/GOMC.bin.15705 --prefix GOMC.bin.15705 --kingdom Bacteria --genus UBA2163 --strain GOMC.bin.15705 --cpus 4 --force /tmp/tmp6gns85ah/GOMC.bin.15705.fa
[08:22:07] Appending to PATH: /home/joao_facio/miniconda3/envs/prokka/bin
[08:22:07] Looking for 'aragorn' - found /home/joao_facio/miniconda3/envs/prokka/bin/aragorn
[08:22:07] Determined aragorn version is 001002 from 'ARAGORN v1.2.41 Dean Laslett'
[08:22:07] Looking for 'barrnap' - found /home/joao_facio/miniconda3/envs/prokka/bin/barrnap
[08:22:07] Determined barrnap version is 000009 from 'barrnap 0.9'
[08:22:07] Looking for 'blastp' - found /home/joao_facio/miniconda3/envs/prokka/bin/blastp
[08:22:07] Determined blastp version is 002016 from 'blastp: 2.16.0+'
[08:22:07] Looking for 'cmpress' - found /home/joao_facio/miniconda3/envs/prokka/bin/cmpress
[08:22:07] Determined cmpress version is 001001 from '# INFERNAL 1.1.5 (Sep 2023)'
[08:22:07] Looking for 'cmscan' - found /home/joao_facio/miniconda3/envs/prokka/bin/cmscan
[08:22:07] Determined cmscan version is 001001 from '# INFERNAL 1.1.5 (Sep 2023)'
[08:22:07] Looking for 'egrep' - found /usr/bin/egrep
[08:22:07] Looking for 'find' - found /usr/bin/find
[08:22:07] Looking for 'grep' - found /usr/bin/grep
[08:22:07] Looking for 'hmmpress' - found /home/joao_facio/miniconda3/envs/prokka/bin/hmmpress
[08:22:07] Determined hmmpress version is 003004 from '# HMMER 3.4 (Aug 2023); http://hmmer.org/'
[08:22:07] Looking for 'hmmscan' - found /home/joao_facio/miniconda3/envs/prokka/bin/hmmscan
[08:22:07] Determined hmmscan version is 003004 from '# HMMER 3.4 (Aug 2023); http://hmmer.org/'
[08:22:07] Looking for 'java' - found /home/joao_facio/miniconda3/envs/prokka/bin/java
[08:22:07] Looking for 'makeblastdb' - found /home/joao_facio/miniconda3/envs/prokka/bin/makeblastdb
[08:22:07] Determined makeblastdb version is 002016 from 'makeblastdb: 2.16.0+'
[08:22:07] Looking for 'minced' - found /home/joao_facio/miniconda3/envs/prokka/bin/minced
[08:22:07] Determined minced version is 004002 from 'minced 0.4.2'
[08:22:07] Looking for 'parallel' - found /home/joao_facio/miniconda3/envs/prokka/bin/parallel
[08:22:08] Determined parallel version is 20251122 from 'GNU parallel 20251122'
[08:22:08] Looking for 'prodigal' - found /home/joao_facio/miniconda3/envs/prokka/bin/prodigal
[08:22:08] Determined prodigal version is 002006 from 'Prodigal V2.6.3: February, 2016'
[08:22:08] Looking for 'prokka-genbank_to_fasta_db' - found /home/joao_facio/miniconda3/envs/prokka/bin/prokka-genbank_to_fasta_db
[08:22:08] Looking for 'sed' - found /usr/bin/sed
[08:22:08] Looking for 'tbl2asn' - found /home/joao_facio/miniconda3/envs/prokka/bin/tbl2asn
[08:22:08] Determined tbl2asn version is 025007 from 'tbl2asn 25.7   arguments:'
[08:22:08] Using genetic code table 11.
[08:22:08] Loading and checking input file: /tmp/tmp6gns85ah/GOMC.bin.15705.fa
[08:22:08] Wrote 43 contigs totalling 504882 bp.
[08:22:08] Predicting tRNAs and tmRNAs
[08:22:08] Running: aragorn -l -gc11  -w \.\.\/\.\.\/Data\/Chen_Analysis\/Prokka\/Bacteria\/GOMC\.bin\.15705\/GOMC\.bin\.15705\.fna
[08:22:08] 1 tRNA-Leu [7725,7807] 35 (tag)
[08:22:08] 2 tRNA-Lys c[7854,7927] 34 (ctt)
[08:22:08] 3 tRNA-Leu c[7929,8015] 35 (taa)
[08:22:08] 4 tRNA-Cys c[8044,8116] 33 (gca)
[08:22:08] 5 tRNA-Tyr [16550,16633] 35 (gta)
[08:22:08] 6 tRNA-Trp [39751,39823] 34 (cca)
[08:22:08] 1 tRNA-Val [1243,1317] 35 (gac)
[08:22:08] 2 tRNA-Phe c[6432,6505] 34 (gaa)
[08:22:08] 3 tRNA-Arg c[6871,6942] 34 (cct)
[08:22:08] 1 tRNA-Ser c[138,223] 35 (gga)
[08:22:08] 2 tRNA-Gln c[14989,15060] 33 (ctg)
[08:22:08] 3 tRNA-Thr c[19615,19688] 34 (ggt)
[08:22:08] 4 tRNA-Asp c[21513,21587] 35 (gtc)
[08:22:08] 5 tRNA-Met c[21632,21706] 35 (cat)
[08:22:08] 6 tRNA-Met [21792,21863] 33 (cat)
[08:22:08] 1 tRNA-Lys [7262,7335] 34 (ttt)
[08:22:08] 1 tRNA-Ile c[3768,3841] 34 (gat)
[08:22:08] 1 tRNA-Glu c[29577,29649] 34 (ctc)
[08:22:08] 1 tRNA-His c[35798,35873] 34 (gtg)
[08:22:08] 2 tRNA-Leu c[36819,36903] 35 (gag)
[08:22:08] 1 tRNA-Gln c[11321,11392] 33 (ttg)
[08:22:08] 2 tRNA-Leu [22846,22928] 35 (caa)
[08:22:08] 1 tRNA-Arg c[58,132] 34 (tct)
[08:22:08] 1 tRNA-Ser c[58,147] 35 (gct)
[08:22:08] 1 tRNA-Arg c[7525,7597] 34 (tcg)
[08:22:08] 2 tRNA-Gly [7678,7749] 33 (gcc)
[08:22:08] 3 tRNA-Pro c[8452,8523] 33 (tgg)
[08:22:08] 4 tRNA-Gly [12014,12085] 33 (tcc)
[08:22:08] 1 tRNA-Thr [13412,13485] 34 (tgt)
[08:22:08] 1 tmRNA c[9696,10083] 88,156 AKSITKVKGLIVSPFTPAYAIA*
[08:22:08] 2 tRNA-Ile [12625,12700] 34 (tat)
[08:22:08] 1 tRNA-Ala [7114,7187] 34 (tgc)
[08:22:08] 1 tRNA-Glu [6529,6601] 34 (ttc)
[08:22:08] Found 33 tRNAs
[08:22:08] Predicting Ribosomal RNAs
[08:22:08] Running Barrnap with 4 threads
[08:22:08] 1 k63_503584 11462 16S ribosomal RNA (partial)
[08:22:08] 2 k63_609332 1876 5S ribosomal RNA (partial)
[08:22:08] 3 k63_609332 2222 23S ribosomal RNA
[08:22:08] Found 3 rRNAs
[08:22:08] Skipping ncRNA search, enable with --rfam if desired.
[08:22:08] Total of 35 tRNA + rRNA features
[08:22:08] Searching for CRISPR repeats
[08:22:08] Found 0 CRISPRs
[08:22:08] Predicting coding sequences
[08:22:08] Contigs total 504882 bp, so using single mode
[08:22:08] Running: prodigal -i \.\.\/\.\.\/Data\/Chen_Analysis\/Prokka\/Bacteria\/GOMC\.bin\.15705\/GOMC\.bin\.15705\.fna -c -m -g 11 -p single -f sco -q
[08:22:09] Excluding CDS which overlaps existing RNA (tRNA) at k63_579422:7713..7814 on + strand
[08:22:09] Excluding CDS which overlaps existing RNA (tRNA) at k63_584624:14738..15046 on - strand
[08:22:09] Excluding CDS which overlaps existing RNA (tRNA) at k63_360171:7259..8674 on - strand
[08:22:09] Found 527 CDS
[08:22:09] Connecting features back to sequences
[08:22:09] Not using genus-specific database. Try --usegenus to enable it.
[08:22:09] Annotating CDS, please be patient.
[08:22:09] Will use 4 CPUs for similarity searching.
[08:22:09] There are still 527 unannotated CDS left (started with 527)
[08:22:09] Will use blast to search against /home/joao_facio/miniconda3/envs/prokka/db/kingdom/Bacteria/IS with 4 CPUs
[08:22:09] Running: cat \.\.\/\.\.\/Data\/Chen_Analysis\/Prokka\/Bacteria\/GOMC\.bin\.15705\/GOMC\.bin\.15705\.IS\.tmp\.3244736\.faa | parallel --gnu --plain -j 4 --block 18054 --recstart '>' --pipe blastp -query - -db /home/joao_facio/miniconda3/envs/prokka/db/kingdom/Bacteria/IS -evalue 1e-30 -qcov_hsp_perc 90 -num_threads 1 -num_descriptions 1 -num_alignments 1 -seg no > \.\.\/\.\.\/Data\/Chen_Analysis\/Prokka\/Bacteria\/GOMC\.bin\.15705\/GOMC\.bin\.15705\.IS\.tmp\.3244736\.blast 2> /dev/null
[08:22:10] Deleting unwanted file: ../../Data/Chen_Analysis/Prokka/Bacteria/GOMC.bin.15705/GOMC.bin.15705.IS.tmp.3244736.faa
[08:22:10] Deleting unwanted file: ../../Data/Chen_Analysis/Prokka/Bacteria/GOMC.bin.15705/GOMC.bin.15705.IS.tmp.3244736.blast
[08:22:11] There are still 527 unannotated CDS left (started with 527)
[08:22:11] Will use blast to search against /home/joao_facio/miniconda3/envs/prokka/db/kingdom/Bacteria/AMR with 4 CPUs
[08:22:11] Running: cat \.\.\/\.\.\/Data\/Chen_Analysis\/Prokka\/Bacteria\/GOMC\.bin\.15705\/GOMC\.bin\.15705\.AMR\.tmp\.3244736\.faa | parallel --gnu --plain -j 4 --block 18054 --recstart '>' --pipe blastp -query - -db /home/joao_facio/miniconda3/envs/prokka/db/kingdom/Bacteria/AMR -evalue 1e-300 -qcov_hsp_perc 90 -num_threads 1 -num_descriptions 1 -num_alignments 1 -seg no > \.\.\/\.\.\/Data\/Chen_Analysis\/Prokka\/Bacteria\/GOMC\.bin\.15705\/GOMC\.bin\.15705\.AMR\.tmp\.3244736\.blast 2> /dev/null
[08:22:12] Deleting unwanted file: ../../Data/Chen_Analysis/Prokka/Bacteria/GOMC.bin.15705/GOMC.bin.15705.AMR.tmp.3244736.faa
[08:22:12] Deleting unwanted file: ../../Data/Chen_Analysis/Prokka/Bacteria/GOMC.bin.15705/GOMC.bin.15705.AMR.tmp.3244736.blast
[08:22:12] There are still 527 unannotated CDS left (started with 527)
[08:22:12] Will use blast to search against /home/joao_facio/miniconda3/envs/prokka/db/kingdom/Bacteria/sprot with 4 CPUs
[08:22:12] Running: cat \.\.\/\.\.\/Data\/Chen_Analysis\/Prokka\/Bacteria\/GOMC\.bin\.15705\/GOMC\.bin\.15705\.sprot\.tmp\.3244736\.faa | parallel --gnu --plain -j 4 --block 18054 --recstart '>' --pipe blastp -query - -db /home/joao_facio/miniconda3/envs/prokka/db/kingdom/Bacteria/sprot -evalue 1e-09 -qcov_hsp_perc 80 -num_threads 1 -num_descriptions 1 -num_alignments 1 -seg no > \.\.\/\.\.\/Data\/Chen_Analysis\/Prokka\/Bacteria\/GOMC\.bin\.15705\/GOMC\.bin\.15705\.sprot\.tmp\.3244736\.blast 2> /dev/null
[08:22:18] Modify product: Uncharacterized RNA pseudouridine synthase Rv1540 => putative RNA pseudouridine synthase
[08:22:18] Modify product: Uncharacterized ABC transporter ATP-binding protein YknY => putative ABC transporter ATP-binding protein YknY
[08:22:18] Modify product: Probable tRNA-dihydrouridine synthase => putative tRNA-dihydrouridine synthase
[08:22:18] Modify product: Uncharacterized metal-dependent hydrolase YcfH => putative metal-dependent hydrolase YcfH
[08:22:18] Modify product: Protease HtpX homolog => Protease HtpX 
[08:22:18] Modify product: UPF0053 inner membrane protein YfjD => hypothetical protein
[08:22:18] Modify product: Uncharacterized protein YpjD => putative protein YpjD
[08:22:18] Modify product: Bifunctional protein Rv2228c => Bifunctional protein
[08:22:18] Modify product: Probable fructose-bisphosphate aldolase => putative fructose-bisphosphate aldolase
[08:22:18] Modify product: Putative 2-hydroxyacid dehydrogenase SA2098 => Putative 2-hydroxyacid dehydrogenase
[08:22:18] Modify product: Probable transcriptional regulatory protein aq_1575 => putative transcriptional regulatory protein
[08:22:18] Modify product: Ribonuclease TTHA0252 => Ribonuclease
[08:22:18] Modify product: Uncharacterized protein YqeY => putative protein YqeY
[08:22:18] Modify product: Vitamin K epoxide reductase homolog => Vitamin K epoxide reductase 
[08:22:18] Modify product: UPF0145 protein BCE33L0904 => hypothetical protein
[08:22:18] Cleaned 15 /product names
[08:22:18] Deleting unwanted file: ../../Data/Chen_Analysis/Prokka/Bacteria/GOMC.bin.15705/GOMC.bin.15705.sprot.tmp.3244736.faa
[08:22:18] Deleting unwanted file: ../../Data/Chen_Analysis/Prokka/Bacteria/GOMC.bin.15705/GOMC.bin.15705.sprot.tmp.3244736.blast
[08:22:18] There are still 311 unannotated CDS left (started with 527)
[08:22:18] Will use hmmer3 to search against /home/joao_facio/miniconda3/envs/prokka/db/hmm/HAMAP.hmm with 4 CPUs
[08:22:18] Running: cat \.\.\/\.\.\/Data\/Chen_Analysis\/Prokka\/Bacteria\/GOMC\.bin\.15705\/GOMC\.bin\.15705\.HAMAP\.hmm\.tmp\.3244736\.faa | parallel --gnu --plain -j 4 --block 8915 --recstart '>' --pipe hmmscan --noali --notextw --acc -E 1e-09 --cpu 1 /home/joao_facio/miniconda3/envs/prokka/db/hmm/HAMAP.hmm /dev/stdin > \.\.\/\.\.\/Data\/Chen_Analysis\/Prokka\/Bacteria\/GOMC\.bin\.15705\/GOMC\.bin\.15705\.HAMAP\.hmm\.tmp\.3244736\.hmmer3 2> /dev/null
[08:22:21] Deleting unwanted file: ../../Data/Chen_Analysis/Prokka/Bacteria/GOMC.bin.15705/GOMC.bin.15705.HAMAP.hmm.tmp.3244736.faa
[08:22:21] Deleting unwanted file: ../../Data/Chen_Analysis/Prokka/Bacteria/GOMC.bin.15705/GOMC.bin.15705.HAMAP.hmm.tmp.3244736.hmmer3
[08:22:21] Labelling remaining 270 proteins as 'hypothetical protein'
[08:22:21] Found 242 unique /gene codes.
[08:22:21] Fixed 2 duplicate /gene - epsF_1 epsF_2
[08:22:21] Fixed 2 duplicate /gene - xpsE_1 xpsE_2
[08:22:21] Fixed 3 duplicate /gene - ftsA_1 ftsA_2 ftsA_3
[08:22:21] Fixed 3 colliding /gene names.
[08:22:21] Adding /locus_tag identifiers
[08:22:21] Assigned 563 locus_tags to CDS and RNA features.
[08:22:21] Writing outputs to ../../Data/Chen_Analysis/Prokka/Bacteria/GOMC.bin.15705/
[08:22:21] Generating annotation statistics file
[08:22:21] Generating Genbank and Sequin files
[08:22:21] Running: tbl2asn -V b -a r10k -l paired-ends -M n -N 1 -y 'Annotated using prokka 1.14.6 from https://github.com/tseemann/prokka' -Z \.\.\/\.\.\/Data\/Chen_Analysis\/Prokka\/Bacteria\/GOMC\.bin\.15705\/GOMC\.bin\.15705\.err -i \.\.\/\.\.\/Data\/Chen_Analysis\/Prokka\/Bacteria\/GOMC\.bin\.15705\/GOMC\.bin\.15705\.fsa 2> /dev/null
[08:22:22] Deleting unwanted file: ../../Data/Chen_Analysis/Prokka/Bacteria/GOMC.bin.15705/errorsummary.val
[08:22:22] Deleting unwanted file: ../../Data/Chen_Analysis/Prokka/Bacteria/GOMC.bin.15705/GOMC.bin.15705.dr
[08:22:22] Deleting unwanted file: ../../Data/Chen_Analysis/Prokka/Bacteria/GOMC.bin.15705/GOMC.bin.15705.fixedproducts
[08:22:22] Deleting unwanted file: ../../Data/Chen_Analysis/Prokka/Bacteria/GOMC.bin.15705/GOMC.bin.15705.ecn
[08:22:22] Deleting unwanted file: ../../Data/Chen_Analysis/Prokka/Bacteria/GOMC.bin.15705/GOMC.bin.15705.val
[08:22:22] Repairing broken .GBK output that tbl2asn produces...
[08:22:22] Running: sed 's/COORDINATES: profile/COORDINATES:profile/' < \.\.\/\.\.\/Data\/Chen_Analysis\/Prokka\/Bacteria\/GOMC\.bin\.15705\/GOMC\.bin\.15705\.gbf > \.\.\/\.\.\/Data\/Chen_Analysis\/Prokka\/Bacteria\/GOMC\.bin\.15705\/GOMC\.bin\.15705\.gbk
[08:22:22] Deleting unwanted file: ../../Data/Chen_Analysis/Prokka/Bacteria/GOMC.bin.15705/GOMC.bin.15705.gbf
[08:22:22] Output files:
[08:22:22] ../../Data/Chen_Analysis/Prokka/Bacteria/GOMC.bin.15705/GOMC.bin.15705.tsv
[08:22:22] ../../Data/Chen_Analysis/Prokka/Bacteria/GOMC.bin.15705/GOMC.bin.15705.fsa
[08:22:22] ../../Data/Chen_Analysis/Prokka/Bacteria/GOMC.bin.15705/GOMC.bin.15705.log
[08:22:22] ../../Data/Chen_Analysis/Prokka/Bacteria/GOMC.bin.15705/GOMC.bin.15705.err
[08:22:22] ../../Data/Chen_Analysis/Prokka/Bacteria/GOMC.bin.15705/GOMC.bin.15705.fna
[08:22:22] ../../Data/Chen_Analysis/Prokka/Bacteria/GOMC.bin.15705/GOMC.bin.15705.faa
[08:22:22] ../../Data/Chen_Analysis/Prokka/Bacteria/GOMC.bin.15705/GOMC.bin.15705.gff
[08:22:22] ../../Data/Chen_Analysis/Prokka/Bacteria/GOMC.bin.15705/GOMC.bin.15705.sqn
[08:22:22] ../../Data/Chen_Analysis/Prokka/Bacteria/GOMC.bin.15705/GOMC.bin.15705.tbl
[08:22:22] ../../Data/Chen_Analysis/Prokka/Bacteria/GOMC.bin.15705/GOMC.bin.15705.gbk
[08:22:22] ../../Data/Chen_Analysis/Prokka/Bacteria/GOMC.bin.15705/GOMC.bin.15705.ffn
[08:22:22] ../../Data/Chen_Analysis/Prokka/Bacteria/GOMC.bin.15705/GOMC.bin.15705.txt
[08:22:22] Annotation finished successfully.
[08:22:22] Walltime used: 0.25 minutes
[08:22:22] If you use this result please cite the Prokka paper:
[08:22:22] Seemann T (2014) Prokka: rapid prokaryotic genome annotation. Bioinformatics. 30(14):2068-9.
[08:22:22] Type 'prokka --citation' for more details.
[08:22:22] Share and enjoy!
