[07:30:20] This is prokka 1.14.6
[07:30:20] Written by Torsten Seemann <torsten.seemann@gmail.com>
[07:30:20] Homepage is https://github.com/tseemann/prokka
[07:30:20] Local time is Mon Dec  1 07:30:20 2025
[07:30:20] You are joao_facio
[07:30:20] Operating system is linux
[07:30:20] You have BioPerl 1.7.8
[07:30:20] System has 12 cores.
[07:30:20] Will use maximum of 4 cores.
[07:30:20] Annotating as >>> Archaea <<<
[07:30:20] Generating locus_tag from '/tmp/tmp6gns85ah/GOMC.bin.2902.fa' contents.
[07:30:20] Setting --locustag FFMJAMFM from MD5 ff63a6f62df1278eb0b788c9ab2fccc5
[07:30:20] Creating new output folder: ../../Data/Chen_Analysis/Prokka/Archaea/GOMC.bin.2902
[07:30:20] Running: mkdir -p \.\.\/\.\.\/Data\/Chen_Analysis\/Prokka\/Archaea\/GOMC\.bin\.2902
[07:30:20] Using filename prefix: GOMC.bin.2902.XXX
[07:30:20] Setting HMMER_NCPU=1
[07:30:20] Writing log to: ../../Data/Chen_Analysis/Prokka/Archaea/GOMC.bin.2902/GOMC.bin.2902.log
[07:30:20] Command: /home/joao_facio/miniconda3/envs/prokka/bin/prokka --outdir ../../Data/Chen_Analysis/Prokka/Archaea/GOMC.bin.2902 --prefix GOMC.bin.2902 --kingdom Archaea --genus Candidatus --strain GOMC.bin.2902 --cpus 4 --force /tmp/tmp6gns85ah/GOMC.bin.2902.fa
[07:30:20] Appending to PATH: /home/joao_facio/miniconda3/envs/prokka/bin
[07:30:20] Looking for 'aragorn' - found /home/joao_facio/miniconda3/envs/prokka/bin/aragorn
[07:30:20] Determined aragorn version is 001002 from 'ARAGORN v1.2.41 Dean Laslett'
[07:30:20] Looking for 'barrnap' - found /home/joao_facio/miniconda3/envs/prokka/bin/barrnap
[07:30:20] Determined barrnap version is 000009 from 'barrnap 0.9'
[07:30:20] Looking for 'blastp' - found /home/joao_facio/miniconda3/envs/prokka/bin/blastp
[07:30:20] Determined blastp version is 002016 from 'blastp: 2.16.0+'
[07:30:20] Looking for 'cmpress' - found /home/joao_facio/miniconda3/envs/prokka/bin/cmpress
[07:30:20] Determined cmpress version is 001001 from '# INFERNAL 1.1.5 (Sep 2023)'
[07:30:20] Looking for 'cmscan' - found /home/joao_facio/miniconda3/envs/prokka/bin/cmscan
[07:30:20] Determined cmscan version is 001001 from '# INFERNAL 1.1.5 (Sep 2023)'
[07:30:20] Looking for 'egrep' - found /usr/bin/egrep
[07:30:20] Looking for 'find' - found /usr/bin/find
[07:30:20] Looking for 'grep' - found /usr/bin/grep
[07:30:20] Looking for 'hmmpress' - found /home/joao_facio/miniconda3/envs/prokka/bin/hmmpress
[07:30:20] Determined hmmpress version is 003004 from '# HMMER 3.4 (Aug 2023); http://hmmer.org/'
[07:30:20] Looking for 'hmmscan' - found /home/joao_facio/miniconda3/envs/prokka/bin/hmmscan
[07:30:20] Determined hmmscan version is 003004 from '# HMMER 3.4 (Aug 2023); http://hmmer.org/'
[07:30:20] Looking for 'java' - found /home/joao_facio/miniconda3/envs/prokka/bin/java
[07:30:20] Looking for 'makeblastdb' - found /home/joao_facio/miniconda3/envs/prokka/bin/makeblastdb
[07:30:20] Determined makeblastdb version is 002016 from 'makeblastdb: 2.16.0+'
[07:30:20] Looking for 'minced' - found /home/joao_facio/miniconda3/envs/prokka/bin/minced
[07:30:20] Determined minced version is 004002 from 'minced 0.4.2'
[07:30:20] Looking for 'parallel' - found /home/joao_facio/miniconda3/envs/prokka/bin/parallel
[07:30:20] Determined parallel version is 20251122 from 'GNU parallel 20251122'
[07:30:20] Looking for 'prodigal' - found /home/joao_facio/miniconda3/envs/prokka/bin/prodigal
[07:30:20] Determined prodigal version is 002006 from 'Prodigal V2.6.3: February, 2016'
[07:30:20] Looking for 'prokka-genbank_to_fasta_db' - found /home/joao_facio/miniconda3/envs/prokka/bin/prokka-genbank_to_fasta_db
[07:30:20] Looking for 'sed' - found /usr/bin/sed
[07:30:20] Looking for 'tbl2asn' - found /home/joao_facio/miniconda3/envs/prokka/bin/tbl2asn
[07:30:20] Determined tbl2asn version is 025007 from 'tbl2asn 25.7   arguments:'
[07:30:20] Using genetic code table 11.
[07:30:20] Loading and checking input file: /tmp/tmp6gns85ah/GOMC.bin.2902.fa
[07:30:20] Wrote 143 contigs totalling 1212673 bp.
[07:30:20] Predicting tRNAs and tmRNAs
[07:30:20] Running: aragorn -l -gc11  -w \.\.\/\.\.\/Data\/Chen_Analysis\/Prokka\/Archaea\/GOMC\.bin\.2902\/GOMC\.bin\.2902\.fna
[07:30:20] tRNA [2917,3010] is a pseudo/wacky gene - skipping.
[07:30:20] 1 tRNA-Thr c[808,880] 34 (ggt)
[07:30:20] Found 1 tRNAs
[07:30:20] Predicting Ribosomal RNAs
[07:30:20] Running Barrnap with 4 threads
[07:30:20] Found 0 rRNAs
[07:30:20] Skipping ncRNA search, enable with --rfam if desired.
[07:30:20] Total of 1 tRNA + rRNA features
[07:30:20] Searching for CRISPR repeats
[07:30:21] Found 0 CRISPRs
[07:30:21] Predicting coding sequences
[07:30:21] Contigs total 1212673 bp, so using single mode
[07:30:21] Running: prodigal -i \.\.\/\.\.\/Data\/Chen_Analysis\/Prokka\/Archaea\/GOMC\.bin\.2902\/GOMC\.bin\.2902\.fna -c -m -g 11 -p single -f sco -q
[07:30:21] Found 1189 CDS
[07:30:21] Connecting features back to sequences
[07:30:21] Not using genus-specific database. Try --usegenus to enable it.
[07:30:21] Annotating CDS, please be patient.
[07:30:21] Will use 4 CPUs for similarity searching.
[07:30:21] There are still 1189 unannotated CDS left (started with 1189)
[07:30:21] Will use blast to search against /home/joao_facio/miniconda3/envs/prokka/db/kingdom/Archaea/sprot with 4 CPUs
[07:30:21] Running: cat \.\.\/\.\.\/Data\/Chen_Analysis\/Prokka\/Archaea\/GOMC\.bin\.2902\/GOMC\.bin\.2902\.sprot\.tmp\.3129885\.faa | parallel --gnu --plain -j 4 --block 43394 --recstart '>' --pipe blastp -query - -db /home/joao_facio/miniconda3/envs/prokka/db/kingdom/Archaea/sprot -evalue 1e-09 -qcov_hsp_perc 80 -num_threads 1 -num_descriptions 1 -num_alignments 1 -seg no > \.\.\/\.\.\/Data\/Chen_Analysis\/Prokka\/Archaea\/GOMC\.bin\.2902\/GOMC\.bin\.2902\.sprot\.tmp\.3129885\.blast 2> /dev/null
[07:30:23] Modify product: Zinc metalloprotease TldD homolog => Zinc metalloprotease TldD 
[07:30:23] Modify product: UPF0273 protein PH0284 => hypothetical protein
[07:30:23] Modify product: ATP-dependent DNA helicase Ta0057 => ATP-dependent DNA helicase
[07:30:23] Modify product: Probable tRNA pseudouridine synthase D => putative tRNA pseudouridine synthase D
[07:30:23] Modify product: Uncharacterized ABC transporter ATP-binding protein MJ0796 => putative ABC transporter ATP-binding protein
[07:30:23] Modify product: Protein pelota homolog => Protein pelota 
[07:30:23] Modify product: ATP-dependent DNA helicase Ta0057 => ATP-dependent DNA helicase
[07:30:23] Modify product: Probable thymidylate kinase => putative thymidylate kinase
[07:30:23] Modify product: Protein Ta0487 => Protein
[07:30:23] Modify product: Putative sugar kinase PH1459 => Putative sugar kinase
[07:30:23] Modify product: Zinc metalloprotease TldD homolog => Zinc metalloprotease TldD 
[07:30:23] Modify product: Probable tRNA pseudouridine synthase D => putative tRNA pseudouridine synthase D
[07:30:23] Modify product: Probable tRNA pseudouridine synthase B => putative tRNA pseudouridine synthase B
[07:30:23] Modify product: Probable tRNA pseudouridine synthase B => putative tRNA pseudouridine synthase B
[07:30:23] Modify product: RutC family protein PH0854 => RutC family protein
[07:30:23] Modify product: DNA-binding protein SSO0352 => DNA-binding protein
[07:30:23] Modify product: UPF0273 protein PH0284 => hypothetical protein
[07:30:23] Modify product: UDP-N-acetylglucosamine 2-epimerase homolog => UDP-N-acetylglucosamine 2-epimerase 
[07:30:23] Modify product: Uncharacterized protein MJ1225 => putative protein
[07:30:23] Modify product: Damage-control phosphatase AF_1104 => Damage-control phosphatase
[07:30:23] Modify product: Polyribonucleotide 5'-hydroxyl-kinase PH0197 => Polyribonucleotide 5'-hydroxyl-kinase
[07:30:23] Modify product: Putative FKBP-type peptidyl-prolyl cis-trans isomerase MJ0825 => Putative FKBP-type peptidyl-prolyl cis-trans isomerase
[07:30:23] Modify product: Ribosome maturation protein SDO1 homolog => Ribosome maturation protein SDO1 
[07:30:23] Modify product: ATP-dependent DNA helicase Ta0057 => ATP-dependent DNA helicase
[07:30:23] Modify product: UDP-N-acetylglucosamine 2-epimerase homolog => UDP-N-acetylglucosamine 2-epimerase 
[07:30:23] Modify product: Zinc metalloprotease TldD homolog => Zinc metalloprotease TldD 
[07:30:23] Modify product: UPF0215 protein AF_1433 => hypothetical protein
[07:30:23] Modify product: Uncharacterized protein MJ1311 => putative protein
[07:30:23] Modify product: Probable ribonuclease FAU-1 => putative ribonuclease FAU-1
[07:30:23] Modify product: UPF0147 protein Ta0600 => hypothetical protein
[07:30:23] Modify product: Protein PH0010 => Protein
[07:30:23] Modify product: Protein translation factor SUI1 homolog => Protein translation factor SUI1 
[07:30:23] Modify product: UPF0107 protein AF_0055 => hypothetical protein
[07:30:23] Modify product: GPN-loop GTPase PAB0955 => GPN-loop GTPase
[07:30:23] Modify product: Uncharacterized HTH-type transcriptional regulator PH1519 => putative HTH-type transcriptional regulator
[07:30:23] Modify product: ATP-dependent DNA helicase Ta0057 => ATP-dependent DNA helicase
[07:30:23] Modify product: GPN-loop GTPase PAB0955 => GPN-loop GTPase
[07:30:23] Modify product: UPF0310 protein PH1033 => hypothetical protein
[07:30:23] Modify product: Uncharacterized protein MJ0123 => putative protein
[07:30:23] Modify product: Uncharacterized protein AF_1796 => putative protein
[07:30:23] Modify product: Stomatin homolog PH1511 => Stomatin
[07:30:23] Cleaned 41 /product names
[07:30:23] Deleting unwanted file: ../../Data/Chen_Analysis/Prokka/Archaea/GOMC.bin.2902/GOMC.bin.2902.sprot.tmp.3129885.faa
[07:30:23] Deleting unwanted file: ../../Data/Chen_Analysis/Prokka/Archaea/GOMC.bin.2902/GOMC.bin.2902.sprot.tmp.3129885.blast
[07:30:24] There are still 879 unannotated CDS left (started with 1189)
[07:30:24] Will use hmmer3 to search against /home/joao_facio/miniconda3/envs/prokka/db/hmm/HAMAP.hmm with 4 CPUs
[07:30:24] Running: cat \.\.\/\.\.\/Data\/Chen_Analysis\/Prokka\/Archaea\/GOMC\.bin\.2902\/GOMC\.bin\.2902\.HAMAP\.hmm\.tmp\.3129885\.faa | parallel --gnu --plain -j 4 --block 32070 --recstart '>' --pipe hmmscan --noali --notextw --acc -E 1e-09 --cpu 1 /home/joao_facio/miniconda3/envs/prokka/db/hmm/HAMAP.hmm /dev/stdin > \.\.\/\.\.\/Data\/Chen_Analysis\/Prokka\/Archaea\/GOMC\.bin\.2902\/GOMC\.bin\.2902\.HAMAP\.hmm\.tmp\.3129885\.hmmer3 2> /dev/null
[07:30:30] Modify product: Uncharacterized MFS-type transporter YfcJ => putative MFS-type transporter YfcJ
[07:30:30] Cleaned 1 /product names
[07:30:30] Deleting unwanted file: ../../Data/Chen_Analysis/Prokka/Archaea/GOMC.bin.2902/GOMC.bin.2902.HAMAP.hmm.tmp.3129885.faa
[07:30:30] Deleting unwanted file: ../../Data/Chen_Analysis/Prokka/Archaea/GOMC.bin.2902/GOMC.bin.2902.HAMAP.hmm.tmp.3129885.hmmer3
[07:30:30] Labelling remaining 744 proteins as 'hypothetical protein'
[07:30:30] Possible /pseudo 'putative tRNA pseudouridine synthase B' at SRR6823442_k53_155995_1 position 995
[07:30:30] Possible /pseudo 'Peptide chain release factor subunit 1' at SRR6823442_k53_168489_1 position 16681
[07:30:30] Possible /pseudo 'UDP-N-acetylglucosamine 3-dehydrogenase' at SRR6823442_k53_323306_1 position 3743
[07:30:30] Possible /pseudo '2-methoxy-6-polyprenyl-1,4-benzoquinol methylase, mitochondrial' at SRR6823442_k53_926124_1 position 5010
[07:30:30] Possible /pseudo 'Vitamin B12 import ATP-binding protein BtuD' at SRR6823442_k53_1416714_1 position 4869
[07:30:30] Found 262 unique /gene codes.
[07:30:30] Fixed 2 duplicate /gene - iolE_1 iolE_2
[07:30:30] Fixed 2 duplicate /gene - rnj_1 rnj_2
[07:30:30] Fixed 2 duplicate /gene - carA_1 carA_2
[07:30:30] Fixed 2 duplicate /gene - prf1_1 prf1_2
[07:30:30] Fixed 6 duplicate /gene - iolG_1 iolG_2 iolG_3 iolG_4 iolG_5 iolG_6
[07:30:30] Fixed 2 duplicate /gene - endA_1 endA_2
[07:30:30] Fixed 2 duplicate /gene - metG_1 metG_2
[07:30:30] Fixed 2 duplicate /gene - gyaR_1 gyaR_2
[07:30:30] Fixed 3 duplicate /gene - glcV_1 glcV_2 glcV_3
[07:30:30] Fixed 2 duplicate /gene - moaA_1 moaA_2
[07:30:30] Fixed 3 duplicate /gene - arnB_1 arnB_2 arnB_3
[07:30:30] Fixed 2 duplicate /gene - truB_1 truB_2
[07:30:30] Fixed 3 duplicate /gene - gpt_1 gpt_2 gpt_3
[07:30:30] Fixed 2 duplicate /gene - prmC_1 prmC_2
[07:30:30] Fixed 2 duplicate /gene - dcd_1 dcd_2
[07:30:30] Fixed 3 duplicate /gene - malK_1 malK_2 malK_3
[07:30:30] Fixed 2 duplicate /gene - obg_1 obg_2
[07:30:30] Fixed 2 duplicate /gene - pqqE_1 pqqE_2
[07:30:30] Fixed 2 duplicate /gene - carS_1 carS_2
[07:30:30] Fixed 2 duplicate /gene - tfb_1 tfb_2
[07:30:30] Fixed 4 duplicate /gene - COQ5_1 COQ5_2 COQ5_3 COQ5_4
[07:30:30] Fixed 3 duplicate /gene - rsxB_1 rsxB_2 rsxB_3
[07:30:30] Fixed 2 duplicate /gene - prs_1 prs_2
[07:30:30] Fixed 3 duplicate /gene - tdh_1 tdh_2 tdh_3
[07:30:30] Fixed 2 duplicate /gene - mdtG_1 mdtG_2
[07:30:30] Fixed 3 duplicate /gene - galK_1 galK_2 galK_3
[07:30:30] Fixed 2 duplicate /gene - radA_1 radA_2
[07:30:30] Fixed 2 duplicate /gene - ttuA_1 ttuA_2
[07:30:30] Fixed 2 duplicate /gene - fgd_1 fgd_2
[07:30:30] Fixed 2 duplicate /gene - lacZ_1 lacZ_2
[07:30:30] Fixed 2 duplicate /gene - rps5_1 rps5_2
[07:30:30] Fixed 2 duplicate /gene - glpK_1 glpK_2
[07:30:30] Fixed 3 duplicate /gene - ecfT_1 ecfT_2 ecfT_3
[07:30:30] Fixed 2 duplicate /gene - nadE_1 nadE_2
[07:30:30] Fixed 13 duplicate /gene - btuD_1 btuD_2 btuD_3 btuD_4 btuD_5 btuD_6 btuD_7 btuD_8 btuD_9 btuD_10 btuD_11 btuD_12 btuD_13
[07:30:30] Fixed 2 duplicate /gene - cofE_1 cofE_2
[07:30:30] Fixed 2 duplicate /gene - mntR_1 mntR_2
[07:30:30] Fixed 2 duplicate /gene - thiL_1 thiL_2
[07:30:30] Fixed 3 duplicate /gene - tldD_1 tldD_2 tldD_3
[07:30:30] Fixed 2 duplicate /gene - vapC_1 vapC_2
[07:30:30] Fixed 2 duplicate /gene - nusA_1 nusA_2
[07:30:30] Fixed 2 duplicate /gene - psmB_1 psmB_2
[07:30:30] Fixed 3 duplicate /gene - mshA_1 mshA_2 mshA_3
[07:30:30] Fixed 2 duplicate /gene - for_1 for_2
[07:30:30] Fixed 2 duplicate /gene - tmcA_1 tmcA_2
[07:30:30] Fixed 2 duplicate /gene - miaB_1 miaB_2
[07:30:30] Fixed 2 duplicate /gene - albA_1 albA_2
[07:30:30] Fixed 2 duplicate /gene - truD_1 truD_2
[07:30:30] Fixed 48 colliding /gene names.
[07:30:30] Adding /locus_tag identifiers
[07:30:30] Assigned 1190 locus_tags to CDS and RNA features.
[07:30:30] Writing outputs to ../../Data/Chen_Analysis/Prokka/Archaea/GOMC.bin.2902/
[07:30:30] Generating annotation statistics file
[07:30:30] Generating Genbank and Sequin files
[07:30:30] Running: tbl2asn -V b -a r10k -l paired-ends -M n -N 1 -y 'Annotated using prokka 1.14.6 from https://github.com/tseemann/prokka' -Z \.\.\/\.\.\/Data\/Chen_Analysis\/Prokka\/Archaea\/GOMC\.bin\.2902\/GOMC\.bin\.2902\.err -i \.\.\/\.\.\/Data\/Chen_Analysis\/Prokka\/Archaea\/GOMC\.bin\.2902\/GOMC\.bin\.2902\.fsa 2> /dev/null
[07:30:31] Deleting unwanted file: ../../Data/Chen_Analysis/Prokka/Archaea/GOMC.bin.2902/errorsummary.val
[07:30:31] Deleting unwanted file: ../../Data/Chen_Analysis/Prokka/Archaea/GOMC.bin.2902/GOMC.bin.2902.dr
[07:30:31] Deleting unwanted file: ../../Data/Chen_Analysis/Prokka/Archaea/GOMC.bin.2902/GOMC.bin.2902.fixedproducts
[07:30:31] Deleting unwanted file: ../../Data/Chen_Analysis/Prokka/Archaea/GOMC.bin.2902/GOMC.bin.2902.ecn
[07:30:31] Deleting unwanted file: ../../Data/Chen_Analysis/Prokka/Archaea/GOMC.bin.2902/GOMC.bin.2902.val
[07:30:31] Repairing broken .GBK output that tbl2asn produces...
[07:30:31] Running: sed 's/COORDINATES: profile/COORDINATES:profile/' < \.\.\/\.\.\/Data\/Chen_Analysis\/Prokka\/Archaea\/GOMC\.bin\.2902\/GOMC\.bin\.2902\.gbf > \.\.\/\.\.\/Data\/Chen_Analysis\/Prokka\/Archaea\/GOMC\.bin\.2902\/GOMC\.bin\.2902\.gbk
[07:30:31] Deleting unwanted file: ../../Data/Chen_Analysis/Prokka/Archaea/GOMC.bin.2902/GOMC.bin.2902.gbf
[07:30:31] Output files:
[07:30:31] ../../Data/Chen_Analysis/Prokka/Archaea/GOMC.bin.2902/GOMC.bin.2902.fsa
[07:30:31] ../../Data/Chen_Analysis/Prokka/Archaea/GOMC.bin.2902/GOMC.bin.2902.gbk
[07:30:31] ../../Data/Chen_Analysis/Prokka/Archaea/GOMC.bin.2902/GOMC.bin.2902.sqn
[07:30:31] ../../Data/Chen_Analysis/Prokka/Archaea/GOMC.bin.2902/GOMC.bin.2902.gff
[07:30:31] ../../Data/Chen_Analysis/Prokka/Archaea/GOMC.bin.2902/GOMC.bin.2902.ffn
[07:30:31] ../../Data/Chen_Analysis/Prokka/Archaea/GOMC.bin.2902/GOMC.bin.2902.tsv
[07:30:31] ../../Data/Chen_Analysis/Prokka/Archaea/GOMC.bin.2902/GOMC.bin.2902.tbl
[07:30:31] ../../Data/Chen_Analysis/Prokka/Archaea/GOMC.bin.2902/GOMC.bin.2902.faa
[07:30:31] ../../Data/Chen_Analysis/Prokka/Archaea/GOMC.bin.2902/GOMC.bin.2902.log
[07:30:31] ../../Data/Chen_Analysis/Prokka/Archaea/GOMC.bin.2902/GOMC.bin.2902.fna
[07:30:31] ../../Data/Chen_Analysis/Prokka/Archaea/GOMC.bin.2902/GOMC.bin.2902.txt
[07:30:31] ../../Data/Chen_Analysis/Prokka/Archaea/GOMC.bin.2902/GOMC.bin.2902.err
[07:30:31] Annotation finished successfully.
[07:30:31] Walltime used: 0.18 minutes
[07:30:31] If you use this result please cite the Prokka paper:
[07:30:31] Seemann T (2014) Prokka: rapid prokaryotic genome annotation. Bioinformatics. 30(14):2068-9.
[07:30:31] Type 'prokka --citation' for more details.
[07:30:31] Share and enjoy!
