[07:44:31] This is prokka 1.14.6
[07:44:31] Written by Torsten Seemann <torsten.seemann@gmail.com>
[07:44:31] Homepage is https://github.com/tseemann/prokka
[07:44:31] Local time is Mon Dec  1 07:44:31 2025
[07:44:31] You are joao_facio
[07:44:31] Operating system is linux
[07:44:31] You have BioPerl 1.7.8
[07:44:31] System has 12 cores.
[07:44:31] Will use maximum of 4 cores.
[07:44:31] Annotating as >>> Bacteria <<<
[07:44:31] Generating locus_tag from '/tmp/tmp6gns85ah/GOMC.bin.13264.fa' contents.
[07:44:31] Setting --locustag EBHECEPB from MD5 eb1ece9bcc1bfbde054b4de34d0765c8
[07:44:31] Creating new output folder: ../../Data/Chen_Analysis/Prokka/Bacteria/GOMC.bin.13264
[07:44:31] Running: mkdir -p \.\.\/\.\.\/Data\/Chen_Analysis\/Prokka\/Bacteria\/GOMC\.bin\.13264
[07:44:31] Using filename prefix: GOMC.bin.13264.XXX
[07:44:31] Setting HMMER_NCPU=1
[07:44:31] Writing log to: ../../Data/Chen_Analysis/Prokka/Bacteria/GOMC.bin.13264/GOMC.bin.13264.log
[07:44:31] Command: /home/joao_facio/miniconda3/envs/prokka/bin/prokka --outdir ../../Data/Chen_Analysis/Prokka/Bacteria/GOMC.bin.13264 --prefix GOMC.bin.13264 --kingdom Bacteria --genus Maricaulis --strain GOMC.bin.13264 --cpus 4 --force /tmp/tmp6gns85ah/GOMC.bin.13264.fa
[07:44:31] Appending to PATH: /home/joao_facio/miniconda3/envs/prokka/bin
[07:44:31] Looking for 'aragorn' - found /home/joao_facio/miniconda3/envs/prokka/bin/aragorn
[07:44:31] Determined aragorn version is 001002 from 'ARAGORN v1.2.41 Dean Laslett'
[07:44:31] Looking for 'barrnap' - found /home/joao_facio/miniconda3/envs/prokka/bin/barrnap
[07:44:31] Determined barrnap version is 000009 from 'barrnap 0.9'
[07:44:31] Looking for 'blastp' - found /home/joao_facio/miniconda3/envs/prokka/bin/blastp
[07:44:31] Determined blastp version is 002016 from 'blastp: 2.16.0+'
[07:44:31] Looking for 'cmpress' - found /home/joao_facio/miniconda3/envs/prokka/bin/cmpress
[07:44:31] Determined cmpress version is 001001 from '# INFERNAL 1.1.5 (Sep 2023)'
[07:44:31] Looking for 'cmscan' - found /home/joao_facio/miniconda3/envs/prokka/bin/cmscan
[07:44:31] Determined cmscan version is 001001 from '# INFERNAL 1.1.5 (Sep 2023)'
[07:44:31] Looking for 'egrep' - found /usr/bin/egrep
[07:44:31] Looking for 'find' - found /usr/bin/find
[07:44:31] Looking for 'grep' - found /usr/bin/grep
[07:44:31] Looking for 'hmmpress' - found /home/joao_facio/miniconda3/envs/prokka/bin/hmmpress
[07:44:31] Determined hmmpress version is 003004 from '# HMMER 3.4 (Aug 2023); http://hmmer.org/'
[07:44:31] Looking for 'hmmscan' - found /home/joao_facio/miniconda3/envs/prokka/bin/hmmscan
[07:44:31] Determined hmmscan version is 003004 from '# HMMER 3.4 (Aug 2023); http://hmmer.org/'
[07:44:31] Looking for 'java' - found /home/joao_facio/miniconda3/envs/prokka/bin/java
[07:44:31] Looking for 'makeblastdb' - found /home/joao_facio/miniconda3/envs/prokka/bin/makeblastdb
[07:44:31] Determined makeblastdb version is 002016 from 'makeblastdb: 2.16.0+'
[07:44:31] Looking for 'minced' - found /home/joao_facio/miniconda3/envs/prokka/bin/minced
[07:44:31] Determined minced version is 004002 from 'minced 0.4.2'
[07:44:31] Looking for 'parallel' - found /home/joao_facio/miniconda3/envs/prokka/bin/parallel
[07:44:31] Determined parallel version is 20251122 from 'GNU parallel 20251122'
[07:44:31] Looking for 'prodigal' - found /home/joao_facio/miniconda3/envs/prokka/bin/prodigal
[07:44:31] Determined prodigal version is 002006 from 'Prodigal V2.6.3: February, 2016'
[07:44:31] Looking for 'prokka-genbank_to_fasta_db' - found /home/joao_facio/miniconda3/envs/prokka/bin/prokka-genbank_to_fasta_db
[07:44:31] Looking for 'sed' - found /usr/bin/sed
[07:44:31] Looking for 'tbl2asn' - found /home/joao_facio/miniconda3/envs/prokka/bin/tbl2asn
[07:44:31] Determined tbl2asn version is 025007 from 'tbl2asn 25.7   arguments:'
[07:44:31] Using genetic code table 11.
[07:44:31] Loading and checking input file: /tmp/tmp6gns85ah/GOMC.bin.13264.fa
[07:44:31] Wrote 191 contigs totalling 2878070 bp.
[07:44:31] Predicting tRNAs and tmRNAs
[07:44:31] Running: aragorn -l -gc11  -w \.\.\/\.\.\/Data\/Chen_Analysis\/Prokka\/Bacteria\/GOMC\.bin\.13264\/GOMC\.bin\.13264\.fna
[07:44:32] 1 tRNA-Asn [2604,2679] 34 (gtt)
[07:44:32] 2 tRNA-Val [27346,27420] 33 (cac)
[07:44:32] 1 tRNA-Val c[22048,22122] 33 (gac)
[07:44:32] 1 tRNA-His [10181,10257] 35 (gtg)
[07:44:32] 1 tRNA-Gly c[4672,4745] 33 (tcc)
[07:44:32] 2 tRNA-Tyr c[6261,6346] 35 (gta)
[07:44:32] 1 tRNA-Leu [29675,29759] 35 (tag)
[07:44:32] 1 tmRNA* [32318,32653] 204,245 ANDNFAEEVALAA*
[07:44:32] 1 tRNA-Gly c[29456,29530] 33 (gcc)
[07:44:32] 1 tRNA-Arg c[4303,4379] 35 (acg)
[07:44:32] 1 tRNA-Arg c[599,675] 35 (ccg)
[07:44:32] 1 tRNA-Lys [1490,1565] 34 (ctt)
[07:44:32] 1 tRNA-Leu c[24,108] 35 (caa)
[07:44:32] 1 tRNA-Lys c[6503,6578] 34 (ttt)
[07:44:32] 1 tRNA-Phe c[4,79] 34 (gaa)
[07:44:32] 2 tRNA-Thr [5580,5654] 33 (ggt)
[07:44:32] 1 tRNA-Leu c[19314,19400] 35 (taa)
[07:44:32] 1 tRNA-Met c[15559,15635] 35 (cat)
[07:44:32] 1 tRNA-Ala c[12115,12190] 34 (ggc)
[07:44:32] 1 tRNA-Cys c[2329,2402] 33 (gca)
[07:44:32] 1 tRNA-Thr [9043,9118] 34 (cgt)
[07:44:32] 2 tRNA-Ala [20566,20641] 34 (cgc)
[07:44:32] 3 tRNA-Arg c[28013,28087] 33 (ccg)
[07:44:32] 1 tRNA-Pro c[13442,13518] 35 (cgg)
[07:44:32] 2 tRNA-Gln [13733,13807] 33 (ttg)
[07:44:32] 1 tRNA-Val c[1265,1336] 34 (gac)
[07:44:32] 1 tRNA-Leu [36874,36960] 35 (gag)
[07:44:32] 1 tRNA-Met [1552,1628] 35 (cat)
[07:44:32] 1 tRNA-Met [1432,1508] 35 (cat)
[07:44:32] 1 tRNA-Ser [22502,22589] 35 (tga)
[07:44:32] 1 tRNA-Pro c[1213,1290] 36 (ggg)
[07:44:32] 1 tRNA-Leu [2246,2332] 35 (cag)
[07:44:32] 1 tRNA-Arg [14,90] 35 (cct)
[07:44:32] 1 tRNA-Asp c[8213,8289] 35 (gtc)
[07:44:32] 2 tRNA-Val c[14284,14359] 34 (tac)
[07:44:32] 1 tRNA-Arg c[21762,21838] 35 (tct)
[07:44:32] 2 tRNA-Pro c[22242,22318] 35 (tgg)
[07:44:32] 1 tRNA-Ala [17961,18059] 40 (ggc)
[07:44:32] 1 tRNA-Thr [2423,2498] 34 (tgt)
[07:44:32] 1 tRNA-Trp [2144,2219] 34 (cca)
[07:44:32] Found 40 tRNAs
[07:44:32] Predicting Ribosomal RNAs
[07:44:32] Running Barrnap with 4 threads
[07:44:33] Found 0 rRNAs
[07:44:33] Skipping ncRNA search, enable with --rfam if desired.
[07:44:33] Total of 39 tRNA + rRNA features
[07:44:33] Searching for CRISPR repeats
[07:44:33] Found 0 CRISPRs
[07:44:33] Predicting coding sequences
[07:44:33] Contigs total 2878070 bp, so using single mode
[07:44:33] Running: prodigal -i \.\.\/\.\.\/Data\/Chen_Analysis\/Prokka\/Bacteria\/GOMC\.bin\.13264\/GOMC\.bin\.13264\.fna -c -m -g 11 -p single -f sco -q
[07:44:35] Excluding CDS which overlaps existing RNA (tRNA) at k63_55819:20521..20721 on + strand
[07:44:35] Excluding CDS which overlaps existing RNA (tRNA) at k63_55819:27579..28187 on - strand
[07:44:35] Excluding CDS which overlaps existing RNA (tRNA) at k63_146272:10..1398 on - strand
[07:44:35] Excluding CDS which overlaps existing RNA (tRNA) at k63_19003:17623..18312 on - strand
[07:44:35] Found 2747 CDS
[07:44:35] Connecting features back to sequences
[07:44:35] Not using genus-specific database. Try --usegenus to enable it.
[07:44:35] Annotating CDS, please be patient.
[07:44:35] Will use 4 CPUs for similarity searching.
[07:44:35] There are still 2747 unannotated CDS left (started with 2747)
[07:44:35] Will use blast to search against /home/joao_facio/miniconda3/envs/prokka/db/kingdom/Bacteria/IS with 4 CPUs
[07:44:35] Running: cat \.\.\/\.\.\/Data\/Chen_Analysis\/Prokka\/Bacteria\/GOMC\.bin\.13264\/GOMC\.bin\.13264\.IS\.tmp\.3168466\.faa | parallel --gnu --plain -j 4 --block 108778 --recstart '>' --pipe blastp -query - -db /home/joao_facio/miniconda3/envs/prokka/db/kingdom/Bacteria/IS -evalue 1e-30 -qcov_hsp_perc 90 -num_threads 1 -num_descriptions 1 -num_alignments 1 -seg no > \.\.\/\.\.\/Data\/Chen_Analysis\/Prokka\/Bacteria\/GOMC\.bin\.13264\/GOMC\.bin\.13264\.IS\.tmp\.3168466\.blast 2> /dev/null
[07:44:44] Deleting unwanted file: ../../Data/Chen_Analysis/Prokka/Bacteria/GOMC.bin.13264/GOMC.bin.13264.IS.tmp.3168466.faa
[07:44:44] Deleting unwanted file: ../../Data/Chen_Analysis/Prokka/Bacteria/GOMC.bin.13264/GOMC.bin.13264.IS.tmp.3168466.blast
[07:44:44] There are still 2745 unannotated CDS left (started with 2747)
[07:44:44] Will use blast to search against /home/joao_facio/miniconda3/envs/prokka/db/kingdom/Bacteria/AMR with 4 CPUs
[07:44:44] Running: cat \.\.\/\.\.\/Data\/Chen_Analysis\/Prokka\/Bacteria\/GOMC\.bin\.13264\/GOMC\.bin\.13264\.AMR\.tmp\.3168466\.faa | parallel --gnu --plain -j 4 --block 108708 --recstart '>' --pipe blastp -query - -db /home/joao_facio/miniconda3/envs/prokka/db/kingdom/Bacteria/AMR -evalue 1e-300 -qcov_hsp_perc 90 -num_threads 1 -num_descriptions 1 -num_alignments 1 -seg no > \.\.\/\.\.\/Data\/Chen_Analysis\/Prokka\/Bacteria\/GOMC\.bin\.13264\/GOMC\.bin\.13264\.AMR\.tmp\.3168466\.blast 2> /dev/null
[07:44:51] Deleting unwanted file: ../../Data/Chen_Analysis/Prokka/Bacteria/GOMC.bin.13264/GOMC.bin.13264.AMR.tmp.3168466.faa
[07:44:51] Deleting unwanted file: ../../Data/Chen_Analysis/Prokka/Bacteria/GOMC.bin.13264/GOMC.bin.13264.AMR.tmp.3168466.blast
[07:44:52] There are still 2745 unannotated CDS left (started with 2747)
[07:44:52] Will use blast to search against /home/joao_facio/miniconda3/envs/prokka/db/kingdom/Bacteria/sprot with 4 CPUs
[07:44:52] Running: cat \.\.\/\.\.\/Data\/Chen_Analysis\/Prokka\/Bacteria\/GOMC\.bin\.13264\/GOMC\.bin\.13264\.sprot\.tmp\.3168466\.faa | parallel --gnu --plain -j 4 --block 108708 --recstart '>' --pipe blastp -query - -db /home/joao_facio/miniconda3/envs/prokka/db/kingdom/Bacteria/sprot -evalue 1e-09 -qcov_hsp_perc 80 -num_threads 1 -num_descriptions 1 -num_alignments 1 -seg no > \.\.\/\.\.\/Data\/Chen_Analysis\/Prokka\/Bacteria\/GOMC\.bin\.13264\/GOMC\.bin\.13264\.sprot\.tmp\.3168466\.blast 2> /dev/null
[07:45:29] Modify product: Putative low molecular weight protein-tyrosine-phosphatase slr0328 => Putative low molecular weight protein-tyrosine-phosphatase
[07:45:29] Modify product: Protease HtpX homolog => Protease HtpX 
[07:45:29] Modify product: UPF0434 protein PFL_1779 => hypothetical protein
[07:45:29] Modify product: Probable protein kinase UbiB => putative protein kinase UbiB
[07:45:29] Modify product: Probable enoyl-CoA hydratase echA8 => putative enoyl-CoA hydratase echA8
[07:45:29] Modify product: Uncharacterized protein Rv2411c => putative protein
[07:45:30] Modify product: Uncharacterized oxidoreductase YciK => putative oxidoreductase YciK
[07:45:30] Modify product: UPF0701 protein YicC => hypothetical protein
[07:45:30] Modify product: Uncharacterized ABC transporter ATP-binding protein YheS => putative ABC transporter ATP-binding protein YheS
[07:45:30] Modify product: UPF0335 protein CCNA_03428 => hypothetical protein
[07:45:30] Modify product: UPF0758 protein => hypothetical protein
[07:45:30] Modify product: Probable lipoprotein YiaD => putative lipoprotein YiaD
[07:45:30] Modify product: Probable TonB-dependent receptor NMB0964 => putative TonB-dependent receptor
[07:45:30] Modify product: Uncharacterized ABC transporter ATP-binding protein TM_0288 => putative ABC transporter ATP-binding protein
[07:45:30] Modify product: Uncharacterized isomerase YddE => putative isomerase YddE
[07:45:30] Modify product: UPF0056 inner membrane protein YhgN => hypothetical protein
[07:45:30] Modify product: UPF0102 protein RPA0323 => hypothetical protein
[07:45:30] Modify product: Probable TonB-dependent receptor BfrD => putative TonB-dependent receptor BfrD
[07:45:30] Modify product: Uncharacterized oxidoreductase Rv1144 => putative oxidoreductase
[07:45:30] Modify product: Uncharacterized protein HI_1162 => putative protein
[07:45:30] Modify product: Probable enoyl-CoA hydratase echA6 => putative enoyl-CoA hydratase echA6
[07:45:30] Modify product: Uncharacterized protein YjdJ => putative protein YjdJ
[07:45:30] Modify product: PKHD-type hydroxylase Sbal_3634 => PKHD-type hydroxylase
[07:45:30] Modify product: Uncharacterized ABC transporter ATP-binding protein YadG => putative ABC transporter ATP-binding protein YadG
[07:45:30] Modify product: Probable enoyl-CoA hydratase echA8 => putative enoyl-CoA hydratase echA8
[07:45:30] Modify product: Putative trans-acting enoyl reductase Rv2449c => Putative trans-acting enoyl reductase
[07:45:30] Modify product: Uncharacterized protein Rv1290c => putative protein
[07:45:30] Modify product: Probable lipid II flippase MurJ => putative lipid II flippase MurJ
[07:45:30] Modify product: Chemotaxis protein CheY homolog => Chemotaxis protein CheY 
[07:45:30] Modify product: Uncharacterized protein Rv2915c => putative protein
[07:45:30] Modify product: UPF0145 protein BCE33L0904 => hypothetical protein
[07:45:30] Modify product: Probable chaperone CsaA => putative chaperone CsaA
[07:45:30] Modify product: Uncharacterized aminopeptidase Rv1333 => putative aminopeptidase
[07:45:30] Modify product: Probable GTP-binding protein EngB => putative GTP-binding protein EngB
[07:45:30] Modify product: Uncharacterized ABC transporter ATP-binding protein YknY => putative ABC transporter ATP-binding protein YknY
[07:45:30] Modify product: UPF0394 membrane protein XF_0765 => hypothetical protein
[07:45:30] Modify product: UPF0394 membrane protein XF_0766 => hypothetical protein
[07:45:30] Modify product: Cytochrome b561 homolog 2 => Cytochrome b561 
[07:45:30] Modify product: Uncharacterized ABC transporter ATP-binding protein YadG => putative ABC transporter ATP-binding protein YadG
[07:45:30] Modify product: Uncharacterized DapA-like lyase => putative DapA-like lyase
[07:45:30] Modify product: Uncharacterized protein Rv0897c => putative protein
[07:45:30] Modify product: Probable 3-hydroxyisobutyrate dehydrogenase => putative 3-hydroxyisobutyrate dehydrogenase
[07:45:30] Modify product: Probable sulfate transporter Rv1739c => putative sulfate transporter
[07:45:30] Modify product: Probable metallo-hydrolase BURPS1710b_2304 => putative metallo-hydrolase
[07:45:30] Modify product: Uncharacterized ABC transporter ATP-binding protein YknY => putative ABC transporter ATP-binding protein YknY
[07:45:30] Modify product: Uncharacterized zinc protease Rv2782c => putative zinc protease
[07:45:30] Modify product: Uncharacterized protein Rv1367c => putative protein
[07:45:30] Modify product: UPF0053 inner membrane protein YoaE => hypothetical protein
[07:45:30] Modify product: Glycine betaine/proline/choline/ectoine transporter VP1456 => Glycine betaine/proline/choline/ectoine transporter
[07:45:30] Modify product: Uncharacterized protein YcgM => putative protein YcgM
[07:45:30] Modify product: Uncharacterized amino acid permease YhdG => putative amino acid permease YhdG
[07:45:30] Modify product: Uncharacterized ABC transporter ATP-binding protein YxlF => putative ABC transporter ATP-binding protein YxlF
[07:45:30] Modify product: UPF0053 inner membrane protein YfjD => hypothetical protein
[07:45:30] Modify product: Probable peptidoglycan glycosyltransferase FtsW => putative peptidoglycan glycosyltransferase FtsW
[07:45:30] Modify product: Probable peptidoglycan D,D-transpeptidase FtsI => putative peptidoglycan D,D-transpeptidase FtsI
[07:45:30] Modify product: Probable amino-acid metabolite efflux pump => putative amino-acid metabolite efflux pump
[07:45:30] Modify product: Carbohydrate esterase MZ0003 => Carbohydrate esterase
[07:45:30] Modify product: Probable ATP-dependent transporter SufC => putative ATP-dependent transporter SufC
[07:45:30] Modify product: Uncharacterized GST-like protein YibF => putative GST-like protein YibF
[07:45:30] Modify product: Probable 3-phenylpropionic acid transporter => putative 3-phenylpropionic acid transporter
[07:45:30] Modify product: Probable copper-importing P-type ATPase A => putative copper-importing P-type ATPase A
[07:45:30] Modify product: Uncharacterized protein M6_Spy0233 => putative protein
[07:45:30] Modify product: Bifunctional protein FolD => Bifunctional protein FolD protein
[07:45:30] Modify product: Uncharacterized ABC transporter ATP-binding protein YheS => putative ABC transporter ATP-binding protein YheS
[07:45:30] Modify product: Uncharacterized NTE family protein Rv2565 => putative NTE family protein
[07:45:30] Modify product: Probable enoyl-CoA hydratase => putative enoyl-CoA hydratase
[07:45:30] Modify product: Probable glycerol-3-phosphate acyltransferase => putative glycerol-3-phosphate acyltransferase
[07:45:30] Modify product: Uncharacterized protein HI_1162 => putative protein
[07:45:30] Modify product: Probable multidrug ABC transporter permease YbhS => putative multidrug ABC transporter permease YbhS
[07:45:30] Modify product: Probable multidrug ABC transporter ATP-binding protein YbhF => putative multidrug ABC transporter ATP-binding protein YbhF
[07:45:30] Modify product: Uncharacterized HTH-type transcriptional regulator Rv3095 => putative HTH-type transcriptional regulator
[07:45:30] Modify product: Uncharacterized protein Rv2913c => putative protein
[07:45:30] Modify product: Probable manganese efflux pump MntP => putative manganese efflux pump MntP
[07:45:30] Modify product: Uncharacterized N-acetyltransferase YafP => putative N-acetyltransferase YafP
[07:45:30] Modify product: Probable L,D-transpeptidase YcbB => putative L,D-transpeptidase YcbB
[07:45:30] Modify product: Probable succinyl-CoA:3-ketoacid coenzyme A transferase subunit A => putative succinyl-CoA:3-ketoacid coenzyme A transferase subunit A
[07:45:30] Modify product: Uncharacterized protein YfgD => putative protein YfgD
[07:45:30] Modify product: Uncharacterized protein HI_0103 => putative protein
[07:45:30] Modify product: UPF0178 protein YaiI => hypothetical protein
[07:45:30] Modify product: Uncharacterized protein HI_0933 => putative protein
[07:45:30] Modify product: Probable enoyl-CoA hydratase 1 => putative enoyl-CoA hydratase 1
[07:45:30] Modify product: Putative short-chain type dehydrogenase/reductase Rv0148 => Putative short-chain type dehydrogenase/reductase
[07:45:30] Modify product: Uncharacterized protein RP812 => putative protein RP812
[07:45:30] Modify product: Phosphate-specific transport system accessory protein PhoU homolog => Phosphate-specific transport system accessory protein PhoU 
[07:45:30] Modify product: Uncharacterized MFS-type transporter YcaD => putative MFS-type transporter YcaD
[07:45:30] Modify product: Cytochrome c oxidase subunit 1 homolog, bacteroid => Cytochrome c oxidase subunit 1 , bacteroid
[07:45:30] Modify product: Probable metallo-hydrolase BURPS1710b_2304 => putative metallo-hydrolase
[07:45:30] Modify product: Probable sulfate transporter Rv1739c => putative sulfate transporter
[07:45:30] Modify product: UPF0301 protein SO_3346 => hypothetical protein
[07:45:30] Modify product: Probable glycine dehydrogenase (decarboxylating) subunit 1 => putative glycine dehydrogenase (decarboxylating) subunit 1
[07:45:30] Modify product: Probable glycine dehydrogenase (decarboxylating) subunit 2 => putative glycine dehydrogenase (decarboxylating) subunit 2
[07:45:30] Modify product: Uncharacterized signaling protein CC_0091 => putative signaling protein
[07:45:30] Modify product: Methyl-accepting chemotaxis protein Amb0994 => Methyl-accepting chemotaxis protein
[07:45:30] Modify product: Monocarboxylate 2-oxoacid-binding periplasmic protein all3028 => Monocarboxylate 2-oxoacid-binding periplasmic protein
[07:45:30] Modify product: Probable deoxycholate-binding periplasmic protein YgiS => putative deoxycholate-binding periplasmic protein YgiS
[07:45:30] Modify product: Uncharacterized ABC transporter ATP-binding protein YknY => putative ABC transporter ATP-binding protein YknY
[07:45:30] Modify product: Uncharacterized protein YqeY => putative protein YqeY
[07:45:30] Modify product: Uncharacterized protein Rv2715 => putative protein
[07:45:30] Cleaned 98 /product names
[07:45:30] Deleting unwanted file: ../../Data/Chen_Analysis/Prokka/Bacteria/GOMC.bin.13264/GOMC.bin.13264.sprot.tmp.3168466.faa
[07:45:30] Deleting unwanted file: ../../Data/Chen_Analysis/Prokka/Bacteria/GOMC.bin.13264/GOMC.bin.13264.sprot.tmp.3168466.blast
[07:45:30] There are still 1542 unannotated CDS left (started with 2747)
[07:45:30] Will use hmmer3 to search against /home/joao_facio/miniconda3/envs/prokka/db/hmm/HAMAP.hmm with 4 CPUs
[07:45:30] Running: cat \.\.\/\.\.\/Data\/Chen_Analysis\/Prokka\/Bacteria\/GOMC\.bin\.13264\/GOMC\.bin\.13264\.HAMAP\.hmm\.tmp\.3168466\.faa | parallel --gnu --plain -j 4 --block 54748 --recstart '>' --pipe hmmscan --noali --notextw --acc -E 1e-09 --cpu 1 /home/joao_facio/miniconda3/envs/prokka/db/hmm/HAMAP.hmm /dev/stdin > \.\.\/\.\.\/Data\/Chen_Analysis\/Prokka\/Bacteria\/GOMC\.bin\.13264\/GOMC\.bin\.13264\.HAMAP\.hmm\.tmp\.3168466\.hmmer3 2> /dev/null
[07:45:41] Modify product: Uncharacterized Nudix hydrolase NudL => putative Nudix hydrolase NudL
[07:45:41] Modify product: Uncharacterized MFS-type transporter YcaD => putative MFS-type transporter YcaD
[07:45:41] Cleaned 2 /product names
[07:45:41] Deleting unwanted file: ../../Data/Chen_Analysis/Prokka/Bacteria/GOMC.bin.13264/GOMC.bin.13264.HAMAP.hmm.tmp.3168466.faa
[07:45:41] Deleting unwanted file: ../../Data/Chen_Analysis/Prokka/Bacteria/GOMC.bin.13264/GOMC.bin.13264.HAMAP.hmm.tmp.3168466.hmmer3
[07:45:41] Labelling remaining 1315 proteins as 'hypothetical protein'
[07:45:41] Possible /pseudo 'Sec-independent protein translocase protein TatC' at k63_2501 position 12452
[07:45:41] Possible /pseudo 'Haloalkane dehalogenase' at k63_2772 position 1025
[07:45:41] Possible /pseudo 'Neutral endopeptidase' at k63_3200 position 18662
[07:45:41] Possible /pseudo 'Coenzyme A biosynthesis bifunctional protein CoaBC' at k63_132928 position 2138
[07:45:41] Possible /pseudo 'Tol-Pal system protein TolQ' at k63_107988 position 16674
[07:45:41] Possible /pseudo 'Tol-Pal system protein TolR' at k63_107988 position 17626
[07:45:41] Possible /pseudo 'Putative amino-acid ABC transporter-binding protein YhdW' at k63_4138 position 45521
[07:45:41] Possible /pseudo 'ATP synthase subunit b' at k63_171373 position 32112
[07:45:41] Possible /pseudo 'Cytochrome b/c1' at k63_86847 position 3491
[07:45:41] Possible /pseudo 'Flagellar basal-body rod protein FlgG' at k63_185876 position 4321
[07:45:41] Possible /pseudo 'Flagellin' at k63_185876 position 18301
[07:45:41] Found 1154 unique /gene codes.
[07:45:41] Fixed 2 duplicate /gene - murJ_1 murJ_2
[07:45:41] Fixed 2 duplicate /gene - opuE_1 opuE_2
[07:45:41] Fixed 4 duplicate /gene - ade_1 ade_2 ade_3 ade_4
[07:45:41] Fixed 2 duplicate /gene - rpoH_1 rpoH_2
[07:45:41] Fixed 3 duplicate /gene - ndhB_1 ndhB_2 ndhB_3
[07:45:41] Fixed 2 duplicate /gene - rcp1_1 rcp1_2
[07:45:41] Fixed 2 duplicate /gene - gltX_1 gltX_2
[07:45:41] Fixed 2 duplicate /gene - tatC_1 tatC_2
[07:45:41] Fixed 2 duplicate /gene - dmlR_1 dmlR_2
[07:45:41] Fixed 2 duplicate /gene - nagZ_1 nagZ_2
[07:45:41] Fixed 6 duplicate /gene - btuD_1 btuD_2 btuD_3 btuD_4 btuD_5 btuD_6
[07:45:41] Fixed 2 duplicate /gene - fpgS_1 fpgS_2
[07:45:41] Fixed 2 duplicate /gene - pip_1 pip_2
[07:45:41] Fixed 2 duplicate /gene - cysD_1 cysD_2
[07:45:41] Fixed 4 duplicate /gene - bepA_1 bepA_2 bepA_3 bepA_4
[07:45:41] Fixed 2 duplicate /gene - fabH_1 fabH_2
[07:45:41] Fixed 2 duplicate /gene - oxyR_1 oxyR_2
[07:45:41] Fixed 3 duplicate /gene - acdA_1 acdA_2 acdA_3
[07:45:41] Fixed 3 duplicate /gene - gph_1 gph_2 gph_3
[07:45:41] Fixed 2 duplicate /gene - mepA_1 mepA_2
[07:45:41] Fixed 2 duplicate /gene - degP_1 degP_2
[07:45:41] Fixed 2 duplicate /gene - ilvC_1 ilvC_2
[07:45:41] Fixed 2 duplicate /gene - atoC_1 atoC_2
[07:45:41] Fixed 2 duplicate /gene - nrgA_1 nrgA_2
[07:45:41] Fixed 2 duplicate /gene - cph1_1 cph1_2
[07:45:41] Fixed 2 duplicate /gene - gppA_1 gppA_2
[07:45:41] Fixed 2 duplicate /gene - abgT_1 abgT_2
[07:45:41] Fixed 5 duplicate /gene - dap_1 dap_2 dap_3 dap_4 dap_5
[07:45:41] Fixed 3 duplicate /gene - cheY_1 cheY_2 cheY_3
[07:45:41] Fixed 2 duplicate /gene - coaBC_1 coaBC_2
[07:45:41] Fixed 2 duplicate /gene - dmdC_1 dmdC_2
[07:45:41] Fixed 2 duplicate /gene - yliI_1 yliI_2
[07:45:41] Fixed 2 duplicate /gene - thiE_1 thiE_2
[07:45:41] Fixed 2 duplicate /gene - pyrH_1 pyrH_2
[07:45:41] Fixed 2 duplicate /gene - iaaA_1 iaaA_2
[07:45:41] Fixed 2 duplicate /gene - yheS_1 yheS_2
[07:45:41] Fixed 2 duplicate /gene - flgG_1 flgG_2
[07:45:41] Fixed 2 duplicate /gene - proB_1 proB_2
[07:45:41] Fixed 3 duplicate /gene - tolQ_1 tolQ_2 tolQ_3
[07:45:41] Fixed 2 duplicate /gene - pcm_1 pcm_2
[07:45:41] Fixed 2 duplicate /gene - fabG_1 fabG_2
[07:45:41] Fixed 2 duplicate /gene - ffh_1 ffh_2
[07:45:41] Fixed 2 duplicate /gene - gyrB_1 gyrB_2
[07:45:41] Fixed 2 duplicate /gene - dat_1 dat_2
[07:45:41] Fixed 2 duplicate /gene - htpX_1 htpX_2
[07:45:41] Fixed 5 duplicate /gene - lcfB_1 lcfB_2 lcfB_3 lcfB_4 lcfB_5
[07:45:41] Fixed 2 duplicate /gene - sigW_1 sigW_2
[07:45:41] Fixed 3 duplicate /gene - mshA_1 mshA_2 mshA_3
[07:45:41] Fixed 2 duplicate /gene - pepO_1 pepO_2
[07:45:41] Fixed 2 duplicate /gene - kefC_1 kefC_2
[07:45:41] Fixed 2 duplicate /gene - hutI_1 hutI_2
[07:45:41] Fixed 2 duplicate /gene - czcA_1 czcA_2
[07:45:41] Fixed 2 duplicate /gene - rppH_1 rppH_2
[07:45:41] Fixed 2 duplicate /gene - cysK_1 cysK_2
[07:45:41] Fixed 2 duplicate /gene - dksA_1 dksA_2
[07:45:41] Fixed 4 duplicate /gene - menH_1 menH_2 menH_3 menH_4
[07:45:41] Fixed 2 duplicate /gene - lrp_1 lrp_2
[07:45:41] Fixed 2 duplicate /gene - rne_1 rne_2
[07:45:41] Fixed 2 duplicate /gene - dxs_1 dxs_2
[07:45:41] Fixed 2 duplicate /gene - sufS_1 sufS_2
[07:45:41] Fixed 3 duplicate /gene - yceI_1 yceI_2 yceI_3
[07:45:41] Fixed 2 duplicate /gene - atpF_1 atpF_2
[07:45:41] Fixed 2 duplicate /gene - tme_1 tme_2
[07:45:41] Fixed 2 duplicate /gene - rnd_1 rnd_2
[07:45:41] Fixed 9 duplicate /gene - sasA_1 sasA_2 sasA_3 sasA_4 sasA_5 sasA_6 sasA_7 sasA_8 sasA_9
[07:45:41] Fixed 2 duplicate /gene - ycaD_1 ycaD_2
[07:45:41] Fixed 3 duplicate /gene - gstB_1 gstB_2 gstB_3
[07:45:41] Fixed 2 duplicate /gene - gloB_1 gloB_2
[07:45:41] Fixed 5 duplicate /gene - fliC_1 fliC_2 fliC_3 fliC_4 fliC_5
[07:45:41] Fixed 2 duplicate /gene - pccB_1 pccB_2
[07:45:41] Fixed 4 duplicate /gene - hcaB_1 hcaB_2 hcaB_3 hcaB_4
[07:45:41] Fixed 2 duplicate /gene - yadH_1 yadH_2
[07:45:41] Fixed 11 duplicate /gene - rcsC_1 rcsC_2 rcsC_3 rcsC_4 rcsC_5 rcsC_6 rcsC_7 rcsC_8 rcsC_9 rcsC_10 rcsC_11
[07:45:41] Fixed 2 duplicate /gene - qorA_1 qorA_2
[07:45:41] Fixed 2 duplicate /gene - rhlE_1 rhlE_2
[07:45:41] Fixed 2 duplicate /gene - surA_1 surA_2
[07:45:41] Fixed 2 duplicate /gene - proC_1 proC_2
[07:45:41] Fixed 2 duplicate /gene - murG_1 murG_2
[07:45:41] Fixed 2 duplicate /gene - xthA_1 xthA_2
[07:45:41] Fixed 3 duplicate /gene - tolR_1 tolR_2 tolR_3
[07:45:41] Fixed 13 duplicate /gene - btuB_1 btuB_2 btuB_3 btuB_4 btuB_5 btuB_6 btuB_7 btuB_8 btuB_9 btuB_10 btuB_11 btuB_12 btuB_13
[07:45:41] Fixed 2 duplicate /gene - dnaA_1 dnaA_2
[07:45:41] Fixed 2 duplicate /gene - sdcS_1 sdcS_2
[07:45:41] Fixed 2 duplicate /gene - dhlA_1 dhlA_2
[07:45:41] Fixed 2 duplicate /gene - cah_1 cah_2
[07:45:41] Fixed 2 duplicate /gene - nanM_1 nanM_2
[07:45:41] Fixed 2 duplicate /gene - rgtE_1 rgtE_2
[07:45:41] Fixed 2 duplicate /gene - oprP_1 oprP_2
[07:45:41] Fixed 2 duplicate /gene - oppA_1 oppA_2
[07:45:41] Fixed 2 duplicate /gene - fbcH_1 fbcH_2
[07:45:41] Fixed 2 duplicate /gene - atsA_1 atsA_2
[07:45:41] Fixed 2 duplicate /gene - echA8_1 echA8_2
[07:45:41] Fixed 2 duplicate /gene - gpmA_1 gpmA_2
[07:45:41] Fixed 2 duplicate /gene - uctC_1 uctC_2
[07:45:41] Fixed 2 duplicate /gene - budC_1 budC_2
[07:45:41] Fixed 2 duplicate /gene - betI_1 betI_2
[07:45:41] Fixed 2 duplicate /gene - yadG_1 yadG_2
[07:45:41] Fixed 3 duplicate /gene - cheB_1 cheB_2 cheB_3
[07:45:41] Fixed 2 duplicate /gene - tolB_1 tolB_2
[07:45:41] Fixed 2 duplicate /gene - ubiB_1 ubiB_2
[07:45:41] Fixed 2 duplicate /gene - accA1_1 accA1_2
[07:45:41] Fixed 2 duplicate /gene - entS_1 entS_2
[07:45:41] Fixed 2 duplicate /gene - rhaR_1 rhaR_2
[07:45:41] Fixed 3 duplicate /gene - COQ5_1 COQ5_2 COQ5_3
[07:45:41] Fixed 5 duplicate /gene - mdtA_1 mdtA_2 mdtA_3 mdtA_4 mdtA_5
[07:45:41] Fixed 2 duplicate /gene - flhA_1 flhA_2
[07:45:41] Fixed 2 duplicate /gene - miaB_1 miaB_2
[07:45:41] Fixed 2 duplicate /gene - rsmB_1 rsmB_2
[07:45:41] Fixed 2 duplicate /gene - metH_1 metH_2
[07:45:41] Fixed 3 duplicate /gene - yknY_1 yknY_2 yknY_3
[07:45:41] Fixed 2 duplicate /gene - pepA_1 pepA_2
[07:45:41] Fixed 2 duplicate /gene - cbpA_1 cbpA_2
[07:45:41] Fixed 2 duplicate /gene - yhdW_1 yhdW_2
[07:45:41] Fixed 2 duplicate /gene - tadA_1 tadA_2
[07:45:41] Fixed 2 duplicate /gene - lolD_1 lolD_2
[07:45:41] Fixed 115 colliding /gene names.
[07:45:41] Adding /locus_tag identifiers
[07:45:41] Assigned 2787 locus_tags to CDS and RNA features.
[07:45:41] Writing outputs to ../../Data/Chen_Analysis/Prokka/Bacteria/GOMC.bin.13264/
[07:45:42] Generating annotation statistics file
[07:45:42] Generating Genbank and Sequin files
[07:45:42] Running: tbl2asn -V b -a r10k -l paired-ends -M n -N 1 -y 'Annotated using prokka 1.14.6 from https://github.com/tseemann/prokka' -Z \.\.\/\.\.\/Data\/Chen_Analysis\/Prokka\/Bacteria\/GOMC\.bin\.13264\/GOMC\.bin\.13264\.err -i \.\.\/\.\.\/Data\/Chen_Analysis\/Prokka\/Bacteria\/GOMC\.bin\.13264\/GOMC\.bin\.13264\.fsa 2> /dev/null
[07:45:44] Deleting unwanted file: ../../Data/Chen_Analysis/Prokka/Bacteria/GOMC.bin.13264/errorsummary.val
[07:45:44] Deleting unwanted file: ../../Data/Chen_Analysis/Prokka/Bacteria/GOMC.bin.13264/GOMC.bin.13264.dr
[07:45:44] Deleting unwanted file: ../../Data/Chen_Analysis/Prokka/Bacteria/GOMC.bin.13264/GOMC.bin.13264.fixedproducts
[07:45:44] Deleting unwanted file: ../../Data/Chen_Analysis/Prokka/Bacteria/GOMC.bin.13264/GOMC.bin.13264.ecn
[07:45:44] Deleting unwanted file: ../../Data/Chen_Analysis/Prokka/Bacteria/GOMC.bin.13264/GOMC.bin.13264.val
[07:45:44] Repairing broken .GBK output that tbl2asn produces...
[07:45:44] Running: sed 's/COORDINATES: profile/COORDINATES:profile/' < \.\.\/\.\.\/Data\/Chen_Analysis\/Prokka\/Bacteria\/GOMC\.bin\.13264\/GOMC\.bin\.13264\.gbf > \.\.\/\.\.\/Data\/Chen_Analysis\/Prokka\/Bacteria\/GOMC\.bin\.13264\/GOMC\.bin\.13264\.gbk
[07:45:44] Deleting unwanted file: ../../Data/Chen_Analysis/Prokka/Bacteria/GOMC.bin.13264/GOMC.bin.13264.gbf
[07:45:44] Output files:
[07:45:44] ../../Data/Chen_Analysis/Prokka/Bacteria/GOMC.bin.13264/GOMC.bin.13264.gff
[07:45:44] ../../Data/Chen_Analysis/Prokka/Bacteria/GOMC.bin.13264/GOMC.bin.13264.err
[07:45:44] ../../Data/Chen_Analysis/Prokka/Bacteria/GOMC.bin.13264/GOMC.bin.13264.fsa
[07:45:44] ../../Data/Chen_Analysis/Prokka/Bacteria/GOMC.bin.13264/GOMC.bin.13264.log
[07:45:44] ../../Data/Chen_Analysis/Prokka/Bacteria/GOMC.bin.13264/GOMC.bin.13264.sqn
[07:45:44] ../../Data/Chen_Analysis/Prokka/Bacteria/GOMC.bin.13264/GOMC.bin.13264.fna
[07:45:44] ../../Data/Chen_Analysis/Prokka/Bacteria/GOMC.bin.13264/GOMC.bin.13264.faa
[07:45:44] ../../Data/Chen_Analysis/Prokka/Bacteria/GOMC.bin.13264/GOMC.bin.13264.tsv
[07:45:44] ../../Data/Chen_Analysis/Prokka/Bacteria/GOMC.bin.13264/GOMC.bin.13264.ffn
[07:45:44] ../../Data/Chen_Analysis/Prokka/Bacteria/GOMC.bin.13264/GOMC.bin.13264.txt
[07:45:44] ../../Data/Chen_Analysis/Prokka/Bacteria/GOMC.bin.13264/GOMC.bin.13264.gbk
[07:45:44] ../../Data/Chen_Analysis/Prokka/Bacteria/GOMC.bin.13264/GOMC.bin.13264.tbl
[07:45:44] Annotation finished successfully.
[07:45:44] Walltime used: 1.22 minutes
[07:45:44] If you use this result please cite the Prokka paper:
[07:45:44] Seemann T (2014) Prokka: rapid prokaryotic genome annotation. Bioinformatics. 30(14):2068-9.
[07:45:44] Type 'prokka --citation' for more details.
[07:45:44] Share and enjoy!
