[08:13:52] This is prokka 1.14.6
[08:13:52] Written by Torsten Seemann <torsten.seemann@gmail.com>
[08:13:52] Homepage is https://github.com/tseemann/prokka
[08:13:52] Local time is Mon Dec  1 08:13:52 2025
[08:13:52] You are joao_facio
[08:13:52] Operating system is linux
[08:13:52] You have BioPerl 1.7.8
[08:13:52] System has 12 cores.
[08:13:52] Will use maximum of 4 cores.
[08:13:52] Annotating as >>> Bacteria <<<
[08:13:52] Generating locus_tag from '/tmp/tmp6gns85ah/GOMC.bin.11303.fa' contents.
[08:13:52] Setting --locustag PODMGGGI from MD5 98d60002fc0eb1a370852d4620f9b374
[08:13:52] Creating new output folder: ../../Data/Chen_Analysis/Prokka/Bacteria/GOMC.bin.11303
[08:13:52] Running: mkdir -p \.\.\/\.\.\/Data\/Chen_Analysis\/Prokka\/Bacteria\/GOMC\.bin\.11303
[08:13:52] Using filename prefix: GOMC.bin.11303.XXX
[08:13:52] Setting HMMER_NCPU=1
[08:13:52] Writing log to: ../../Data/Chen_Analysis/Prokka/Bacteria/GOMC.bin.11303/GOMC.bin.11303.log
[08:13:52] Command: /home/joao_facio/miniconda3/envs/prokka/bin/prokka --outdir ../../Data/Chen_Analysis/Prokka/Bacteria/GOMC.bin.11303 --prefix GOMC.bin.11303 --kingdom Bacteria --genus SMXJ01 --strain GOMC.bin.11303 --cpus 4 --force /tmp/tmp6gns85ah/GOMC.bin.11303.fa
[08:13:52] Appending to PATH: /home/joao_facio/miniconda3/envs/prokka/bin
[08:13:52] Looking for 'aragorn' - found /home/joao_facio/miniconda3/envs/prokka/bin/aragorn
[08:13:52] Determined aragorn version is 001002 from 'ARAGORN v1.2.41 Dean Laslett'
[08:13:52] Looking for 'barrnap' - found /home/joao_facio/miniconda3/envs/prokka/bin/barrnap
[08:13:52] Determined barrnap version is 000009 from 'barrnap 0.9'
[08:13:52] Looking for 'blastp' - found /home/joao_facio/miniconda3/envs/prokka/bin/blastp
[08:13:52] Determined blastp version is 002016 from 'blastp: 2.16.0+'
[08:13:52] Looking for 'cmpress' - found /home/joao_facio/miniconda3/envs/prokka/bin/cmpress
[08:13:52] Determined cmpress version is 001001 from '# INFERNAL 1.1.5 (Sep 2023)'
[08:13:52] Looking for 'cmscan' - found /home/joao_facio/miniconda3/envs/prokka/bin/cmscan
[08:13:52] Determined cmscan version is 001001 from '# INFERNAL 1.1.5 (Sep 2023)'
[08:13:52] Looking for 'egrep' - found /usr/bin/egrep
[08:13:52] Looking for 'find' - found /usr/bin/find
[08:13:52] Looking for 'grep' - found /usr/bin/grep
[08:13:52] Looking for 'hmmpress' - found /home/joao_facio/miniconda3/envs/prokka/bin/hmmpress
[08:13:52] Determined hmmpress version is 003004 from '# HMMER 3.4 (Aug 2023); http://hmmer.org/'
[08:13:52] Looking for 'hmmscan' - found /home/joao_facio/miniconda3/envs/prokka/bin/hmmscan
[08:13:52] Determined hmmscan version is 003004 from '# HMMER 3.4 (Aug 2023); http://hmmer.org/'
[08:13:52] Looking for 'java' - found /home/joao_facio/miniconda3/envs/prokka/bin/java
[08:13:52] Looking for 'makeblastdb' - found /home/joao_facio/miniconda3/envs/prokka/bin/makeblastdb
[08:13:52] Determined makeblastdb version is 002016 from 'makeblastdb: 2.16.0+'
[08:13:52] Looking for 'minced' - found /home/joao_facio/miniconda3/envs/prokka/bin/minced
[08:13:52] Determined minced version is 004002 from 'minced 0.4.2'
[08:13:52] Looking for 'parallel' - found /home/joao_facio/miniconda3/envs/prokka/bin/parallel
[08:13:53] Determined parallel version is 20251122 from 'GNU parallel 20251122'
[08:13:53] Looking for 'prodigal' - found /home/joao_facio/miniconda3/envs/prokka/bin/prodigal
[08:13:53] Determined prodigal version is 002006 from 'Prodigal V2.6.3: February, 2016'
[08:13:53] Looking for 'prokka-genbank_to_fasta_db' - found /home/joao_facio/miniconda3/envs/prokka/bin/prokka-genbank_to_fasta_db
[08:13:53] Looking for 'sed' - found /usr/bin/sed
[08:13:53] Looking for 'tbl2asn' - found /home/joao_facio/miniconda3/envs/prokka/bin/tbl2asn
[08:13:53] Determined tbl2asn version is 025007 from 'tbl2asn 25.7   arguments:'
[08:13:53] Using genetic code table 11.
[08:13:53] Loading and checking input file: /tmp/tmp6gns85ah/GOMC.bin.11303.fa
[08:13:53] Wrote 68 contigs totalling 2642927 bp.
[08:13:53] Predicting tRNAs and tmRNAs
[08:13:53] Running: aragorn -l -gc11  -w \.\.\/\.\.\/Data\/Chen_Analysis\/Prokka\/Bacteria\/GOMC\.bin\.11303\/GOMC\.bin\.11303\.fna
[08:13:53] 1 tRNA-Arg c[59103,59177] 35 (tcg)
[08:13:53] 1 tRNA-Glu [4355,4427] 34 (ttc)
[08:13:53] 1 tRNA-Val [27529,27604] 36 (tac)
[08:13:53] 2 tRNA-Val [28435,28510] 36 (gac)
[08:13:53] 1 tRNA-Ser c[1,86] 35 (tga)
[08:13:53] 1 tRNA-Ala [37019,37093] 35 (ggc)
[08:13:53] 1 tRNA-His c[21208,21282] 35 (gtg)
[08:13:53] 1 tRNA-Met c[9803,9877] 35 (cat)
[08:13:53] 2 tRNA-Cys c[37843,37916] 33 (gca)
[08:13:53] 1 tmRNA c[22552,22948] 97,126 GDNNYALAA*
[08:13:53] 1 tRNA-Pro c[8318,8395] 36 (ggg)
[08:13:53] 2 tRNA-Pro c[8547,8622] 36 (tgg)
[08:13:53] 3 tRNA-Ser c[8632,8716] 33 (gct)
[08:13:53] 1 tRNA-Leu c[11764,11850] 35 (taa)
[08:13:53] 2 tRNA-Gly c[11889,11962] 34 (gcc)
[08:13:53] 1 tRNA-Phe c[11785,11858] 34 (gaa)
[08:13:53] 2 tRNA-Met [72997,73070] 34 (cat)
[08:13:53] 1 tRNA-Gln [29352,29425] 34 (ttg)
[08:13:53] 1 tRNA-Met c[35123,35197] 35 (cat)
[08:13:53] 1 tRNA-Asn c[52256,52330] 35 (gtt)
[08:13:53] 1 tRNA-Lys [12448,12521] 34 (ttt)
[08:13:53] 2 tRNA-Leu [12576,12660] 35 (gag)
[08:13:53] 1 tRNA-Ser c[90,178] 35 (gga)
[08:13:53] 2 tRNA-Leu c[47556,47638] 35 (caa)
[08:13:53] 1 tRNA-Leu c[19938,20020] 35 (tag)
[08:13:53] Found 25 tRNAs
[08:13:53] Predicting Ribosomal RNAs
[08:13:53] Running Barrnap with 4 threads
[08:13:54] Found 0 rRNAs
[08:13:54] Skipping ncRNA search, enable with --rfam if desired.
[08:13:54] Total of 24 tRNA + rRNA features
[08:13:54] Searching for CRISPR repeats
[08:13:54] Found 0 CRISPRs
[08:13:54] Predicting coding sequences
[08:13:54] Contigs total 2642927 bp, so using single mode
[08:13:54] Running: prodigal -i \.\.\/\.\.\/Data\/Chen_Analysis\/Prokka\/Bacteria\/GOMC\.bin\.11303\/GOMC\.bin\.11303\.fna -c -m -g 11 -p single -f sco -q
[08:13:58] Excluding CDS which overlaps existing RNA (tRNA) at k63_511413:47300..47740 on - strand
[08:13:58] Found 2460 CDS
[08:13:58] Connecting features back to sequences
[08:13:58] Not using genus-specific database. Try --usegenus to enable it.
[08:13:58] Annotating CDS, please be patient.
[08:13:58] Will use 4 CPUs for similarity searching.
[08:13:58] There are still 2460 unannotated CDS left (started with 2460)
[08:13:58] Will use blast to search against /home/joao_facio/miniconda3/envs/prokka/db/kingdom/Bacteria/IS with 4 CPUs
[08:13:58] Running: cat \.\.\/\.\.\/Data\/Chen_Analysis\/Prokka\/Bacteria\/GOMC\.bin\.11303\/GOMC\.bin\.11303\.IS\.tmp\.3228299\.faa | parallel --gnu --plain -j 4 --block 103712 --recstart '>' --pipe blastp -query - -db /home/joao_facio/miniconda3/envs/prokka/db/kingdom/Bacteria/IS -evalue 1e-30 -qcov_hsp_perc 90 -num_threads 1 -num_descriptions 1 -num_alignments 1 -seg no > \.\.\/\.\.\/Data\/Chen_Analysis\/Prokka\/Bacteria\/GOMC\.bin\.11303\/GOMC\.bin\.11303\.IS\.tmp\.3228299\.blast 2> /dev/null
[08:14:06] Deleting unwanted file: ../../Data/Chen_Analysis/Prokka/Bacteria/GOMC.bin.11303/GOMC.bin.11303.IS.tmp.3228299.faa
[08:14:06] Deleting unwanted file: ../../Data/Chen_Analysis/Prokka/Bacteria/GOMC.bin.11303/GOMC.bin.11303.IS.tmp.3228299.blast
[08:14:06] There are still 2460 unannotated CDS left (started with 2460)
[08:14:06] Will use blast to search against /home/joao_facio/miniconda3/envs/prokka/db/kingdom/Bacteria/AMR with 4 CPUs
[08:14:06] Running: cat \.\.\/\.\.\/Data\/Chen_Analysis\/Prokka\/Bacteria\/GOMC\.bin\.11303\/GOMC\.bin\.11303\.AMR\.tmp\.3228299\.faa | parallel --gnu --plain -j 4 --block 103712 --recstart '>' --pipe blastp -query - -db /home/joao_facio/miniconda3/envs/prokka/db/kingdom/Bacteria/AMR -evalue 1e-300 -qcov_hsp_perc 90 -num_threads 1 -num_descriptions 1 -num_alignments 1 -seg no > \.\.\/\.\.\/Data\/Chen_Analysis\/Prokka\/Bacteria\/GOMC\.bin\.11303\/GOMC\.bin\.11303\.AMR\.tmp\.3228299\.blast 2> /dev/null
[08:14:13] Deleting unwanted file: ../../Data/Chen_Analysis/Prokka/Bacteria/GOMC.bin.11303/GOMC.bin.11303.AMR.tmp.3228299.faa
[08:14:13] Deleting unwanted file: ../../Data/Chen_Analysis/Prokka/Bacteria/GOMC.bin.11303/GOMC.bin.11303.AMR.tmp.3228299.blast
[08:14:13] There are still 2460 unannotated CDS left (started with 2460)
[08:14:13] Will use blast to search against /home/joao_facio/miniconda3/envs/prokka/db/kingdom/Bacteria/sprot with 4 CPUs
[08:14:13] Running: cat \.\.\/\.\.\/Data\/Chen_Analysis\/Prokka\/Bacteria\/GOMC\.bin\.11303\/GOMC\.bin\.11303\.sprot\.tmp\.3228299\.faa | parallel --gnu --plain -j 4 --block 103712 --recstart '>' --pipe blastp -query - -db /home/joao_facio/miniconda3/envs/prokka/db/kingdom/Bacteria/sprot -evalue 1e-09 -qcov_hsp_perc 80 -num_threads 1 -num_descriptions 1 -num_alignments 1 -seg no > \.\.\/\.\.\/Data\/Chen_Analysis\/Prokka\/Bacteria\/GOMC\.bin\.11303\/GOMC\.bin\.11303\.sprot\.tmp\.3228299\.blast 2> /dev/null
[08:14:47] Modify product: Probable iron-sulfur-binding oxidoreductase FadF => putative iron-sulfur-binding oxidoreductase FadF
[08:14:47] Modify product: Probable iron-sulfur-binding oxidoreductase FadF => putative iron-sulfur-binding oxidoreductase FadF
[08:14:47] Modify product: Uncharacterized protein HI_1163 => putative protein
[08:14:47] Modify product: Uncharacterized symporter YidK => putative symporter YidK
[08:14:47] Modify product: Probable transcriptional regulatory protein HP_0162 => putative transcriptional regulatory protein
[08:14:47] Modify product: Uncharacterized protein Rv1276c => putative protein
[08:14:47] Modify product: Putative esterase PA1618 => Putative esterase
[08:14:47] Modify product: Probable metabolite transport protein CsbC => putative metabolite transport protein CsbC
[08:14:47] Modify product: UPF0053 inner membrane protein YfjD => hypothetical protein
[08:14:47] Modify product: Uncharacterized ABC transporter ATP-binding protein YheS => putative ABC transporter ATP-binding protein YheS
[08:14:47] Modify product: UPF0053 inner membrane protein YoaE => hypothetical protein
[08:14:47] Modify product: Uncharacterized protein YcgM => putative protein YcgM
[08:14:47] Modify product: PGL/p-HBAD biosynthesis glycosyltransferase Rv2957 => PGL/p-HBAD biosynthesis glycosyltransferase
[08:14:47] Modify product: Uncharacterized protein YpjD => putative protein YpjD
[08:14:47] Modify product: Probable GTP-binding protein EngB => putative GTP-binding protein EngB
[08:14:47] Modify product: Probable peptidoglycan glycosyltransferase FtsW => putative peptidoglycan glycosyltransferase FtsW
[08:14:47] Modify product: Uncharacterized protein YyaP => putative protein YyaP
[08:14:47] Modify product: Uncharacterized protein YqeY => putative protein YqeY
[08:14:47] Modify product: Uncharacterized HIT-like protein Rv0759c => putative HIT-like protein
[08:14:47] Modify product: UPF0382 membrane protein YwdK => hypothetical protein
[08:14:47] Modify product: Putative cystathionine beta-synthase Rv1077 => Putative cystathionine beta-synthase
[08:14:47] Modify product: UPF0339 protein YegP => hypothetical protein
[08:14:47] Modify product: Uncharacterized protein YfgD => putative protein YfgD
[08:14:47] Modify product: Sulfurtransferase Alvin_2599 => Sulfurtransferase
[08:14:47] Modify product: Uncharacterized protein HI_1349 => putative protein
[08:14:47] Modify product: Uncharacterized glycosyltransferase sll0501 => putative glycosyltransferase
[08:14:47] Modify product: Putative cystathionine beta-synthase Rv1077 => Putative cystathionine beta-synthase
[08:14:47] Modify product: Uncharacterized protein Rv1480 => putative protein
[08:14:47] Modify product: Uncharacterized protein YqjZ => putative protein YqjZ
[08:14:47] Modify product: GTP cyclohydrolase 1 type 2 homolog => GTP cyclohydrolase 1 type 2 
[08:14:47] Modify product: Uncharacterized ABC transporter ATP-binding protein TM_0288 => putative ABC transporter ATP-binding protein
[08:14:47] Modify product: UPF0056 inner membrane protein MarC => hypothetical protein
[08:14:47] Modify product: Bifunctional protein FolD => Bifunctional protein FolD protein
[08:14:47] Modify product: Putative transport protein Rv1101c => Putative transport protein
[08:14:47] Modify product: UPF0126 inner membrane protein YadS => hypothetical protein
[08:14:47] Modify product: NADH dehydrogenase-like protein SAOUHSC_00878 => NADH dehydrogenase-like protein
[08:14:47] Modify product: Probable membrane transporter protein YfcA => putative membrane transporter protein YfcA
[08:14:47] Modify product: Uncharacterized RNA pseudouridine synthase Rv1540 => putative RNA pseudouridine synthase
[08:14:47] Modify product: Probable adenylyl-sulfate kinase => putative adenylyl-sulfate kinase
[08:14:47] Modify product: Probable propionyl-CoA carboxylase beta chain 5 => putative propionyl-CoA carboxylase beta chain 5
[08:14:47] Modify product: Probable 2-succinylbenzoate--CoA ligase => putative 2-succinylbenzoate--CoA ligase
[08:14:47] Modify product: Probable quorum-quenching lactonase YtnP => putative quorum-quenching lactonase YtnP
[08:14:47] Modify product: Uncharacterized protein Rv2307c => putative protein
[08:14:47] Modify product: Probable 3-hydroxybutyryl-CoA dehydrogenase => putative 3-hydroxybutyryl-CoA dehydrogenase
[08:14:47] Modify product: Uncharacterized metal-dependent hydrolase YjjV => putative metal-dependent hydrolase YjjV
[08:14:47] Modify product: UPF0056 inner membrane protein YhgN => hypothetical protein
[08:14:47] Modify product: Probable copper-transporting ATPase PacS => putative copper-transporting ATPase PacS
[08:14:47] Modify product: Universal stress protein MSMEG_3950/MSMEI_3859 => Universal stress protein/MSMEI_3859
[08:14:47] Modify product: Uncharacterized glycosyltransferase Rv0539 => putative glycosyltransferase
[08:14:47] Modify product: Uncharacterized protein HI_0933 => putative protein
[08:14:47] Modify product: Probable multidrug resistance ABC transporter ATP-binding/permease protein YheI => putative multidrug resistance ABC transporter ATP-binding/permease protein YheI
[08:14:47] Modify product: Uncharacterized ABC transporter ATP-binding protein YknY => putative ABC transporter ATP-binding protein YknY
[08:14:47] Modify product: Acetyltransferase PA3944 => Acetyltransferase
[08:14:47] Modify product: Uncharacterized ABC transporter ATP-binding protein YbiT => putative ABC transporter ATP-binding protein YbiT
[08:14:47] Modify product: Uncharacterized protein YciO => putative protein YciO
[08:14:47] Modify product: Uncharacterized protein YqeN => putative protein YqeN
[08:14:47] Modify product: UPF0173 metal-dependent hydrolase SA1529 => hypothetical protein
[08:14:47] Modify product: UPF0073 inner membrane protein YqfA => hypothetical protein
[08:14:47] Modify product: Aldo/keto reductase slr0942 => Aldo/keto reductase
[08:14:47] Modify product: Uncharacterized oxidoreductase SA2266 => putative oxidoreductase
[08:14:47] Modify product: Potassium channel HX13_20290 => Potassium channel
[08:14:47] Modify product: Probable ATP-dependent transporter SufC => putative ATP-dependent transporter SufC
[08:14:47] Modify product: UPF0102 protein RPA0323 => hypothetical protein
[08:14:47] Modify product: Probable murein peptide carboxypeptidase => putative murein peptide carboxypeptidase
[08:14:47] Modify product: UPF0701 protein YicC => hypothetical protein
[08:14:47] Modify product: Uncharacterized protein Rv2915c => putative protein
[08:14:47] Modify product: Putative low molecular weight protein-tyrosine-phosphatase slr0328 => Putative low molecular weight protein-tyrosine-phosphatase
[08:14:47] Modify product: PGL/p-HBAD biosynthesis glycosyltransferase Rv2957 => PGL/p-HBAD biosynthesis glycosyltransferase
[08:14:47] Modify product: Uncharacterized ABC transporter ATP-binding protein YknY => putative ABC transporter ATP-binding protein YknY
[08:14:47] Modify product: Probable GTPase Rv1496 => putative GTPase
[08:14:47] Modify product: Uncharacterized protein YhaP => putative protein YhaP
[08:14:47] Modify product: Epimerase family protein SA0724 => Epimerase family protein
[08:14:47] Modify product: Probable glycerol uptake facilitator protein => putative glycerol uptake facilitator protein
[08:14:47] Modify product: UPF0053 protein HI_0107 => hypothetical protein
[08:14:47] Modify product: Probable 2,4-dienoyl-CoA reductase => putative 2,4-dienoyl-CoA reductase
[08:14:47] Modify product: Probable chromosome-partitioning protein ParB => putative chromosome-partitioning protein ParB
[08:14:47] Modify product: Peptidoglycan-N-acetylglucosamine deacetylase BC_3618 => Peptidoglycan-N-acetylglucosamine deacetylase
[08:14:47] Modify product: Probable multidrug ABC transporter ATP-binding protein YbhF => putative multidrug ABC transporter ATP-binding protein YbhF
[08:14:47] Modify product: UPF0301 protein SO_3346 => hypothetical protein
[08:14:47] Modify product: Uncharacterized acyl-CoA thioester hydrolase HI_0827 => putative acyl-CoA thioester hydrolase
[08:14:47] Modify product: UPF0176 protein YceA => hypothetical protein
[08:14:47] Modify product: Probable succinyl-CoA:3-ketoacid coenzyme A transferase subunit B => putative succinyl-CoA:3-ketoacid coenzyme A transferase subunit B
[08:14:47] Modify product: Uncharacterized epimerase/dehydratase SA0511 => putative epimerase/dehydratase
[08:14:47] Modify product: Putative zinc metalloprotease aq_1964 => Putative zinc metalloprotease
[08:14:47] Modify product: UPF0403 protein YphP => hypothetical protein
[08:14:47] Modify product: Uncharacterized protein YjbR => putative protein YjbR
[08:14:47] Modify product: Uncharacterized DapA-like lyase => putative DapA-like lyase
[08:14:47] Modify product: Probable chaperone CsaA => putative chaperone CsaA
[08:14:47] Modify product: Probable ABC transporter binding protein NosD => putative ABC transporter binding protein NosD
[08:14:47] Modify product: Probable siderophore transport system ATP-binding protein YusV => putative siderophore transport system ATP-binding protein YusV
[08:14:47] Modify product: Probable deoxycholate-binding periplasmic protein YgiS => putative deoxycholate-binding periplasmic protein YgiS
[08:14:47] Modify product: Probable 3-hydroxyacyl-CoA dehydrogenase => putative 3-hydroxyacyl-CoA dehydrogenase
[08:14:47] Modify product: Probable acyl-CoA dehydrogenase => putative acyl-CoA dehydrogenase
[08:14:47] Modify product: UPF0758 protein CT0611 => hypothetical protein
[08:14:47] Cleaned 94 /product names
[08:14:47] Deleting unwanted file: ../../Data/Chen_Analysis/Prokka/Bacteria/GOMC.bin.11303/GOMC.bin.11303.sprot.tmp.3228299.faa
[08:14:47] Deleting unwanted file: ../../Data/Chen_Analysis/Prokka/Bacteria/GOMC.bin.11303/GOMC.bin.11303.sprot.tmp.3228299.blast
[08:14:48] There are still 1526 unannotated CDS left (started with 2460)
[08:14:48] Will use hmmer3 to search against /home/joao_facio/miniconda3/envs/prokka/db/hmm/HAMAP.hmm with 4 CPUs
[08:14:48] Running: cat \.\.\/\.\.\/Data\/Chen_Analysis\/Prokka\/Bacteria\/GOMC\.bin\.11303\/GOMC\.bin\.11303\.HAMAP\.hmm\.tmp\.3228299\.faa | parallel --gnu --plain -j 4 --block 61619 --recstart '>' --pipe hmmscan --noali --notextw --acc -E 1e-09 --cpu 1 /home/joao_facio/miniconda3/envs/prokka/db/hmm/HAMAP.hmm /dev/stdin > \.\.\/\.\.\/Data\/Chen_Analysis\/Prokka\/Bacteria\/GOMC\.bin\.11303\/GOMC\.bin\.11303\.HAMAP\.hmm\.tmp\.3228299\.hmmer3 2> /dev/null
[08:14:58] Modify product: Uncharacterized Nudix hydrolase NudL => putative Nudix hydrolase NudL
[08:14:59] Cleaned 1 /product names
[08:14:59] Deleting unwanted file: ../../Data/Chen_Analysis/Prokka/Bacteria/GOMC.bin.11303/GOMC.bin.11303.HAMAP.hmm.tmp.3228299.faa
[08:14:59] Deleting unwanted file: ../../Data/Chen_Analysis/Prokka/Bacteria/GOMC.bin.11303/GOMC.bin.11303.HAMAP.hmm.tmp.3228299.hmmer3
[08:14:59] Labelling remaining 1295 proteins as 'hypothetical protein'
[08:14:59] Possible /pseudo 'Thiol-disulfide oxidoreductase ResA' at k63_942220 position 8560
[08:14:59] Possible /pseudo 'Peptide methionine sulfoxide reductase MsrB' at k63_552722 position 49689
[08:14:59] Possible /pseudo 'Glutamine synthetase' at k63_641925 position 10018
[08:14:59] Possible /pseudo 'Macrolide export ATP-binding/permease protein MacB' at k63_513830 position 12043
[08:14:59] Found 925 unique /gene codes.
[08:14:59] Fixed 3 duplicate /gene - bicA_1 bicA_2 bicA_3
[08:14:59] Fixed 2 duplicate /gene - rsmI_1 rsmI_2
[08:14:59] Fixed 3 duplicate /gene - bepA_1 bepA_2 bepA_3
[08:14:59] Fixed 2 duplicate /gene - hutG_1 hutG_2
[08:14:59] Fixed 2 duplicate /gene - dap_1 dap_2
[08:14:59] Fixed 2 duplicate /gene - msrB_1 msrB_2
[08:14:59] Fixed 7 duplicate /gene - sasA_1 sasA_2 sasA_3 sasA_4 sasA_5 sasA_6 sasA_7
[08:14:59] Fixed 2 duplicate /gene - atpH_1 atpH_2
[08:14:59] Fixed 2 duplicate /gene - trmR_1 trmR_2
[08:14:59] Fixed 2 duplicate /gene - tatA_1 tatA_2
[08:14:59] Fixed 2 duplicate /gene - nfdA_1 nfdA_2
[08:14:59] Fixed 2 duplicate /gene - kdsA_1 kdsA_2
[08:14:59] Fixed 2 duplicate /gene - rbn_1 rbn_2
[08:14:59] Fixed 2 duplicate /gene - paaE_1 paaE_2
[08:14:59] Fixed 2 duplicate /gene - lytR_1 lytR_2
[08:14:59] Fixed 2 duplicate /gene - gloB_1 gloB_2
[08:14:59] Fixed 2 duplicate /gene - ptpA_1 ptpA_2
[08:14:59] Fixed 2 duplicate /gene - degU_1 degU_2
[08:14:59] Fixed 2 duplicate /gene - trxA_1 trxA_2
[08:14:59] Fixed 2 duplicate /gene - lpxH_1 lpxH_2
[08:14:59] Fixed 2 duplicate /gene - rcsC_1 rcsC_2
[08:14:59] Fixed 4 duplicate /gene - dxs_1 dxs_2 dxs_3 dxs_4
[08:14:59] Fixed 2 duplicate /gene - uvrA_1 uvrA_2
[08:14:59] Fixed 3 duplicate /gene - arnC_1 arnC_2 arnC_3
[08:14:59] Fixed 2 duplicate /gene - lptD_1 lptD_2
[08:14:59] Fixed 9 duplicate /gene - resA_1 resA_2 resA_3 resA_4 resA_5 resA_6 resA_7 resA_8 resA_9
[08:14:59] Fixed 2 duplicate /gene - rfbB_1 rfbB_2
[08:14:59] Fixed 2 duplicate /gene - metH_1 metH_2
[08:14:59] Fixed 2 duplicate /gene - tadA_1 tadA_2
[08:14:59] Fixed 2 duplicate /gene - rpoE_1 rpoE_2
[08:14:59] Fixed 2 duplicate /gene - clpP_1 clpP_2
[08:14:59] Fixed 2 duplicate /gene - menA_1 menA_2
[08:14:59] Fixed 2 duplicate /gene - rssB_1 rssB_2
[08:14:59] Fixed 2 duplicate /gene - murG_1 murG_2
[08:14:59] Fixed 2 duplicate /gene - ettA_1 ettA_2
[08:14:59] Fixed 2 duplicate /gene - cpdA_1 cpdA_2
[08:14:59] Fixed 8 duplicate /gene - pal_1 pal_2 pal_3 pal_4 pal_5 pal_6 pal_7 pal_8
[08:14:59] Fixed 2 duplicate /gene - yceI_1 yceI_2
[08:14:59] Fixed 2 duplicate /gene - ruvB_1 ruvB_2
[08:14:59] Fixed 2 duplicate /gene - IMPDH_1 IMPDH_2
[08:14:59] Fixed 2 duplicate /gene - menB_1 menB_2
[08:14:59] Fixed 2 duplicate /gene - sucB_1 sucB_2
[08:14:59] Fixed 2 duplicate /gene - rhaR_1 rhaR_2
[08:14:59] Fixed 2 duplicate /gene - dinB_1 dinB_2
[08:14:59] Fixed 3 duplicate /gene - algU_1 algU_2 algU_3
[08:14:59] Fixed 4 duplicate /gene - macB_1 macB_2 macB_3 macB_4
[08:14:59] Fixed 2 duplicate /gene - miaB_1 miaB_2
[08:14:59] Fixed 2 duplicate /gene - deaD_1 deaD_2
[08:14:59] Fixed 2 duplicate /gene - fadF_1 fadF_2
[08:14:59] Fixed 2 duplicate /gene - lpxD_1 lpxD_2
[08:14:59] Fixed 2 duplicate /gene - tolB_1 tolB_2
[08:14:59] Fixed 2 duplicate /gene - dinG_1 dinG_2
[08:14:59] Fixed 3 duplicate /gene - trmH_1 trmH_2 trmH_3
[08:14:59] Fixed 3 duplicate /gene - glpE_1 glpE_2 glpE_3
[08:14:59] Fixed 2 duplicate /gene - ycf3_1 ycf3_2
[08:14:59] Fixed 2 duplicate /gene - yknY_1 yknY_2
[08:14:59] Fixed 2 duplicate /gene - cbs_1 cbs_2
[08:14:59] Fixed 5 duplicate /gene - btuD_1 btuD_2 btuD_3 btuD_4 btuD_5
[08:14:59] Fixed 3 duplicate /gene - hcf136_1 hcf136_2 hcf136_3
[08:14:59] Fixed 2 duplicate /gene - rny_1 rny_2
[08:14:59] Fixed 2 duplicate /gene - sigE_1 sigE_2
[08:14:59] Fixed 2 duplicate /gene - yhhW_1 yhhW_2
[08:14:59] Fixed 2 duplicate /gene - bamA_1 bamA_2
[08:14:59] Fixed 3 duplicate /gene - COQ5_1 COQ5_2 COQ5_3
[08:14:59] Fixed 2 duplicate /gene - mnmC_1 mnmC_2
[08:14:59] Fixed 2 duplicate /gene - ypdB_1 ypdB_2
[08:14:59] Fixed 2 duplicate /gene - ilvK_1 ilvK_2
[08:14:59] Fixed 8 duplicate /gene - btuB_1 btuB_2 btuB_3 btuB_4 btuB_5 btuB_6 btuB_7 btuB_8
[08:14:59] Fixed 2 duplicate /gene - ssb_1 ssb_2
[08:14:59] Fixed 2 duplicate /gene - aviRb_1 aviRb_2
[08:14:59] Fixed 2 duplicate /gene - ccsA_1 ccsA_2
[08:14:59] Fixed 2 duplicate /gene - RBKS_1 RBKS_2
[08:14:59] Fixed 2 duplicate /gene - mdtA_1 mdtA_2
[08:14:59] Fixed 2 duplicate /gene - fabF_1 fabF_2
[08:14:59] Fixed 3 duplicate /gene - rhaS_1 rhaS_2 rhaS_3
[08:14:59] Fixed 3 duplicate /gene - surA_1 surA_2 surA_3
[08:14:59] Fixed 5 duplicate /gene - mshA_1 mshA_2 mshA_3 mshA_4 mshA_5
[08:14:59] Fixed 3 duplicate /gene - hutI_1 hutI_2 hutI_3
[08:14:59] Fixed 2 duplicate /gene - rluF_1 rluF_2
[08:14:59] Fixed 2 duplicate /gene - galE_1 galE_2
[08:14:59] Fixed 2 duplicate /gene - argD_1 argD_2
[08:14:59] Fixed 2 duplicate /gene - fcl_1 fcl_2
[08:14:59] Fixed 3 duplicate /gene - egtB_1 egtB_2 egtB_3
[08:14:59] Fixed 2 duplicate /gene - msrA_1 msrA_2
[08:14:59] Fixed 2 duplicate /gene - metB_1 metB_2
[08:14:59] Fixed 2 duplicate /gene - pyrR_1 pyrR_2
[08:14:59] Fixed 2 duplicate /gene - nth_1 nth_2
[08:14:59] Fixed 3 duplicate /gene - fabH_1 fabH_2 fabH_3
[08:14:59] Fixed 2 duplicate /gene - carC_1 carC_2
[08:14:59] Fixed 2 duplicate /gene - nfuA_1 nfuA_2
[08:14:59] Fixed 2 duplicate /gene - dsbD_1 dsbD_2
[08:14:59] Fixed 91 colliding /gene names.
[08:14:59] Adding /locus_tag identifiers
[08:14:59] Assigned 2485 locus_tags to CDS and RNA features.
[08:14:59] Writing outputs to ../../Data/Chen_Analysis/Prokka/Bacteria/GOMC.bin.11303/
[08:14:59] Generating annotation statistics file
[08:14:59] Generating Genbank and Sequin files
[08:14:59] Running: tbl2asn -V b -a r10k -l paired-ends -M n -N 1 -y 'Annotated using prokka 1.14.6 from https://github.com/tseemann/prokka' -Z \.\.\/\.\.\/Data\/Chen_Analysis\/Prokka\/Bacteria\/GOMC\.bin\.11303\/GOMC\.bin\.11303\.err -i \.\.\/\.\.\/Data\/Chen_Analysis\/Prokka\/Bacteria\/GOMC\.bin\.11303\/GOMC\.bin\.11303\.fsa 2> /dev/null
[08:15:01] Deleting unwanted file: ../../Data/Chen_Analysis/Prokka/Bacteria/GOMC.bin.11303/errorsummary.val
[08:15:01] Deleting unwanted file: ../../Data/Chen_Analysis/Prokka/Bacteria/GOMC.bin.11303/GOMC.bin.11303.dr
[08:15:01] Deleting unwanted file: ../../Data/Chen_Analysis/Prokka/Bacteria/GOMC.bin.11303/GOMC.bin.11303.fixedproducts
[08:15:01] Deleting unwanted file: ../../Data/Chen_Analysis/Prokka/Bacteria/GOMC.bin.11303/GOMC.bin.11303.ecn
[08:15:01] Deleting unwanted file: ../../Data/Chen_Analysis/Prokka/Bacteria/GOMC.bin.11303/GOMC.bin.11303.val
[08:15:01] Repairing broken .GBK output that tbl2asn produces...
[08:15:01] Running: sed 's/COORDINATES: profile/COORDINATES:profile/' < \.\.\/\.\.\/Data\/Chen_Analysis\/Prokka\/Bacteria\/GOMC\.bin\.11303\/GOMC\.bin\.11303\.gbf > \.\.\/\.\.\/Data\/Chen_Analysis\/Prokka\/Bacteria\/GOMC\.bin\.11303\/GOMC\.bin\.11303\.gbk
[08:15:01] Deleting unwanted file: ../../Data/Chen_Analysis/Prokka/Bacteria/GOMC.bin.11303/GOMC.bin.11303.gbf
[08:15:01] Output files:
[08:15:01] ../../Data/Chen_Analysis/Prokka/Bacteria/GOMC.bin.11303/GOMC.bin.11303.err
[08:15:01] ../../Data/Chen_Analysis/Prokka/Bacteria/GOMC.bin.11303/GOMC.bin.11303.faa
[08:15:01] ../../Data/Chen_Analysis/Prokka/Bacteria/GOMC.bin.11303/GOMC.bin.11303.fna
[08:15:01] ../../Data/Chen_Analysis/Prokka/Bacteria/GOMC.bin.11303/GOMC.bin.11303.fsa
[08:15:01] ../../Data/Chen_Analysis/Prokka/Bacteria/GOMC.bin.11303/GOMC.bin.11303.sqn
[08:15:01] ../../Data/Chen_Analysis/Prokka/Bacteria/GOMC.bin.11303/GOMC.bin.11303.txt
[08:15:01] ../../Data/Chen_Analysis/Prokka/Bacteria/GOMC.bin.11303/GOMC.bin.11303.tbl
[08:15:01] ../../Data/Chen_Analysis/Prokka/Bacteria/GOMC.bin.11303/GOMC.bin.11303.log
[08:15:01] ../../Data/Chen_Analysis/Prokka/Bacteria/GOMC.bin.11303/GOMC.bin.11303.tsv
[08:15:01] ../../Data/Chen_Analysis/Prokka/Bacteria/GOMC.bin.11303/GOMC.bin.11303.gbk
[08:15:01] ../../Data/Chen_Analysis/Prokka/Bacteria/GOMC.bin.11303/GOMC.bin.11303.gff
[08:15:01] ../../Data/Chen_Analysis/Prokka/Bacteria/GOMC.bin.11303/GOMC.bin.11303.ffn
[08:15:01] Annotation finished successfully.
[08:15:01] Walltime used: 1.15 minutes
[08:15:01] If you use this result please cite the Prokka paper:
[08:15:01] Seemann T (2014) Prokka: rapid prokaryotic genome annotation. Bioinformatics. 30(14):2068-9.
[08:15:01] Type 'prokka --citation' for more details.
[08:15:01] Share and enjoy!
