[08:38:45] This is prokka 1.14.6
[08:38:45] Written by Torsten Seemann <torsten.seemann@gmail.com>
[08:38:45] Homepage is https://github.com/tseemann/prokka
[08:38:45] Local time is Mon Dec  1 08:38:45 2025
[08:38:45] You are joao_facio
[08:38:45] Operating system is linux
[08:38:45] You have BioPerl 1.7.8
[08:38:45] System has 12 cores.
[08:38:45] Will use maximum of 4 cores.
[08:38:45] Annotating as >>> Bacteria <<<
[08:38:45] Generating locus_tag from '/tmp/tmp6gns85ah/GOMC.bin.9744.fa' contents.
[08:38:45] Setting --locustag JGDEDABI from MD5 30dedab2d9d3045cbe48b32d6dc59677
[08:38:45] Creating new output folder: ../../Data/Chen_Analysis/Prokka/Bacteria/GOMC.bin.9744
[08:38:45] Running: mkdir -p \.\.\/\.\.\/Data\/Chen_Analysis\/Prokka\/Bacteria\/GOMC\.bin\.9744
[08:38:45] Using filename prefix: GOMC.bin.9744.XXX
[08:38:45] Setting HMMER_NCPU=1
[08:38:45] Writing log to: ../../Data/Chen_Analysis/Prokka/Bacteria/GOMC.bin.9744/GOMC.bin.9744.log
[08:38:45] Command: /home/joao_facio/miniconda3/envs/prokka/bin/prokka --outdir ../../Data/Chen_Analysis/Prokka/Bacteria/GOMC.bin.9744 --prefix GOMC.bin.9744 --kingdom Bacteria --genus Roseofilum --strain GOMC.bin.9744 --cpus 4 --force /tmp/tmp6gns85ah/GOMC.bin.9744.fa
[08:38:45] Appending to PATH: /home/joao_facio/miniconda3/envs/prokka/bin
[08:38:45] Looking for 'aragorn' - found /home/joao_facio/miniconda3/envs/prokka/bin/aragorn
[08:38:45] Determined aragorn version is 001002 from 'ARAGORN v1.2.41 Dean Laslett'
[08:38:45] Looking for 'barrnap' - found /home/joao_facio/miniconda3/envs/prokka/bin/barrnap
[08:38:45] Determined barrnap version is 000009 from 'barrnap 0.9'
[08:38:45] Looking for 'blastp' - found /home/joao_facio/miniconda3/envs/prokka/bin/blastp
[08:38:45] Determined blastp version is 002016 from 'blastp: 2.16.0+'
[08:38:45] Looking for 'cmpress' - found /home/joao_facio/miniconda3/envs/prokka/bin/cmpress
[08:38:45] Determined cmpress version is 001001 from '# INFERNAL 1.1.5 (Sep 2023)'
[08:38:45] Looking for 'cmscan' - found /home/joao_facio/miniconda3/envs/prokka/bin/cmscan
[08:38:45] Determined cmscan version is 001001 from '# INFERNAL 1.1.5 (Sep 2023)'
[08:38:45] Looking for 'egrep' - found /usr/bin/egrep
[08:38:45] Looking for 'find' - found /usr/bin/find
[08:38:45] Looking for 'grep' - found /usr/bin/grep
[08:38:45] Looking for 'hmmpress' - found /home/joao_facio/miniconda3/envs/prokka/bin/hmmpress
[08:38:45] Determined hmmpress version is 003004 from '# HMMER 3.4 (Aug 2023); http://hmmer.org/'
[08:38:45] Looking for 'hmmscan' - found /home/joao_facio/miniconda3/envs/prokka/bin/hmmscan
[08:38:45] Determined hmmscan version is 003004 from '# HMMER 3.4 (Aug 2023); http://hmmer.org/'
[08:38:45] Looking for 'java' - found /home/joao_facio/miniconda3/envs/prokka/bin/java
[08:38:45] Looking for 'makeblastdb' - found /home/joao_facio/miniconda3/envs/prokka/bin/makeblastdb
[08:38:45] Determined makeblastdb version is 002016 from 'makeblastdb: 2.16.0+'
[08:38:45] Looking for 'minced' - found /home/joao_facio/miniconda3/envs/prokka/bin/minced
[08:38:45] Determined minced version is 004002 from 'minced 0.4.2'
[08:38:45] Looking for 'parallel' - found /home/joao_facio/miniconda3/envs/prokka/bin/parallel
[08:38:45] Determined parallel version is 20251122 from 'GNU parallel 20251122'
[08:38:45] Looking for 'prodigal' - found /home/joao_facio/miniconda3/envs/prokka/bin/prodigal
[08:38:45] Determined prodigal version is 002006 from 'Prodigal V2.6.3: February, 2016'
[08:38:45] Looking for 'prokka-genbank_to_fasta_db' - found /home/joao_facio/miniconda3/envs/prokka/bin/prokka-genbank_to_fasta_db
[08:38:45] Looking for 'sed' - found /usr/bin/sed
[08:38:45] Looking for 'tbl2asn' - found /home/joao_facio/miniconda3/envs/prokka/bin/tbl2asn
[08:38:45] Determined tbl2asn version is 025007 from 'tbl2asn 25.7   arguments:'
[08:38:45] Using genetic code table 11.
[08:38:45] Loading and checking input file: /tmp/tmp6gns85ah/GOMC.bin.9744.fa
[08:38:45] Wrote 297 contigs totalling 5311956 bp.
[08:38:45] Predicting tRNAs and tmRNAs
[08:38:45] Running: aragorn -l -gc11  -w \.\.\/\.\.\/Data\/Chen_Analysis\/Prokka\/Bacteria\/GOMC\.bin\.9744\/GOMC\.bin\.9744\.fna
[08:38:46] 1 tRNA-Gln c[393,464] 33 (ttg)
[08:38:46] 1 tRNA-Ser c[7126,7215] 36 (tga)
[08:38:46] 1 tRNA-Pro c[38,111] 35 (cgg)
[08:38:46] 1 tRNA-Phe c[40,112] 34 (gaa)
[08:38:46] 1 tRNA-Arg [3578,3651] 35 (acg)
[08:38:46] 2 tRNA-Gly c[5981,6052] 33 (gcc)
[08:38:46] 1 tRNA-Arg c[27818,27893] 36 (tct)
[08:38:46] 1 tRNA-Thr c[1556,1629] 34 (tgt)
[08:38:46] 1 tRNA-Ser [6707,6797] 36 (gct)
[08:38:46] 1 tRNA-Leu c[40,120] 35 (gag)
[08:38:46] 1 tRNA-His [11463,11536] 34 (gtg)
[08:38:46] 1 tRNA-Arg c[222,296] 35 (cct)
[08:38:46] 1 tRNA-Met [14090,14165] 36 (cat)
[08:38:46] 2 tRNA-Val [23201,23273] 34 (tac)
[08:38:46] 1 tRNA-Pro c[38,111] 35 (tgg)
[08:38:46] 2 tRNA-Tyr [41038,41119] 35 (gta)
[08:38:46] 3 tRNA-Thr [41171,41242] 33 (ggt)
[08:38:46] 1 tRNA-Asp [3974,4050] 37 (gtc)
[08:38:46] 2 tRNA-Met [4051,4126] 34 (cat)
[08:38:46] 3 tRNA-Trp [4130,4203] 33 (cca)
[08:38:46] 1 tRNA-Ala [9814,9886] 34 (ggc)
[08:38:46] 1 tRNA-Leu c[176,259] 35 (cag)
[08:38:46] 1 tRNA-Lys [7369,7442] 34 (ttt)
[08:38:46] 1 tRNA-Trp [44953,45027] 35 (cca)
[08:38:46] 1 tRNA-Thr [3070,3141] 33 (cgt)
[08:38:46] 1 tRNA-Ala [21227,21301] 35 (cgc)
[08:38:46] 1 tRNA-Glu [17,92] 36 (ttc)
[08:38:46] 2 tRNA-Gln [152,227] 34 (ttg)
[08:38:46] 3 tRNA-Lys [244,319] 34 (ttt)
[08:38:46] 1 tRNA-Ala c[59,133] 35 (tgc)
[08:38:46] 1 tRNA-Ser [114040,114129] 36 (gga)
[08:38:46] 1 tRNA-Asp c[8478,8551] 35 (gtc)
[08:38:46] 1 tRNA-Asn c[31774,31845] 33 (gtt)
[08:38:46] 1 tRNA-Arg [2089,2161] 34 (ccg)
[08:38:46] 1 tRNA-Met [5679,5755] 35 (cat)
[08:38:46] 1 tRNA-Leu c[30,111] 35 (caa)
[08:38:46] 1 tRNA-Pro [17467,17540] 35 (ggg)
[08:38:46] 1 tRNA-Lys c[38,113] 34 (ctt)
[08:38:46] 1 tRNA-Cys [2639,2710] 33 (gca)
[08:38:46] 1 tRNA-Glu [21771,21843] 35 (ttc)
[08:38:46] 1 tRNA-Glu [17,91] 36 (ttc)
[08:38:46] 2 tRNA-Arg [117,193] 36 (acg)
[08:38:46] tRNA [195,293] is a pseudo/wacky gene - skipping.
[08:38:46] 4 tRNA-Gln [326,402] 34 (ttg)
[08:38:46] 5 tRNA-Lys [415,490] 34 (ttt)
[08:38:46] 1 tRNA-Val c[13470,13543] 35 (gac)
[08:38:46] 1 tRNA-Met [2539,2611] 33 (cat)
[08:38:46] 1 tmRNA [51850,52235] 100,147 ANNIVPFARKAAAVA*
[08:38:46] Found 47 tRNAs
[08:38:46] Predicting Ribosomal RNAs
[08:38:46] Running Barrnap with 4 threads
[08:38:47] Found 0 rRNAs
[08:38:47] Skipping ncRNA search, enable with --rfam if desired.
[08:38:47] Total of 46 tRNA + rRNA features
[08:38:47] Searching for CRISPR repeats
[08:38:47] CRISPR1 k63_57490 79 with 28 spacers
[08:38:47] CRISPR2 k63_57550 77 with 9 spacers
[08:38:47] CRISPR3 k63_42838 2964 with 7 spacers
[08:38:47] CRISPR4 k63_44335 71 with 9 spacers
[08:38:47] CRISPR5 k63_59047 62304 with 9 spacers
[08:38:47] CRISPR6 k63_85290 73 with 5 spacers
[08:38:47] CRISPR7 k63_110764 5522 with 5 spacers
[08:38:47] CRISPR8 k63_87786 20997 with 8 spacers
[08:38:47] Found 8 CRISPRs
[08:38:47] Predicting coding sequences
[08:38:47] Contigs total 5311956 bp, so using single mode
[08:38:47] Running: prodigal -i \.\.\/\.\.\/Data\/Chen_Analysis\/Prokka\/Bacteria\/GOMC\.bin\.9744\/GOMC\.bin\.9744\.fna -c -m -g 11 -p single -f sco -q
[08:38:50] Excluding CDS which overlaps existing RNA (repeat_region) at k63_57490:193..348 on - strand
[08:38:50] Excluding CDS which overlaps existing RNA (tRNA) at k63_25574:14124..14270 on - strand
[08:38:50] Excluding CDS which overlaps existing RNA (tRNA) at k63_98480:41164..42510 on + strand
[08:38:50] Excluding CDS which overlaps existing RNA (tRNA) at k63_50051:7347..7442 on - strand
[08:38:50] Excluding CDS which overlaps existing RNA (repeat_region) at k63_42838:2936..3085 on + strand
[08:38:50] Excluding CDS which overlaps existing RNA (repeat_region) at k63_44335:140..259 on + strand
[08:38:50] Excluding CDS which overlaps existing RNA (repeat_region) at k63_59047:62164..62334 on - strand
[08:38:50] Excluding CDS which overlaps existing RNA (repeat_region) at k63_59047:62726..62917 on + strand
[08:38:50] Excluding CDS which overlaps existing RNA (tRNA) at k63_109382:8542..8739 on - strand
[08:38:50] Excluding CDS which overlaps existing RNA (tRNA) at k63_11292:90..965 on - strand
[08:38:51] Excluding CDS which overlaps existing RNA (repeat_region) at k63_87786:21066..21218 on - strand
[08:38:51] Found 4685 CDS
[08:38:51] Connecting features back to sequences
[08:38:51] Not using genus-specific database. Try --usegenus to enable it.
[08:38:51] Annotating CDS, please be patient.
[08:38:51] Will use 4 CPUs for similarity searching.
[08:38:51] There are still 4685 unannotated CDS left (started with 4685)
[08:38:51] Will use blast to search against /home/joao_facio/miniconda3/envs/prokka/db/kingdom/Bacteria/IS with 4 CPUs
[08:38:51] Running: cat \.\.\/\.\.\/Data\/Chen_Analysis\/Prokka\/Bacteria\/GOMC\.bin\.9744\/GOMC\.bin\.9744\.IS\.tmp\.3278526\.faa | parallel --gnu --plain -j 4 --block 192609 --recstart '>' --pipe blastp -query - -db /home/joao_facio/miniconda3/envs/prokka/db/kingdom/Bacteria/IS -evalue 1e-30 -qcov_hsp_perc 90 -num_threads 1 -num_descriptions 1 -num_alignments 1 -seg no > \.\.\/\.\.\/Data\/Chen_Analysis\/Prokka\/Bacteria\/GOMC\.bin\.9744\/GOMC\.bin\.9744\.IS\.tmp\.3278526\.blast 2> /dev/null
[08:39:06] Deleting unwanted file: ../../Data/Chen_Analysis/Prokka/Bacteria/GOMC.bin.9744/GOMC.bin.9744.IS.tmp.3278526.faa
[08:39:06] Deleting unwanted file: ../../Data/Chen_Analysis/Prokka/Bacteria/GOMC.bin.9744/GOMC.bin.9744.IS.tmp.3278526.blast
[08:39:07] There are still 4664 unannotated CDS left (started with 4685)
[08:39:07] Will use blast to search against /home/joao_facio/miniconda3/envs/prokka/db/kingdom/Bacteria/AMR with 4 CPUs
[08:39:07] Running: cat \.\.\/\.\.\/Data\/Chen_Analysis\/Prokka\/Bacteria\/GOMC\.bin\.9744\/GOMC\.bin\.9744\.AMR\.tmp\.3278526\.faa | parallel --gnu --plain -j 4 --block 192018 --recstart '>' --pipe blastp -query - -db /home/joao_facio/miniconda3/envs/prokka/db/kingdom/Bacteria/AMR -evalue 1e-300 -qcov_hsp_perc 90 -num_threads 1 -num_descriptions 1 -num_alignments 1 -seg no > \.\.\/\.\.\/Data\/Chen_Analysis\/Prokka\/Bacteria\/GOMC\.bin\.9744\/GOMC\.bin\.9744\.AMR\.tmp\.3278526\.blast 2> /dev/null
[08:39:19] Deleting unwanted file: ../../Data/Chen_Analysis/Prokka/Bacteria/GOMC.bin.9744/GOMC.bin.9744.AMR.tmp.3278526.faa
[08:39:19] Deleting unwanted file: ../../Data/Chen_Analysis/Prokka/Bacteria/GOMC.bin.9744/GOMC.bin.9744.AMR.tmp.3278526.blast
[08:39:19] There are still 4664 unannotated CDS left (started with 4685)
[08:39:19] Will use blast to search against /home/joao_facio/miniconda3/envs/prokka/db/kingdom/Bacteria/sprot with 4 CPUs
[08:39:19] Running: cat \.\.\/\.\.\/Data\/Chen_Analysis\/Prokka\/Bacteria\/GOMC\.bin\.9744\/GOMC\.bin\.9744\.sprot\.tmp\.3278526\.faa | parallel --gnu --plain -j 4 --block 192018 --recstart '>' --pipe blastp -query - -db /home/joao_facio/miniconda3/envs/prokka/db/kingdom/Bacteria/sprot -evalue 1e-09 -qcov_hsp_perc 80 -num_threads 1 -num_descriptions 1 -num_alignments 1 -seg no > \.\.\/\.\.\/Data\/Chen_Analysis\/Prokka\/Bacteria\/GOMC\.bin\.9744\/GOMC\.bin\.9744\.sprot\.tmp\.3278526\.blast 2> /dev/null
[08:40:23] Modify product: Putative S-adenosyl-L-methionine-dependent methyltransferase Rv0893c => Putative S-adenosyl-L-methionine-dependent methyltransferase
[08:40:23] Modify product: Rqc2 homolog RqcH => Rqc2 RqcH
[08:40:23] Modify product: Uncharacterized protein Rv1829 => putative protein
[08:40:23] Modify product: PKHD-type hydroxylase Sbal_3634 => PKHD-type hydroxylase
[08:40:23] Modify product: Uncharacterized oxidoreductase CzcO => putative oxidoreductase CzcO
[08:40:23] Modify product: Probable glutaredoxin ssr2061 => putative glutaredoxin
[08:40:23] Modify product: Uncharacterized protein Rv2307c => putative protein
[08:40:23] Modify product: Probable phosphite transport system-binding protein HtxB => putative phosphite transport system-binding protein HtxB
[08:40:23] Modify product: Probable phosphite transport system-binding protein PtxB => putative phosphite transport system-binding protein PtxB
[08:40:23] Modify product: Probable cytochrome c oxidase subunit 3 => putative cytochrome c oxidase subunit 3
[08:40:24] Modify product: Probable cysteine desulfurase => putative cysteine desulfurase
[08:40:24] Modify product: Probable ATP-dependent transporter SufC => putative ATP-dependent transporter SufC
[08:40:24] Modify product: Uncharacterized N-acetyltransferase YsnE => putative N-acetyltransferase YsnE
[08:40:24] Modify product: Probable ABC transporter phosphonate/phosphite binding protein PhnD2 => putative ABC transporter phosphonate/phosphite binding protein PhnD2
[08:40:24] Modify product: Uncharacterized membrane protein YdfK => putative membrane protein YdfK
[08:40:24] Modify product: Universal stress protein A homolog 2 => Universal stress protein A 
[08:40:24] Modify product: Uncharacterized PIN and TRAM-domain containing protein YacL => putative PIN and TRAM-domain containing protein YacL
[08:40:24] Modify product: Uncharacterized ABC transporter ATP-binding protein YheS => putative ABC transporter ATP-binding protein YheS
[08:40:24] Modify product: Probable hydrolase YcaC => putative hydrolase YcaC
[08:40:24] Modify product: Probable transcriptional regulatory protein aq_1575 => putative transcriptional regulatory protein
[08:40:24] Modify product: Putative low molecular weight protein-tyrosine-phosphatase slr0328 => Putative low molecular weight protein-tyrosine-phosphatase
[08:40:24] Modify product: Probable multidrug resistance ABC transporter ATP-binding/permease protein YheI => putative multidrug resistance ABC transporter ATP-binding/permease protein YheI
[08:40:24] Modify product: 1,4-alpha-glucan branching enzyme TTHA1902 => 1,4-alpha-glucan branching enzyme
[08:40:24] Modify product: Probable peptidoglycan glycosyltransferase FtsW => putative peptidoglycan glycosyltransferase FtsW
[08:40:24] Modify product: Uncharacterized protein Rv2067c => putative protein
[08:40:24] Modify product: Uncharacterized zinc protease Rv2782c => putative zinc protease
[08:40:24] Modify product: Uncharacterized zinc protease Rv2782c => putative zinc protease
[08:40:24] Modify product: Uncharacterized protein alr4550 => putative protein
[08:40:24] Modify product: Uncharacterized protein alr4550 => putative protein
[08:40:24] Modify product: Uncharacterized MFS-type transporter YfcJ => putative MFS-type transporter YfcJ
[08:40:24] Modify product: Probable adenylyl-sulfate kinase => putative adenylyl-sulfate kinase
[08:40:24] Modify product: Probable CtpA-like serine protease => putative CtpA-like serine protease
[08:40:24] Modify product: Probable BsuMI modification methylase subunit YdiO => putative BsuMI modification methylase subunit YdiO
[08:40:24] Modify product: Thioredoxin-like protein slr0233 => Thioredoxin-like protein
[08:40:24] Modify product: UPF0382 membrane protein YwdK => hypothetical protein
[08:40:24] Modify product: Probable phycoerythrobilin lyase CpeT => putative phycoerythrobilin lyase CpeT
[08:40:24] Modify product: Probable serine/threonine-protein kinase PkwA => putative serine/threonine-protein kinase PkwA
[08:40:24] Modify product: Uncharacterized phycocyanin operon protein Z => putative phycocyanin operon protein Z
[08:40:24] Modify product: Probable 2-phosphosulfolactate phosphatase => putative 2-phosphosulfolactate phosphatase
[08:40:24] Modify product: GTP-binding protein TypA/BipA homolog => GTP-binding protein TypA/BipA 
[08:40:24] Modify product: Glycine betaine/proline/choline transporter VP1723 => Glycine betaine/proline/choline transporter
[08:40:24] Modify product: Probable RNA 2'-phosphotransferase => putative RNA 2'-phosphotransferase
[08:40:24] Modify product: Uncharacterized MFS-type transporter YhjX => putative MFS-type transporter YhjX
[08:40:24] Modify product: Putative anti-sigma factor antagonist TM_1442 => Putative anti-sigma factor antagonist
[08:40:24] Modify product: Glycogen operon protein GlgX homolog => Glycogen operon protein GlgX 
[08:40:24] Modify product: Putative cystathionine beta-synthase Rv1077 => Putative cystathionine beta-synthase
[08:40:24] Modify product: Uncharacterized protein M6_Spy0233 => putative protein
[08:40:24] Modify product: Uncharacterized protein M6_Spy0233 => putative protein
[08:40:24] Modify product: Uncharacterized protein M6_Spy0233 => putative protein
[08:40:24] Modify product: Uncharacterized protein YciO => putative protein YciO
[08:40:24] Modify product: Uncharacterized ABC transporter ATP-binding protein TM_0288 => putative ABC transporter ATP-binding protein
[08:40:24] Modify product: Uncharacterized protein YqeN => putative protein YqeN
[08:40:24] Modify product: Monocarboxylate 2-oxoacid-binding periplasmic protein all3028 => Monocarboxylate 2-oxoacid-binding periplasmic protein
[08:40:24] Modify product: Probable murein peptide carboxypeptidase => putative murein peptide carboxypeptidase
[08:40:24] Modify product: Uncharacterized protein YcbX => putative protein YcbX
[08:40:24] Modify product: Probable xanthine dehydrogenase subunit A => putative xanthine dehydrogenase subunit A
[08:40:24] Modify product: Bifunctional protein FolD => Bifunctional protein FolD protein
[08:40:24] Modify product: Phosphorylated carbohydrates phosphatase TM_1254 => Phosphorylated carbohydrates phosphatase
[08:40:24] Modify product: Uncharacterized oxidoreductase MSMEG_1603/MSMEI_1564 => putative oxidoreductase/MSMEI_1564
[08:40:24] Modify product: Epimerase family protein SA0724 => Epimerase family protein
[08:40:24] Modify product: Phosphate-specific transport system accessory protein PhoU homolog => Phosphate-specific transport system accessory protein PhoU 
[08:40:24] Modify product: Uncharacterized protein YqgN => putative protein YqgN
[08:40:24] Modify product: Probable lipid II flippase MurJ => putative lipid II flippase MurJ
[08:40:24] Modify product: Probable nicotinate-nucleotide pyrophosphorylase [carboxylating] => putative nicotinate-nucleotide pyrophosphorylase [carboxylating]
[08:40:24] Modify product: Uncharacterized zinc protease Rv2782c => putative zinc protease
[08:40:24] Modify product: Phage shock protein A homolog => Phage shock protein A 
[08:40:24] Modify product: Phage shock protein A homolog => Phage shock protein A 
[08:40:24] Modify product: Uncharacterized membrane protein Rv2637 => putative membrane protein
[08:40:24] Modify product: Probable phosphite transport system-binding protein PtxB => putative phosphite transport system-binding protein PtxB
[08:40:24] Modify product: Uncharacterized HTH-type transcriptional regulator YtcD => putative HTH-type transcriptional regulator YtcD
[08:40:24] Modify product: Probable ABC transporter permease protein HI_1471 => putative ABC transporter permease protein
[08:40:24] Modify product: UPF0053 protein Rv2366c => hypothetical protein
[08:40:24] Modify product: Uncharacterized protein Rv2030c => putative protein
[08:40:24] Modify product: Probable peptidyl-prolyl cis-trans isomerase => putative peptidyl-prolyl cis-trans isomerase
[08:40:24] Modify product: Uncharacterized protein Rv0628c => putative protein
[08:40:24] Modify product: Monocarboxylate 2-oxoacid-binding periplasmic protein all3028 => Monocarboxylate 2-oxoacid-binding periplasmic protein
[08:40:24] Modify product: Probable undecaprenyl-phosphate N-acetylglucosaminyl 1-phosphate transferase => putative undecaprenyl-phosphate N-acetylglucosaminyl 1-phosphate transferase
[08:40:24] Modify product: Uncharacterized FAD-linked oxidoreductase Rv2280 => putative FAD-linked oxidoreductase
[08:40:24] Modify product: Uncharacterized oxidoreductase SA2266 => putative oxidoreductase
[08:40:24] Modify product: Carbon dioxide-concentrating mechanism protein CcmK homolog 1 => Carbon dioxide-concentrating mechanism protein CcmK 
[08:40:24] Modify product: Probable chaperone CsaA => putative chaperone CsaA
[08:40:24] Modify product: Uncharacterized oxidoreductase Rv2298 => putative oxidoreductase
[08:40:24] Modify product: Probable ferredoxin/ferredoxin--NADP reductase => putative ferredoxin/ferredoxin--NADP reductase
[08:40:24] Modify product: Vitamin K epoxide reductase homolog => Vitamin K epoxide reductase 
[08:40:24] Modify product: Probable 30S ribosomal protein PSRP-3 => putative 30S ribosomal protein PSRP-3
[08:40:24] Modify product: Protein aq_1857 => Protein
[08:40:24] Modify product: Probable nicotinate-nucleotide adenylyltransferase => putative nicotinate-nucleotide adenylyltransferase
[08:40:24] Modify product: Uncharacterized ABC transporter ATP-binding protein TM_0288 => putative ABC transporter ATP-binding protein
[08:40:24] Modify product: UPF0234 protein XC_3703 => hypothetical protein
[08:40:24] Modify product: Probable adenylyltransferase/sulfurtransferase MoeZ => putative adenylyltransferase/sulfurtransferase MoeZ
[08:40:24] Modify product: Probable copper-transporting ATPase PacS => putative copper-transporting ATPase PacS
[08:40:24] Modify product: Probable serine/threonine-protein kinase PkwA => putative serine/threonine-protein kinase PkwA
[08:40:24] Modify product: Uncharacterized protein slr1565 => putative protein
[08:40:24] Modify product: Probable dual-specificity RNA methyltransferase RlmN => putative dual-specificity RNA methyltransferase RlmN
[08:40:24] Modify product: Probable helicase HelY => putative helicase HelY
[08:40:24] Modify product: Uncharacterized protein Rv0502 => putative protein
[08:40:24] Modify product: Probable cytosol aminopeptidase => putative cytosol aminopeptidase
[08:40:24] Modify product: Putative multidrug export ATP-binding/permease protein SAV1866 => Putative multidrug export ATP-binding/permease protein
[08:40:24] Modify product: Probable dolichyl-phosphate-mannose--protein mannosyltransferase => putative dolichyl-phosphate-mannose--protein mannosyltransferase
[08:40:24] Modify product: Uncharacterized protein Rv2715 => putative protein
[08:40:24] Modify product: RutC family protein HI_0719 => RutC family protein
[08:40:24] Modify product: Uncharacterized protein Rv2569c => putative protein
[08:40:24] Modify product: Uncharacterized protein Rv2411c => putative protein
[08:40:24] Modify product: Carbon dioxide-concentrating mechanism protein CcmK homolog 4 => Carbon dioxide-concentrating mechanism protein CcmK 
[08:40:24] Modify product: Probable ketoamine kinase lp_1983 => putative ketoamine kinase
[08:40:24] Modify product: Uncharacterized zinc protease Rv2782c => putative zinc protease
[08:40:24] Modify product: Uncharacterized ABC transporter ATP-binding protein YknY => putative ABC transporter ATP-binding protein YknY
[08:40:24] Modify product: Probable serine/threonine-protein kinase PkwA => putative serine/threonine-protein kinase PkwA
[08:40:24] Modify product: UPF0053 protein Rv1842c => hypothetical protein
[08:40:24] Modify product: Peptidoglycan-N-acetylglucosamine deacetylase BC_3618 => Peptidoglycan-N-acetylglucosamine deacetylase
[08:40:24] Modify product: Probable ABC transporter-binding protein DR_1571 => putative ABC transporter-binding protein
[08:40:24] Modify product: Uncharacterized glycosyltransferase sll0501 => putative glycosyltransferase
[08:40:24] Modify product: Universal stress protein A homolog 2 => Universal stress protein A 
[08:40:24] Modify product: Monocarboxylate 2-oxoacid-binding periplasmic protein all3028 => Monocarboxylate 2-oxoacid-binding periplasmic protein
[08:40:24] Modify product: Probable ABC transporter phosphonate/phosphite binding protein PhnD2 => putative ABC transporter phosphonate/phosphite binding protein PhnD2
[08:40:24] Modify product: Probable flavin reductase => putative flavin reductase
[08:40:24] Modify product: Putative universal stress protein SA1532 => Putative universal stress protein
[08:40:24] Modify product: Putative cystathionine beta-synthase Rv1077 => Putative cystathionine beta-synthase
[08:40:24] Modify product: Uncharacterized HTH-type transcriptional regulator YybR => putative HTH-type transcriptional regulator YybR
[08:40:25] Modify product: Probable cyclic di-GMP phosphodiesterase VC_1348 => putative cyclic di-GMP phosphodiesterase
[08:40:25] Modify product: Uncharacterized protein Rv3633 => putative protein
[08:40:25] Modify product: Uncharacterized oxidoreductase Rv2298 => putative oxidoreductase
[08:40:25] Modify product: Putative S-adenosyl-L-methionine-dependent methyltransferase Rv0893c => Putative S-adenosyl-L-methionine-dependent methyltransferase
[08:40:25] Modify product: Putative multidrug export ATP-binding/permease protein SAV1866 => Putative multidrug export ATP-binding/permease protein
[08:40:25] Modify product: Probable iron export permease protein FetB => putative iron export permease protein FetB
[08:40:25] Modify product: Probable iron export ATP-binding protein FetA => putative iron export ATP-binding protein FetA
[08:40:25] Modify product: UPF0145 protein YbjQ => hypothetical protein
[08:40:25] Modify product: Membrane-associated protein slr1513 => Membrane-associated protein
[08:40:25] Cleaned 128 /product names
[08:40:25] Deleting unwanted file: ../../Data/Chen_Analysis/Prokka/Bacteria/GOMC.bin.9744/GOMC.bin.9744.sprot.tmp.3278526.faa
[08:40:25] Deleting unwanted file: ../../Data/Chen_Analysis/Prokka/Bacteria/GOMC.bin.9744/GOMC.bin.9744.sprot.tmp.3278526.blast
[08:40:25] There are still 3265 unannotated CDS left (started with 4685)
[08:40:25] Will use hmmer3 to search against /home/joao_facio/miniconda3/envs/prokka/db/hmm/HAMAP.hmm with 4 CPUs
[08:40:25] Running: cat \.\.\/\.\.\/Data\/Chen_Analysis\/Prokka\/Bacteria\/GOMC\.bin\.9744\/GOMC\.bin\.9744\.HAMAP\.hmm\.tmp\.3278526\.faa | parallel --gnu --plain -j 4 --block 129444 --recstart '>' --pipe hmmscan --noali --notextw --acc -E 1e-09 --cpu 1 /home/joao_facio/miniconda3/envs/prokka/db/hmm/HAMAP.hmm /dev/stdin > \.\.\/\.\.\/Data\/Chen_Analysis\/Prokka\/Bacteria\/GOMC\.bin\.9744\/GOMC\.bin\.9744\.HAMAP\.hmm\.tmp\.3278526\.hmmer3 2> /dev/null
[08:40:49] Deleting unwanted file: ../../Data/Chen_Analysis/Prokka/Bacteria/GOMC.bin.9744/GOMC.bin.9744.HAMAP.hmm.tmp.3278526.faa
[08:40:49] Deleting unwanted file: ../../Data/Chen_Analysis/Prokka/Bacteria/GOMC.bin.9744/GOMC.bin.9744.HAMAP.hmm.tmp.3278526.hmmer3
[08:40:49] Labelling remaining 2717 proteins as 'hypothetical protein'
[08:40:49] Possible /pseudo 'Sensor histidine kinase RcsC' at k63_32285 position 31116
[08:40:49] Possible /pseudo 'Sensor histidine kinase RcsC' at k63_32285 position 33326
[08:40:49] Possible /pseudo 'putative zinc protease' at k63_32285 position 80519
[08:40:49] Possible /pseudo 'IS701 family transposase ISMae34' at k63_80705 position 1063
[08:40:49] Possible /pseudo 'putative protein' at k63_113076 position 6724
[08:40:49] Possible /pseudo 'IS630 family transposase ISMae26' at k63_56680 position 553
[08:40:49] Possible /pseudo 'Sensor histidine kinase RcsC' at k63_73505 position 1724
[08:40:49] Possible /pseudo 'Sensor histidine kinase RcsC' at k63_33980 position 15612
[08:40:49] Possible /pseudo 'Undecaprenyl-phosphate 4-deoxy-4-formamido-L-arabinose transferase' at k63_1514 position 11402
[08:40:49] Possible /pseudo 'Aerobic cobaltochelatase subunit CobN' at k63_1587 position 8079
[08:40:49] Possible /pseudo 'Bacterioferritin' at k63_9000 position 28047
[08:40:49] Possible /pseudo 'Phage shock protein A ' at k63_34167 position 6464
[08:40:49] Possible /pseudo 'Validamycin A dioxygenase' at k63_34167 position 63478
[08:40:49] Possible /pseudo 'putative protein' at k63_58157 position 17372
[08:40:49] Possible /pseudo 'putative protein' at k63_58157 position 18074
[08:40:49] Possible /pseudo 'Sensor histidine kinase RcsC' at k63_66439 position 13907
[08:40:49] Possible /pseudo 'IS4 family transposase ISSysp2' at k63_74416 position 5276
[08:40:49] Possible /pseudo 'D-inositol-3-phosphate glycosyltransferase' at k63_58289 position 31453
[08:40:49] Possible /pseudo 'Sensor histidine kinase RcsC' at k63_2486 position 4806
[08:40:49] Possible /pseudo 'Tol-Pal system protein TolB' at k63_2772 position 17381
[08:40:49] Possible /pseudo 'Sensor histidine kinase RcsC' at k63_26612 position 7782
[08:40:49] Possible /pseudo 'Glycine betaine-binding periplasmic protein OusX' at k63_91692 position 8792
[08:40:49] Possible /pseudo 'Sensor histidine kinase RcsC' at k63_59031 position 4923
[08:40:49] Possible /pseudo 'Sensor histidine kinase RcsC' at k63_75922 position 13458
[08:40:49] Possible /pseudo 'Sensor histidine kinase RcsC' at k63_75922 position 14551
[08:40:49] Possible /pseudo 'ATP-dependent Clp protease proteolytic subunit' at k63_59047 position 76131
[08:40:49] Possible /pseudo 'Glycine betaine-binding periplasmic protein OusX' at k63_92254 position 9576
[08:40:49] Possible /pseudo 'Cytochrome c-550' at k63_109382 position 15047
[08:40:49] Possible /pseudo 'Sensor histidine kinase RcsC' at k63_92309 position 7979
[08:40:49] Possible /pseudo 'Sensor histidine kinase RcsC' at k63_51543 position 7511
[08:40:49] Possible /pseudo 'Sensor histidine kinase RcsC' at k63_51543 position 8823
[08:40:49] Possible /pseudo 'Photosystem II CP43 reaction center protein' at k63_51581 position 9744
[08:40:49] Possible /pseudo 'Photosystem II CP43 reaction center protein' at k63_51581 position 10790
[08:40:49] Possible /pseudo 'Delta(12)-fatty-acid desaturase' at k63_85290 position 14928
[08:40:49] Possible /pseudo 'NAD(P) transhydrogenase subunit alpha' at k63_85290 position 34118
[08:40:49] Possible /pseudo 'Sensor histidine kinase RcsC' at k63_69024 position 26996
[08:40:49] Possible /pseudo '3-oxoacyl-[acyl-carrier-protein] synthase 3' at k63_52587 position 11371
[08:40:49] Possible /pseudo 'Sensor histidine kinase RcsC' at k63_29137 position 41043
[08:40:49] Possible /pseudo 'Serine/threonine-protein kinase PknD' at k63_47023 position 20472
[08:40:49] Possible /pseudo 'Nitrogen regulatory protein P-II' at k63_37930 position 14811
[08:40:49] Possible /pseudo 'Sensor histidine kinase RcsC' at k63_13439 position 11014
[08:40:49] Possible /pseudo 'D-alanine--D-alanyl carrier protein ligase' at k63_30323 position 16769
[08:40:49] Possible /pseudo 'Tn3 family transposase ISNpu13' at k63_53955 position 6877
[08:40:49] Possible /pseudo 'Tn3 family transposase ISNpu13' at k63_53955 position 8506
[08:40:49] Possible /pseudo 'D-inositol-3-phosphate glycosyltransferase' at k63_87885 position 14889
[08:40:49] Possible /pseudo 'Sensor histidine kinase RcsC' at k63_39453 position 18983
[08:40:49] Possible /pseudo 'Sensor histidine kinase RcsC' at k63_39453 position 21430
[08:40:49] Possible /pseudo 'D-inositol-3-phosphate glycosyltransferase' at k63_95930 position 14808
[08:40:49] Possible /pseudo 'GDP-L-fucose synthase' at k63_95930 position 21330
[08:40:49] Found 1266 unique /gene codes.
[08:40:49] Fixed 2 duplicate /gene - gpmA_1 gpmA_2
[08:40:49] Fixed 3 duplicate /gene - htpX_1 htpX_2 htpX_3
[08:40:49] Fixed 4 duplicate /gene - der_1 der_2 der_3 der_4
[08:40:49] Fixed 2 duplicate /gene - mnmG_1 mnmG_2
[08:40:49] Fixed 2 duplicate /gene - gvpA_1 gvpA_2
[08:40:49] Fixed 2 duplicate /gene - fabF_1 fabF_2
[08:40:49] Fixed 2 duplicate /gene - scmP_1 scmP_2
[08:40:49] Fixed 5 duplicate /gene - ousX_1 ousX_2 ousX_3 ousX_4 ousX_5
[08:40:49] Fixed 3 duplicate /gene - todS_1 todS_2 todS_3
[08:40:49] Fixed 2 duplicate /gene - malP_1 malP_2
[08:40:49] Fixed 2 duplicate /gene - mfd_1 mfd_2
[08:40:49] Fixed 2 duplicate /gene - msbA_1 msbA_2
[08:40:49] Fixed 2 duplicate /gene - tldD_1 tldD_2
[08:40:49] Fixed 3 duplicate /gene - dsbD_1 dsbD_2 dsbD_3
[08:40:49] Fixed 3 duplicate /gene - tolR_1 tolR_2 tolR_3
[08:40:49] Fixed 3 duplicate /gene - pipB2_1 pipB2_2 pipB2_3
[08:40:49] Fixed 4 duplicate /gene - clpP_1 clpP_2 clpP_3 clpP_4
[08:40:49] Fixed 2 duplicate /gene - psbV_1 psbV_2
[08:40:49] Fixed 2 duplicate /gene - tatA_1 tatA_2
[08:40:49] Fixed 4 duplicate /gene - resA_1 resA_2 resA_3 resA_4
[08:40:49] Fixed 20 duplicate /gene - mshA_1 mshA_2 mshA_3 mshA_4 mshA_5 mshA_6 mshA_7 mshA_8 mshA_9 mshA_10 mshA_11 mshA_12 mshA_13 mshA_14 mshA_15 mshA_16 mshA_17 mshA_18 mshA_19 mshA_20
[08:40:49] Fixed 3 duplicate /gene - dppB_1 dppB_2 dppB_3
[08:40:49] Fixed 2 duplicate /gene - phnD2_1 phnD2_2
[08:40:49] Fixed 2 duplicate /gene - sppA_1 sppA_2
[08:40:49] Fixed 2 duplicate /gene - glnA_1 glnA_2
[08:40:49] Fixed 2 duplicate /gene - nadK_1 nadK_2
[08:40:49] Fixed 2 duplicate /gene - dapL_1 dapL_2
[08:40:49] Fixed 2 duplicate /gene - trxA_1 trxA_2
[08:40:49] Fixed 2 duplicate /gene - ygaZ_1 ygaZ_2
[08:40:49] Fixed 2 duplicate /gene - uspA2_1 uspA2_2
[08:40:49] Fixed 2 duplicate /gene - nuoL_1 nuoL_2
[08:40:49] Fixed 3 duplicate /gene - macB_1 macB_2 macB_3
[08:40:49] Fixed 4 duplicate /gene - moaA_1 moaA_2 moaA_3 moaA_4
[08:40:49] Fixed 2 duplicate /gene - pstS_1 pstS_2
[08:40:49] Fixed 3 duplicate /gene - rbn_1 rbn_2 rbn_3
[08:40:49] Fixed 3 duplicate /gene - fabG_1 fabG_2 fabG_3
[08:40:49] Fixed 2 duplicate /gene - rpsA_1 rpsA_2
[08:40:49] Fixed 8 duplicate /gene - COQ5_1 COQ5_2 COQ5_3 COQ5_4 COQ5_5 COQ5_6 COQ5_7 COQ5_8
[08:40:49] Fixed 2 duplicate /gene - desV_1 desV_2
[08:40:49] Fixed 2 duplicate /gene - adk_1 adk_2
[08:40:49] Fixed 2 duplicate /gene - kmo_1 kmo_2
[08:40:49] Fixed 3 duplicate /gene - uvrA_1 uvrA_2 uvrA_3
[08:40:49] Fixed 2 duplicate /gene - prpC_1 prpC_2
[08:40:49] Fixed 3 duplicate /gene - glpE_1 glpE_2 glpE_3
[08:40:49] Fixed 2 duplicate /gene - ccmK_1 ccmK_2
[08:40:49] Fixed 2 duplicate /gene - rarD_1 rarD_2
[08:40:49] Fixed 3 duplicate /gene - dnaK_1 dnaK_2 dnaK_3
[08:40:49] Fixed 2 duplicate /gene - asnO_1 asnO_2
[08:40:49] Fixed 3 duplicate /gene - glnB_1 glnB_2 glnB_3
[08:40:49] Fixed 2 duplicate /gene - thiL_1 thiL_2
[08:40:49] Fixed 2 duplicate /gene - tagU_1 tagU_2
[08:40:49] Fixed 2 duplicate /gene - mnmC_1 mnmC_2
[08:40:49] Fixed 2 duplicate /gene - rnr_1 rnr_2
[08:40:49] Fixed 2 duplicate /gene - patA_1 patA_2
[08:40:49] Fixed 2 duplicate /gene - mntB_1 mntB_2
[08:40:49] Fixed 3 duplicate /gene - iscS_1 iscS_2 iscS_3
[08:40:49] Fixed 4 duplicate /gene - phoP_1 phoP_2 phoP_3 phoP_4
[08:40:49] Fixed 2 duplicate /gene - spkB_1 spkB_2
[08:40:49] Fixed 4 duplicate /gene - rnc_1 rnc_2 rnc_3 rnc_4
[08:40:49] Fixed 2 duplicate /gene - garR_1 garR_2
[08:40:49] Fixed 2 duplicate /gene - kaiB_1 kaiB_2
[08:40:49] Fixed 2 duplicate /gene - menE_1 menE_2
[08:40:49] Fixed 2 duplicate /gene - yciC_1 yciC_2
[08:40:49] Fixed 2 duplicate /gene - gmd_1 gmd_2
[08:40:49] Fixed 12 duplicate /gene - rssB_1 rssB_2 rssB_3 rssB_4 rssB_5 rssB_6 rssB_7 rssB_8 rssB_9 rssB_10 rssB_11 rssB_12
[08:40:49] Fixed 5 duplicate /gene - ubiB_1 ubiB_2 ubiB_3 ubiB_4 ubiB_5
[08:40:49] Fixed 2 duplicate /gene - pntA_1 pntA_2
[08:40:49] Fixed 5 duplicate /gene - mprA_1 mprA_2 mprA_3 mprA_4 mprA_5
[08:40:49] Fixed 3 duplicate /gene - fcl_1 fcl_2 fcl_3
[08:40:49] Fixed 2 duplicate /gene - cbs_1 cbs_2
[08:40:49] Fixed 2 duplicate /gene - ytrE_1 ytrE_2
[08:40:49] Fixed 2 duplicate /gene - speA_1 speA_2
[08:40:49] Fixed 2 duplicate /gene - nupX_1 nupX_2
[08:40:49] Fixed 2 duplicate /gene - rcp1_1 rcp1_2
[08:40:49] Fixed 3 duplicate /gene - ndbB_1 ndbB_2 ndbB_3
[08:40:49] Fixed 3 duplicate /gene - pleD_1 pleD_2 pleD_3
[08:40:49] Fixed 2 duplicate /gene - ftsH2_1 ftsH2_2
[08:40:49] Fixed 2 duplicate /gene - potA_1 potA_2
[08:40:49] Fixed 2 duplicate /gene - yjiA_1 yjiA_2
[08:40:49] Fixed 2 duplicate /gene - pstB_1 pstB_2
[08:40:49] Fixed 3 duplicate /gene - ndhB_1 ndhB_2 ndhB_3
[08:40:49] Fixed 2 duplicate /gene - fusA_1 fusA_2
[08:40:49] Fixed 2 duplicate /gene - bicA_1 bicA_2
[08:40:49] Fixed 4 duplicate /gene - ndhD1_1 ndhD1_2 ndhD1_3 ndhD1_4
[08:40:49] Fixed 4 duplicate /gene - iolG_1 iolG_2 iolG_3 iolG_4
[08:40:49] Fixed 2 duplicate /gene - apcD_1 apcD_2
[08:40:49] Fixed 2 duplicate /gene - hisB_1 hisB_2
[08:40:49] Fixed 2 duplicate /gene - def_1 def_2
[08:40:49] Fixed 2 duplicate /gene - dcd_1 dcd_2
[08:40:49] Fixed 2 duplicate /gene - ruvB_1 ruvB_2
[08:40:49] Fixed 2 duplicate /gene - proA_1 proA_2
[08:40:49] Fixed 2 duplicate /gene - pds_1 pds_2
[08:40:49] Fixed 2 duplicate /gene - hemH_1 hemH_2
[08:40:49] Fixed 2 duplicate /gene - hhoB_1 hhoB_2
[08:40:49] Fixed 5 duplicate /gene - dltA_1 dltA_2 dltA_3 dltA_4 dltA_5
[08:40:49] Fixed 2 duplicate /gene - yfcG_1 yfcG_2
[08:40:49] Fixed 2 duplicate /gene - desA_1 desA_2
[08:40:49] Fixed 2 duplicate /gene - pyk_1 pyk_2
[08:40:49] Fixed 3 duplicate /gene - soj_1 soj_2 soj_3
[08:40:49] Fixed 2 duplicate /gene - ppiB_1 ppiB_2
[08:40:49] Fixed 3 duplicate /gene - dhaA_1 dhaA_2 dhaA_3
[08:40:49] Fixed 2 duplicate /gene - tolQ_1 tolQ_2
[08:40:49] Fixed 8 duplicate /gene - cpoB_1 cpoB_2 cpoB_3 cpoB_4 cpoB_5 cpoB_6 cpoB_7 cpoB_8
[08:40:49] Fixed 2 duplicate /gene - hisH_1 hisH_2
[08:40:49] Fixed 2 duplicate /gene - vhb_1 vhb_2
[08:40:49] Fixed 2 duplicate /gene - apaH_1 apaH_2
[08:40:49] Fixed 2 duplicate /gene - ppsA_1 ppsA_2
[08:40:49] Fixed 2 duplicate /gene - cysQ_1 cysQ_2
[08:40:49] Fixed 2 duplicate /gene - nfuA_1 nfuA_2
[08:40:49] Fixed 3 duplicate /gene - cugP_1 cugP_2 cugP_3
[08:40:49] Fixed 2 duplicate /gene - cpcG_1 cpcG_2
[08:40:49] Fixed 2 duplicate /gene - pstA_1 pstA_2
[08:40:49] Fixed 3 duplicate /gene - surE_1 surE_2 surE_3
[08:40:49] Fixed 2 duplicate /gene - cysG_1 cysG_2
[08:40:49] Fixed 2 duplicate /gene - dfa3_1 dfa3_2
[08:40:49] Fixed 8 duplicate /gene - dnaJ_1 dnaJ_2 dnaJ_3 dnaJ_4 dnaJ_5 dnaJ_6 dnaJ_7 dnaJ_8
[08:40:49] Fixed 2 duplicate /gene - mshD_1 mshD_2
[08:40:49] Fixed 5 duplicate /gene - mdtA_1 mdtA_2 mdtA_3 mdtA_4 mdtA_5
[08:40:49] Fixed 2 duplicate /gene - merA_1 merA_2
[08:40:49] Fixed 3 duplicate /gene - mnmE_1 mnmE_2 mnmE_3
[08:40:49] Fixed 3 duplicate /gene - lnrL_1 lnrL_2 lnrL_3
[08:40:49] Fixed 39 duplicate /gene - sasA_1 sasA_2 sasA_3 sasA_4 sasA_5 sasA_6 sasA_7 sasA_8 sasA_9 sasA_10 sasA_11 sasA_12 sasA_13 sasA_14 sasA_15 sasA_16 sasA_17 sasA_18 sasA_19 sasA_20 sasA_21 sasA_22 sasA_23 sasA_24 sasA_25 sasA_26 sasA_27 sasA_28 sasA_29 sasA_30 sasA_31 sasA_32 sasA_33 sasA_34 sasA_35 sasA_36 sasA_37 sasA_38 sasA_39
[08:40:49] Fixed 2 duplicate /gene - malQ_1 malQ_2
[08:40:49] Fixed 2 duplicate /gene - kinE_1 kinE_2
[08:40:49] Fixed 2 duplicate /gene - glcK_1 glcK_2
[08:40:49] Fixed 2 duplicate /gene - trmR_1 trmR_2
[08:40:49] Fixed 2 duplicate /gene - pcyA_1 pcyA_2
[08:40:49] Fixed 2 duplicate /gene - nifB_1 nifB_2
[08:40:49] Fixed 6 duplicate /gene - bepA_1 bepA_2 bepA_3 bepA_4 bepA_5 bepA_6
[08:40:49] Fixed 2 duplicate /gene - clcD_1 clcD_2
[08:40:49] Fixed 19 duplicate /gene - ycf3_1 ycf3_2 ycf3_3 ycf3_4 ycf3_5 ycf3_6 ycf3_7 ycf3_8 ycf3_9 ycf3_10 ycf3_11 ycf3_12 ycf3_13 ycf3_14 ycf3_15 ycf3_16 ycf3_17 ycf3_18 ycf3_19
[08:40:49] Fixed 2 duplicate /gene - mrdA_1 mrdA_2
[08:40:49] Fixed 2 duplicate /gene - sir_1 sir_2
[08:40:49] Fixed 2 duplicate /gene - cysH_1 cysH_2
[08:40:49] Fixed 2 duplicate /gene - vapC1_1 vapC1_2
[08:40:49] Fixed 2 duplicate /gene - dxs_1 dxs_2
[08:40:49] Fixed 2 duplicate /gene - novN_1 novN_2
[08:40:49] Fixed 2 duplicate /gene - cysK1_1 cysK1_2
[08:40:49] Fixed 2 duplicate /gene - kefC_1 kefC_2
[08:40:49] Fixed 4 duplicate /gene - psbC_1 psbC_2 psbC_3 psbC_4
[08:40:49] Fixed 2 duplicate /gene - hypA_1 hypA_2
[08:40:49] Fixed 2 duplicate /gene - galE_1 galE_2
[08:40:49] Fixed 3 duplicate /gene - era_1 era_2 era_3
[08:40:49] Fixed 2 duplicate /gene - murL_1 murL_2
[08:40:49] Fixed 2 duplicate /gene - yhdN_1 yhdN_2
[08:40:49] Fixed 2 duplicate /gene - sphR_1 sphR_2
[08:40:49] Fixed 2 duplicate /gene - fbiC_1 fbiC_2
[08:40:49] Fixed 2 duplicate /gene - kaiC_1 kaiC_2
[08:40:49] Fixed 2 duplicate /gene - ribBA_1 ribBA_2
[08:40:49] Fixed 3 duplicate /gene - pkwA_1 pkwA_2 pkwA_3
[08:40:49] Fixed 2 duplicate /gene - pepP_1 pepP_2
[08:40:49] Fixed 2 duplicate /gene - arnT_1 arnT_2
[08:40:49] Fixed 2 duplicate /gene - ptxB_1 ptxB_2
[08:40:49] Fixed 2 duplicate /gene - acoA_1 acoA_2
[08:40:49] Fixed 6 duplicate /gene - tolB_1 tolB_2 tolB_3 tolB_4 tolB_5 tolB_6
[08:40:49] Fixed 25 duplicate /gene - pknD_1 pknD_2 pknD_3 pknD_4 pknD_5 pknD_6 pknD_7 pknD_8 pknD_9 pknD_10 pknD_11 pknD_12 pknD_13 pknD_14 pknD_15 pknD_16 pknD_17 pknD_18 pknD_19 pknD_20 pknD_21 pknD_22 pknD_23 pknD_24 pknD_25
[08:40:49] Fixed 2 duplicate /gene - gltB_1 gltB_2
[08:40:49] Fixed 4 duplicate /gene - egtB_1 egtB_2 egtB_3 egtB_4
[08:40:49] Fixed 2 duplicate /gene - cph1_1 cph1_2
[08:40:49] Fixed 79 duplicate /gene - rcsC_1 rcsC_2 rcsC_3 rcsC_4 rcsC_5 rcsC_6 rcsC_7 rcsC_8 rcsC_9 rcsC_10 rcsC_11 rcsC_12 rcsC_13 rcsC_14 rcsC_15 rcsC_16 rcsC_17 rcsC_18 rcsC_19 rcsC_20 rcsC_21 rcsC_22 rcsC_23 rcsC_24 rcsC_25 rcsC_26 rcsC_27 rcsC_28 rcsC_29 rcsC_30 rcsC_31 rcsC_32 rcsC_33 rcsC_34 rcsC_35 rcsC_36 rcsC_37 rcsC_38 rcsC_39 rcsC_40 rcsC_41 rcsC_42 rcsC_43 rcsC_44 rcsC_45 rcsC_46 rcsC_47 rcsC_48 rcsC_49 rcsC_50 rcsC_51 rcsC_52 rcsC_53 rcsC_54 rcsC_55 rcsC_56 rcsC_57 rcsC_58 rcsC_59 rcsC_60 rcsC_61 rcsC_62 rcsC_63 rcsC_64 rcsC_65 rcsC_66 rcsC_67 rcsC_68 rcsC_69 rcsC_70 rcsC_71 rcsC_72 rcsC_73 rcsC_74 rcsC_75 rcsC_76 rcsC_77 rcsC_78 rcsC_79
[08:40:49] Fixed 2 duplicate /gene - mdtC_1 mdtC_2
[08:40:49] Fixed 2 duplicate /gene - vldW_1 vldW_2
[08:40:49] Fixed 2 duplicate /gene - pmbA_1 pmbA_2
[08:40:49] Fixed 2 duplicate /gene - hypB_1 hypB_2
[08:40:49] Fixed 2 duplicate /gene - cbiC_1 cbiC_2
[08:40:49] Fixed 2 duplicate /gene - ribD_1 ribD_2
[08:40:49] Fixed 2 duplicate /gene - gyrA_1 gyrA_2
[08:40:49] Fixed 3 duplicate /gene - fabH_1 fabH_2 fabH_3
[08:40:49] Fixed 5 duplicate /gene - arnC_1 arnC_2 arnC_3 arnC_4 arnC_5
[08:40:49] Fixed 2 duplicate /gene - hcaB_1 hcaB_2
[08:40:49] Fixed 3 duplicate /gene - recF_1 recF_2 recF_3
[08:40:49] Fixed 3 duplicate /gene - cckA_1 cckA_2 cckA_3
[08:40:49] Fixed 2 duplicate /gene - menA_1 menA_2
[08:40:49] Fixed 3 duplicate /gene - cmpR_1 cmpR_2 cmpR_3
[08:40:49] Fixed 2 duplicate /gene - gph_1 gph_2
[08:40:49] Fixed 2 duplicate /gene - adhE_1 adhE_2
[08:40:49] Fixed 2 duplicate /gene - sphX_1 sphX_2
[08:40:49] Fixed 2 duplicate /gene - nifD_1 nifD_2
[08:40:49] Fixed 2 duplicate /gene - mbtI_1 mbtI_2
[08:40:49] Fixed 2 duplicate /gene - suhB_1 suhB_2
[08:40:49] Fixed 6 duplicate /gene - smc_1 smc_2 smc_3 smc_4 smc_5 smc_6
[08:40:49] Fixed 3 duplicate /gene - walR_1 walR_2 walR_3
[08:40:49] Fixed 2 duplicate /gene - xerC_1 xerC_2
[08:40:49] Fixed 2 duplicate /gene - cobN_1 cobN_2
[08:40:49] Fixed 4 duplicate /gene - cpdA_1 cpdA_2 cpdA_3 cpdA_4
[08:40:49] Fixed 2 duplicate /gene - lpxB_1 lpxB_2
[08:40:49] Fixed 2 duplicate /gene - ccsA_1 ccsA_2
[08:40:49] Fixed 2 duplicate /gene - pyrC_1 pyrC_2
[08:40:49] Fixed 4 duplicate /gene - sigA2_1 sigA2_2 sigA2_3 sigA2_4
[08:40:49] Fixed 2 duplicate /gene - rlmB_1 rlmB_2
[08:40:49] Fixed 2 duplicate /gene - vapC_1 vapC_2
[08:40:49] Fixed 2 duplicate /gene - gsiA_1 gsiA_2
[08:40:49] Fixed 10 duplicate /gene - COQ3_1 COQ3_2 COQ3_3 COQ3_4 COQ3_5 COQ3_6 COQ3_7 COQ3_8 COQ3_9 COQ3_10
[08:40:49] Fixed 2 duplicate /gene - rmd_1 rmd_2
[08:40:49] Fixed 3 duplicate /gene - atoS_1 atoS_2 atoS_3
[08:40:49] Fixed 2 duplicate /gene - bfr_1 bfr_2
[08:40:49] Fixed 4 duplicate /gene - menH_1 menH_2 menH_3 menH_4
[08:40:49] Fixed 2 duplicate /gene - clpS_1 clpS_2
[08:40:49] Fixed 2 duplicate /gene - gcvT_1 gcvT_2
[08:40:49] Fixed 2 duplicate /gene - ecfT_1 ecfT_2
[08:40:49] Fixed 3 duplicate /gene - cpcS_1 cpcS_2 cpcS_3
[08:40:49] Fixed 2 duplicate /gene - atpG_1 atpG_2
[08:40:49] Fixed 2 duplicate /gene - clpB1_1 clpB1_2
[08:40:49] Fixed 4 duplicate /gene - cheB_1 cheB_2 cheB_3 cheB_4
[08:40:49] Fixed 2 duplicate /gene - pilT_1 pilT_2
[08:40:49] Fixed 2 duplicate /gene - prmC_1 prmC_2
[08:40:49] Fixed 2 duplicate /gene - folE_1 folE_2
[08:40:49] Fixed 2 duplicate /gene - upp_1 upp_2
[08:40:49] Fixed 2 duplicate /gene - cbiM_1 cbiM_2
[08:40:49] Fixed 2 duplicate /gene - dbpA_1 dbpA_2
[08:40:49] Fixed 3 duplicate /gene - cmoA_1 cmoA_2 cmoA_3
[08:40:49] Fixed 2 duplicate /gene - ppaX_1 ppaX_2
[08:40:49] Fixed 9 duplicate /gene - btuD_1 btuD_2 btuD_3 btuD_4 btuD_5 btuD_6 btuD_7 btuD_8 btuD_9
[08:40:49] Fixed 6 duplicate /gene - ftsH_1 ftsH_2 ftsH_3 ftsH_4 ftsH_5 ftsH_6
[08:40:49] Fixed 2 duplicate /gene - ddl_1 ddl_2
[08:40:49] Fixed 2 duplicate /gene - mtgA_1 mtgA_2
[08:40:49] Fixed 2 duplicate /gene - yceD_1 yceD_2
[08:40:49] Fixed 2 duplicate /gene - tal_1 tal_2
[08:40:49] Fixed 2 duplicate /gene - trpB_1 trpB_2
[08:40:49] Fixed 2 duplicate /gene - cobD_1 cobD_2
[08:40:49] Fixed 2 duplicate /gene - qmcA_1 qmcA_2
[08:40:49] Fixed 2 duplicate /gene - glmM_1 glmM_2
[08:40:49] Fixed 2 duplicate /gene - cefD_1 cefD_2
[08:40:49] Fixed 2 duplicate /gene - rsbW_1 rsbW_2
[08:40:49] Fixed 3 duplicate /gene - glnQ_1 glnQ_2 glnQ_3
[08:40:49] Fixed 2 duplicate /gene - nifK_1 nifK_2
[08:40:49] Fixed 2 duplicate /gene - egtD_1 egtD_2
[08:40:49] Fixed 227 colliding /gene names.
[08:40:49] Adding /locus_tag identifiers
[08:40:49] Assigned 4732 locus_tags to CDS and RNA features.
[08:40:49] Writing outputs to ../../Data/Chen_Analysis/Prokka/Bacteria/GOMC.bin.9744/
[08:40:50] Generating annotation statistics file
[08:40:50] Generating Genbank and Sequin files
[08:40:50] Running: tbl2asn -V b -a r10k -l paired-ends -M n -N 1 -y 'Annotated using prokka 1.14.6 from https://github.com/tseemann/prokka' -Z \.\.\/\.\.\/Data\/Chen_Analysis\/Prokka\/Bacteria\/GOMC\.bin\.9744\/GOMC\.bin\.9744\.err -i \.\.\/\.\.\/Data\/Chen_Analysis\/Prokka\/Bacteria\/GOMC\.bin\.9744\/GOMC\.bin\.9744\.fsa 2> /dev/null
[08:40:55] Deleting unwanted file: ../../Data/Chen_Analysis/Prokka/Bacteria/GOMC.bin.9744/errorsummary.val
[08:40:55] Deleting unwanted file: ../../Data/Chen_Analysis/Prokka/Bacteria/GOMC.bin.9744/GOMC.bin.9744.dr
[08:40:55] Deleting unwanted file: ../../Data/Chen_Analysis/Prokka/Bacteria/GOMC.bin.9744/GOMC.bin.9744.fixedproducts
[08:40:55] Deleting unwanted file: ../../Data/Chen_Analysis/Prokka/Bacteria/GOMC.bin.9744/GOMC.bin.9744.ecn
[08:40:55] Deleting unwanted file: ../../Data/Chen_Analysis/Prokka/Bacteria/GOMC.bin.9744/GOMC.bin.9744.val
[08:40:55] Repairing broken .GBK output that tbl2asn produces...
[08:40:55] Running: sed 's/COORDINATES: profile/COORDINATES:profile/' < \.\.\/\.\.\/Data\/Chen_Analysis\/Prokka\/Bacteria\/GOMC\.bin\.9744\/GOMC\.bin\.9744\.gbf > \.\.\/\.\.\/Data\/Chen_Analysis\/Prokka\/Bacteria\/GOMC\.bin\.9744\/GOMC\.bin\.9744\.gbk
[08:40:55] Deleting unwanted file: ../../Data/Chen_Analysis/Prokka/Bacteria/GOMC.bin.9744/GOMC.bin.9744.gbf
[08:40:55] Output files:
[08:40:55] ../../Data/Chen_Analysis/Prokka/Bacteria/GOMC.bin.9744/GOMC.bin.9744.tbl
[08:40:55] ../../Data/Chen_Analysis/Prokka/Bacteria/GOMC.bin.9744/GOMC.bin.9744.ffn
[08:40:55] ../../Data/Chen_Analysis/Prokka/Bacteria/GOMC.bin.9744/GOMC.bin.9744.tsv
[08:40:55] ../../Data/Chen_Analysis/Prokka/Bacteria/GOMC.bin.9744/GOMC.bin.9744.sqn
[08:40:55] ../../Data/Chen_Analysis/Prokka/Bacteria/GOMC.bin.9744/GOMC.bin.9744.log
[08:40:55] ../../Data/Chen_Analysis/Prokka/Bacteria/GOMC.bin.9744/GOMC.bin.9744.fna
[08:40:55] ../../Data/Chen_Analysis/Prokka/Bacteria/GOMC.bin.9744/GOMC.bin.9744.err
[08:40:55] ../../Data/Chen_Analysis/Prokka/Bacteria/GOMC.bin.9744/GOMC.bin.9744.txt
[08:40:55] ../../Data/Chen_Analysis/Prokka/Bacteria/GOMC.bin.9744/GOMC.bin.9744.fsa
[08:40:55] ../../Data/Chen_Analysis/Prokka/Bacteria/GOMC.bin.9744/GOMC.bin.9744.faa
[08:40:55] ../../Data/Chen_Analysis/Prokka/Bacteria/GOMC.bin.9744/GOMC.bin.9744.gff
[08:40:55] ../../Data/Chen_Analysis/Prokka/Bacteria/GOMC.bin.9744/GOMC.bin.9744.gbk
[08:40:55] Annotation finished successfully.
[08:40:55] Walltime used: 2.17 minutes
[08:40:55] If you use this result please cite the Prokka paper:
[08:40:55] Seemann T (2014) Prokka: rapid prokaryotic genome annotation. Bioinformatics. 30(14):2068-9.
[08:40:55] Type 'prokka --citation' for more details.
[08:40:55] Thank you, come again.
