[08:28:54] This is prokka 1.14.6
[08:28:54] Written by Torsten Seemann <torsten.seemann@gmail.com>
[08:28:54] Homepage is https://github.com/tseemann/prokka
[08:28:54] Local time is Mon Dec  1 08:28:54 2025
[08:28:54] You are joao_facio
[08:28:54] Operating system is linux
[08:28:54] You have BioPerl 1.7.8
[08:28:54] System has 12 cores.
[08:28:54] Will use maximum of 4 cores.
[08:28:54] Annotating as >>> Bacteria <<<
[08:28:54] Generating locus_tag from '/tmp/tmp6gns85ah/GOMC.bin.15365.fa' contents.
[08:28:54] Setting --locustag BMEPGJOD from MD5 b6e9038dee98e24c49621c6d0612f132
[08:28:54] Creating new output folder: ../../Data/Chen_Analysis/Prokka/Bacteria/GOMC.bin.15365
[08:28:54] Running: mkdir -p \.\.\/\.\.\/Data\/Chen_Analysis\/Prokka\/Bacteria\/GOMC\.bin\.15365
[08:28:54] Using filename prefix: GOMC.bin.15365.XXX
[08:28:54] Setting HMMER_NCPU=1
[08:28:54] Writing log to: ../../Data/Chen_Analysis/Prokka/Bacteria/GOMC.bin.15365/GOMC.bin.15365.log
[08:28:54] Command: /home/joao_facio/miniconda3/envs/prokka/bin/prokka --outdir ../../Data/Chen_Analysis/Prokka/Bacteria/GOMC.bin.15365 --prefix GOMC.bin.15365 --kingdom Bacteria --genus UBA3076 --strain GOMC.bin.15365 --cpus 4 --force /tmp/tmp6gns85ah/GOMC.bin.15365.fa
[08:28:54] Appending to PATH: /home/joao_facio/miniconda3/envs/prokka/bin
[08:28:54] Looking for 'aragorn' - found /home/joao_facio/miniconda3/envs/prokka/bin/aragorn
[08:28:54] Determined aragorn version is 001002 from 'ARAGORN v1.2.41 Dean Laslett'
[08:28:54] Looking for 'barrnap' - found /home/joao_facio/miniconda3/envs/prokka/bin/barrnap
[08:28:54] Determined barrnap version is 000009 from 'barrnap 0.9'
[08:28:54] Looking for 'blastp' - found /home/joao_facio/miniconda3/envs/prokka/bin/blastp
[08:28:54] Determined blastp version is 002016 from 'blastp: 2.16.0+'
[08:28:54] Looking for 'cmpress' - found /home/joao_facio/miniconda3/envs/prokka/bin/cmpress
[08:28:54] Determined cmpress version is 001001 from '# INFERNAL 1.1.5 (Sep 2023)'
[08:28:54] Looking for 'cmscan' - found /home/joao_facio/miniconda3/envs/prokka/bin/cmscan
[08:28:54] Determined cmscan version is 001001 from '# INFERNAL 1.1.5 (Sep 2023)'
[08:28:54] Looking for 'egrep' - found /usr/bin/egrep
[08:28:54] Looking for 'find' - found /usr/bin/find
[08:28:54] Looking for 'grep' - found /usr/bin/grep
[08:28:54] Looking for 'hmmpress' - found /home/joao_facio/miniconda3/envs/prokka/bin/hmmpress
[08:28:54] Determined hmmpress version is 003004 from '# HMMER 3.4 (Aug 2023); http://hmmer.org/'
[08:28:54] Looking for 'hmmscan' - found /home/joao_facio/miniconda3/envs/prokka/bin/hmmscan
[08:28:54] Determined hmmscan version is 003004 from '# HMMER 3.4 (Aug 2023); http://hmmer.org/'
[08:28:54] Looking for 'java' - found /home/joao_facio/miniconda3/envs/prokka/bin/java
[08:28:54] Looking for 'makeblastdb' - found /home/joao_facio/miniconda3/envs/prokka/bin/makeblastdb
[08:28:54] Determined makeblastdb version is 002016 from 'makeblastdb: 2.16.0+'
[08:28:54] Looking for 'minced' - found /home/joao_facio/miniconda3/envs/prokka/bin/minced
[08:28:54] Determined minced version is 004002 from 'minced 0.4.2'
[08:28:54] Looking for 'parallel' - found /home/joao_facio/miniconda3/envs/prokka/bin/parallel
[08:28:55] Determined parallel version is 20251122 from 'GNU parallel 20251122'
[08:28:55] Looking for 'prodigal' - found /home/joao_facio/miniconda3/envs/prokka/bin/prodigal
[08:28:55] Determined prodigal version is 002006 from 'Prodigal V2.6.3: February, 2016'
[08:28:55] Looking for 'prokka-genbank_to_fasta_db' - found /home/joao_facio/miniconda3/envs/prokka/bin/prokka-genbank_to_fasta_db
[08:28:55] Looking for 'sed' - found /usr/bin/sed
[08:28:55] Looking for 'tbl2asn' - found /home/joao_facio/miniconda3/envs/prokka/bin/tbl2asn
[08:28:55] Determined tbl2asn version is 025007 from 'tbl2asn 25.7   arguments:'
[08:28:55] Using genetic code table 11.
[08:28:55] Loading and checking input file: /tmp/tmp6gns85ah/GOMC.bin.15365.fa
[08:28:55] Wrote 125 contigs totalling 2665365 bp.
[08:28:55] Predicting tRNAs and tmRNAs
[08:28:55] Running: aragorn -l -gc11  -w \.\.\/\.\.\/Data\/Chen_Analysis\/Prokka\/Bacteria\/GOMC\.bin\.15365\/GOMC\.bin\.15365\.fna
[08:28:55] 1 tRNA-Thr [1573,1647] 33 (cgt)
[08:28:55] 2 tRNA-Ala [3075,3150] 34 (cgc)
[08:28:55] 3 tRNA-Ile [42351,42427] 35 (gat)
[08:28:55] 4 tRNA-Ala [42521,42596] 34 (tgc)
[08:28:55] 5 tRNA-Asn [46063,46137] 33 (gtt)
[08:28:55] 6 tRNA-Glu [52717,52792] 35 (ctc)
[08:28:55] 7 tRNA-Arg c[66737,66813] 35 (tct)
[08:28:55] 1 tRNA-Leu [1944,2031] 35 (caa)
[08:28:55] 1 tRNA-Val [3926,4001] 34 (tac)
[08:28:55] 2 tRNA-Asp [4028,4104] 35 (gtc)
[08:28:55] 1 tRNA-Arg [50717,50793] 35 (ccg)
[08:28:55] 1 tRNA-Leu c[28061,28147] 35 (tag)
[08:28:55] 1 tRNA-Leu c[43845,43930] 35 (gag)
[08:28:55] 1 tRNA-Arg c[14643,14718] 34 (cct)
[08:28:55] 1 tRNA-Pro [96882,96958] 35 (cgg)
[08:28:55] 2 tRNA-Leu c[98862,98949] 35 (cag)
[08:28:55] 1 tRNA-Met c[4418,4494] 35 (cat)
[08:28:55] 2 tRNA-Met c[5925,6001] 35 (cat)
[08:28:55] 3 tRNA-Lys [15203,15278] 34 (ttt)
[08:28:55] 4 tRNA-Glu [15281,15358] 37 (ttc)
[08:28:55] 1 tRNA-Val [29414,29488] 33 (gac)
[08:28:55] 1 tRNA-Met [6154,6229] 36 (cat)
[08:28:55] 1 tRNA-Pro [1841,1917] 35 (ggg)
[08:28:55] 1 tRNA-Thr c[363,438] 34 (ggt)
[08:28:55] 2 tRNA-Gly c[450,526] 35 (tcc)
[08:28:55] 3 tRNA-Tyr c[552,637] 36 (gta)
[08:28:55] 4 tRNA-Thr c[650,725] 34 (tgt)
[08:28:55] 1 tRNA-SeC c[33000,33097] 36 (tca)
[08:28:55] 1 tRNA-Gln c[74280,74353] 33 (ctg)
[08:28:55] 1 tmRNA c[16579,16932] 91,126 ADSDYEYALAA*
[08:28:55] 1 tRNA-Trp [404,479] 34 (cca)
[08:28:55] 1 tRNA-Cys [8382,8457] 34 (gca)
[08:28:55] 1 tRNA-Gly c[81719,81794] 34 (ccc)
[08:28:55] 1 tRNA-Gln c[16029,16103] 33 (ttg)
[08:28:55] 1 tRNA-Pro [22692,22768] 35 (tgg)
[08:28:55] 2 tRNA-Arg [41760,41836] 35 (acg)
[08:28:55] 3 tRNA-Ser c[48828,48920] 35 (gga)
[08:28:55] 4 tRNA-Ser c[49338,49431] 36 (cga)
[08:28:55] 1 tRNA-Ala [6633,6708] 34 (ggc)
[08:28:55] 1 tRNA-Arg c[39851,39927] 35 (tcg)
[08:28:55] 2 tRNA-Phe c[40087,40162] 34 (gaa)
[08:28:55] 3 tRNA-Val [64665,64740] 34 (cac)
[08:28:55] 1 tRNA-His c[260,335] 34 (gtg)
[08:28:55] 2 tRNA-Gly [4277,4351] 33 (gcc)
[08:28:55] 1 tRNA-Leu [53848,53935] 35 (taa)
[08:28:55] 1 tRNA-Lys [13555,13630] 34 (ctt)
[08:28:55] 1 tRNA-Ser [9795,9882] 35 (tga)
[08:28:55] 2 tRNA-Ser [9898,9989] 35 (gct)
[08:28:55] Found 48 tRNAs
[08:28:55] Predicting Ribosomal RNAs
[08:28:55] Running Barrnap with 4 threads
[08:28:56] 1 k141_30736 40669 16S ribosomal RNA
[08:28:56] 2 k141_30736 42772 23S ribosomal RNA
[08:28:56] 3 k141_30736 45810 5S ribosomal RNA
[08:28:56] Found 3 rRNAs
[08:28:56] Skipping ncRNA search, enable with --rfam if desired.
[08:28:56] Total of 50 tRNA + rRNA features
[08:28:56] Searching for CRISPR repeats
[08:28:56] CRISPR1 k141_443211 10200 with 5 spacers
[08:28:56] CRISPR2 k141_827076 22 with 4 spacers
[08:28:56] Found 2 CRISPRs
[08:28:56] Predicting coding sequences
[08:28:56] Contigs total 2665365 bp, so using single mode
[08:28:56] Running: prodigal -i \.\.\/\.\.\/Data\/Chen_Analysis\/Prokka\/Bacteria\/GOMC\.bin\.15365\/GOMC\.bin\.15365\.fna -c -m -g 11 -p single -f sco -q
[08:28:57] Excluding CDS which overlaps existing RNA (rRNA) at k141_30736:41872..42186 on + strand
[08:28:57] Excluding CDS which overlaps existing RNA (rRNA) at k141_30736:44146..44604 on - strand
[08:28:57] Excluding CDS which overlaps existing RNA (tRNA) at k141_152650:6017..6193 on + strand
[08:28:57] Excluding CDS which overlaps existing RNA (tRNA) at k141_213730:32995..33159 on - strand
[08:28:57] Excluding CDS which overlaps existing RNA (tRNA) at k141_215235:73435..74307 on + strand
[08:28:57] Excluding CDS which overlaps existing RNA (tRNA) at k141_315335:48655..48948 on - strand
[08:28:58] Excluding CDS which overlaps existing RNA (tRNA) at k141_352239:5092..6735 on - strand
[08:28:58] Excluding CDS which overlaps existing RNA (tRNA) at k141_397422:39841..39993 on + strand
[08:28:58] Excluding CDS which overlaps existing RNA (tRNA) at k141_709543:53577..54005 on - strand
[08:28:58] Excluding CDS which overlaps existing RNA (repeat_region) at k141_827076:10..123 on - strand
[08:28:58] Excluding CDS which overlaps existing RNA (repeat_region) at k141_827076:219..821 on + strand
[08:28:58] Found 2641 CDS
[08:28:58] Connecting features back to sequences
[08:28:58] Not using genus-specific database. Try --usegenus to enable it.
[08:28:58] Annotating CDS, please be patient.
[08:28:58] Will use 4 CPUs for similarity searching.
[08:28:58] There are still 2641 unannotated CDS left (started with 2641)
[08:28:58] Will use blast to search against /home/joao_facio/miniconda3/envs/prokka/db/kingdom/Bacteria/IS with 4 CPUs
[08:28:58] Running: cat \.\.\/\.\.\/Data\/Chen_Analysis\/Prokka\/Bacteria\/GOMC\.bin\.15365\/GOMC\.bin\.15365\.IS\.tmp\.3259447\.faa | parallel --gnu --plain -j 4 --block 95430 --recstart '>' --pipe blastp -query - -db /home/joao_facio/miniconda3/envs/prokka/db/kingdom/Bacteria/IS -evalue 1e-30 -qcov_hsp_perc 90 -num_threads 1 -num_descriptions 1 -num_alignments 1 -seg no > \.\.\/\.\.\/Data\/Chen_Analysis\/Prokka\/Bacteria\/GOMC\.bin\.15365\/GOMC\.bin\.15365\.IS\.tmp\.3259447\.blast 2> /dev/null
[08:29:06] Deleting unwanted file: ../../Data/Chen_Analysis/Prokka/Bacteria/GOMC.bin.15365/GOMC.bin.15365.IS.tmp.3259447.faa
[08:29:06] Deleting unwanted file: ../../Data/Chen_Analysis/Prokka/Bacteria/GOMC.bin.15365/GOMC.bin.15365.IS.tmp.3259447.blast
[08:29:06] There are still 2634 unannotated CDS left (started with 2641)
[08:29:06] Will use blast to search against /home/joao_facio/miniconda3/envs/prokka/db/kingdom/Bacteria/AMR with 4 CPUs
[08:29:06] Running: cat \.\.\/\.\.\/Data\/Chen_Analysis\/Prokka\/Bacteria\/GOMC\.bin\.15365\/GOMC\.bin\.15365\.AMR\.tmp\.3259447\.faa | parallel --gnu --plain -j 4 --block 95210 --recstart '>' --pipe blastp -query - -db /home/joao_facio/miniconda3/envs/prokka/db/kingdom/Bacteria/AMR -evalue 1e-300 -qcov_hsp_perc 90 -num_threads 1 -num_descriptions 1 -num_alignments 1 -seg no > \.\.\/\.\.\/Data\/Chen_Analysis\/Prokka\/Bacteria\/GOMC\.bin\.15365\/GOMC\.bin\.15365\.AMR\.tmp\.3259447\.blast 2> /dev/null
[08:29:12] Deleting unwanted file: ../../Data/Chen_Analysis/Prokka/Bacteria/GOMC.bin.15365/GOMC.bin.15365.AMR.tmp.3259447.faa
[08:29:12] Deleting unwanted file: ../../Data/Chen_Analysis/Prokka/Bacteria/GOMC.bin.15365/GOMC.bin.15365.AMR.tmp.3259447.blast
[08:29:12] There are still 2634 unannotated CDS left (started with 2641)
[08:29:12] Will use blast to search against /home/joao_facio/miniconda3/envs/prokka/db/kingdom/Bacteria/sprot with 4 CPUs
[08:29:12] Running: cat \.\.\/\.\.\/Data\/Chen_Analysis\/Prokka\/Bacteria\/GOMC\.bin\.15365\/GOMC\.bin\.15365\.sprot\.tmp\.3259447\.faa | parallel --gnu --plain -j 4 --block 95210 --recstart '>' --pipe blastp -query - -db /home/joao_facio/miniconda3/envs/prokka/db/kingdom/Bacteria/sprot -evalue 1e-09 -qcov_hsp_perc 80 -num_threads 1 -num_descriptions 1 -num_alignments 1 -seg no > \.\.\/\.\.\/Data\/Chen_Analysis\/Prokka\/Bacteria\/GOMC\.bin\.15365\/GOMC\.bin\.15365\.sprot\.tmp\.3259447\.blast 2> /dev/null
[08:29:43] Modify product: UPF0225 protein YchJ => hypothetical protein
[08:29:43] Modify product: Uncharacterized ABC transporter ATP-binding protein YknY => putative ABC transporter ATP-binding protein YknY
[08:29:43] Modify product: UPF0173 metal-dependent hydrolase TM_1162 => hypothetical protein
[08:29:43] Modify product: Uncharacterized FAD-linked oxidoreductase Rv2280 => putative FAD-linked oxidoreductase
[08:29:43] Modify product: Uncharacterized ABC transporter ATP-binding protein YheS => putative ABC transporter ATP-binding protein YheS
[08:29:43] Modify product: Putative outer membrane protein NMB0088 => Putative outer membrane protein
[08:29:43] Modify product: Dihydroorotate dehydrogenase B (NAD(+)), electron transfer subunit homolog => Dihydroorotate dehydrogenase B (NAD(+)), electron transfer subunit 
[08:29:43] Modify product: GTP cyclohydrolase 1 type 2 homolog => GTP cyclohydrolase 1 type 2 
[08:29:43] Modify product: Probable 4-deoxy-4-formamido-L-arabinose-phosphoundecaprenol deformylase ArnD => putative 4-deoxy-4-formamido-L-arabinose-phosphoundecaprenol deformylase ArnD
[08:29:43] Modify product: Uncharacterized protein YciO => putative protein YciO
[08:29:43] Modify product: Uncharacterized sugar transferase EpsL => putative sugar transferase EpsL
[08:29:43] Modify product: Uncharacterized sugar transferase EpsL => putative sugar transferase EpsL
[08:29:43] Modify product: Uncharacterized protein Rv1507c => putative protein
[08:29:43] Modify product: Uncharacterized glycosyltransferase sll0501 => putative glycosyltransferase
[08:29:43] Modify product: Probable GTP-binding protein EngB => putative GTP-binding protein EngB
[08:29:43] Modify product: UPF0111 protein HI_1603 => hypothetical protein
[08:29:43] Modify product: Segregation and condensation protein B homolog => Segregation and condensation protein B 
[08:29:43] Modify product: Putative binding protein HI_1525 => Putative binding protein
[08:29:43] Modify product: Probable bifunctional SAT/APS kinase => putative bifunctional SAT/APS kinase
[08:29:43] Modify product: Probable molybdenum cofactor guanylyltransferase => putative molybdenum cofactor guanylyltransferase
[08:29:43] Modify product: Probable ABC transporter permease protein HI_1471 => putative ABC transporter permease protein
[08:29:43] Modify product: Uncharacterized sugar transferase EpsL => putative sugar transferase EpsL
[08:29:43] Modify product: Ribonuclease TTHA0252 => Ribonuclease
[08:29:43] Modify product: UPF0178 protein YaiI => hypothetical protein
[08:29:43] Modify product: UPF0434 protein BB2007 => hypothetical protein
[08:29:43] Modify product: 1,4-alpha-glucan branching enzyme TTHA1902 => 1,4-alpha-glucan branching enzyme
[08:29:43] Modify product: Probable ATP-dependent transporter SufC => putative ATP-dependent transporter SufC
[08:29:43] Modify product: UPF0051 protein SA0778 => hypothetical protein
[08:29:43] Modify product: Uncharacterized protein Rv2030c => putative protein
[08:29:43] Modify product: UPF0758 protein CT0611 => hypothetical protein
[08:29:43] Modify product: Protease HtpX homolog => Protease HtpX 
[08:29:43] Modify product: UPF0194 membrane protein YbhG => hypothetical protein
[08:29:43] Modify product: Probable aspartate aminotransferase => putative aspartate aminotransferase
[08:29:43] Modify product: Probable murein peptide carboxypeptidase => putative murein peptide carboxypeptidase
[08:29:43] Modify product: Probable peptidyl-prolyl cis-trans isomerase => putative peptidyl-prolyl cis-trans isomerase
[08:29:43] Modify product: Probable glucosamine-6-phosphate deaminase 2 => putative glucosamine-6-phosphate deaminase 2
[08:29:43] Modify product: Probable L,D-transpeptidase ErfK/SrfK => putative L,D-transpeptidase ErfK/SrfK
[08:29:43] Modify product: Probable acyl-CoA dehydrogenase fadE25 => putative acyl-CoA dehydrogenase fadE25
[08:29:43] Modify product: Lactate-binding periplasmic protein TTHA0766 => Lactate-binding periplasmic protein
[08:29:43] Modify product: UPF0758 protein YsxA => hypothetical protein
[08:29:43] Modify product: Uncharacterized protein Rv2003c => putative protein
[08:29:43] Modify product: Uncharacterized protein Rv2004c => putative protein
[08:29:43] Modify product: Putative transport protein Rv1101c => Putative transport protein
[08:29:43] Modify product: Uncharacterized protein Rv2008c => putative protein
[08:29:43] Modify product: Nucleoid-associated protein Cthe_2143 => Nucleoid-associated protein
[08:29:43] Modify product: Probable lipid II flippase MurJ => putative lipid II flippase MurJ
[08:29:43] Modify product: UPF0098 protein CT_736 => hypothetical protein
[08:29:43] Modify product: Uncharacterized ABC transporter ATP-binding protein YxlF => putative ABC transporter ATP-binding protein YxlF
[08:29:43] Modify product: UPF0098 protein CT_736 => hypothetical protein
[08:29:43] Modify product: Probable copper-transporting ATPase PacS => putative copper-transporting ATPase PacS
[08:29:43] Modify product: UPF0051 protein SA0778 => hypothetical protein
[08:29:44] Modify product: Virulence protein STM3117 => Virulence protein
[08:29:44] Modify product: Probable type I restriction enzyme BthVORF4518P M protein => putative type I restriction enzymeP M protein
[08:29:44] Modify product: Uncharacterized ABC transporter ATP-binding protein YknY => putative ABC transporter ATP-binding protein YknY
[08:29:44] Modify product: Uncharacterized protein HI_1427 => putative protein
[08:29:44] Modify product: UPF0434 protein BB2007 => hypothetical protein
[08:29:44] Modify product: Phosphate-specific transport system accessory protein PhoU homolog => Phosphate-specific transport system accessory protein PhoU 
[08:29:44] Modify product: UPF0434 protein PFL_1779 => hypothetical protein
[08:29:44] Modify product: UPF0701 protein HI_0467 => hypothetical protein
[08:29:44] Modify product: UPF0111 protein HI_1603 => hypothetical protein
[08:29:44] Modify product: Uncharacterized ABC transporter ATP-binding protein YbiT => putative ABC transporter ATP-binding protein YbiT
[08:29:44] Modify product: Uncharacterized protein Rv1339 => putative protein
[08:29:44] Modify product: UPF0056 inner membrane protein MarC => hypothetical protein
[08:29:44] Modify product: Uncharacterized NTE family protein Rv1063c => putative NTE family protein
[08:29:44] Modify product: Probable cation-transporting ATPase F => putative cation-transporting ATPase F
[08:29:44] Modify product: Putative binding protein HI_1525 => Putative binding protein
[08:29:44] Modify product: UPF0102 protein RPA0323 => hypothetical protein
[08:29:44] Modify product: Uncharacterized protein TM_1570 => putative protein
[08:29:44] Modify product: UPF0394 inner membrane protein YedE => hypothetical protein
[08:29:44] Modify product: Universal stress protein A homolog 2 => Universal stress protein A 
[08:29:44] Modify product: Uncharacterized zinc protease Rv2782c => putative zinc protease
[08:29:44] Modify product: Response regulator receiver protein Anae109_2439 => Response regulator receiver protein
[08:29:44] Modify product: Uncharacterized protein Rv2008c => putative protein
[08:29:44] Modify product: Probable nicotinate-nucleotide pyrophosphorylase [carboxylating] => putative nicotinate-nucleotide pyrophosphorylase [carboxylating]
[08:29:44] Modify product: Uncharacterized protein Rv2307c => putative protein
[08:29:44] Modify product: UPF0056 inner membrane protein YhgN => hypothetical protein
[08:29:44] Modify product: Uncharacterized RNA pseudouridine synthase Rv1711 => putative RNA pseudouridine synthase
[08:29:44] Modify product: Uncharacterized protein YqgN => putative protein YqgN
[08:29:44] Modify product: Bifunctional protein FolD => Bifunctional protein FolD protein
[08:29:44] Modify product: Probable transcriptional regulatory protein aq_1575 => putative transcriptional regulatory protein
[08:29:44] Modify product: Probable peptidyl-prolyl cis-trans isomerase => putative peptidyl-prolyl cis-trans isomerase
[08:29:44] Modify product: Uncharacterized protein Rv2008c => putative protein
[08:29:44] Modify product: Putative sulfur carrier protein TM_0983 => Putative sulfur carrier protein
[08:29:44] Modify product: Uncharacterized protein NMB0459 => putative protein
[08:29:44] Modify product: Probable M18 family aminopeptidase 1 => putative M18 family aminopeptidase 1
[08:29:44] Modify product: UPF0213 protein SP_1535 => hypothetical protein
[08:29:44] Cleaned 86 /product names
[08:29:44] Deleting unwanted file: ../../Data/Chen_Analysis/Prokka/Bacteria/GOMC.bin.15365/GOMC.bin.15365.sprot.tmp.3259447.faa
[08:29:44] Deleting unwanted file: ../../Data/Chen_Analysis/Prokka/Bacteria/GOMC.bin.15365/GOMC.bin.15365.sprot.tmp.3259447.blast
[08:29:44] There are still 1626 unannotated CDS left (started with 2641)
[08:29:44] Will use hmmer3 to search against /home/joao_facio/miniconda3/envs/prokka/db/hmm/HAMAP.hmm with 4 CPUs
[08:29:44] Running: cat \.\.\/\.\.\/Data\/Chen_Analysis\/Prokka\/Bacteria\/GOMC\.bin\.15365\/GOMC\.bin\.15365\.HAMAP\.hmm\.tmp\.3259447\.faa | parallel --gnu --plain -j 4 --block 52469 --recstart '>' --pipe hmmscan --noali --notextw --acc -E 1e-09 --cpu 1 /home/joao_facio/miniconda3/envs/prokka/db/hmm/HAMAP.hmm /dev/stdin > \.\.\/\.\.\/Data\/Chen_Analysis\/Prokka\/Bacteria\/GOMC\.bin\.15365\/GOMC\.bin\.15365\.HAMAP\.hmm\.tmp\.3259447\.hmmer3 2> /dev/null
[08:29:55] Deleting unwanted file: ../../Data/Chen_Analysis/Prokka/Bacteria/GOMC.bin.15365/GOMC.bin.15365.HAMAP.hmm.tmp.3259447.faa
[08:29:55] Deleting unwanted file: ../../Data/Chen_Analysis/Prokka/Bacteria/GOMC.bin.15365/GOMC.bin.15365.HAMAP.hmm.tmp.3259447.hmmer3
[08:29:55] Labelling remaining 1355 proteins as 'hypothetical protein'
[08:29:55] Possible /pseudo 'Twitching mobility protein' at k141_30736 position 25904
[08:29:55] Possible /pseudo 'Transcriptional regulatory protein ZraR' at k141_65640 position 18915
[08:29:55] Possible /pseudo 'Sensor histidine kinase RcsC' at k141_65640 position 42417
[08:29:55] Possible /pseudo 'Ribosome-associated ATPase' at k141_65640 position 69471
[08:29:55] Possible /pseudo 'Tyrosine recombinase XerD' at k141_127707 position 1042
[08:29:55] Possible /pseudo 'Bifunctional polymyxin resistance protein ArnA' at k141_153909 position 46626
[08:29:55] Possible /pseudo 'Phosphate acetyltransferase' at k141_211619 position 1161
[08:29:55] Possible /pseudo 'Trk system potassium uptake protein TrkH' at k141_278219 position 11420
[08:29:55] Possible /pseudo 'Glycogen phosphorylase' at k141_292549 position 3521
[08:29:55] Possible /pseudo 'Macrolide export ATP-binding/permease protein MacB' at k141_397422 position 55294
[08:29:55] Found 944 unique /gene codes.
[08:29:55] Fixed 2 duplicate /gene - nadE_1 nadE_2
[08:29:55] Fixed 3 duplicate /gene - fusA_1 fusA_2 fusA_3
[08:29:55] Fixed 8 duplicate /gene - xerC_1 xerC_2 xerC_3 xerC_4 xerC_5 xerC_6 xerC_7 xerC_8
[08:29:55] Fixed 2 duplicate /gene - tatA_1 tatA_2
[08:29:55] Fixed 4 duplicate /gene - bepA_1 bepA_2 bepA_3 bepA_4
[08:29:55] Fixed 2 duplicate /gene - divK_1 divK_2
[08:29:55] Fixed 3 duplicate /gene - ccsA_1 ccsA_2 ccsA_3
[08:29:55] Fixed 3 duplicate /gene - potA_1 potA_2 potA_3
[08:29:55] Fixed 3 duplicate /gene - epsL_1 epsL_2 epsL_3
[08:29:55] Fixed 5 duplicate /gene - glgP_1 glgP_2 glgP_3 glgP_4 glgP_5
[08:29:55] Fixed 2 duplicate /gene - lon_1 lon_2
[08:29:55] Fixed 2 duplicate /gene - apbC_1 apbC_2
[08:29:55] Fixed 4 duplicate /gene - phoP_1 phoP_2 phoP_3 phoP_4
[08:29:55] Fixed 2 duplicate /gene - atpD_1 atpD_2
[08:29:55] Fixed 3 duplicate /gene - IMPDH_1 IMPDH_2 IMPDH_3
[08:29:55] Fixed 2 duplicate /gene - fabG_1 fabG_2
[08:29:55] Fixed 2 duplicate /gene - cbiA_1 cbiA_2
[08:29:55] Fixed 3 duplicate /gene - macB_1 macB_2 macB_3
[08:29:55] Fixed 2 duplicate /gene - pknD_1 pknD_2
[08:29:55] Fixed 2 duplicate /gene - rpoD_1 rpoD_2
[08:29:55] Fixed 2 duplicate /gene - vapC2_1 vapC2_2
[08:29:55] Fixed 2 duplicate /gene - carB_1 carB_2
[08:29:55] Fixed 2 duplicate /gene - selD_1 selD_2
[08:29:55] Fixed 4 duplicate /gene - cpoB_1 cpoB_2 cpoB_3 cpoB_4
[08:29:55] Fixed 2 duplicate /gene - fcl_1 fcl_2
[08:29:55] Fixed 3 duplicate /gene - clcB_1 clcB_2 clcB_3
[08:29:55] Fixed 2 duplicate /gene - yhgF_1 yhgF_2
[08:29:55] Fixed 2 duplicate /gene - fadR_1 fadR_2
[08:29:55] Fixed 4 duplicate /gene - ftsH_1 ftsH_2 ftsH_3 ftsH_4
[08:29:55] Fixed 2 duplicate /gene - carD_1 carD_2
[08:29:55] Fixed 2 duplicate /gene - wbpI_1 wbpI_2
[08:29:55] Fixed 2 duplicate /gene - hscA_1 hscA_2
[08:29:55] Fixed 2 duplicate /gene - arnC_1 arnC_2
[08:29:55] Fixed 2 duplicate /gene - hisF_1 hisF_2
[08:29:55] Fixed 2 duplicate /gene - atpC_1 atpC_2
[08:29:55] Fixed 2 duplicate /gene - clpX_1 clpX_2
[08:29:55] Fixed 2 duplicate /gene - fabH_1 fabH_2
[08:29:55] Fixed 5 duplicate /gene - xerD_1 xerD_2 xerD_3 xerD_4 xerD_5
[08:29:55] Fixed 2 duplicate /gene - bioF_1 bioF_2
[08:29:55] Fixed 2 duplicate /gene - glmU_1 glmU_2
[08:29:55] Fixed 2 duplicate /gene - atpF_1 atpF_2
[08:29:55] Fixed 2 duplicate /gene - hisC_1 hisC_2
[08:29:55] Fixed 2 duplicate /gene - cas1_1 cas1_2
[08:29:55] Fixed 2 duplicate /gene - dnaJ_1 dnaJ_2
[08:29:55] Fixed 2 duplicate /gene - ihfB_1 ihfB_2
[08:29:55] Fixed 8 duplicate /gene - rsxB_1 rsxB_2 rsxB_3 rsxB_4 rsxB_5 rsxB_6 rsxB_7 rsxB_8
[08:29:55] Fixed 3 duplicate /gene - feoB_1 feoB_2 feoB_3
[08:29:55] Fixed 2 duplicate /gene - aspC_1 aspC_2
[08:29:55] Fixed 2 duplicate /gene - zraS_1 zraS_2
[08:29:55] Fixed 3 duplicate /gene - gph_1 gph_2 gph_3
[08:29:55] Fixed 3 duplicate /gene - dinJ_1 dinJ_2 dinJ_3
[08:29:55] Fixed 3 duplicate /gene - gap_1 gap_2 gap_3
[08:29:55] Fixed 2 duplicate /gene - speE_1 speE_2
[08:29:55] Fixed 2 duplicate /gene - ppiB_1 ppiB_2
[08:29:55] Fixed 2 duplicate /gene - glnA_1 glnA_2
[08:29:55] Fixed 2 duplicate /gene - yfiC_1 yfiC_2
[08:29:55] Fixed 2 duplicate /gene - iolG_1 iolG_2
[08:29:55] Fixed 2 duplicate /gene - bioB_1 bioB_2
[08:29:55] Fixed 2 duplicate /gene - purH_1 purH_2
[08:29:55] Fixed 2 duplicate /gene - pilT_1 pilT_2
[08:29:55] Fixed 2 duplicate /gene - glgA_1 glgA_2
[08:29:55] Fixed 2 duplicate /gene - rnr_1 rnr_2
[08:29:55] Fixed 3 duplicate /gene - cysG_1 cysG_2 cysG_3
[08:29:55] Fixed 2 duplicate /gene - trkH_1 trkH_2
[08:29:55] Fixed 3 duplicate /gene - norR_1 norR_2 norR_3
[08:29:55] Fixed 3 duplicate /gene - cspLA_1 cspLA_2 cspLA_3
[08:29:55] Fixed 2 duplicate /gene - ycf3_1 ycf3_2
[08:29:55] Fixed 2 duplicate /gene - yefM_1 yefM_2
[08:29:55] Fixed 3 duplicate /gene - pta_1 pta_2 pta_3
[08:29:55] Fixed 2 duplicate /gene - btuF_1 btuF_2
[08:29:55] Fixed 2 duplicate /gene - rbbA_1 rbbA_2
[08:29:55] Fixed 5 duplicate /gene - mshA_1 mshA_2 mshA_3 mshA_4 mshA_5
[08:29:55] Fixed 2 duplicate /gene - tuf_1 tuf_2
[08:29:55] Fixed 2 duplicate /gene - trpD_1 trpD_2
[08:29:55] Fixed 2 duplicate /gene - mreB_1 mreB_2
[08:29:55] Fixed 2 duplicate /gene - rbn_1 rbn_2
[08:29:55] Fixed 2 duplicate /gene - atpG_1 atpG_2
[08:29:55] Fixed 2 duplicate /gene - fbp_1 fbp_2
[08:29:55] Fixed 3 duplicate /gene - rssB_1 rssB_2 rssB_3
[08:29:55] Fixed 7 duplicate /gene - zraR_1 zraR_2 zraR_3 zraR_4 zraR_5 zraR_6 zraR_7
[08:29:55] Fixed 3 duplicate /gene - rapA_1 rapA_2 rapA_3
[08:29:55] Fixed 2 duplicate /gene - gpmA_1 gpmA_2
[08:29:55] Fixed 2 duplicate /gene - leuA_1 leuA_2
[08:29:55] Fixed 2 duplicate /gene - gmd_1 gmd_2
[08:29:55] Fixed 2 duplicate /gene - lptB_1 lptB_2
[08:29:55] Fixed 6 duplicate /gene - atoC_1 atoC_2 atoC_3 atoC_4 atoC_5 atoC_6
[08:29:55] Fixed 2 duplicate /gene - lpxD_1 lpxD_2
[08:29:55] Fixed 3 duplicate /gene - tatC_1 tatC_2 tatC_3
[08:29:55] Fixed 2 duplicate /gene - sufC_1 sufC_2
[08:29:55] Fixed 3 duplicate /gene - htpX_1 htpX_2 htpX_3
[08:29:55] Fixed 2 duplicate /gene - cobQ_1 cobQ_2
[08:29:55] Fixed 2 duplicate /gene - ruvB_1 ruvB_2
[08:29:55] Fixed 2 duplicate /gene - ttgI_1 ttgI_2
[08:29:55] Fixed 2 duplicate /gene - dksA_1 dksA_2
[08:29:55] Fixed 2 duplicate /gene - recD2_1 recD2_2
[08:29:55] Fixed 2 duplicate /gene - purL_1 purL_2
[08:29:55] Fixed 2 duplicate /gene - bepF_1 bepF_2
[08:29:55] Fixed 4 duplicate /gene - btuB_1 btuB_2 btuB_3 btuB_4
[08:29:55] Fixed 3 duplicate /gene - kamA_1 kamA_2 kamA_3
[08:29:55] Fixed 2 duplicate /gene - higB_1 higB_2
[08:29:55] Fixed 2 duplicate /gene - mtgB_1 mtgB_2
[08:29:55] Fixed 2 duplicate /gene - yoeB_1 yoeB_2
[08:29:55] Fixed 2 duplicate /gene - wbbL_1 wbbL_2
[08:29:55] Fixed 13 duplicate /gene - rcsC_1 rcsC_2 rcsC_3 rcsC_4 rcsC_5 rcsC_6 rcsC_7 rcsC_8 rcsC_9 rcsC_10 rcsC_11 rcsC_12 rcsC_13
[08:29:55] Fixed 2 duplicate /gene - folE2_1 folE2_2
[08:29:55] Fixed 2 duplicate /gene - pgsA_1 pgsA_2
[08:29:55] Fixed 2 duplicate /gene - rhtB_1 rhtB_2
[08:29:55] Fixed 2 duplicate /gene - mazF6_1 mazF6_2
[08:29:55] Fixed 2 duplicate /gene - btuD_1 btuD_2
[08:29:55] Fixed 2 duplicate /gene - cobD_1 cobD_2
[08:29:55] Fixed 6 duplicate /gene - COQ5_1 COQ5_2 COQ5_3 COQ5_4 COQ5_5 COQ5_6
[08:29:55] Fixed 2 duplicate /gene - waaA_1 waaA_2
[08:29:55] Fixed 2 duplicate /gene - dxs_1 dxs_2
[08:29:55] Fixed 2 duplicate /gene - dnaK_1 dnaK_2
[08:29:55] Fixed 3 duplicate /gene - ihfA_1 ihfA_2 ihfA_3
[08:29:55] Fixed 2 duplicate /gene - glgC_1 glgC_2
[08:29:55] Fixed 2 duplicate /gene - yknY_1 yknY_2
[08:29:55] Fixed 2 duplicate /gene - vnfD_1 vnfD_2
[08:29:55] Fixed 6 duplicate /gene - vapC_1 vapC_2 vapC_3 vapC_4 vapC_5 vapC_6
[08:29:55] Fixed 2 duplicate /gene - queE_1 queE_2
[08:29:55] Fixed 2 duplicate /gene - atpA_1 atpA_2
[08:29:55] Fixed 13 duplicate /gene - sasA_1 sasA_2 sasA_3 sasA_4 sasA_5 sasA_6 sasA_7 sasA_8 sasA_9 sasA_10 sasA_11 sasA_12 sasA_13
[08:29:55] Fixed 3 duplicate /gene - pal_1 pal_2 pal_3
[08:29:55] Fixed 3 duplicate /gene - arnA_1 arnA_2 arnA_3
[08:29:55] Fixed 3 duplicate /gene - thyX_1 thyX_2 thyX_3
[08:29:55] Fixed 3 duplicate /gene - fabF_1 fabF_2 fabF_3
[08:29:55] Fixed 2 duplicate /gene - tadA_1 tadA_2
[08:29:55] Fixed 2 duplicate /gene - acsE_1 acsE_2
[08:29:55] Fixed 6 duplicate /gene - moaA_1 moaA_2 moaA_3 moaA_4 moaA_5 moaA_6
[08:29:55] Fixed 2 duplicate /gene - acpP_1 acpP_2
[08:29:55] Fixed 2 duplicate /gene - mrdA_1 mrdA_2
[08:29:55] Fixed 2 duplicate /gene - trpB_1 trpB_2
[08:29:55] Fixed 3 duplicate /gene - cpdA_1 cpdA_2 cpdA_3
[08:29:55] Fixed 2 duplicate /gene - aroK_1 aroK_2
[08:29:55] Fixed 3 duplicate /gene - atpH_1 atpH_2 atpH_3
[08:29:55] Fixed 135 colliding /gene names.
[08:29:55] Adding /locus_tag identifiers
[08:29:55] Assigned 2692 locus_tags to CDS and RNA features.
[08:29:55] Writing outputs to ../../Data/Chen_Analysis/Prokka/Bacteria/GOMC.bin.15365/
[08:29:56] Generating annotation statistics file
[08:29:56] Generating Genbank and Sequin files
[08:29:56] Running: tbl2asn -V b -a r10k -l paired-ends -M n -N 1 -y 'Annotated using prokka 1.14.6 from https://github.com/tseemann/prokka' -Z \.\.\/\.\.\/Data\/Chen_Analysis\/Prokka\/Bacteria\/GOMC\.bin\.15365\/GOMC\.bin\.15365\.err -i \.\.\/\.\.\/Data\/Chen_Analysis\/Prokka\/Bacteria\/GOMC\.bin\.15365\/GOMC\.bin\.15365\.fsa 2> /dev/null
[08:29:58] Deleting unwanted file: ../../Data/Chen_Analysis/Prokka/Bacteria/GOMC.bin.15365/errorsummary.val
[08:29:58] Deleting unwanted file: ../../Data/Chen_Analysis/Prokka/Bacteria/GOMC.bin.15365/GOMC.bin.15365.dr
[08:29:58] Deleting unwanted file: ../../Data/Chen_Analysis/Prokka/Bacteria/GOMC.bin.15365/GOMC.bin.15365.fixedproducts
[08:29:58] Deleting unwanted file: ../../Data/Chen_Analysis/Prokka/Bacteria/GOMC.bin.15365/GOMC.bin.15365.ecn
[08:29:58] Deleting unwanted file: ../../Data/Chen_Analysis/Prokka/Bacteria/GOMC.bin.15365/GOMC.bin.15365.val
[08:29:58] Repairing broken .GBK output that tbl2asn produces...
[08:29:58] Running: sed 's/COORDINATES: profile/COORDINATES:profile/' < \.\.\/\.\.\/Data\/Chen_Analysis\/Prokka\/Bacteria\/GOMC\.bin\.15365\/GOMC\.bin\.15365\.gbf > \.\.\/\.\.\/Data\/Chen_Analysis\/Prokka\/Bacteria\/GOMC\.bin\.15365\/GOMC\.bin\.15365\.gbk
[08:29:58] Deleting unwanted file: ../../Data/Chen_Analysis/Prokka/Bacteria/GOMC.bin.15365/GOMC.bin.15365.gbf
[08:29:58] Output files:
[08:29:58] ../../Data/Chen_Analysis/Prokka/Bacteria/GOMC.bin.15365/GOMC.bin.15365.fna
[08:29:58] ../../Data/Chen_Analysis/Prokka/Bacteria/GOMC.bin.15365/GOMC.bin.15365.fsa
[08:29:58] ../../Data/Chen_Analysis/Prokka/Bacteria/GOMC.bin.15365/GOMC.bin.15365.ffn
[08:29:58] ../../Data/Chen_Analysis/Prokka/Bacteria/GOMC.bin.15365/GOMC.bin.15365.txt
[08:29:58] ../../Data/Chen_Analysis/Prokka/Bacteria/GOMC.bin.15365/GOMC.bin.15365.gff
[08:29:58] ../../Data/Chen_Analysis/Prokka/Bacteria/GOMC.bin.15365/GOMC.bin.15365.log
[08:29:58] ../../Data/Chen_Analysis/Prokka/Bacteria/GOMC.bin.15365/GOMC.bin.15365.tsv
[08:29:58] ../../Data/Chen_Analysis/Prokka/Bacteria/GOMC.bin.15365/GOMC.bin.15365.gbk
[08:29:58] ../../Data/Chen_Analysis/Prokka/Bacteria/GOMC.bin.15365/GOMC.bin.15365.faa
[08:29:58] ../../Data/Chen_Analysis/Prokka/Bacteria/GOMC.bin.15365/GOMC.bin.15365.sqn
[08:29:58] ../../Data/Chen_Analysis/Prokka/Bacteria/GOMC.bin.15365/GOMC.bin.15365.err
[08:29:58] ../../Data/Chen_Analysis/Prokka/Bacteria/GOMC.bin.15365/GOMC.bin.15365.tbl
[08:29:58] Annotation finished successfully.
[08:29:58] Walltime used: 1.07 minutes
[08:29:58] If you use this result please cite the Prokka paper:
[08:29:58] Seemann T (2014) Prokka: rapid prokaryotic genome annotation. Bioinformatics. 30(14):2068-9.
[08:29:58] Type 'prokka --citation' for more details.
[08:29:58] Thank you, come again.
