[09:45:04] This is prokka 1.14.6
[09:45:04] Written by Torsten Seemann <torsten.seemann@gmail.com>
[09:45:04] Homepage is https://github.com/tseemann/prokka
[09:45:04] Local time is Mon Dec  1 09:45:04 2025
[09:45:04] You are joao_facio
[09:45:04] Operating system is linux
[09:45:04] You have BioPerl 1.7.8
[09:45:04] System has 12 cores.
[09:45:04] Will use maximum of 4 cores.
[09:45:04] Annotating as >>> Bacteria <<<
[09:45:04] Generating locus_tag from '/tmp/tmp6gns85ah/GOMC.bin.10263.fa' contents.
[09:45:04] Setting --locustag LOGHINCN from MD5 580127c752effc904704c35d70945be2
[09:45:04] Creating new output folder: ../../Data/Chen_Analysis/Prokka/Bacteria/GOMC.bin.10263
[09:45:04] Running: mkdir -p \.\.\/\.\.\/Data\/Chen_Analysis\/Prokka\/Bacteria\/GOMC\.bin\.10263
[09:45:04] Using filename prefix: GOMC.bin.10263.XXX
[09:45:04] Setting HMMER_NCPU=1
[09:45:04] Writing log to: ../../Data/Chen_Analysis/Prokka/Bacteria/GOMC.bin.10263/GOMC.bin.10263.log
[09:45:04] Command: /home/joao_facio/miniconda3/envs/prokka/bin/prokka --outdir ../../Data/Chen_Analysis/Prokka/Bacteria/GOMC.bin.10263 --prefix GOMC.bin.10263 --kingdom Bacteria --genus Ulvibacter --strain GOMC.bin.10263 --cpus 4 --force /tmp/tmp6gns85ah/GOMC.bin.10263.fa
[09:45:04] Appending to PATH: /home/joao_facio/miniconda3/envs/prokka/bin
[09:45:04] Looking for 'aragorn' - found /home/joao_facio/miniconda3/envs/prokka/bin/aragorn
[09:45:04] Determined aragorn version is 001002 from 'ARAGORN v1.2.41 Dean Laslett'
[09:45:04] Looking for 'barrnap' - found /home/joao_facio/miniconda3/envs/prokka/bin/barrnap
[09:45:04] Determined barrnap version is 000009 from 'barrnap 0.9'
[09:45:04] Looking for 'blastp' - found /home/joao_facio/miniconda3/envs/prokka/bin/blastp
[09:45:04] Determined blastp version is 002016 from 'blastp: 2.16.0+'
[09:45:04] Looking for 'cmpress' - found /home/joao_facio/miniconda3/envs/prokka/bin/cmpress
[09:45:04] Determined cmpress version is 001001 from '# INFERNAL 1.1.5 (Sep 2023)'
[09:45:04] Looking for 'cmscan' - found /home/joao_facio/miniconda3/envs/prokka/bin/cmscan
[09:45:04] Determined cmscan version is 001001 from '# INFERNAL 1.1.5 (Sep 2023)'
[09:45:04] Looking for 'egrep' - found /usr/bin/egrep
[09:45:04] Looking for 'find' - found /usr/bin/find
[09:45:04] Looking for 'grep' - found /usr/bin/grep
[09:45:04] Looking for 'hmmpress' - found /home/joao_facio/miniconda3/envs/prokka/bin/hmmpress
[09:45:04] Determined hmmpress version is 003004 from '# HMMER 3.4 (Aug 2023); http://hmmer.org/'
[09:45:04] Looking for 'hmmscan' - found /home/joao_facio/miniconda3/envs/prokka/bin/hmmscan
[09:45:04] Determined hmmscan version is 003004 from '# HMMER 3.4 (Aug 2023); http://hmmer.org/'
[09:45:04] Looking for 'java' - found /home/joao_facio/miniconda3/envs/prokka/bin/java
[09:45:04] Looking for 'makeblastdb' - found /home/joao_facio/miniconda3/envs/prokka/bin/makeblastdb
[09:45:05] Determined makeblastdb version is 002016 from 'makeblastdb: 2.16.0+'
[09:45:05] Looking for 'minced' - found /home/joao_facio/miniconda3/envs/prokka/bin/minced
[09:45:05] Determined minced version is 004002 from 'minced 0.4.2'
[09:45:05] Looking for 'parallel' - found /home/joao_facio/miniconda3/envs/prokka/bin/parallel
[09:45:05] Determined parallel version is 20251122 from 'GNU parallel 20251122'
[09:45:05] Looking for 'prodigal' - found /home/joao_facio/miniconda3/envs/prokka/bin/prodigal
[09:45:05] Determined prodigal version is 002006 from 'Prodigal V2.6.3: February, 2016'
[09:45:05] Looking for 'prokka-genbank_to_fasta_db' - found /home/joao_facio/miniconda3/envs/prokka/bin/prokka-genbank_to_fasta_db
[09:45:05] Looking for 'sed' - found /usr/bin/sed
[09:45:05] Looking for 'tbl2asn' - found /home/joao_facio/miniconda3/envs/prokka/bin/tbl2asn
[09:45:05] Determined tbl2asn version is 025007 from 'tbl2asn 25.7   arguments:'
[09:45:05] Using genetic code table 11.
[09:45:05] Loading and checking input file: /tmp/tmp6gns85ah/GOMC.bin.10263.fa
[09:45:05] Wrote 84 contigs totalling 2259700 bp.
[09:45:05] Predicting tRNAs and tmRNAs
[09:45:05] Running: aragorn -l -gc11  -w \.\.\/\.\.\/Data\/Chen_Analysis\/Prokka\/Bacteria\/GOMC\.bin\.10263\/GOMC\.bin\.10263\.fna
[09:45:05] 1 tRNA-Met [1,75] 35 (cat)
[09:45:05] 2 tRNA-Ala [29043,29117] 35 (ggc)
[09:45:05] 1 tRNA-His [33910,33984] 35 (gtg)
[09:45:05] 1 tRNA-Ser c[86,171] 34 (gct)
[09:45:05] 1 tRNA-Val [28411,28488] 36 (tac)
[09:45:05] 1 tRNA-Arg [34078,34152] 35 (tcg)
[09:45:05] 1 tRNA-Gly [13747,13820] 34 (gcc)
[09:45:05] 2 tRNA-Leu [13869,13953] 35 (taa)
[09:45:05] 1 tRNA-Phe [70209,70282] 34 (gaa)
[09:45:05] 1 tRNA-Ser [32116,32202] 36 (gga)
[09:45:05] 1 tRNA-Met [13741,13815] 35 (cat)
[09:45:05] 1 tmRNA c[7684,8081] 97,126 GENNYALAA*
[09:45:05] 1 tRNA-Lys c[1580,1653] 34 (ttt)
[09:45:05] Found 13 tRNAs
[09:45:05] Predicting Ribosomal RNAs
[09:45:05] Running Barrnap with 4 threads
[09:45:06] Found 0 rRNAs
[09:45:06] Skipping ncRNA search, enable with --rfam if desired.
[09:45:06] Total of 12 tRNA + rRNA features
[09:45:06] Searching for CRISPR repeats
[09:45:06] Found 0 CRISPRs
[09:45:06] Predicting coding sequences
[09:45:06] Contigs total 2259700 bp, so using single mode
[09:45:06] Running: prodigal -i \.\.\/\.\.\/Data\/Chen_Analysis\/Prokka\/Bacteria\/GOMC\.bin\.10263\/GOMC\.bin\.10263\.fna -c -m -g 11 -p single -f sco -q
[09:45:09] Excluding CDS which overlaps existing RNA (tRNA) at k63_60691:13716..14039 on + strand
[09:45:09] Found 2213 CDS
[09:45:09] Connecting features back to sequences
[09:45:09] Not using genus-specific database. Try --usegenus to enable it.
[09:45:09] Annotating CDS, please be patient.
[09:45:09] Will use 4 CPUs for similarity searching.
[09:45:09] There are still 2213 unannotated CDS left (started with 2213)
[09:45:09] Will use blast to search against /home/joao_facio/miniconda3/envs/prokka/db/kingdom/Bacteria/IS with 4 CPUs
[09:45:09] Running: cat \.\.\/\.\.\/Data\/Chen_Analysis\/Prokka\/Bacteria\/GOMC\.bin\.10263\/GOMC\.bin\.10263\.IS\.tmp\.3406524\.faa | parallel --gnu --plain -j 4 --block 86199 --recstart '>' --pipe blastp -query - -db /home/joao_facio/miniconda3/envs/prokka/db/kingdom/Bacteria/IS -evalue 1e-30 -qcov_hsp_perc 90 -num_threads 1 -num_descriptions 1 -num_alignments 1 -seg no > \.\.\/\.\.\/Data\/Chen_Analysis\/Prokka\/Bacteria\/GOMC\.bin\.10263\/GOMC\.bin\.10263\.IS\.tmp\.3406524\.blast 2> /dev/null
[09:45:16] Deleting unwanted file: ../../Data/Chen_Analysis/Prokka/Bacteria/GOMC.bin.10263/GOMC.bin.10263.IS.tmp.3406524.faa
[09:45:16] Deleting unwanted file: ../../Data/Chen_Analysis/Prokka/Bacteria/GOMC.bin.10263/GOMC.bin.10263.IS.tmp.3406524.blast
[09:45:17] There are still 2202 unannotated CDS left (started with 2213)
[09:45:17] Will use blast to search against /home/joao_facio/miniconda3/envs/prokka/db/kingdom/Bacteria/AMR with 4 CPUs
[09:45:17] Running: cat \.\.\/\.\.\/Data\/Chen_Analysis\/Prokka\/Bacteria\/GOMC\.bin\.10263\/GOMC\.bin\.10263\.AMR\.tmp\.3406524\.faa | parallel --gnu --plain -j 4 --block 85935 --recstart '>' --pipe blastp -query - -db /home/joao_facio/miniconda3/envs/prokka/db/kingdom/Bacteria/AMR -evalue 1e-300 -qcov_hsp_perc 90 -num_threads 1 -num_descriptions 1 -num_alignments 1 -seg no > \.\.\/\.\.\/Data\/Chen_Analysis\/Prokka\/Bacteria\/GOMC\.bin\.10263\/GOMC\.bin\.10263\.AMR\.tmp\.3406524\.blast 2> /dev/null
[09:45:23] Deleting unwanted file: ../../Data/Chen_Analysis/Prokka/Bacteria/GOMC.bin.10263/GOMC.bin.10263.AMR.tmp.3406524.faa
[09:45:23] Deleting unwanted file: ../../Data/Chen_Analysis/Prokka/Bacteria/GOMC.bin.10263/GOMC.bin.10263.AMR.tmp.3406524.blast
[09:45:23] There are still 2202 unannotated CDS left (started with 2213)
[09:45:23] Will use blast to search against /home/joao_facio/miniconda3/envs/prokka/db/kingdom/Bacteria/sprot with 4 CPUs
[09:45:23] Running: cat \.\.\/\.\.\/Data\/Chen_Analysis\/Prokka\/Bacteria\/GOMC\.bin\.10263\/GOMC\.bin\.10263\.sprot\.tmp\.3406524\.faa | parallel --gnu --plain -j 4 --block 85935 --recstart '>' --pipe blastp -query - -db /home/joao_facio/miniconda3/envs/prokka/db/kingdom/Bacteria/sprot -evalue 1e-09 -qcov_hsp_perc 80 -num_threads 1 -num_descriptions 1 -num_alignments 1 -seg no > \.\.\/\.\.\/Data\/Chen_Analysis\/Prokka\/Bacteria\/GOMC\.bin\.10263\/GOMC\.bin\.10263\.sprot\.tmp\.3406524\.blast 2> /dev/null
[09:45:57] Modify product: Putative zinc metalloprotease aq_1964 => Putative zinc metalloprotease
[09:45:57] Modify product: UPF0403 protein YphP => hypothetical protein
[09:45:57] Modify product: Uncharacterized protein YedJ => putative protein YedJ
[09:45:57] Modify product: UPF0176 protein YceA => hypothetical protein
[09:45:57] Modify product: NADH dehydrogenase-like protein SAOUHSC_00878 => NADH dehydrogenase-like protein
[09:45:57] Modify product: UPF0126 inner membrane protein YadS => hypothetical protein
[09:45:57] Modify product: UPF0126 inner membrane protein YadS => hypothetical protein
[09:45:57] Modify product: Uncharacterized protein M6_Spy0233 => putative protein
[09:45:57] Modify product: Uncharacterized glycosyltransferase Rv0539 => putative glycosyltransferase
[09:45:57] Modify product: Uncharacterized protein HI_0933 => putative protein
[09:45:57] Modify product: Uncharacterized sugar kinase YdjH => putative sugar kinase YdjH
[09:45:57] Modify product: Uncharacterized protein YqjZ => putative protein YqjZ
[09:45:57] Modify product: Uncharacterized protein Rv1480 => putative protein
[09:45:57] Modify product: UPF0353 protein Rv1481 => hypothetical protein
[09:45:57] Modify product: Uncharacterized protein YqeN => putative protein YqeN
[09:45:57] Modify product: UPF0173 metal-dependent hydrolase TM_1162 => hypothetical protein
[09:45:57] Modify product: Probable propionyl-CoA carboxylase beta chain 5 => putative propionyl-CoA carboxylase beta chain 5
[09:45:57] Modify product: Probable RNA polymerase sigma factor FecI => putative RNA polymerase sigma factor FecI
[09:45:57] Modify product: Uncharacterized protein YciO => putative protein YciO
[09:45:57] Modify product: Probable nicotinate-nucleotide pyrophosphorylase [carboxylating] => putative nicotinate-nucleotide pyrophosphorylase [carboxylating]
[09:45:57] Modify product: Putative low molecular weight protein-tyrosine-phosphatase slr0328 => Putative low molecular weight protein-tyrosine-phosphatase
[09:45:57] Modify product: Uncharacterized protein HI_1349 => putative protein
[09:45:57] Modify product: Probable transcriptional regulatory protein NarL => putative transcriptional regulatory protein NarL
[09:45:57] Modify product: UPF0382 membrane protein YwdK => hypothetical protein
[09:45:57] Modify product: Probable ATP-dependent transporter SufC => putative ATP-dependent transporter SufC
[09:45:57] Modify product: Uncharacterized protein YpjD => putative protein YpjD
[09:45:57] Modify product: Putative cystathionine beta-synthase Rv1077 => Putative cystathionine beta-synthase
[09:45:57] Modify product: Nucleoid-associated protein HI_0442 => Nucleoid-associated protein
[09:45:57] Modify product: UPF0339 protein YegP => hypothetical protein
[09:45:57] Modify product: UPF0053 protein Rv2366c => hypothetical protein
[09:45:57] Modify product: Putative outer membrane protein NMB0088 => Putative outer membrane protein
[09:45:57] Modify product: Uncharacterized ABC transporter ATP-binding protein YknY => putative ABC transporter ATP-binding protein YknY
[09:45:57] Modify product: Epimerase family protein SA0724 => Epimerase family protein
[09:45:57] Modify product: Uncharacterized protein YhaP => putative protein YhaP
[09:45:57] Modify product: Uncharacterized ABC transporter ATP-binding protein YknY => putative ABC transporter ATP-binding protein YknY
[09:45:57] Modify product: PGL/p-HBAD biosynthesis glycosyltransferase Rv2957 => PGL/p-HBAD biosynthesis glycosyltransferase
[09:45:57] Modify product: Uncharacterized glycosyltransferase Rv1514c => putative glycosyltransferase
[09:45:57] Modify product: Probable chaperone CsaA => putative chaperone CsaA
[09:45:57] Modify product: Probable multidrug resistance ABC transporter ATP-binding/permease protein YheI => putative multidrug resistance ABC transporter ATP-binding/permease protein YheI
[09:45:57] Modify product: UPF0301 protein YqgE => hypothetical protein
[09:45:57] Modify product: Acetyltransferase PA3944 => Acetyltransferase
[09:45:57] Modify product: Probable 2,4-dienoyl-CoA reductase => putative 2,4-dienoyl-CoA reductase
[09:45:57] Modify product: Probable chromosome-partitioning protein ParB => putative chromosome-partitioning protein ParB
[09:45:57] Modify product: Uncharacterized protein Rv1507c => putative protein
[09:45:57] Modify product: DNA-binding protein VF_0530 => DNA-binding protein
[09:45:57] Modify product: Acetyltransferase PA3944 => Acetyltransferase
[09:45:57] Modify product: Probable GTP-binding protein EngB => putative GTP-binding protein EngB
[09:45:57] Modify product: Probable peptidoglycan glycosyltransferase FtsW => putative peptidoglycan glycosyltransferase FtsW
[09:45:57] Modify product: Uncharacterized protein YqeY => putative protein YqeY
[09:45:57] Modify product: UPF0056 inner membrane protein YhgN => hypothetical protein
[09:45:57] Modify product: Uncharacterized ABC transporter ATP-binding protein TM_0288 => putative ABC transporter ATP-binding protein
[09:45:57] Modify product: GTP cyclohydrolase 1 type 2 homolog => GTP cyclohydrolase 1 type 2 
[09:45:57] Modify product: Uncharacterized ABC transporter ATP-binding protein YheS => putative ABC transporter ATP-binding protein YheS
[09:45:57] Modify product: UPF0053 inner membrane protein YfjD => hypothetical protein
[09:45:57] Modify product: Probable adenylyltransferase/sulfurtransferase MoeZ => putative adenylyltransferase/sulfurtransferase MoeZ
[09:45:57] Modify product: Putative formate dehydrogenase SA2102 => Putative formate dehydrogenase
[09:45:57] Modify product: Uncharacterized epimerase/dehydratase SA0511 => putative epimerase/dehydratase
[09:45:57] Modify product: Bifunctional protein FolD => Bifunctional protein FolD protein
[09:45:57] Modify product: UPF0701 protein HI_0467 => hypothetical protein
[09:45:57] Modify product: Uncharacterized protein HI_1349 => putative protein
[09:45:57] Modify product: Probable 3-hydroxybutyryl-CoA dehydrogenase => putative 3-hydroxybutyryl-CoA dehydrogenase
[09:45:57] Modify product: Putative cystathionine beta-synthase Rv1077 => Putative cystathionine beta-synthase
[09:45:57] Modify product: Probable 3-hydroxyacyl-CoA dehydrogenase => putative 3-hydroxyacyl-CoA dehydrogenase
[09:45:57] Modify product: Probable acyl-CoA dehydrogenase => putative acyl-CoA dehydrogenase
[09:45:57] Modify product: Uncharacterized protein Rv0959 => putative protein
[09:45:57] Modify product: Probable murein peptide carboxypeptidase => putative murein peptide carboxypeptidase
[09:45:57] Modify product: UPF0102 protein RPA0323 => hypothetical protein
[09:45:57] Modify product: Probable cysteine desulfurase => putative cysteine desulfurase
[09:45:57] Modify product: Peptidoglycan-N-acetylglucosamine deacetylase BC_3618 => Peptidoglycan-N-acetylglucosamine deacetylase
[09:45:57] Modify product: Uncharacterized protein YjbR => putative protein YjbR
[09:45:57] Modify product: Uncharacterized DapA-like lyase => putative DapA-like lyase
[09:45:57] Modify product: Uncharacterized peptidase SA1530 => putative peptidase
[09:45:57] Cleaned 72 /product names
[09:45:57] Deleting unwanted file: ../../Data/Chen_Analysis/Prokka/Bacteria/GOMC.bin.10263/GOMC.bin.10263.sprot.tmp.3406524.faa
[09:45:57] Deleting unwanted file: ../../Data/Chen_Analysis/Prokka/Bacteria/GOMC.bin.10263/GOMC.bin.10263.sprot.tmp.3406524.blast
[09:45:58] There are still 1475 unannotated CDS left (started with 2213)
[09:45:58] Will use hmmer3 to search against /home/joao_facio/miniconda3/envs/prokka/db/hmm/HAMAP.hmm with 4 CPUs
[09:45:58] Running: cat \.\.\/\.\.\/Data\/Chen_Analysis\/Prokka\/Bacteria\/GOMC\.bin\.10263\/GOMC\.bin\.10263\.HAMAP\.hmm\.tmp\.3406524\.faa | parallel --gnu --plain -j 4 --block 53485 --recstart '>' --pipe hmmscan --noali --notextw --acc -E 1e-09 --cpu 1 /home/joao_facio/miniconda3/envs/prokka/db/hmm/HAMAP.hmm /dev/stdin > \.\.\/\.\.\/Data\/Chen_Analysis\/Prokka\/Bacteria\/GOMC\.bin\.10263\/GOMC\.bin\.10263\.HAMAP\.hmm\.tmp\.3406524\.hmmer3 2> /dev/null
[09:46:08] Modify product: Uncharacterized Nudix hydrolase NudL => putative Nudix hydrolase NudL
[09:46:09] Cleaned 1 /product names
[09:46:09] Deleting unwanted file: ../../Data/Chen_Analysis/Prokka/Bacteria/GOMC.bin.10263/GOMC.bin.10263.HAMAP.hmm.tmp.3406524.faa
[09:46:09] Deleting unwanted file: ../../Data/Chen_Analysis/Prokka/Bacteria/GOMC.bin.10263/GOMC.bin.10263.HAMAP.hmm.tmp.3406524.hmmer3
[09:46:09] Labelling remaining 1293 proteins as 'hypothetical protein'
[09:46:09] Possible /pseudo 'Methionine synthase' at k63_154712 position 4018
[09:46:09] Possible /pseudo 'Macrolide export ATP-binding/permease protein MacB' at k63_3113 position 31301
[09:46:09] Possible /pseudo 'IS3 family transposase ISLbl2' at k63_322795 position 27480
[09:46:09] Possible /pseudo 'Lipid III flippase' at k63_124519 position 33292
[09:46:09] Possible /pseudo 'Beta-galactosidase' at k63_297551 position 22598
[09:46:09] Found 711 unique /gene codes.
[09:46:09] Fixed 2 duplicate /gene - bamA_1 bamA_2
[09:46:09] Fixed 2 duplicate /gene - fcl_1 fcl_2
[09:46:09] Fixed 3 duplicate /gene - mshA_1 mshA_2 mshA_3
[09:46:09] Fixed 3 duplicate /gene - mdtA_1 mdtA_2 mdtA_3
[09:46:09] Fixed 2 duplicate /gene - metC_1 metC_2
[09:46:09] Fixed 2 duplicate /gene - dxs_1 dxs_2
[09:46:09] Fixed 3 duplicate /gene - rcsC_1 rcsC_2 rcsC_3
[09:46:09] Fixed 2 duplicate /gene - thrA_1 thrA_2
[09:46:09] Fixed 2 duplicate /gene - bicA_1 bicA_2
[09:46:09] Fixed 5 duplicate /gene - btuB_1 btuB_2 btuB_3 btuB_4 btuB_5
[09:46:09] Fixed 3 duplicate /gene - xerC_1 xerC_2 xerC_3
[09:46:09] Fixed 7 duplicate /gene - sasA_1 sasA_2 sasA_3 sasA_4 sasA_5 sasA_6 sasA_7
[09:46:09] Fixed 2 duplicate /gene - lspA_1 lspA_2
[09:46:09] Fixed 2 duplicate /gene - dcyD_1 dcyD_2
[09:46:09] Fixed 2 duplicate /gene - lytR_1 lytR_2
[09:46:09] Fixed 2 duplicate /gene - comM_1 comM_2
[09:46:09] Fixed 2 duplicate /gene - rhaR_1 rhaR_2
[09:46:09] Fixed 3 duplicate /gene - arnC_1 arnC_2 arnC_3
[09:46:09] Fixed 3 duplicate /gene - argD_1 argD_2 argD_3
[09:46:09] Fixed 3 duplicate /gene - lnrL_1 lnrL_2 lnrL_3
[09:46:09] Fixed 2 duplicate /gene - COQ3_1 COQ3_2
[09:46:09] Fixed 2 duplicate /gene - degU_1 degU_2
[09:46:09] Fixed 2 duplicate /gene - ypdB_1 ypdB_2
[09:46:09] Fixed 2 duplicate /gene - kdsD_1 kdsD_2
[09:46:09] Fixed 2 duplicate /gene - deaD_1 deaD_2
[09:46:09] Fixed 2 duplicate /gene - patA_1 patA_2
[09:46:09] Fixed 3 duplicate /gene - acpP_1 acpP_2 acpP_3
[09:46:09] Fixed 2 duplicate /gene - hchA_1 hchA_2
[09:46:09] Fixed 2 duplicate /gene - yknY_1 yknY_2
[09:46:09] Fixed 3 duplicate /gene - nreC_1 nreC_2 nreC_3
[09:46:09] Fixed 2 duplicate /gene - clpP_1 clpP_2
[09:46:09] Fixed 2 duplicate /gene - kdsA_1 kdsA_2
[09:46:09] Fixed 3 duplicate /gene - hutI_1 hutI_2 hutI_3
[09:46:09] Fixed 2 duplicate /gene - lptB_1 lptB_2
[09:46:09] Fixed 3 duplicate /gene - algU_1 algU_2 algU_3
[09:46:09] Fixed 7 duplicate /gene - pal_1 pal_2 pal_3 pal_4 pal_5 pal_6 pal_7
[09:46:09] Fixed 2 duplicate /gene - nfuA_1 nfuA_2
[09:46:09] Fixed 2 duplicate /gene - moaA_1 moaA_2
[09:46:09] Fixed 2 duplicate /gene - fabH_1 fabH_2
[09:46:09] Fixed 2 duplicate /gene - mdtC_1 mdtC_2
[09:46:09] Fixed 5 duplicate /gene - rhaS_1 rhaS_2 rhaS_3 rhaS_4 rhaS_5
[09:46:09] Fixed 3 duplicate /gene - surA_1 surA_2 surA_3
[09:46:09] Fixed 2 duplicate /gene - ftsH_1 ftsH_2
[09:46:09] Fixed 2 duplicate /gene - mmgC_1 mmgC_2
[09:46:09] Fixed 2 duplicate /gene - iaaA_1 iaaA_2
[09:46:09] Fixed 2 duplicate /gene - tolB_1 tolB_2
[09:46:09] Fixed 3 duplicate /gene - rgtE_1 rgtE_2 rgtE_3
[09:46:09] Fixed 2 duplicate /gene - rpoE_1 rpoE_2
[09:46:09] Fixed 2 duplicate /gene - ilvE_1 ilvE_2
[09:46:09] Fixed 2 duplicate /gene - nhaP_1 nhaP_2
[09:46:09] Fixed 2 duplicate /gene - trxA_1 trxA_2
[09:46:09] Fixed 3 duplicate /gene - resA_1 resA_2 resA_3
[09:46:09] Fixed 2 duplicate /gene - rsmI_1 rsmI_2
[09:46:09] Fixed 2 duplicate /gene - mutS_1 mutS_2
[09:46:09] Fixed 2 duplicate /gene - ade_1 ade_2
[09:46:09] Fixed 2 duplicate /gene - bepA_1 bepA_2
[09:46:09] Fixed 2 duplicate /gene - malT_1 malT_2
[09:46:09] Fixed 2 duplicate /gene - atpH_1 atpH_2
[09:46:09] Fixed 2 duplicate /gene - mnmC_1 mnmC_2
[09:46:09] Fixed 2 duplicate /gene - mtgA_1 mtgA_2
[09:46:09] Fixed 2 duplicate /gene - paaE_1 paaE_2
[09:46:09] Fixed 2 duplicate /gene - aqpZ2_1 aqpZ2_2
[09:46:09] Fixed 2 duplicate /gene - sigW_1 sigW_2
[09:46:09] Fixed 2 duplicate /gene - pcrA_1 pcrA_2
[09:46:09] Fixed 2 duplicate /gene - hutG_1 hutG_2
[09:46:09] Fixed 2 duplicate /gene - lacZ_1 lacZ_2
[09:46:09] Fixed 2 duplicate /gene - trmH_1 trmH_2
[09:46:09] Fixed 4 duplicate /gene - macB_1 macB_2 macB_3 macB_4
[09:46:09] Fixed 2 duplicate /gene - COQ5_1 COQ5_2
[09:46:09] Fixed 4 duplicate /gene - fabF_1 fabF_2 fabF_3 fabF_4
[09:46:09] Fixed 2 duplicate /gene - cbs_1 cbs_2
[09:46:09] Fixed 2 duplicate /gene - metH_1 metH_2
[09:46:09] Fixed 2 duplicate /gene - wzxE_1 wzxE_2
[09:46:09] Fixed 2 duplicate /gene - gloB_1 gloB_2
[09:46:09] Fixed 3 duplicate /gene - cpoB_1 cpoB_2 cpoB_3
[09:46:09] Fixed 2 duplicate /gene - murG_1 murG_2
[09:46:09] Fixed 2 duplicate /gene - rlmB_1 rlmB_2
[09:46:09] Fixed 3 duplicate /gene - btuD_1 btuD_2 btuD_3
[09:46:09] Fixed 2 duplicate /gene - wbgU_1 wbgU_2
[09:46:09] Fixed 79 colliding /gene names.
[09:46:09] Adding /locus_tag identifiers
[09:46:09] Assigned 2226 locus_tags to CDS and RNA features.
[09:46:09] Writing outputs to ../../Data/Chen_Analysis/Prokka/Bacteria/GOMC.bin.10263/
[09:46:09] Generating annotation statistics file
[09:46:09] Generating Genbank and Sequin files
[09:46:09] Running: tbl2asn -V b -a r10k -l paired-ends -M n -N 1 -y 'Annotated using prokka 1.14.6 from https://github.com/tseemann/prokka' -Z \.\.\/\.\.\/Data\/Chen_Analysis\/Prokka\/Bacteria\/GOMC\.bin\.10263\/GOMC\.bin\.10263\.err -i \.\.\/\.\.\/Data\/Chen_Analysis\/Prokka\/Bacteria\/GOMC\.bin\.10263\/GOMC\.bin\.10263\.fsa 2> /dev/null
[09:46:11] Deleting unwanted file: ../../Data/Chen_Analysis/Prokka/Bacteria/GOMC.bin.10263/errorsummary.val
[09:46:11] Deleting unwanted file: ../../Data/Chen_Analysis/Prokka/Bacteria/GOMC.bin.10263/GOMC.bin.10263.dr
[09:46:11] Deleting unwanted file: ../../Data/Chen_Analysis/Prokka/Bacteria/GOMC.bin.10263/GOMC.bin.10263.fixedproducts
[09:46:11] Deleting unwanted file: ../../Data/Chen_Analysis/Prokka/Bacteria/GOMC.bin.10263/GOMC.bin.10263.ecn
[09:46:11] Deleting unwanted file: ../../Data/Chen_Analysis/Prokka/Bacteria/GOMC.bin.10263/GOMC.bin.10263.val
[09:46:11] Repairing broken .GBK output that tbl2asn produces...
[09:46:11] Running: sed 's/COORDINATES: profile/COORDINATES:profile/' < \.\.\/\.\.\/Data\/Chen_Analysis\/Prokka\/Bacteria\/GOMC\.bin\.10263\/GOMC\.bin\.10263\.gbf > \.\.\/\.\.\/Data\/Chen_Analysis\/Prokka\/Bacteria\/GOMC\.bin\.10263\/GOMC\.bin\.10263\.gbk
[09:46:11] Deleting unwanted file: ../../Data/Chen_Analysis/Prokka/Bacteria/GOMC.bin.10263/GOMC.bin.10263.gbf
[09:46:11] Output files:
[09:46:11] ../../Data/Chen_Analysis/Prokka/Bacteria/GOMC.bin.10263/GOMC.bin.10263.gbk
[09:46:11] ../../Data/Chen_Analysis/Prokka/Bacteria/GOMC.bin.10263/GOMC.bin.10263.txt
[09:46:11] ../../Data/Chen_Analysis/Prokka/Bacteria/GOMC.bin.10263/GOMC.bin.10263.tbl
[09:46:11] ../../Data/Chen_Analysis/Prokka/Bacteria/GOMC.bin.10263/GOMC.bin.10263.log
[09:46:11] ../../Data/Chen_Analysis/Prokka/Bacteria/GOMC.bin.10263/GOMC.bin.10263.ffn
[09:46:11] ../../Data/Chen_Analysis/Prokka/Bacteria/GOMC.bin.10263/GOMC.bin.10263.err
[09:46:11] ../../Data/Chen_Analysis/Prokka/Bacteria/GOMC.bin.10263/GOMC.bin.10263.faa
[09:46:11] ../../Data/Chen_Analysis/Prokka/Bacteria/GOMC.bin.10263/GOMC.bin.10263.gff
[09:46:11] ../../Data/Chen_Analysis/Prokka/Bacteria/GOMC.bin.10263/GOMC.bin.10263.sqn
[09:46:11] ../../Data/Chen_Analysis/Prokka/Bacteria/GOMC.bin.10263/GOMC.bin.10263.fsa
[09:46:11] ../../Data/Chen_Analysis/Prokka/Bacteria/GOMC.bin.10263/GOMC.bin.10263.tsv
[09:46:11] ../../Data/Chen_Analysis/Prokka/Bacteria/GOMC.bin.10263/GOMC.bin.10263.fna
[09:46:11] Annotation finished successfully.
[09:46:11] Walltime used: 1.12 minutes
[09:46:11] If you use this result please cite the Prokka paper:
[09:46:11] Seemann T (2014) Prokka: rapid prokaryotic genome annotation. Bioinformatics. 30(14):2068-9.
[09:46:11] Type 'prokka --citation' for more details.
[09:46:11] Share and enjoy!
