[09:28:47] This is prokka 1.14.6
[09:28:47] Written by Torsten Seemann <torsten.seemann@gmail.com>
[09:28:47] Homepage is https://github.com/tseemann/prokka
[09:28:47] Local time is Mon Dec  1 09:28:47 2025
[09:28:47] You are joao_facio
[09:28:47] Operating system is linux
[09:28:47] You have BioPerl 1.7.8
[09:28:47] System has 12 cores.
[09:28:47] Will use maximum of 4 cores.
[09:28:47] Annotating as >>> Bacteria <<<
[09:28:47] Generating locus_tag from '/tmp/tmp6gns85ah/GOMC.bin.3880.fa' contents.
[09:28:47] Setting --locustag ACBJBJNL from MD5 acb3b37554be098a2897c37730be8734
[09:28:47] Creating new output folder: ../../Data/Chen_Analysis/Prokka/Bacteria/GOMC.bin.3880
[09:28:47] Running: mkdir -p \.\.\/\.\.\/Data\/Chen_Analysis\/Prokka\/Bacteria\/GOMC\.bin\.3880
[09:28:47] Using filename prefix: GOMC.bin.3880.XXX
[09:28:47] Setting HMMER_NCPU=1
[09:28:47] Writing log to: ../../Data/Chen_Analysis/Prokka/Bacteria/GOMC.bin.3880/GOMC.bin.3880.log
[09:28:47] Command: /home/joao_facio/miniconda3/envs/prokka/bin/prokka --outdir ../../Data/Chen_Analysis/Prokka/Bacteria/GOMC.bin.3880 --prefix GOMC.bin.3880 --kingdom Bacteria --genus Oceanithermus --strain GOMC.bin.3880 --cpus 4 --force /tmp/tmp6gns85ah/GOMC.bin.3880.fa
[09:28:47] Appending to PATH: /home/joao_facio/miniconda3/envs/prokka/bin
[09:28:47] Looking for 'aragorn' - found /home/joao_facio/miniconda3/envs/prokka/bin/aragorn
[09:28:47] Determined aragorn version is 001002 from 'ARAGORN v1.2.41 Dean Laslett'
[09:28:47] Looking for 'barrnap' - found /home/joao_facio/miniconda3/envs/prokka/bin/barrnap
[09:28:47] Determined barrnap version is 000009 from 'barrnap 0.9'
[09:28:47] Looking for 'blastp' - found /home/joao_facio/miniconda3/envs/prokka/bin/blastp
[09:28:47] Determined blastp version is 002016 from 'blastp: 2.16.0+'
[09:28:47] Looking for 'cmpress' - found /home/joao_facio/miniconda3/envs/prokka/bin/cmpress
[09:28:47] Determined cmpress version is 001001 from '# INFERNAL 1.1.5 (Sep 2023)'
[09:28:47] Looking for 'cmscan' - found /home/joao_facio/miniconda3/envs/prokka/bin/cmscan
[09:28:47] Determined cmscan version is 001001 from '# INFERNAL 1.1.5 (Sep 2023)'
[09:28:47] Looking for 'egrep' - found /usr/bin/egrep
[09:28:47] Looking for 'find' - found /usr/bin/find
[09:28:47] Looking for 'grep' - found /usr/bin/grep
[09:28:47] Looking for 'hmmpress' - found /home/joao_facio/miniconda3/envs/prokka/bin/hmmpress
[09:28:47] Determined hmmpress version is 003004 from '# HMMER 3.4 (Aug 2023); http://hmmer.org/'
[09:28:47] Looking for 'hmmscan' - found /home/joao_facio/miniconda3/envs/prokka/bin/hmmscan
[09:28:47] Determined hmmscan version is 003004 from '# HMMER 3.4 (Aug 2023); http://hmmer.org/'
[09:28:47] Looking for 'java' - found /home/joao_facio/miniconda3/envs/prokka/bin/java
[09:28:47] Looking for 'makeblastdb' - found /home/joao_facio/miniconda3/envs/prokka/bin/makeblastdb
[09:28:47] Determined makeblastdb version is 002016 from 'makeblastdb: 2.16.0+'
[09:28:47] Looking for 'minced' - found /home/joao_facio/miniconda3/envs/prokka/bin/minced
[09:28:47] Determined minced version is 004002 from 'minced 0.4.2'
[09:28:47] Looking for 'parallel' - found /home/joao_facio/miniconda3/envs/prokka/bin/parallel
[09:28:47] Determined parallel version is 20251122 from 'GNU parallel 20251122'
[09:28:47] Looking for 'prodigal' - found /home/joao_facio/miniconda3/envs/prokka/bin/prodigal
[09:28:47] Determined prodigal version is 002006 from 'Prodigal V2.6.3: February, 2016'
[09:28:47] Looking for 'prokka-genbank_to_fasta_db' - found /home/joao_facio/miniconda3/envs/prokka/bin/prokka-genbank_to_fasta_db
[09:28:47] Looking for 'sed' - found /usr/bin/sed
[09:28:47] Looking for 'tbl2asn' - found /home/joao_facio/miniconda3/envs/prokka/bin/tbl2asn
[09:28:47] Determined tbl2asn version is 025007 from 'tbl2asn 25.7   arguments:'
[09:28:47] Using genetic code table 11.
[09:28:47] Loading and checking input file: /tmp/tmp6gns85ah/GOMC.bin.3880.fa
[09:28:47] Wrote 400 contigs totalling 1732134 bp.
[09:28:47] Predicting tRNAs and tmRNAs
[09:28:47] Running: aragorn -l -gc11  -w \.\.\/\.\.\/Data\/Chen_Analysis\/Prokka\/Bacteria\/GOMC\.bin\.3880\/GOMC\.bin\.3880\.fna
[09:28:47] 1 tRNA-Lys c[8592,8667] 34 (ctt)
[09:28:47] 1 tRNA-Pro [736,827] 35 (ggg)
[09:28:47] 1 tRNA-Met [7767,7843] 35 (cat)
[09:28:47] 1 tRNA-Leu c[677,763] 35 (cag)
[09:28:47] 1 tRNA-Ser c[2436,2525] 35 (gga)
[09:28:47] 1 tRNA-Pro c[3066,3142] 35 (cgg)
[09:28:47] 1 tRNA-Cys [3707,3781] 33 (gca)
[09:28:47] 2 tRNA-Val [3788,3864] 35 (gac)
[09:28:47] 1 tRNA-Ala [362,436] 33 (tgc)
[09:28:47] 1 tRNA-Trp [1236,1311] 34 (cca)
[09:28:47] 1 tRNA-Arg [15,91] 35 (acg)
[09:28:47] 1 tRNA-Leu c[1365,1449] 35 (tag)
[09:28:47] 2 tRNA-His c[1508,1584] 35 (gtg)
[09:28:47] 1 tRNA-Leu [2480,2566] 35 (caa)
[09:28:47] 1 tRNA-Lys c[5065,5141] 35 (ttt)
[09:28:47] 1 tRNA-Gln [6,79] 33 (ttg)
[09:28:47] 1 tRNA-Leu c[2646,2733] 35 (gag)
[09:28:47] tRNA c[722,814] is a pseudo/wacky gene - skipping.
[09:28:47] 1 tRNA-Ala [5392,5467] 34 (cgc)
[09:28:47] 1 tRNA-Asp c[36,107] 33 (gtc)
[09:28:47] 1 tmRNA c[1911,2262] 94,123 GNDNYALAA*
[09:28:47] 1 tRNA-Pro [1804,1880] 35 (tgg)
[09:28:47] 2 tRNA-Gly [1885,1960] 34 (tcc)
[09:28:47] 3 tRNA-Arg [1994,2069] 34 (tct)
[09:28:47] 1 tRNA-Thr [743,817] 33 (cgt)
[09:28:47] 1 tRNA-Ile [188,263] 34 (gat)
[09:28:47] 1 tRNA-Arg c[6239,6315] 35 (cct)
[09:28:47] 2 tRNA-Pro c[7524,7600] 35 (ggg)
[09:28:48] 1 tRNA-Asn c[198,273] 34 (gtt)
[09:28:48] 1 tRNA-Val c[3708,3784] 35 (tac)
[09:28:48] 1 tRNA-Val [66,142] 35 (cac)
[09:28:48] 1 tRNA-Thr [1694,1769] 34 (tgt)
[09:28:48] 2 tRNA-Tyr [1781,1866] 35 (gta)
[09:28:48] 3 tRNA-Gly [1870,1945] 34 (ccc)
[09:28:48] 4 tRNA-Thr [1951,2026] 34 (ggt)
[09:28:48] 1 tRNA-Glu c[948,1023] 35 (ctc)
[09:28:48] 2 tRNA-Glu c[1045,1119] 34 (ttc)
[09:28:48] 3 tRNA-Gln c[1123,1196] 33 (ctg)
[09:28:48] Found 37 tRNAs
[09:28:48] Predicting Ribosomal RNAs
[09:28:48] Running Barrnap with 4 threads
[09:28:48] Found 0 rRNAs
[09:28:48] Skipping ncRNA search, enable with --rfam if desired.
[09:28:48] Total of 36 tRNA + rRNA features
[09:28:48] Searching for CRISPR repeats
[09:28:48] CRISPR1 SRR8439171_k53_224564_1 2170 with 4 spacers
[09:28:48] Found 1 CRISPRs
[09:28:48] Predicting coding sequences
[09:28:48] Contigs total 1732134 bp, so using single mode
[09:28:48] Running: prodigal -i \.\.\/\.\.\/Data\/Chen_Analysis\/Prokka\/Bacteria\/GOMC\.bin\.3880\/GOMC\.bin\.3880\.fna -c -m -g 11 -p single -f sco -q
[09:28:51] Excluding CDS which overlaps existing RNA (tRNA) at SRR8439171_k53_5701_1:33..1265 on + strand
[09:28:51] Excluding CDS which overlaps existing RNA (tRNA) at SRR8439171_k53_115371_1:13..369 on + strand
[09:28:51] Excluding CDS which overlaps existing RNA (tRNA) at SRR8439171_k53_542070_1:9..953 on + strand
[09:28:51] Found 1781 CDS
[09:28:51] Connecting features back to sequences
[09:28:51] Not using genus-specific database. Try --usegenus to enable it.
[09:28:51] Annotating CDS, please be patient.
[09:28:51] Will use 4 CPUs for similarity searching.
[09:28:51] There are still 1781 unannotated CDS left (started with 1781)
[09:28:51] Will use blast to search against /home/joao_facio/miniconda3/envs/prokka/db/kingdom/Bacteria/IS with 4 CPUs
[09:28:51] Running: cat \.\.\/\.\.\/Data\/Chen_Analysis\/Prokka\/Bacteria\/GOMC\.bin\.3880\/GOMC\.bin\.3880\.IS\.tmp\.3375523\.faa | parallel --gnu --plain -j 4 --block 62166 --recstart '>' --pipe blastp -query - -db /home/joao_facio/miniconda3/envs/prokka/db/kingdom/Bacteria/IS -evalue 1e-30 -qcov_hsp_perc 90 -num_threads 1 -num_descriptions 1 -num_alignments 1 -seg no > \.\.\/\.\.\/Data\/Chen_Analysis\/Prokka\/Bacteria\/GOMC\.bin\.3880\/GOMC\.bin\.3880\.IS\.tmp\.3375523\.blast 2> /dev/null
[09:28:57] Deleting unwanted file: ../../Data/Chen_Analysis/Prokka/Bacteria/GOMC.bin.3880/GOMC.bin.3880.IS.tmp.3375523.faa
[09:28:57] Deleting unwanted file: ../../Data/Chen_Analysis/Prokka/Bacteria/GOMC.bin.3880/GOMC.bin.3880.IS.tmp.3375523.blast
[09:28:57] There are still 1781 unannotated CDS left (started with 1781)
[09:28:57] Will use blast to search against /home/joao_facio/miniconda3/envs/prokka/db/kingdom/Bacteria/AMR with 4 CPUs
[09:28:57] Running: cat \.\.\/\.\.\/Data\/Chen_Analysis\/Prokka\/Bacteria\/GOMC\.bin\.3880\/GOMC\.bin\.3880\.AMR\.tmp\.3375523\.faa | parallel --gnu --plain -j 4 --block 62166 --recstart '>' --pipe blastp -query - -db /home/joao_facio/miniconda3/envs/prokka/db/kingdom/Bacteria/AMR -evalue 1e-300 -qcov_hsp_perc 90 -num_threads 1 -num_descriptions 1 -num_alignments 1 -seg no > \.\.\/\.\.\/Data\/Chen_Analysis\/Prokka\/Bacteria\/GOMC\.bin\.3880\/GOMC\.bin\.3880\.AMR\.tmp\.3375523\.blast 2> /dev/null
[09:29:01] Deleting unwanted file: ../../Data/Chen_Analysis/Prokka/Bacteria/GOMC.bin.3880/GOMC.bin.3880.AMR.tmp.3375523.faa
[09:29:01] Deleting unwanted file: ../../Data/Chen_Analysis/Prokka/Bacteria/GOMC.bin.3880/GOMC.bin.3880.AMR.tmp.3375523.blast
[09:29:01] There are still 1781 unannotated CDS left (started with 1781)
[09:29:01] Will use blast to search against /home/joao_facio/miniconda3/envs/prokka/db/kingdom/Bacteria/sprot with 4 CPUs
[09:29:01] Running: cat \.\.\/\.\.\/Data\/Chen_Analysis\/Prokka\/Bacteria\/GOMC\.bin\.3880\/GOMC\.bin\.3880\.sprot\.tmp\.3375523\.faa | parallel --gnu --plain -j 4 --block 62166 --recstart '>' --pipe blastp -query - -db /home/joao_facio/miniconda3/envs/prokka/db/kingdom/Bacteria/sprot -evalue 1e-09 -qcov_hsp_perc 80 -num_threads 1 -num_descriptions 1 -num_alignments 1 -seg no > \.\.\/\.\.\/Data\/Chen_Analysis\/Prokka\/Bacteria\/GOMC\.bin\.3880\/GOMC\.bin\.3880\.sprot\.tmp\.3375523\.blast 2> /dev/null
[09:29:24] Modify product: UPF0340 protein TT_C0214 => hypothetical protein
[09:29:24] Modify product: Fatty acid-binding protein TM_1468 => Fatty acid-binding protein
[09:29:24] Modify product: Ribonuclease TTHA0252 => Ribonuclease
[09:29:24] Modify product: Probable multidrug ABC transporter permease YbhR => putative multidrug ABC transporter permease YbhR
[09:29:24] Modify product: Probable GTPase Rv1496 => putative GTPase
[09:29:25] Modify product: UPF0051 protein SA0778 => hypothetical protein
[09:29:25] Modify product: Uncharacterized MFS-type transporter YfcJ => putative MFS-type transporter YfcJ
[09:29:25] Modify product: Probable transaldolase => putative transaldolase
[09:29:25] Modify product: Probable ABC transporter-binding protein DR_1438 => putative ABC transporter-binding protein
[09:29:25] Modify product: Probable flavin reductase => putative flavin reductase
[09:29:25] Modify product: Uncharacterized protein Spy1614 => putative protein
[09:29:25] Modify product: Uncharacterized methyltransferase Rv3342 => putative methyltransferase
[09:29:25] Modify product: Segregation and condensation protein B homolog => Segregation and condensation protein B 
[09:29:25] Modify product: Probable 2-phosphosulfolactate phosphatase => putative 2-phosphosulfolactate phosphatase
[09:29:25] Modify product: Probable glycine dehydrogenase (decarboxylating) subunit 2 => putative glycine dehydrogenase (decarboxylating) subunit 2
[09:29:25] Modify product: Probable glycine dehydrogenase (decarboxylating) subunit 1 => putative glycine dehydrogenase (decarboxylating) subunit 1
[09:29:25] Modify product: Uncharacterized FAD-linked oxidoreductase Rv2280 => putative FAD-linked oxidoreductase
[09:29:25] Modify product: Uncharacterized protein YpjD => putative protein YpjD
[09:29:25] Modify product: Probable peptidoglycan D,D-transpeptidase PenA => putative peptidoglycan D,D-transpeptidase PenA
[09:29:25] Modify product: Uncharacterized protein YisK => putative protein YisK
[09:29:25] Modify product: Uncharacterized ABC transporter ATP-binding protein TM_0288 => putative ABC transporter ATP-binding protein
[09:29:25] Modify product: Probable multidrug resistance ABC transporter ATP-binding/permease protein YheI => putative multidrug resistance ABC transporter ATP-binding/permease protein YheI
[09:29:25] Modify product: Uncharacterized acyl-CoA thioester hydrolase HI_0827 => putative acyl-CoA thioester hydrolase
[09:29:25] Modify product: Uncharacterized ABC transporter ATP-binding protein Rv0986 => putative ABC transporter ATP-binding protein
[09:29:25] Modify product: UPF0056 inner membrane protein YhgN => hypothetical protein
[09:29:25] Modify product: Bifunctional protein FolD => Bifunctional protein FolD protein
[09:29:25] Modify product: Uncharacterized protein aq_328 => putative protein aq_328
[09:29:25] Modify product: Probable UbiX-like flavin prenyltransferase => putative UbiX-like flavin prenyltransferase
[09:29:25] Modify product: Probable cation-transporting ATPase F => putative cation-transporting ATPase F
[09:29:25] Modify product: Uncharacterized PIN and TRAM-domain containing protein TTHA0540 => putative PIN and TRAM-domain containing protein
[09:29:25] Modify product: Uncharacterized tRNA/rRNA methyltransferase HI_0380 => putative tRNA/rRNA methyltransferase
[09:29:25] Modify product: Probable 3-hydroxyacyl-CoA dehydrogenase => putative 3-hydroxyacyl-CoA dehydrogenase
[09:29:25] Modify product: Uncharacterized AAA domain-containing protein Rv2559c => putative AAA domain-containing protein
[09:29:25] Modify product: Probable transcriptional regulatory protein aq_1575 => putative transcriptional regulatory protein
[09:29:25] Modify product: Probable mannose-6-phosphate isomerase GmuF => putative mannose-6-phosphate isomerase GmuF
[09:29:25] Modify product: Uncharacterized protein YccU => putative protein YccU
[09:29:25] Modify product: Rqc2 homolog RqcH => Rqc2 RqcH
[09:29:25] Modify product: Probable TtuB-protein conjugate cleaving protease => putative TtuB-protein conjugate cleaving protease
[09:29:25] Modify product: Uncharacterized protein Rv1829 => putative protein
[09:29:25] Modify product: Monocarboxylate 2-oxoacid-binding periplasmic protein all3028 => Monocarboxylate 2-oxoacid-binding periplasmic protein
[09:29:25] Modify product: Probable subtilase-type serine protease DR_A0283 => putative subtilase-type serine protease
[09:29:25] Modify product: Probable nicotinate-nucleotide adenylyltransferase => putative nicotinate-nucleotide adenylyltransferase
[09:29:25] Modify product: Probable endonuclease 4 => putative endonuclease 4
[09:29:25] Modify product: Uncharacterized protein Rv0959 => putative protein
[09:29:25] Modify product: Uncharacterized isomerase YddE => putative isomerase YddE
[09:29:25] Modify product: Probable dipeptidase PepE => putative dipeptidase PepE
[09:29:25] Modify product: Uncharacterized inner membrane transporter YicL => putative inner membrane transporter YicL
[09:29:25] Modify product: Probable iron-sulfur-binding oxidoreductase FadF => putative iron-sulfur-binding oxidoreductase FadF
[09:29:25] Modify product: Purine-binding protein BAB2_0673 => Purine-binding protein
[09:29:25] Modify product: Putative glutamine amidotransferase Rv2859c => Putative glutamine amidotransferase
[09:29:25] Modify product: Uncharacterized aminopeptidase Rv1333 => putative aminopeptidase
[09:29:25] Modify product: Probable acyl-CoA dehydrogenase => putative acyl-CoA dehydrogenase
[09:29:25] Modify product: Nucleotide-binding protein SA0720 => Nucleotide-binding protein
[09:29:25] Modify product: 1,4-alpha-glucan branching enzyme TTHA1902 => 1,4-alpha-glucan branching enzyme
[09:29:25] Modify product: Putative peroxiredoxin Rv2521 => Putative peroxiredoxin
[09:29:25] Modify product: UPF0365 protein SA1402 => hypothetical protein
[09:29:25] Modify product: Putative esterase HI_1161 => Putative esterase
[09:29:25] Modify product: Uncharacterized protein YisK => putative protein YisK
[09:29:25] Modify product: Putative low molecular weight protein-tyrosine-phosphatase slr0328 => Putative low molecular weight protein-tyrosine-phosphatase
[09:29:25] Modify product: Probable ketoamine kinase TTHA1179 => putative ketoamine kinase
[09:29:25] Modify product: Bifunctional protein Rv2228c => Bifunctional protein
[09:29:25] Modify product: Nucleoid-associated protein DR_0199 => Nucleoid-associated protein
[09:29:25] Modify product: Uncharacterized protein Rv1899c => putative protein
[09:29:25] Modify product: Uncharacterized ABC transporter ATP-binding protein YxlF => putative ABC transporter ATP-binding protein YxlF
[09:29:25] Modify product: Uncharacterized HTH-type transcriptional regulator Rv1556 => putative HTH-type transcriptional regulator
[09:29:25] Modify product: Uncharacterized protein SA1069 => putative protein
[09:29:25] Modify product: Uncharacterized sugar kinase YdjH => putative sugar kinase YdjH
[09:29:25] Modify product: Probable 2-phosphosulfolactate phosphatase => putative 2-phosphosulfolactate phosphatase
[09:29:25] Modify product: Putative phosphoribosyl transferase Rv0571c => Putative phosphoribosyl transferase
[09:29:25] Modify product: Probable cysteine desulfurase => putative cysteine desulfurase
[09:29:25] Modify product: Probable butyrate kinase 2 => putative butyrate kinase 2
[09:29:25] Modify product: Uncharacterized protein Rv2915c => putative protein
[09:29:25] Modify product: Probable peptidoglycan endopeptidase LytE => putative peptidoglycan endopeptidase LytE
[09:29:25] Modify product: UPF0053 protein Rv2366c => hypothetical protein
[09:29:25] Modify product: Probable amino-acid metabolite efflux pump => putative amino-acid metabolite efflux pump
[09:29:25] Modify product: Uncharacterized zinc protease Rv2782c => putative zinc protease
[09:29:25] Modify product: Uncharacterized zinc protease Rv2782c => putative zinc protease
[09:29:25] Modify product: Probable fatty acyl-CoA transferase Rv3272 => putative fatty acyl-CoA transferase
[09:29:25] Modify product: Probable chaperone CsaA => putative chaperone CsaA
[09:29:25] Modify product: UPF0316 protein SA1727 => hypothetical protein
[09:29:25] Modify product: Uncharacterized membrane protein YdfK => putative membrane protein YdfK
[09:29:25] Modify product: UPF0166 protein TM_0021 => hypothetical protein
[09:29:25] Modify product: Glucuronide carrier protein homolog => Glucuronide carrier protein 
[09:29:25] Modify product: UPF0145 protein YbjQ => hypothetical protein
[09:29:25] Modify product: Uncharacterized ABC transporter ATP-binding protein YadG => putative ABC transporter ATP-binding protein YadG
[09:29:25] Modify product: Uncharacterized protein Rv2926c => putative protein
[09:29:25] Modify product: Probable quorum-quenching lactonase YtnP => putative quorum-quenching lactonase YtnP
[09:29:25] Modify product: UPF0073 inner membrane protein YqfA => hypothetical protein
[09:29:25] Modify product: Probable glycolipid permease LtaA => putative glycolipid permease LtaA
[09:29:25] Modify product: Probable peptidoglycan glycosyltransferase FtsW => putative peptidoglycan glycosyltransferase FtsW
[09:29:25] Modify product: Phosphatase/phosphodiesterase DR_1281 => Phosphatase/phosphodiesterase
[09:29:25] Modify product: Phosphatase Rv3376 => Phosphatase
[09:29:25] Modify product: GTP cyclohydrolase 1 type 2 homolog => GTP cyclohydrolase 1 type 2 
[09:29:25] Modify product: Probable NAD-dependent malic enzyme 2 => putative NAD-dependent malic enzyme 2
[09:29:25] Modify product: UPF0098 protein YbhB => hypothetical protein
[09:29:25] Modify product: Phosphate-specific transport system accessory protein PhoU homolog => Phosphate-specific transport system accessory protein PhoU 
[09:29:25] Modify product: Uncharacterized isomerase YddE => putative isomerase YddE
[09:29:25] Cleaned 97 /product names
[09:29:25] Deleting unwanted file: ../../Data/Chen_Analysis/Prokka/Bacteria/GOMC.bin.3880/GOMC.bin.3880.sprot.tmp.3375523.faa
[09:29:25] Deleting unwanted file: ../../Data/Chen_Analysis/Prokka/Bacteria/GOMC.bin.3880/GOMC.bin.3880.sprot.tmp.3375523.blast
[09:29:25] There are still 909 unannotated CDS left (started with 1781)
[09:29:25] Will use hmmer3 to search against /home/joao_facio/miniconda3/envs/prokka/db/hmm/HAMAP.hmm with 4 CPUs
[09:29:25] Running: cat \.\.\/\.\.\/Data\/Chen_Analysis\/Prokka\/Bacteria\/GOMC\.bin\.3880\/GOMC\.bin\.3880\.HAMAP\.hmm\.tmp\.3375523\.faa | parallel --gnu --plain -j 4 --block 30104 --recstart '>' --pipe hmmscan --noali --notextw --acc -E 1e-09 --cpu 1 /home/joao_facio/miniconda3/envs/prokka/db/hmm/HAMAP.hmm /dev/stdin > \.\.\/\.\.\/Data\/Chen_Analysis\/Prokka\/Bacteria\/GOMC\.bin\.3880\/GOMC\.bin\.3880\.HAMAP\.hmm\.tmp\.3375523\.hmmer3 2> /dev/null
[09:29:31] Modify product: Uncharacterized Nudix hydrolase NudL => putative Nudix hydrolase NudL
[09:29:31] Cleaned 1 /product names
[09:29:31] Deleting unwanted file: ../../Data/Chen_Analysis/Prokka/Bacteria/GOMC.bin.3880/GOMC.bin.3880.HAMAP.hmm.tmp.3375523.faa
[09:29:31] Deleting unwanted file: ../../Data/Chen_Analysis/Prokka/Bacteria/GOMC.bin.3880/GOMC.bin.3880.HAMAP.hmm.tmp.3375523.hmmer3
[09:29:31] Labelling remaining 783 proteins as 'hypothetical protein'
[09:29:31] Possible /pseudo 'Cytochrome c oxidase subunit 2' at SRR8439171_k53_61654_1 position 11402
[09:29:31] Possible /pseudo 'Glutamate dehydrogenase' at SRR8439171_k53_72510_1 position 2254
[09:29:31] Possible /pseudo 'Myo-inositol 2-dehydrogenase' at SRR8439171_k53_76728_1 position 1265
[09:29:31] Possible /pseudo 'Thiol-disulfide oxidoreductase ResA' at SRR8439171_k53_186226_1 position 2080
[09:29:31] Possible /pseudo 'putative zinc protease' at SRR8439171_k53_274231_1 position 5263
[09:29:31] Found 805 unique /gene codes.
[09:29:31] Fixed 2 duplicate /gene - mtnA_1 mtnA_2
[09:29:31] Fixed 2 duplicate /gene - livH_1 livH_2
[09:29:31] Fixed 2 duplicate /gene - gdhA_1 gdhA_2
[09:29:31] Fixed 2 duplicate /gene - bhbA_1 bhbA_2
[09:29:31] Fixed 2 duplicate /gene - tmk_1 tmk_2
[09:29:31] Fixed 3 duplicate /gene - rbsA_1 rbsA_2 rbsA_3
[09:29:31] Fixed 2 duplicate /gene - msbA_1 msbA_2
[09:29:31] Fixed 2 duplicate /gene - mnmG_1 mnmG_2
[09:29:31] Fixed 4 duplicate /gene - resA_1 resA_2 resA_3 resA_4
[09:29:31] Fixed 2 duplicate /gene - glpE_1 glpE_2
[09:29:31] Fixed 2 duplicate /gene - acdA_1 acdA_2
[09:29:31] Fixed 2 duplicate /gene - rlmI_1 rlmI_2
[09:29:31] Fixed 2 duplicate /gene - yisK_1 yisK_2
[09:29:31] Fixed 3 duplicate /gene - dapE_1 dapE_2 dapE_3
[09:29:31] Fixed 4 duplicate /gene - perR_1 perR_2 perR_3 perR_4
[09:29:31] Fixed 2 duplicate /gene - rutD_1 rutD_2
[09:29:31] Fixed 2 duplicate /gene - potA_1 potA_2
[09:29:31] Fixed 2 duplicate /gene - smc_1 smc_2
[09:29:31] Fixed 2 duplicate /gene - sdhB_1 sdhB_2
[09:29:31] Fixed 2 duplicate /gene - comB_1 comB_2
[09:29:31] Fixed 2 duplicate /gene - dppB_1 dppB_2
[09:29:31] Fixed 2 duplicate /gene - epsF_1 epsF_2
[09:29:31] Fixed 2 duplicate /gene - rbsC_1 rbsC_2
[09:29:31] Fixed 2 duplicate /gene - yddE_1 yddE_2
[09:29:31] Fixed 2 duplicate /gene - bcp_1 bcp_2
[09:29:31] Fixed 2 duplicate /gene - htrA_1 htrA_2
[09:29:31] Fixed 2 duplicate /gene - pyrE_1 pyrE_2
[09:29:31] Fixed 2 duplicate /gene - mglA_1 mglA_2
[09:29:31] Fixed 7 duplicate /gene - sasA_1 sasA_2 sasA_3 sasA_4 sasA_5 sasA_6 sasA_7
[09:29:31] Fixed 2 duplicate /gene - clcB_1 clcB_2
[09:29:31] Fixed 2 duplicate /gene - ispB_1 ispB_2
[09:29:31] Fixed 2 duplicate /gene - lutA_1 lutA_2
[09:29:31] Fixed 2 duplicate /gene - polX_1 polX_2
[09:29:31] Fixed 2 duplicate /gene - ltaA_1 ltaA_2
[09:29:31] Fixed 2 duplicate /gene - entS_1 entS_2
[09:29:31] Fixed 2 duplicate /gene - menC_1 menC_2
[09:29:31] Fixed 2 duplicate /gene - cysA_1 cysA_2
[09:29:31] Fixed 3 duplicate /gene - fabG_1 fabG_2 fabG_3
[09:29:31] Fixed 2 duplicate /gene - lolD_1 lolD_2
[09:29:31] Fixed 2 duplicate /gene - pilT_1 pilT_2
[09:29:31] Fixed 3 duplicate /gene - dctM_1 dctM_2 dctM_3
[09:29:31] Fixed 2 duplicate /gene - ctaC_1 ctaC_2
[09:29:31] Fixed 2 duplicate /gene - pnp_1 pnp_2
[09:29:31] Fixed 2 duplicate /gene - glmS_1 glmS_2
[09:29:31] Fixed 2 duplicate /gene - prs_1 prs_2
[09:29:31] Fixed 2 duplicate /gene - nqo4_1 nqo4_2
[09:29:31] Fixed 3 duplicate /gene - ugpB_1 ugpB_2 ugpB_3
[09:29:31] Fixed 3 duplicate /gene - livF_1 livF_2 livF_3
[09:29:31] Fixed 2 duplicate /gene - RBKS_1 RBKS_2
[09:29:31] Fixed 2 duplicate /gene - fpgS_1 fpgS_2
[09:29:31] Fixed 2 duplicate /gene - sdhA_1 sdhA_2
[09:29:31] Fixed 2 duplicate /gene - speE_1 speE_2
[09:29:31] Fixed 3 duplicate /gene - plsY_1 plsY_2 plsY_3
[09:29:31] Fixed 2 duplicate /gene - tatA_1 tatA_2
[09:29:31] Fixed 7 duplicate /gene - btuD_1 btuD_2 btuD_3 btuD_4 btuD_5 btuD_6 btuD_7
[09:29:31] Fixed 2 duplicate /gene - miaB_1 miaB_2
[09:29:31] Fixed 2 duplicate /gene - serA_1 serA_2
[09:29:31] Fixed 3 duplicate /gene - napA_1 napA_2 napA_3
[09:29:31] Fixed 3 duplicate /gene - araQ_1 araQ_2 araQ_3
[09:29:31] Fixed 2 duplicate /gene - nudC_1 nudC_2
[09:29:31] Fixed 2 duplicate /gene - iolG_1 iolG_2
[09:29:31] Fixed 2 duplicate /gene - mshB_1 mshB_2
[09:29:31] Fixed 2 duplicate /gene - crp_1 crp_2
[09:29:31] Fixed 63 colliding /gene names.
[09:29:31] Adding /locus_tag identifiers
[09:29:31] Assigned 1818 locus_tags to CDS and RNA features.
[09:29:31] Writing outputs to ../../Data/Chen_Analysis/Prokka/Bacteria/GOMC.bin.3880/
[09:29:32] Generating annotation statistics file
[09:29:32] Generating Genbank and Sequin files
[09:29:32] Running: tbl2asn -V b -a r10k -l paired-ends -M n -N 1 -y 'Annotated using prokka 1.14.6 from https://github.com/tseemann/prokka' -Z \.\.\/\.\.\/Data\/Chen_Analysis\/Prokka\/Bacteria\/GOMC\.bin\.3880\/GOMC\.bin\.3880\.err -i \.\.\/\.\.\/Data\/Chen_Analysis\/Prokka\/Bacteria\/GOMC\.bin\.3880\/GOMC\.bin\.3880\.fsa 2> /dev/null
[09:29:34] Deleting unwanted file: ../../Data/Chen_Analysis/Prokka/Bacteria/GOMC.bin.3880/errorsummary.val
[09:29:34] Deleting unwanted file: ../../Data/Chen_Analysis/Prokka/Bacteria/GOMC.bin.3880/GOMC.bin.3880.dr
[09:29:34] Deleting unwanted file: ../../Data/Chen_Analysis/Prokka/Bacteria/GOMC.bin.3880/GOMC.bin.3880.fixedproducts
[09:29:34] Deleting unwanted file: ../../Data/Chen_Analysis/Prokka/Bacteria/GOMC.bin.3880/GOMC.bin.3880.ecn
[09:29:34] Deleting unwanted file: ../../Data/Chen_Analysis/Prokka/Bacteria/GOMC.bin.3880/GOMC.bin.3880.val
[09:29:34] Repairing broken .GBK output that tbl2asn produces...
[09:29:34] Running: sed 's/COORDINATES: profile/COORDINATES:profile/' < \.\.\/\.\.\/Data\/Chen_Analysis\/Prokka\/Bacteria\/GOMC\.bin\.3880\/GOMC\.bin\.3880\.gbf > \.\.\/\.\.\/Data\/Chen_Analysis\/Prokka\/Bacteria\/GOMC\.bin\.3880\/GOMC\.bin\.3880\.gbk
[09:29:34] Deleting unwanted file: ../../Data/Chen_Analysis/Prokka/Bacteria/GOMC.bin.3880/GOMC.bin.3880.gbf
[09:29:34] Output files:
[09:29:34] ../../Data/Chen_Analysis/Prokka/Bacteria/GOMC.bin.3880/GOMC.bin.3880.err
[09:29:34] ../../Data/Chen_Analysis/Prokka/Bacteria/GOMC.bin.3880/GOMC.bin.3880.fna
[09:29:34] ../../Data/Chen_Analysis/Prokka/Bacteria/GOMC.bin.3880/GOMC.bin.3880.sqn
[09:29:34] ../../Data/Chen_Analysis/Prokka/Bacteria/GOMC.bin.3880/GOMC.bin.3880.ffn
[09:29:34] ../../Data/Chen_Analysis/Prokka/Bacteria/GOMC.bin.3880/GOMC.bin.3880.gff
[09:29:34] ../../Data/Chen_Analysis/Prokka/Bacteria/GOMC.bin.3880/GOMC.bin.3880.faa
[09:29:34] ../../Data/Chen_Analysis/Prokka/Bacteria/GOMC.bin.3880/GOMC.bin.3880.log
[09:29:34] ../../Data/Chen_Analysis/Prokka/Bacteria/GOMC.bin.3880/GOMC.bin.3880.fsa
[09:29:34] ../../Data/Chen_Analysis/Prokka/Bacteria/GOMC.bin.3880/GOMC.bin.3880.txt
[09:29:34] ../../Data/Chen_Analysis/Prokka/Bacteria/GOMC.bin.3880/GOMC.bin.3880.tsv
[09:29:34] ../../Data/Chen_Analysis/Prokka/Bacteria/GOMC.bin.3880/GOMC.bin.3880.gbk
[09:29:34] ../../Data/Chen_Analysis/Prokka/Bacteria/GOMC.bin.3880/GOMC.bin.3880.tbl
[09:29:34] Annotation finished successfully.
[09:29:34] Walltime used: 0.78 minutes
[09:29:34] If you use this result please cite the Prokka paper:
[09:29:34] Seemann T (2014) Prokka: rapid prokaryotic genome annotation. Bioinformatics. 30(14):2068-9.
[09:29:34] Type 'prokka --citation' for more details.
[09:29:34] Share and enjoy!
