[09:59:55] This is prokka 1.14.6
[09:59:55] Written by Torsten Seemann <torsten.seemann@gmail.com>
[09:59:55] Homepage is https://github.com/tseemann/prokka
[09:59:55] Local time is Mon Dec  1 09:59:55 2025
[09:59:55] You are joao_facio
[09:59:55] Operating system is linux
[09:59:55] You have BioPerl 1.7.8
[09:59:55] System has 12 cores.
[09:59:55] Will use maximum of 4 cores.
[09:59:55] Annotating as >>> Bacteria <<<
[09:59:55] Generating locus_tag from '/tmp/tmp6gns85ah/GOMC.bin.15086.fa' contents.
[09:59:55] Setting --locustag GOPFFEHF from MD5 089ffe1f77778839b59b7cfc6f7c9f4a
[09:59:55] Creating new output folder: ../../Data/Chen_Analysis/Prokka/Bacteria/GOMC.bin.15086
[09:59:55] Running: mkdir -p \.\.\/\.\.\/Data\/Chen_Analysis\/Prokka\/Bacteria\/GOMC\.bin\.15086
[09:59:55] Using filename prefix: GOMC.bin.15086.XXX
[09:59:55] Setting HMMER_NCPU=1
[09:59:55] Writing log to: ../../Data/Chen_Analysis/Prokka/Bacteria/GOMC.bin.15086/GOMC.bin.15086.log
[09:59:55] Command: /home/joao_facio/miniconda3/envs/prokka/bin/prokka --outdir ../../Data/Chen_Analysis/Prokka/Bacteria/GOMC.bin.15086 --prefix GOMC.bin.15086 --kingdom Bacteria --genus Kistimonas --strain GOMC.bin.15086 --cpus 4 --force /tmp/tmp6gns85ah/GOMC.bin.15086.fa
[09:59:55] Appending to PATH: /home/joao_facio/miniconda3/envs/prokka/bin
[09:59:55] Looking for 'aragorn' - found /home/joao_facio/miniconda3/envs/prokka/bin/aragorn
[09:59:55] Determined aragorn version is 001002 from 'ARAGORN v1.2.41 Dean Laslett'
[09:59:55] Looking for 'barrnap' - found /home/joao_facio/miniconda3/envs/prokka/bin/barrnap
[09:59:55] Determined barrnap version is 000009 from 'barrnap 0.9'
[09:59:55] Looking for 'blastp' - found /home/joao_facio/miniconda3/envs/prokka/bin/blastp
[09:59:55] Determined blastp version is 002016 from 'blastp: 2.16.0+'
[09:59:55] Looking for 'cmpress' - found /home/joao_facio/miniconda3/envs/prokka/bin/cmpress
[09:59:55] Determined cmpress version is 001001 from '# INFERNAL 1.1.5 (Sep 2023)'
[09:59:55] Looking for 'cmscan' - found /home/joao_facio/miniconda3/envs/prokka/bin/cmscan
[09:59:55] Determined cmscan version is 001001 from '# INFERNAL 1.1.5 (Sep 2023)'
[09:59:55] Looking for 'egrep' - found /usr/bin/egrep
[09:59:55] Looking for 'find' - found /usr/bin/find
[09:59:55] Looking for 'grep' - found /usr/bin/grep
[09:59:55] Looking for 'hmmpress' - found /home/joao_facio/miniconda3/envs/prokka/bin/hmmpress
[09:59:55] Determined hmmpress version is 003004 from '# HMMER 3.4 (Aug 2023); http://hmmer.org/'
[09:59:55] Looking for 'hmmscan' - found /home/joao_facio/miniconda3/envs/prokka/bin/hmmscan
[09:59:55] Determined hmmscan version is 003004 from '# HMMER 3.4 (Aug 2023); http://hmmer.org/'
[09:59:55] Looking for 'java' - found /home/joao_facio/miniconda3/envs/prokka/bin/java
[09:59:55] Looking for 'makeblastdb' - found /home/joao_facio/miniconda3/envs/prokka/bin/makeblastdb
[09:59:55] Determined makeblastdb version is 002016 from 'makeblastdb: 2.16.0+'
[09:59:55] Looking for 'minced' - found /home/joao_facio/miniconda3/envs/prokka/bin/minced
[09:59:55] Determined minced version is 004002 from 'minced 0.4.2'
[09:59:55] Looking for 'parallel' - found /home/joao_facio/miniconda3/envs/prokka/bin/parallel
[09:59:55] Determined parallel version is 20251122 from 'GNU parallel 20251122'
[09:59:55] Looking for 'prodigal' - found /home/joao_facio/miniconda3/envs/prokka/bin/prodigal
[09:59:55] Determined prodigal version is 002006 from 'Prodigal V2.6.3: February, 2016'
[09:59:55] Looking for 'prokka-genbank_to_fasta_db' - found /home/joao_facio/miniconda3/envs/prokka/bin/prokka-genbank_to_fasta_db
[09:59:55] Looking for 'sed' - found /usr/bin/sed
[09:59:55] Looking for 'tbl2asn' - found /home/joao_facio/miniconda3/envs/prokka/bin/tbl2asn
[09:59:55] Determined tbl2asn version is 025007 from 'tbl2asn 25.7   arguments:'
[09:59:55] Using genetic code table 11.
[09:59:55] Loading and checking input file: /tmp/tmp6gns85ah/GOMC.bin.15086.fa
[09:59:55] Wrote 494 contigs totalling 2437771 bp.
[09:59:55] Predicting tRNAs and tmRNAs
[09:59:55] Running: aragorn -l -gc11  -w \.\.\/\.\.\/Data\/Chen_Analysis\/Prokka\/Bacteria\/GOMC\.bin\.15086\/GOMC\.bin\.15086\.fna
[09:59:55] 1 tRNA-Arg [366,441] 35 (cct)
[09:59:55] 1 tRNA-Phe c[5506,5581] 34 (gaa)
[09:59:55] 1 tRNA-Asn c[2805,2880] 34 (gtt)
[09:59:55] 1 tRNA-Pro c[1461,1537] 35 (ggg)
[09:59:55] 1 tRNA-Thr c[1680,1755] 34 (tgt)
[09:59:55] 1 tRNA-Leu c[1761,1845] 36 (gag)
[09:59:55] 1 tRNA-Ile [351,428] 36 (gat)
[09:59:55] 2 tRNA-Ala [483,558] 34 (tgc)
[09:59:55] 1 tRNA-Ser [5302,5391] 35 (gga)
[09:59:55] 1 tRNA-Arg [1978,2054] 35 (tct)
[09:59:55] 2 tRNA-His [2989,3064] 34 (gtg)
[09:59:55] 3 tRNA-Leu [3239,3323] 35 (tag)
[09:59:55] 1 tRNA-Val c[399,475] 35 (gac)
[09:59:55] 1 tRNA-Asp c[1018,1094] 35 (gtc)
[09:59:55] 2 tRNA-Val c[1421,1496] 35 (tac)
[09:59:55] 1 tRNA-Pro [2519,2595] 35 (tgg)
[09:59:55] 1 tRNA-Ala c[3678,3753] 34 (ggc)
[09:59:55] 1 tRNA-Trp c[3271,3346] 34 (cca)
[09:59:55] 2 tRNA-Thr c[3528,3603] 34 (ggt)
[09:59:55] 3 tRNA-Gly c[3746,3819] 33 (tcc)
[09:59:55] 4 tRNA-Tyr c[3915,3995] 35 (gta)
[09:59:55] 1 tRNA-Arg c[3337,3413] 35 (ccg)
[09:59:55] 2 tRNA-Glu [7216,7291] 35 (ttc)
[09:59:55] 1 tRNA-Met [3705,3781] 35 (cat)
[09:59:55] 1 tRNA-Gly [1397,1472] 34 (gcc)
[09:59:55] 2 tRNA-Cys [1589,1660] 33 (gca)
[09:59:56] 1 tRNA-Ser [985,1074] 35 (gct)
[09:59:56] 1 tRNA-Arg c[1832,1908] 35 (acg)
[09:59:56] Found 28 tRNAs
[09:59:56] Predicting Ribosomal RNAs
[09:59:56] Running Barrnap with 4 threads
[09:59:56] Found 0 rRNAs
[09:59:56] Skipping ncRNA search, enable with --rfam if desired.
[09:59:56] Total of 28 tRNA + rRNA features
[09:59:56] Searching for CRISPR repeats
[09:59:56] Found 0 CRISPRs
[09:59:56] Predicting coding sequences
[09:59:56] Contigs total 2437771 bp, so using single mode
[09:59:56] Running: prodigal -i \.\.\/\.\.\/Data\/Chen_Analysis\/Prokka\/Bacteria\/GOMC\.bin\.15086\/GOMC\.bin\.15086\.fna -c -m -g 11 -p single -f sco -q
[09:59:57] Excluding CDS which overlaps existing RNA (tRNA) at k63_7752893:3667..3828 on + strand
[09:59:58] Found 1844 CDS
[09:59:58] Connecting features back to sequences
[09:59:58] Not using genus-specific database. Try --usegenus to enable it.
[09:59:58] Annotating CDS, please be patient.
[09:59:58] Will use 4 CPUs for similarity searching.
[09:59:58] There are still 1844 unannotated CDS left (started with 1844)
[09:59:58] Will use blast to search against /home/joao_facio/miniconda3/envs/prokka/db/kingdom/Bacteria/IS with 4 CPUs
[09:59:58] Running: cat \.\.\/\.\.\/Data\/Chen_Analysis\/Prokka\/Bacteria\/GOMC\.bin\.15086\/GOMC\.bin\.15086\.IS\.tmp\.3432816\.faa | parallel --gnu --plain -j 4 --block 70228 --recstart '>' --pipe blastp -query - -db /home/joao_facio/miniconda3/envs/prokka/db/kingdom/Bacteria/IS -evalue 1e-30 -qcov_hsp_perc 90 -num_threads 1 -num_descriptions 1 -num_alignments 1 -seg no > \.\.\/\.\.\/Data\/Chen_Analysis\/Prokka\/Bacteria\/GOMC\.bin\.15086\/GOMC\.bin\.15086\.IS\.tmp\.3432816\.blast 2> /dev/null
[10:00:04] Deleting unwanted file: ../../Data/Chen_Analysis/Prokka/Bacteria/GOMC.bin.15086/GOMC.bin.15086.IS.tmp.3432816.faa
[10:00:04] Deleting unwanted file: ../../Data/Chen_Analysis/Prokka/Bacteria/GOMC.bin.15086/GOMC.bin.15086.IS.tmp.3432816.blast
[10:00:04] There are still 1843 unannotated CDS left (started with 1844)
[10:00:04] Will use blast to search against /home/joao_facio/miniconda3/envs/prokka/db/kingdom/Bacteria/AMR with 4 CPUs
[10:00:04] Running: cat \.\.\/\.\.\/Data\/Chen_Analysis\/Prokka\/Bacteria\/GOMC\.bin\.15086\/GOMC\.bin\.15086\.AMR\.tmp\.3432816\.faa | parallel --gnu --plain -j 4 --block 70210 --recstart '>' --pipe blastp -query - -db /home/joao_facio/miniconda3/envs/prokka/db/kingdom/Bacteria/AMR -evalue 1e-300 -qcov_hsp_perc 90 -num_threads 1 -num_descriptions 1 -num_alignments 1 -seg no > \.\.\/\.\.\/Data\/Chen_Analysis\/Prokka\/Bacteria\/GOMC\.bin\.15086\/GOMC\.bin\.15086\.AMR\.tmp\.3432816\.blast 2> /dev/null
[10:00:08] Deleting unwanted file: ../../Data/Chen_Analysis/Prokka/Bacteria/GOMC.bin.15086/GOMC.bin.15086.AMR.tmp.3432816.faa
[10:00:08] Deleting unwanted file: ../../Data/Chen_Analysis/Prokka/Bacteria/GOMC.bin.15086/GOMC.bin.15086.AMR.tmp.3432816.blast
[10:00:08] There are still 1843 unannotated CDS left (started with 1844)
[10:00:08] Will use blast to search against /home/joao_facio/miniconda3/envs/prokka/db/kingdom/Bacteria/sprot with 4 CPUs
[10:00:08] Running: cat \.\.\/\.\.\/Data\/Chen_Analysis\/Prokka\/Bacteria\/GOMC\.bin\.15086\/GOMC\.bin\.15086\.sprot\.tmp\.3432816\.faa | parallel --gnu --plain -j 4 --block 70210 --recstart '>' --pipe blastp -query - -db /home/joao_facio/miniconda3/envs/prokka/db/kingdom/Bacteria/sprot -evalue 1e-09 -qcov_hsp_perc 80 -num_threads 1 -num_descriptions 1 -num_alignments 1 -seg no > \.\.\/\.\.\/Data\/Chen_Analysis\/Prokka\/Bacteria\/GOMC\.bin\.15086\/GOMC\.bin\.15086\.sprot\.tmp\.3432816\.blast 2> /dev/null
[10:00:32] Modify product: Putative transport protein Rv0205 => Putative transport protein
[10:00:32] Modify product: Probable protease SohB => putative protease SohB
[10:00:32] Modify product: Probable formaldehyde dehydrogenase AdhA => putative formaldehyde dehydrogenase AdhA
[10:00:32] Modify product: Uncharacterized oxidoreductase YciK => putative oxidoreductase YciK
[10:00:32] Modify product: Uncharacterized protein YciO => putative protein YciO
[10:00:32] Modify product: UPF0056 inner membrane protein MarC => hypothetical protein
[10:00:32] Modify product: Probable Fe(2+)-trafficking protein => putative Fe(2+)-trafficking protein
[10:00:32] Modify product: Probable peptidoglycan glycosyltransferase FtsW => putative peptidoglycan glycosyltransferase FtsW
[10:00:32] Modify product: Uncharacterized protein HI_1349 => putative protein
[10:00:32] Modify product: Putative diacyglycerol O-acyltransferase Rv1760 => Putative diacyglycerol O-acyltransferase
[10:00:32] Modify product: Probable diacyglycerol O-acyltransferase tgs3 => putative diacyglycerol O-acyltransferase tgs3
[10:00:32] Modify product: Uncharacterized ABC transporter ATP-binding protein YheS => putative ABC transporter ATP-binding protein YheS
[10:00:32] Modify product: Putative lipoprotein NMB1124/NMB1162 => Putative lipoprotein/NMB1162
[10:00:32] Modify product: Putative lipoprotein NMB1126/NMB1164 => Putative lipoprotein/NMB1164
[10:00:32] Modify product: Uncharacterized ABC transporter ATP-binding protein YadG => putative ABC transporter ATP-binding protein YadG
[10:00:32] Modify product: UPF0270 protein PA3463 => hypothetical protein
[10:00:32] Modify product: Probable FAD-dependent oxidoreductase PA4991 => putative FAD-dependent oxidoreductase
[10:00:32] Modify product: Uncharacterized ABC transporter ATP-binding protein YxlF => putative ABC transporter ATP-binding protein YxlF
[10:00:32] Modify product: Probable chromosome-partitioning protein ParB => putative chromosome-partitioning protein ParB
[10:00:32] Modify product: Uncharacterized protein YfgD => putative protein YfgD
[10:00:32] Modify product: Uncharacterized protein YciH => putative protein YciH
[10:00:32] Modify product: Uncharacterized sugar transferase EpsL => putative sugar transferase EpsL
[10:00:32] Modify product: Stress response UPF0229 protein YhbH => hypothetical protein
[10:00:32] Modify product: Probable intracellular septation protein A => putative intracellular septation protein A
[10:00:32] Modify product: UPF0126 inner membrane protein YicG => hypothetical protein
[10:00:32] Modify product: UPF0056 inner membrane protein YhgN => hypothetical protein
[10:00:32] Modify product: Uncharacterized acyl-CoA thioester hydrolase HI_0827 => putative acyl-CoA thioester hydrolase
[10:00:32] Modify product: Probable ATP synthase YscN => putative ATP synthase YscN
[10:00:32] Modify product: GTP cyclohydrolase 1 type 2 homolog => GTP cyclohydrolase 1 type 2 
[10:00:32] Modify product: Probable GTP-binding protein EngB => putative GTP-binding protein EngB
[10:00:32] Modify product: Uncharacterized NTE family protein Rv1063c => putative NTE family protein
[10:00:32] Modify product: Stress response UPF0229 protein YhbH => hypothetical protein
[10:00:32] Modify product: Uncharacterized oxidoreductase SA2266 => putative oxidoreductase
[10:00:32] Modify product: UPF0111 protein HI_1603 => hypothetical protein
[10:00:32] Modify product: UPF0250 protein YbeD => hypothetical protein
[10:00:32] Modify product: UPF0053 inner membrane protein YfjD => hypothetical protein
[10:00:32] Modify product: Putative anti-sigma factor antagonist TM_1442 => Putative anti-sigma factor antagonist
[10:00:32] Modify product: Universal stress protein A homolog 2 => Universal stress protein A 
[10:00:32] Modify product: Probable protein kinase UbiB => putative protein kinase UbiB
[10:00:32] Modify product: UPF0125 protein HI_0395 => hypothetical protein
[10:00:32] Modify product: UPF0053 inner membrane protein YoaE => hypothetical protein
[10:00:32] Modify product: Zinc-type alcohol dehydrogenase-like protein SA1988 => Zinc-type alcohol dehydrogenase-like protein
[10:00:32] Modify product: Uncharacterized GMC-type oxidoreductase Rv0492c => putative GMC-type oxidoreductase
[10:00:32] Modify product: Uncharacterized metal-dependent hydrolase YcfH => putative metal-dependent hydrolase YcfH
[10:00:32] Modify product: Uncharacterized protein Rv2232 => putative protein
[10:00:32] Modify product: UPF0434 protein PFL_1779 => hypothetical protein
[10:00:32] Modify product: UPF0225 protein YchJ => hypothetical protein
[10:00:32] Modify product: Probable M18 family aminopeptidase 2 => putative M18 family aminopeptidase 2
[10:00:32] Modify product: Bifunctional protein FolD => Bifunctional protein FolD protein
[10:00:32] Modify product: Uncharacterized protein HI_0103 => putative protein
[10:00:32] Modify product: GTP cyclohydrolase 1 type 2 homolog => GTP cyclohydrolase 1 type 2 
[10:00:32] Modify product: UPF0394 membrane protein XF_0765 => hypothetical protein
[10:00:32] Modify product: UPF0394 membrane protein XF_0766 => hypothetical protein
[10:00:32] Modify product: Uncharacterized FAD-linked oxidoreductase Rv2280 => putative FAD-linked oxidoreductase
[10:00:32] Cleaned 54 /product names
[10:00:32] Deleting unwanted file: ../../Data/Chen_Analysis/Prokka/Bacteria/GOMC.bin.15086/GOMC.bin.15086.sprot.tmp.3432816.faa
[10:00:32] Deleting unwanted file: ../../Data/Chen_Analysis/Prokka/Bacteria/GOMC.bin.15086/GOMC.bin.15086.sprot.tmp.3432816.blast
[10:00:32] There are still 976 unannotated CDS left (started with 1844)
[10:00:32] Will use hmmer3 to search against /home/joao_facio/miniconda3/envs/prokka/db/hmm/HAMAP.hmm with 4 CPUs
[10:00:32] Running: cat \.\.\/\.\.\/Data\/Chen_Analysis\/Prokka\/Bacteria\/GOMC\.bin\.15086\/GOMC\.bin\.15086\.HAMAP\.hmm\.tmp\.3432816\.faa | parallel --gnu --plain -j 4 --block 35668 --recstart '>' --pipe hmmscan --noali --notextw --acc -E 1e-09 --cpu 1 /home/joao_facio/miniconda3/envs/prokka/db/hmm/HAMAP.hmm /dev/stdin > \.\.\/\.\.\/Data\/Chen_Analysis\/Prokka\/Bacteria\/GOMC\.bin\.15086\/GOMC\.bin\.15086\.HAMAP\.hmm\.tmp\.3432816\.hmmer3 2> /dev/null
[10:00:40] Deleting unwanted file: ../../Data/Chen_Analysis/Prokka/Bacteria/GOMC.bin.15086/GOMC.bin.15086.HAMAP.hmm.tmp.3432816.faa
[10:00:40] Deleting unwanted file: ../../Data/Chen_Analysis/Prokka/Bacteria/GOMC.bin.15086/GOMC.bin.15086.HAMAP.hmm.tmp.3432816.hmmer3
[10:00:40] Labelling remaining 891 proteins as 'hypothetical protein'
[10:00:40] Possible /pseudo 'Elongation factor 4' at k63_8943436 position 2625
[10:00:40] Possible /pseudo 'Protoheme IX farnesyltransferase' at k63_3269549 position 1593
[10:00:40] Possible /pseudo 'Intermembrane transport protein PqiA' at k63_10642017 position 650
[10:00:40] Possible /pseudo 'Secretory immunoglobulin A-binding protein EsiB' at k63_195870 position 353
[10:00:40] Possible /pseudo 'Cysteine/O-acetylserine efflux protein' at k63_8287037 position 4969
[10:00:40] Possible /pseudo 'Fimbrial protein' at k63_2663975 position 559
[10:00:40] Possible /pseudo 'Dihydrolipoyl dehydrogenase' at k63_1960570 position 674
[10:00:40] Possible /pseudo '3-methylmercaptopropionyl-CoA dehydrogenase' at k63_2818550 position 2537
[10:00:40] Possible /pseudo 'Na(+)/H(+) antiporter NhaB' at k63_3655790 position 948
[10:00:40] Possible /pseudo 'Exopolyphosphatase' at k63_2052420 position 7384
[10:00:40] Found 838 unique /gene codes.
[10:00:40] Fixed 2 duplicate /gene - ftsH_1 ftsH_2
[10:00:40] Fixed 5 duplicate /gene - pknD_1 pknD_2 pknD_3 pknD_4 pknD_5
[10:00:40] Fixed 2 duplicate /gene - hlyA_1 hlyA_2
[10:00:40] Fixed 2 duplicate /gene - groS_1 groS_2
[10:00:40] Fixed 2 duplicate /gene - thiE_1 thiE_2
[10:00:40] Fixed 2 duplicate /gene - copA_1 copA_2
[10:00:40] Fixed 2 duplicate /gene - cysS_1 cysS_2
[10:00:40] Fixed 2 duplicate /gene - accC_1 accC_2
[10:00:40] Fixed 2 duplicate /gene - btuD_1 btuD_2
[10:00:40] Fixed 3 duplicate /gene - nhaB_1 nhaB_2 nhaB_3
[10:00:40] Fixed 2 duplicate /gene - fabB_1 fabB_2
[10:00:40] Fixed 3 duplicate /gene - lon_1 lon_2 lon_3
[10:00:40] Fixed 2 duplicate /gene - eamB_1 eamB_2
[10:00:40] Fixed 2 duplicate /gene - bepA_1 bepA_2
[10:00:40] Fixed 2 duplicate /gene - dinG_1 dinG_2
[10:00:40] Fixed 2 duplicate /gene - algC_1 algC_2
[10:00:40] Fixed 3 duplicate /gene - proP_1 proP_2 proP_3
[10:00:40] Fixed 2 duplicate /gene - pheT_1 pheT_2
[10:00:40] Fixed 3 duplicate /gene - ubiB_1 ubiB_2 ubiB_3
[10:00:40] Fixed 3 duplicate /gene - ftsA_1 ftsA_2 ftsA_3
[10:00:40] Fixed 2 duplicate /gene - thrB_1 thrB_2
[10:00:40] Fixed 2 duplicate /gene - arsM_1 arsM_2
[10:00:40] Fixed 2 duplicate /gene - pqiA_1 pqiA_2
[10:00:40] Fixed 3 duplicate /gene - sctC_1 sctC_2 sctC_3
[10:00:40] Fixed 2 duplicate /gene - esiB_1 esiB_2
[10:00:40] Fixed 2 duplicate /gene - lepA_1 lepA_2
[10:00:40] Fixed 2 duplicate /gene - bepE_1 bepE_2
[10:00:40] Fixed 2 duplicate /gene - cdsA_1 cdsA_2
[10:00:40] Fixed 2 duplicate /gene - gltP_1 gltP_2
[10:00:40] Fixed 2 duplicate /gene - aroB_1 aroB_2
[10:00:40] Fixed 2 duplicate /gene - thiC_1 thiC_2
[10:00:40] Fixed 2 duplicate /gene - fabG_1 fabG_2
[10:00:40] Fixed 2 duplicate /gene - gyrB_1 gyrB_2
[10:00:40] Fixed 2 duplicate /gene - gdhB_1 gdhB_2
[10:00:40] Fixed 2 duplicate /gene - gltS_1 gltS_2
[10:00:40] Fixed 2 duplicate /gene - kmo_1 kmo_2
[10:00:40] Fixed 2 duplicate /gene - rssB_1 rssB_2
[10:00:40] Fixed 2 duplicate /gene - pilE_1 pilE_2
[10:00:40] Fixed 2 duplicate /gene - iscU_1 iscU_2
[10:00:40] Fixed 2 duplicate /gene - glyS_1 glyS_2
[10:00:40] Fixed 2 duplicate /gene - fdx_1 fdx_2
[10:00:40] Fixed 2 duplicate /gene - tolQ_1 tolQ_2
[10:00:40] Fixed 2 duplicate /gene - atpH_1 atpH_2
[10:00:40] Fixed 2 duplicate /gene - pip_1 pip_2
[10:00:40] Fixed 2 duplicate /gene - ppx_1 ppx_2
[10:00:40] Fixed 2 duplicate /gene - tusA_1 tusA_2
[10:00:40] Fixed 2 duplicate /gene - atpD_1 atpD_2
[10:00:40] Fixed 2 duplicate /gene - rdgC_1 rdgC_2
[10:00:40] Fixed 2 duplicate /gene - dmdC_1 dmdC_2
[10:00:40] Fixed 2 duplicate /gene - hemF_1 hemF_2
[10:00:40] Fixed 2 duplicate /gene - prsE_1 prsE_2
[10:00:40] Fixed 2 duplicate /gene - xerC_1 xerC_2
[10:00:40] Fixed 2 duplicate /gene - rcsC_1 rcsC_2
[10:00:40] Fixed 2 duplicate /gene - tolC_1 tolC_2
[10:00:40] Fixed 2 duplicate /gene - gmhA_1 gmhA_2
[10:00:40] Fixed 55 colliding /gene names.
[10:00:40] Adding /locus_tag identifiers
[10:00:40] Assigned 1872 locus_tags to CDS and RNA features.
[10:00:40] Writing outputs to ../../Data/Chen_Analysis/Prokka/Bacteria/GOMC.bin.15086/
[10:00:40] Generating annotation statistics file
[10:00:40] Generating Genbank and Sequin files
[10:00:40] Running: tbl2asn -V b -a r10k -l paired-ends -M n -N 1 -y 'Annotated using prokka 1.14.6 from https://github.com/tseemann/prokka' -Z \.\.\/\.\.\/Data\/Chen_Analysis\/Prokka\/Bacteria\/GOMC\.bin\.15086\/GOMC\.bin\.15086\.err -i \.\.\/\.\.\/Data\/Chen_Analysis\/Prokka\/Bacteria\/GOMC\.bin\.15086\/GOMC\.bin\.15086\.fsa 2> /dev/null
[10:00:42] Deleting unwanted file: ../../Data/Chen_Analysis/Prokka/Bacteria/GOMC.bin.15086/errorsummary.val
[10:00:42] Deleting unwanted file: ../../Data/Chen_Analysis/Prokka/Bacteria/GOMC.bin.15086/GOMC.bin.15086.dr
[10:00:42] Deleting unwanted file: ../../Data/Chen_Analysis/Prokka/Bacteria/GOMC.bin.15086/GOMC.bin.15086.fixedproducts
[10:00:42] Deleting unwanted file: ../../Data/Chen_Analysis/Prokka/Bacteria/GOMC.bin.15086/GOMC.bin.15086.ecn
[10:00:42] Deleting unwanted file: ../../Data/Chen_Analysis/Prokka/Bacteria/GOMC.bin.15086/GOMC.bin.15086.val
[10:00:42] Repairing broken .GBK output that tbl2asn produces...
[10:00:42] Running: sed 's/COORDINATES: profile/COORDINATES:profile/' < \.\.\/\.\.\/Data\/Chen_Analysis\/Prokka\/Bacteria\/GOMC\.bin\.15086\/GOMC\.bin\.15086\.gbf > \.\.\/\.\.\/Data\/Chen_Analysis\/Prokka\/Bacteria\/GOMC\.bin\.15086\/GOMC\.bin\.15086\.gbk
[10:00:42] Deleting unwanted file: ../../Data/Chen_Analysis/Prokka/Bacteria/GOMC.bin.15086/GOMC.bin.15086.gbf
[10:00:42] Output files:
[10:00:42] ../../Data/Chen_Analysis/Prokka/Bacteria/GOMC.bin.15086/GOMC.bin.15086.tbl
[10:00:42] ../../Data/Chen_Analysis/Prokka/Bacteria/GOMC.bin.15086/GOMC.bin.15086.gff
[10:00:42] ../../Data/Chen_Analysis/Prokka/Bacteria/GOMC.bin.15086/GOMC.bin.15086.err
[10:00:42] ../../Data/Chen_Analysis/Prokka/Bacteria/GOMC.bin.15086/GOMC.bin.15086.log
[10:00:42] ../../Data/Chen_Analysis/Prokka/Bacteria/GOMC.bin.15086/GOMC.bin.15086.fsa
[10:00:42] ../../Data/Chen_Analysis/Prokka/Bacteria/GOMC.bin.15086/GOMC.bin.15086.faa
[10:00:42] ../../Data/Chen_Analysis/Prokka/Bacteria/GOMC.bin.15086/GOMC.bin.15086.gbk
[10:00:42] ../../Data/Chen_Analysis/Prokka/Bacteria/GOMC.bin.15086/GOMC.bin.15086.sqn
[10:00:42] ../../Data/Chen_Analysis/Prokka/Bacteria/GOMC.bin.15086/GOMC.bin.15086.fna
[10:00:42] ../../Data/Chen_Analysis/Prokka/Bacteria/GOMC.bin.15086/GOMC.bin.15086.ffn
[10:00:42] ../../Data/Chen_Analysis/Prokka/Bacteria/GOMC.bin.15086/GOMC.bin.15086.tsv
[10:00:42] ../../Data/Chen_Analysis/Prokka/Bacteria/GOMC.bin.15086/GOMC.bin.15086.txt
[10:00:42] Annotation finished successfully.
[10:00:42] Walltime used: 0.78 minutes
[10:00:42] If you use this result please cite the Prokka paper:
[10:00:42] Seemann T (2014) Prokka: rapid prokaryotic genome annotation. Bioinformatics. 30(14):2068-9.
[10:00:42] Type 'prokka --citation' for more details.
[10:00:42] Share and enjoy!
