[08:53:02] This is prokka 1.14.6
[08:53:02] Written by Torsten Seemann <torsten.seemann@gmail.com>
[08:53:02] Homepage is https://github.com/tseemann/prokka
[08:53:02] Local time is Mon Dec  1 08:53:02 2025
[08:53:02] You are joao_facio
[08:53:02] Operating system is linux
[08:53:02] You have BioPerl 1.7.8
[08:53:02] System has 12 cores.
[08:53:02] Will use maximum of 4 cores.
[08:53:02] Annotating as >>> Bacteria <<<
[08:53:02] Generating locus_tag from '/tmp/tmp6gns85ah/GOMC.bin.4456.fa' contents.
[08:53:02] Setting --locustag NELPBPMD from MD5 7e59b96d9bd87baee8dec2f4fec35caf
[08:53:02] Creating new output folder: ../../Data/Chen_Analysis/Prokka/Bacteria/GOMC.bin.4456
[08:53:02] Running: mkdir -p \.\.\/\.\.\/Data\/Chen_Analysis\/Prokka\/Bacteria\/GOMC\.bin\.4456
[08:53:02] Using filename prefix: GOMC.bin.4456.XXX
[08:53:02] Setting HMMER_NCPU=1
[08:53:02] Writing log to: ../../Data/Chen_Analysis/Prokka/Bacteria/GOMC.bin.4456/GOMC.bin.4456.log
[08:53:02] Command: /home/joao_facio/miniconda3/envs/prokka/bin/prokka --outdir ../../Data/Chen_Analysis/Prokka/Bacteria/GOMC.bin.4456 --prefix GOMC.bin.4456 --kingdom Bacteria --genus UBA6772 --strain GOMC.bin.4456 --cpus 4 --force /tmp/tmp6gns85ah/GOMC.bin.4456.fa
[08:53:02] Appending to PATH: /home/joao_facio/miniconda3/envs/prokka/bin
[08:53:02] Looking for 'aragorn' - found /home/joao_facio/miniconda3/envs/prokka/bin/aragorn
[08:53:02] Determined aragorn version is 001002 from 'ARAGORN v1.2.41 Dean Laslett'
[08:53:02] Looking for 'barrnap' - found /home/joao_facio/miniconda3/envs/prokka/bin/barrnap
[08:53:02] Determined barrnap version is 000009 from 'barrnap 0.9'
[08:53:02] Looking for 'blastp' - found /home/joao_facio/miniconda3/envs/prokka/bin/blastp
[08:53:02] Determined blastp version is 002016 from 'blastp: 2.16.0+'
[08:53:02] Looking for 'cmpress' - found /home/joao_facio/miniconda3/envs/prokka/bin/cmpress
[08:53:02] Determined cmpress version is 001001 from '# INFERNAL 1.1.5 (Sep 2023)'
[08:53:02] Looking for 'cmscan' - found /home/joao_facio/miniconda3/envs/prokka/bin/cmscan
[08:53:02] Determined cmscan version is 001001 from '# INFERNAL 1.1.5 (Sep 2023)'
[08:53:02] Looking for 'egrep' - found /usr/bin/egrep
[08:53:02] Looking for 'find' - found /usr/bin/find
[08:53:02] Looking for 'grep' - found /usr/bin/grep
[08:53:02] Looking for 'hmmpress' - found /home/joao_facio/miniconda3/envs/prokka/bin/hmmpress
[08:53:02] Determined hmmpress version is 003004 from '# HMMER 3.4 (Aug 2023); http://hmmer.org/'
[08:53:02] Looking for 'hmmscan' - found /home/joao_facio/miniconda3/envs/prokka/bin/hmmscan
[08:53:02] Determined hmmscan version is 003004 from '# HMMER 3.4 (Aug 2023); http://hmmer.org/'
[08:53:02] Looking for 'java' - found /home/joao_facio/miniconda3/envs/prokka/bin/java
[08:53:02] Looking for 'makeblastdb' - found /home/joao_facio/miniconda3/envs/prokka/bin/makeblastdb
[08:53:02] Determined makeblastdb version is 002016 from 'makeblastdb: 2.16.0+'
[08:53:02] Looking for 'minced' - found /home/joao_facio/miniconda3/envs/prokka/bin/minced
[08:53:02] Determined minced version is 004002 from 'minced 0.4.2'
[08:53:02] Looking for 'parallel' - found /home/joao_facio/miniconda3/envs/prokka/bin/parallel
[08:53:02] Determined parallel version is 20251122 from 'GNU parallel 20251122'
[08:53:02] Looking for 'prodigal' - found /home/joao_facio/miniconda3/envs/prokka/bin/prodigal
[08:53:02] Determined prodigal version is 002006 from 'Prodigal V2.6.3: February, 2016'
[08:53:02] Looking for 'prokka-genbank_to_fasta_db' - found /home/joao_facio/miniconda3/envs/prokka/bin/prokka-genbank_to_fasta_db
[08:53:02] Looking for 'sed' - found /usr/bin/sed
[08:53:02] Looking for 'tbl2asn' - found /home/joao_facio/miniconda3/envs/prokka/bin/tbl2asn
[08:53:02] Determined tbl2asn version is 025007 from 'tbl2asn 25.7   arguments:'
[08:53:02] Using genetic code table 11.
[08:53:02] Loading and checking input file: /tmp/tmp6gns85ah/GOMC.bin.4456.fa
[08:53:02] Wrote 46 contigs totalling 2129496 bp.
[08:53:02] Predicting tRNAs and tmRNAs
[08:53:02] Running: aragorn -l -gc11  -w \.\.\/\.\.\/Data\/Chen_Analysis\/Prokka\/Bacteria\/GOMC\.bin\.4456\/GOMC\.bin\.4456\.fna
[08:53:03] 1 tRNA-Asn [23534,23608] 35 (gtt)
[08:53:03] 1 tRNA-Pro c[24078,24153] 36 (tgg)
[08:53:03] 1 tRNA-Arg c[33081,33159] 36 (tct)
[08:53:03] 2 tRNA-Pro c[33237,33312] 36 (tgg)
[08:53:03] 3 tRNA-Ser c[33331,33419] 35 (gct)
[08:53:03] 4 tRNA-His c[59279,59353] 35 (gtg)
[08:53:03] 5 tRNA-Ser [96166,96251] 35 (tga)
[08:53:03] 1 tRNA-Leu c[6205,6289] 35 (taa)
[08:53:03] 2 tRNA-Gly c[6303,6375] 33 (gcc)
[08:53:03] 1 tRNA-Met [9894,9967] 34 (cat)
[08:53:03] 2 tRNA-Met c[21659,21733] 35 (cat)
[08:53:03] 3 tRNA-Ser c[31793,31878] 35 (gga)
[08:53:03] 1 tRNA-Leu [122305,122387] 35 (caa)
[08:53:03] 2 tRNA-Phe [152567,152640] 34 (gaa)
[08:53:03] 3 tRNA-Arg [210234,210308] 35 (tcg)
[08:53:03] 4 tRNA-Cys [219035,219106] 33 (gca)
[08:53:03] 1 tRNA-Thr [7624,7698] 35 (tgt)
[08:53:03] 2 tRNA-Tyr [7733,7815] 35 (gta)
[08:53:03] 3 tRNA-Gly [7823,7896] 34 (tcc)
[08:53:03] 1 tRNA-Trp c[56586,56658] 33 (cca)
[08:53:03] 2 tRNA-Gly c[57976,58049] 34 (tcc)
[08:53:03] 3 tRNA-Tyr c[58066,58148] 35 (gta)
[08:53:03] 4 tRNA-Thr c[58181,58255] 35 (tgt)
[08:53:03] tRNA c[96313,96388] is a pseudo/wacky gene - skipping.
[08:53:03] 1 tRNA-Leu [53937,54019] 35 (tag)
[08:53:03] 2 tRNA-Gln [92572,92645] 34 (ttg)
[08:53:03] 1 tRNA-Glu [27382,27453] 34 (ttc)
[08:53:03] 1 tRNA-Val c[43472,43547] 36 (tac)
[08:53:03] 1 tRNA-Thr [50869,50945] 35 (tgt)
[08:53:03] 2 tRNA-Tyr [50987,51069] 35 (gta)
[08:53:03] 1 tRNA-Leu [3467,3550] 35 (gag)
[08:53:03] 2 tRNA-Lys [3563,3636] 34 (ttt)
[08:53:03] 3 tRNA-Lys [3664,3737] 34 (ttt)
[08:53:03] 1 tRNA-Arg [30983,31059] 35 (acg)
[08:53:03] 1 tRNA-Asp c[139702,139778] 35 (gtc)
[08:53:03] 1 tRNA-Thr [28352,28425] 34 (ggt)
[08:53:03] 2 tRNA-Met c[108755,108829] 35 (cat)
[08:53:03] 1 tRNA-Glu c[53245,53317] 34 (ttc)
[08:53:03] 2 tRNA-Glu c[53396,53468] 34 (ttc)
[08:53:03] Found 38 tRNAs
[08:53:03] Predicting Ribosomal RNAs
[08:53:03] Running Barrnap with 4 threads
[08:53:03] 1 k141_124153 93186 5S ribosomal RNA
[08:53:03] 2 k141_124153 93371 23S ribosomal RNA
[08:53:03] 3 k141_158364 9 5S ribosomal RNA (partial)
[08:53:03] 4 k141_181856 9 5S ribosomal RNA (partial)
[08:53:03] Found 4 rRNAs
[08:53:03] Skipping ncRNA search, enable with --rfam if desired.
[08:53:03] Total of 42 tRNA + rRNA features
[08:53:03] Searching for CRISPR repeats
[08:53:03] Found 0 CRISPRs
[08:53:03] Predicting coding sequences
[08:53:03] Contigs total 2129496 bp, so using single mode
[08:53:03] Running: prodigal -i \.\.\/\.\.\/Data\/Chen_Analysis\/Prokka\/Bacteria\/GOMC\.bin\.4456\/GOMC\.bin\.4456\.fna -c -m -g 11 -p single -f sco -q
[08:53:06] Found 1813 CDS
[08:53:06] Connecting features back to sequences
[08:53:06] Not using genus-specific database. Try --usegenus to enable it.
[08:53:06] Annotating CDS, please be patient.
[08:53:06] Will use 4 CPUs for similarity searching.
[08:53:06] There are still 1813 unannotated CDS left (started with 1813)
[08:53:06] Will use blast to search against /home/joao_facio/miniconda3/envs/prokka/db/kingdom/Bacteria/IS with 4 CPUs
[08:53:06] Running: cat \.\.\/\.\.\/Data\/Chen_Analysis\/Prokka\/Bacteria\/GOMC\.bin\.4456\/GOMC\.bin\.4456\.IS\.tmp\.3305338\.faa | parallel --gnu --plain -j 4 --block 82202 --recstart '>' --pipe blastp -query - -db /home/joao_facio/miniconda3/envs/prokka/db/kingdom/Bacteria/IS -evalue 1e-30 -qcov_hsp_perc 90 -num_threads 1 -num_descriptions 1 -num_alignments 1 -seg no > \.\.\/\.\.\/Data\/Chen_Analysis\/Prokka\/Bacteria\/GOMC\.bin\.4456\/GOMC\.bin\.4456\.IS\.tmp\.3305338\.blast 2> /dev/null
[08:53:13] Deleting unwanted file: ../../Data/Chen_Analysis/Prokka/Bacteria/GOMC.bin.4456/GOMC.bin.4456.IS.tmp.3305338.faa
[08:53:13] Deleting unwanted file: ../../Data/Chen_Analysis/Prokka/Bacteria/GOMC.bin.4456/GOMC.bin.4456.IS.tmp.3305338.blast
[08:53:13] There are still 1810 unannotated CDS left (started with 1813)
[08:53:13] Will use blast to search against /home/joao_facio/miniconda3/envs/prokka/db/kingdom/Bacteria/AMR with 4 CPUs
[08:53:13] Running: cat \.\.\/\.\.\/Data\/Chen_Analysis\/Prokka\/Bacteria\/GOMC\.bin\.4456\/GOMC\.bin\.4456\.AMR\.tmp\.3305338\.faa | parallel --gnu --plain -j 4 --block 82083 --recstart '>' --pipe blastp -query - -db /home/joao_facio/miniconda3/envs/prokka/db/kingdom/Bacteria/AMR -evalue 1e-300 -qcov_hsp_perc 90 -num_threads 1 -num_descriptions 1 -num_alignments 1 -seg no > \.\.\/\.\.\/Data\/Chen_Analysis\/Prokka\/Bacteria\/GOMC\.bin\.4456\/GOMC\.bin\.4456\.AMR\.tmp\.3305338\.blast 2> /dev/null
[08:53:18] Deleting unwanted file: ../../Data/Chen_Analysis/Prokka/Bacteria/GOMC.bin.4456/GOMC.bin.4456.AMR.tmp.3305338.faa
[08:53:18] Deleting unwanted file: ../../Data/Chen_Analysis/Prokka/Bacteria/GOMC.bin.4456/GOMC.bin.4456.AMR.tmp.3305338.blast
[08:53:18] There are still 1810 unannotated CDS left (started with 1813)
[08:53:18] Will use blast to search against /home/joao_facio/miniconda3/envs/prokka/db/kingdom/Bacteria/sprot with 4 CPUs
[08:53:18] Running: cat \.\.\/\.\.\/Data\/Chen_Analysis\/Prokka\/Bacteria\/GOMC\.bin\.4456\/GOMC\.bin\.4456\.sprot\.tmp\.3305338\.faa | parallel --gnu --plain -j 4 --block 82083 --recstart '>' --pipe blastp -query - -db /home/joao_facio/miniconda3/envs/prokka/db/kingdom/Bacteria/sprot -evalue 1e-09 -qcov_hsp_perc 80 -num_threads 1 -num_descriptions 1 -num_alignments 1 -seg no > \.\.\/\.\.\/Data\/Chen_Analysis\/Prokka\/Bacteria\/GOMC\.bin\.4456\/GOMC\.bin\.4456\.sprot\.tmp\.3305338\.blast 2> /dev/null
[08:53:46] Modify product: Uncharacterized zinc protease Rv2782c => putative zinc protease
[08:53:46] Modify product: Uncharacterized protein YyaP => putative protein YyaP
[08:53:46] Modify product: Uncharacterized oxidoreductase CzcO => putative oxidoreductase CzcO
[08:53:46] Modify product: Uncharacterized protein YhaZ => putative protein YhaZ
[08:53:46] Modify product: Uncharacterized protein YcgM => putative protein YcgM
[08:53:46] Modify product: Uncharacterized ABC transporter ATP-binding protein TM_0288 => putative ABC transporter ATP-binding protein
[08:53:46] Modify product: Sulfurtransferase Alvin_2599 => Sulfurtransferase
[08:53:46] Modify product: Uncharacterized zinc protease Rv2782c => putative zinc protease
[08:53:46] Modify product: Uncharacterized protein YqjZ => putative protein YqjZ
[08:53:46] Modify product: Probable 3-hydroxybutyryl-CoA dehydrogenase => putative 3-hydroxybutyryl-CoA dehydrogenase
[08:53:46] Modify product: Probable adenylyltransferase/sulfurtransferase MoeZ => putative adenylyltransferase/sulfurtransferase MoeZ
[08:53:46] Modify product: Probable 3-hydroxyacyl-CoA dehydrogenase => putative 3-hydroxyacyl-CoA dehydrogenase
[08:53:46] Modify product: Probable acyl-CoA dehydrogenase => putative acyl-CoA dehydrogenase
[08:53:46] Modify product: Probable nicotinate-nucleotide adenylyltransferase => putative nicotinate-nucleotide adenylyltransferase
[08:53:46] Modify product: UPF0701 protein HI_0467 => hypothetical protein
[08:53:46] Modify product: Uncharacterized ABC transporter ATP-binding protein YheS => putative ABC transporter ATP-binding protein YheS
[08:53:46] Modify product: Putative multidrug export ATP-binding/permease protein SAV1866 => Putative multidrug export ATP-binding/permease protein
[08:53:46] Modify product: Probable ribonucleotide transport ATP-binding protein mkl => putative ribonucleotide transport ATP-binding protein mkl
[08:53:46] Modify product: Probable ATP-dependent transporter SufC => putative ATP-dependent transporter SufC
[08:53:46] Modify product: Uncharacterized protein Rv2715 => putative protein
[08:53:46] Modify product: Uncharacterized protein YjbR => putative protein YjbR
[08:53:46] Modify product: Probable chromosome-partitioning protein ParB => putative chromosome-partitioning protein ParB
[08:53:46] Modify product: Uncharacterized protein Rv1507c => putative protein
[08:53:46] Modify product: Probable bacterial non-heme ferritin => putative bacterial non-heme ferritin
[08:53:46] Modify product: UPF0301 protein YqgE => hypothetical protein
[08:53:46] Modify product: Probable iron-sulfur-binding oxidoreductase FadF => putative iron-sulfur-binding oxidoreductase FadF
[08:53:46] Modify product: Probable iron-sulfur-binding oxidoreductase FadF => putative iron-sulfur-binding oxidoreductase FadF
[08:53:46] Modify product: Uncharacterized protein YqeN => putative protein YqeN
[08:53:46] Modify product: Probable murein peptide carboxypeptidase => putative murein peptide carboxypeptidase
[08:53:46] Modify product: Uncharacterized epimerase/dehydratase SA0511 => putative epimerase/dehydratase
[08:53:46] Modify product: Putative glutaredoxin Rv3198.1 => Putative glutaredoxin.1
[08:53:46] Modify product: UPF0053 protein Rv1842c => hypothetical protein
[08:53:46] Modify product: UPF0403 protein YphP => hypothetical protein
[08:53:46] Modify product: UPF0382 membrane protein YwdK => hypothetical protein
[08:53:46] Modify product: Uncharacterized ABC transporter ATP-binding protein YbiT => putative ABC transporter ATP-binding protein YbiT
[08:53:46] Modify product: Probable cytochrome c oxidase subunit 3 => putative cytochrome c oxidase subunit 3
[08:53:46] Modify product: Uncharacterized acyl-CoA thioester hydrolase HI_0827 => putative acyl-CoA thioester hydrolase
[08:53:46] Modify product: Uncharacterized ABC transporter ATP-binding protein YknY => putative ABC transporter ATP-binding protein YknY
[08:53:46] Modify product: Probable 2-phosphosulfolactate phosphatase => putative 2-phosphosulfolactate phosphatase
[08:53:46] Modify product: Uncharacterized protein YhaP => putative protein YhaP
[08:53:46] Modify product: Probable quorum-quenching lactonase YtnP => putative quorum-quenching lactonase YtnP
[08:53:46] Modify product: Probable transcriptional regulatory protein HP_0162 => putative transcriptional regulatory protein
[08:53:46] Modify product: Sulfurtransferase Alvin_2599 => Sulfurtransferase
[08:53:46] Modify product: Probable succinyl-CoA:3-ketoacid coenzyme A transferase subunit B => putative succinyl-CoA:3-ketoacid coenzyme A transferase subunit B
[08:53:46] Modify product: Uncharacterized membrane protein YdfK => putative membrane protein YdfK
[08:53:46] Modify product: Uncharacterized protein YpjD => putative protein YpjD
[08:53:46] Modify product: UPF0053 protein Rv2366c => hypothetical protein
[08:53:46] Modify product: Uncharacterized protein YfgD => putative protein YfgD
[08:53:46] Modify product: Peptidoglycan-N-acetylglucosamine deacetylase BC_3618 => Peptidoglycan-N-acetylglucosamine deacetylase
[08:53:46] Modify product: Probable adenylyl-sulfate kinase => putative adenylyl-sulfate kinase
[08:53:46] Modify product: Uncharacterized ABC transporter ATP-binding protein YxlF => putative ABC transporter ATP-binding protein YxlF
[08:53:46] Modify product: Uncharacterized protein HI_0933 => putative protein
[08:53:46] Modify product: GTP cyclohydrolase 1 type 2 homolog => GTP cyclohydrolase 1 type 2 
[08:53:46] Modify product: Uncharacterized protein Rv1480 => putative protein
[08:53:46] Modify product: Uncharacterized protein Rv1480 => putative protein
[08:53:46] Modify product: Putative zinc metalloprotease aq_1964 => Putative zinc metalloprotease
[08:53:46] Modify product: Uncharacterized HIT-like protein Rv0759c => putative HIT-like protein
[08:53:46] Modify product: Phosphate-specific transport system accessory protein PhoU homolog => Phosphate-specific transport system accessory protein PhoU 
[08:53:46] Modify product: Probable peptidoglycan glycosyltransferase FtsW => putative peptidoglycan glycosyltransferase FtsW
[08:53:46] Modify product: Uncharacterized protein YqeY => putative protein YqeY
[08:53:46] Modify product: UPF0056 inner membrane protein YhgN => hypothetical protein
[08:53:46] Modify product: Probable multidrug resistance ABC transporter ATP-binding/permease protein YheI => putative multidrug resistance ABC transporter ATP-binding/permease protein YheI
[08:53:46] Modify product: Uncharacterized protein YciO => putative protein YciO
[08:53:46] Modify product: Uncharacterized protein HI_1163 => putative protein
[08:53:46] Modify product: Probable acyl-CoA dehydrogenase => putative acyl-CoA dehydrogenase
[08:53:46] Modify product: UPF0176 protein YceA => hypothetical protein
[08:53:46] Modify product: Putative cystathionine beta-synthase Rv1077 => Putative cystathionine beta-synthase
[08:53:46] Modify product: Probable lipid kinase YegS => putative lipid kinase YegS
[08:53:46] Modify product: Uncharacterized ABC transporter ATP-binding protein YheS => putative ABC transporter ATP-binding protein YheS
[08:53:46] Modify product: DNA-binding protein VF_0530 => DNA-binding protein
[08:53:46] Modify product: Uncharacterized RNA methyltransferase SP_1029 => putative RNA methyltransferase
[08:53:46] Modify product: Probable propionyl-CoA carboxylase beta chain 5 => putative propionyl-CoA carboxylase beta chain 5
[08:53:46] Modify product: Uncharacterized oxidoreductase SA2266 => putative oxidoreductase
[08:53:46] Modify product: Uncharacterized protein HI_0933 => putative protein
[08:53:46] Modify product: Bifunctional protein FolD => Bifunctional protein FolD protein
[08:53:46] Modify product: Uncharacterized protein YbcJ => putative protein YbcJ
[08:53:47] Modify product: Putative esterase aq_1494 => Putative esterase
[08:53:47] Modify product: Putative low molecular weight protein-tyrosine-phosphatase slr0328 => Putative low molecular weight protein-tyrosine-phosphatase
[08:53:47] Modify product: Uncharacterized protein YqeN => putative protein YqeN
[08:53:47] Modify product: UPF0758 protein CT0611 => hypothetical protein
[08:53:47] Cleaned 80 /product names
[08:53:47] Deleting unwanted file: ../../Data/Chen_Analysis/Prokka/Bacteria/GOMC.bin.4456/GOMC.bin.4456.sprot.tmp.3305338.faa
[08:53:47] Deleting unwanted file: ../../Data/Chen_Analysis/Prokka/Bacteria/GOMC.bin.4456/GOMC.bin.4456.sprot.tmp.3305338.blast
[08:53:47] There are still 1015 unannotated CDS left (started with 1813)
[08:53:47] Will use hmmer3 to search against /home/joao_facio/miniconda3/envs/prokka/db/hmm/HAMAP.hmm with 4 CPUs
[08:53:47] Running: cat \.\.\/\.\.\/Data\/Chen_Analysis\/Prokka\/Bacteria\/GOMC\.bin\.4456\/GOMC\.bin\.4456\.HAMAP\.hmm\.tmp\.3305338\.faa | parallel --gnu --plain -j 4 --block 46824 --recstart '>' --pipe hmmscan --noali --notextw --acc -E 1e-09 --cpu 1 /home/joao_facio/miniconda3/envs/prokka/db/hmm/HAMAP.hmm /dev/stdin > \.\.\/\.\.\/Data\/Chen_Analysis\/Prokka\/Bacteria\/GOMC\.bin\.4456\/GOMC\.bin\.4456\.HAMAP\.hmm\.tmp\.3305338\.hmmer3 2> /dev/null
[08:53:55] Modify product: Uncharacterized MFS-type transporter YfcJ => putative MFS-type transporter YfcJ
[08:53:55] Cleaned 1 /product names
[08:53:55] Deleting unwanted file: ../../Data/Chen_Analysis/Prokka/Bacteria/GOMC.bin.4456/GOMC.bin.4456.HAMAP.hmm.tmp.3305338.faa
[08:53:55] Deleting unwanted file: ../../Data/Chen_Analysis/Prokka/Bacteria/GOMC.bin.4456/GOMC.bin.4456.HAMAP.hmm.tmp.3305338.hmmer3
[08:53:55] Labelling remaining 850 proteins as 'hypothetical protein'
[08:53:55] Possible /pseudo 'Imidazolonepropionase' at k141_60556 position 100322
[08:53:55] Possible /pseudo 'Cold shock-like protein CspC' at k141_82505 position 23857
[08:53:55] Possible /pseudo 'putative iron-sulfur-binding oxidoreductase FadF' at k141_92772 position 26493
[08:53:55] Possible /pseudo 'Virulence sensor protein BvgS' at k141_94231 position 5375
[08:53:55] Possible /pseudo 'Agmatine deiminase' at k141_181856 position 148522
[08:53:55] Found 794 unique /gene codes.
[08:53:55] Fixed 2 duplicate /gene - macB_1 macB_2
[08:53:55] Fixed 2 duplicate /gene - uvrA_1 uvrA_2
[08:53:55] Fixed 2 duplicate /gene - ysdC_1 ysdC_2
[08:53:55] Fixed 2 duplicate /gene - rcsC_1 rcsC_2
[08:53:55] Fixed 3 duplicate /gene - pal_1 pal_2 pal_3
[08:53:55] Fixed 2 duplicate /gene - bepA_1 bepA_2
[08:53:55] Fixed 2 duplicate /gene - gloB_1 gloB_2
[08:53:55] Fixed 2 duplicate /gene - fadF_1 fadF_2
[08:53:55] Fixed 2 duplicate /gene - sigW_1 sigW_2
[08:53:55] Fixed 2 duplicate /gene - pyrR_1 pyrR_2
[08:53:55] Fixed 11 duplicate /gene - resA_1 resA_2 resA_3 resA_4 resA_5 resA_6 resA_7 resA_8 resA_9 resA_10 resA_11
[08:53:55] Fixed 2 duplicate /gene - nfuA_1 nfuA_2
[08:53:55] Fixed 3 duplicate /gene - cpoB_1 cpoB_2 cpoB_3
[08:53:55] Fixed 2 duplicate /gene - yabJ_1 yabJ_2
[08:53:55] Fixed 3 duplicate /gene - trmH_1 trmH_2 trmH_3
[08:53:55] Fixed 2 duplicate /gene - surA_1 surA_2
[08:53:55] Fixed 2 duplicate /gene - hutG_1 hutG_2
[08:53:55] Fixed 2 duplicate /gene - fadE_1 fadE_2
[08:53:55] Fixed 2 duplicate /gene - xerC_1 xerC_2
[08:53:55] Fixed 2 duplicate /gene - folE_1 folE_2
[08:53:55] Fixed 2 duplicate /gene - recQ_1 recQ_2
[08:53:55] Fixed 2 duplicate /gene - kdsA_1 kdsA_2
[08:53:55] Fixed 2 duplicate /gene - ruvB_1 ruvB_2
[08:53:55] Fixed 5 duplicate /gene - glpE_1 glpE_2 glpE_3 glpE_4 glpE_5
[08:53:55] Fixed 2 duplicate /gene - lpxD_1 lpxD_2
[08:53:55] Fixed 4 duplicate /gene - rhlE_1 rhlE_2 rhlE_3 rhlE_4
[08:53:55] Fixed 2 duplicate /gene - ettA_1 ettA_2
[08:53:55] Fixed 2 duplicate /gene - hldE_1 hldE_2
[08:53:55] Fixed 2 duplicate /gene - copA_1 copA_2
[08:53:55] Fixed 6 duplicate /gene - sasA_1 sasA_2 sasA_3 sasA_4 sasA_5 sasA_6
[08:53:55] Fixed 2 duplicate /gene - dapE_1 dapE_2
[08:53:55] Fixed 2 duplicate /gene - regX3_1 regX3_2
[08:53:55] Fixed 3 duplicate /gene - bvgS_1 bvgS_2 bvgS_3
[08:53:55] Fixed 3 duplicate /gene - yfiC_1 yfiC_2 yfiC_3
[08:53:55] Fixed 2 duplicate /gene - truC_1 truC_2
[08:53:55] Fixed 2 duplicate /gene - yqeN_1 yqeN_2
[08:53:55] Fixed 2 duplicate /gene - tatA_1 tatA_2
[08:53:55] Fixed 6 duplicate /gene - btuB_1 btuB_2 btuB_3 btuB_4 btuB_5 btuB_6
[08:53:55] Fixed 2 duplicate /gene - kbl_1 kbl_2
[08:53:55] Fixed 2 duplicate /gene - fabF_1 fabF_2
[08:53:55] Fixed 2 duplicate /gene - cspC_1 cspC_2
[08:53:55] Fixed 4 duplicate /gene - hutI_1 hutI_2 hutI_3 hutI_4
[08:53:55] Fixed 2 duplicate /gene - degU_1 degU_2
[08:53:55] Fixed 2 duplicate /gene - apbE_1 apbE_2
[08:53:55] Fixed 2 duplicate /gene - gyrA_1 gyrA_2
[08:53:55] Fixed 2 duplicate /gene - tadA_1 tadA_2
[08:53:55] Fixed 2 duplicate /gene - hemH_1 hemH_2
[08:53:55] Fixed 2 duplicate /gene - hmgA_1 hmgA_2
[08:53:55] Fixed 2 duplicate /gene - rny_1 rny_2
[08:53:55] Fixed 3 duplicate /gene - asnC_1 asnC_2 asnC_3
[08:53:55] Fixed 2 duplicate /gene - galE_1 galE_2
[08:53:55] Fixed 2 duplicate /gene - bicA_1 bicA_2
[08:53:55] Fixed 2 duplicate /gene - truA_1 truA_2
[08:53:55] Fixed 2 duplicate /gene - COQ5_1 COQ5_2
[08:53:55] Fixed 2 duplicate /gene - rluC_1 rluC_2
[08:53:55] Fixed 2 duplicate /gene - hpd_1 hpd_2
[08:53:55] Fixed 4 duplicate /gene - dxs_1 dxs_2 dxs_3 dxs_4
[08:53:55] Fixed 2 duplicate /gene - rsmI_1 rsmI_2
[08:53:55] Fixed 2 duplicate /gene - pyrC_1 pyrC_2
[08:53:55] Fixed 2 duplicate /gene - mutS2_1 mutS2_2
[08:53:55] Fixed 2 duplicate /gene - mmgC_1 mmgC_2
[08:53:55] Fixed 2 duplicate /gene - yheS_1 yheS_2
[08:53:55] Fixed 2 duplicate /gene - amn_1 amn_2
[08:53:55] Fixed 3 duplicate /gene - mshA_1 mshA_2 mshA_3
[08:53:55] Fixed 2 duplicate /gene - lnrL_1 lnrL_2
[08:53:55] Fixed 2 duplicate /gene - aguA_1 aguA_2
[08:53:55] Fixed 2 duplicate /gene - pyrG_1 pyrG_2
[08:53:55] Fixed 2 duplicate /gene - mnmC_1 mnmC_2
[08:53:55] Fixed 2 duplicate /gene - tolQ_1 tolQ_2
[08:53:55] Fixed 2 duplicate /gene - ntcA_1 ntcA_2
[08:53:55] Fixed 2 duplicate /gene - xerD_1 xerD_2
[08:53:55] Fixed 2 duplicate /gene - sadH_1 sadH_2
[08:53:55] Fixed 2 duplicate /gene - lptD_1 lptD_2
[08:53:55] Fixed 73 colliding /gene names.
[08:53:55] Adding /locus_tag identifiers
[08:53:55] Assigned 1855 locus_tags to CDS and RNA features.
[08:53:55] Writing outputs to ../../Data/Chen_Analysis/Prokka/Bacteria/GOMC.bin.4456/
[08:53:55] Generating annotation statistics file
[08:53:55] Generating Genbank and Sequin files
[08:53:55] Running: tbl2asn -V b -a r10k -l paired-ends -M n -N 1 -y 'Annotated using prokka 1.14.6 from https://github.com/tseemann/prokka' -Z \.\.\/\.\.\/Data\/Chen_Analysis\/Prokka\/Bacteria\/GOMC\.bin\.4456\/GOMC\.bin\.4456\.err -i \.\.\/\.\.\/Data\/Chen_Analysis\/Prokka\/Bacteria\/GOMC\.bin\.4456\/GOMC\.bin\.4456\.fsa 2> /dev/null
[08:53:57] Deleting unwanted file: ../../Data/Chen_Analysis/Prokka/Bacteria/GOMC.bin.4456/errorsummary.val
[08:53:57] Deleting unwanted file: ../../Data/Chen_Analysis/Prokka/Bacteria/GOMC.bin.4456/GOMC.bin.4456.dr
[08:53:57] Deleting unwanted file: ../../Data/Chen_Analysis/Prokka/Bacteria/GOMC.bin.4456/GOMC.bin.4456.fixedproducts
[08:53:57] Deleting unwanted file: ../../Data/Chen_Analysis/Prokka/Bacteria/GOMC.bin.4456/GOMC.bin.4456.ecn
[08:53:57] Deleting unwanted file: ../../Data/Chen_Analysis/Prokka/Bacteria/GOMC.bin.4456/GOMC.bin.4456.val
[08:53:57] Repairing broken .GBK output that tbl2asn produces...
[08:53:57] Running: sed 's/COORDINATES: profile/COORDINATES:profile/' < \.\.\/\.\.\/Data\/Chen_Analysis\/Prokka\/Bacteria\/GOMC\.bin\.4456\/GOMC\.bin\.4456\.gbf > \.\.\/\.\.\/Data\/Chen_Analysis\/Prokka\/Bacteria\/GOMC\.bin\.4456\/GOMC\.bin\.4456\.gbk
[08:53:57] Deleting unwanted file: ../../Data/Chen_Analysis/Prokka/Bacteria/GOMC.bin.4456/GOMC.bin.4456.gbf
[08:53:57] Output files:
[08:53:57] ../../Data/Chen_Analysis/Prokka/Bacteria/GOMC.bin.4456/GOMC.bin.4456.gbk
[08:53:57] ../../Data/Chen_Analysis/Prokka/Bacteria/GOMC.bin.4456/GOMC.bin.4456.gff
[08:53:57] ../../Data/Chen_Analysis/Prokka/Bacteria/GOMC.bin.4456/GOMC.bin.4456.err
[08:53:57] ../../Data/Chen_Analysis/Prokka/Bacteria/GOMC.bin.4456/GOMC.bin.4456.log
[08:53:57] ../../Data/Chen_Analysis/Prokka/Bacteria/GOMC.bin.4456/GOMC.bin.4456.fsa
[08:53:57] ../../Data/Chen_Analysis/Prokka/Bacteria/GOMC.bin.4456/GOMC.bin.4456.txt
[08:53:57] ../../Data/Chen_Analysis/Prokka/Bacteria/GOMC.bin.4456/GOMC.bin.4456.ffn
[08:53:57] ../../Data/Chen_Analysis/Prokka/Bacteria/GOMC.bin.4456/GOMC.bin.4456.tsv
[08:53:57] ../../Data/Chen_Analysis/Prokka/Bacteria/GOMC.bin.4456/GOMC.bin.4456.fna
[08:53:57] ../../Data/Chen_Analysis/Prokka/Bacteria/GOMC.bin.4456/GOMC.bin.4456.sqn
[08:53:57] ../../Data/Chen_Analysis/Prokka/Bacteria/GOMC.bin.4456/GOMC.bin.4456.faa
[08:53:57] ../../Data/Chen_Analysis/Prokka/Bacteria/GOMC.bin.4456/GOMC.bin.4456.tbl
[08:53:57] Annotation finished successfully.
[08:53:57] Walltime used: 0.92 minutes
[08:53:57] If you use this result please cite the Prokka paper:
[08:53:57] Seemann T (2014) Prokka: rapid prokaryotic genome annotation. Bioinformatics. 30(14):2068-9.
[08:53:57] Type 'prokka --citation' for more details.
[08:53:57] Share and enjoy!
