[07:20:33] This is prokka 1.14.6
[07:20:33] Written by Torsten Seemann <torsten.seemann@gmail.com>
[07:20:33] Homepage is https://github.com/tseemann/prokka
[07:20:33] Local time is Mon Dec  1 07:20:33 2025
[07:20:33] You are joao_facio
[07:20:33] Operating system is linux
[07:20:33] You have BioPerl 1.7.8
[07:20:33] System has 12 cores.
[07:20:33] Will use maximum of 4 cores.
[07:20:33] Annotating as >>> Archaea <<<
[07:20:33] Generating locus_tag from '/tmp/tmp6gns85ah/GOMC.bin.3422.fa' contents.
[07:20:33] Setting --locustag MJBIOKNC from MD5 63b2847cc00e9ed4165f8a935cd60ed8
[07:20:33] Creating new output folder: ../../Data/Chen_Analysis/Prokka/Archaea/GOMC.bin.3422
[07:20:33] Running: mkdir -p \.\.\/\.\.\/Data\/Chen_Analysis\/Prokka\/Archaea\/GOMC\.bin\.3422
[07:20:33] Using filename prefix: GOMC.bin.3422.XXX
[07:20:33] Setting HMMER_NCPU=1
[07:20:33] Writing log to: ../../Data/Chen_Analysis/Prokka/Archaea/GOMC.bin.3422/GOMC.bin.3422.log
[07:20:33] Command: /home/joao_facio/miniconda3/envs/prokka/bin/prokka --outdir ../../Data/Chen_Analysis/Prokka/Archaea/GOMC.bin.3422 --prefix GOMC.bin.3422 --kingdom Archaea --genus B5-G16 --strain GOMC.bin.3422 --cpus 4 --force /tmp/tmp6gns85ah/GOMC.bin.3422.fa
[07:20:33] Appending to PATH: /home/joao_facio/miniconda3/envs/prokka/bin
[07:20:33] Looking for 'aragorn' - found /home/joao_facio/miniconda3/envs/prokka/bin/aragorn
[07:20:33] Determined aragorn version is 001002 from 'ARAGORN v1.2.41 Dean Laslett'
[07:20:33] Looking for 'barrnap' - found /home/joao_facio/miniconda3/envs/prokka/bin/barrnap
[07:20:33] Determined barrnap version is 000009 from 'barrnap 0.9'
[07:20:33] Looking for 'blastp' - found /home/joao_facio/miniconda3/envs/prokka/bin/blastp
[07:20:33] Determined blastp version is 002016 from 'blastp: 2.16.0+'
[07:20:33] Looking for 'cmpress' - found /home/joao_facio/miniconda3/envs/prokka/bin/cmpress
[07:20:33] Determined cmpress version is 001001 from '# INFERNAL 1.1.5 (Sep 2023)'
[07:20:33] Looking for 'cmscan' - found /home/joao_facio/miniconda3/envs/prokka/bin/cmscan
[07:20:33] Determined cmscan version is 001001 from '# INFERNAL 1.1.5 (Sep 2023)'
[07:20:33] Looking for 'egrep' - found /usr/bin/egrep
[07:20:33] Looking for 'find' - found /usr/bin/find
[07:20:33] Looking for 'grep' - found /usr/bin/grep
[07:20:33] Looking for 'hmmpress' - found /home/joao_facio/miniconda3/envs/prokka/bin/hmmpress
[07:20:33] Determined hmmpress version is 003004 from '# HMMER 3.4 (Aug 2023); http://hmmer.org/'
[07:20:33] Looking for 'hmmscan' - found /home/joao_facio/miniconda3/envs/prokka/bin/hmmscan
[07:20:33] Determined hmmscan version is 003004 from '# HMMER 3.4 (Aug 2023); http://hmmer.org/'
[07:20:33] Looking for 'java' - found /home/joao_facio/miniconda3/envs/prokka/bin/java
[07:20:33] Looking for 'makeblastdb' - found /home/joao_facio/miniconda3/envs/prokka/bin/makeblastdb
[07:20:33] Determined makeblastdb version is 002016 from 'makeblastdb: 2.16.0+'
[07:20:33] Looking for 'minced' - found /home/joao_facio/miniconda3/envs/prokka/bin/minced
[07:20:33] Determined minced version is 004002 from 'minced 0.4.2'
[07:20:33] Looking for 'parallel' - found /home/joao_facio/miniconda3/envs/prokka/bin/parallel
[07:20:33] Determined parallel version is 20251122 from 'GNU parallel 20251122'
[07:20:33] Looking for 'prodigal' - found /home/joao_facio/miniconda3/envs/prokka/bin/prodigal
[07:20:33] Determined prodigal version is 002006 from 'Prodigal V2.6.3: February, 2016'
[07:20:33] Looking for 'prokka-genbank_to_fasta_db' - found /home/joao_facio/miniconda3/envs/prokka/bin/prokka-genbank_to_fasta_db
[07:20:33] Looking for 'sed' - found /usr/bin/sed
[07:20:33] Looking for 'tbl2asn' - found /home/joao_facio/miniconda3/envs/prokka/bin/tbl2asn
[07:20:33] Determined tbl2asn version is 025007 from 'tbl2asn 25.7   arguments:'
[07:20:33] Using genetic code table 11.
[07:20:33] Loading and checking input file: /tmp/tmp6gns85ah/GOMC.bin.3422.fa
[07:20:33] Wrote 563 contigs totalling 1241309 bp.
[07:20:33] Predicting tRNAs and tmRNAs
[07:20:33] Running: aragorn -l -gc11  -w \.\.\/\.\.\/Data\/Chen_Analysis\/Prokka\/Archaea\/GOMC\.bin\.3422\/GOMC\.bin\.3422\.fna
[07:20:33] 1 tRNA-Cys c[1592,1665] 34 (gca)
[07:20:33] 1 tRNA-Asn c[1447,1520] 34 (gtt)
[07:20:33] 1 tRNA-Pro c[718,791] 36 (cgg)
[07:20:33] 1 tRNA-Gln [1951,2023] 35 (ttg)
[07:20:33] 1 tRNA-Val c[34,107] 34 (tac)
[07:20:33] 1 tRNA-Ser c[1747,1828] 33 (gga)
[07:20:33] 1 tRNA-Glu [4690,4764] 37 (ctc)
[07:20:33] 2 tRNA-Leu c[5058,5140] 35 (cag)
[07:20:33] 1 tRNA-Lys c[35,109] 35 (ctt)
[07:20:33] 1 tRNA-Thr [1406,1478] 34 (tgt)
[07:20:33] 1 tRNA-Val [2504,2576] 34 (cac)
[07:20:33] 1 tRNA-Glu c[2165,2239] 37 (ttc)
[07:20:33] 1 tRNA-Ala c[1338,1410] 33 (cgc)
[07:20:33] 1 tRNA-Phe [2545,2618] 35 (gaa)
[07:20:33] 1 tRNA-Gly c[324,395] 33 (tcc)
[07:20:34] 1 tRNA-Tyr [1242,1337] 34 (gta)
[07:20:34] 1 tRNA-Leu [1108,1190] 35 (tag)
[07:20:34] 1 tRNA-Arg [1149,1221] 34 (tcg)
[07:20:34] 1 tRNA-Pro c[1010,1084] 36 (tgg)
[07:20:34] 1 tRNA-Arg [1359,1434] 36 (tct)
[07:20:34] Found 20 tRNAs
[07:20:34] Predicting Ribosomal RNAs
[07:20:34] Running Barrnap with 4 threads
[07:20:34] 1 SRR7968104_k53_715077_1 62 5S ribosomal RNA
[07:20:34] Found 1 rRNAs
[07:20:34] Skipping ncRNA search, enable with --rfam if desired.
[07:20:34] Total of 21 tRNA + rRNA features
[07:20:34] Searching for CRISPR repeats
[07:20:34] Found 0 CRISPRs
[07:20:34] Predicting coding sequences
[07:20:34] Contigs total 1241309 bp, so using single mode
[07:20:34] Running: prodigal -i \.\.\/\.\.\/Data\/Chen_Analysis\/Prokka\/Archaea\/GOMC\.bin\.3422\/GOMC\.bin\.3422\.fna -c -m -g 11 -p single -f sco -q
[07:20:35] Excluding CDS which overlaps existing RNA (tRNA) at SRR7968104_k53_272115_1:777..977 on - strand
[07:20:36] Found 1312 CDS
[07:20:36] Connecting features back to sequences
[07:20:36] Not using genus-specific database. Try --usegenus to enable it.
[07:20:36] Annotating CDS, please be patient.
[07:20:36] Will use 4 CPUs for similarity searching.
[07:20:36] There are still 1312 unannotated CDS left (started with 1312)
[07:20:36] Will use blast to search against /home/joao_facio/miniconda3/envs/prokka/db/kingdom/Archaea/sprot with 4 CPUs
[07:20:36] Running: cat \.\.\/\.\.\/Data\/Chen_Analysis\/Prokka\/Archaea\/GOMC\.bin\.3422\/GOMC\.bin\.3422\.sprot\.tmp\.3072841\.faa | parallel --gnu --plain -j 4 --block 35628 --recstart '>' --pipe blastp -query - -db /home/joao_facio/miniconda3/envs/prokka/db/kingdom/Archaea/sprot -evalue 1e-09 -qcov_hsp_perc 80 -num_threads 1 -num_descriptions 1 -num_alignments 1 -seg no > \.\.\/\.\.\/Data\/Chen_Analysis\/Prokka\/Archaea\/GOMC\.bin\.3422\/GOMC\.bin\.3422\.sprot\.tmp\.3072841\.blast 2> /dev/null
[07:20:37] Modify product: Uncharacterized protein AF_1796 => putative protein
[07:20:37] Modify product: Uncharacterized HTH-type transcriptional regulator PH1519 => putative HTH-type transcriptional regulator
[07:20:37] Modify product: Uncharacterized protein MJ1198 => putative protein
[07:20:37] Modify product: Protein MM_0484 => Protein
[07:20:37] Modify product: Damage-control phosphatase AF_1104 => Damage-control phosphatase
[07:20:37] Modify product: Iron-sulfur flavoprotein MJ1083 => Iron-sulfur flavoprotein
[07:20:37] Modify product: Probable tRNA pseudouridine synthase B => putative tRNA pseudouridine synthase B
[07:20:37] Modify product: Uncharacterized protein MJ1225 => putative protein
[07:20:37] Modify product: Uncharacterized protein AF_1514 => putative protein
[07:20:37] Modify product: UPF0146 protein MTH_1000 => hypothetical protein
[07:20:37] Modify product: Sugar fermentation stimulation protein homolog => Sugar fermentation stimulation protein 
[07:20:37] Modify product: Membrane-bound protease PH1510 => Membrane-bound protease
[07:20:37] Modify product: Putative sulfur carrier protein Ta1170/Ta1414 => Putative sulfur carrier protein/Ta1414
[07:20:37] Modify product: Phosphodiesterase MJ0936 => Phosphodiesterase
[07:20:37] Modify product: Stomatin homolog PH1511 => Stomatin
[07:20:37] Modify product: Probable aspartokinase => putative aspartokinase
[07:20:37] Modify product: Sugar fermentation stimulation protein homolog => Sugar fermentation stimulation protein 
[07:20:37] Modify product: Probable membrane-bound hydrogenase subunit mbhJ => putative membrane-bound hydrogenase subunit mbhJ
[07:20:37] Modify product: Uncharacterized protein AF_1403 => putative protein
[07:20:37] Modify product: UPF0310 protein MJECL36 => hypothetical protein
[07:20:38] Modify product: Probable ribosomal RNA small subunit methyltransferase A => putative ribosomal RNA small subunit methyltransferase A
[07:20:38] Modify product: Probable metalloprotease HVO_1016 => putative metalloprotease
[07:20:38] Modify product: Probable translation initiation factor IF-2 => putative translation initiation factor IF-2
[07:20:38] Modify product: Probable molybdopterin synthase => putative molybdopterin synthase
[07:20:38] Modify product: Zinc metalloprotease MJ0392 => Zinc metalloprotease
[07:20:38] Modify product: UPF0284 protein PH0034 => hypothetical protein
[07:20:38] Modify product: Uncharacterized protein MJ0039 => putative protein
[07:20:38] Modify product: Universal stress protein MJ0577 => Universal stress protein
[07:20:38] Modify product: Uncharacterized protein MJ1480 => putative protein
[07:20:38] Modify product: Uncharacterized protein MJ1311 => putative protein
[07:20:38] Modify product: Uncharacterized protein MJ1187 => putative protein
[07:20:38] Modify product: Uncharacterized protein MJ0754 => putative protein
[07:20:38] Modify product: Probable branched-chain amino acid transport ATP-binding protein LivG => putative branched-chain amino acid transport ATP-binding protein LivG
[07:20:38] Modify product: Probable branched-chain amino acid transport ATP-binding protein LivG => putative branched-chain amino acid transport ATP-binding protein LivG
[07:20:38] Modify product: UPF0147 protein Ta0600 => hypothetical protein
[07:20:38] Modify product: Probable branched-chain amino acid transport ATP-binding protein LivG => putative branched-chain amino acid transport ATP-binding protein LivG
[07:20:38] Modify product: Probable branched-chain amino acid transport ATP-binding protein LivG => putative branched-chain amino acid transport ATP-binding protein LivG
[07:20:38] Modify product: Uncharacterized KH and PIN-domain containing protein MJ1533 => putative KH and PIN-domain containing protein
[07:20:38] Modify product: Probable branched-chain amino acid transport ATP-binding protein LivG => putative branched-chain amino acid transport ATP-binding protein LivG
[07:20:38] Modify product: UPF0147 protein Ta0600 => hypothetical protein
[07:20:38] Modify product: Probable RNA 2'-phosphotransferase => putative RNA 2'-phosphotransferase
[07:20:38] Modify product: Uncharacterized protein MJ1311 => putative protein
[07:20:38] Modify product: Probable cyclic pyranopterin monophosphate synthase => putative cyclic pyranopterin monophosphate synthase
[07:20:38] Modify product: Uncharacterized protein MJ0100 => putative protein
[07:20:38] Modify product: Probable RNA 2'-phosphotransferase => putative RNA 2'-phosphotransferase
[07:20:38] Modify product: UPF0045 protein MTH_1187 => hypothetical protein
[07:20:38] Modify product: Uncharacterized protein MTH_863 => putative protein MTH_863
[07:20:38] Modify product: Probable branched-chain amino acid transport ATP-binding protein LivG => putative branched-chain amino acid transport ATP-binding protein LivG
[07:20:38] Modify product: UPF0215 protein AF_1433 => hypothetical protein
[07:20:38] Modify product: Probable cobalt-precorrin-6B C(15)-methyltransferase (decarboxylating) => putative cobalt-precorrin-6B C(15)-methyltransferase (decarboxylating)
[07:20:38] Modify product: UPF0107 protein AF_0055 => hypothetical protein
[07:20:38] Modify product: GPN-loop GTPase PAB0955 => GPN-loop GTPase
[07:20:38] Modify product: Probable hydrogenase maturation factor HypB => putative hydrogenase maturation factor HypB
[07:20:38] Modify product: Protein Ta0487 => Protein
[07:20:38] Modify product: UPF0215 protein AF_1433 => hypothetical protein
[07:20:38] Cleaned 55 /product names
[07:20:38] Deleting unwanted file: ../../Data/Chen_Analysis/Prokka/Archaea/GOMC.bin.3422/GOMC.bin.3422.sprot.tmp.3072841.faa
[07:20:38] Deleting unwanted file: ../../Data/Chen_Analysis/Prokka/Archaea/GOMC.bin.3422/GOMC.bin.3422.sprot.tmp.3072841.blast
[07:20:38] There are still 897 unannotated CDS left (started with 1312)
[07:20:38] Will use hmmer3 to search against /home/joao_facio/miniconda3/envs/prokka/db/hmm/HAMAP.hmm with 4 CPUs
[07:20:38] Running: cat \.\.\/\.\.\/Data\/Chen_Analysis\/Prokka\/Archaea\/GOMC\.bin\.3422\/GOMC\.bin\.3422\.HAMAP\.hmm\.tmp\.3072841\.faa | parallel --gnu --plain -j 4 --block 22579 --recstart '>' --pipe hmmscan --noali --notextw --acc -E 1e-09 --cpu 1 /home/joao_facio/miniconda3/envs/prokka/db/hmm/HAMAP.hmm /dev/stdin > \.\.\/\.\.\/Data\/Chen_Analysis\/Prokka\/Archaea\/GOMC\.bin\.3422\/GOMC\.bin\.3422\.HAMAP\.hmm\.tmp\.3072841\.hmmer3 2> /dev/null
[07:20:44] Modify product: Uncharacterized MFS-type transporter YfcJ => putative MFS-type transporter YfcJ
[07:20:44] Cleaned 1 /product names
[07:20:44] Deleting unwanted file: ../../Data/Chen_Analysis/Prokka/Archaea/GOMC.bin.3422/GOMC.bin.3422.HAMAP.hmm.tmp.3072841.faa
[07:20:44] Deleting unwanted file: ../../Data/Chen_Analysis/Prokka/Archaea/GOMC.bin.3422/GOMC.bin.3422.HAMAP.hmm.tmp.3072841.hmmer3
[07:20:44] Labelling remaining 736 proteins as 'hypothetical protein'
[07:20:44] Possible /pseudo 'Iron-sulfur cluster carrier protein' at SRR7968104_k53_504284_1 position 1229
[07:20:44] Possible /pseudo 'Vitamin B12 import ATP-binding protein BtuD' at SRR7968104_k53_516471_1 position 1214
[07:20:44] Possible /pseudo 'DNA polymerase' at SRR7968104_k53_968791_1 position 3188
[07:20:44] Possible /pseudo 'putative protein' at SRR7968104_k53_1313475_1 position 2757
[07:20:44] Possible /pseudo 'putative branched-chain amino acid transport ATP-binding protein LivG' at SRR7968104_k53_1475843_1 position 1391
[07:20:44] Possible /pseudo 'putative branched-chain amino acid transport ATP-binding protein LivG' at SRR7968104_k53_1628495_1 position 609
[07:20:44] Found 355 unique /gene codes.
[07:20:44] Fixed 5 duplicate /gene - moaA_1 moaA_2 moaA_3 moaA_4 moaA_5
[07:20:44] Fixed 2 duplicate /gene - gyrB_1 gyrB_2
[07:20:44] Fixed 2 duplicate /gene - vat_1 vat_2
[07:20:44] Fixed 7 duplicate /gene - caiA_1 caiA_2 caiA_3 caiA_4 caiA_5 caiA_6 caiA_7
[07:20:44] Fixed 2 duplicate /gene - tiaS_1 tiaS_2
[07:20:44] Fixed 2 duplicate /gene - fieF_1 fieF_2
[07:20:44] Fixed 6 duplicate /gene - btuD_1 btuD_2 btuD_3 btuD_4 btuD_5 btuD_6
[07:20:44] Fixed 2 duplicate /gene - queC_1 queC_2
[07:20:44] Fixed 2 duplicate /gene - porC_1 porC_2
[07:20:44] Fixed 2 duplicate /gene - pol_1 pol_2
[07:20:44] Fixed 2 duplicate /gene - glpE_1 glpE_2
[07:20:44] Fixed 2 duplicate /gene - prmC_1 prmC_2
[07:20:44] Fixed 2 duplicate /gene - hmeA_1 hmeA_2
[07:20:44] Fixed 2 duplicate /gene - kptA_1 kptA_2
[07:20:44] Fixed 2 duplicate /gene - rgy_1 rgy_2
[07:20:44] Fixed 2 duplicate /gene - gpsA_1 gpsA_2
[07:20:44] Fixed 2 duplicate /gene - purF_1 purF_2
[07:20:44] Fixed 2 duplicate /gene - porA_1 porA_2
[07:20:44] Fixed 2 duplicate /gene - glcV_1 glcV_2
[07:20:44] Fixed 2 duplicate /gene - ade_1 ade_2
[07:20:44] Fixed 2 duplicate /gene - rpl4_1 rpl4_2
[07:20:44] Fixed 3 duplicate /gene - hdrD_1 hdrD_2 hdrD_3
[07:20:44] Fixed 2 duplicate /gene - pqqE_1 pqqE_2
[07:20:44] Fixed 3 duplicate /gene - COQ5_1 COQ5_2 COQ5_3
[07:20:44] Fixed 3 duplicate /gene - hdrA_1 hdrA_2 hdrA_3
[07:20:44] Fixed 2 duplicate /gene - ftsZ1_1 ftsZ1_2
[07:20:44] Fixed 2 duplicate /gene - cdhB2_1 cdhB2_2
[07:20:44] Fixed 2 duplicate /gene - aroA'_1 aroA'_2
[07:20:44] Fixed 2 duplicate /gene - der_1 der_2
[07:20:44] Fixed 2 duplicate /gene - gpt_1 gpt_2
[07:20:44] Fixed 2 duplicate /gene - dld_1 dld_2
[07:20:44] Fixed 2 duplicate /gene - fdhA_1 fdhA_2
[07:20:44] Fixed 2 duplicate /gene - nadE_1 nadE_2
[07:20:44] Fixed 6 duplicate /gene - livG_1 livG_2 livG_3 livG_4 livG_5 livG_6
[07:20:44] Fixed 2 duplicate /gene - smc_1 smc_2
[07:20:44] Fixed 2 duplicate /gene - btuC_1 btuC_2
[07:20:44] Fixed 5 duplicate /gene - aor_1 aor_2 aor_3 aor_4 aor_5
[07:20:44] Fixed 6 duplicate /gene - gloB_1 gloB_2 gloB_3 gloB_4 gloB_5 gloB_6
[07:20:44] Fixed 2 duplicate /gene - mshD_1 mshD_2
[07:20:44] Fixed 2 duplicate /gene - tgtA_1 tgtA_2
[07:20:44] Fixed 2 duplicate /gene - cutA_1 cutA_2
[07:20:44] Fixed 2 duplicate /gene - asd_1 asd_2
[07:20:44] Fixed 2 duplicate /gene - lysJ_1 lysJ_2
[07:20:44] Fixed 4 duplicate /gene - frc_1 frc_2 frc_3 frc_4
[07:20:44] Fixed 2 duplicate /gene - icmF_1 icmF_2
[07:20:44] Fixed 4 duplicate /gene - rsxB_1 rsxB_2 rsxB_3 rsxB_4
[07:20:44] Fixed 4 duplicate /gene - ndhI_1 ndhI_2 ndhI_3 ndhI_4
[07:20:44] Fixed 2 duplicate /gene - tuf_1 tuf_2
[07:20:44] Fixed 2 duplicate /gene - hisF_1 hisF_2
[07:20:44] Fixed 2 duplicate /gene - nreA_1 nreA_2
[07:20:44] Fixed 2 duplicate /gene - sudA_1 sudA_2
[07:20:44] Fixed 2 duplicate /gene - IMPDH_1 IMPDH_2
[07:20:44] Fixed 2 duplicate /gene - albA2_1 albA2_2
[07:20:44] Fixed 2 duplicate /gene - obg_1 obg_2
[07:20:44] Fixed 2 duplicate /gene - cysG_1 cysG_2
[07:20:44] Fixed 2 duplicate /gene - sfsA_1 sfsA_2
[07:20:44] Fixed 2 duplicate /gene - malK_1 malK_2
[07:20:44] Fixed 57 colliding /gene names.
[07:20:44] Adding /locus_tag identifiers
[07:20:44] Assigned 1333 locus_tags to CDS and RNA features.
[07:20:44] Writing outputs to ../../Data/Chen_Analysis/Prokka/Archaea/GOMC.bin.3422/
[07:20:45] Generating annotation statistics file
[07:20:45] Generating Genbank and Sequin files
[07:20:45] Running: tbl2asn -V b -a r10k -l paired-ends -M n -N 1 -y 'Annotated using prokka 1.14.6 from https://github.com/tseemann/prokka' -Z \.\.\/\.\.\/Data\/Chen_Analysis\/Prokka\/Archaea\/GOMC\.bin\.3422\/GOMC\.bin\.3422\.err -i \.\.\/\.\.\/Data\/Chen_Analysis\/Prokka\/Archaea\/GOMC\.bin\.3422\/GOMC\.bin\.3422\.fsa 2> /dev/null
[07:20:46] Deleting unwanted file: ../../Data/Chen_Analysis/Prokka/Archaea/GOMC.bin.3422/errorsummary.val
[07:20:46] Deleting unwanted file: ../../Data/Chen_Analysis/Prokka/Archaea/GOMC.bin.3422/GOMC.bin.3422.dr
[07:20:46] Deleting unwanted file: ../../Data/Chen_Analysis/Prokka/Archaea/GOMC.bin.3422/GOMC.bin.3422.fixedproducts
[07:20:46] Deleting unwanted file: ../../Data/Chen_Analysis/Prokka/Archaea/GOMC.bin.3422/GOMC.bin.3422.ecn
[07:20:46] Deleting unwanted file: ../../Data/Chen_Analysis/Prokka/Archaea/GOMC.bin.3422/GOMC.bin.3422.val
[07:20:46] Repairing broken .GBK output that tbl2asn produces...
[07:20:46] Running: sed 's/COORDINATES: profile/COORDINATES:profile/' < \.\.\/\.\.\/Data\/Chen_Analysis\/Prokka\/Archaea\/GOMC\.bin\.3422\/GOMC\.bin\.3422\.gbf > \.\.\/\.\.\/Data\/Chen_Analysis\/Prokka\/Archaea\/GOMC\.bin\.3422\/GOMC\.bin\.3422\.gbk
[07:20:46] Deleting unwanted file: ../../Data/Chen_Analysis/Prokka/Archaea/GOMC.bin.3422/GOMC.bin.3422.gbf
[07:20:46] Output files:
[07:20:46] ../../Data/Chen_Analysis/Prokka/Archaea/GOMC.bin.3422/GOMC.bin.3422.gbk
[07:20:46] ../../Data/Chen_Analysis/Prokka/Archaea/GOMC.bin.3422/GOMC.bin.3422.sqn
[07:20:46] ../../Data/Chen_Analysis/Prokka/Archaea/GOMC.bin.3422/GOMC.bin.3422.fsa
[07:20:46] ../../Data/Chen_Analysis/Prokka/Archaea/GOMC.bin.3422/GOMC.bin.3422.fna
[07:20:46] ../../Data/Chen_Analysis/Prokka/Archaea/GOMC.bin.3422/GOMC.bin.3422.ffn
[07:20:46] ../../Data/Chen_Analysis/Prokka/Archaea/GOMC.bin.3422/GOMC.bin.3422.log
[07:20:46] ../../Data/Chen_Analysis/Prokka/Archaea/GOMC.bin.3422/GOMC.bin.3422.tsv
[07:20:46] ../../Data/Chen_Analysis/Prokka/Archaea/GOMC.bin.3422/GOMC.bin.3422.gff
[07:20:46] ../../Data/Chen_Analysis/Prokka/Archaea/GOMC.bin.3422/GOMC.bin.3422.tbl
[07:20:46] ../../Data/Chen_Analysis/Prokka/Archaea/GOMC.bin.3422/GOMC.bin.3422.txt
[07:20:46] ../../Data/Chen_Analysis/Prokka/Archaea/GOMC.bin.3422/GOMC.bin.3422.faa
[07:20:46] ../../Data/Chen_Analysis/Prokka/Archaea/GOMC.bin.3422/GOMC.bin.3422.err
[07:20:46] Annotation finished successfully.
[07:20:46] Walltime used: 0.22 minutes
[07:20:46] If you use this result please cite the Prokka paper:
[07:20:46] Seemann T (2014) Prokka: rapid prokaryotic genome annotation. Bioinformatics. 30(14):2068-9.
[07:20:46] Type 'prokka --citation' for more details.
[07:20:46] Share and enjoy!
