[08:42:52] This is prokka 1.14.6
[08:42:52] Written by Torsten Seemann <torsten.seemann@gmail.com>
[08:42:52] Homepage is https://github.com/tseemann/prokka
[08:42:52] Local time is Mon Dec  1 08:42:52 2025
[08:42:52] You are joao_facio
[08:42:52] Operating system is linux
[08:42:52] You have BioPerl 1.7.8
[08:42:52] System has 12 cores.
[08:42:52] Will use maximum of 4 cores.
[08:42:52] Annotating as >>> Bacteria <<<
[08:42:52] Generating locus_tag from '/tmp/tmp6gns85ah/GOMC.bin.12326.fa' contents.
[08:42:52] Setting --locustag JLHBDMGE from MD5 351bd60eb8c4783f51c1e27b02e6c9ef
[08:42:52] Creating new output folder: ../../Data/Chen_Analysis/Prokka/Bacteria/GOMC.bin.12326
[08:42:52] Running: mkdir -p \.\.\/\.\.\/Data\/Chen_Analysis\/Prokka\/Bacteria\/GOMC\.bin\.12326
[08:42:52] Using filename prefix: GOMC.bin.12326.XXX
[08:42:52] Setting HMMER_NCPU=1
[08:42:52] Writing log to: ../../Data/Chen_Analysis/Prokka/Bacteria/GOMC.bin.12326/GOMC.bin.12326.log
[08:42:52] Command: /home/joao_facio/miniconda3/envs/prokka/bin/prokka --outdir ../../Data/Chen_Analysis/Prokka/Bacteria/GOMC.bin.12326 --prefix GOMC.bin.12326 --kingdom Bacteria --genus Parasphingorhabdus --strain GOMC.bin.12326 --cpus 4 --force /tmp/tmp6gns85ah/GOMC.bin.12326.fa
[08:42:52] Appending to PATH: /home/joao_facio/miniconda3/envs/prokka/bin
[08:42:52] Looking for 'aragorn' - found /home/joao_facio/miniconda3/envs/prokka/bin/aragorn
[08:42:52] Determined aragorn version is 001002 from 'ARAGORN v1.2.41 Dean Laslett'
[08:42:52] Looking for 'barrnap' - found /home/joao_facio/miniconda3/envs/prokka/bin/barrnap
[08:42:52] Determined barrnap version is 000009 from 'barrnap 0.9'
[08:42:52] Looking for 'blastp' - found /home/joao_facio/miniconda3/envs/prokka/bin/blastp
[08:42:52] Determined blastp version is 002016 from 'blastp: 2.16.0+'
[08:42:52] Looking for 'cmpress' - found /home/joao_facio/miniconda3/envs/prokka/bin/cmpress
[08:42:52] Determined cmpress version is 001001 from '# INFERNAL 1.1.5 (Sep 2023)'
[08:42:52] Looking for 'cmscan' - found /home/joao_facio/miniconda3/envs/prokka/bin/cmscan
[08:42:52] Determined cmscan version is 001001 from '# INFERNAL 1.1.5 (Sep 2023)'
[08:42:52] Looking for 'egrep' - found /usr/bin/egrep
[08:42:52] Looking for 'find' - found /usr/bin/find
[08:42:52] Looking for 'grep' - found /usr/bin/grep
[08:42:52] Looking for 'hmmpress' - found /home/joao_facio/miniconda3/envs/prokka/bin/hmmpress
[08:42:52] Determined hmmpress version is 003004 from '# HMMER 3.4 (Aug 2023); http://hmmer.org/'
[08:42:52] Looking for 'hmmscan' - found /home/joao_facio/miniconda3/envs/prokka/bin/hmmscan
[08:42:52] Determined hmmscan version is 003004 from '# HMMER 3.4 (Aug 2023); http://hmmer.org/'
[08:42:52] Looking for 'java' - found /home/joao_facio/miniconda3/envs/prokka/bin/java
[08:42:52] Looking for 'makeblastdb' - found /home/joao_facio/miniconda3/envs/prokka/bin/makeblastdb
[08:42:52] Determined makeblastdb version is 002016 from 'makeblastdb: 2.16.0+'
[08:42:52] Looking for 'minced' - found /home/joao_facio/miniconda3/envs/prokka/bin/minced
[08:42:52] Determined minced version is 004002 from 'minced 0.4.2'
[08:42:52] Looking for 'parallel' - found /home/joao_facio/miniconda3/envs/prokka/bin/parallel
[08:42:52] Determined parallel version is 20251122 from 'GNU parallel 20251122'
[08:42:52] Looking for 'prodigal' - found /home/joao_facio/miniconda3/envs/prokka/bin/prodigal
[08:42:52] Determined prodigal version is 002006 from 'Prodigal V2.6.3: February, 2016'
[08:42:52] Looking for 'prokka-genbank_to_fasta_db' - found /home/joao_facio/miniconda3/envs/prokka/bin/prokka-genbank_to_fasta_db
[08:42:52] Looking for 'sed' - found /usr/bin/sed
[08:42:52] Looking for 'tbl2asn' - found /home/joao_facio/miniconda3/envs/prokka/bin/tbl2asn
[08:42:52] Determined tbl2asn version is 025007 from 'tbl2asn 25.7   arguments:'
[08:42:52] Using genetic code table 11.
[08:42:52] Loading and checking input file: /tmp/tmp6gns85ah/GOMC.bin.12326.fa
[08:42:52] Wrote 52 contigs totalling 3453844 bp.
[08:42:52] Predicting tRNAs and tmRNAs
[08:42:52] Running: aragorn -l -gc11  -w \.\.\/\.\.\/Data\/Chen_Analysis\/Prokka\/Bacteria\/GOMC\.bin\.12326\/GOMC\.bin\.12326\.fna
[08:42:53] 1 tRNA-Lys c[52608,52683] 34 (ctt)
[08:42:53] 1 tRNA-Tyr c[280,365] 35 (gta)
[08:42:53] 1 tRNA-Leu [11,94] 35 (cag)
[08:42:53] 1 tRNA-Ser c[30583,30674] 35 (gct)
[08:42:53] 1 tRNA-Leu c[6461,6545] 35 (tag)
[08:42:53] 2 tRNA-Arg c[43327,43403] 35 (acg)
[08:42:53] 1 tRNA-Ala c[1,74] 34 (ggc)
[08:42:53] 2 tRNA-Leu [5281,5367] 34 (taa)
[08:42:53] 1 tRNA-Trp c[9016,9091] 34 (cca)
[08:42:53] 1 tRNA-Phe [128364,128439] 34 (gaa)
[08:42:53] 1 tRNA-Glu c[19211,19285] 34 (ttc)
[08:42:53] 2 tRNA-Gln [37108,37182] 33 (ttg)
[08:42:53] 1 tRNA-Thr [130478,130553] 34 (cgt)
[08:42:53] 1 tRNA-Leu [108743,108827] 35 (caa)
[08:42:53] 1 tRNA-Lys c[5709,5784] 34 (ttt)
[08:42:53] 2 tRNA-Arg [117305,117381] 35 (cct)
[08:42:53] 1 tRNA-Leu [318748,318836] 35 (gag)
[08:42:53] 1 tRNA-Pro [6,82] 35 (ggg)
[08:42:53] 1 tRNA-Ser c[73189,73278] 35 (tga)
[08:42:53] 1 tRNA-Arg [6415,6491] 35 (tct)
[08:42:53] 2 tRNA-Thr [86926,87001] 34 (tgt)
[08:42:53] 1 tRNA-Val c[4,78] 33 (gac)
[08:42:53] 1 tRNA-Cys [20807,20880] 33 (gca)
[08:42:53] 2 tRNA-Gln c[20971,21044] 33 (ctg)
[08:42:53] 1 tRNA-Gly c[25151,25224] 33 (tcc)
[08:42:53] 1 tRNA-Arg c[8182,8258] 35 (ccg)
[08:42:53] 2 tRNA-Val [22699,22774] 34 (tac)
[08:42:53] 1 tmRNA* [156926,157262] 211,246 ANDNEALAVAA*
[08:42:53] 2 tRNA-His [243262,243338] 35 (gtg)
[08:42:53] 3 tRNA-Ser [344694,344783] 35 (cga)
[08:42:53] 4 tRNA-Asp [385832,385908] 35 (gtc)
[08:42:53] 5 tRNA-Asn c[473293,473367] 33 (gtt)
[08:42:53] 6 tRNA-Met [526442,526518] 35 (cat)
[08:42:53] 1 tRNA-Thr c[9643,9717] 33 (ggt)
[08:42:53] Found 34 tRNAs
[08:42:53] Predicting Ribosomal RNAs
[08:42:53] Running Barrnap with 4 threads
[08:42:54] Found 0 rRNAs
[08:42:54] Skipping ncRNA search, enable with --rfam if desired.
[08:42:54] Total of 33 tRNA + rRNA features
[08:42:54] Searching for CRISPR repeats
[08:42:54] Found 0 CRISPRs
[08:42:54] Predicting coding sequences
[08:42:54] Contigs total 3453844 bp, so using single mode
[08:42:54] Running: prodigal -i \.\.\/\.\.\/Data\/Chen_Analysis\/Prokka\/Bacteria\/GOMC\.bin\.12326\/GOMC\.bin\.12326\.fna -c -m -g 11 -p single -f sco -q
[08:42:56] Excluding CDS which overlaps existing RNA (tRNA) at k63_7143:130382..130639 on + strand
[08:42:57] Found 3366 CDS
[08:42:57] Connecting features back to sequences
[08:42:57] Not using genus-specific database. Try --usegenus to enable it.
[08:42:57] Annotating CDS, please be patient.
[08:42:57] Will use 4 CPUs for similarity searching.
[08:42:57] There are still 3366 unannotated CDS left (started with 3366)
[08:42:57] Will use blast to search against /home/joao_facio/miniconda3/envs/prokka/db/kingdom/Bacteria/IS with 4 CPUs
[08:42:57] Running: cat \.\.\/\.\.\/Data\/Chen_Analysis\/Prokka\/Bacteria\/GOMC\.bin\.12326\/GOMC\.bin\.12326\.IS\.tmp\.3286153\.faa | parallel --gnu --plain -j 4 --block 133915 --recstart '>' --pipe blastp -query - -db /home/joao_facio/miniconda3/envs/prokka/db/kingdom/Bacteria/IS -evalue 1e-30 -qcov_hsp_perc 90 -num_threads 1 -num_descriptions 1 -num_alignments 1 -seg no > \.\.\/\.\.\/Data\/Chen_Analysis\/Prokka\/Bacteria\/GOMC\.bin\.12326\/GOMC\.bin\.12326\.IS\.tmp\.3286153\.blast 2> /dev/null
[08:43:08] Deleting unwanted file: ../../Data/Chen_Analysis/Prokka/Bacteria/GOMC.bin.12326/GOMC.bin.12326.IS.tmp.3286153.faa
[08:43:08] Deleting unwanted file: ../../Data/Chen_Analysis/Prokka/Bacteria/GOMC.bin.12326/GOMC.bin.12326.IS.tmp.3286153.blast
[08:43:08] There are still 3360 unannotated CDS left (started with 3366)
[08:43:08] Will use blast to search against /home/joao_facio/miniconda3/envs/prokka/db/kingdom/Bacteria/AMR with 4 CPUs
[08:43:08] Running: cat \.\.\/\.\.\/Data\/Chen_Analysis\/Prokka\/Bacteria\/GOMC\.bin\.12326\/GOMC\.bin\.12326\.AMR\.tmp\.3286153\.faa | parallel --gnu --plain -j 4 --block 133770 --recstart '>' --pipe blastp -query - -db /home/joao_facio/miniconda3/envs/prokka/db/kingdom/Bacteria/AMR -evalue 1e-300 -qcov_hsp_perc 90 -num_threads 1 -num_descriptions 1 -num_alignments 1 -seg no > \.\.\/\.\.\/Data\/Chen_Analysis\/Prokka\/Bacteria\/GOMC\.bin\.12326\/GOMC\.bin\.12326\.AMR\.tmp\.3286153\.blast 2> /dev/null
[08:43:17] Deleting unwanted file: ../../Data/Chen_Analysis/Prokka/Bacteria/GOMC.bin.12326/GOMC.bin.12326.AMR.tmp.3286153.faa
[08:43:17] Deleting unwanted file: ../../Data/Chen_Analysis/Prokka/Bacteria/GOMC.bin.12326/GOMC.bin.12326.AMR.tmp.3286153.blast
[08:43:17] There are still 3360 unannotated CDS left (started with 3366)
[08:43:17] Will use blast to search against /home/joao_facio/miniconda3/envs/prokka/db/kingdom/Bacteria/sprot with 4 CPUs
[08:43:17] Running: cat \.\.\/\.\.\/Data\/Chen_Analysis\/Prokka\/Bacteria\/GOMC\.bin\.12326\/GOMC\.bin\.12326\.sprot\.tmp\.3286153\.faa | parallel --gnu --plain -j 4 --block 133770 --recstart '>' --pipe blastp -query - -db /home/joao_facio/miniconda3/envs/prokka/db/kingdom/Bacteria/sprot -evalue 1e-09 -qcov_hsp_perc 80 -num_threads 1 -num_descriptions 1 -num_alignments 1 -seg no > \.\.\/\.\.\/Data\/Chen_Analysis\/Prokka\/Bacteria\/GOMC\.bin\.12326\/GOMC\.bin\.12326\.sprot\.tmp\.3286153\.blast 2> /dev/null
[08:44:03] Modify product: Probable transcriptional regulatory protein aq_1575 => putative transcriptional regulatory protein
[08:44:03] Modify product: UPF0145 protein YbjQ => hypothetical protein
[08:44:03] Modify product: UPF0335 protein CCNA_03428 => hypothetical protein
[08:44:03] Modify product: Probable enoyl-CoA hydratase echA8 => putative enoyl-CoA hydratase echA8
[08:44:04] Modify product: UPF0324 inner membrane protein YeiH => hypothetical protein
[08:44:04] Modify product: PKHD-type hydroxylase Sbal_3634 => PKHD-type hydroxylase
[08:44:04] Modify product: Probable TonB-dependent receptor BfrD => putative TonB-dependent receptor BfrD
[08:44:04] Modify product: Probable succinyl-CoA:3-ketoacid coenzyme A transferase subunit A => putative succinyl-CoA:3-ketoacid coenzyme A transferase subunit A
[08:44:04] Modify product: Probable succinyl-CoA:3-ketoacid coenzyme A transferase subunit B => putative succinyl-CoA:3-ketoacid coenzyme A transferase subunit B
[08:44:04] Modify product: Uncharacterized symporter YidK => putative symporter YidK
[08:44:04] Modify product: Probable 2-dehydro-3-deoxygalactonokinase DgoK1 => putative 2-dehydro-3-deoxygalactonokinase DgoK1
[08:44:04] Modify product: Uncharacterized ABC transporter ATP-binding protein YknY => putative ABC transporter ATP-binding protein YknY
[08:44:04] Modify product: Probable transporter SCO4007 => putative transporter
[08:44:04] Modify product: UPF0276 protein CCNA_03364 => hypothetical protein
[08:44:04] Modify product: UPF0126 inner membrane protein YadS => hypothetical protein
[08:44:04] Modify product: Uncharacterized protein RP812 => putative protein RP812
[08:44:04] Modify product: Probable nicotinate-nucleotide pyrophosphorylase [carboxylating] => putative nicotinate-nucleotide pyrophosphorylase [carboxylating]
[08:44:04] Modify product: Uncharacterized ABC transporter ATP-binding protein YadG => putative ABC transporter ATP-binding protein YadG
[08:44:04] Modify product: Uncharacterized symporter YidK => putative symporter YidK
[08:44:04] Modify product: Aldo/keto reductase slr0942 => Aldo/keto reductase
[08:44:04] Modify product: Probable metallo-hydrolase BURPS1710b_2304 => putative metallo-hydrolase
[08:44:04] Modify product: UPF0394 membrane protein XF_0766 => hypothetical protein
[08:44:04] Modify product: UPF0394 membrane protein XF_0765 => hypothetical protein
[08:44:04] Modify product: Probable sulfate transporter Rv1739c => putative sulfate transporter
[08:44:04] Modify product: Nucleotide-binding protein Rv1421 => Nucleotide-binding protein
[08:44:04] Modify product: Nucleoid-associated protein HI_0442 => Nucleoid-associated protein
[08:44:04] Modify product: UPF0102 protein RPA0323 => hypothetical protein
[08:44:04] Modify product: Uncharacterized protein Rv1998c => putative protein
[08:44:04] Modify product: Probable enoyl-CoA hydratase echA8 => putative enoyl-CoA hydratase echA8
[08:44:04] Modify product: Probable glycine dehydrogenase (decarboxylating) subunit 2 => putative glycine dehydrogenase (decarboxylating) subunit 2
[08:44:04] Modify product: Probable glycine dehydrogenase (decarboxylating) subunit 1 => putative glycine dehydrogenase (decarboxylating) subunit 1
[08:44:04] Modify product: Probable peptidoglycan glycosyltransferase FtsW => putative peptidoglycan glycosyltransferase FtsW
[08:44:04] Modify product: Probable peptidoglycan D,D-transpeptidase FtsI => putative peptidoglycan D,D-transpeptidase FtsI
[08:44:04] Modify product: Uncharacterized protein YccU => putative protein YccU
[08:44:04] Modify product: Uncharacterized ABC transporter ATP-binding protein YejF => putative ABC transporter ATP-binding protein YejF
[08:44:04] Modify product: UPF0434 protein PFL_1779 => hypothetical protein
[08:44:04] Modify product: UPF0056 inner membrane protein YhgN => hypothetical protein
[08:44:04] Modify product: Bifunctional protein FolD => Bifunctional protein FolD protein
[08:44:04] Modify product: Probable ribonucleotide transport ATP-binding protein mkl => putative ribonucleotide transport ATP-binding protein mkl
[08:44:04] Modify product: Probable phosphatase Rv3661 => putative phosphatase
[08:44:04] Modify product: Probable amino-acid metabolite efflux pump => putative amino-acid metabolite efflux pump
[08:44:04] Modify product: Probable cold shock protein A => putative cold shock protein A
[08:44:04] Modify product: Uncharacterized ABC transporter ATP-binding protein Rv0986 => putative ABC transporter ATP-binding protein
[08:44:04] Modify product: Uncharacterized isomerase YddE => putative isomerase YddE
[08:44:04] Modify product: Putative trans-acting enoyl reductase Rv2449c => Putative trans-acting enoyl reductase
[08:44:04] Modify product: Uncharacterized N-acetyltransferase YsnE => putative N-acetyltransferase YsnE
[08:44:04] Modify product: Phosphatase Rv3376 => Phosphatase
[08:44:04] Modify product: Uncharacterized protein Rv2000 => putative protein
[08:44:04] Modify product: Putative HTH-type transcriptional regulator Rv1287 => Putative HTH-type transcriptional regulator
[08:44:04] Modify product: Putative monooxygenase Rv0793 => Putative monooxygenase
[08:44:04] Modify product: Probable diguanylate cyclase DgcE => putative diguanylate cyclase DgcE
[08:44:04] Modify product: Protease HtpX homolog => Protease HtpX 
[08:44:04] Modify product: Putative transport protein Rv1101c => Putative transport protein
[08:44:04] Modify product: SCO1 protein homolog => SCO1 protein 
[08:44:04] Modify product: UPF0053 inner membrane protein YgdQ => hypothetical protein
[08:44:04] Modify product: Uncharacterized protein Rv0036c => putative protein
[08:44:04] Modify product: Putative monooxygenase Rv1533 => Putative monooxygenase
[08:44:04] Modify product: Probable enoyl-CoA hydratase => putative enoyl-CoA hydratase
[08:44:04] Modify product: Putative acyltransferase Rv0859 => Putative acyltransferase
[08:44:04] Modify product: Uncharacterized oxidoreductase SA2266 => putative oxidoreductase
[08:44:04] Modify product: Probable ATP-dependent transporter SufC => putative ATP-dependent transporter SufC
[08:44:04] Modify product: Probable lipid II flippase MurJ => putative lipid II flippase MurJ
[08:44:04] Modify product: Probable GTP-binding protein EngB => putative GTP-binding protein EngB
[08:44:04] Modify product: Putative diacyglycerol O-acyltransferase Rv1425 => Putative diacyglycerol O-acyltransferase
[08:44:04] Modify product: Probable enoyl-CoA hydratase 1 => putative enoyl-CoA hydratase 1
[08:44:04] Modify product: Nitrilase blr3397 => Nitrilase
[08:44:04] Modify product: Putative acyltransferase Rv0859 => Putative acyltransferase
[08:44:04] Modify product: Uncharacterized oxidoreductase Rv1144 => putative oxidoreductase
[08:44:04] Modify product: Uncharacterized protein Rv1276c => putative protein
[08:44:04] Modify product: Uncharacterized protein Rv2915c => putative protein
[08:44:04] Modify product: Acetyltransferase PA3944 => Acetyltransferase
[08:44:04] Modify product: UPF0339 protein Atu0232 => hypothetical protein
[08:44:04] Modify product: Probable TonB-dependent receptor NMB0964 => putative TonB-dependent receptor
[08:44:04] Modify product: Uncharacterized protein Rv0887c => putative protein
[08:44:04] Modify product: UPF0073 inner membrane protein YqfA => hypothetical protein
[08:44:04] Modify product: Peroxiredoxin sll1621 => Peroxiredoxin
[08:44:04] Modify product: Phosphate-specific transport system accessory protein PhoU homolog => Phosphate-specific transport system accessory protein PhoU 
[08:44:04] Modify product: Probable malonic semialdehyde reductase RutE => putative malonic semialdehyde reductase RutE
[08:44:04] Modify product: Uncharacterized FAD-linked oxidoreductase Rv2280 => putative FAD-linked oxidoreductase
[08:44:04] Modify product: Probable enoyl-CoA hydratase echA17 => putative enoyl-CoA hydratase echA17
[08:44:04] Modify product: Probable protein kinase UbiB => putative protein kinase UbiB
[08:44:04] Modify product: Cyclic di-GMP phosphodiesterase PA4108 => Cyclic di-GMP phosphodiesterase
[08:44:04] Modify product: UPF0053 inner membrane protein YtfL => hypothetical protein
[08:44:04] Modify product: Probable lipoprotein YiaD => putative lipoprotein YiaD
[08:44:04] Modify product: Cytochrome c oxidase subunit 1 homolog, bacteroid => Cytochrome c oxidase subunit 1 , bacteroid
[08:44:04] Modify product: Uncharacterized protein YqjZ => putative protein YqjZ
[08:44:04] Modify product: UPF0178 protein YaiI => hypothetical protein
[08:44:04] Modify product: Uncharacterized protein HI_0933 => putative protein
[08:44:04] Modify product: UPF0301 protein VC_0467 => hypothetical protein
[08:44:04] Modify product: Nitrilase blr3397 => Nitrilase
[08:44:04] Modify product: Uncharacterized metal-dependent hydrolase YcfH => putative metal-dependent hydrolase YcfH
[08:44:04] Modify product: Probable succinyl-CoA:3-ketoacid coenzyme A transferase subunit A => putative succinyl-CoA:3-ketoacid coenzyme A transferase subunit A
[08:44:04] Modify product: Probable succinyl-CoA:3-ketoacid coenzyme A transferase subunit B => putative succinyl-CoA:3-ketoacid coenzyme A transferase subunit B
[08:44:04] Modify product: Uncharacterized acyl-CoA thioester hydrolase HI_0827 => putative acyl-CoA thioester hydrolase
[08:44:04] Modify product: Uncharacterized ABC transporter ATP-binding protein YheS => putative ABC transporter ATP-binding protein YheS
[08:44:04] Modify product: Uncharacterized oxidoreductase SA2266 => putative oxidoreductase
[08:44:04] Modify product: Uncharacterized HTH-type transcriptional regulator Rv1395 => putative HTH-type transcriptional regulator
[08:44:04] Modify product: Probable xylitol oxidase => putative xylitol oxidase
[08:44:04] Modify product: Uncharacterized protein Rv2307c => putative protein
[08:44:04] Modify product: Probable enoyl-CoA hydratase echA12 => putative enoyl-CoA hydratase echA12
[08:44:04] Modify product: Uncharacterized protein Rv2913c => putative protein
[08:44:04] Modify product: Probable soluble pyridine nucleotide transhydrogenase => putative soluble pyridine nucleotide transhydrogenase
[08:44:04] Modify product: Uncharacterized oxidoreductase YciK => putative oxidoreductase YciK
[08:44:04] Modify product: UPF0758 protein => hypothetical protein
[08:44:04] Modify product: Putative diacyglycerol O-acyltransferase Rv1425 => Putative diacyglycerol O-acyltransferase
[08:44:04] Modify product: Probable glycerol-3-phosphate dehydrogenase 2 [NAD(P)+] => putative glycerol-3-phosphate dehydrogenase 2 [NAD(P)+]
[08:44:04] Modify product: Uncharacterized protein YqeY => putative protein YqeY
[08:44:04] Modify product: Probable L-galactonate transporter => putative L-galactonate transporter
[08:44:04] Modify product: Uncharacterized oxidoreductase Rv0927c => putative oxidoreductase
[08:44:04] Modify product: Probable enoyl-CoA hydratase echA8 => putative enoyl-CoA hydratase echA8
[08:44:04] Cleaned 110 /product names
[08:44:04] Deleting unwanted file: ../../Data/Chen_Analysis/Prokka/Bacteria/GOMC.bin.12326/GOMC.bin.12326.sprot.tmp.3286153.faa
[08:44:04] Deleting unwanted file: ../../Data/Chen_Analysis/Prokka/Bacteria/GOMC.bin.12326/GOMC.bin.12326.sprot.tmp.3286153.blast
[08:44:05] There are still 1943 unannotated CDS left (started with 3366)
[08:44:05] Will use hmmer3 to search against /home/joao_facio/miniconda3/envs/prokka/db/hmm/HAMAP.hmm with 4 CPUs
[08:44:05] Running: cat \.\.\/\.\.\/Data\/Chen_Analysis\/Prokka\/Bacteria\/GOMC\.bin\.12326\/GOMC\.bin\.12326\.HAMAP\.hmm\.tmp\.3286153\.faa | parallel --gnu --plain -j 4 --block 70104 --recstart '>' --pipe hmmscan --noali --notextw --acc -E 1e-09 --cpu 1 /home/joao_facio/miniconda3/envs/prokka/db/hmm/HAMAP.hmm /dev/stdin > \.\.\/\.\.\/Data\/Chen_Analysis\/Prokka\/Bacteria\/GOMC\.bin\.12326\/GOMC\.bin\.12326\.HAMAP\.hmm\.tmp\.3286153\.hmmer3 2> /dev/null
[08:44:19] Modify product: Uncharacterized Nudix hydrolase NudL => putative Nudix hydrolase NudL
[08:44:19] Cleaned 1 /product names
[08:44:19] Deleting unwanted file: ../../Data/Chen_Analysis/Prokka/Bacteria/GOMC.bin.12326/GOMC.bin.12326.HAMAP.hmm.tmp.3286153.faa
[08:44:19] Deleting unwanted file: ../../Data/Chen_Analysis/Prokka/Bacteria/GOMC.bin.12326/GOMC.bin.12326.HAMAP.hmm.tmp.3286153.hmmer3
[08:44:19] Labelling remaining 1671 proteins as 'hypothetical protein'
[08:44:19] Possible /pseudo 'Cysteine desulfurase IscS' at k63_12470 position 43936
[08:44:19] Possible /pseudo 'ATP-dependent Clp protease proteolytic subunit' at k63_8311 position 4204
[08:44:19] Possible /pseudo 'Inner membrane protein YhaI' at k63_7143 position 100128
[08:44:19] Possible /pseudo 'FAD-containing monooxygenase EthA' at k63_11798 position 22804
[08:44:19] Possible /pseudo 'Methionine synthase' at k63_11863 position 69991
[08:44:19] Possible /pseudo 'Vitamin B12 transporter BtuB' at k63_1922 position 90294
[08:44:19] Possible /pseudo 'ATP synthase subunit b' at k63_5312 position 331724
[08:44:19] Possible /pseudo 'Sensor histidine kinase RcsC' at k63_5312 position 365909
[08:44:19] Possible /pseudo 'Acetyl-CoA:oxalate CoA-transferase' at k63_5373 position 116815
[08:44:19] Possible /pseudo 'Vitamin B12 transporter BtuB' at k63_5373 position 136793
[08:44:19] Found 1249 unique /gene codes.
[08:44:19] Fixed 4 duplicate /gene - menH_1 menH_2 menH_3 menH_4
[08:44:19] Fixed 24 duplicate /gene - btuB_1 btuB_2 btuB_3 btuB_4 btuB_5 btuB_6 btuB_7 btuB_8 btuB_9 btuB_10 btuB_11 btuB_12 btuB_13 btuB_14 btuB_15 btuB_16 btuB_17 btuB_18 btuB_19 btuB_20 btuB_21 btuB_22 btuB_23 btuB_24
[08:44:19] Fixed 3 duplicate /gene - acdA_1 acdA_2 acdA_3
[08:44:19] Fixed 2 duplicate /gene - nemA_1 nemA_2
[08:44:19] Fixed 3 duplicate /gene - iorB_1 iorB_2 iorB_3
[08:44:19] Fixed 2 duplicate /gene - ubiB_1 ubiB_2
[08:44:19] Fixed 2 duplicate /gene - baeR_1 baeR_2
[08:44:19] Fixed 2 duplicate /gene - mas_1 mas_2
[08:44:19] Fixed 2 duplicate /gene - bcp_1 bcp_2
[08:44:19] Fixed 2 duplicate /gene - cheB_1 cheB_2
[08:44:19] Fixed 3 duplicate /gene - hcaB_1 hcaB_2 hcaB_3
[08:44:19] Fixed 2 duplicate /gene - acpP_1 acpP_2
[08:44:19] Fixed 2 duplicate /gene - asnB_1 asnB_2
[08:44:19] Fixed 2 duplicate /gene - hisH_1 hisH_2
[08:44:19] Fixed 2 duplicate /gene - moaA_1 moaA_2
[08:44:19] Fixed 2 duplicate /gene - dksA_1 dksA_2
[08:44:19] Fixed 2 duplicate /gene - metXA_1 metXA_2
[08:44:19] Fixed 2 duplicate /gene - fliE_1 fliE_2
[08:44:19] Fixed 2 duplicate /gene - dnaK_1 dnaK_2
[08:44:19] Fixed 3 duplicate /gene - tolB_1 tolB_2 tolB_3
[08:44:19] Fixed 2 duplicate /gene - scoB_1 scoB_2
[08:44:19] Fixed 2 duplicate /gene - dmdC_1 dmdC_2
[08:44:19] Fixed 3 duplicate /gene - betA_1 betA_2 betA_3
[08:44:19] Fixed 2 duplicate /gene - dxs_1 dxs_2
[08:44:19] Fixed 2 duplicate /gene - murJ_1 murJ_2
[08:44:19] Fixed 2 duplicate /gene - lepB_1 lepB_2
[08:44:19] Fixed 3 duplicate /gene - nth_1 nth_2 nth_3
[08:44:19] Fixed 3 duplicate /gene - resA_1 resA_2 resA_3
[08:44:19] Fixed 2 duplicate /gene - ftsH_1 ftsH_2
[08:44:19] Fixed 3 duplicate /gene - atoC_1 atoC_2 atoC_3
[08:44:19] Fixed 3 duplicate /gene - gltX_1 gltX_2 gltX_3
[08:44:19] Fixed 2 duplicate /gene - curA_1 curA_2
[08:44:19] Fixed 2 duplicate /gene - ilvE_1 ilvE_2
[08:44:19] Fixed 2 duplicate /gene - flhB_1 flhB_2
[08:44:19] Fixed 3 duplicate /gene - mmgC_1 mmgC_2 mmgC_3
[08:44:19] Fixed 2 duplicate /gene - fliP_1 fliP_2
[08:44:19] Fixed 2 duplicate /gene - fliR_1 fliR_2
[08:44:19] Fixed 2 duplicate /gene - ilvI_1 ilvI_2
[08:44:19] Fixed 2 duplicate /gene - bepE_1 bepE_2
[08:44:19] Fixed 2 duplicate /gene - rhlG_1 rhlG_2
[08:44:19] Fixed 2 duplicate /gene - nbzA_1 nbzA_2
[08:44:19] Fixed 2 duplicate /gene - alsT_1 alsT_2
[08:44:19] Fixed 2 duplicate /gene - motA_1 motA_2
[08:44:19] Fixed 2 duplicate /gene - intA_1 intA_2
[08:44:19] Fixed 2 duplicate /gene - msrB_1 msrB_2
[08:44:19] Fixed 2 duplicate /gene - flgF_1 flgF_2
[08:44:19] Fixed 5 duplicate /gene - COQ5_1 COQ5_2 COQ5_3 COQ5_4 COQ5_5
[08:44:19] Fixed 4 duplicate /gene - fadA_1 fadA_2 fadA_3 fadA_4
[08:44:19] Fixed 2 duplicate /gene - lrp_1 lrp_2
[08:44:19] Fixed 2 duplicate /gene - fliI_1 fliI_2
[08:44:19] Fixed 2 duplicate /gene - amtB_1 amtB_2
[08:44:19] Fixed 3 duplicate /gene - caiA_1 caiA_2 caiA_3
[08:44:19] Fixed 2 duplicate /gene - rhaR_1 rhaR_2
[08:44:19] Fixed 2 duplicate /gene - fliD_1 fliD_2
[08:44:19] Fixed 2 duplicate /gene - yhaI_1 yhaI_2
[08:44:19] Fixed 4 duplicate /gene - rbn_1 rbn_2 rbn_3 rbn_4
[08:44:19] Fixed 2 duplicate /gene - ntrC_1 ntrC_2
[08:44:19] Fixed 2 duplicate /gene - gcvA_1 gcvA_2
[08:44:19] Fixed 3 duplicate /gene - yfcG_1 yfcG_2 yfcG_3
[08:44:19] Fixed 3 duplicate /gene - linX_1 linX_2 linX_3
[08:44:19] Fixed 2 duplicate /gene - ruvB_1 ruvB_2
[08:44:19] Fixed 2 duplicate /gene - secD_1 secD_2
[08:44:19] Fixed 3 duplicate /gene - rutD_1 rutD_2 rutD_3
[08:44:19] Fixed 3 duplicate /gene - dnaJ_1 dnaJ_2 dnaJ_3
[08:44:19] Fixed 2 duplicate /gene - yfdE_1 yfdE_2
[08:44:19] Fixed 2 duplicate /gene - surA_1 surA_2
[08:44:19] Fixed 8 duplicate /gene - xerC_1 xerC_2 xerC_3 xerC_4 xerC_5 xerC_6 xerC_7 xerC_8
[08:44:19] Fixed 2 duplicate /gene - accA1_1 accA1_2
[08:44:19] Fixed 2 duplicate /gene - mdtA_1 mdtA_2
[08:44:19] Fixed 2 duplicate /gene - decR_1 decR_2
[08:44:19] Fixed 2 duplicate /gene - sadH_1 sadH_2
[08:44:19] Fixed 2 duplicate /gene - yidK_1 yidK_2
[08:44:19] Fixed 2 duplicate /gene - linC_1 linC_2
[08:44:19] Fixed 4 duplicate /gene - flgG_1 flgG_2 flgG_3 flgG_4
[08:44:19] Fixed 2 duplicate /gene - gppA_1 gppA_2
[08:44:19] Fixed 2 duplicate /gene - cobT_1 cobT_2
[08:44:19] Fixed 2 duplicate /gene - mtgA_1 mtgA_2
[08:44:19] Fixed 3 duplicate /gene - carC_1 carC_2 carC_3
[08:44:19] Fixed 2 duplicate /gene - sthA_1 sthA_2
[08:44:19] Fixed 2 duplicate /gene - betI_1 betI_2
[08:44:19] Fixed 7 duplicate /gene - fabG_1 fabG_2 fabG_3 fabG_4 fabG_5 fabG_6 fabG_7
[08:44:19] Fixed 2 duplicate /gene - trmB_1 trmB_2
[08:44:19] Fixed 2 duplicate /gene - dmlR_1 dmlR_2
[08:44:19] Fixed 2 duplicate /gene - rnd_1 rnd_2
[08:44:19] Fixed 3 duplicate /gene - gstB_1 gstB_2 gstB_3
[08:44:19] Fixed 6 duplicate /gene - nanT_1 nanT_2 nanT_3 nanT_4 nanT_5 nanT_6
[08:44:19] Fixed 2 duplicate /gene - copA_1 copA_2
[08:44:19] Fixed 2 duplicate /gene - ade_1 ade_2
[08:44:19] Fixed 3 duplicate /gene - dpp5_1 dpp5_2 dpp5_3
[08:44:19] Fixed 2 duplicate /gene - malT_1 malT_2
[08:44:19] Fixed 2 duplicate /gene - hisF_1 hisF_2
[08:44:19] Fixed 2 duplicate /gene - bdhA_1 bdhA_2
[08:44:19] Fixed 3 duplicate /gene - hutI_1 hutI_2 hutI_3
[08:44:19] Fixed 3 duplicate /gene - suhB_1 suhB_2 suhB_3
[08:44:19] Fixed 4 duplicate /gene - bepA_1 bepA_2 bepA_3 bepA_4
[08:44:19] Fixed 3 duplicate /gene - oxyR_1 oxyR_2 oxyR_3
[08:44:19] Fixed 2 duplicate /gene - murE_1 murE_2
[08:44:19] Fixed 2 duplicate /gene - yliI_1 yliI_2
[08:44:19] Fixed 3 duplicate /gene - dap_1 dap_2 dap_3
[08:44:19] Fixed 2 duplicate /gene - cysG_1 cysG_2
[08:44:19] Fixed 5 duplicate /gene - yfmJ_1 yfmJ_2 yfmJ_3 yfmJ_4 yfmJ_5
[08:44:19] Fixed 7 duplicate /gene - lcfB_1 lcfB_2 lcfB_3 lcfB_4 lcfB_5 lcfB_6 lcfB_7
[08:44:19] Fixed 2 duplicate /gene - fliG_1 fliG_2
[08:44:19] Fixed 2 duplicate /gene - nfdA_1 nfdA_2
[08:44:19] Fixed 2 duplicate /gene - phoB_1 phoB_2
[08:44:19] Fixed 3 duplicate /gene - fadB_1 fadB_2 fadB_3
[08:44:19] Fixed 3 duplicate /gene - pal_1 pal_2 pal_3
[08:44:19] Fixed 2 duplicate /gene - murC_1 murC_2
[08:44:19] Fixed 9 duplicate /gene - sasA_1 sasA_2 sasA_3 sasA_4 sasA_5 sasA_6 sasA_7 sasA_8 sasA_9
[08:44:19] Fixed 2 duplicate /gene - bioF_1 bioF_2
[08:44:19] Fixed 3 duplicate /gene - pepA_1 pepA_2 pepA_3
[08:44:19] Fixed 4 duplicate /gene - uctC_1 uctC_2 uctC_3 uctC_4
[08:44:19] Fixed 2 duplicate /gene - mshA_1 mshA_2
[08:44:19] Fixed 3 duplicate /gene - exbD_1 exbD_2 exbD_3
[08:44:19] Fixed 2 duplicate /gene - cpoB_1 cpoB_2
[08:44:19] Fixed 2 duplicate /gene - allB_1 allB_2
[08:44:19] Fixed 3 duplicate /gene - echA8_1 echA8_2 echA8_3
[08:44:19] Fixed 2 duplicate /gene - acoA_1 acoA_2
[08:44:19] Fixed 2 duplicate /gene - rdpA_1 rdpA_2
[08:44:19] Fixed 2 duplicate /gene - motB_1 motB_2
[08:44:19] Fixed 3 duplicate /gene - nsaD_1 nsaD_2 nsaD_3
[08:44:19] Fixed 2 duplicate /gene - leuD1_1 leuD1_2
[08:44:19] Fixed 2 duplicate /gene - flgI_1 flgI_2
[08:44:19] Fixed 3 duplicate /gene - msrA_1 msrA_2 msrA_3
[08:44:19] Fixed 2 duplicate /gene - glnB_1 glnB_2
[08:44:19] Fixed 2 duplicate /gene - cntI_1 cntI_2
[08:44:19] Fixed 3 duplicate /gene - crt_1 crt_2 crt_3
[08:44:19] Fixed 2 duplicate /gene - dhmA_1 dhmA_2
[08:44:19] Fixed 2 duplicate /gene - namA_1 namA_2
[08:44:19] Fixed 2 duplicate /gene - ros_1 ros_2
[08:44:19] Fixed 2 duplicate /gene - ygeA_1 ygeA_2
[08:44:19] Fixed 2 duplicate /gene - bamA_1 bamA_2
[08:44:19] Fixed 2 duplicate /gene - hag_1 hag_2
[08:44:19] Fixed 4 duplicate /gene - flhA_1 flhA_2 flhA_3 flhA_4
[08:44:19] Fixed 2 duplicate /gene - fzlA_1 fzlA_2
[08:44:19] Fixed 2 duplicate /gene - norW_1 norW_2
[08:44:19] Fixed 2 duplicate /gene - prmC_1 prmC_2
[08:44:19] Fixed 2 duplicate /gene - scoA_1 scoA_2
[08:44:19] Fixed 2 duplicate /gene - fadD3_1 fadD3_2
[08:44:19] Fixed 2 duplicate /gene - mupP_1 mupP_2
[08:44:19] Fixed 6 duplicate /gene - rcsC_1 rcsC_2 rcsC_3 rcsC_4 rcsC_5 rcsC_6
[08:44:19] Fixed 2 duplicate /gene - comR_1 comR_2
[08:44:19] Fixed 2 duplicate /gene - iscS_1 iscS_2
[08:44:19] Fixed 2 duplicate /gene - dapE_1 dapE_2
[08:44:19] Fixed 2 duplicate /gene - flgH_1 flgH_2
[08:44:19] Fixed 3 duplicate /gene - kefC_1 kefC_2 kefC_3
[08:44:19] Fixed 2 duplicate /gene - cysK_1 cysK_2
[08:44:19] Fixed 2 duplicate /gene - pyrC_1 pyrC_2
[08:44:19] Fixed 2 duplicate /gene - gatA_1 gatA_2
[08:44:19] Fixed 2 duplicate /gene - thiE_1 thiE_2
[08:44:19] Fixed 3 duplicate /gene - bacC_1 bacC_2 bacC_3
[08:44:19] Fixed 2 duplicate /gene - rsmB_1 rsmB_2
[08:44:19] Fixed 2 duplicate /gene - mreB_1 mreB_2
[08:44:19] Fixed 2 duplicate /gene - nhaA_1 nhaA_2
[08:44:19] Fixed 2 duplicate /gene - ethA_1 ethA_2
[08:44:19] Fixed 2 duplicate /gene - paaG_1 paaG_2
[08:44:19] Fixed 2 duplicate /gene - atpF_1 atpF_2
[08:44:19] Fixed 2 duplicate /gene - clpP_1 clpP_2
[08:44:19] Fixed 2 duplicate /gene - btsR_1 btsR_2
[08:44:19] Fixed 2 duplicate /gene - flgB_1 flgB_2
[08:44:19] Fixed 3 duplicate /gene - gloB_1 gloB_2 gloB_3
[08:44:19] Fixed 3 duplicate /gene - caiD_1 caiD_2 caiD_3
[08:44:19] Fixed 2 duplicate /gene - flgC_1 flgC_2
[08:44:19] Fixed 2 duplicate /gene - cpdA_1 cpdA_2
[08:44:19] Fixed 2 duplicate /gene - nupX_1 nupX_2
[08:44:19] Fixed 2 duplicate /gene - iaaA_1 iaaA_2
[08:44:19] Fixed 2 duplicate /gene - rhlE_1 rhlE_2
[08:44:19] Fixed 3 duplicate /gene - iorA_1 iorA_2 iorA_3
[08:44:19] Fixed 2 duplicate /gene - metH_1 metH_2
[08:44:19] Fixed 2 duplicate /gene - xthA_1 xthA_2
[08:44:19] Fixed 170 colliding /gene names.
[08:44:19] Adding /locus_tag identifiers
[08:44:19] Assigned 3400 locus_tags to CDS and RNA features.
[08:44:19] Writing outputs to ../../Data/Chen_Analysis/Prokka/Bacteria/GOMC.bin.12326/
[08:44:19] Generating annotation statistics file
[08:44:19] Generating Genbank and Sequin files
[08:44:19] Running: tbl2asn -V b -a r10k -l paired-ends -M n -N 1 -y 'Annotated using prokka 1.14.6 from https://github.com/tseemann/prokka' -Z \.\.\/\.\.\/Data\/Chen_Analysis\/Prokka\/Bacteria\/GOMC\.bin\.12326\/GOMC\.bin\.12326\.err -i \.\.\/\.\.\/Data\/Chen_Analysis\/Prokka\/Bacteria\/GOMC\.bin\.12326\/GOMC\.bin\.12326\.fsa 2> /dev/null
[08:44:22] Deleting unwanted file: ../../Data/Chen_Analysis/Prokka/Bacteria/GOMC.bin.12326/errorsummary.val
[08:44:22] Deleting unwanted file: ../../Data/Chen_Analysis/Prokka/Bacteria/GOMC.bin.12326/GOMC.bin.12326.dr
[08:44:22] Deleting unwanted file: ../../Data/Chen_Analysis/Prokka/Bacteria/GOMC.bin.12326/GOMC.bin.12326.fixedproducts
[08:44:22] Deleting unwanted file: ../../Data/Chen_Analysis/Prokka/Bacteria/GOMC.bin.12326/GOMC.bin.12326.ecn
[08:44:22] Deleting unwanted file: ../../Data/Chen_Analysis/Prokka/Bacteria/GOMC.bin.12326/GOMC.bin.12326.val
[08:44:22] Repairing broken .GBK output that tbl2asn produces...
[08:44:22] Running: sed 's/COORDINATES: profile/COORDINATES:profile/' < \.\.\/\.\.\/Data\/Chen_Analysis\/Prokka\/Bacteria\/GOMC\.bin\.12326\/GOMC\.bin\.12326\.gbf > \.\.\/\.\.\/Data\/Chen_Analysis\/Prokka\/Bacteria\/GOMC\.bin\.12326\/GOMC\.bin\.12326\.gbk
[08:44:22] Deleting unwanted file: ../../Data/Chen_Analysis/Prokka/Bacteria/GOMC.bin.12326/GOMC.bin.12326.gbf
[08:44:22] Output files:
[08:44:23] ../../Data/Chen_Analysis/Prokka/Bacteria/GOMC.bin.12326/GOMC.bin.12326.txt
[08:44:23] ../../Data/Chen_Analysis/Prokka/Bacteria/GOMC.bin.12326/GOMC.bin.12326.ffn
[08:44:23] ../../Data/Chen_Analysis/Prokka/Bacteria/GOMC.bin.12326/GOMC.bin.12326.gbk
[08:44:23] ../../Data/Chen_Analysis/Prokka/Bacteria/GOMC.bin.12326/GOMC.bin.12326.err
[08:44:23] ../../Data/Chen_Analysis/Prokka/Bacteria/GOMC.bin.12326/GOMC.bin.12326.fna
[08:44:23] ../../Data/Chen_Analysis/Prokka/Bacteria/GOMC.bin.12326/GOMC.bin.12326.log
[08:44:23] ../../Data/Chen_Analysis/Prokka/Bacteria/GOMC.bin.12326/GOMC.bin.12326.sqn
[08:44:23] ../../Data/Chen_Analysis/Prokka/Bacteria/GOMC.bin.12326/GOMC.bin.12326.tsv
[08:44:23] ../../Data/Chen_Analysis/Prokka/Bacteria/GOMC.bin.12326/GOMC.bin.12326.gff
[08:44:23] ../../Data/Chen_Analysis/Prokka/Bacteria/GOMC.bin.12326/GOMC.bin.12326.tbl
[08:44:23] ../../Data/Chen_Analysis/Prokka/Bacteria/GOMC.bin.12326/GOMC.bin.12326.fsa
[08:44:23] ../../Data/Chen_Analysis/Prokka/Bacteria/GOMC.bin.12326/GOMC.bin.12326.faa
[08:44:23] Annotation finished successfully.
[08:44:23] Walltime used: 1.52 minutes
[08:44:23] If you use this result please cite the Prokka paper:
[08:44:23] Seemann T (2014) Prokka: rapid prokaryotic genome annotation. Bioinformatics. 30(14):2068-9.
[08:44:23] Type 'prokka --citation' for more details.
[08:44:23] Share and enjoy!
