[08:45:19] This is prokka 1.14.6
[08:45:19] Written by Torsten Seemann <torsten.seemann@gmail.com>
[08:45:19] Homepage is https://github.com/tseemann/prokka
[08:45:19] Local time is Mon Dec  1 08:45:19 2025
[08:45:19] You are joao_facio
[08:45:19] Operating system is linux
[08:45:19] You have BioPerl 1.7.8
[08:45:19] System has 12 cores.
[08:45:19] Will use maximum of 4 cores.
[08:45:19] Annotating as >>> Bacteria <<<
[08:45:19] Generating locus_tag from '/tmp/tmp6gns85ah/GOMC.bin.769.fa' contents.
[08:45:19] Setting --locustag DKJAKCIE from MD5 d43a4c2e583d12b93fca0173af260da7
[08:45:19] Creating new output folder: ../../Data/Chen_Analysis/Prokka/Bacteria/GOMC.bin.769
[08:45:19] Running: mkdir -p \.\.\/\.\.\/Data\/Chen_Analysis\/Prokka\/Bacteria\/GOMC\.bin\.769
[08:45:19] Using filename prefix: GOMC.bin.769.XXX
[08:45:19] Setting HMMER_NCPU=1
[08:45:19] Writing log to: ../../Data/Chen_Analysis/Prokka/Bacteria/GOMC.bin.769/GOMC.bin.769.log
[08:45:19] Command: /home/joao_facio/miniconda3/envs/prokka/bin/prokka --outdir ../../Data/Chen_Analysis/Prokka/Bacteria/GOMC.bin.769 --prefix GOMC.bin.769 --kingdom Bacteria --genus Sulfurovum --strain GOMC.bin.769 --cpus 4 --force /tmp/tmp6gns85ah/GOMC.bin.769.fa
[08:45:19] Appending to PATH: /home/joao_facio/miniconda3/envs/prokka/bin
[08:45:19] Looking for 'aragorn' - found /home/joao_facio/miniconda3/envs/prokka/bin/aragorn
[08:45:19] Determined aragorn version is 001002 from 'ARAGORN v1.2.41 Dean Laslett'
[08:45:19] Looking for 'barrnap' - found /home/joao_facio/miniconda3/envs/prokka/bin/barrnap
[08:45:19] Determined barrnap version is 000009 from 'barrnap 0.9'
[08:45:19] Looking for 'blastp' - found /home/joao_facio/miniconda3/envs/prokka/bin/blastp
[08:45:19] Determined blastp version is 002016 from 'blastp: 2.16.0+'
[08:45:19] Looking for 'cmpress' - found /home/joao_facio/miniconda3/envs/prokka/bin/cmpress
[08:45:19] Determined cmpress version is 001001 from '# INFERNAL 1.1.5 (Sep 2023)'
[08:45:19] Looking for 'cmscan' - found /home/joao_facio/miniconda3/envs/prokka/bin/cmscan
[08:45:19] Determined cmscan version is 001001 from '# INFERNAL 1.1.5 (Sep 2023)'
[08:45:19] Looking for 'egrep' - found /usr/bin/egrep
[08:45:19] Looking for 'find' - found /usr/bin/find
[08:45:19] Looking for 'grep' - found /usr/bin/grep
[08:45:19] Looking for 'hmmpress' - found /home/joao_facio/miniconda3/envs/prokka/bin/hmmpress
[08:45:19] Determined hmmpress version is 003004 from '# HMMER 3.4 (Aug 2023); http://hmmer.org/'
[08:45:19] Looking for 'hmmscan' - found /home/joao_facio/miniconda3/envs/prokka/bin/hmmscan
[08:45:19] Determined hmmscan version is 003004 from '# HMMER 3.4 (Aug 2023); http://hmmer.org/'
[08:45:19] Looking for 'java' - found /home/joao_facio/miniconda3/envs/prokka/bin/java
[08:45:19] Looking for 'makeblastdb' - found /home/joao_facio/miniconda3/envs/prokka/bin/makeblastdb
[08:45:19] Determined makeblastdb version is 002016 from 'makeblastdb: 2.16.0+'
[08:45:19] Looking for 'minced' - found /home/joao_facio/miniconda3/envs/prokka/bin/minced
[08:45:19] Determined minced version is 004002 from 'minced 0.4.2'
[08:45:19] Looking for 'parallel' - found /home/joao_facio/miniconda3/envs/prokka/bin/parallel
[08:45:19] Determined parallel version is 20251122 from 'GNU parallel 20251122'
[08:45:19] Looking for 'prodigal' - found /home/joao_facio/miniconda3/envs/prokka/bin/prodigal
[08:45:19] Determined prodigal version is 002006 from 'Prodigal V2.6.3: February, 2016'
[08:45:19] Looking for 'prokka-genbank_to_fasta_db' - found /home/joao_facio/miniconda3/envs/prokka/bin/prokka-genbank_to_fasta_db
[08:45:19] Looking for 'sed' - found /usr/bin/sed
[08:45:19] Looking for 'tbl2asn' - found /home/joao_facio/miniconda3/envs/prokka/bin/tbl2asn
[08:45:19] Determined tbl2asn version is 025007 from 'tbl2asn 25.7   arguments:'
[08:45:19] Using genetic code table 11.
[08:45:19] Loading and checking input file: /tmp/tmp6gns85ah/GOMC.bin.769.fa
[08:45:19] Wrote 266 contigs totalling 1732858 bp.
[08:45:19] Predicting tRNAs and tmRNAs
[08:45:19] Running: aragorn -l -gc11  -w \.\.\/\.\.\/Data\/Chen_Analysis\/Prokka\/Bacteria\/GOMC\.bin\.769\/GOMC\.bin\.769\.fna
[08:45:19] 1 tRNA-Ser [3176,3270] 38 (act)
[08:45:19] 1 tRNA-Leu [3165,3248] 34 (caa)
[08:45:19] 1 tRNA-Ser [16056,16146] 36 (gct)
[08:45:19] 1 tRNA-Met c[3,79] 35 (cat)
[08:45:19] 1 tRNA-Arg c[114,189] 35 (cct)
[08:45:19] Found 5 tRNAs
[08:45:19] Predicting Ribosomal RNAs
[08:45:19] Running Barrnap with 4 threads
[08:45:20] Found 0 rRNAs
[08:45:20] Skipping ncRNA search, enable with --rfam if desired.
[08:45:20] Total of 5 tRNA + rRNA features
[08:45:20] Searching for CRISPR repeats
[08:45:20] Found 0 CRISPRs
[08:45:20] Predicting coding sequences
[08:45:20] Contigs total 1732858 bp, so using single mode
[08:45:20] Running: prodigal -i \.\.\/\.\.\/Data\/Chen_Analysis\/Prokka\/Bacteria\/GOMC\.bin\.769\/GOMC\.bin\.769\.fna -c -m -g 11 -p single -f sco -q
[08:45:21] Excluding CDS which overlaps existing RNA (tRNA) at SAMEA4470848_k53_3513_1:3051..3683 on + strand
[08:45:21] Found 1704 CDS
[08:45:21] Connecting features back to sequences
[08:45:21] Not using genus-specific database. Try --usegenus to enable it.
[08:45:21] Annotating CDS, please be patient.
[08:45:21] Will use 4 CPUs for similarity searching.
[08:45:21] There are still 1704 unannotated CDS left (started with 1704)
[08:45:21] Will use blast to search against /home/joao_facio/miniconda3/envs/prokka/db/kingdom/Bacteria/IS with 4 CPUs
[08:45:21] Running: cat \.\.\/\.\.\/Data\/Chen_Analysis\/Prokka\/Bacteria\/GOMC\.bin\.769\/GOMC\.bin\.769\.IS\.tmp\.3290955\.faa | parallel --gnu --plain -j 4 --block 63281 --recstart '>' --pipe blastp -query - -db /home/joao_facio/miniconda3/envs/prokka/db/kingdom/Bacteria/IS -evalue 1e-30 -qcov_hsp_perc 90 -num_threads 1 -num_descriptions 1 -num_alignments 1 -seg no > \.\.\/\.\.\/Data\/Chen_Analysis\/Prokka\/Bacteria\/GOMC\.bin\.769\/GOMC\.bin\.769\.IS\.tmp\.3290955\.blast 2> /dev/null
[08:45:26] Deleting unwanted file: ../../Data/Chen_Analysis/Prokka/Bacteria/GOMC.bin.769/GOMC.bin.769.IS.tmp.3290955.faa
[08:45:26] Deleting unwanted file: ../../Data/Chen_Analysis/Prokka/Bacteria/GOMC.bin.769/GOMC.bin.769.IS.tmp.3290955.blast
[08:45:26] There are still 1704 unannotated CDS left (started with 1704)
[08:45:26] Will use blast to search against /home/joao_facio/miniconda3/envs/prokka/db/kingdom/Bacteria/AMR with 4 CPUs
[08:45:26] Running: cat \.\.\/\.\.\/Data\/Chen_Analysis\/Prokka\/Bacteria\/GOMC\.bin\.769\/GOMC\.bin\.769\.AMR\.tmp\.3290955\.faa | parallel --gnu --plain -j 4 --block 63281 --recstart '>' --pipe blastp -query - -db /home/joao_facio/miniconda3/envs/prokka/db/kingdom/Bacteria/AMR -evalue 1e-300 -qcov_hsp_perc 90 -num_threads 1 -num_descriptions 1 -num_alignments 1 -seg no > \.\.\/\.\.\/Data\/Chen_Analysis\/Prokka\/Bacteria\/GOMC\.bin\.769\/GOMC\.bin\.769\.AMR\.tmp\.3290955\.blast 2> /dev/null
[08:45:30] Deleting unwanted file: ../../Data/Chen_Analysis/Prokka/Bacteria/GOMC.bin.769/GOMC.bin.769.AMR.tmp.3290955.faa
[08:45:30] Deleting unwanted file: ../../Data/Chen_Analysis/Prokka/Bacteria/GOMC.bin.769/GOMC.bin.769.AMR.tmp.3290955.blast
[08:45:30] There are still 1704 unannotated CDS left (started with 1704)
[08:45:30] Will use blast to search against /home/joao_facio/miniconda3/envs/prokka/db/kingdom/Bacteria/sprot with 4 CPUs
[08:45:30] Running: cat \.\.\/\.\.\/Data\/Chen_Analysis\/Prokka\/Bacteria\/GOMC\.bin\.769\/GOMC\.bin\.769\.sprot\.tmp\.3290955\.faa | parallel --gnu --plain -j 4 --block 63281 --recstart '>' --pipe blastp -query - -db /home/joao_facio/miniconda3/envs/prokka/db/kingdom/Bacteria/sprot -evalue 1e-09 -qcov_hsp_perc 80 -num_threads 1 -num_descriptions 1 -num_alignments 1 -seg no > \.\.\/\.\.\/Data\/Chen_Analysis\/Prokka\/Bacteria\/GOMC\.bin\.769\/GOMC\.bin\.769\.sprot\.tmp\.3290955\.blast 2> /dev/null
[08:45:51] Modify product: Probable 3-phenylpropionic acid transporter => putative 3-phenylpropionic acid transporter
[08:45:51] Modify product: Probable molybdenum cofactor guanylyltransferase => putative molybdenum cofactor guanylyltransferase
[08:45:51] Modify product: UPF0324 inner membrane protein YeiH => hypothetical protein
[08:45:51] Modify product: Protein jhp_1168 => Protein
[08:45:51] Modify product: UPF0213 protein BH0048 => hypothetical protein
[08:45:51] Modify product: Monocarboxylate 2-oxoacid-binding periplasmic protein all3028 => Monocarboxylate 2-oxoacid-binding periplasmic protein
[08:45:51] Modify product: UPF0178 protein YaiI => hypothetical protein
[08:45:51] Modify product: Nucleoid-associated protein HP_0035 => Nucleoid-associated protein
[08:45:51] Modify product: Bifunctional protein FolD => Bifunctional protein FolD protein
[08:45:51] Modify product: Uncharacterized FAD-linked oxidoreductase Rv2280 => putative FAD-linked oxidoreductase
[08:45:51] Modify product: Uncharacterized zinc protease Rv2782c => putative zinc protease
[08:45:51] Modify product: Aminopeptidase HP_1037 => Aminopeptidase
[08:45:51] Modify product: Uncharacterized protein YhaZ => putative protein YhaZ
[08:45:51] Modify product: Uncharacterized RNA pseudouridine synthase HP_0347 => putative RNA pseudouridine synthase
[08:45:51] Modify product: Probable efflux pump membrane transporter TtgB => putative efflux pump membrane transporter TtgB
[08:45:51] Modify product: Putative phosphoribosyl transferase Rv0571c => Putative phosphoribosyl transferase
[08:45:51] Modify product: Probable cyclic di-GMP phosphodiesterase PdeA => putative cyclic di-GMP phosphodiesterase PdeA
[08:45:51] Modify product: Uncharacterized protein Rv2307c => putative protein
[08:45:51] Modify product: UPF0227 protein YcfP => hypothetical protein
[08:45:51] Modify product: DNA-binding protein VF_0530 => DNA-binding protein
[08:45:51] Modify product: Probable peptidoglycan glycosyltransferase FtsW => putative peptidoglycan glycosyltransferase FtsW
[08:45:51] Modify product: Uncharacterized protein YccU => putative protein YccU
[08:45:51] Modify product: Uncharacterized protein Rv1480 => putative protein
[08:45:51] Modify product: Probable type II secretion system protein HxcR => putative type II secretion system protein HxcR
[08:45:51] Modify product: Probable L,D-transpeptidase YcbB => putative L,D-transpeptidase YcbB
[08:45:51] Modify product: Uncharacterized protein Rv1339 => putative protein
[08:45:51] Modify product: Probable cytochrome c oxidase subunit 3 => putative cytochrome c oxidase subunit 3
[08:45:51] Modify product: Putative HTH-type transcriptional regulator Rv1287 => Putative HTH-type transcriptional regulator
[08:45:51] Modify product: Probable GTP-binding protein EngB => putative GTP-binding protein EngB
[08:45:51] Modify product: Probable UbiX-like flavin prenyltransferase => putative UbiX-like flavin prenyltransferase
[08:45:51] Modify product: Probable ribonucleotide transport ATP-binding protein mkl => putative ribonucleotide transport ATP-binding protein mkl
[08:45:51] Modify product: Probable dual-specificity RNA methyltransferase RlmN => putative dual-specificity RNA methyltransferase RlmN
[08:45:51] Modify product: Uncharacterized RNA pseudouridine synthase HP_0347 => putative RNA pseudouridine synthase
[08:45:51] Modify product: Probable efflux pump membrane transporter TtgB => putative efflux pump membrane transporter TtgB
[08:45:51] Modify product: UPF0761 membrane protein YihY => hypothetical protein
[08:45:51] Modify product: UPF0234 protein YajQ => hypothetical protein
[08:45:51] Modify product: Uncharacterized protein HP_1423 => putative protein
[08:45:51] Modify product: Probable transcriptional regulatory protein HP_0162 => putative transcriptional regulatory protein
[08:45:51] Modify product: Uncharacterized ABC transporter ATP-binding protein YbiT => putative ABC transporter ATP-binding protein YbiT
[08:45:51] Modify product: Uncharacterized ABC transporter ATP-binding protein YheS => putative ABC transporter ATP-binding protein YheS
[08:45:51] Modify product: Uncharacterized HIT-like protein HP_0404 => putative HIT-like protein
[08:45:51] Modify product: Probable adenylyltransferase/sulfurtransferase MoeZ => putative adenylyltransferase/sulfurtransferase MoeZ
[08:45:51] Modify product: Uncharacterized zinc protease Rv2782c => putative zinc protease
[08:45:51] Modify product: Uncharacterized signaling protein PA1727 => putative signaling protein
[08:45:51] Modify product: Probable Ni/Fe-hydrogenase B-type cytochrome subunit => putative Ni/Fe-hydrogenase B-type cytochrome subunit
[08:45:51] Modify product: Uncharacterized metal-dependent hydrolase YcfH => putative metal-dependent hydrolase YcfH
[08:45:51] Modify product: Uncharacterized protein HI_0933 => putative protein
[08:45:51] Modify product: Probable cyclic di-GMP phosphodiesterase VC_1348 => putative cyclic di-GMP phosphodiesterase
[08:45:51] Modify product: Uncharacterized tRNA/rRNA methyltransferase Rv3579c => putative tRNA/rRNA methyltransferase
[08:45:51] Modify product: Ribonuclease TTHA0252 => Ribonuclease
[08:45:51] Modify product: Uncharacterized signaling protein PA1727 => putative signaling protein
[08:45:51] Modify product: Uncharacterized protein Rv2581c => putative protein
[08:45:51] Modify product: Probable L,D-transpeptidase YcbB => putative L,D-transpeptidase YcbB
[08:45:51] Modify product: Uncharacterized AAA domain-containing protein Rv2559c => putative AAA domain-containing protein
[08:45:51] Modify product: UPF0225 protein YchJ => hypothetical protein
[08:45:51] Modify product: Uncharacterized NTE family protein Rv1063c => putative NTE family protein
[08:45:51] Cleaned 56 /product names
[08:45:51] Deleting unwanted file: ../../Data/Chen_Analysis/Prokka/Bacteria/GOMC.bin.769/GOMC.bin.769.sprot.tmp.3290955.faa
[08:45:51] Deleting unwanted file: ../../Data/Chen_Analysis/Prokka/Bacteria/GOMC.bin.769/GOMC.bin.769.sprot.tmp.3290955.blast
[08:45:51] There are still 945 unannotated CDS left (started with 1704)
[08:45:51] Will use hmmer3 to search against /home/joao_facio/miniconda3/envs/prokka/db/hmm/HAMAP.hmm with 4 CPUs
[08:45:51] Running: cat \.\.\/\.\.\/Data\/Chen_Analysis\/Prokka\/Bacteria\/GOMC\.bin\.769\/GOMC\.bin\.769\.HAMAP\.hmm\.tmp\.3290955\.faa | parallel --gnu --plain -j 4 --block 30618 --recstart '>' --pipe hmmscan --noali --notextw --acc -E 1e-09 --cpu 1 /home/joao_facio/miniconda3/envs/prokka/db/hmm/HAMAP.hmm /dev/stdin > \.\.\/\.\.\/Data\/Chen_Analysis\/Prokka\/Bacteria\/GOMC\.bin\.769\/GOMC\.bin\.769\.HAMAP\.hmm\.tmp\.3290955\.hmmer3 2> /dev/null
[08:45:58] Deleting unwanted file: ../../Data/Chen_Analysis/Prokka/Bacteria/GOMC.bin.769/GOMC.bin.769.HAMAP.hmm.tmp.3290955.faa
[08:45:58] Deleting unwanted file: ../../Data/Chen_Analysis/Prokka/Bacteria/GOMC.bin.769/GOMC.bin.769.HAMAP.hmm.tmp.3290955.hmmer3
[08:45:58] Labelling remaining 786 proteins as 'hypothetical protein'
[08:45:58] Possible /pseudo 'N-acetylmuramoyl-L-alanine amidase AmiC' at SAMEA4470848_k53_7896_1 position 9589
[08:45:58] Possible /pseudo 'Aspartate/glutamate leucyltransferase' at SAMEA4470848_k53_64866_1 position 2162
[08:45:58] Possible /pseudo 'Tol-Pal system protein TolQ' at SAMEA4470848_k53_93908_1 position 6165
[08:45:58] Possible /pseudo 'Intermembrane transport protein PqiA' at SAMEA4470848_k53_133495_1 position 1396
[08:45:58] Possible /pseudo 'NADPH-dependent 7-cyano-7-deazaguanine reductase' at SAMEA4470848_k53_150765_1 position 895
[08:45:58] Possible /pseudo 'Nitrate transporter' at SAMEA4470848_k53_349348_1 position 11097
[08:45:58] Possible /pseudo 'Trigger factor' at SAMEA4470848_k53_349348_1 position 13691
[08:45:58] Found 754 unique /gene codes.
[08:45:58] Fixed 2 duplicate /gene - bpt_1 bpt_2
[08:45:58] Fixed 2 duplicate /gene - yfiC_1 yfiC_2
[08:45:58] Fixed 2 duplicate /gene - der_1 der_2
[08:45:58] Fixed 7 duplicate /gene - rcsC_1 rcsC_2 rcsC_3 rcsC_4 rcsC_5 rcsC_6 rcsC_7
[08:45:58] Fixed 2 duplicate /gene - trmH_1 trmH_2
[08:45:58] Fixed 3 duplicate /gene - arlR_1 arlR_2 arlR_3
[08:45:58] Fixed 2 duplicate /gene - hydB_1 hydB_2
[08:45:58] Fixed 2 duplicate /gene - rluB_1 rluB_2
[08:45:58] Fixed 3 duplicate /gene - copA_1 copA_2 copA_3
[08:45:58] Fixed 2 duplicate /gene - vhb_1 vhb_2
[08:45:58] Fixed 2 duplicate /gene - aguA_1 aguA_2
[08:45:58] Fixed 2 duplicate /gene - cmoA_1 cmoA_2
[08:45:58] Fixed 2 duplicate /gene - cshA_1 cshA_2
[08:45:58] Fixed 2 duplicate /gene - betI_1 betI_2
[08:45:58] Fixed 2 duplicate /gene - nuoJ_1 nuoJ_2
[08:45:58] Fixed 3 duplicate /gene - mnmC_1 mnmC_2 mnmC_3
[08:45:58] Fixed 2 duplicate /gene - atpG_1 atpG_2
[08:45:58] Fixed 3 duplicate /gene - selO_1 selO_2 selO_3
[08:45:58] Fixed 2 duplicate /gene - acsA_1 acsA_2
[08:45:58] Fixed 2 duplicate /gene - exbD_1 exbD_2
[08:45:58] Fixed 2 duplicate /gene - nuoK_1 nuoK_2
[08:45:58] Fixed 2 duplicate /gene - gdh_1 gdh_2
[08:45:58] Fixed 4 duplicate /gene - ftsH_1 ftsH_2 ftsH_3 ftsH_4
[08:45:58] Fixed 2 duplicate /gene - ttgB_1 ttgB_2
[08:45:58] Fixed 2 duplicate /gene - bicA_1 bicA_2
[08:45:58] Fixed 2 duplicate /gene - moaA_1 moaA_2
[08:45:58] Fixed 2 duplicate /gene - hisB_1 hisB_2
[08:45:58] Fixed 2 duplicate /gene - cusA_1 cusA_2
[08:45:58] Fixed 2 duplicate /gene - fabF_1 fabF_2
[08:45:58] Fixed 2 duplicate /gene - mltB_1 mltB_2
[08:45:58] Fixed 2 duplicate /gene - tcrA_1 tcrA_2
[08:45:58] Fixed 3 duplicate /gene - tig_1 tig_2 tig_3
[08:45:58] Fixed 4 duplicate /gene - tolQ_1 tolQ_2 tolQ_3 tolQ_4
[08:45:58] Fixed 2 duplicate /gene - ndhC_1 ndhC_2
[08:45:58] Fixed 2 duplicate /gene - msbA_1 msbA_2
[08:45:58] Fixed 2 duplicate /gene - ogt_1 ogt_2
[08:45:58] Fixed 2 duplicate /gene - pcrA_1 pcrA_2
[08:45:58] Fixed 2 duplicate /gene - pal_1 pal_2
[08:45:58] Fixed 2 duplicate /gene - aroK_1 aroK_2
[08:45:58] Fixed 2 duplicate /gene - amiC_1 amiC_2
[08:45:58] Fixed 2 duplicate /gene - queF_1 queF_2
[08:45:58] Fixed 2 duplicate /gene - pqiA_1 pqiA_2
[08:45:58] Fixed 2 duplicate /gene - estB_1 estB_2
[08:45:58] Fixed 2 duplicate /gene - acpP_1 acpP_2
[08:45:58] Fixed 2 duplicate /gene - phoB_1 phoB_2
[08:45:58] Fixed 2 duplicate /gene - pcm_1 pcm_2
[08:45:58] Fixed 2 duplicate /gene - COQ5_1 COQ5_2
[08:45:58] Fixed 2 duplicate /gene - ndhI_1 ndhI_2
[08:45:58] Fixed 2 duplicate /gene - copR_1 copR_2
[08:45:58] Fixed 9 duplicate /gene - sasA_1 sasA_2 sasA_3 sasA_4 sasA_5 sasA_6 sasA_7 sasA_8 sasA_9
[08:45:58] Fixed 2 duplicate /gene - nuoL_1 nuoL_2
[08:45:58] Fixed 2 duplicate /gene - nasA_1 nasA_2
[08:45:58] Fixed 2 duplicate /gene - thiE_1 thiE_2
[08:45:58] Fixed 3 duplicate /gene - rhlE_1 rhlE_2 rhlE_3
[08:45:58] Fixed 2 duplicate /gene - cpdA_1 cpdA_2
[08:45:58] Fixed 2 duplicate /gene - ycbB_1 ycbB_2
[08:45:58] Fixed 2 duplicate /gene - recD2_1 recD2_2
[08:45:58] Fixed 2 duplicate /gene - tpx_1 tpx_2
[08:45:58] Fixed 3 duplicate /gene - ndhB_1 ndhB_2 ndhB_3
[08:45:58] Fixed 2 duplicate /gene - nuoM_1 nuoM_2
[08:45:58] Fixed 2 duplicate /gene - cobB_1 cobB_2
[08:45:58] Fixed 2 duplicate /gene - napF_1 napF_2
[08:45:58] Fixed 3 duplicate /gene - pilT_1 pilT_2 pilT_3
[08:45:58] Fixed 2 duplicate /gene - truD_1 truD_2
[08:45:58] Fixed 4 duplicate /gene - ctb_1 ctb_2 ctb_3 ctb_4
[08:45:58] Fixed 2 duplicate /gene - dsbD_1 dsbD_2
[08:45:58] Fixed 2 duplicate /gene - btuB_1 btuB_2
[08:45:58] Fixed 2 duplicate /gene - gltX1_1 gltX1_2
[08:45:58] Fixed 2 duplicate /gene - sqr_1 sqr_2
[08:45:58] Fixed 2 duplicate /gene - hemF_1 hemF_2
[08:45:58] Fixed 70 colliding /gene names.
[08:45:58] Adding /locus_tag identifiers
[08:45:58] Assigned 1709 locus_tags to CDS and RNA features.
[08:45:58] Writing outputs to ../../Data/Chen_Analysis/Prokka/Bacteria/GOMC.bin.769/
[08:45:58] Generating annotation statistics file
[08:45:58] Generating Genbank and Sequin files
[08:45:58] Running: tbl2asn -V b -a r10k -l paired-ends -M n -N 1 -y 'Annotated using prokka 1.14.6 from https://github.com/tseemann/prokka' -Z \.\.\/\.\.\/Data\/Chen_Analysis\/Prokka\/Bacteria\/GOMC\.bin\.769\/GOMC\.bin\.769\.err -i \.\.\/\.\.\/Data\/Chen_Analysis\/Prokka\/Bacteria\/GOMC\.bin\.769\/GOMC\.bin\.769\.fsa 2> /dev/null
[08:46:00] Deleting unwanted file: ../../Data/Chen_Analysis/Prokka/Bacteria/GOMC.bin.769/errorsummary.val
[08:46:00] Deleting unwanted file: ../../Data/Chen_Analysis/Prokka/Bacteria/GOMC.bin.769/GOMC.bin.769.dr
[08:46:00] Deleting unwanted file: ../../Data/Chen_Analysis/Prokka/Bacteria/GOMC.bin.769/GOMC.bin.769.fixedproducts
[08:46:00] Deleting unwanted file: ../../Data/Chen_Analysis/Prokka/Bacteria/GOMC.bin.769/GOMC.bin.769.ecn
[08:46:00] Deleting unwanted file: ../../Data/Chen_Analysis/Prokka/Bacteria/GOMC.bin.769/GOMC.bin.769.val
[08:46:00] Repairing broken .GBK output that tbl2asn produces...
[08:46:00] Running: sed 's/COORDINATES: profile/COORDINATES:profile/' < \.\.\/\.\.\/Data\/Chen_Analysis\/Prokka\/Bacteria\/GOMC\.bin\.769\/GOMC\.bin\.769\.gbf > \.\.\/\.\.\/Data\/Chen_Analysis\/Prokka\/Bacteria\/GOMC\.bin\.769\/GOMC\.bin\.769\.gbk
[08:46:00] Deleting unwanted file: ../../Data/Chen_Analysis/Prokka/Bacteria/GOMC.bin.769/GOMC.bin.769.gbf
[08:46:00] Output files:
[08:46:00] ../../Data/Chen_Analysis/Prokka/Bacteria/GOMC.bin.769/GOMC.bin.769.ffn
[08:46:00] ../../Data/Chen_Analysis/Prokka/Bacteria/GOMC.bin.769/GOMC.bin.769.gbk
[08:46:00] ../../Data/Chen_Analysis/Prokka/Bacteria/GOMC.bin.769/GOMC.bin.769.fsa
[08:46:00] ../../Data/Chen_Analysis/Prokka/Bacteria/GOMC.bin.769/GOMC.bin.769.err
[08:46:00] ../../Data/Chen_Analysis/Prokka/Bacteria/GOMC.bin.769/GOMC.bin.769.txt
[08:46:00] ../../Data/Chen_Analysis/Prokka/Bacteria/GOMC.bin.769/GOMC.bin.769.tbl
[08:46:00] ../../Data/Chen_Analysis/Prokka/Bacteria/GOMC.bin.769/GOMC.bin.769.tsv
[08:46:00] ../../Data/Chen_Analysis/Prokka/Bacteria/GOMC.bin.769/GOMC.bin.769.log
[08:46:00] ../../Data/Chen_Analysis/Prokka/Bacteria/GOMC.bin.769/GOMC.bin.769.faa
[08:46:00] ../../Data/Chen_Analysis/Prokka/Bacteria/GOMC.bin.769/GOMC.bin.769.gff
[08:46:00] ../../Data/Chen_Analysis/Prokka/Bacteria/GOMC.bin.769/GOMC.bin.769.fna
[08:46:00] ../../Data/Chen_Analysis/Prokka/Bacteria/GOMC.bin.769/GOMC.bin.769.sqn
[08:46:00] Annotation finished successfully.
[08:46:00] Walltime used: 0.68 minutes
[08:46:00] If you use this result please cite the Prokka paper:
[08:46:00] Seemann T (2014) Prokka: rapid prokaryotic genome annotation. Bioinformatics. 30(14):2068-9.
[08:46:00] Type 'prokka --citation' for more details.
[08:46:00] Share and enjoy!
