[08:29:58] This is prokka 1.14.6
[08:29:58] Written by Torsten Seemann <torsten.seemann@gmail.com>
[08:29:58] Homepage is https://github.com/tseemann/prokka
[08:29:58] Local time is Mon Dec  1 08:29:58 2025
[08:29:58] You are joao_facio
[08:29:58] Operating system is linux
[08:29:58] You have BioPerl 1.7.8
[08:29:58] System has 12 cores.
[08:29:58] Will use maximum of 4 cores.
[08:29:58] Annotating as >>> Bacteria <<<
[08:29:58] Generating locus_tag from '/tmp/tmp6gns85ah/GOMC.bin.13001.fa' contents.
[08:29:58] Setting --locustag HBMFCFGL from MD5 1b6fcf05da81efa9eda727b685720cda
[08:29:58] Creating new output folder: ../../Data/Chen_Analysis/Prokka/Bacteria/GOMC.bin.13001
[08:29:58] Running: mkdir -p \.\.\/\.\.\/Data\/Chen_Analysis\/Prokka\/Bacteria\/GOMC\.bin\.13001
[08:29:58] Using filename prefix: GOMC.bin.13001.XXX
[08:29:58] Setting HMMER_NCPU=1
[08:29:58] Writing log to: ../../Data/Chen_Analysis/Prokka/Bacteria/GOMC.bin.13001/GOMC.bin.13001.log
[08:29:58] Command: /home/joao_facio/miniconda3/envs/prokka/bin/prokka --outdir ../../Data/Chen_Analysis/Prokka/Bacteria/GOMC.bin.13001 --prefix GOMC.bin.13001 --kingdom Bacteria --genus OLB19 --strain GOMC.bin.13001 --cpus 4 --force /tmp/tmp6gns85ah/GOMC.bin.13001.fa
[08:29:58] Appending to PATH: /home/joao_facio/miniconda3/envs/prokka/bin
[08:29:58] Looking for 'aragorn' - found /home/joao_facio/miniconda3/envs/prokka/bin/aragorn
[08:29:58] Determined aragorn version is 001002 from 'ARAGORN v1.2.41 Dean Laslett'
[08:29:58] Looking for 'barrnap' - found /home/joao_facio/miniconda3/envs/prokka/bin/barrnap
[08:29:58] Determined barrnap version is 000009 from 'barrnap 0.9'
[08:29:58] Looking for 'blastp' - found /home/joao_facio/miniconda3/envs/prokka/bin/blastp
[08:29:58] Determined blastp version is 002016 from 'blastp: 2.16.0+'
[08:29:58] Looking for 'cmpress' - found /home/joao_facio/miniconda3/envs/prokka/bin/cmpress
[08:29:58] Determined cmpress version is 001001 from '# INFERNAL 1.1.5 (Sep 2023)'
[08:29:58] Looking for 'cmscan' - found /home/joao_facio/miniconda3/envs/prokka/bin/cmscan
[08:29:58] Determined cmscan version is 001001 from '# INFERNAL 1.1.5 (Sep 2023)'
[08:29:58] Looking for 'egrep' - found /usr/bin/egrep
[08:29:58] Looking for 'find' - found /usr/bin/find
[08:29:58] Looking for 'grep' - found /usr/bin/grep
[08:29:58] Looking for 'hmmpress' - found /home/joao_facio/miniconda3/envs/prokka/bin/hmmpress
[08:29:58] Determined hmmpress version is 003004 from '# HMMER 3.4 (Aug 2023); http://hmmer.org/'
[08:29:58] Looking for 'hmmscan' - found /home/joao_facio/miniconda3/envs/prokka/bin/hmmscan
[08:29:58] Determined hmmscan version is 003004 from '# HMMER 3.4 (Aug 2023); http://hmmer.org/'
[08:29:58] Looking for 'java' - found /home/joao_facio/miniconda3/envs/prokka/bin/java
[08:29:58] Looking for 'makeblastdb' - found /home/joao_facio/miniconda3/envs/prokka/bin/makeblastdb
[08:29:58] Determined makeblastdb version is 002016 from 'makeblastdb: 2.16.0+'
[08:29:58] Looking for 'minced' - found /home/joao_facio/miniconda3/envs/prokka/bin/minced
[08:29:58] Determined minced version is 004002 from 'minced 0.4.2'
[08:29:58] Looking for 'parallel' - found /home/joao_facio/miniconda3/envs/prokka/bin/parallel
[08:29:58] Determined parallel version is 20251122 from 'GNU parallel 20251122'
[08:29:58] Looking for 'prodigal' - found /home/joao_facio/miniconda3/envs/prokka/bin/prodigal
[08:29:58] Determined prodigal version is 002006 from 'Prodigal V2.6.3: February, 2016'
[08:29:58] Looking for 'prokka-genbank_to_fasta_db' - found /home/joao_facio/miniconda3/envs/prokka/bin/prokka-genbank_to_fasta_db
[08:29:58] Looking for 'sed' - found /usr/bin/sed
[08:29:58] Looking for 'tbl2asn' - found /home/joao_facio/miniconda3/envs/prokka/bin/tbl2asn
[08:29:58] Determined tbl2asn version is 025007 from 'tbl2asn 25.7   arguments:'
[08:29:58] Using genetic code table 11.
[08:29:58] Loading and checking input file: /tmp/tmp6gns85ah/GOMC.bin.13001.fa
[08:29:58] Wrote 64 contigs totalling 556130 bp.
[08:29:58] Predicting tRNAs and tmRNAs
[08:29:58] Running: aragorn -l -gc11  -w \.\.\/\.\.\/Data\/Chen_Analysis\/Prokka\/Bacteria\/GOMC\.bin\.13001\/GOMC\.bin\.13001\.fna
[08:29:58] 1 tRNA-Glu c[58,132] 34 (ctc)
[08:29:58] 1 tRNA-Gly [15653,15724] 33 (ccc)
[08:29:58] 2 tRNA-Ala c[15805,15878] 34 (tgc)
[08:29:58] 1 tRNA-Thr c[8953,9028] 34 (tgt)
[08:29:58] 1 tRNA-Ala [1486,1558] 33 (ggc)
[08:29:58] 1 tRNA-Glu c[2780,2852] 34 (ttc)
[08:29:58] 1 tRNA-Arg [1027,1101] 34 (tct)
[08:29:58] 2 tRNA-Ser [9444,9533] 35 (tga)
[08:29:58] 1 tRNA-Val c[11532,11605] 34 (gac)
[08:29:58] 1 tRNA-Ser [2012,2099] 35 (gct)
[08:29:58] 1 tRNA-Leu c[5535,5619] 35 (taa)
[08:29:58] 2 tRNA-Cys [5738,5810] 33 (gca)
[08:29:58] 3 tRNA-Leu [5884,5966] 35 (tag)
[08:29:58] 4 tRNA-Lys [6034,6107] 34 (ctt)
[08:29:58] 1 tRNA-Gly [4086,4157] 33 (tcc)
[08:29:58] 1 tRNA-Leu [193,275] 35 (cag)
[08:29:58] 1 tRNA-Lys [10310,10383] 34 (ttt)
[08:29:58] 2 tRNA-Arg [16212,16284] 34 (gcg)
[08:29:58] 1 tRNA-Ser [348,437] 35 (cga)
[08:29:58] 1 tRNA-Ile c[9235,9308] 34 (tat)
[08:29:58] 1 tRNA-Met [838,912] 35 (cat)
[08:29:58] 2 tRNA-Asp c[1125,1199] 35 (gtc)
[08:29:58] 3 tRNA-Thr c[1283,1356] 34 (ggt)
[08:29:58] 4 tRNA-Thr [1445,1518] 34 (cgt)
[08:29:58] 1 tRNA-Leu [446,528] 35 (caa)
[08:29:58] 1 tRNA-Ser c[3765,3852] 35 (gga)
[08:29:58] Found 26 tRNAs
[08:29:58] Predicting Ribosomal RNAs
[08:29:58] Running Barrnap with 4 threads
[08:29:59] 1 k63_8611370 563 5S ribosomal RNA (partial)
[08:29:59] Found 1 rRNAs
[08:29:59] Skipping ncRNA search, enable with --rfam if desired.
[08:29:59] Total of 27 tRNA + rRNA features
[08:29:59] Searching for CRISPR repeats
[08:29:59] Found 0 CRISPRs
[08:29:59] Predicting coding sequences
[08:29:59] Contigs total 556130 bp, so using single mode
[08:29:59] Running: prodigal -i \.\.\/\.\.\/Data\/Chen_Analysis\/Prokka\/Bacteria\/GOMC\.bin\.13001\/GOMC\.bin\.13001\.fna -c -m -g 11 -p single -f sco -q
[08:30:00] Excluding CDS which overlaps existing RNA (tRNA) at k63_12658038:1884..2138 on + strand
[08:30:00] Found 555 CDS
[08:30:00] Connecting features back to sequences
[08:30:00] Not using genus-specific database. Try --usegenus to enable it.
[08:30:00] Annotating CDS, please be patient.
[08:30:00] Will use 4 CPUs for similarity searching.
[08:30:00] There are still 555 unannotated CDS left (started with 555)
[08:30:00] Will use blast to search against /home/joao_facio/miniconda3/envs/prokka/db/kingdom/Bacteria/IS with 4 CPUs
[08:30:00] Running: cat \.\.\/\.\.\/Data\/Chen_Analysis\/Prokka\/Bacteria\/GOMC\.bin\.13001\/GOMC\.bin\.13001\.IS\.tmp\.3261782\.faa | parallel --gnu --plain -j 4 --block 20122 --recstart '>' --pipe blastp -query - -db /home/joao_facio/miniconda3/envs/prokka/db/kingdom/Bacteria/IS -evalue 1e-30 -qcov_hsp_perc 90 -num_threads 1 -num_descriptions 1 -num_alignments 1 -seg no > \.\.\/\.\.\/Data\/Chen_Analysis\/Prokka\/Bacteria\/GOMC\.bin\.13001\/GOMC\.bin\.13001\.IS\.tmp\.3261782\.blast 2> /dev/null
[08:30:02] Deleting unwanted file: ../../Data/Chen_Analysis/Prokka/Bacteria/GOMC.bin.13001/GOMC.bin.13001.IS.tmp.3261782.faa
[08:30:02] Deleting unwanted file: ../../Data/Chen_Analysis/Prokka/Bacteria/GOMC.bin.13001/GOMC.bin.13001.IS.tmp.3261782.blast
[08:30:02] There are still 555 unannotated CDS left (started with 555)
[08:30:02] Will use blast to search against /home/joao_facio/miniconda3/envs/prokka/db/kingdom/Bacteria/AMR with 4 CPUs
[08:30:02] Running: cat \.\.\/\.\.\/Data\/Chen_Analysis\/Prokka\/Bacteria\/GOMC\.bin\.13001\/GOMC\.bin\.13001\.AMR\.tmp\.3261782\.faa | parallel --gnu --plain -j 4 --block 20122 --recstart '>' --pipe blastp -query - -db /home/joao_facio/miniconda3/envs/prokka/db/kingdom/Bacteria/AMR -evalue 1e-300 -qcov_hsp_perc 90 -num_threads 1 -num_descriptions 1 -num_alignments 1 -seg no > \.\.\/\.\.\/Data\/Chen_Analysis\/Prokka\/Bacteria\/GOMC\.bin\.13001\/GOMC\.bin\.13001\.AMR\.tmp\.3261782\.blast 2> /dev/null
[08:30:03] Deleting unwanted file: ../../Data/Chen_Analysis/Prokka/Bacteria/GOMC.bin.13001/GOMC.bin.13001.AMR.tmp.3261782.faa
[08:30:03] Deleting unwanted file: ../../Data/Chen_Analysis/Prokka/Bacteria/GOMC.bin.13001/GOMC.bin.13001.AMR.tmp.3261782.blast
[08:30:03] There are still 555 unannotated CDS left (started with 555)
[08:30:03] Will use blast to search against /home/joao_facio/miniconda3/envs/prokka/db/kingdom/Bacteria/sprot with 4 CPUs
[08:30:03] Running: cat \.\.\/\.\.\/Data\/Chen_Analysis\/Prokka\/Bacteria\/GOMC\.bin\.13001\/GOMC\.bin\.13001\.sprot\.tmp\.3261782\.faa | parallel --gnu --plain -j 4 --block 20122 --recstart '>' --pipe blastp -query - -db /home/joao_facio/miniconda3/envs/prokka/db/kingdom/Bacteria/sprot -evalue 1e-09 -qcov_hsp_perc 80 -num_threads 1 -num_descriptions 1 -num_alignments 1 -seg no > \.\.\/\.\.\/Data\/Chen_Analysis\/Prokka\/Bacteria\/GOMC\.bin\.13001\/GOMC\.bin\.13001\.sprot\.tmp\.3261782\.blast 2> /dev/null
[08:30:10] Modify product: Probable tRNA-dihydrouridine synthase => putative tRNA-dihydrouridine synthase
[08:30:10] Modify product: Probable peptidoglycan glycosyltransferase FtsW => putative peptidoglycan glycosyltransferase FtsW
[08:30:10] Modify product: Uncharacterized metal-dependent hydrolase YcfH => putative metal-dependent hydrolase YcfH
[08:30:10] Modify product: Uncharacterized HIT-like protein Rv0759c => putative HIT-like protein
[08:30:10] Modify product: Probable CtpA-like serine protease => putative CtpA-like serine protease
[08:30:10] Modify product: Uncharacterized protein YqeY => putative protein YqeY
[08:30:10] Modify product: Uncharacterized protein HI_1163 => putative protein
[08:30:10] Modify product: UPF0176 protein YceA => hypothetical protein
[08:30:10] Modify product: Nudix hydrolase DR_0079 => Nudix hydrolase
[08:30:10] Modify product: Putative multidrug export ATP-binding/permease protein SAV1866 => Putative multidrug export ATP-binding/permease protein
[08:30:10] Modify product: Uncharacterized ABC transporter ATP-binding protein YknY => putative ABC transporter ATP-binding protein YknY
[08:30:10] Modify product: Bifunctional protein Rv2228c => Bifunctional protein
[08:30:10] Modify product: Bifunctional protein FolD => Bifunctional protein FolD protein
[08:30:10] Modify product: Uncharacterized ABC transporter ATP-binding protein YbiT => putative ABC transporter ATP-binding protein YbiT
[08:30:10] Modify product: Putative NAD(P)H nitroreductase SA2311 => Putative NAD(P)H nitroreductase
[08:30:10] Modify product: Protease HtpX homolog => Protease HtpX 
[08:30:10] Cleaned 16 /product names
[08:30:10] Deleting unwanted file: ../../Data/Chen_Analysis/Prokka/Bacteria/GOMC.bin.13001/GOMC.bin.13001.sprot.tmp.3261782.faa
[08:30:10] Deleting unwanted file: ../../Data/Chen_Analysis/Prokka/Bacteria/GOMC.bin.13001/GOMC.bin.13001.sprot.tmp.3261782.blast
[08:30:10] There are still 332 unannotated CDS left (started with 555)
[08:30:10] Will use hmmer3 to search against /home/joao_facio/miniconda3/envs/prokka/db/hmm/HAMAP.hmm with 4 CPUs
[08:30:10] Running: cat \.\.\/\.\.\/Data\/Chen_Analysis\/Prokka\/Bacteria\/GOMC\.bin\.13001\/GOMC\.bin\.13001\.HAMAP\.hmm\.tmp\.3261782\.faa | parallel --gnu --plain -j 4 --block 10492 --recstart '>' --pipe hmmscan --noali --notextw --acc -E 1e-09 --cpu 1 /home/joao_facio/miniconda3/envs/prokka/db/hmm/HAMAP.hmm /dev/stdin > \.\.\/\.\.\/Data\/Chen_Analysis\/Prokka\/Bacteria\/GOMC\.bin\.13001\/GOMC\.bin\.13001\.HAMAP\.hmm\.tmp\.3261782\.hmmer3 2> /dev/null
[08:30:13] Deleting unwanted file: ../../Data/Chen_Analysis/Prokka/Bacteria/GOMC.bin.13001/GOMC.bin.13001.HAMAP.hmm.tmp.3261782.faa
[08:30:13] Deleting unwanted file: ../../Data/Chen_Analysis/Prokka/Bacteria/GOMC.bin.13001/GOMC.bin.13001.HAMAP.hmm.tmp.3261782.hmmer3
[08:30:13] Labelling remaining 293 proteins as 'hypothetical protein'
[08:30:13] Possible /pseudo 'Adenylate kinase' at k63_7566880 position 695
[08:30:13] Possible /pseudo 'GTP pyrophosphokinase' at k63_5768385 position 3023
[08:30:13] Found 238 unique /gene codes.
[08:30:13] Fixed 2 duplicate /gene - sigW_1 sigW_2
[08:30:13] Fixed 2 duplicate /gene - truB_1 truB_2
[08:30:13] Fixed 2 duplicate /gene - metG_1 metG_2
[08:30:13] Fixed 2 duplicate /gene - relA_1 relA_2
[08:30:13] Fixed 2 duplicate /gene - corA_1 corA_2
[08:30:13] Fixed 2 duplicate /gene - mreB_1 mreB_2
[08:30:13] Fixed 3 duplicate /gene - epsF_1 epsF_2 epsF_3
[08:30:13] Fixed 2 duplicate /gene - adk_1 adk_2
[08:30:13] Fixed 2 duplicate /gene - serS_1 serS_2
[08:30:13] Fixed 3 duplicate /gene - ftsA_1 ftsA_2 ftsA_3
[08:30:13] Fixed 10 colliding /gene names.
[08:30:13] Adding /locus_tag identifiers
[08:30:13] Assigned 582 locus_tags to CDS and RNA features.
[08:30:13] Writing outputs to ../../Data/Chen_Analysis/Prokka/Bacteria/GOMC.bin.13001/
[08:30:13] Generating annotation statistics file
[08:30:13] Generating Genbank and Sequin files
[08:30:13] Running: tbl2asn -V b -a r10k -l paired-ends -M n -N 1 -y 'Annotated using prokka 1.14.6 from https://github.com/tseemann/prokka' -Z \.\.\/\.\.\/Data\/Chen_Analysis\/Prokka\/Bacteria\/GOMC\.bin\.13001\/GOMC\.bin\.13001\.err -i \.\.\/\.\.\/Data\/Chen_Analysis\/Prokka\/Bacteria\/GOMC\.bin\.13001\/GOMC\.bin\.13001\.fsa 2> /dev/null
[08:30:13] Deleting unwanted file: ../../Data/Chen_Analysis/Prokka/Bacteria/GOMC.bin.13001/errorsummary.val
[08:30:13] Deleting unwanted file: ../../Data/Chen_Analysis/Prokka/Bacteria/GOMC.bin.13001/GOMC.bin.13001.dr
[08:30:13] Deleting unwanted file: ../../Data/Chen_Analysis/Prokka/Bacteria/GOMC.bin.13001/GOMC.bin.13001.fixedproducts
[08:30:13] Deleting unwanted file: ../../Data/Chen_Analysis/Prokka/Bacteria/GOMC.bin.13001/GOMC.bin.13001.ecn
[08:30:13] Deleting unwanted file: ../../Data/Chen_Analysis/Prokka/Bacteria/GOMC.bin.13001/GOMC.bin.13001.val
[08:30:13] Repairing broken .GBK output that tbl2asn produces...
[08:30:13] Running: sed 's/COORDINATES: profile/COORDINATES:profile/' < \.\.\/\.\.\/Data\/Chen_Analysis\/Prokka\/Bacteria\/GOMC\.bin\.13001\/GOMC\.bin\.13001\.gbf > \.\.\/\.\.\/Data\/Chen_Analysis\/Prokka\/Bacteria\/GOMC\.bin\.13001\/GOMC\.bin\.13001\.gbk
[08:30:13] Deleting unwanted file: ../../Data/Chen_Analysis/Prokka/Bacteria/GOMC.bin.13001/GOMC.bin.13001.gbf
[08:30:13] Output files:
[08:30:13] ../../Data/Chen_Analysis/Prokka/Bacteria/GOMC.bin.13001/GOMC.bin.13001.txt
[08:30:13] ../../Data/Chen_Analysis/Prokka/Bacteria/GOMC.bin.13001/GOMC.bin.13001.faa
[08:30:13] ../../Data/Chen_Analysis/Prokka/Bacteria/GOMC.bin.13001/GOMC.bin.13001.tbl
[08:30:13] ../../Data/Chen_Analysis/Prokka/Bacteria/GOMC.bin.13001/GOMC.bin.13001.sqn
[08:30:13] ../../Data/Chen_Analysis/Prokka/Bacteria/GOMC.bin.13001/GOMC.bin.13001.fsa
[08:30:13] ../../Data/Chen_Analysis/Prokka/Bacteria/GOMC.bin.13001/GOMC.bin.13001.err
[08:30:13] ../../Data/Chen_Analysis/Prokka/Bacteria/GOMC.bin.13001/GOMC.bin.13001.fna
[08:30:13] ../../Data/Chen_Analysis/Prokka/Bacteria/GOMC.bin.13001/GOMC.bin.13001.gff
[08:30:13] ../../Data/Chen_Analysis/Prokka/Bacteria/GOMC.bin.13001/GOMC.bin.13001.gbk
[08:30:13] ../../Data/Chen_Analysis/Prokka/Bacteria/GOMC.bin.13001/GOMC.bin.13001.log
[08:30:13] ../../Data/Chen_Analysis/Prokka/Bacteria/GOMC.bin.13001/GOMC.bin.13001.tsv
[08:30:13] ../../Data/Chen_Analysis/Prokka/Bacteria/GOMC.bin.13001/GOMC.bin.13001.ffn
[08:30:13] Annotation finished successfully.
[08:30:13] Walltime used: 0.25 minutes
[08:30:13] If you use this result please cite the Prokka paper:
[08:30:13] Seemann T (2014) Prokka: rapid prokaryotic genome annotation. Bioinformatics. 30(14):2068-9.
[08:30:13] Type 'prokka --citation' for more details.
[08:30:13] Share and enjoy!
