[09:36:55] This is prokka 1.14.6
[09:36:55] Written by Torsten Seemann <torsten.seemann@gmail.com>
[09:36:55] Homepage is https://github.com/tseemann/prokka
[09:36:55] Local time is Mon Dec  1 09:36:55 2025
[09:36:55] You are joao_facio
[09:36:55] Operating system is linux
[09:36:55] You have BioPerl 1.7.8
[09:36:55] System has 12 cores.
[09:36:55] Will use maximum of 4 cores.
[09:36:55] Annotating as >>> Bacteria <<<
[09:36:55] Generating locus_tag from '/tmp/tmp6gns85ah/GOMC.bin.3156.fa' contents.
[09:36:55] Setting --locustag EJCGAEHK from MD5 e3c0ae14177b62f0677b6c42213cbad4
[09:36:55] Creating new output folder: ../../Data/Chen_Analysis/Prokka/Bacteria/GOMC.bin.3156
[09:36:55] Running: mkdir -p \.\.\/\.\.\/Data\/Chen_Analysis\/Prokka\/Bacteria\/GOMC\.bin\.3156
[09:36:55] Using filename prefix: GOMC.bin.3156.XXX
[09:36:55] Setting HMMER_NCPU=1
[09:36:55] Writing log to: ../../Data/Chen_Analysis/Prokka/Bacteria/GOMC.bin.3156/GOMC.bin.3156.log
[09:36:55] Command: /home/joao_facio/miniconda3/envs/prokka/bin/prokka --outdir ../../Data/Chen_Analysis/Prokka/Bacteria/GOMC.bin.3156 --prefix GOMC.bin.3156 --kingdom Bacteria --genus 4484-232 --strain GOMC.bin.3156 --cpus 4 --force /tmp/tmp6gns85ah/GOMC.bin.3156.fa
[09:36:55] Appending to PATH: /home/joao_facio/miniconda3/envs/prokka/bin
[09:36:55] Looking for 'aragorn' - found /home/joao_facio/miniconda3/envs/prokka/bin/aragorn
[09:36:55] Determined aragorn version is 001002 from 'ARAGORN v1.2.41 Dean Laslett'
[09:36:55] Looking for 'barrnap' - found /home/joao_facio/miniconda3/envs/prokka/bin/barrnap
[09:36:55] Determined barrnap version is 000009 from 'barrnap 0.9'
[09:36:55] Looking for 'blastp' - found /home/joao_facio/miniconda3/envs/prokka/bin/blastp
[09:36:55] Determined blastp version is 002016 from 'blastp: 2.16.0+'
[09:36:55] Looking for 'cmpress' - found /home/joao_facio/miniconda3/envs/prokka/bin/cmpress
[09:36:55] Determined cmpress version is 001001 from '# INFERNAL 1.1.5 (Sep 2023)'
[09:36:55] Looking for 'cmscan' - found /home/joao_facio/miniconda3/envs/prokka/bin/cmscan
[09:36:55] Determined cmscan version is 001001 from '# INFERNAL 1.1.5 (Sep 2023)'
[09:36:55] Looking for 'egrep' - found /usr/bin/egrep
[09:36:55] Looking for 'find' - found /usr/bin/find
[09:36:55] Looking for 'grep' - found /usr/bin/grep
[09:36:55] Looking for 'hmmpress' - found /home/joao_facio/miniconda3/envs/prokka/bin/hmmpress
[09:36:55] Determined hmmpress version is 003004 from '# HMMER 3.4 (Aug 2023); http://hmmer.org/'
[09:36:55] Looking for 'hmmscan' - found /home/joao_facio/miniconda3/envs/prokka/bin/hmmscan
[09:36:55] Determined hmmscan version is 003004 from '# HMMER 3.4 (Aug 2023); http://hmmer.org/'
[09:36:55] Looking for 'java' - found /home/joao_facio/miniconda3/envs/prokka/bin/java
[09:36:55] Looking for 'makeblastdb' - found /home/joao_facio/miniconda3/envs/prokka/bin/makeblastdb
[09:36:55] Determined makeblastdb version is 002016 from 'makeblastdb: 2.16.0+'
[09:36:55] Looking for 'minced' - found /home/joao_facio/miniconda3/envs/prokka/bin/minced
[09:36:55] Determined minced version is 004002 from 'minced 0.4.2'
[09:36:55] Looking for 'parallel' - found /home/joao_facio/miniconda3/envs/prokka/bin/parallel
[09:36:55] Determined parallel version is 20251122 from 'GNU parallel 20251122'
[09:36:55] Looking for 'prodigal' - found /home/joao_facio/miniconda3/envs/prokka/bin/prodigal
[09:36:55] Determined prodigal version is 002006 from 'Prodigal V2.6.3: February, 2016'
[09:36:55] Looking for 'prokka-genbank_to_fasta_db' - found /home/joao_facio/miniconda3/envs/prokka/bin/prokka-genbank_to_fasta_db
[09:36:55] Looking for 'sed' - found /usr/bin/sed
[09:36:55] Looking for 'tbl2asn' - found /home/joao_facio/miniconda3/envs/prokka/bin/tbl2asn
[09:36:55] Determined tbl2asn version is 025007 from 'tbl2asn 25.7   arguments:'
[09:36:55] Using genetic code table 11.
[09:36:55] Loading and checking input file: /tmp/tmp6gns85ah/GOMC.bin.3156.fa
[09:36:55] Wrote 328 contigs totalling 1709230 bp.
[09:36:55] Predicting tRNAs and tmRNAs
[09:36:55] Running: aragorn -l -gc11  -w \.\.\/\.\.\/Data\/Chen_Analysis\/Prokka\/Bacteria\/GOMC\.bin\.3156\/GOMC\.bin\.3156\.fna
[09:36:55] 1 tRNA-Val c[8678,8752] 33 (gac)
[09:36:55] 1 tRNA-Ser [2494,2581] 34 (cga)
[09:36:55] 1 tRNA-Met [291,366] 34 (cat)
[09:36:55] 1 tRNA-Ala [2684,2759] 34 (cgc)
[09:36:55] 1 tRNA-Asp c[2696,2773] 36 (gtc)
[09:36:55] 1 tmRNA [5369,5725] 91,123 ANEPVALAA**
[09:36:55] 1 tRNA-Gln [7167,7240] 33 (ctg)
[09:36:55] 1 tRNA-Ser c[2262,2352] 35 (gga)
[09:36:55] 1 tRNA-Gln [162,235] 33 (ttg)
[09:36:55] 1 tRNA-Trp c[4055,4130] 34 (cca)
[09:36:55] 2 tRNA-Tyr c[4322,4408] 35 (gta)
[09:36:55] 3 tRNA-Thr c[4419,4494] 34 (tgt)
[09:36:55] 1 tRNA-Thr [61,136] 34 (cgt)
[09:36:55] 1 tRNA-Ser [25,114] 35 (gct)
[09:36:55] 2 tRNA-Arg [128,204] 35 (gcg)
[09:36:55] 1 tRNA-Val [4467,4541] 33 (tac)
[09:36:55] 2 tRNA-Phe [4550,4625] 34 (gaa)
[09:36:55] 1 tRNA-Lys [65,140] 34 (ttt)
[09:36:55] 2 tRNA-Leu [146,233] 35 (tag)
[09:36:55] 3 tRNA-Gly [240,314] 33 (gcc)
[09:36:55] 1 tRNA-Gly [33,107] 33 (ccc)
[09:36:55] Found 21 tRNAs
[09:36:55] Predicting Ribosomal RNAs
[09:36:55] Running Barrnap with 4 threads
[09:36:56] Found 0 rRNAs
[09:36:56] Skipping ncRNA search, enable with --rfam if desired.
[09:36:56] Total of 20 tRNA + rRNA features
[09:36:56] Searching for CRISPR repeats
[09:36:56] CRISPR1 SRR7051285_k53_361616_1 4623 with 5 spacers
[09:36:56] Found 1 CRISPRs
[09:36:56] Predicting coding sequences
[09:36:56] Contigs total 1709230 bp, so using single mode
[09:36:56] Running: prodigal -i \.\.\/\.\.\/Data\/Chen_Analysis\/Prokka\/Bacteria\/GOMC\.bin\.3156\/GOMC\.bin\.3156\.fna -c -m -g 11 -p single -f sco -q
[09:36:57] Excluding CDS which overlaps existing RNA (tRNA) at SRR7051285_k53_5511_1:8091..8699 on + strand
[09:36:57] Excluding CDS which overlaps existing RNA (tRNA) at SRR7051285_k53_193885_1:7056..7241 on - strand
[09:36:57] Excluding CDS which overlaps existing RNA (tRNA) at SRR7051285_k53_284347_1:139..1053 on - strand
[09:36:57] Found 1641 CDS
[09:36:57] Connecting features back to sequences
[09:36:57] Not using genus-specific database. Try --usegenus to enable it.
[09:36:57] Annotating CDS, please be patient.
[09:36:57] Will use 4 CPUs for similarity searching.
[09:36:57] There are still 1641 unannotated CDS left (started with 1641)
[09:36:57] Will use blast to search against /home/joao_facio/miniconda3/envs/prokka/db/kingdom/Bacteria/IS with 4 CPUs
[09:36:57] Running: cat \.\.\/\.\.\/Data\/Chen_Analysis\/Prokka\/Bacteria\/GOMC\.bin\.3156\/GOMC\.bin\.3156\.IS\.tmp\.3391361\.faa | parallel --gnu --plain -j 4 --block 61344 --recstart '>' --pipe blastp -query - -db /home/joao_facio/miniconda3/envs/prokka/db/kingdom/Bacteria/IS -evalue 1e-30 -qcov_hsp_perc 90 -num_threads 1 -num_descriptions 1 -num_alignments 1 -seg no > \.\.\/\.\.\/Data\/Chen_Analysis\/Prokka\/Bacteria\/GOMC\.bin\.3156\/GOMC\.bin\.3156\.IS\.tmp\.3391361\.blast 2> /dev/null
[09:37:02] Deleting unwanted file: ../../Data/Chen_Analysis/Prokka/Bacteria/GOMC.bin.3156/GOMC.bin.3156.IS.tmp.3391361.faa
[09:37:02] Deleting unwanted file: ../../Data/Chen_Analysis/Prokka/Bacteria/GOMC.bin.3156/GOMC.bin.3156.IS.tmp.3391361.blast
[09:37:02] There are still 1640 unannotated CDS left (started with 1641)
[09:37:02] Will use blast to search against /home/joao_facio/miniconda3/envs/prokka/db/kingdom/Bacteria/AMR with 4 CPUs
[09:37:02] Running: cat \.\.\/\.\.\/Data\/Chen_Analysis\/Prokka\/Bacteria\/GOMC\.bin\.3156\/GOMC\.bin\.3156\.AMR\.tmp\.3391361\.faa | parallel --gnu --plain -j 4 --block 61292 --recstart '>' --pipe blastp -query - -db /home/joao_facio/miniconda3/envs/prokka/db/kingdom/Bacteria/AMR -evalue 1e-300 -qcov_hsp_perc 90 -num_threads 1 -num_descriptions 1 -num_alignments 1 -seg no > \.\.\/\.\.\/Data\/Chen_Analysis\/Prokka\/Bacteria\/GOMC\.bin\.3156\/GOMC\.bin\.3156\.AMR\.tmp\.3391361\.blast 2> /dev/null
[09:37:06] Deleting unwanted file: ../../Data/Chen_Analysis/Prokka/Bacteria/GOMC.bin.3156/GOMC.bin.3156.AMR.tmp.3391361.faa
[09:37:06] Deleting unwanted file: ../../Data/Chen_Analysis/Prokka/Bacteria/GOMC.bin.3156/GOMC.bin.3156.AMR.tmp.3391361.blast
[09:37:06] There are still 1640 unannotated CDS left (started with 1641)
[09:37:06] Will use blast to search against /home/joao_facio/miniconda3/envs/prokka/db/kingdom/Bacteria/sprot with 4 CPUs
[09:37:06] Running: cat \.\.\/\.\.\/Data\/Chen_Analysis\/Prokka\/Bacteria\/GOMC\.bin\.3156\/GOMC\.bin\.3156\.sprot\.tmp\.3391361\.faa | parallel --gnu --plain -j 4 --block 61292 --recstart '>' --pipe blastp -query - -db /home/joao_facio/miniconda3/envs/prokka/db/kingdom/Bacteria/sprot -evalue 1e-09 -qcov_hsp_perc 80 -num_threads 1 -num_descriptions 1 -num_alignments 1 -seg no > \.\.\/\.\.\/Data\/Chen_Analysis\/Prokka\/Bacteria\/GOMC\.bin\.3156\/GOMC\.bin\.3156\.sprot\.tmp\.3391361\.blast 2> /dev/null
[09:37:28] Modify product: Probable mannose-6-phosphate isomerase GmuF => putative mannose-6-phosphate isomerase GmuF
[09:37:28] Modify product: UPF0309 protein BH3325 => hypothetical protein
[09:37:28] Modify product: UPF0701 protein HI_0467 => hypothetical protein
[09:37:28] Modify product: Putative zinc metalloprotease aq_1964 => Putative zinc metalloprotease
[09:37:28] Modify product: 1,4-alpha-glucan branching enzyme TTHA1902 => 1,4-alpha-glucan branching enzyme
[09:37:28] Modify product: Putative HTH-type transcriptional regulator Rv1287 => Putative HTH-type transcriptional regulator
[09:37:29] Modify product: Probable CtpA-like serine protease => putative CtpA-like serine protease
[09:37:29] Modify product: Probable transcription repressor NiaR => putative transcription repressor NiaR
[09:37:29] Modify product: Probable butyrate:acetyl-CoA coenzyme A-transferase => putative butyrate:acetyl-CoA coenzyme A-transferase
[09:37:29] Modify product: Putative anti-sigma factor antagonist TM_1081 => Putative anti-sigma factor antagonist
[09:37:29] Modify product: Putative anti-sigma factor antagonist TM_1081 => Putative anti-sigma factor antagonist
[09:37:29] Modify product: Probable septum site-determining protein MinC => putative septum site-determining protein MinC
[09:37:29] Modify product: Probable transcriptional regulatory protein aq_1575 => putative transcriptional regulatory protein
[09:37:29] Modify product: Probable GTP-binding protein EngB => putative GTP-binding protein EngB
[09:37:29] Modify product: Fatty acid-binding protein TM_1468 => Fatty acid-binding protein
[09:37:29] Modify product: Probable peptidoglycan glycosyltransferase FtsW => putative peptidoglycan glycosyltransferase FtsW
[09:37:29] Modify product: Probable D,D-dipeptide-binding periplasmic protein DdpA => putative D,D-dipeptide-binding periplasmic protein DdpA
[09:37:29] Modify product: Probable HTH-type transcriptional repressor ExuR => putative HTH-type transcriptional repressor ExuR
[09:37:29] Modify product: Glycogen operon protein GlgX homolog => Glycogen operon protein GlgX 
[09:37:29] Modify product: Phosphate-specific transport system accessory protein PhoU homolog 2 => Phosphate-specific transport system accessory protein PhoU 
[09:37:29] Modify product: Cyclic di-GMP phosphodiesterase TM_0186 => Cyclic di-GMP phosphodiesterase
[09:37:29] Modify product: UPF0758 protein CT0611 => hypothetical protein
[09:37:29] Modify product: Probable cell division protein WhiA => putative cell division protein WhiA
[09:37:29] Modify product: Uncharacterized ABC transporter ATP-binding protein TM_0288 => putative ABC transporter ATP-binding protein
[09:37:29] Modify product: Probable riboflavin import permease protein RfuD => putative riboflavin import permease protein RfuD
[09:37:29] Modify product: Uncharacterized protein TM_1570 => putative protein
[09:37:29] Modify product: Probable arabinose-binding protein => putative arabinose-binding protein
[09:37:29] Modify product: Bifunctional protein FolD => Bifunctional protein FolD protein
[09:37:29] Modify product: Probable ABC transporter permease protein HI_1471 => putative ABC transporter permease protein
[09:37:29] Modify product: Probable 2-phosphosulfolactate phosphatase => putative 2-phosphosulfolactate phosphatase
[09:37:29] Modify product: Uncharacterized membrane protein YdfK => putative membrane protein YdfK
[09:37:29] Modify product: Multidrug efflux system ATP-binding protein Rv1218c => Multidrug efflux system ATP-binding protein
[09:37:29] Modify product: Fatty acid-binding protein TM_1468 => Fatty acid-binding protein
[09:37:29] Modify product: Rqc2 homolog RqcH => Rqc2 RqcH
[09:37:29] Modify product: Probable M18 family aminopeptidase 1 => putative M18 family aminopeptidase 1
[09:37:29] Modify product: Putative anti-sigma factor antagonist TM_1442 => Putative anti-sigma factor antagonist
[09:37:29] Modify product: Uncharacterized protein YqeH => putative protein YqeH
[09:37:29] Modify product: Solute-binding protein Bamb_6123 => Solute-binding protein
[09:37:29] Modify product: Probable ABC transporter-binding protein DR_1438 => putative ABC transporter-binding protein
[09:37:29] Modify product: Probable 2-dehydro-3-deoxy-D-pentonate aldolase YjhH => putative 2-dehydro-3-deoxy-D-pentonate aldolase YjhH
[09:37:29] Modify product: Uncharacterized transporter Rv2685 => putative transporter
[09:37:29] Modify product: Uncharacterized protein SA1069 => putative protein
[09:37:29] Modify product: Uncharacterized ABC transporter ATP-binding protein YknY => putative ABC transporter ATP-binding protein YknY
[09:37:29] Modify product: UPF0047 protein Rv2556c => hypothetical protein
[09:37:29] Modify product: Probable endonuclease 4 => putative endonuclease 4
[09:37:29] Modify product: Leu/Ile/Val-binding protein homolog 3 => Leu/Ile/Val-binding protein 
[09:37:29] Modify product: Probable D-lyxose ketol-isomerase => putative D-lyxose ketol-isomerase
[09:37:29] Modify product: Probable branched-chain-amino-acid aminotransferase => putative branched-chain-amino-acid aminotransferase
[09:37:29] Modify product: Probable amino-acid import ATP-binding protein YxeO => putative amino-acid import ATP-binding protein YxeO
[09:37:29] Modify product: Uncharacterized protein YqeY => putative protein YqeY
[09:37:29] Modify product: Transcriptional repressor SmtB homolog => Transcriptional repressor SmtB 
[09:37:29] Modify product: Probable tRNA sulfurtransferase => putative tRNA sulfurtransferase
[09:37:29] Modify product: Probable N-glycosylase/DNA lyase => putative N-glycosylase/DNA lyase
[09:37:29] Modify product: Probable glycine dehydrogenase (decarboxylating) subunit 2 => putative glycine dehydrogenase (decarboxylating) subunit 2
[09:37:29] Modify product: UPF0053 protein Rv2366c => hypothetical protein
[09:37:29] Modify product: Putative 2-hydroxyacid dehydrogenase HI_1556 => Putative 2-hydroxyacid dehydrogenase
[09:37:29] Modify product: Uncharacterized transporter Rv2685 => putative transporter
[09:37:29] Modify product: Probable membrane transporter protein YfcA => putative membrane transporter protein YfcA
[09:37:29] Modify product: UPF0111 protein HI_1603 => hypothetical protein
[09:37:29] Modify product: Uncharacterized ABC transporter ATP-binding protein HI_1470 => putative ABC transporter ATP-binding protein
[09:37:29] Modify product: Probable dual-specificity RNA methyltransferase RlmN => putative dual-specificity RNA methyltransferase RlmN
[09:37:29] Modify product: Uncharacterized ABC transporter ATP-binding protein Rv0986 => putative ABC transporter ATP-binding protein
[09:37:29] Modify product: Probable DNA double-strand break repair Rad50 ATPase => putative DNA double-strand break repair Rad50 ATPase
[09:37:29] Modify product: Probable NADH oxidase => putative NADH oxidase
[09:37:29] Modify product: Probable ABC transporter-binding protein DR_1438 => putative ABC transporter-binding protein
[09:37:29] Modify product: Putative glutamine amidotransferase Rv2859c => Putative glutamine amidotransferase
[09:37:29] Modify product: Uncharacterized protein YgcP => putative protein YgcP
[09:37:29] Modify product: Probable undecaprenyl-phosphate N-acetylglucosaminyl 1-phosphate transferase => putative undecaprenyl-phosphate N-acetylglucosaminyl 1-phosphate transferase
[09:37:29] Modify product: UPF0051 protein SA0778 => hypothetical protein
[09:37:29] Modify product: Uncharacterized HTH-type transcriptional regulator YdjF => putative HTH-type transcriptional regulator YdjF
[09:37:29] Modify product: Uncharacterized FAD-linked oxidoreductase Rv2280 => putative FAD-linked oxidoreductase
[09:37:29] Modify product: Uncharacterized NTE family protein Rv1063c => putative NTE family protein
[09:37:29] Modify product: Probable xanthine dehydrogenase subunit D => putative xanthine dehydrogenase subunit D
[09:37:29] Modify product: Uncharacterized protein Rv1488 => putative protein
[09:37:29] Modify product: Uncharacterized oxidoreductase YdhV => putative oxidoreductase YdhV
[09:37:29] Modify product: UPF0102 protein RPA0323 => hypothetical protein
[09:37:29] Modify product: Dihydroorotate dehydrogenase B (NAD(+)), electron transfer subunit homolog => Dihydroorotate dehydrogenase B (NAD(+)), electron transfer subunit 
[09:37:29] Modify product: UPF0098 protein CT_736 => hypothetical protein
[09:37:29] Modify product: Probable riboflavin import permease protein RfuC => putative riboflavin import permease protein RfuC
[09:37:29] Modify product: Purine-binding protein BAB2_0673 => Purine-binding protein
[09:37:29] Modify product: Uncharacterized protein HI_0131 => putative protein
[09:37:29] Modify product: Cyclic di-GMP phosphodiesterase TM_0186 => Cyclic di-GMP phosphodiesterase
[09:37:29] Modify product: Nucleoid-associated protein Cthe_2143 => Nucleoid-associated protein
[09:37:29] Modify product: Uncharacterized protein Rv1829 => putative protein
[09:37:29] Modify product: UPF0145 protein BCE33L0904 => hypothetical protein
[09:37:29] Modify product: Probable multidrug resistance ABC transporter ATP-binding/permease protein YheI => putative multidrug resistance ABC transporter ATP-binding/permease protein YheI
[09:37:29] Modify product: Uncharacterized transporter Rv2685 => putative transporter
[09:37:29] Modify product: Phosphorylated carbohydrates phosphatase TM_1254 => Phosphorylated carbohydrates phosphatase
[09:37:29] Modify product: Uncharacterized protein HI_0131 => putative protein
[09:37:29] Modify product: Uncharacterized zinc protease Rv2782c => putative zinc protease
[09:37:29] Modify product: Probable butyrate kinase 2 => putative butyrate kinase 2
[09:37:29] Modify product: Probable butyrate kinase 2 => putative butyrate kinase 2
[09:37:29] Cleaned 92 /product names
[09:37:29] Deleting unwanted file: ../../Data/Chen_Analysis/Prokka/Bacteria/GOMC.bin.3156/GOMC.bin.3156.sprot.tmp.3391361.faa
[09:37:29] Deleting unwanted file: ../../Data/Chen_Analysis/Prokka/Bacteria/GOMC.bin.3156/GOMC.bin.3156.sprot.tmp.3391361.blast
[09:37:29] There are still 734 unannotated CDS left (started with 1641)
[09:37:29] Will use hmmer3 to search against /home/joao_facio/miniconda3/envs/prokka/db/hmm/HAMAP.hmm with 4 CPUs
[09:37:29] Running: cat \.\.\/\.\.\/Data\/Chen_Analysis\/Prokka\/Bacteria\/GOMC\.bin\.3156\/GOMC\.bin\.3156\.HAMAP\.hmm\.tmp\.3391361\.faa | parallel --gnu --plain -j 4 --block 25465 --recstart '>' --pipe hmmscan --noali --notextw --acc -E 1e-09 --cpu 1 /home/joao_facio/miniconda3/envs/prokka/db/hmm/HAMAP.hmm /dev/stdin > \.\.\/\.\.\/Data\/Chen_Analysis\/Prokka\/Bacteria\/GOMC\.bin\.3156\/GOMC\.bin\.3156\.HAMAP\.hmm\.tmp\.3391361\.hmmer3 2> /dev/null
[09:37:34] Deleting unwanted file: ../../Data/Chen_Analysis/Prokka/Bacteria/GOMC.bin.3156/GOMC.bin.3156.HAMAP.hmm.tmp.3391361.faa
[09:37:34] Deleting unwanted file: ../../Data/Chen_Analysis/Prokka/Bacteria/GOMC.bin.3156/GOMC.bin.3156.HAMAP.hmm.tmp.3391361.hmmer3
[09:37:34] Labelling remaining 607 proteins as 'hypothetical protein'
[09:37:34] Possible /pseudo 'Ribosomal RNA small subunit methyltransferase A' at SRR7051285_k53_377_1 position 6171
[09:37:34] Possible /pseudo 'Putative anti-sigma factor antagonist' at SRR7051285_k53_16581_1 position 5115
[09:37:34] Possible /pseudo 'Flagellar basal-body rod protein FlgG' at SRR7051285_k53_75558_1 position 5288
[09:37:34] Possible /pseudo 'Glucose-1-phosphate adenylyltransferase' at SRR7051285_k53_78389_1 position 9597
[09:37:34] Possible /pseudo 'Oligosaccharides import ATP-binding protein MsmX' at SRR7051285_k53_409330_1 position 2977
[09:37:34] Possible /pseudo 'Bifunctional PGK/TIM' at SRR7051285_k53_791150_1 position 3404
[09:37:34] Found 773 unique /gene codes.
[09:37:34] Fixed 2 duplicate /gene - nadE_1 nadE_2
[09:37:34] Fixed 5 duplicate /gene - nagC_1 nagC_2 nagC_3 nagC_4 nagC_5
[09:37:34] Fixed 3 duplicate /gene - rny_1 rny_2 rny_3
[09:37:34] Fixed 2 duplicate /gene - atpH_1 atpH_2
[09:37:34] Fixed 2 duplicate /gene - miaB_1 miaB_2
[09:37:34] Fixed 2 duplicate /gene - lsrB_1 lsrB_2
[09:37:34] Fixed 2 duplicate /gene - flgG_1 flgG_2
[09:37:34] Fixed 2 duplicate /gene - dapE_1 dapE_2
[09:37:34] Fixed 2 duplicate /gene - queE_1 queE_2
[09:37:34] Fixed 2 duplicate /gene - rbsK_1 rbsK_2
[09:37:34] Fixed 2 duplicate /gene - rsxB_1 rsxB_2
[09:37:34] Fixed 5 duplicate /gene - iolG_1 iolG_2 iolG_3 iolG_4 iolG_5
[09:37:34] Fixed 4 duplicate /gene - lnrL_1 lnrL_2 lnrL_3 lnrL_4
[09:37:34] Fixed 2 duplicate /gene - ftsA_1 ftsA_2
[09:37:34] Fixed 5 duplicate /gene - xylB_1 xylB_2 xylB_3 xylB_4 xylB_5
[09:37:34] Fixed 2 duplicate /gene - pilQ_1 pilQ_2
[09:37:34] Fixed 2 duplicate /gene - mnmE_1 mnmE_2
[09:37:34] Fixed 2 duplicate /gene - sugA_1 sugA_2
[09:37:34] Fixed 2 duplicate /gene - csp_1 csp_2
[09:37:34] Fixed 2 duplicate /gene - buk2_1 buk2_2
[09:37:34] Fixed 4 duplicate /gene - dppB_1 dppB_2 dppB_3 dppB_4
[09:37:34] Fixed 2 duplicate /gene - ycjP_1 ycjP_2
[09:37:34] Fixed 2 duplicate /gene - glmS_1 glmS_2
[09:37:34] Fixed 2 duplicate /gene - pgk/tpi_1 pgk/tpi_2
[09:37:34] Fixed 2 duplicate /gene - kipR_1 kipR_2
[09:37:34] Fixed 2 duplicate /gene - dapA_1 dapA_2
[09:37:34] Fixed 10 duplicate /gene - oppD_1 oppD_2 oppD_3 oppD_4 oppD_5 oppD_6 oppD_7 oppD_8 oppD_9 oppD_10
[09:37:34] Fixed 2 duplicate /gene - ndhB_1 ndhB_2
[09:37:34] Fixed 4 duplicate /gene - smc_1 smc_2 smc_3 smc_4
[09:37:34] Fixed 4 duplicate /gene - lacF_1 lacF_2 lacF_3 lacF_4
[09:37:34] Fixed 2 duplicate /gene - galT_1 galT_2
[09:37:34] Fixed 2 duplicate /gene - xylA_1 xylA_2
[09:37:34] Fixed 3 duplicate /gene - ade_1 ade_2 ade_3
[09:37:34] Fixed 2 duplicate /gene - aglA_1 aglA_2
[09:37:34] Fixed 3 duplicate /gene - sugB_1 sugB_2 sugB_3
[09:37:34] Fixed 2 duplicate /gene - dppC_1 dppC_2
[09:37:34] Fixed 2 duplicate /gene - spoIIAB_1 spoIIAB_2
[09:37:34] Fixed 2 duplicate /gene - puuR_1 puuR_2
[09:37:34] Fixed 2 duplicate /gene - rsmA_1 rsmA_2
[09:37:34] Fixed 2 duplicate /gene - dppA_1 dppA_2
[09:37:34] Fixed 2 duplicate /gene - yidA_1 yidA_2
[09:37:34] Fixed 2 duplicate /gene - araR_1 araR_2
[09:37:34] Fixed 2 duplicate /gene - dapH_1 dapH_2
[09:37:34] Fixed 2 duplicate /gene - nagR_1 nagR_2
[09:37:34] Fixed 3 duplicate /gene - melD_1 melD_2 melD_3
[09:37:34] Fixed 2 duplicate /gene - punA_1 punA_2
[09:37:34] Fixed 3 duplicate /gene - livH_1 livH_2 livH_3
[09:37:34] Fixed 2 duplicate /gene - tmpC_1 tmpC_2
[09:37:34] Fixed 2 duplicate /gene - bamB_1 bamB_2
[09:37:34] Fixed 3 duplicate /gene - ysdC_1 ysdC_2 ysdC_3
[09:37:34] Fixed 2 duplicate /gene - mglA_1 mglA_2
[09:37:34] Fixed 4 duplicate /gene - araQ_1 araQ_2 araQ_3 araQ_4
[09:37:34] Fixed 2 duplicate /gene - ribX_1 ribX_2
[09:37:34] Fixed 3 duplicate /gene - sasA_1 sasA_2 sasA_3
[09:37:34] Fixed 2 duplicate /gene - betI_1 betI_2
[09:37:34] Fixed 2 duplicate /gene - pfp_1 pfp_2
[09:37:34] Fixed 2 duplicate /gene - IMPDH_1 IMPDH_2
[09:37:34] Fixed 3 duplicate /gene - ngcG_1 ngcG_2 ngcG_3
[09:37:34] Fixed 2 duplicate /gene - glnQ_1 glnQ_2
[09:37:34] Fixed 5 duplicate /gene - gsiC_1 gsiC_2 gsiC_3 gsiC_4 gsiC_5
[09:37:34] Fixed 2 duplicate /gene - hndA_1 hndA_2
[09:37:34] Fixed 4 duplicate /gene - ndhI_1 ndhI_2 ndhI_3 ndhI_4
[09:37:34] Fixed 4 duplicate /gene - dasC_1 dasC_2 dasC_3 dasC_4
[09:37:34] Fixed 2 duplicate /gene - hndC_1 hndC_2
[09:37:34] Fixed 3 duplicate /gene - cheW_1 cheW_2 cheW_3
[09:37:34] Fixed 2 duplicate /gene - nfo_1 nfo_2
[09:37:34] Fixed 6 duplicate /gene - rbsC_1 rbsC_2 rbsC_3 rbsC_4 rbsC_5 rbsC_6
[09:37:34] Fixed 3 duplicate /gene - mcp2_1 mcp2_2 mcp2_3
[09:37:34] Fixed 10 duplicate /gene - oppF_1 oppF_2 oppF_3 oppF_4 oppF_5 oppF_6 oppF_7 oppF_8 oppF_9 oppF_10
[09:37:34] Fixed 2 duplicate /gene - acpP_1 acpP_2
[09:37:34] Fixed 2 duplicate /gene - murK_1 murK_2
[09:37:34] Fixed 5 duplicate /gene - rbsA_1 rbsA_2 rbsA_3 rbsA_4 rbsA_5
[09:37:34] Fixed 2 duplicate /gene - cheY_1 cheY_2
[09:37:34] Fixed 2 duplicate /gene - tdh_1 tdh_2
[09:37:34] Fixed 3 duplicate /gene - moaA_1 moaA_2 moaA_3
[09:37:34] Fixed 2 duplicate /gene - kefC_1 kefC_2
[09:37:34] Fixed 2 duplicate /gene - glpK_1 glpK_2
[09:37:34] Fixed 3 duplicate /gene - cheB_1 cheB_2 cheB_3
[09:37:34] Fixed 5 duplicate /gene - btuD_1 btuD_2 btuD_3 btuD_4 btuD_5
[09:37:34] Fixed 2 duplicate /gene - fusA_1 fusA_2
[09:37:34] Fixed 2 duplicate /gene - mreB_1 mreB_2
[09:37:34] Fixed 2 duplicate /gene - pta_1 pta_2
[09:37:34] Fixed 5 duplicate /gene - msmX_1 msmX_2 msmX_3 msmX_4 msmX_5
[09:37:34] Fixed 4 duplicate /gene - rbsB_1 rbsB_2 rbsB_3 rbsB_4
[09:37:34] Fixed 2 duplicate /gene - hrb_1 hrb_2
[09:37:34] Fixed 4 duplicate /gene - lptB_1 lptB_2 lptB_3 lptB_4
[09:37:34] Fixed 2 duplicate /gene - glgC_1 glgC_2
[09:37:34] Fixed 2 duplicate /gene - rnj_1 rnj_2
[09:37:34] Fixed 3 duplicate /gene - livF_1 livF_2 livF_3
[09:37:34] Fixed 2 duplicate /gene - larA_1 larA_2
[09:37:34] Fixed 2 duplicate /gene - alsC_1 alsC_2
[09:37:34] Fixed 4 duplicate /gene - gsiD_1 gsiD_2 gsiD_3 gsiD_4
[09:37:34] Fixed 92 colliding /gene names.
[09:37:34] Adding /locus_tag identifiers
[09:37:34] Assigned 1662 locus_tags to CDS and RNA features.
[09:37:34] Writing outputs to ../../Data/Chen_Analysis/Prokka/Bacteria/GOMC.bin.3156/
[09:37:35] Generating annotation statistics file
[09:37:35] Generating Genbank and Sequin files
[09:37:35] Running: tbl2asn -V b -a r10k -l paired-ends -M n -N 1 -y 'Annotated using prokka 1.14.6 from https://github.com/tseemann/prokka' -Z \.\.\/\.\.\/Data\/Chen_Analysis\/Prokka\/Bacteria\/GOMC\.bin\.3156\/GOMC\.bin\.3156\.err -i \.\.\/\.\.\/Data\/Chen_Analysis\/Prokka\/Bacteria\/GOMC\.bin\.3156\/GOMC\.bin\.3156\.fsa 2> /dev/null
[09:37:36] Deleting unwanted file: ../../Data/Chen_Analysis/Prokka/Bacteria/GOMC.bin.3156/errorsummary.val
[09:37:36] Deleting unwanted file: ../../Data/Chen_Analysis/Prokka/Bacteria/GOMC.bin.3156/GOMC.bin.3156.dr
[09:37:36] Deleting unwanted file: ../../Data/Chen_Analysis/Prokka/Bacteria/GOMC.bin.3156/GOMC.bin.3156.fixedproducts
[09:37:36] Deleting unwanted file: ../../Data/Chen_Analysis/Prokka/Bacteria/GOMC.bin.3156/GOMC.bin.3156.ecn
[09:37:36] Deleting unwanted file: ../../Data/Chen_Analysis/Prokka/Bacteria/GOMC.bin.3156/GOMC.bin.3156.val
[09:37:36] Repairing broken .GBK output that tbl2asn produces...
[09:37:36] Running: sed 's/COORDINATES: profile/COORDINATES:profile/' < \.\.\/\.\.\/Data\/Chen_Analysis\/Prokka\/Bacteria\/GOMC\.bin\.3156\/GOMC\.bin\.3156\.gbf > \.\.\/\.\.\/Data\/Chen_Analysis\/Prokka\/Bacteria\/GOMC\.bin\.3156\/GOMC\.bin\.3156\.gbk
[09:37:36] Deleting unwanted file: ../../Data/Chen_Analysis/Prokka/Bacteria/GOMC.bin.3156/GOMC.bin.3156.gbf
[09:37:36] Output files:
[09:37:36] ../../Data/Chen_Analysis/Prokka/Bacteria/GOMC.bin.3156/GOMC.bin.3156.log
[09:37:36] ../../Data/Chen_Analysis/Prokka/Bacteria/GOMC.bin.3156/GOMC.bin.3156.tsv
[09:37:36] ../../Data/Chen_Analysis/Prokka/Bacteria/GOMC.bin.3156/GOMC.bin.3156.gff
[09:37:36] ../../Data/Chen_Analysis/Prokka/Bacteria/GOMC.bin.3156/GOMC.bin.3156.txt
[09:37:36] ../../Data/Chen_Analysis/Prokka/Bacteria/GOMC.bin.3156/GOMC.bin.3156.err
[09:37:36] ../../Data/Chen_Analysis/Prokka/Bacteria/GOMC.bin.3156/GOMC.bin.3156.fna
[09:37:36] ../../Data/Chen_Analysis/Prokka/Bacteria/GOMC.bin.3156/GOMC.bin.3156.gbk
[09:37:36] ../../Data/Chen_Analysis/Prokka/Bacteria/GOMC.bin.3156/GOMC.bin.3156.ffn
[09:37:36] ../../Data/Chen_Analysis/Prokka/Bacteria/GOMC.bin.3156/GOMC.bin.3156.faa
[09:37:36] ../../Data/Chen_Analysis/Prokka/Bacteria/GOMC.bin.3156/GOMC.bin.3156.fsa
[09:37:36] ../../Data/Chen_Analysis/Prokka/Bacteria/GOMC.bin.3156/GOMC.bin.3156.sqn
[09:37:36] ../../Data/Chen_Analysis/Prokka/Bacteria/GOMC.bin.3156/GOMC.bin.3156.tbl
[09:37:36] Annotation finished successfully.
[09:37:36] Walltime used: 0.68 minutes
[09:37:36] If you use this result please cite the Prokka paper:
[09:37:36] Seemann T (2014) Prokka: rapid prokaryotic genome annotation. Bioinformatics. 30(14):2068-9.
[09:37:36] Type 'prokka --citation' for more details.
[09:37:36] Share and enjoy!
