[10:31:29] This is prokka 1.14.6
[10:31:29] Written by Torsten Seemann <torsten.seemann@gmail.com>
[10:31:29] Homepage is https://github.com/tseemann/prokka
[10:31:29] Local time is Mon Dec  1 10:31:29 2025
[10:31:29] You are joao_facio
[10:31:29] Operating system is linux
[10:31:29] You have BioPerl 1.7.8
[10:31:29] System has 12 cores.
[10:31:29] Will use maximum of 4 cores.
[10:31:29] Annotating as >>> Bacteria <<<
[10:31:29] Generating locus_tag from '/tmp/tmp6gns85ah/GOMC.bin.15317.fa' contents.
[10:31:29] Setting --locustag CDOELBKI from MD5 cd8e5b424a1cd835bc9a769ea9ff727b
[10:31:29] Creating new output folder: ../../Data/Chen_Analysis/Prokka/Bacteria/GOMC.bin.15317
[10:31:29] Running: mkdir -p \.\.\/\.\.\/Data\/Chen_Analysis\/Prokka\/Bacteria\/GOMC\.bin\.15317
[10:31:29] Using filename prefix: GOMC.bin.15317.XXX
[10:31:29] Setting HMMER_NCPU=1
[10:31:29] Writing log to: ../../Data/Chen_Analysis/Prokka/Bacteria/GOMC.bin.15317/GOMC.bin.15317.log
[10:31:29] Command: /home/joao_facio/miniconda3/envs/prokka/bin/prokka --outdir ../../Data/Chen_Analysis/Prokka/Bacteria/GOMC.bin.15317 --prefix GOMC.bin.15317 --kingdom Bacteria --genus Desulforhopalus --strain GOMC.bin.15317 --cpus 4 --force /tmp/tmp6gns85ah/GOMC.bin.15317.fa
[10:31:29] Appending to PATH: /home/joao_facio/miniconda3/envs/prokka/bin
[10:31:29] Looking for 'aragorn' - found /home/joao_facio/miniconda3/envs/prokka/bin/aragorn
[10:31:29] Determined aragorn version is 001002 from 'ARAGORN v1.2.41 Dean Laslett'
[10:31:29] Looking for 'barrnap' - found /home/joao_facio/miniconda3/envs/prokka/bin/barrnap
[10:31:29] Determined barrnap version is 000009 from 'barrnap 0.9'
[10:31:29] Looking for 'blastp' - found /home/joao_facio/miniconda3/envs/prokka/bin/blastp
[10:31:30] Determined blastp version is 002016 from 'blastp: 2.16.0+'
[10:31:30] Looking for 'cmpress' - found /home/joao_facio/miniconda3/envs/prokka/bin/cmpress
[10:31:30] Determined cmpress version is 001001 from '# INFERNAL 1.1.5 (Sep 2023)'
[10:31:30] Looking for 'cmscan' - found /home/joao_facio/miniconda3/envs/prokka/bin/cmscan
[10:31:30] Determined cmscan version is 001001 from '# INFERNAL 1.1.5 (Sep 2023)'
[10:31:30] Looking for 'egrep' - found /usr/bin/egrep
[10:31:30] Looking for 'find' - found /usr/bin/find
[10:31:30] Looking for 'grep' - found /usr/bin/grep
[10:31:30] Looking for 'hmmpress' - found /home/joao_facio/miniconda3/envs/prokka/bin/hmmpress
[10:31:30] Determined hmmpress version is 003004 from '# HMMER 3.4 (Aug 2023); http://hmmer.org/'
[10:31:30] Looking for 'hmmscan' - found /home/joao_facio/miniconda3/envs/prokka/bin/hmmscan
[10:31:30] Determined hmmscan version is 003004 from '# HMMER 3.4 (Aug 2023); http://hmmer.org/'
[10:31:30] Looking for 'java' - found /home/joao_facio/miniconda3/envs/prokka/bin/java
[10:31:30] Looking for 'makeblastdb' - found /home/joao_facio/miniconda3/envs/prokka/bin/makeblastdb
[10:31:30] Determined makeblastdb version is 002016 from 'makeblastdb: 2.16.0+'
[10:31:30] Looking for 'minced' - found /home/joao_facio/miniconda3/envs/prokka/bin/minced
[10:31:30] Determined minced version is 004002 from 'minced 0.4.2'
[10:31:30] Looking for 'parallel' - found /home/joao_facio/miniconda3/envs/prokka/bin/parallel
[10:31:30] Determined parallel version is 20251122 from 'GNU parallel 20251122'
[10:31:30] Looking for 'prodigal' - found /home/joao_facio/miniconda3/envs/prokka/bin/prodigal
[10:31:30] Determined prodigal version is 002006 from 'Prodigal V2.6.3: February, 2016'
[10:31:30] Looking for 'prokka-genbank_to_fasta_db' - found /home/joao_facio/miniconda3/envs/prokka/bin/prokka-genbank_to_fasta_db
[10:31:30] Looking for 'sed' - found /usr/bin/sed
[10:31:30] Looking for 'tbl2asn' - found /home/joao_facio/miniconda3/envs/prokka/bin/tbl2asn
[10:31:30] Determined tbl2asn version is 025007 from 'tbl2asn 25.7   arguments:'
[10:31:30] Using genetic code table 11.
[10:31:30] Loading and checking input file: /tmp/tmp6gns85ah/GOMC.bin.15317.fa
[10:31:30] Wrote 494 contigs totalling 3406233 bp.
[10:31:30] Predicting tRNAs and tmRNAs
[10:31:30] Running: aragorn -l -gc11  -w \.\.\/\.\.\/Data\/Chen_Analysis\/Prokka\/Bacteria\/GOMC\.bin\.15317\/GOMC\.bin\.15317\.fna
[10:31:30] 1 tRNA-Phe [13432,13530] 36 (aaa)
[10:31:30] 1 tRNA-Met [5575,5651] 35 (cat)
[10:31:30] 1 tRNA-Gly c[968,1036] 31 (ccc)
[10:31:30] 2 tRNA-Arg c[1165,1241] 35 (cct)
[10:31:30] 1 tRNA-Leu [10348,10434] 35 (cag)
[10:31:30] 1 tRNA-Tyr c[100,184] 35 (gta)
[10:31:30] 2 tRNA-Thr c[257,332] 34 (tgt)
[10:31:30] 1 tRNA-Leu [2724,2808] 35 (gag)
[10:31:30] 1 tRNA-Gln [3677,3752] 34 (ttg)
[10:31:30] 1 tRNA-Thr [93,168] 34 (ggt)
[10:31:30] 2 tRNA-Trp [1653,1729] 35 (cca)
[10:31:30] 1 tRNA-Ser [710,795] 35 (gga)
[10:31:30] 2 tRNA-Val [3785,3859] 33 (gac)
[10:31:30] 1 tRNA-Met [4085,4161] 35 (cat)
[10:31:30] 1 tRNA-Leu c[18,102] 35 (tag)
[10:31:30] 2 tRNA-Leu [3561,3648] 35 (taa)
[10:31:30] 1 tmRNA c[18166,18532] 95,130 ADDYNYAVAA**
[10:31:30] 1 tRNA-Arg c[1,77] 35 (tct)
[10:31:30] 1 tRNA-Glu [4447,4522] 35 (ctc)
[10:31:30] 1 tRNA-His c[996,1072] 35 (gtg)
[10:31:30] 1 tRNA-Pro c[2463,2539] 35 (cgg)
[10:31:30] 1 tRNA-Gly c[3684,3758] 33 (gcc)
[10:31:30] Found 22 tRNAs
[10:31:30] Predicting Ribosomal RNAs
[10:31:30] Running Barrnap with 4 threads
[10:31:31] Found 0 rRNAs
[10:31:31] Skipping ncRNA search, enable with --rfam if desired.
[10:31:31] Total of 21 tRNA + rRNA features
[10:31:31] Searching for CRISPR repeats
[10:31:31] Found 0 CRISPRs
[10:31:31] Predicting coding sequences
[10:31:31] Contigs total 3406233 bp, so using single mode
[10:31:31] Running: prodigal -i \.\.\/\.\.\/Data\/Chen_Analysis\/Prokka\/Bacteria\/GOMC\.bin\.15317\/GOMC\.bin\.15317\.fna -c -m -g 11 -p single -f sco -q
[10:31:33] Excluding CDS which overlaps existing RNA (tRNA) at k63_449071:13457..13642 on + strand
[10:31:33] Excluding CDS which overlaps existing RNA (tRNA) at k63_501291:2799..3698 on + strand
[10:31:33] Found 2979 CDS
[10:31:33] Connecting features back to sequences
[10:31:33] Not using genus-specific database. Try --usegenus to enable it.
[10:31:33] Annotating CDS, please be patient.
[10:31:33] Will use 4 CPUs for similarity searching.
[10:31:34] There are still 2979 unannotated CDS left (started with 2979)
[10:31:34] Will use blast to search against /home/joao_facio/miniconda3/envs/prokka/db/kingdom/Bacteria/IS with 4 CPUs
[10:31:34] Running: cat \.\.\/\.\.\/Data\/Chen_Analysis\/Prokka\/Bacteria\/GOMC\.bin\.15317\/GOMC\.bin\.15317\.IS\.tmp\.3500643\.faa | parallel --gnu --plain -j 4 --block 119307 --recstart '>' --pipe blastp -query - -db /home/joao_facio/miniconda3/envs/prokka/db/kingdom/Bacteria/IS -evalue 1e-30 -qcov_hsp_perc 90 -num_threads 1 -num_descriptions 1 -num_alignments 1 -seg no > \.\.\/\.\.\/Data\/Chen_Analysis\/Prokka\/Bacteria\/GOMC\.bin\.15317\/GOMC\.bin\.15317\.IS\.tmp\.3500643\.blast 2> /dev/null
[10:31:43] Deleting unwanted file: ../../Data/Chen_Analysis/Prokka/Bacteria/GOMC.bin.15317/GOMC.bin.15317.IS.tmp.3500643.faa
[10:31:43] Deleting unwanted file: ../../Data/Chen_Analysis/Prokka/Bacteria/GOMC.bin.15317/GOMC.bin.15317.IS.tmp.3500643.blast
[10:31:43] There are still 2971 unannotated CDS left (started with 2979)
[10:31:43] Will use blast to search against /home/joao_facio/miniconda3/envs/prokka/db/kingdom/Bacteria/AMR with 4 CPUs
[10:31:43] Running: cat \.\.\/\.\.\/Data\/Chen_Analysis\/Prokka\/Bacteria\/GOMC\.bin\.15317\/GOMC\.bin\.15317\.AMR\.tmp\.3500643\.faa | parallel --gnu --plain -j 4 --block 119033 --recstart '>' --pipe blastp -query - -db /home/joao_facio/miniconda3/envs/prokka/db/kingdom/Bacteria/AMR -evalue 1e-300 -qcov_hsp_perc 90 -num_threads 1 -num_descriptions 1 -num_alignments 1 -seg no > \.\.\/\.\.\/Data\/Chen_Analysis\/Prokka\/Bacteria\/GOMC\.bin\.15317\/GOMC\.bin\.15317\.AMR\.tmp\.3500643\.blast 2> /dev/null
[10:31:50] Deleting unwanted file: ../../Data/Chen_Analysis/Prokka/Bacteria/GOMC.bin.15317/GOMC.bin.15317.AMR.tmp.3500643.faa
[10:31:50] Deleting unwanted file: ../../Data/Chen_Analysis/Prokka/Bacteria/GOMC.bin.15317/GOMC.bin.15317.AMR.tmp.3500643.blast
[10:31:50] There are still 2971 unannotated CDS left (started with 2979)
[10:31:50] Will use blast to search against /home/joao_facio/miniconda3/envs/prokka/db/kingdom/Bacteria/sprot with 4 CPUs
[10:31:50] Running: cat \.\.\/\.\.\/Data\/Chen_Analysis\/Prokka\/Bacteria\/GOMC\.bin\.15317\/GOMC\.bin\.15317\.sprot\.tmp\.3500643\.faa | parallel --gnu --plain -j 4 --block 119033 --recstart '>' --pipe blastp -query - -db /home/joao_facio/miniconda3/envs/prokka/db/kingdom/Bacteria/sprot -evalue 1e-09 -qcov_hsp_perc 80 -num_threads 1 -num_descriptions 1 -num_alignments 1 -seg no > \.\.\/\.\.\/Data\/Chen_Analysis\/Prokka\/Bacteria\/GOMC\.bin\.15317\/GOMC\.bin\.15317\.sprot\.tmp\.3500643\.blast 2> /dev/null
[10:32:29] Modify product: Uncharacterized metal-dependent hydrolase YjjV => putative metal-dependent hydrolase YjjV
[10:32:29] Modify product: Uncharacterized ABC transporter ATP-binding protein YejF => putative ABC transporter ATP-binding protein YejF
[10:32:29] Modify product: Glycogen operon protein GlgX homolog => Glycogen operon protein GlgX 
[10:32:29] Modify product: Uncharacterized inner membrane transporter YedA => putative inner membrane transporter YedA
[10:32:29] Modify product: Probable ribonucleotide transport ATP-binding protein mkl => putative ribonucleotide transport ATP-binding protein mkl
[10:32:29] Modify product: UPF0047 protein Rv2556c => hypothetical protein
[10:32:29] Modify product: Uncharacterized ABC transporter ATP-binding protein YbiT => putative ABC transporter ATP-binding protein YbiT
[10:32:29] Modify product: UPF0714 protein YndL => hypothetical protein
[10:32:29] Modify product: UPF0597 protein YhaM => hypothetical protein
[10:32:29] Modify product: Solute-binding protein Csal_2479 => Solute-binding protein
[10:32:29] Modify product: Putative formate dehydrogenase SA2102 => Putative formate dehydrogenase
[10:32:29] Modify product: Probable ATP synthase YscN => putative ATP synthase YscN
[10:32:30] Modify product: GTP cyclohydrolase 1 type 2 homolog => GTP cyclohydrolase 1 type 2 
[10:32:30] Modify product: Probable protein kinase UbiB => putative protein kinase UbiB
[10:32:30] Modify product: Probable membrane transporter protein YfcA => putative membrane transporter protein YfcA
[10:32:30] Modify product: Probable multidrug resistance ABC transporter ATP-binding/permease protein YheI => putative multidrug resistance ABC transporter ATP-binding/permease protein YheI
[10:32:30] Modify product: Probable 3-hydroxybutyryl-CoA dehydrogenase => putative 3-hydroxybutyryl-CoA dehydrogenase
[10:32:30] Modify product: Probable sulfate transporter Rv1739c => putative sulfate transporter
[10:32:30] Modify product: Uncharacterized membrane protein YdfK => putative membrane protein YdfK
[10:32:30] Modify product: Uncharacterized FAD-linked oxidoreductase Rv2280 => putative FAD-linked oxidoreductase
[10:32:30] Modify product: UPF0053 protein HI_0107 => hypothetical protein
[10:32:30] Modify product: Probable sulfate transporter Rv1739c => putative sulfate transporter
[10:32:30] Modify product: Probable D,D-dipeptide transport system permease protein DdpC => putative D,D-dipeptide transport system permease protein DdpC
[10:32:30] Modify product: Purine-binding protein BAB2_0673 => Purine-binding protein
[10:32:30] Modify product: UPF0758 protein => hypothetical protein
[10:32:30] Modify product: Epimerase family protein Rv2216 => Epimerase family protein
[10:32:30] Modify product: Uncharacterized ABC transporter ATP-binding protein YheS => putative ABC transporter ATP-binding protein YheS
[10:32:30] Modify product: Uncharacterized protein HI_1163 => putative protein
[10:32:30] Modify product: Probable multidrug resistance ABC transporter ATP-binding/permease protein YheI => putative multidrug resistance ABC transporter ATP-binding/permease protein YheI
[10:32:30] Modify product: Uncharacterized ABC transporter ATP-binding protein TM_0288 => putative ABC transporter ATP-binding protein
[10:32:30] Modify product: Probable transcriptional regulatory protein DVU_2259 => putative transcriptional regulatory protein
[10:32:30] Modify product: UPF0701 protein HI_0467 => hypothetical protein
[10:32:30] Modify product: Probable FMN/FAD exporter YeeO => putative FMN/FAD exporter YeeO
[10:32:30] Modify product: Uncharacterized oxidoreductase YjmC => putative oxidoreductase YjmC
[10:32:30] Modify product: Uncharacterized metal-dependent hydrolase YcfH => putative metal-dependent hydrolase YcfH
[10:32:30] Modify product: UPF0301 protein AlgH => hypothetical protein
[10:32:30] Modify product: Uncharacterized protein Rv1276c => putative protein
[10:32:30] Modify product: Probable amino-acid metabolite efflux pump => putative amino-acid metabolite efflux pump
[10:32:30] Modify product: Probable sulfoacetate--CoA ligase => putative sulfoacetate--CoA ligase
[10:32:30] Modify product: Bifunctional protein FolD => Bifunctional protein FolD protein
[10:32:30] Modify product: Uncharacterized protein TM_1570 => putative protein
[10:32:30] Modify product: UPF0102 protein RPA0323 => hypothetical protein
[10:32:30] Modify product: Probable iron-sulfur-binding oxidoreductase FadF => putative iron-sulfur-binding oxidoreductase FadF
[10:32:30] Modify product: Probable D-xylose utilization operon transcriptional repressor => putative D-xylose utilization operon transcriptional repressor
[10:32:30] Modify product: Putative phosphatase M6_Spy0533 => Putative phosphatase
[10:32:30] Modify product: Probable multidrug ABC transporter permease YbhS => putative multidrug ABC transporter permease YbhS
[10:32:30] Modify product: Probable multidrug ABC transporter ATP-binding protein YbhF => putative multidrug ABC transporter ATP-binding protein YbhF
[10:32:30] Modify product: UPF0194 membrane protein YbhG => hypothetical protein
[10:32:30] Modify product: Uncharacterized ABC transporter ATP-binding protein YknY => putative ABC transporter ATP-binding protein YknY
[10:32:30] Modify product: Uncharacterized inner membrane transporter YedA => putative inner membrane transporter YedA
[10:32:30] Modify product: Probable bifunctional transcriptional activator/DNA repair enzyme AlkA => putative bifunctional transcriptional activator/DNA repair enzyme AlkA
[10:32:30] Modify product: Nucleoid-associated protein Cthe_2143 => Nucleoid-associated protein
[10:32:30] Modify product: Putative esterase aq_1494 => Putative esterase
[10:32:30] Modify product: Uncharacterized protein YciO => putative protein YciO
[10:32:30] Modify product: UPF0178 protein YaiI => hypothetical protein
[10:32:30] Modify product: Solute-binding protein Bamb_6123 => Solute-binding protein
[10:32:30] Modify product: Putative transport protein Rv1101c => Putative transport protein
[10:32:30] Modify product: Uncharacterized oxidoreductase YdhV => putative oxidoreductase YdhV
[10:32:30] Modify product: Probable iron export ATP-binding protein FetA => putative iron export ATP-binding protein FetA
[10:32:30] Modify product: Probable iron export permease protein FetB => putative iron export permease protein FetB
[10:32:30] Modify product: Lactate-binding periplasmic protein TTHA0766 => Lactate-binding periplasmic protein
[10:32:30] Modify product: Uncharacterized HTH-type transcriptional regulator YbaQ => putative HTH-type transcriptional regulator YbaQ
[10:32:30] Modify product: Solute-binding protein Veis_3954 => Solute-binding protein
[10:32:30] Modify product: Uncharacterized protein Rv1480 => putative protein
[10:32:30] Modify product: Probable xanthine dehydrogenase subunit A => putative xanthine dehydrogenase subunit A
[10:32:30] Modify product: Nucleotide-binding protein Rv1421 => Nucleotide-binding protein
[10:32:30] Modify product: UPF0065 protein in clcB-clcD intergenic region => hypothetical protein
[10:32:30] Modify product: Probable acrylyl-CoA reductase AcuI => putative acrylyl-CoA reductase AcuI
[10:32:30] Modify product: UPF0053 protein Rv2366c => hypothetical protein
[10:32:30] Modify product: Uncharacterized ABC transporter ATP-binding protein YadG => putative ABC transporter ATP-binding protein YadG
[10:32:30] Modify product: Uncharacterized ABC transporter ATP-binding protein YknY => putative ABC transporter ATP-binding protein YknY
[10:32:30] Modify product: Probable M18 family aminopeptidase 2 => putative M18 family aminopeptidase 2
[10:32:30] Modify product: Probable acyl-CoA dehydrogenase fadE25 => putative acyl-CoA dehydrogenase fadE25
[10:32:30] Modify product: UPF0719 inner membrane protein YjfL => hypothetical protein
[10:32:30] Modify product: Uncharacterized FAD-linked oxidoreductase Rv2280 => putative FAD-linked oxidoreductase
[10:32:30] Modify product: Probable Ni/Fe-hydrogenase 2 b-type cytochrome subunit => putative Ni/Fe-hydrogenase 2 b-type cytochrome subunit
[10:32:30] Modify product: Probable iron-sulfur-binding oxidoreductase FadF => putative iron-sulfur-binding oxidoreductase FadF
[10:32:30] Modify product: Dihydroorotate dehydrogenase B (NAD(+)), electron transfer subunit homolog => Dihydroorotate dehydrogenase B (NAD(+)), electron transfer subunit 
[10:32:30] Modify product: Probable glutamine ABC transporter permease protein GlnM => putative glutamine ABC transporter permease protein GlnM
[10:32:30] Modify product: Probable amino-acid ABC transporter-binding protein HI_1080 => putative amino-acid ABC transporter-binding protein
[10:32:30] Modify product: Solute-binding protein NAS141_03721 => Solute-binding protein
[10:32:30] Modify product: Probable iron-sulfur-binding oxidoreductase FadF => putative iron-sulfur-binding oxidoreductase FadF
[10:32:30] Modify product: Uncharacterized protein HI_0131 => putative protein
[10:32:30] Modify product: UPF0126 inner membrane protein YicG => hypothetical protein
[10:32:30] Modify product: DNA-binding protein VF_0530 => DNA-binding protein
[10:32:30] Modify product: Uncharacterized oxidoreductase YdhV => putative oxidoreductase YdhV
[10:32:30] Modify product: Putative transport protein Rv1101c => Putative transport protein
[10:32:30] Modify product: Probable enoyl-CoA hydratase echA8 => putative enoyl-CoA hydratase echA8
[10:32:30] Modify product: Uncharacterized ABC transporter ATP-binding protein YknY => putative ABC transporter ATP-binding protein YknY
[10:32:30] Modify product: Probable murein peptide carboxypeptidase => putative murein peptide carboxypeptidase
[10:32:30] Modify product: Response regulator receiver protein Anae109_2439 => Response regulator receiver protein
[10:32:30] Modify product: Uncharacterized ABC transporter ATP-binding protein YknY => putative ABC transporter ATP-binding protein YknY
[10:32:30] Modify product: Probable ATP synthase YscN => putative ATP synthase YscN
[10:32:30] Modify product: Uncharacterized protein HI_0131 => putative protein
[10:32:30] Modify product: Uncharacterized ABC transporter ATP-binding protein YejF => putative ABC transporter ATP-binding protein YejF
[10:32:30] Modify product: Uncharacterized protein YqgN => putative protein YqgN
[10:32:30] Modify product: Probable GTPase Rv1496 => putative GTPase
[10:32:30] Modify product: Uncharacterized FAD-linked oxidoreductase Rv2280 => putative FAD-linked oxidoreductase
[10:32:30] Modify product: Monocarboxylate 2-oxoacid-binding periplasmic protein all3028 => Monocarboxylate 2-oxoacid-binding periplasmic protein
[10:32:30] Modify product: Uncharacterized protein Rv2307c => putative protein
[10:32:30] Modify product: UPF0111 protein HI_1603 => hypothetical protein
[10:32:30] Modify product: Probable manganese-dependent inorganic pyrophosphatase => putative manganese-dependent inorganic pyrophosphatase
[10:32:30] Modify product: Probable bifunctional SAT/APS kinase => putative bifunctional SAT/APS kinase
[10:32:30] Modify product: Methyl-accepting chemotaxis protein Amb0994 => Methyl-accepting chemotaxis protein
[10:32:30] Modify product: Cyclic di-GMP phosphodiesterase TM_0186 => Cyclic di-GMP phosphodiesterase
[10:32:30] Modify product: Probable D,D-dipeptide-binding periplasmic protein DdpA => putative D,D-dipeptide-binding periplasmic protein DdpA
[10:32:30] Modify product: Probable D,D-dipeptide transport system permease protein DdpC => putative D,D-dipeptide transport system permease protein DdpC
[10:32:30] Modify product: UPF0394 inner membrane protein YedE => hypothetical protein
[10:32:30] Modify product: Probable acyl-CoA dehydrogenase => putative acyl-CoA dehydrogenase
[10:32:30] Modify product: Probable 3-hydroxyacyl-CoA dehydrogenase => putative 3-hydroxyacyl-CoA dehydrogenase
[10:32:30] Modify product: Uncharacterized acyl-CoA thioester hydrolase HI_0827 => putative acyl-CoA thioester hydrolase
[10:32:30] Modify product: NAD(P)H-dependent FMN reductase PA1204 => NAD(P)H-dependent FMN reductase
[10:32:30] Modify product: Uncharacterized oxidoreductase YdgJ => putative oxidoreductase YdgJ
[10:32:30] Modify product: Uncharacterized protein YisK => putative protein YisK
[10:32:30] Modify product: Probable N-acetyl-LL-diaminopimelate aminotransferase => putative N-acetyl-LL-diaminopimelate aminotransferase
[10:32:30] Modify product: Probable D,D-dipeptide transport system permease protein DdpC => putative D,D-dipeptide transport system permease protein DdpC
[10:32:30] Cleaned 116 /product names
[10:32:30] Deleting unwanted file: ../../Data/Chen_Analysis/Prokka/Bacteria/GOMC.bin.15317/GOMC.bin.15317.sprot.tmp.3500643.faa
[10:32:30] Deleting unwanted file: ../../Data/Chen_Analysis/Prokka/Bacteria/GOMC.bin.15317/GOMC.bin.15317.sprot.tmp.3500643.blast
[10:32:30] There are still 1640 unannotated CDS left (started with 2979)
[10:32:30] Will use hmmer3 to search against /home/joao_facio/miniconda3/envs/prokka/db/hmm/HAMAP.hmm with 4 CPUs
[10:32:30] Running: cat \.\.\/\.\.\/Data\/Chen_Analysis\/Prokka\/Bacteria\/GOMC\.bin\.15317\/GOMC\.bin\.15317\.HAMAP\.hmm\.tmp\.3500643\.faa | parallel --gnu --plain -j 4 --block 60477 --recstart '>' --pipe hmmscan --noali --notextw --acc -E 1e-09 --cpu 1 /home/joao_facio/miniconda3/envs/prokka/db/hmm/HAMAP.hmm /dev/stdin > \.\.\/\.\.\/Data\/Chen_Analysis\/Prokka\/Bacteria\/GOMC\.bin\.15317\/GOMC\.bin\.15317\.HAMAP\.hmm\.tmp\.3500643\.hmmer3 2> /dev/null
[10:32:43] Modify product: Uncharacterized Nudix hydrolase NudL => putative Nudix hydrolase NudL
[10:32:44] Modify product: Uncharacterized MFS-type transporter YfcJ => putative MFS-type transporter YfcJ
[10:32:44] Modify product: Uncharacterized MFS-type transporter YfcJ => putative MFS-type transporter YfcJ
[10:32:44] Modify product: Uncharacterized Nudix hydrolase NudL => putative Nudix hydrolase NudL
[10:32:44] Cleaned 4 /product names
[10:32:44] Deleting unwanted file: ../../Data/Chen_Analysis/Prokka/Bacteria/GOMC.bin.15317/GOMC.bin.15317.HAMAP.hmm.tmp.3500643.faa
[10:32:44] Deleting unwanted file: ../../Data/Chen_Analysis/Prokka/Bacteria/GOMC.bin.15317/GOMC.bin.15317.HAMAP.hmm.tmp.3500643.hmmer3
[10:32:44] Labelling remaining 1368 proteins as 'hypothetical protein'
[10:32:44] Possible /pseudo 'Sensor histidine kinase RcsC' at k63_46298 position 3084
[10:32:44] Possible /pseudo 'Cation efflux system protein CusA' at k63_140126 position 4209
[10:32:44] Possible /pseudo 'Sec-independent protein translocase protein TatC' at k63_633343 position 2076
[10:32:44] Possible /pseudo 'Protein-glutamate methylesterase/protein-glutamine glutaminase' at k63_5734 position 8350
[10:32:44] Possible /pseudo 'Glucose-1-phosphate adenylyltransferase' at k63_370996 position 3119
[10:32:44] Possible /pseudo 'Tyrosine recombinase XerC' at k63_596037 position 997
[10:32:44] Possible /pseudo 'sn-glycerol-3-phosphate import ATP-binding protein UgpC' at k63_329426 position 1210
[10:32:44] Possible /pseudo 'Twitching mobility protein' at k63_556932 position 1141
[10:32:44] Possible /pseudo 'Flagellar basal-body rod protein FlgG' at k63_559067 position 11341
[10:32:44] Possible /pseudo 'Regulator of RpoS' at k63_482327 position 2385
[10:32:44] Possible /pseudo 'IS1 family transposase ISArch17' at k63_35429 position 735
[10:32:44] Possible /pseudo 'Regulator of RpoS' at k63_616573 position 3236
[10:32:44] Found 1120 unique /gene codes.
[10:32:44] Fixed 2 duplicate /gene - xerD_1 xerD_2
[10:32:44] Fixed 2 duplicate /gene - trxA_1 trxA_2
[10:32:44] Fixed 2 duplicate /gene - fliM_1 fliM_2
[10:32:44] Fixed 2 duplicate /gene - dapA_1 dapA_2
[10:32:44] Fixed 2 duplicate /gene - dctP_1 dctP_2
[10:32:44] Fixed 2 duplicate /gene - fliN_1 fliN_2
[10:32:44] Fixed 2 duplicate /gene - spuC_1 spuC_2
[10:32:44] Fixed 2 duplicate /gene - motB_1 motB_2
[10:32:44] Fixed 2 duplicate /gene - ettA_1 ettA_2
[10:32:44] Fixed 2 duplicate /gene - ada_1 ada_2
[10:32:44] Fixed 2 duplicate /gene - ecfT_1 ecfT_2
[10:32:44] Fixed 3 duplicate /gene - cckA_1 cckA_2 cckA_3
[10:32:44] Fixed 2 duplicate /gene - kdsB_1 kdsB_2
[10:32:44] Fixed 2 duplicate /gene - hutI_1 hutI_2
[10:32:44] Fixed 2 duplicate /gene - rnr_1 rnr_2
[10:32:44] Fixed 3 duplicate /gene - mshA_1 mshA_2 mshA_3
[10:32:44] Fixed 2 duplicate /gene - nuoK_1 nuoK_2
[10:32:44] Fixed 2 duplicate /gene - ylmB_1 ylmB_2
[10:32:44] Fixed 2 duplicate /gene - tufA_1 tufA_2
[10:32:44] Fixed 2 duplicate /gene - pleD_1 pleD_2
[10:32:44] Fixed 2 duplicate /gene - ugpC_1 ugpC_2
[10:32:44] Fixed 4 duplicate /gene - mdtC_1 mdtC_2 mdtC_3 mdtC_4
[10:32:44] Fixed 2 duplicate /gene - cdr_1 cdr_2
[10:32:44] Fixed 6 duplicate /gene - yitJ_1 yitJ_2 yitJ_3 yitJ_4 yitJ_5 yitJ_6
[10:32:44] Fixed 2 duplicate /gene - oadA_1 oadA_2
[10:32:44] Fixed 2 duplicate /gene - tatC_1 tatC_2
[10:32:44] Fixed 3 duplicate /gene - thrC_1 thrC_2 thrC_3
[10:32:44] Fixed 2 duplicate /gene - msmX_1 msmX_2
[10:32:44] Fixed 2 duplicate /gene - dnaK_1 dnaK_2
[10:32:44] Fixed 8 duplicate /gene - atoC_1 atoC_2 atoC_3 atoC_4 atoC_5 atoC_6 atoC_7 atoC_8
[10:32:44] Fixed 2 duplicate /gene - ndhA_1 ndhA_2
[10:32:44] Fixed 2 duplicate /gene - mdh_1 mdh_2
[10:32:44] Fixed 2 duplicate /gene - cusA_1 cusA_2
[10:32:44] Fixed 4 duplicate /gene - bepA_1 bepA_2 bepA_3 bepA_4
[10:32:44] Fixed 2 duplicate /gene - pta_1 pta_2
[10:32:44] Fixed 2 duplicate /gene - dctD_1 dctD_2
[10:32:44] Fixed 2 duplicate /gene - kbl_1 kbl_2
[10:32:44] Fixed 5 duplicate /gene - livF_1 livF_2 livF_3 livF_4 livF_5
[10:32:44] Fixed 2 duplicate /gene - murG_1 murG_2
[10:32:44] Fixed 18 duplicate /gene - rcsC_1 rcsC_2 rcsC_3 rcsC_4 rcsC_5 rcsC_6 rcsC_7 rcsC_8 rcsC_9 rcsC_10 rcsC_11 rcsC_12 rcsC_13 rcsC_14 rcsC_15 rcsC_16 rcsC_17 rcsC_18
[10:32:44] Fixed 2 duplicate /gene - napF_1 napF_2
[10:32:44] Fixed 5 duplicate /gene - gph_1 gph_2 gph_3 gph_4 gph_5
[10:32:44] Fixed 4 duplicate /gene - oppF_1 oppF_2 oppF_3 oppF_4
[10:32:44] Fixed 2 duplicate /gene - hndA_1 hndA_2
[10:32:44] Fixed 2 duplicate /gene - rlpA_1 rlpA_2
[10:32:44] Fixed 5 duplicate /gene - ftsH_1 ftsH_2 ftsH_3 ftsH_4 ftsH_5
[10:32:44] Fixed 2 duplicate /gene - cooS1_1 cooS1_2
[10:32:44] Fixed 2 duplicate /gene - waaA_1 waaA_2
[10:32:44] Fixed 4 duplicate /gene - lptB_1 lptB_2 lptB_3 lptB_4
[10:32:44] Fixed 2 duplicate /gene - trpB_1 trpB_2
[10:32:44] Fixed 6 duplicate /gene - livH_1 livH_2 livH_3 livH_4 livH_5 livH_6
[10:32:44] Fixed 3 duplicate /gene - rspR_1 rspR_2 rspR_3
[10:32:44] Fixed 2 duplicate /gene - sdhE_1 sdhE_2
[10:32:44] Fixed 2 duplicate /gene - fliG_1 fliG_2
[10:32:44] Fixed 2 duplicate /gene - carD_1 carD_2
[10:32:44] Fixed 2 duplicate /gene - argF_1 argF_2
[10:32:44] Fixed 2 duplicate /gene - yecS_1 yecS_2
[10:32:44] Fixed 2 duplicate /gene - rgtE_1 rgtE_2
[10:32:44] Fixed 2 duplicate /gene - gatA_1 gatA_2
[10:32:44] Fixed 4 duplicate /gene - mprA_1 mprA_2 mprA_3 mprA_4
[10:32:44] Fixed 2 duplicate /gene - rbr_1 rbr_2
[10:32:44] Fixed 3 duplicate /gene - fusA_1 fusA_2 fusA_3
[10:32:44] Fixed 2 duplicate /gene - yejF_1 yejF_2
[10:32:44] Fixed 2 duplicate /gene - fdhF_1 fdhF_2
[10:32:44] Fixed 2 duplicate /gene - glpC_1 glpC_2
[10:32:44] Fixed 3 duplicate /gene - intS_1 intS_2 intS_3
[10:32:44] Fixed 3 duplicate /gene - menH_1 menH_2 menH_3
[10:32:44] Fixed 3 duplicate /gene - cheY_1 cheY_2 cheY_3
[10:32:44] Fixed 2 duplicate /gene - dctB_1 dctB_2
[10:32:44] Fixed 2 duplicate /gene - smc_1 smc_2
[10:32:44] Fixed 4 duplicate /gene - yhdW_1 yhdW_2 yhdW_3 yhdW_4
[10:32:44] Fixed 2 duplicate /gene - yscN_1 yscN_2
[10:32:44] Fixed 2 duplicate /gene - hemE_1 hemE_2
[10:32:44] Fixed 2 duplicate /gene - hisC_1 hisC_2
[10:32:44] Fixed 2 duplicate /gene - fliF_1 fliF_2
[10:32:44] Fixed 2 duplicate /gene - cutD_1 cutD_2
[10:32:44] Fixed 2 duplicate /gene - der_1 der_2
[10:32:44] Fixed 2 duplicate /gene - gsiD_1 gsiD_2
[10:32:44] Fixed 4 duplicate /gene - nqrF_1 nqrF_2 nqrF_3 nqrF_4
[10:32:44] Fixed 2 duplicate /gene - serA_1 serA_2
[10:32:44] Fixed 2 duplicate /gene - relA_1 relA_2
[10:32:44] Fixed 2 duplicate /gene - dapL_1 dapL_2
[10:32:44] Fixed 2 duplicate /gene - metH_1 metH_2
[10:32:44] Fixed 2 duplicate /gene - hypD_1 hypD_2
[10:32:44] Fixed 2 duplicate /gene - cpoB_1 cpoB_2
[10:32:44] Fixed 2 duplicate /gene - yhdY_1 yhdY_2
[10:32:44] Fixed 2 duplicate /gene - dppC_1 dppC_2
[10:32:44] Fixed 20 duplicate /gene - sasA_1 sasA_2 sasA_3 sasA_4 sasA_5 sasA_6 sasA_7 sasA_8 sasA_9 sasA_10 sasA_11 sasA_12 sasA_13 sasA_14 sasA_15 sasA_16 sasA_17 sasA_18 sasA_19 sasA_20
[10:32:44] Fixed 3 duplicate /gene - acsE_1 acsE_2 acsE_3
[10:32:44] Fixed 2 duplicate /gene - rlmL_1 rlmL_2
[10:32:44] Fixed 2 duplicate /gene - sucD_1 sucD_2
[10:32:44] Fixed 2 duplicate /gene - tdh_1 tdh_2
[10:32:44] Fixed 2 duplicate /gene - lon_1 lon_2
[10:32:44] Fixed 4 duplicate /gene - zraR_1 zraR_2 zraR_3 zraR_4
[10:32:44] Fixed 2 duplicate /gene - lutR_1 lutR_2
[10:32:44] Fixed 3 duplicate /gene - aspC_1 aspC_2 aspC_3
[10:32:44] Fixed 4 duplicate /gene - ndhB_1 ndhB_2 ndhB_3 ndhB_4
[10:32:44] Fixed 3 duplicate /gene - recD2_1 recD2_2 recD2_3
[10:32:44] Fixed 2 duplicate /gene - fadA_1 fadA_2
[10:32:44] Fixed 3 duplicate /gene - ttrB_1 ttrB_2 ttrB_3
[10:32:44] Fixed 3 duplicate /gene - yabJ_1 yabJ_2 yabJ_3
[10:32:44] Fixed 2 duplicate /gene - ftsY_1 ftsY_2
[10:32:44] Fixed 2 duplicate /gene - ydhV_1 ydhV_2
[10:32:44] Fixed 2 duplicate /gene - carE_1 carE_2
[10:32:44] Fixed 2 duplicate /gene - dppA_1 dppA_2
[10:32:44] Fixed 2 duplicate /gene - gvpA_1 gvpA_2
[10:32:44] Fixed 7 duplicate /gene - rsxB_1 rsxB_2 rsxB_3 rsxB_4 rsxB_5 rsxB_6 rsxB_7
[10:32:44] Fixed 11 duplicate /gene - norR_1 norR_2 norR_3 norR_4 norR_5 norR_6 norR_7 norR_8 norR_9 norR_10 norR_11
[10:32:44] Fixed 2 duplicate /gene - moeA_1 moeA_2
[10:32:44] Fixed 2 duplicate /gene - ruvB_1 ruvB_2
[10:32:44] Fixed 2 duplicate /gene - acsA_1 acsA_2
[10:32:44] Fixed 2 duplicate /gene - cpdA_1 cpdA_2
[10:32:44] Fixed 2 duplicate /gene - recD_1 recD_2
[10:32:44] Fixed 4 duplicate /gene - pdxA2_1 pdxA2_2 pdxA2_3 pdxA2_4
[10:32:44] Fixed 5 duplicate /gene - glnQ_1 glnQ_2 glnQ_3 glnQ_4 glnQ_5
[10:32:44] Fixed 2 duplicate /gene - thrB_1 thrB_2
[10:32:44] Fixed 3 duplicate /gene - garR_1 garR_2 garR_3
[10:32:44] Fixed 2 duplicate /gene - glgC_1 glgC_2
[10:32:44] Fixed 3 duplicate /gene - napA_1 napA_2 napA_3
[10:32:44] Fixed 2 duplicate /gene - map_1 map_2
[10:32:44] Fixed 3 duplicate /gene - fabG_1 fabG_2 fabG_3
[10:32:44] Fixed 2 duplicate /gene - prs_1 prs_2
[10:32:44] Fixed 2 duplicate /gene - fprA_1 fprA_2
[10:32:44] Fixed 2 duplicate /gene - novN_1 novN_2
[10:32:44] Fixed 4 duplicate /gene - dnaJ_1 dnaJ_2 dnaJ_3 dnaJ_4
[10:32:44] Fixed 2 duplicate /gene - ftsA_1 ftsA_2
[10:32:44] Fixed 2 duplicate /gene - cugP_1 cugP_2
[10:32:44] Fixed 2 duplicate /gene - dapF_1 dapF_2
[10:32:44] Fixed 2 duplicate /gene - nudL_1 nudL_2
[10:32:44] Fixed 2 duplicate /gene - purF_1 purF_2
[10:32:44] Fixed 2 duplicate /gene - pyk_1 pyk_2
[10:32:44] Fixed 5 duplicate /gene - gsiC_1 gsiC_2 gsiC_3 gsiC_4 gsiC_5
[10:32:44] Fixed 2 duplicate /gene - dnaE_1 dnaE_2
[10:32:44] Fixed 2 duplicate /gene - dppD_1 dppD_2
[10:32:44] Fixed 2 duplicate /gene - sucC_1 sucC_2
[10:32:44] Fixed 2 duplicate /gene - speE_1 speE_2
[10:32:44] Fixed 2 duplicate /gene - ndhI_1 ndhI_2
[10:32:44] Fixed 3 duplicate /gene - ddpC_1 ddpC_2 ddpC_3
[10:32:44] Fixed 3 duplicate /gene - pomA_1 pomA_2 pomA_3
[10:32:44] Fixed 2 duplicate /gene - dksA_1 dksA_2
[10:32:44] Fixed 2 duplicate /gene - fabF_1 fabF_2
[10:32:44] Fixed 2 duplicate /gene - nuoM_1 nuoM_2
[10:32:44] Fixed 2 duplicate /gene - etfA_1 etfA_2
[10:32:44] Fixed 2 duplicate /gene - clsA_1 clsA_2
[10:32:44] Fixed 2 duplicate /gene - yfcJ_1 yfcJ_2
[10:32:44] Fixed 2 duplicate /gene - glpQ_1 glpQ_2
[10:32:44] Fixed 2 duplicate /gene - rapA_1 rapA_2
[10:32:44] Fixed 2 duplicate /gene - rhtB_1 rhtB_2
[10:32:44] Fixed 2 duplicate /gene - mtgB_1 mtgB_2
[10:32:44] Fixed 3 duplicate /gene - oppD_1 oppD_2 oppD_3
[10:32:44] Fixed 8 duplicate /gene - xerC_1 xerC_2 xerC_3 xerC_4 xerC_5 xerC_6 xerC_7 xerC_8
[10:32:44] Fixed 2 duplicate /gene - aroK_1 aroK_2
[10:32:44] Fixed 2 duplicate /gene - pnp_1 pnp_2
[10:32:44] Fixed 2 duplicate /gene - fliP_1 fliP_2
[10:32:44] Fixed 11 duplicate /gene - dctM_1 dctM_2 dctM_3 dctM_4 dctM_5 dctM_6 dctM_7 dctM_8 dctM_9 dctM_10 dctM_11
[10:32:44] Fixed 4 duplicate /gene - mdtA_1 mdtA_2 mdtA_3 mdtA_4
[10:32:44] Fixed 2 duplicate /gene - eno_1 eno_2
[10:32:44] Fixed 3 duplicate /gene - mltF_1 mltF_2 mltF_3
[10:32:44] Fixed 4 duplicate /gene - perR_1 perR_2 perR_3 perR_4
[10:32:44] Fixed 2 duplicate /gene - hmuU_1 hmuU_2
[10:32:44] Fixed 2 duplicate /gene - nth_1 nth_2
[10:32:44] Fixed 3 duplicate /gene - pilT_1 pilT_2 pilT_3
[10:32:44] Fixed 3 duplicate /gene - fadF_1 fadF_2 fadF_3
[10:32:44] Fixed 2 duplicate /gene - abo_1 abo_2
[10:32:44] Fixed 2 duplicate /gene - ilvD_1 ilvD_2
[10:32:44] Fixed 2 duplicate /gene - metXA_1 metXA_2
[10:32:44] Fixed 2 duplicate /gene - algA_1 algA_2
[10:32:44] Fixed 2 duplicate /gene - nagR_1 nagR_2
[10:32:44] Fixed 3 duplicate /gene - trmO_1 trmO_2 trmO_3
[10:32:44] Fixed 3 duplicate /gene - larA_1 larA_2 larA_3
[10:32:44] Fixed 5 duplicate /gene - pal_1 pal_2 pal_3 pal_4 pal_5
[10:32:44] Fixed 4 duplicate /gene - htpX_1 htpX_2 htpX_3 htpX_4
[10:32:44] Fixed 2 duplicate /gene - dppB_1 dppB_2
[10:32:44] Fixed 2 duplicate /gene - yheI_1 yheI_2
[10:32:44] Fixed 2 duplicate /gene - ytrE_1 ytrE_2
[10:32:44] Fixed 2 duplicate /gene - cheB_1 cheB_2
[10:32:44] Fixed 2 duplicate /gene - mmgC_1 mmgC_2
[10:32:44] Fixed 2 duplicate /gene - ihfA_1 ihfA_2
[10:32:44] Fixed 2 duplicate /gene - padE_1 padE_2
[10:32:44] Fixed 2 duplicate /gene - hcp_1 hcp_2
[10:32:44] Fixed 2 duplicate /gene - petC_1 petC_2
[10:32:44] Fixed 6 duplicate /gene - rssB_1 rssB_2 rssB_3 rssB_4 rssB_5 rssB_6
[10:32:44] Fixed 2 duplicate /gene - polC_1 polC_2
[10:32:44] Fixed 4 duplicate /gene - potA_1 potA_2 potA_3 potA_4
[10:32:44] Fixed 2 duplicate /gene - epsF_1 epsF_2
[10:32:44] Fixed 2 duplicate /gene - moaA_1 moaA_2
[10:32:44] Fixed 2 duplicate /gene - czcA_1 czcA_2
[10:32:44] Fixed 2 duplicate /gene - nuoI_1 nuoI_2
[10:32:44] Fixed 3 duplicate /gene - actP_1 actP_2 actP_3
[10:32:44] Fixed 2 duplicate /gene - etfB_1 etfB_2
[10:32:44] Fixed 2 duplicate /gene - rhlE_1 rhlE_2
[10:32:44] Fixed 2 duplicate /gene - soj_1 soj_2
[10:32:44] Fixed 2 duplicate /gene - yedA_1 yedA_2
[10:32:44] Fixed 3 duplicate /gene - flgI_1 flgI_2 flgI_3
[10:32:44] Fixed 5 duplicate /gene - korA_1 korA_2 korA_3 korA_4 korA_5
[10:32:44] Fixed 2 duplicate /gene - atpF_1 atpF_2
[10:32:44] Fixed 2 duplicate /gene - zupT_1 zupT_2
[10:32:44] Fixed 2 duplicate /gene - acpP_1 acpP_2
[10:32:44] Fixed 3 duplicate /gene - btuD_1 btuD_2 btuD_3
[10:32:44] Fixed 3 duplicate /gene - cmpR_1 cmpR_2 cmpR_3
[10:32:44] Fixed 2 duplicate /gene - amiD_1 amiD_2
[10:32:44] Fixed 4 duplicate /gene - lutA_1 lutA_2 lutA_3 lutA_4
[10:32:44] Fixed 2 duplicate /gene - IMPDH_1 IMPDH_2
[10:32:44] Fixed 4 duplicate /gene - yknY_1 yknY_2 yknY_3 yknY_4
[10:32:44] Fixed 2 duplicate /gene - sfrA_1 sfrA_2
[10:32:44] Fixed 2 duplicate /gene - paaK_1 paaK_2
[10:32:44] Fixed 2 duplicate /gene - flgG_1 flgG_2
[10:32:44] Fixed 2 duplicate /gene - sctC_1 sctC_2
[10:32:44] Fixed 208 colliding /gene names.
[10:32:44] Adding /locus_tag identifiers
[10:32:44] Assigned 3001 locus_tags to CDS and RNA features.
[10:32:44] Writing outputs to ../../Data/Chen_Analysis/Prokka/Bacteria/GOMC.bin.15317/
[10:32:44] Generating annotation statistics file
[10:32:44] Generating Genbank and Sequin files
[10:32:44] Running: tbl2asn -V b -a r10k -l paired-ends -M n -N 1 -y 'Annotated using prokka 1.14.6 from https://github.com/tseemann/prokka' -Z \.\.\/\.\.\/Data\/Chen_Analysis\/Prokka\/Bacteria\/GOMC\.bin\.15317\/GOMC\.bin\.15317\.err -i \.\.\/\.\.\/Data\/Chen_Analysis\/Prokka\/Bacteria\/GOMC\.bin\.15317\/GOMC\.bin\.15317\.fsa 2> /dev/null
[10:32:47] Deleting unwanted file: ../../Data/Chen_Analysis/Prokka/Bacteria/GOMC.bin.15317/errorsummary.val
[10:32:47] Deleting unwanted file: ../../Data/Chen_Analysis/Prokka/Bacteria/GOMC.bin.15317/GOMC.bin.15317.dr
[10:32:47] Deleting unwanted file: ../../Data/Chen_Analysis/Prokka/Bacteria/GOMC.bin.15317/GOMC.bin.15317.fixedproducts
[10:32:47] Deleting unwanted file: ../../Data/Chen_Analysis/Prokka/Bacteria/GOMC.bin.15317/GOMC.bin.15317.ecn
[10:32:47] Deleting unwanted file: ../../Data/Chen_Analysis/Prokka/Bacteria/GOMC.bin.15317/GOMC.bin.15317.val
[10:32:47] Repairing broken .GBK output that tbl2asn produces...
[10:32:47] Running: sed 's/COORDINATES: profile/COORDINATES:profile/' < \.\.\/\.\.\/Data\/Chen_Analysis\/Prokka\/Bacteria\/GOMC\.bin\.15317\/GOMC\.bin\.15317\.gbf > \.\.\/\.\.\/Data\/Chen_Analysis\/Prokka\/Bacteria\/GOMC\.bin\.15317\/GOMC\.bin\.15317\.gbk
[10:32:47] Deleting unwanted file: ../../Data/Chen_Analysis/Prokka/Bacteria/GOMC.bin.15317/GOMC.bin.15317.gbf
[10:32:47] Output files:
[10:32:47] ../../Data/Chen_Analysis/Prokka/Bacteria/GOMC.bin.15317/GOMC.bin.15317.tsv
[10:32:47] ../../Data/Chen_Analysis/Prokka/Bacteria/GOMC.bin.15317/GOMC.bin.15317.ffn
[10:32:47] ../../Data/Chen_Analysis/Prokka/Bacteria/GOMC.bin.15317/GOMC.bin.15317.faa
[10:32:47] ../../Data/Chen_Analysis/Prokka/Bacteria/GOMC.bin.15317/GOMC.bin.15317.fna
[10:32:47] ../../Data/Chen_Analysis/Prokka/Bacteria/GOMC.bin.15317/GOMC.bin.15317.sqn
[10:32:47] ../../Data/Chen_Analysis/Prokka/Bacteria/GOMC.bin.15317/GOMC.bin.15317.fsa
[10:32:47] ../../Data/Chen_Analysis/Prokka/Bacteria/GOMC.bin.15317/GOMC.bin.15317.tbl
[10:32:47] ../../Data/Chen_Analysis/Prokka/Bacteria/GOMC.bin.15317/GOMC.bin.15317.log
[10:32:47] ../../Data/Chen_Analysis/Prokka/Bacteria/GOMC.bin.15317/GOMC.bin.15317.gff
[10:32:47] ../../Data/Chen_Analysis/Prokka/Bacteria/GOMC.bin.15317/GOMC.bin.15317.gbk
[10:32:47] ../../Data/Chen_Analysis/Prokka/Bacteria/GOMC.bin.15317/GOMC.bin.15317.err
[10:32:47] ../../Data/Chen_Analysis/Prokka/Bacteria/GOMC.bin.15317/GOMC.bin.15317.txt
[10:32:47] Annotation finished successfully.
[10:32:47] Walltime used: 1.30 minutes
[10:32:47] If you use this result please cite the Prokka paper:
[10:32:47] Seemann T (2014) Prokka: rapid prokaryotic genome annotation. Bioinformatics. 30(14):2068-9.
[10:32:47] Type 'prokka --citation' for more details.
[10:32:47] Thank you, come again.
