[07:26:11] This is prokka 1.14.6
[07:26:11] Written by Torsten Seemann <torsten.seemann@gmail.com>
[07:26:11] Homepage is https://github.com/tseemann/prokka
[07:26:11] Local time is Mon Dec  1 07:26:11 2025
[07:26:11] You are joao_facio
[07:26:11] Operating system is linux
[07:26:11] You have BioPerl 1.7.8
[07:26:11] System has 12 cores.
[07:26:11] Will use maximum of 4 cores.
[07:26:11] Annotating as >>> Archaea <<<
[07:26:11] Generating locus_tag from '/tmp/tmp6gns85ah/GOMC.bin.3887.fa' contents.
[07:26:11] Setting --locustag PBHNMHAL from MD5 9b1761a5be611273843a0420273d9e76
[07:26:11] Creating new output folder: ../../Data/Chen_Analysis/Prokka/Archaea/GOMC.bin.3887
[07:26:11] Running: mkdir -p \.\.\/\.\.\/Data\/Chen_Analysis\/Prokka\/Archaea\/GOMC\.bin\.3887
[07:26:11] Using filename prefix: GOMC.bin.3887.XXX
[07:26:11] Setting HMMER_NCPU=1
[07:26:11] Writing log to: ../../Data/Chen_Analysis/Prokka/Archaea/GOMC.bin.3887/GOMC.bin.3887.log
[07:26:11] Command: /home/joao_facio/miniconda3/envs/prokka/bin/prokka --outdir ../../Data/Chen_Analysis/Prokka/Archaea/GOMC.bin.3887 --prefix GOMC.bin.3887 --kingdom Archaea --genus Thermococcus --strain GOMC.bin.3887 --cpus 4 --force /tmp/tmp6gns85ah/GOMC.bin.3887.fa
[07:26:11] Appending to PATH: /home/joao_facio/miniconda3/envs/prokka/bin
[07:26:11] Looking for 'aragorn' - found /home/joao_facio/miniconda3/envs/prokka/bin/aragorn
[07:26:11] Determined aragorn version is 001002 from 'ARAGORN v1.2.41 Dean Laslett'
[07:26:11] Looking for 'barrnap' - found /home/joao_facio/miniconda3/envs/prokka/bin/barrnap
[07:26:11] Determined barrnap version is 000009 from 'barrnap 0.9'
[07:26:11] Looking for 'blastp' - found /home/joao_facio/miniconda3/envs/prokka/bin/blastp
[07:26:11] Determined blastp version is 002016 from 'blastp: 2.16.0+'
[07:26:11] Looking for 'cmpress' - found /home/joao_facio/miniconda3/envs/prokka/bin/cmpress
[07:26:11] Determined cmpress version is 001001 from '# INFERNAL 1.1.5 (Sep 2023)'
[07:26:11] Looking for 'cmscan' - found /home/joao_facio/miniconda3/envs/prokka/bin/cmscan
[07:26:11] Determined cmscan version is 001001 from '# INFERNAL 1.1.5 (Sep 2023)'
[07:26:11] Looking for 'egrep' - found /usr/bin/egrep
[07:26:11] Looking for 'find' - found /usr/bin/find
[07:26:11] Looking for 'grep' - found /usr/bin/grep
[07:26:11] Looking for 'hmmpress' - found /home/joao_facio/miniconda3/envs/prokka/bin/hmmpress
[07:26:11] Determined hmmpress version is 003004 from '# HMMER 3.4 (Aug 2023); http://hmmer.org/'
[07:26:11] Looking for 'hmmscan' - found /home/joao_facio/miniconda3/envs/prokka/bin/hmmscan
[07:26:11] Determined hmmscan version is 003004 from '# HMMER 3.4 (Aug 2023); http://hmmer.org/'
[07:26:11] Looking for 'java' - found /home/joao_facio/miniconda3/envs/prokka/bin/java
[07:26:11] Looking for 'makeblastdb' - found /home/joao_facio/miniconda3/envs/prokka/bin/makeblastdb
[07:26:12] Determined makeblastdb version is 002016 from 'makeblastdb: 2.16.0+'
[07:26:12] Looking for 'minced' - found /home/joao_facio/miniconda3/envs/prokka/bin/minced
[07:26:12] Determined minced version is 004002 from 'minced 0.4.2'
[07:26:12] Looking for 'parallel' - found /home/joao_facio/miniconda3/envs/prokka/bin/parallel
[07:26:12] Determined parallel version is 20251122 from 'GNU parallel 20251122'
[07:26:12] Looking for 'prodigal' - found /home/joao_facio/miniconda3/envs/prokka/bin/prodigal
[07:26:12] Determined prodigal version is 002006 from 'Prodigal V2.6.3: February, 2016'
[07:26:12] Looking for 'prokka-genbank_to_fasta_db' - found /home/joao_facio/miniconda3/envs/prokka/bin/prokka-genbank_to_fasta_db
[07:26:12] Looking for 'sed' - found /usr/bin/sed
[07:26:12] Looking for 'tbl2asn' - found /home/joao_facio/miniconda3/envs/prokka/bin/tbl2asn
[07:26:12] Determined tbl2asn version is 025007 from 'tbl2asn 25.7   arguments:'
[07:26:12] Using genetic code table 11.
[07:26:12] Loading and checking input file: /tmp/tmp6gns85ah/GOMC.bin.3887.fa
[07:26:12] Wrote 213 contigs totalling 1316188 bp.
[07:26:12] Predicting tRNAs and tmRNAs
[07:26:12] Running: aragorn -l -gc11  -w \.\.\/\.\.\/Data\/Chen_Analysis\/Prokka\/Archaea\/GOMC\.bin\.3887\/GOMC\.bin\.3887\.fna
[07:26:12] 1 tRNA-Arg [6281,6358] 36 (ccg)
[07:26:12] 1 tRNA-Leu c[2997,3084] 37 (gag)
[07:26:12] Found 2 tRNAs
[07:26:12] Predicting Ribosomal RNAs
[07:26:12] Running Barrnap with 4 threads
[07:26:12] Found 0 rRNAs
[07:26:12] Skipping ncRNA search, enable with --rfam if desired.
[07:26:12] Total of 2 tRNA + rRNA features
[07:26:12] Searching for CRISPR repeats
[07:26:12] Found 0 CRISPRs
[07:26:12] Predicting coding sequences
[07:26:12] Contigs total 1316188 bp, so using single mode
[07:26:12] Running: prodigal -i \.\.\/\.\.\/Data\/Chen_Analysis\/Prokka\/Archaea\/GOMC\.bin\.3887\/GOMC\.bin\.3887\.fna -c -m -g 11 -p single -f sco -q
[07:26:13] Found 1434 CDS
[07:26:13] Connecting features back to sequences
[07:26:13] Not using genus-specific database. Try --usegenus to enable it.
[07:26:13] Annotating CDS, please be patient.
[07:26:13] Will use 4 CPUs for similarity searching.
[07:26:13] There are still 1434 unannotated CDS left (started with 1434)
[07:26:13] Will use blast to search against /home/joao_facio/miniconda3/envs/prokka/db/kingdom/Archaea/sprot with 4 CPUs
[07:26:13] Running: cat \.\.\/\.\.\/Data\/Chen_Analysis\/Prokka\/Archaea\/GOMC\.bin\.3887\/GOMC\.bin\.3887\.sprot\.tmp\.3106090\.faa | parallel --gnu --plain -j 4 --block 47621 --recstart '>' --pipe blastp -query - -db /home/joao_facio/miniconda3/envs/prokka/db/kingdom/Archaea/sprot -evalue 1e-09 -qcov_hsp_perc 80 -num_threads 1 -num_descriptions 1 -num_alignments 1 -seg no > \.\.\/\.\.\/Data\/Chen_Analysis\/Prokka\/Archaea\/GOMC\.bin\.3887\/GOMC\.bin\.3887\.sprot\.tmp\.3106090\.blast 2> /dev/null
[07:26:16] Modify product: Uncharacterized HTH-type transcriptional regulator PH0061 => putative HTH-type transcriptional regulator
[07:26:16] Modify product: Probable metalloprotease HVO_1016 => putative metalloprotease
[07:26:16] Modify product: RutC family protein PH0854 => RutC family protein
[07:26:16] Modify product: Probable copper-exporting P-type ATPase => putative copper-exporting P-type ATPase
[07:26:16] Modify product: UPF0147 protein Ta0600 => hypothetical protein
[07:26:16] Modify product: Uncharacterized ABC transporter ATP-binding protein MJ0796 => putative ABC transporter ATP-binding protein
[07:26:16] Modify product: Uncharacterized HTH-type transcriptional regulator PH1519 => putative HTH-type transcriptional regulator
[07:26:16] Modify product: Uncharacterized ABC transporter ATP-binding protein MJ0796 => putative ABC transporter ATP-binding protein
[07:26:16] Modify product: UPF0215 protein AF_1433 => hypothetical protein
[07:26:16] Modify product: Probable ribosomal RNA small subunit methyltransferase A => putative ribosomal RNA small subunit methyltransferase A
[07:26:16] Modify product: Uncharacterized protein MJ0039 => putative protein
[07:26:16] Modify product: Phosphodiesterase MJ0936 => Phosphodiesterase
[07:26:16] Modify product: Probable membrane-bound hydrogenase subunit mbhJ => putative membrane-bound hydrogenase subunit mbhJ
[07:26:16] Modify product: Probable membrane-bound hydrogenase subunit mbhJ => putative membrane-bound hydrogenase subunit mbhJ
[07:26:16] Modify product: Uncharacterized HTH-type transcriptional regulator PH1519 => putative HTH-type transcriptional regulator
[07:26:16] Modify product: Probable ATP-dependent RNA helicase MJ0669 => putative ATP-dependent RNA helicase
[07:26:16] Modify product: Uncharacterized HTH-type transcriptional regulator PH0140 => putative HTH-type transcriptional regulator
[07:26:16] Modify product: Probable ribonuclease FAU-1 => putative ribonuclease FAU-1
[07:26:16] Modify product: UPF0273 protein PH0284 => hypothetical protein
[07:26:16] Modify product: UPF0273 protein PH0284 => hypothetical protein
[07:26:16] Modify product: Protein pelota homolog => Protein pelota 
[07:26:16] Modify product: Uncharacterized HTH-type transcriptional regulator PH1519 => putative HTH-type transcriptional regulator
[07:26:16] Modify product: Uncharacterized protein MJ1311 => putative protein
[07:26:16] Modify product: Sugar fermentation stimulation protein homolog => Sugar fermentation stimulation protein 
[07:26:16] Modify product: Probable branched-chain amino acid transport ATP-binding protein LivG => putative branched-chain amino acid transport ATP-binding protein LivG
[07:26:16] Modify product: UPF0045 protein MTH_1187 => hypothetical protein
[07:26:16] Modify product: Probable tRNA pseudouridine synthase B => putative tRNA pseudouridine synthase B
[07:26:16] Modify product: Glutamate transporter homolog => Glutamate transporter 
[07:26:16] Modify product: UPF0273 protein PH0284 => hypothetical protein
[07:26:16] Modify product: RNA-binding protein PAB1135 => RNA-binding protein
[07:26:16] Modify product: 1,4-alpha-glucan branching enzyme TK1436 => 1,4-alpha-glucan branching enzyme
[07:26:16] Modify product: Uncharacterized nitrogen regulatory PII-like protein MJ0059 => putative nitrogen regulatory PII-like protein
[07:26:16] Modify product: Uncharacterized HTH-type transcriptional regulator PF0864 => putative HTH-type transcriptional regulator
[07:26:16] Modify product: Protein Ta0487 => Protein
[07:26:16] Modify product: UPF0045 protein MTH_1187 => hypothetical protein
[07:26:16] Modify product: Uncharacterized protein MJ0783 => putative protein
[07:26:16] Modify product: UPF0201 protein PH1010 => hypothetical protein
[07:26:16] Modify product: UPF0200/UPF0201 protein AF_1395 => hypothetical protein
[07:26:16] Modify product: Uncharacterized protein MJ0690 => putative protein
[07:26:16] Modify product: DNA-binding protein SSO0352 => DNA-binding protein
[07:26:16] Modify product: Universal stress protein MJ0577 => Universal stress protein
[07:26:16] Modify product: UPF0107 protein AF_0055 => hypothetical protein
[07:26:16] Modify product: ATP-dependent DNA helicase Ta0057 => ATP-dependent DNA helicase
[07:26:16] Modify product: UPF0273 protein PH0284 => hypothetical protein
[07:26:16] Modify product: Ribosome maturation protein SDO1 homolog => Ribosome maturation protein SDO1 
[07:26:16] Modify product: Membrane-bound protease PH1510 => Membrane-bound protease
[07:26:16] Modify product: Stomatin homolog PH1511 => Stomatin
[07:26:16] Modify product: Uncharacterized membrane protein MJ0091 => putative membrane protein
[07:26:16] Modify product: Probable tRNA pseudouridine synthase D => putative tRNA pseudouridine synthase D
[07:26:16] Modify product: Uncharacterized protein MJ1198 => putative protein
[07:26:16] Modify product: Trk system potassium uptake protein TrkA homolog => Trk system potassium uptake protein TrkA 
[07:26:16] Modify product: Uncharacterized protein MJ0754 => putative protein
[07:26:16] Modify product: Phosphodiesterase MJ0936 => Phosphodiesterase
[07:26:16] Modify product: Polyribonucleotide 5'-hydroxyl-kinase PH0197 => Polyribonucleotide 5'-hydroxyl-kinase
[07:26:16] Modify product: Probable GTP-binding protein EngB => putative GTP-binding protein EngB
[07:26:16] Cleaned 55 /product names
[07:26:16] Deleting unwanted file: ../../Data/Chen_Analysis/Prokka/Archaea/GOMC.bin.3887/GOMC.bin.3887.sprot.tmp.3106090.faa
[07:26:16] Deleting unwanted file: ../../Data/Chen_Analysis/Prokka/Archaea/GOMC.bin.3887/GOMC.bin.3887.sprot.tmp.3106090.blast
[07:26:16] There are still 1014 unannotated CDS left (started with 1434)
[07:26:16] Will use hmmer3 to search against /home/joao_facio/miniconda3/envs/prokka/db/hmm/HAMAP.hmm with 4 CPUs
[07:26:16] Running: cat \.\.\/\.\.\/Data\/Chen_Analysis\/Prokka\/Archaea\/GOMC\.bin\.3887\/GOMC\.bin\.3887\.HAMAP\.hmm\.tmp\.3106090\.faa | parallel --gnu --plain -j 4 --block 32557 --recstart '>' --pipe hmmscan --noali --notextw --acc -E 1e-09 --cpu 1 /home/joao_facio/miniconda3/envs/prokka/db/hmm/HAMAP.hmm /dev/stdin > \.\.\/\.\.\/Data\/Chen_Analysis\/Prokka\/Archaea\/GOMC\.bin\.3887\/GOMC\.bin\.3887\.HAMAP\.hmm\.tmp\.3106090\.hmmer3 2> /dev/null
[07:26:23] Modify product: Uncharacterized MFS-type transporter YfcJ => putative MFS-type transporter YfcJ
[07:26:23] Cleaned 1 /product names
[07:26:23] Deleting unwanted file: ../../Data/Chen_Analysis/Prokka/Archaea/GOMC.bin.3887/GOMC.bin.3887.HAMAP.hmm.tmp.3106090.faa
[07:26:23] Deleting unwanted file: ../../Data/Chen_Analysis/Prokka/Archaea/GOMC.bin.3887/GOMC.bin.3887.HAMAP.hmm.tmp.3106090.hmmer3
[07:26:23] Labelling remaining 852 proteins as 'hypothetical protein'
[07:26:23] Possible /pseudo 'Vitamin B12 import ATP-binding protein BtuD' at SRR8439171_k53_9245_1 position 8850
[07:26:23] Possible /pseudo 'tRNA sulfurtransferase' at SRR8439171_k53_33972_1 position 9623
[07:26:23] Possible /pseudo 'Iron-sulfur cluster carrier protein' at SRR8439171_k53_79249_1 position 3244
[07:26:23] Possible /pseudo 'Vitamin B12 import ATP-binding protein BtuD' at SRR8439171_k53_232004_1 position 9101
[07:26:23] Possible /pseudo 'NAD(P)H-quinone oxidoreductase subunit 2, chloroplastic' at SRR8439171_k53_417921_1 position 2492
[07:26:23] Possible /pseudo 'Vitamin B12 import ATP-binding protein BtuD' at SRR8439171_k53_495026_1 position 3379
[07:26:23] Found 353 unique /gene codes.
[07:26:23] Fixed 2 duplicate /gene - ndhI_1 ndhI_2
[07:26:23] Fixed 2 duplicate /gene - malE_1 malE_2
[07:26:23] Fixed 2 duplicate /gene - kefB_1 kefB_2
[07:26:23] Fixed 4 duplicate /gene - thiL_1 thiL_2 thiL_3 thiL_4
[07:26:23] Fixed 2 duplicate /gene - nadE_1 nadE_2
[07:26:23] Fixed 2 duplicate /gene - mbhL_1 mbhL_2
[07:26:23] Fixed 2 duplicate /gene - htpX_1 htpX_2
[07:26:23] Fixed 2 duplicate /gene - ndhE_1 ndhE_2
[07:26:23] Fixed 2 duplicate /gene - mshA_1 mshA_2
[07:26:23] Fixed 2 duplicate /gene - lysJ_1 lysJ_2
[07:26:23] Fixed 2 duplicate /gene - speE_1 speE_2
[07:26:23] Fixed 2 duplicate /gene - der_1 der_2
[07:26:23] Fixed 2 duplicate /gene - aglB1_1 aglB1_2
[07:26:23] Fixed 2 duplicate /gene - tfb_1 tfb_2
[07:26:23] Fixed 2 duplicate /gene - fpoL_1 fpoL_2
[07:26:23] Fixed 3 duplicate /gene - ndhK_1 ndhK_2 ndhK_3
[07:26:23] Fixed 2 duplicate /gene - malF_1 malF_2
[07:26:23] Fixed 2 duplicate /gene - ecfT_1 ecfT_2
[07:26:23] Fixed 2 duplicate /gene - lon_1 lon_2
[07:26:23] Fixed 3 duplicate /gene - acdAI_1 acdAI_2 acdAI_3
[07:26:23] Fixed 3 duplicate /gene - pepQ_1 pepQ_2 pepQ_3
[07:26:23] Fixed 2 duplicate /gene - miaB_1 miaB_2
[07:26:23] Fixed 2 duplicate /gene - cpdA_1 cpdA_2
[07:26:23] Fixed 2 duplicate /gene - actP_1 actP_2
[07:26:23] Fixed 2 duplicate /gene - sudB_1 sudB_2
[07:26:23] Fixed 2 duplicate /gene - smc_1 smc_2
[07:26:23] Fixed 5 duplicate /gene - malK_1 malK_2 malK_3 malK_4 malK_5
[07:26:23] Fixed 2 duplicate /gene - COQ5_1 COQ5_2
[07:26:23] Fixed 2 duplicate /gene - aspS_1 aspS_2
[07:26:23] Fixed 2 duplicate /gene - mbhK_1 mbhK_2
[07:26:23] Fixed 2 duplicate /gene - dadD_1 dadD_2
[07:26:23] Fixed 2 duplicate /gene - icmF_1 icmF_2
[07:26:23] Fixed 3 duplicate /gene - fpoN_1 fpoN_2 fpoN_3
[07:26:23] Fixed 16 duplicate /gene - btuD_1 btuD_2 btuD_3 btuD_4 btuD_5 btuD_6 btuD_7 btuD_8 btuD_9 btuD_10 btuD_11 btuD_12 btuD_13 btuD_14 btuD_15 btuD_16
[07:26:23] Fixed 2 duplicate /gene - rsxB_1 rsxB_2
[07:26:23] Fixed 4 duplicate /gene - glcV_1 glcV_2 glcV_3 glcV_4
[07:26:23] Fixed 2 duplicate /gene - gatD_1 gatD_2
[07:26:23] Fixed 2 duplicate /gene - obg_1 obg_2
[07:26:23] Fixed 2 duplicate /gene - psmB_1 psmB_2
[07:26:23] Fixed 3 duplicate /gene - fpoH_1 fpoH_2 fpoH_3
[07:26:23] Fixed 4 duplicate /gene - moaA_1 moaA_2 moaA_3 moaA_4
[07:26:23] Fixed 2 duplicate /gene - cas3_1 cas3_2
[07:26:23] Fixed 2 duplicate /gene - mbhJ_1 mbhJ_2
[07:26:23] Fixed 2 duplicate /gene - korA_1 korA_2
[07:26:23] Fixed 7 duplicate /gene - ndhB_1 ndhB_2 ndhB_3 ndhB_4 ndhB_5 ndhB_6 ndhB_7
[07:26:23] Fixed 4 duplicate /gene - gph_1 gph_2 gph_3 gph_4
[07:26:23] Fixed 4 duplicate /gene - IMPDH_1 IMPDH_2 IMPDH_3 IMPDH_4
[07:26:23] Fixed 2 duplicate /gene - rbn_1 rbn_2
[07:26:23] Fixed 2 duplicate /gene - coaD_1 coaD_2
[07:26:23] Fixed 2 duplicate /gene - samp3_1 samp3_2
[07:26:23] Fixed 2 duplicate /gene - thrC_1 thrC_2
[07:26:23] Fixed 2 duplicate /gene - korC_1 korC_2
[07:26:23] Fixed 2 duplicate /gene - glmU_1 glmU_2
[07:26:23] Fixed 2 duplicate /gene - thiI_1 thiI_2
[07:26:23] Fixed 2 duplicate /gene - prmC_1 prmC_2
[07:26:23] Fixed 55 colliding /gene names.
[07:26:23] Adding /locus_tag identifiers
[07:26:23] Assigned 1436 locus_tags to CDS and RNA features.
[07:26:23] Writing outputs to ../../Data/Chen_Analysis/Prokka/Archaea/GOMC.bin.3887/
[07:26:24] Generating annotation statistics file
[07:26:24] Generating Genbank and Sequin files
[07:26:24] Running: tbl2asn -V b -a r10k -l paired-ends -M n -N 1 -y 'Annotated using prokka 1.14.6 from https://github.com/tseemann/prokka' -Z \.\.\/\.\.\/Data\/Chen_Analysis\/Prokka\/Archaea\/GOMC\.bin\.3887\/GOMC\.bin\.3887\.err -i \.\.\/\.\.\/Data\/Chen_Analysis\/Prokka\/Archaea\/GOMC\.bin\.3887\/GOMC\.bin\.3887\.fsa 2> /dev/null
[07:26:25] Deleting unwanted file: ../../Data/Chen_Analysis/Prokka/Archaea/GOMC.bin.3887/errorsummary.val
[07:26:25] Deleting unwanted file: ../../Data/Chen_Analysis/Prokka/Archaea/GOMC.bin.3887/GOMC.bin.3887.dr
[07:26:25] Deleting unwanted file: ../../Data/Chen_Analysis/Prokka/Archaea/GOMC.bin.3887/GOMC.bin.3887.fixedproducts
[07:26:25] Deleting unwanted file: ../../Data/Chen_Analysis/Prokka/Archaea/GOMC.bin.3887/GOMC.bin.3887.ecn
[07:26:25] Deleting unwanted file: ../../Data/Chen_Analysis/Prokka/Archaea/GOMC.bin.3887/GOMC.bin.3887.val
[07:26:25] Repairing broken .GBK output that tbl2asn produces...
[07:26:25] Running: sed 's/COORDINATES: profile/COORDINATES:profile/' < \.\.\/\.\.\/Data\/Chen_Analysis\/Prokka\/Archaea\/GOMC\.bin\.3887\/GOMC\.bin\.3887\.gbf > \.\.\/\.\.\/Data\/Chen_Analysis\/Prokka\/Archaea\/GOMC\.bin\.3887\/GOMC\.bin\.3887\.gbk
[07:26:25] Deleting unwanted file: ../../Data/Chen_Analysis/Prokka/Archaea/GOMC.bin.3887/GOMC.bin.3887.gbf
[07:26:25] Output files:
[07:26:25] ../../Data/Chen_Analysis/Prokka/Archaea/GOMC.bin.3887/GOMC.bin.3887.err
[07:26:25] ../../Data/Chen_Analysis/Prokka/Archaea/GOMC.bin.3887/GOMC.bin.3887.faa
[07:26:25] ../../Data/Chen_Analysis/Prokka/Archaea/GOMC.bin.3887/GOMC.bin.3887.txt
[07:26:25] ../../Data/Chen_Analysis/Prokka/Archaea/GOMC.bin.3887/GOMC.bin.3887.sqn
[07:26:25] ../../Data/Chen_Analysis/Prokka/Archaea/GOMC.bin.3887/GOMC.bin.3887.log
[07:26:25] ../../Data/Chen_Analysis/Prokka/Archaea/GOMC.bin.3887/GOMC.bin.3887.gbk
[07:26:25] ../../Data/Chen_Analysis/Prokka/Archaea/GOMC.bin.3887/GOMC.bin.3887.fsa
[07:26:25] ../../Data/Chen_Analysis/Prokka/Archaea/GOMC.bin.3887/GOMC.bin.3887.tbl
[07:26:25] ../../Data/Chen_Analysis/Prokka/Archaea/GOMC.bin.3887/GOMC.bin.3887.tsv
[07:26:25] ../../Data/Chen_Analysis/Prokka/Archaea/GOMC.bin.3887/GOMC.bin.3887.fna
[07:26:25] ../../Data/Chen_Analysis/Prokka/Archaea/GOMC.bin.3887/GOMC.bin.3887.ffn
[07:26:25] ../../Data/Chen_Analysis/Prokka/Archaea/GOMC.bin.3887/GOMC.bin.3887.gff
[07:26:25] Annotation finished successfully.
[07:26:25] Walltime used: 0.23 minutes
[07:26:25] If you use this result please cite the Prokka paper:
[07:26:25] Seemann T (2014) Prokka: rapid prokaryotic genome annotation. Bioinformatics. 30(14):2068-9.
[07:26:25] Type 'prokka --citation' for more details.
[07:26:25] Thank you, come again.
