[09:04:47] This is prokka 1.14.6
[09:04:47] Written by Torsten Seemann <torsten.seemann@gmail.com>
[09:04:47] Homepage is https://github.com/tseemann/prokka
[09:04:47] Local time is Mon Dec  1 09:04:47 2025
[09:04:47] You are joao_facio
[09:04:47] Operating system is linux
[09:04:47] You have BioPerl 1.7.8
[09:04:47] System has 12 cores.
[09:04:47] Will use maximum of 4 cores.
[09:04:47] Annotating as >>> Bacteria <<<
[09:04:47] Generating locus_tag from '/tmp/tmp6gns85ah/GOMC.bin.15939.fa' contents.
[09:04:47] Setting --locustag GOJHOIDE from MD5 083182de9838c7ab6ce7ea5db6010335
[09:04:47] Creating new output folder: ../../Data/Chen_Analysis/Prokka/Bacteria/GOMC.bin.15939
[09:04:47] Running: mkdir -p \.\.\/\.\.\/Data\/Chen_Analysis\/Prokka\/Bacteria\/GOMC\.bin\.15939
[09:04:47] Using filename prefix: GOMC.bin.15939.XXX
[09:04:47] Setting HMMER_NCPU=1
[09:04:47] Writing log to: ../../Data/Chen_Analysis/Prokka/Bacteria/GOMC.bin.15939/GOMC.bin.15939.log
[09:04:47] Command: /home/joao_facio/miniconda3/envs/prokka/bin/prokka --outdir ../../Data/Chen_Analysis/Prokka/Bacteria/GOMC.bin.15939 --prefix GOMC.bin.15939 --kingdom Bacteria --genus UBA11600 --strain GOMC.bin.15939 --cpus 4 --force /tmp/tmp6gns85ah/GOMC.bin.15939.fa
[09:04:47] Appending to PATH: /home/joao_facio/miniconda3/envs/prokka/bin
[09:04:47] Looking for 'aragorn' - found /home/joao_facio/miniconda3/envs/prokka/bin/aragorn
[09:04:47] Determined aragorn version is 001002 from 'ARAGORN v1.2.41 Dean Laslett'
[09:04:47] Looking for 'barrnap' - found /home/joao_facio/miniconda3/envs/prokka/bin/barrnap
[09:04:47] Determined barrnap version is 000009 from 'barrnap 0.9'
[09:04:47] Looking for 'blastp' - found /home/joao_facio/miniconda3/envs/prokka/bin/blastp
[09:04:47] Determined blastp version is 002016 from 'blastp: 2.16.0+'
[09:04:47] Looking for 'cmpress' - found /home/joao_facio/miniconda3/envs/prokka/bin/cmpress
[09:04:47] Determined cmpress version is 001001 from '# INFERNAL 1.1.5 (Sep 2023)'
[09:04:47] Looking for 'cmscan' - found /home/joao_facio/miniconda3/envs/prokka/bin/cmscan
[09:04:47] Determined cmscan version is 001001 from '# INFERNAL 1.1.5 (Sep 2023)'
[09:04:47] Looking for 'egrep' - found /usr/bin/egrep
[09:04:47] Looking for 'find' - found /usr/bin/find
[09:04:47] Looking for 'grep' - found /usr/bin/grep
[09:04:47] Looking for 'hmmpress' - found /home/joao_facio/miniconda3/envs/prokka/bin/hmmpress
[09:04:47] Determined hmmpress version is 003004 from '# HMMER 3.4 (Aug 2023); http://hmmer.org/'
[09:04:47] Looking for 'hmmscan' - found /home/joao_facio/miniconda3/envs/prokka/bin/hmmscan
[09:04:47] Determined hmmscan version is 003004 from '# HMMER 3.4 (Aug 2023); http://hmmer.org/'
[09:04:47] Looking for 'java' - found /home/joao_facio/miniconda3/envs/prokka/bin/java
[09:04:47] Looking for 'makeblastdb' - found /home/joao_facio/miniconda3/envs/prokka/bin/makeblastdb
[09:04:47] Determined makeblastdb version is 002016 from 'makeblastdb: 2.16.0+'
[09:04:47] Looking for 'minced' - found /home/joao_facio/miniconda3/envs/prokka/bin/minced
[09:04:48] Determined minced version is 004002 from 'minced 0.4.2'
[09:04:48] Looking for 'parallel' - found /home/joao_facio/miniconda3/envs/prokka/bin/parallel
[09:04:48] Determined parallel version is 20251122 from 'GNU parallel 20251122'
[09:04:48] Looking for 'prodigal' - found /home/joao_facio/miniconda3/envs/prokka/bin/prodigal
[09:04:48] Determined prodigal version is 002006 from 'Prodigal V2.6.3: February, 2016'
[09:04:48] Looking for 'prokka-genbank_to_fasta_db' - found /home/joao_facio/miniconda3/envs/prokka/bin/prokka-genbank_to_fasta_db
[09:04:48] Looking for 'sed' - found /usr/bin/sed
[09:04:48] Looking for 'tbl2asn' - found /home/joao_facio/miniconda3/envs/prokka/bin/tbl2asn
[09:04:48] Determined tbl2asn version is 025007 from 'tbl2asn 25.7   arguments:'
[09:04:48] Using genetic code table 11.
[09:04:48] Loading and checking input file: /tmp/tmp6gns85ah/GOMC.bin.15939.fa
[09:04:48] Wrote 48 contigs totalling 2300966 bp.
[09:04:48] Predicting tRNAs and tmRNAs
[09:04:48] Running: aragorn -l -gc11  -w \.\.\/\.\.\/Data\/Chen_Analysis\/Prokka\/Bacteria\/GOMC\.bin\.15939\/GOMC\.bin\.15939\.fna
[09:04:48] 1 tRNA-Val c[79705,79779] 33 (cac)
[09:04:48] 1 tRNA-Gly [82496,82570] 33 (gcc)
[09:04:48] 2 tRNA-Cys [82615,82688] 33 (gca)
[09:04:48] 1 tRNA-Thr [8811,8887] 35 (tgt)
[09:04:48] 2 tRNA-Tyr [9106,9192] 35 (gta)
[09:04:48] 3 tRNA-Gly [9256,9330] 33 (tcc)
[09:04:48] 4 tRNA-Thr [9423,9498] 34 (ggt)
[09:04:48] 5 tRNA-Trp [10936,11011] 34 (cca)
[09:04:48] 1 tRNA-Arg [70870,70946] 35 (acg)
[09:04:48] 2 tRNA-Ser [74556,74646] 36 (cga)
[09:04:48] 3 tRNA-Ser c[74881,74970] 35 (gga)
[09:04:48] 4 tRNA-Asn [79326,79400] 33 (gtt)
[09:04:48] 1 tRNA-Val c[23,97] 33 (tac)
[09:04:48] 2 tRNA-Leu [11961,12047] 35 (gag)
[09:04:48] 1 tRNA-Leu c[25925,26011] 35 (cag)
[09:04:48] 1 tRNA-Lys [634,708] 33 (ttt)
[09:04:48] 1 tRNA-Ala c[5483,5558] 34 (ggc)
[09:04:48] 2 tRNA-SeC [7100,7195] 35 (tca)
[09:04:48] 3 tRNA-Met [75718,75792] 33 (cat)
[09:04:48] 4 tRNA-Met c[172576,172652] 35 (cat)
[09:04:48] 1 tRNA-Val [98347,98423] 35 (gac)
[09:04:48] 2 tmRNA [112670,113021] 91,120 ADTQLAFAA*
[09:04:48] 1 tRNA-Lys c[6,81] 34 (ctt)
[09:04:48] 2 tRNA-Arg c[173,249] 35 (ccg)
[09:04:48] 3 tRNA-Arg c[282,358] 35 (tcg)
[09:04:48] 4 tRNA-His c[7746,7820] 33 (gtg)
[09:04:48] 5 tRNA-Arg c[37396,37472] 35 (tct)
[09:04:48] 6 tRNA-Pro c[54051,54127] 35 (tgg)
[09:04:48] 1 tRNA-Leu c[64321,64407] 35 (tag)
[09:04:48] 1 tRNA-Leu [3132,3220] 35 (caa)
[09:04:48] 1 tRNA-Leu c[1434,1520] 35 (taa)
[09:04:48] 1 tRNA-Gln [30860,30934] 33 (ttg)
[09:04:48] 1 tRNA-Asp c[29252,29328] 35 (gtc)
[09:04:48] 2 tRNA-Val c[29525,29599] 33 (tac)
[09:04:48] 1 tRNA-Met [4136,4212] 35 (cat)
[09:04:48] 2 tRNA-Ala [48469,48544] 34 (cgc)
[09:04:48] 1 tRNA-Glu c[56868,56942] 34 (ctc)
[09:04:48] 2 tRNA-Gln c[146688,146761] 33 (ctg)
[09:04:48] 3 tRNA-Ser c[155650,155743] 35 (gct)
[09:04:48] 4 tRNA-Ser c[183985,184074] 35 (tga)
[09:04:48] 1 tRNA-Thr [35566,35641] 34 (cgt)
[09:04:48] Found 41 tRNAs
[09:04:48] Predicting Ribosomal RNAs
[09:04:48] Running Barrnap with 4 threads
[09:04:49] 1 k141_137276 180906 5S ribosomal RNA
[09:04:49] 2 k141_137276 181224 23S ribosomal RNA (partial)
[09:04:49] 3 k141_228893 75428 16S ribosomal RNA (partial)
[09:04:49] Found 3 rRNAs
[09:04:49] Skipping ncRNA search, enable with --rfam if desired.
[09:04:49] Total of 43 tRNA + rRNA features
[09:04:49] Searching for CRISPR repeats
[09:04:49] Found 0 CRISPRs
[09:04:49] Predicting coding sequences
[09:04:49] Contigs total 2300966 bp, so using single mode
[09:04:49] Running: prodigal -i \.\.\/\.\.\/Data\/Chen_Analysis\/Prokka\/Bacteria\/GOMC\.bin\.15939\/GOMC\.bin\.15939\.fna -c -m -g 11 -p single -f sco -q
[09:04:50] Excluding CDS which overlaps existing RNA (tRNA) at k141_66143:8822..9331 on - strand
[09:04:50] Excluding CDS which overlaps existing RNA (rRNA) at k141_137276:180870..181010 on + strand
[09:04:50] Excluding CDS which overlaps existing RNA (tRNA) at k141_150409:37241..37522 on + strand
[09:04:51] Excluding CDS which overlaps existing RNA (tRNA) at k141_273615:30647..30880 on + strand
[09:04:51] Excluding CDS which overlaps existing RNA (tRNA) at k141_279417:29251..29568 on + strand
[09:04:51] Found 2001 CDS
[09:04:51] Connecting features back to sequences
[09:04:51] Not using genus-specific database. Try --usegenus to enable it.
[09:04:51] Annotating CDS, please be patient.
[09:04:51] Will use 4 CPUs for similarity searching.
[09:04:51] There are still 2001 unannotated CDS left (started with 2001)
[09:04:51] Will use blast to search against /home/joao_facio/miniconda3/envs/prokka/db/kingdom/Bacteria/IS with 4 CPUs
[09:04:51] Running: cat \.\.\/\.\.\/Data\/Chen_Analysis\/Prokka\/Bacteria\/GOMC\.bin\.15939\/GOMC\.bin\.15939\.IS\.tmp\.3328168\.faa | parallel --gnu --plain -j 4 --block 89005 --recstart '>' --pipe blastp -query - -db /home/joao_facio/miniconda3/envs/prokka/db/kingdom/Bacteria/IS -evalue 1e-30 -qcov_hsp_perc 90 -num_threads 1 -num_descriptions 1 -num_alignments 1 -seg no > \.\.\/\.\.\/Data\/Chen_Analysis\/Prokka\/Bacteria\/GOMC\.bin\.15939\/GOMC\.bin\.15939\.IS\.tmp\.3328168\.blast 2> /dev/null
[09:04:58] Deleting unwanted file: ../../Data/Chen_Analysis/Prokka/Bacteria/GOMC.bin.15939/GOMC.bin.15939.IS.tmp.3328168.faa
[09:04:58] Deleting unwanted file: ../../Data/Chen_Analysis/Prokka/Bacteria/GOMC.bin.15939/GOMC.bin.15939.IS.tmp.3328168.blast
[09:04:58] There are still 2001 unannotated CDS left (started with 2001)
[09:04:58] Will use blast to search against /home/joao_facio/miniconda3/envs/prokka/db/kingdom/Bacteria/AMR with 4 CPUs
[09:04:58] Running: cat \.\.\/\.\.\/Data\/Chen_Analysis\/Prokka\/Bacteria\/GOMC\.bin\.15939\/GOMC\.bin\.15939\.AMR\.tmp\.3328168\.faa | parallel --gnu --plain -j 4 --block 89005 --recstart '>' --pipe blastp -query - -db /home/joao_facio/miniconda3/envs/prokka/db/kingdom/Bacteria/AMR -evalue 1e-300 -qcov_hsp_perc 90 -num_threads 1 -num_descriptions 1 -num_alignments 1 -seg no > \.\.\/\.\.\/Data\/Chen_Analysis\/Prokka\/Bacteria\/GOMC\.bin\.15939\/GOMC\.bin\.15939\.AMR\.tmp\.3328168\.blast 2> /dev/null
[09:05:04] Deleting unwanted file: ../../Data/Chen_Analysis/Prokka/Bacteria/GOMC.bin.15939/GOMC.bin.15939.AMR.tmp.3328168.faa
[09:05:04] Deleting unwanted file: ../../Data/Chen_Analysis/Prokka/Bacteria/GOMC.bin.15939/GOMC.bin.15939.AMR.tmp.3328168.blast
[09:05:04] There are still 2001 unannotated CDS left (started with 2001)
[09:05:04] Will use blast to search against /home/joao_facio/miniconda3/envs/prokka/db/kingdom/Bacteria/sprot with 4 CPUs
[09:05:04] Running: cat \.\.\/\.\.\/Data\/Chen_Analysis\/Prokka\/Bacteria\/GOMC\.bin\.15939\/GOMC\.bin\.15939\.sprot\.tmp\.3328168\.faa | parallel --gnu --plain -j 4 --block 89005 --recstart '>' --pipe blastp -query - -db /home/joao_facio/miniconda3/envs/prokka/db/kingdom/Bacteria/sprot -evalue 1e-09 -qcov_hsp_perc 80 -num_threads 1 -num_descriptions 1 -num_alignments 1 -seg no > \.\.\/\.\.\/Data\/Chen_Analysis\/Prokka\/Bacteria\/GOMC\.bin\.15939\/GOMC\.bin\.15939\.sprot\.tmp\.3328168\.blast 2> /dev/null
[09:05:34] Modify product: Uncharacterized ABC transporter ATP-binding protein YxlF => putative ABC transporter ATP-binding protein YxlF
[09:05:34] Modify product: Probable GTPase Rv1496 => putative GTPase
[09:05:34] Modify product: Uncharacterized protein YqeN => putative protein YqeN
[09:05:34] Modify product: Uncharacterized zinc protease Rv2782c => putative zinc protease
[09:05:34] Modify product: UPF0182 protein MSMEG_1959/MSMEI_1915 => hypothetical protein
[09:05:34] Modify product: Probable cytochrome c oxidase subunit 3 => putative cytochrome c oxidase subunit 3
[09:05:34] Modify product: Putative multidrug export ATP-binding/permease protein SAV1866 => Putative multidrug export ATP-binding/permease protein
[09:05:34] Modify product: Probable beta-lactamase YbxI => putative beta-lactamase YbxI
[09:05:34] Modify product: Uncharacterized ABC transporter ATP-binding protein YknY => putative ABC transporter ATP-binding protein YknY
[09:05:34] Modify product: Multifunctional alkaline phosphatase superfamily protein pRL90232 => Multifunctional alkaline phosphatase superfamily protein
[09:05:34] Modify product: Probable ATP-dependent transporter SufC => putative ATP-dependent transporter SufC
[09:05:34] Modify product: Putative formate dehydrogenase SA2102 => Putative formate dehydrogenase
[09:05:34] Modify product: Nucleoid-associated protein Cthe_2143 => Nucleoid-associated protein
[09:05:34] Modify product: Uncharacterized zinc protease Rv2782c => putative zinc protease
[09:05:34] Modify product: Probable 2,4-dienoyl-CoA reductase => putative 2,4-dienoyl-CoA reductase
[09:05:34] Modify product: Uncharacterized protein Rv2915c => putative protein
[09:05:34] Modify product: Uncharacterized symporter YodF => putative symporter YodF
[09:05:34] Modify product: Probable cold shock protein A => putative cold shock protein A
[09:05:34] Modify product: Probable ATP-dependent DNA helicase YoaA => putative ATP-dependent DNA helicase YoaA
[09:05:34] Modify product: Bifunctional protein Rv2228c => Bifunctional protein
[09:05:34] Modify product: Probable peptidoglycan glycosyltransferase FtsW => putative peptidoglycan glycosyltransferase FtsW
[09:05:34] Modify product: Uncharacterized protein YqeY => putative protein YqeY
[09:05:34] Modify product: Probable lipid II flippase MurJ => putative lipid II flippase MurJ
[09:05:34] Modify product: Probable amino-acid metabolite efflux pump => putative amino-acid metabolite efflux pump
[09:05:34] Modify product: Putative zinc metalloprotease aq_1964 => Putative zinc metalloprotease
[09:05:34] Modify product: Putative 2-hydroxyacid dehydrogenase SA2098 => Putative 2-hydroxyacid dehydrogenase
[09:05:34] Modify product: Probable transcriptional regulatory protein DVU_2259 => putative transcriptional regulatory protein
[09:05:34] Modify product: Uncharacterized protein HI_1163 => putative protein
[09:05:34] Modify product: Uncharacterized protein YisK => putative protein YisK
[09:05:34] Modify product: Nitrilase blr3397 => Nitrilase
[09:05:34] Modify product: Putative multidrug export ATP-binding/permease protein SAV1866 => Putative multidrug export ATP-binding/permease protein
[09:05:34] Modify product: UPF0301 protein VC_0467 => hypothetical protein
[09:05:34] Modify product: Uncharacterized zinc protease Rv2782c => putative zinc protease
[09:05:34] Modify product: Uncharacterized ABC transporter ATP-binding protein TM_0288 => putative ABC transporter ATP-binding protein
[09:05:34] Modify product: Probable multidrug resistance ABC transporter ATP-binding/permease protein YheI => putative multidrug resistance ABC transporter ATP-binding/permease protein YheI
[09:05:34] Modify product: Uncharacterized zinc protease Rv2782c => putative zinc protease
[09:05:34] Modify product: Probable nicotinate-nucleotide adenylyltransferase => putative nicotinate-nucleotide adenylyltransferase
[09:05:34] Modify product: Uncharacterized ABC transporter ATP-binding protein YbiT => putative ABC transporter ATP-binding protein YbiT
[09:05:34] Modify product: Probable GTP-binding protein EngB => putative GTP-binding protein EngB
[09:05:34] Modify product: Uncharacterized protein TP_0956 => putative protein
[09:05:34] Modify product: Uncharacterized inner membrane transporter YedA => putative inner membrane transporter YedA
[09:05:34] Modify product: Deacetylase Oant_2987 => Deacetylase
[09:05:34] Modify product: Uncharacterized inner membrane transporter YedA => putative inner membrane transporter YedA
[09:05:34] Modify product: Probable Fe(2+)-trafficking protein => putative Fe(2+)-trafficking protein
[09:05:34] Modify product: Uncharacterized glycosyltransferase sll0501 => putative glycosyltransferase
[09:05:34] Modify product: Uncharacterized protein Rv0034 => putative protein
[09:05:34] Modify product: Probable chromosome-partitioning protein ParB => putative chromosome-partitioning protein ParB
[09:05:34] Modify product: Uncharacterized FAD-linked oxidoreductase Rv2280 => putative FAD-linked oxidoreductase
[09:05:34] Modify product: Bifunctional protein FolD => Bifunctional protein FolD protein
[09:05:34] Modify product: Probable murein peptide carboxypeptidase => putative murein peptide carboxypeptidase
[09:05:34] Modify product: Uncharacterized ABC transporter ATP-binding protein YknY => putative ABC transporter ATP-binding protein YknY
[09:05:34] Modify product: Uncharacterized aminopeptidase Rv1333 => putative aminopeptidase
[09:05:34] Modify product: Uncharacterized protein YisK => putative protein YisK
[09:05:34] Modify product: UPF0173 metal-dependent hydrolase SA1529 => hypothetical protein
[09:05:34] Modify product: Peptidoglycan-N-acetylglucosamine deacetylase BC_3618 => Peptidoglycan-N-acetylglucosamine deacetylase
[09:05:34] Modify product: Probable cysteine desulfurase => putative cysteine desulfurase
[09:05:34] Modify product: UPF0213 protein BH0048 => hypothetical protein
[09:05:34] Modify product: Deacetylase EF_0837 => Deacetylase
[09:05:34] Modify product: Uncharacterized amino acid permease YhdG => putative amino acid permease YhdG
[09:05:34] Modify product: Putative glutamine amidotransferase Rv2859c => Putative glutamine amidotransferase
[09:05:34] Modify product: Probable FMN/FAD exporter YeeO => putative FMN/FAD exporter YeeO
[09:05:34] Modify product: UPF0053 protein HI_0107 => hypothetical protein
[09:05:34] Modify product: UPF0234 protein XC_3703 => hypothetical protein
[09:05:34] Modify product: Probable ketoamine kinase HMPREF0351_12196 => putative ketoamine kinase
[09:05:34] Modify product: Putative low molecular weight protein-tyrosine-phosphatase slr0328 => Putative low molecular weight protein-tyrosine-phosphatase
[09:05:34] Modify product: Uncharacterized ABC transporter ATP-binding protein YlmA => putative ABC transporter ATP-binding protein YlmA
[09:05:34] Modify product: Putative multidrug export ATP-binding/permease protein SAV1866 => Putative multidrug export ATP-binding/permease protein
[09:05:34] Modify product: Uncharacterized protein Rv1480 => putative protein
[09:05:34] Modify product: Uncharacterized protein BA_0901/GBAA_0901/BAS0853 => putative protein/GBAA_0901/BAS0853
[09:05:34] Modify product: Probable tRNA sulfurtransferase => putative tRNA sulfurtransferase
[09:05:34] Modify product: Uncharacterized oxidoreductase SA2266 => putative oxidoreductase
[09:05:34] Modify product: Uncharacterized protein Rv0897c => putative protein
[09:05:34] Modify product: Epimerase family protein Rv2216 => Epimerase family protein
[09:05:34] Modify product: Probable TonB-dependent receptor NMB0964 => putative TonB-dependent receptor
[09:05:34] Modify product: Uncharacterized RNA methyltransferase SP_1029 => putative RNA methyltransferase
[09:05:34] Modify product: Probable nicotinate-nucleotide pyrophosphorylase [carboxylating] => putative nicotinate-nucleotide pyrophosphorylase [carboxylating]
[09:05:34] Modify product: UPF0324 inner membrane protein YeiH => hypothetical protein
[09:05:34] Cleaned 77 /product names
[09:05:34] Deleting unwanted file: ../../Data/Chen_Analysis/Prokka/Bacteria/GOMC.bin.15939/GOMC.bin.15939.sprot.tmp.3328168.faa
[09:05:34] Deleting unwanted file: ../../Data/Chen_Analysis/Prokka/Bacteria/GOMC.bin.15939/GOMC.bin.15939.sprot.tmp.3328168.blast
[09:05:35] There are still 1037 unannotated CDS left (started with 2001)
[09:05:35] Will use hmmer3 to search against /home/joao_facio/miniconda3/envs/prokka/db/hmm/HAMAP.hmm with 4 CPUs
[09:05:35] Running: cat \.\.\/\.\.\/Data\/Chen_Analysis\/Prokka\/Bacteria\/GOMC\.bin\.15939\/GOMC\.bin\.15939\.HAMAP\.hmm\.tmp\.3328168\.faa | parallel --gnu --plain -j 4 --block 43222 --recstart '>' --pipe hmmscan --noali --notextw --acc -E 1e-09 --cpu 1 /home/joao_facio/miniconda3/envs/prokka/db/hmm/HAMAP.hmm /dev/stdin > \.\.\/\.\.\/Data\/Chen_Analysis\/Prokka\/Bacteria\/GOMC\.bin\.15939\/GOMC\.bin\.15939\.HAMAP\.hmm\.tmp\.3328168\.hmmer3 2> /dev/null
[09:05:42] Modify product: Uncharacterized Nudix hydrolase NudL => putative Nudix hydrolase NudL
[09:05:42] Cleaned 1 /product names
[09:05:42] Deleting unwanted file: ../../Data/Chen_Analysis/Prokka/Bacteria/GOMC.bin.15939/GOMC.bin.15939.HAMAP.hmm.tmp.3328168.faa
[09:05:42] Deleting unwanted file: ../../Data/Chen_Analysis/Prokka/Bacteria/GOMC.bin.15939/GOMC.bin.15939.HAMAP.hmm.tmp.3328168.hmmer3
[09:05:42] Labelling remaining 812 proteins as 'hypothetical protein'
[09:05:42] Possible /pseudo 'Macrolide export ATP-binding/permease protein MacB' at k141_33633 position 28679
[09:05:42] Possible /pseudo 'Histidinol-phosphate aminotransferase' at k141_33633 position 50158
[09:05:42] Possible /pseudo 'Bifunctional protein HldE' at k141_112188 position 2233
[09:05:42] Possible /pseudo 'Biopolymer transport protein ExbD' at k141_137276 position 33724
[09:05:42] Possible /pseudo 'Glutathione hydrolase-like YwrD proenzyme' at k141_187248 position 26691
[09:05:42] Possible /pseudo 'Outer membrane protein assembly factor BamB' at k141_225430 position 68106
[09:05:42] Possible /pseudo 'Outer membrane protein assembly factor BamB' at k141_225430 position 69598
[09:05:42] Possible /pseudo 'D-inositol-3-phosphate glycosyltransferase' at k141_228893 position 54697
[09:05:42] Possible /pseudo 'Undecaprenyl-phosphate 4-deoxy-4-formamido-L-arabinose transferase' at k141_273615 position 9974
[09:05:42] Possible /pseudo 'ATP synthase subunit b' at k141_292689 position 11119
[09:05:42] Possible /pseudo 'Methylmalonyl-CoA mutase' at k141_496317 position 9609
[09:05:42] Found 903 unique /gene codes.
[09:05:42] Fixed 2 duplicate /gene - bamA_1 bamA_2
[09:05:42] Fixed 3 duplicate /gene - macB_1 macB_2 macB_3
[09:05:42] Fixed 4 duplicate /gene - qbdA_1 qbdA_2 qbdA_3 qbdA_4
[09:05:42] Fixed 2 duplicate /gene - gyrA_1 gyrA_2
[09:05:42] Fixed 2 duplicate /gene - crt_1 crt_2
[09:05:42] Fixed 2 duplicate /gene - dapE_1 dapE_2
[09:05:42] Fixed 6 duplicate /gene - bepA_1 bepA_2 bepA_3 bepA_4 bepA_5 bepA_6
[09:05:42] Fixed 2 duplicate /gene - atoC_1 atoC_2
[09:05:42] Fixed 4 duplicate /gene - btuB_1 btuB_2 btuB_3 btuB_4
[09:05:42] Fixed 2 duplicate /gene - sdcS_1 sdcS_2
[09:05:42] Fixed 2 duplicate /gene - tdcB_1 tdcB_2
[09:05:42] Fixed 6 duplicate /gene - hisC_1 hisC_2 hisC_3 hisC_4 hisC_5 hisC_6
[09:05:42] Fixed 2 duplicate /gene - htpX_1 htpX_2
[09:05:42] Fixed 4 duplicate /gene - msrP_1 msrP_2 msrP_3 msrP_4
[09:05:42] Fixed 9 duplicate /gene - bamB_1 bamB_2 bamB_3 bamB_4 bamB_5 bamB_6 bamB_7 bamB_8 bamB_9
[09:05:42] Fixed 3 duplicate /gene - btuD_1 btuD_2 btuD_3
[09:05:42] Fixed 2 duplicate /gene - alaS_1 alaS_2
[09:05:42] Fixed 2 duplicate /gene - yknY_1 yknY_2
[09:05:42] Fixed 2 duplicate /gene - gcd_1 gcd_2
[09:05:42] Fixed 2 duplicate /gene - alaA_1 alaA_2
[09:05:42] Fixed 2 duplicate /gene - ddl_1 ddl_2
[09:05:42] Fixed 2 duplicate /gene - uvrA_1 uvrA_2
[09:05:42] Fixed 2 duplicate /gene - apbE_1 apbE_2
[09:05:42] Fixed 2 duplicate /gene - cmoA_1 cmoA_2
[09:05:42] Fixed 2 duplicate /gene - mmgC_1 mmgC_2
[09:05:42] Fixed 2 duplicate /gene - rsxG_1 rsxG_2
[09:05:42] Fixed 2 duplicate /gene - aes_1 aes_2
[09:05:42] Fixed 2 duplicate /gene - gyrB_1 gyrB_2
[09:05:42] Fixed 2 duplicate /gene - bhbA_1 bhbA_2
[09:05:42] Fixed 2 duplicate /gene - sasA_1 sasA_2
[09:05:42] Fixed 2 duplicate /gene - hddA_1 hddA_2
[09:05:42] Fixed 2 duplicate /gene - alsT_1 alsT_2
[09:05:42] Fixed 3 duplicate /gene - opuE_1 opuE_2 opuE_3
[09:05:42] Fixed 3 duplicate /gene - queG_1 queG_2 queG_3
[09:05:42] Fixed 2 duplicate /gene - soxA_1 soxA_2
[09:05:42] Fixed 5 duplicate /gene - hutI_1 hutI_2 hutI_3 hutI_4 hutI_5
[09:05:42] Fixed 3 duplicate /gene - resA_1 resA_2 resA_3
[09:05:42] Fixed 2 duplicate /gene - bshA_1 bshA_2
[09:05:42] Fixed 2 duplicate /gene - lutA_1 lutA_2
[09:05:42] Fixed 5 duplicate /gene - dpp5_1 dpp5_2 dpp5_3 dpp5_4 dpp5_5
[09:05:42] Fixed 4 duplicate /gene - ywrD_1 ywrD_2 ywrD_3 ywrD_4
[09:05:42] Fixed 3 duplicate /gene - nagZ_1 nagZ_2 nagZ_3
[09:05:42] Fixed 2 duplicate /gene - rlmB_1 rlmB_2
[09:05:42] Fixed 2 duplicate /gene - yabJ_1 yabJ_2
[09:05:42] Fixed 3 duplicate /gene - lolD_1 lolD_2 lolD_3
[09:05:42] Fixed 2 duplicate /gene - atpH_1 atpH_2
[09:05:42] Fixed 2 duplicate /gene - dan_1 dan_2
[09:05:42] Fixed 2 duplicate /gene - pcm_1 pcm_2
[09:05:42] Fixed 2 duplicate /gene - ligJ_1 ligJ_2
[09:05:42] Fixed 2 duplicate /gene - rmd_1 rmd_2
[09:05:42] Fixed 2 duplicate /gene - yisK_1 yisK_2
[09:05:42] Fixed 2 duplicate /gene - mca_1 mca_2
[09:05:42] Fixed 2 duplicate /gene - queC_1 queC_2
[09:05:42] Fixed 2 duplicate /gene - qorA_1 qorA_2
[09:05:42] Fixed 2 duplicate /gene - ruvB_1 ruvB_2
[09:05:42] Fixed 5 duplicate /gene - gatA_1 gatA_2 gatA_3 gatA_4 gatA_5
[09:05:42] Fixed 2 duplicate /gene - asnB_1 asnB_2
[09:05:42] Fixed 2 duplicate /gene - thlA_1 thlA_2
[09:05:42] Fixed 2 duplicate /gene - exbD_1 exbD_2
[09:05:42] Fixed 5 duplicate /gene - rutC_1 rutC_2 rutC_3 rutC_4 rutC_5
[09:05:42] Fixed 2 duplicate /gene - tdh_1 tdh_2
[09:05:42] Fixed 2 duplicate /gene - cugP_1 cugP_2
[09:05:42] Fixed 2 duplicate /gene - hcrA_1 hcrA_2
[09:05:42] Fixed 4 duplicate /gene - esiB_1 esiB_2 esiB_3 esiB_4
[09:05:42] Fixed 2 duplicate /gene - kynU_1 kynU_2
[09:05:42] Fixed 2 duplicate /gene - dag_1 dag_2
[09:05:42] Fixed 2 duplicate /gene - ftsP_1 ftsP_2
[09:05:42] Fixed 2 duplicate /gene - dxs_1 dxs_2
[09:05:42] Fixed 2 duplicate /gene - uctC_1 uctC_2
[09:05:42] Fixed 2 duplicate /gene - pyrE_1 pyrE_2
[09:05:42] Fixed 2 duplicate /gene - yjhB_1 yjhB_2
[09:05:42] Fixed 4 duplicate /gene - arnC_1 arnC_2 arnC_3 arnC_4
[09:05:42] Fixed 4 duplicate /gene - fabG_1 fabG_2 fabG_3 fabG_4
[09:05:42] Fixed 2 duplicate /gene - recA_1 recA_2
[09:05:42] Fixed 2 duplicate /gene - lnrL_1 lnrL_2
[09:05:42] Fixed 2 duplicate /gene - aptA_1 aptA_2
[09:05:42] Fixed 2 duplicate /gene - dksA_1 dksA_2
[09:05:42] Fixed 2 duplicate /gene - yedA_1 yedA_2
[09:05:42] Fixed 3 duplicate /gene - ggt_1 ggt_2 ggt_3
[09:05:42] Fixed 3 duplicate /gene - dnaJ_1 dnaJ_2 dnaJ_3
[09:05:42] Fixed 15 duplicate /gene - mshA_1 mshA_2 mshA_3 mshA_4 mshA_5 mshA_6 mshA_7 mshA_8 mshA_9 mshA_10 mshA_11 mshA_12 mshA_13 mshA_14 mshA_15
[09:05:42] Fixed 2 duplicate /gene - gcvT_1 gcvT_2
[09:05:42] Fixed 2 duplicate /gene - hcrB_1 hcrB_2
[09:05:42] Fixed 2 duplicate /gene - polA_1 polA_2
[09:05:42] Fixed 3 duplicate /gene - dgaE_1 dgaE_2 dgaE_3
[09:05:42] Fixed 2 duplicate /gene - zupT_1 zupT_2
[09:05:42] Fixed 2 duplicate /gene - COQ3_1 COQ3_2
[09:05:42] Fixed 2 duplicate /gene - argE_1 argE_2
[09:05:42] Fixed 2 duplicate /gene - aptB_1 aptB_2
[09:05:42] Fixed 2 duplicate /gene - thiL_1 thiL_2
[09:05:42] Fixed 2 duplicate /gene - sglT_1 sglT_2
[09:05:42] Fixed 2 duplicate /gene - lpxD_1 lpxD_2
[09:05:42] Fixed 3 duplicate /gene - tatA_1 tatA_2 tatA_3
[09:05:42] Fixed 2 duplicate /gene - atpF_1 atpF_2
[09:05:42] Fixed 2 duplicate /gene - ndhB_1 ndhB_2
[09:05:42] Fixed 2 duplicate /gene - sldA_1 sldA_2
[09:05:42] Fixed 3 duplicate /gene - steT_1 steT_2 steT_3
[09:05:42] Fixed 4 duplicate /gene - cpoB_1 cpoB_2 cpoB_3 cpoB_4
[09:05:42] Fixed 2 duplicate /gene - dppA_1 dppA_2
[09:05:42] Fixed 3 duplicate /gene - cefD_1 cefD_2 cefD_3
[09:05:42] Fixed 4 duplicate /gene - COQ5_1 COQ5_2 COQ5_3 COQ5_4
[09:05:42] Fixed 2 duplicate /gene - nqrF_1 nqrF_2
[09:05:42] Fixed 2 duplicate /gene - iolG_1 iolG_2
[09:05:42] Fixed 3 duplicate /gene - hldE_1 hldE_2 hldE_3
[09:05:42] Fixed 2 duplicate /gene - gpmI_1 gpmI_2
[09:05:42] Fixed 2 duplicate /gene - gloB_1 gloB_2
[09:05:42] Fixed 2 duplicate /gene - xerC_1 xerC_2
[09:05:42] Fixed 2 duplicate /gene - thiE_1 thiE_2
[09:05:42] Fixed 2 duplicate /gene - lon2_1 lon2_2
[09:05:42] Fixed 2 duplicate /gene - lapB_1 lapB_2
[09:05:42] Fixed 2 duplicate /gene - mqnE_1 mqnE_2
[09:05:42] Fixed 5 duplicate /gene - tolB_1 tolB_2 tolB_3 tolB_4 tolB_5
[09:05:42] Fixed 112 colliding /gene names.
[09:05:42] Adding /locus_tag identifiers
[09:05:42] Assigned 2045 locus_tags to CDS and RNA features.
[09:05:42] Writing outputs to ../../Data/Chen_Analysis/Prokka/Bacteria/GOMC.bin.15939/
[09:05:42] Generating annotation statistics file
[09:05:42] Generating Genbank and Sequin files
[09:05:42] Running: tbl2asn -V b -a r10k -l paired-ends -M n -N 1 -y 'Annotated using prokka 1.14.6 from https://github.com/tseemann/prokka' -Z \.\.\/\.\.\/Data\/Chen_Analysis\/Prokka\/Bacteria\/GOMC\.bin\.15939\/GOMC\.bin\.15939\.err -i \.\.\/\.\.\/Data\/Chen_Analysis\/Prokka\/Bacteria\/GOMC\.bin\.15939\/GOMC\.bin\.15939\.fsa 2> /dev/null
[09:05:44] Deleting unwanted file: ../../Data/Chen_Analysis/Prokka/Bacteria/GOMC.bin.15939/errorsummary.val
[09:05:44] Deleting unwanted file: ../../Data/Chen_Analysis/Prokka/Bacteria/GOMC.bin.15939/GOMC.bin.15939.dr
[09:05:44] Deleting unwanted file: ../../Data/Chen_Analysis/Prokka/Bacteria/GOMC.bin.15939/GOMC.bin.15939.fixedproducts
[09:05:44] Deleting unwanted file: ../../Data/Chen_Analysis/Prokka/Bacteria/GOMC.bin.15939/GOMC.bin.15939.ecn
[09:05:44] Deleting unwanted file: ../../Data/Chen_Analysis/Prokka/Bacteria/GOMC.bin.15939/GOMC.bin.15939.val
[09:05:44] Repairing broken .GBK output that tbl2asn produces...
[09:05:44] Running: sed 's/COORDINATES: profile/COORDINATES:profile/' < \.\.\/\.\.\/Data\/Chen_Analysis\/Prokka\/Bacteria\/GOMC\.bin\.15939\/GOMC\.bin\.15939\.gbf > \.\.\/\.\.\/Data\/Chen_Analysis\/Prokka\/Bacteria\/GOMC\.bin\.15939\/GOMC\.bin\.15939\.gbk
[09:05:44] Deleting unwanted file: ../../Data/Chen_Analysis/Prokka/Bacteria/GOMC.bin.15939/GOMC.bin.15939.gbf
[09:05:44] Output files:
[09:05:44] ../../Data/Chen_Analysis/Prokka/Bacteria/GOMC.bin.15939/GOMC.bin.15939.err
[09:05:44] ../../Data/Chen_Analysis/Prokka/Bacteria/GOMC.bin.15939/GOMC.bin.15939.log
[09:05:44] ../../Data/Chen_Analysis/Prokka/Bacteria/GOMC.bin.15939/GOMC.bin.15939.fsa
[09:05:44] ../../Data/Chen_Analysis/Prokka/Bacteria/GOMC.bin.15939/GOMC.bin.15939.fna
[09:05:44] ../../Data/Chen_Analysis/Prokka/Bacteria/GOMC.bin.15939/GOMC.bin.15939.tsv
[09:05:44] ../../Data/Chen_Analysis/Prokka/Bacteria/GOMC.bin.15939/GOMC.bin.15939.tbl
[09:05:44] ../../Data/Chen_Analysis/Prokka/Bacteria/GOMC.bin.15939/GOMC.bin.15939.gbk
[09:05:44] ../../Data/Chen_Analysis/Prokka/Bacteria/GOMC.bin.15939/GOMC.bin.15939.sqn
[09:05:44] ../../Data/Chen_Analysis/Prokka/Bacteria/GOMC.bin.15939/GOMC.bin.15939.faa
[09:05:44] ../../Data/Chen_Analysis/Prokka/Bacteria/GOMC.bin.15939/GOMC.bin.15939.txt
[09:05:44] ../../Data/Chen_Analysis/Prokka/Bacteria/GOMC.bin.15939/GOMC.bin.15939.gff
[09:05:44] ../../Data/Chen_Analysis/Prokka/Bacteria/GOMC.bin.15939/GOMC.bin.15939.ffn
[09:05:44] Annotation finished successfully.
[09:05:44] Walltime used: 0.95 minutes
[09:05:44] If you use this result please cite the Prokka paper:
[09:05:44] Seemann T (2014) Prokka: rapid prokaryotic genome annotation. Bioinformatics. 30(14):2068-9.
[09:05:44] Type 'prokka --citation' for more details.
[09:05:44] Share and enjoy!
