[10:24:13] This is prokka 1.14.6
[10:24:13] Written by Torsten Seemann <torsten.seemann@gmail.com>
[10:24:13] Homepage is https://github.com/tseemann/prokka
[10:24:13] Local time is Mon Dec  1 10:24:13 2025
[10:24:13] You are joao_facio
[10:24:13] Operating system is linux
[10:24:13] You have BioPerl 1.7.8
[10:24:13] System has 12 cores.
[10:24:13] Will use maximum of 4 cores.
[10:24:13] Annotating as >>> Bacteria <<<
[10:24:13] Generating locus_tag from '/tmp/tmp6gns85ah/GOMC.bin.3817.fa' contents.
[10:24:13] Setting --locustag OBDLJGCE from MD5 8bd530cec3cb29129875fd24c046eb60
[10:24:13] Creating new output folder: ../../Data/Chen_Analysis/Prokka/Bacteria/GOMC.bin.3817
[10:24:13] Running: mkdir -p \.\.\/\.\.\/Data\/Chen_Analysis\/Prokka\/Bacteria\/GOMC\.bin\.3817
[10:24:13] Using filename prefix: GOMC.bin.3817.XXX
[10:24:13] Setting HMMER_NCPU=1
[10:24:13] Writing log to: ../../Data/Chen_Analysis/Prokka/Bacteria/GOMC.bin.3817/GOMC.bin.3817.log
[10:24:13] Command: /home/joao_facio/miniconda3/envs/prokka/bin/prokka --outdir ../../Data/Chen_Analysis/Prokka/Bacteria/GOMC.bin.3817 --prefix GOMC.bin.3817 --kingdom Bacteria --genus WGBN01 --strain GOMC.bin.3817 --cpus 4 --force /tmp/tmp6gns85ah/GOMC.bin.3817.fa
[10:24:13] Appending to PATH: /home/joao_facio/miniconda3/envs/prokka/bin
[10:24:13] Looking for 'aragorn' - found /home/joao_facio/miniconda3/envs/prokka/bin/aragorn
[10:24:13] Determined aragorn version is 001002 from 'ARAGORN v1.2.41 Dean Laslett'
[10:24:13] Looking for 'barrnap' - found /home/joao_facio/miniconda3/envs/prokka/bin/barrnap
[10:24:13] Determined barrnap version is 000009 from 'barrnap 0.9'
[10:24:13] Looking for 'blastp' - found /home/joao_facio/miniconda3/envs/prokka/bin/blastp
[10:24:13] Determined blastp version is 002016 from 'blastp: 2.16.0+'
[10:24:13] Looking for 'cmpress' - found /home/joao_facio/miniconda3/envs/prokka/bin/cmpress
[10:24:13] Determined cmpress version is 001001 from '# INFERNAL 1.1.5 (Sep 2023)'
[10:24:13] Looking for 'cmscan' - found /home/joao_facio/miniconda3/envs/prokka/bin/cmscan
[10:24:13] Determined cmscan version is 001001 from '# INFERNAL 1.1.5 (Sep 2023)'
[10:24:13] Looking for 'egrep' - found /usr/bin/egrep
[10:24:13] Looking for 'find' - found /usr/bin/find
[10:24:13] Looking for 'grep' - found /usr/bin/grep
[10:24:13] Looking for 'hmmpress' - found /home/joao_facio/miniconda3/envs/prokka/bin/hmmpress
[10:24:13] Determined hmmpress version is 003004 from '# HMMER 3.4 (Aug 2023); http://hmmer.org/'
[10:24:13] Looking for 'hmmscan' - found /home/joao_facio/miniconda3/envs/prokka/bin/hmmscan
[10:24:13] Determined hmmscan version is 003004 from '# HMMER 3.4 (Aug 2023); http://hmmer.org/'
[10:24:13] Looking for 'java' - found /home/joao_facio/miniconda3/envs/prokka/bin/java
[10:24:13] Looking for 'makeblastdb' - found /home/joao_facio/miniconda3/envs/prokka/bin/makeblastdb
[10:24:13] Determined makeblastdb version is 002016 from 'makeblastdb: 2.16.0+'
[10:24:13] Looking for 'minced' - found /home/joao_facio/miniconda3/envs/prokka/bin/minced
[10:24:13] Determined minced version is 004002 from 'minced 0.4.2'
[10:24:13] Looking for 'parallel' - found /home/joao_facio/miniconda3/envs/prokka/bin/parallel
[10:24:13] Determined parallel version is 20251122 from 'GNU parallel 20251122'
[10:24:13] Looking for 'prodigal' - found /home/joao_facio/miniconda3/envs/prokka/bin/prodigal
[10:24:13] Determined prodigal version is 002006 from 'Prodigal V2.6.3: February, 2016'
[10:24:13] Looking for 'prokka-genbank_to_fasta_db' - found /home/joao_facio/miniconda3/envs/prokka/bin/prokka-genbank_to_fasta_db
[10:24:13] Looking for 'sed' - found /usr/bin/sed
[10:24:13] Looking for 'tbl2asn' - found /home/joao_facio/miniconda3/envs/prokka/bin/tbl2asn
[10:24:13] Determined tbl2asn version is 025007 from 'tbl2asn 25.7   arguments:'
[10:24:13] Using genetic code table 11.
[10:24:13] Loading and checking input file: /tmp/tmp6gns85ah/GOMC.bin.3817.fa
[10:24:13] Wrote 981 contigs totalling 2200177 bp.
[10:24:13] Predicting tRNAs and tmRNAs
[10:24:13] Running: aragorn -l -gc11  -w \.\.\/\.\.\/Data\/Chen_Analysis\/Prokka\/Bacteria\/GOMC\.bin\.3817\/GOMC\.bin\.3817\.fna
[10:24:13] 1 tRNA-Ser [1574,1665] 35 (gct)
[10:24:13] 2 tRNA-Pro [1722,1799] 36 (tgg)
[10:24:13] 1 tRNA-Leu [1537,1619] 35 (tag)
[10:24:13] 1 tRNA-Ser c[1438,1526] 36 (tga)
[10:24:13] 1 tRNA-Leu c[2558,2644] 35 (cag)
[10:24:13] 1 tRNA-Leu c[2911,2996] 35 (gag)
[10:24:13] 1 tRNA-Cys c[1137,1209] 33 (gca)
[10:24:13] 1 tRNA-His c[1099,1173] 35 (gtg)
[10:24:13] 1 tRNA-Arg [696,769] 34 (tct)
[10:24:13] 1 tRNA-Ser [931,1019] 35 (gga)
[10:24:13] 1 tRNA-Trp c[1,74] 34 (cca)
[10:24:13] 1 tRNA-Val c[989,1064] 36 (tac)
[10:24:13] 1 tRNA-Asn c[121,195] 35 (gtt)
[10:24:13] 1 tRNA-Gly [5397,5470] 34 (gcc)
[10:24:13] 2 tRNA-Leu [5526,5612] 35 (taa)
[10:24:14] 1 tRNA-Met [32,106] 35 (cat)
[10:24:14] 1 tRNA-Phe c[17,90] 34 (gaa)
[10:24:14] Found 17 tRNAs
[10:24:14] Predicting Ribosomal RNAs
[10:24:14] Running Barrnap with 4 threads
[10:24:14] Found 0 rRNAs
[10:24:14] Skipping ncRNA search, enable with --rfam if desired.
[10:24:14] Total of 17 tRNA + rRNA features
[10:24:14] Searching for CRISPR repeats
[10:24:14] Found 0 CRISPRs
[10:24:14] Predicting coding sequences
[10:24:14] Contigs total 2200177 bp, so using single mode
[10:24:14] Running: prodigal -i \.\.\/\.\.\/Data\/Chen_Analysis\/Prokka\/Bacteria\/GOMC\.bin\.3817\/GOMC\.bin\.3817\.fna -c -m -g 11 -p single -f sco -q
[10:24:18] Found 2039 CDS
[10:24:18] Connecting features back to sequences
[10:24:18] Not using genus-specific database. Try --usegenus to enable it.
[10:24:18] Annotating CDS, please be patient.
[10:24:18] Will use 4 CPUs for similarity searching.
[10:24:18] There are still 2039 unannotated CDS left (started with 2039)
[10:24:18] Will use blast to search against /home/joao_facio/miniconda3/envs/prokka/db/kingdom/Bacteria/IS with 4 CPUs
[10:24:18] Running: cat \.\.\/\.\.\/Data\/Chen_Analysis\/Prokka\/Bacteria\/GOMC\.bin\.3817\/GOMC\.bin\.3817\.IS\.tmp\.3485603\.faa | parallel --gnu --plain -j 4 --block 67543 --recstart '>' --pipe blastp -query - -db /home/joao_facio/miniconda3/envs/prokka/db/kingdom/Bacteria/IS -evalue 1e-30 -qcov_hsp_perc 90 -num_threads 1 -num_descriptions 1 -num_alignments 1 -seg no > \.\.\/\.\.\/Data\/Chen_Analysis\/Prokka\/Bacteria\/GOMC\.bin\.3817\/GOMC\.bin\.3817\.IS\.tmp\.3485603\.blast 2> /dev/null
[10:24:24] Deleting unwanted file: ../../Data/Chen_Analysis/Prokka/Bacteria/GOMC.bin.3817/GOMC.bin.3817.IS.tmp.3485603.faa
[10:24:24] Deleting unwanted file: ../../Data/Chen_Analysis/Prokka/Bacteria/GOMC.bin.3817/GOMC.bin.3817.IS.tmp.3485603.blast
[10:24:24] There are still 2037 unannotated CDS left (started with 2039)
[10:24:24] Will use blast to search against /home/joao_facio/miniconda3/envs/prokka/db/kingdom/Bacteria/AMR with 4 CPUs
[10:24:24] Running: cat \.\.\/\.\.\/Data\/Chen_Analysis\/Prokka\/Bacteria\/GOMC\.bin\.3817\/GOMC\.bin\.3817\.AMR\.tmp\.3485603\.faa | parallel --gnu --plain -j 4 --block 67500 --recstart '>' --pipe blastp -query - -db /home/joao_facio/miniconda3/envs/prokka/db/kingdom/Bacteria/AMR -evalue 1e-300 -qcov_hsp_perc 90 -num_threads 1 -num_descriptions 1 -num_alignments 1 -seg no > \.\.\/\.\.\/Data\/Chen_Analysis\/Prokka\/Bacteria\/GOMC\.bin\.3817\/GOMC\.bin\.3817\.AMR\.tmp\.3485603\.blast 2> /dev/null
[10:24:28] Deleting unwanted file: ../../Data/Chen_Analysis/Prokka/Bacteria/GOMC.bin.3817/GOMC.bin.3817.AMR.tmp.3485603.faa
[10:24:28] Deleting unwanted file: ../../Data/Chen_Analysis/Prokka/Bacteria/GOMC.bin.3817/GOMC.bin.3817.AMR.tmp.3485603.blast
[10:24:28] There are still 2037 unannotated CDS left (started with 2039)
[10:24:28] Will use blast to search against /home/joao_facio/miniconda3/envs/prokka/db/kingdom/Bacteria/sprot with 4 CPUs
[10:24:28] Running: cat \.\.\/\.\.\/Data\/Chen_Analysis\/Prokka\/Bacteria\/GOMC\.bin\.3817\/GOMC\.bin\.3817\.sprot\.tmp\.3485603\.faa | parallel --gnu --plain -j 4 --block 67500 --recstart '>' --pipe blastp -query - -db /home/joao_facio/miniconda3/envs/prokka/db/kingdom/Bacteria/sprot -evalue 1e-09 -qcov_hsp_perc 80 -num_threads 1 -num_descriptions 1 -num_alignments 1 -seg no > \.\.\/\.\.\/Data\/Chen_Analysis\/Prokka\/Bacteria\/GOMC\.bin\.3817\/GOMC\.bin\.3817\.sprot\.tmp\.3485603\.blast 2> /dev/null
[10:24:50] Modify product: Uncharacterized protein YqeY => putative protein YqeY
[10:24:50] Modify product: Probable ABC transporter binding protein NosD => putative ABC transporter binding protein NosD
[10:24:50] Modify product: RutC family protein HI_0719 => RutC family protein
[10:24:50] Modify product: Probable iron-sulfur-binding oxidoreductase FadF => putative iron-sulfur-binding oxidoreductase FadF
[10:24:50] Modify product: Uncharacterized protein Rv1480 => putative protein
[10:24:50] Modify product: Uncharacterized protein Rv1276c => putative protein
[10:24:50] Modify product: Probable adenylyltransferase/sulfurtransferase MoeZ => putative adenylyltransferase/sulfurtransferase MoeZ
[10:24:50] Modify product: Putative multidrug export ATP-binding/permease protein SAV1866 => Putative multidrug export ATP-binding/permease protein
[10:24:50] Modify product: Uncharacterized protein Rv2008c => putative protein
[10:24:50] Modify product: Probable iron-sulfur-binding oxidoreductase FadF => putative iron-sulfur-binding oxidoreductase FadF
[10:24:50] Modify product: UPF0053 inner membrane protein YoaE => hypothetical protein
[10:24:50] Modify product: Uncharacterized protein Rv2008c => putative protein
[10:24:50] Modify product: Putative zinc metalloprotease aq_1964 => Putative zinc metalloprotease
[10:24:50] Modify product: Uncharacterized protein Rv2008c => putative protein
[10:24:50] Modify product: Probable multidrug ABC transporter ATP-binding protein YbhF => putative multidrug ABC transporter ATP-binding protein YbhF
[10:24:50] Modify product: Uncharacterized protein YjbR => putative protein YjbR
[10:24:50] Modify product: SCO1 protein homolog => SCO1 protein 
[10:24:50] Modify product: Probable nicotinate-nucleotide pyrophosphorylase [carboxylating] => putative nicotinate-nucleotide pyrophosphorylase [carboxylating]
[10:24:51] Modify product: UPF0353 protein Rv1481 => hypothetical protein
[10:24:51] Modify product: Uncharacterized ABC transporter ATP-binding protein YheS => putative ABC transporter ATP-binding protein YheS
[10:24:51] Modify product: Uncharacterized protein Rv2008c => putative protein
[10:24:51] Modify product: Uncharacterized protein Rv2008c => putative protein
[10:24:51] Modify product: Probable acyl-CoA dehydrogenase => putative acyl-CoA dehydrogenase
[10:24:51] Modify product: Probable HTH-type transcriptional regulator YttP => putative HTH-type transcriptional regulator YttP
[10:24:51] Modify product: Uncharacterized zinc protease Rv2782c => putative zinc protease
[10:24:51] Modify product: Probable Ni/Fe-hydrogenase 1 B-type cytochrome subunit => putative Ni/Fe-hydrogenase 1 B-type cytochrome subunit
[10:24:51] Modify product: Probable peptidoglycan glycosyltransferase FtsW => putative peptidoglycan glycosyltransferase FtsW
[10:24:51] Modify product: Uncharacterized protein Rv2008c => putative protein
[10:24:51] Modify product: Peptidoglycan-N-acetylglucosamine deacetylase BC_3618 => Peptidoglycan-N-acetylglucosamine deacetylase
[10:24:51] Modify product: Uncharacterized protein Rv2008c => putative protein
[10:24:51] Modify product: Probable HTH-type transcriptional regulator YgaV => putative HTH-type transcriptional regulator YgaV
[10:24:51] Modify product: UPF0173 metal-dependent hydrolase TM_1162 => hypothetical protein
[10:24:51] Modify product: Uncharacterized HIT-like protein Rv0759c => putative HIT-like protein
[10:24:51] Modify product: UPF0382 inner membrane protein YgdD => hypothetical protein
[10:24:51] Modify product: Uncharacterized protein YhaP => putative protein YhaP
[10:24:51] Modify product: Probable 3-hydroxyacyl-CoA dehydrogenase => putative 3-hydroxyacyl-CoA dehydrogenase
[10:24:51] Modify product: Probable xanthine dehydrogenase subunit A => putative xanthine dehydrogenase subunit A
[10:24:51] Modify product: Uncharacterized ABC transporter permease YknZ => putative ABC transporter permease YknZ
[10:24:51] Modify product: UPF0339 protein SO_3888 => hypothetical protein
[10:24:51] Modify product: Probable ketoamine kinase lp_1983 => putative ketoamine kinase
[10:24:51] Modify product: Uncharacterized metal-dependent hydrolase YcfH => putative metal-dependent hydrolase YcfH
[10:24:51] Modify product: Probable endopeptidase p60 => putative endopeptidase p60
[10:24:51] Modify product: Probable chromosome-partitioning protein ParB => putative chromosome-partitioning protein ParB
[10:24:51] Modify product: Probable sulfate transporter Rv1739c => putative sulfate transporter
[10:24:51] Modify product: Uncharacterized protein Rv2008c => putative protein
[10:24:51] Modify product: Probable multidrug resistance ABC transporter ATP-binding/permease protein YheI => putative multidrug resistance ABC transporter ATP-binding/permease protein YheI
[10:24:51] Modify product: Uncharacterized protein Rv2008c => putative protein
[10:24:51] Modify product: Bifunctional protein FolD => Bifunctional protein FolD protein
[10:24:51] Modify product: Probable type I restriction enzyme BthVORF4518P M protein => putative type I restriction enzymeP M protein
[10:24:51] Modify product: Probable sphingosine-1-phosphate lyase => putative sphingosine-1-phosphate lyase
[10:24:51] Modify product: Uncharacterized HTH-type transcriptional regulator Rv2887 => putative HTH-type transcriptional regulator
[10:24:51] Modify product: UPF0194 membrane protein YbhG => hypothetical protein
[10:24:51] Modify product: Probable multidrug ABC transporter ATP-binding protein YbhF => putative multidrug ABC transporter ATP-binding protein YbhF
[10:24:51] Modify product: Uncharacterized protein Rv2008c => putative protein
[10:24:51] Modify product: Probable murein peptide carboxypeptidase => putative murein peptide carboxypeptidase
[10:24:51] Modify product: Uncharacterized protein Rv2008c => putative protein
[10:24:51] Modify product: UPF0301 protein SO_3346 => hypothetical protein
[10:24:51] Modify product: Probable transcriptional regulatory protein HI_0315 => putative transcriptional regulatory protein
[10:24:51] Modify product: Probable ribonucleotide transport ATP-binding protein mkl => putative ribonucleotide transport ATP-binding protein mkl
[10:24:51] Modify product: Probable sulfate transporter Rv1739c => putative sulfate transporter
[10:24:51] Modify product: Uncharacterized sugar transferase EpsL => putative sugar transferase EpsL
[10:24:51] Cleaned 61 /product names
[10:24:51] Deleting unwanted file: ../../Data/Chen_Analysis/Prokka/Bacteria/GOMC.bin.3817/GOMC.bin.3817.sprot.tmp.3485603.faa
[10:24:51] Deleting unwanted file: ../../Data/Chen_Analysis/Prokka/Bacteria/GOMC.bin.3817/GOMC.bin.3817.sprot.tmp.3485603.blast
[10:24:51] There are still 1449 unannotated CDS left (started with 2039)
[10:24:51] Will use hmmer3 to search against /home/joao_facio/miniconda3/envs/prokka/db/hmm/HAMAP.hmm with 4 CPUs
[10:24:51] Running: cat \.\.\/\.\.\/Data\/Chen_Analysis\/Prokka\/Bacteria\/GOMC\.bin\.3817\/GOMC\.bin\.3817\.HAMAP\.hmm\.tmp\.3485603\.faa | parallel --gnu --plain -j 4 --block 44718 --recstart '>' --pipe hmmscan --noali --notextw --acc -E 1e-09 --cpu 1 /home/joao_facio/miniconda3/envs/prokka/db/hmm/HAMAP.hmm /dev/stdin > \.\.\/\.\.\/Data\/Chen_Analysis\/Prokka\/Bacteria\/GOMC\.bin\.3817\/GOMC\.bin\.3817\.HAMAP\.hmm\.tmp\.3485603\.hmmer3 2> /dev/null
[10:25:03] Modify product: Uncharacterized Nudix hydrolase NudL => putative Nudix hydrolase NudL
[10:25:03] Cleaned 1 /product names
[10:25:03] Deleting unwanted file: ../../Data/Chen_Analysis/Prokka/Bacteria/GOMC.bin.3817/GOMC.bin.3817.HAMAP.hmm.tmp.3485603.faa
[10:25:03] Deleting unwanted file: ../../Data/Chen_Analysis/Prokka/Bacteria/GOMC.bin.3817/GOMC.bin.3817.HAMAP.hmm.tmp.3485603.hmmer3
[10:25:03] Labelling remaining 1317 proteins as 'hypothetical protein'
[10:25:03] Possible /pseudo 'Tol-Pal system protein TolR' at SRR8439053_k53_15907_1 position 970
[10:25:03] Possible /pseudo 'Undecaprenyl phosphate-alpha-4-amino-4-deoxy-L-arabinose arabinosyl transferase' at SRR8439053_k53_317906_1 position 1675
[10:25:03] Possible /pseudo 'Serine/threonine-protein kinase Pkn1' at SRR8439053_k53_543621_1 position 1190
[10:25:03] Possible /pseudo 'Inosine-5'-monophosphate dehydrogenase' at SRR8439053_k53_885798_1 position 473
[10:25:03] Found 595 unique /gene codes.
[10:25:03] Fixed 2 duplicate /gene - mdtC_1 mdtC_2
[10:25:03] Fixed 2 duplicate /gene - guaB_1 guaB_2
[10:25:03] Fixed 2 duplicate /gene - ysdC_1 ysdC_2
[10:25:03] Fixed 3 duplicate /gene - cpoB_1 cpoB_2 cpoB_3
[10:25:03] Fixed 2 duplicate /gene - ntcA_1 ntcA_2
[10:25:03] Fixed 2 duplicate /gene - pyrR_1 pyrR_2
[10:25:03] Fixed 2 duplicate /gene - COQ5_1 COQ5_2
[10:25:03] Fixed 2 duplicate /gene - ruvB_1 ruvB_2
[10:25:03] Fixed 2 duplicate /gene - fadF_1 fadF_2
[10:25:03] Fixed 2 duplicate /gene - ade_1 ade_2
[10:25:03] Fixed 2 duplicate /gene - aat_1 aat_2
[10:25:03] Fixed 5 duplicate /gene - IMPDH_1 IMPDH_2 IMPDH_3 IMPDH_4 IMPDH_5
[10:25:03] Fixed 2 duplicate /gene - acsA_1 acsA_2
[10:25:03] Fixed 2 duplicate /gene - sigE_1 sigE_2
[10:25:03] Fixed 8 duplicate /gene - pal_1 pal_2 pal_3 pal_4 pal_5 pal_6 pal_7 pal_8
[10:25:03] Fixed 2 duplicate /gene - iscS_1 iscS_2
[10:25:03] Fixed 2 duplicate /gene - hypB_1 hypB_2
[10:25:03] Fixed 2 duplicate /gene - trxA_1 trxA_2
[10:25:03] Fixed 2 duplicate /gene - wecA_1 wecA_2
[10:25:03] Fixed 2 duplicate /gene - glpE_1 glpE_2
[10:25:03] Fixed 2 duplicate /gene - ybhF_1 ybhF_2
[10:25:03] Fixed 2 duplicate /gene - mshA_1 mshA_2
[10:25:03] Fixed 2 duplicate /gene - rhlE_1 rhlE_2
[10:25:03] Fixed 2 duplicate /gene - rgtE_1 rgtE_2
[10:25:03] Fixed 2 duplicate /gene - arnT_1 arnT_2
[10:25:03] Fixed 2 duplicate /gene - gcvH_1 gcvH_2
[10:25:03] Fixed 2 duplicate /gene - fdx_1 fdx_2
[10:25:03] Fixed 4 duplicate /gene - algU_1 algU_2 algU_3 algU_4
[10:25:03] Fixed 2 duplicate /gene - sigA_1 sigA_2
[10:25:03] Fixed 3 duplicate /gene - norR_1 norR_2 norR_3
[10:25:03] Fixed 2 duplicate /gene - ycf3_1 ycf3_2
[10:25:03] Fixed 2 duplicate /gene - tolB_1 tolB_2
[10:25:03] Fixed 2 duplicate /gene - rsmI_1 rsmI_2
[10:25:03] Fixed 2 duplicate /gene - dnaJ_1 dnaJ_2
[10:25:03] Fixed 2 duplicate /gene - gdhA_1 gdhA_2
[10:25:03] Fixed 4 duplicate /gene - sasA_1 sasA_2 sasA_3 sasA_4
[10:25:03] Fixed 2 duplicate /gene - tolR_1 tolR_2
[10:25:03] Fixed 2 duplicate /gene - recD2_1 recD2_2
[10:25:03] Fixed 2 duplicate /gene - pnuC_1 pnuC_2
[10:25:03] Fixed 2 duplicate /gene - pkn1_1 pkn1_2
[10:25:03] Fixed 4 duplicate /gene - resA_1 resA_2 resA_3 resA_4
[10:25:03] Fixed 3 duplicate /gene - btuD_1 btuD_2 btuD_3
[10:25:03] Fixed 2 duplicate /gene - acdA_1 acdA_2
[10:25:03] Fixed 2 duplicate /gene - bepA_1 bepA_2
[10:25:03] Fixed 2 duplicate /gene - rny_1 rny_2
[10:25:03] Fixed 2 duplicate /gene - btsR_1 btsR_2
[10:25:03] Fixed 2 duplicate /gene - sigW_1 sigW_2
[10:25:03] Fixed 2 duplicate /gene - sigH_1 sigH_2
[10:25:03] Fixed 48 colliding /gene names.
[10:25:03] Adding /locus_tag identifiers
[10:25:03] Assigned 2056 locus_tags to CDS and RNA features.
[10:25:03] Writing outputs to ../../Data/Chen_Analysis/Prokka/Bacteria/GOMC.bin.3817/
[10:25:03] Generating annotation statistics file
[10:25:03] Generating Genbank and Sequin files
[10:25:03] Running: tbl2asn -V b -a r10k -l paired-ends -M n -N 1 -y 'Annotated using prokka 1.14.6 from https://github.com/tseemann/prokka' -Z \.\.\/\.\.\/Data\/Chen_Analysis\/Prokka\/Bacteria\/GOMC\.bin\.3817\/GOMC\.bin\.3817\.err -i \.\.\/\.\.\/Data\/Chen_Analysis\/Prokka\/Bacteria\/GOMC\.bin\.3817\/GOMC\.bin\.3817\.fsa 2> /dev/null
[10:25:06] Deleting unwanted file: ../../Data/Chen_Analysis/Prokka/Bacteria/GOMC.bin.3817/errorsummary.val
[10:25:06] Deleting unwanted file: ../../Data/Chen_Analysis/Prokka/Bacteria/GOMC.bin.3817/GOMC.bin.3817.dr
[10:25:06] Deleting unwanted file: ../../Data/Chen_Analysis/Prokka/Bacteria/GOMC.bin.3817/GOMC.bin.3817.fixedproducts
[10:25:06] Deleting unwanted file: ../../Data/Chen_Analysis/Prokka/Bacteria/GOMC.bin.3817/GOMC.bin.3817.ecn
[10:25:06] Deleting unwanted file: ../../Data/Chen_Analysis/Prokka/Bacteria/GOMC.bin.3817/GOMC.bin.3817.val
[10:25:06] Repairing broken .GBK output that tbl2asn produces...
[10:25:06] Running: sed 's/COORDINATES: profile/COORDINATES:profile/' < \.\.\/\.\.\/Data\/Chen_Analysis\/Prokka\/Bacteria\/GOMC\.bin\.3817\/GOMC\.bin\.3817\.gbf > \.\.\/\.\.\/Data\/Chen_Analysis\/Prokka\/Bacteria\/GOMC\.bin\.3817\/GOMC\.bin\.3817\.gbk
[10:25:06] Deleting unwanted file: ../../Data/Chen_Analysis/Prokka/Bacteria/GOMC.bin.3817/GOMC.bin.3817.gbf
[10:25:06] Output files:
[10:25:06] ../../Data/Chen_Analysis/Prokka/Bacteria/GOMC.bin.3817/GOMC.bin.3817.txt
[10:25:06] ../../Data/Chen_Analysis/Prokka/Bacteria/GOMC.bin.3817/GOMC.bin.3817.fna
[10:25:06] ../../Data/Chen_Analysis/Prokka/Bacteria/GOMC.bin.3817/GOMC.bin.3817.sqn
[10:25:06] ../../Data/Chen_Analysis/Prokka/Bacteria/GOMC.bin.3817/GOMC.bin.3817.fsa
[10:25:06] ../../Data/Chen_Analysis/Prokka/Bacteria/GOMC.bin.3817/GOMC.bin.3817.tsv
[10:25:06] ../../Data/Chen_Analysis/Prokka/Bacteria/GOMC.bin.3817/GOMC.bin.3817.tbl
[10:25:06] ../../Data/Chen_Analysis/Prokka/Bacteria/GOMC.bin.3817/GOMC.bin.3817.faa
[10:25:06] ../../Data/Chen_Analysis/Prokka/Bacteria/GOMC.bin.3817/GOMC.bin.3817.gff
[10:25:06] ../../Data/Chen_Analysis/Prokka/Bacteria/GOMC.bin.3817/GOMC.bin.3817.err
[10:25:06] ../../Data/Chen_Analysis/Prokka/Bacteria/GOMC.bin.3817/GOMC.bin.3817.ffn
[10:25:06] ../../Data/Chen_Analysis/Prokka/Bacteria/GOMC.bin.3817/GOMC.bin.3817.log
[10:25:06] ../../Data/Chen_Analysis/Prokka/Bacteria/GOMC.bin.3817/GOMC.bin.3817.gbk
[10:25:06] Annotation finished successfully.
[10:25:06] Walltime used: 0.88 minutes
[10:25:06] If you use this result please cite the Prokka paper:
[10:25:06] Seemann T (2014) Prokka: rapid prokaryotic genome annotation. Bioinformatics. 30(14):2068-9.
[10:25:06] Type 'prokka --citation' for more details.
[10:25:06] Share and enjoy!
