[07:24:05] This is prokka 1.14.6
[07:24:05] Written by Torsten Seemann <torsten.seemann@gmail.com>
[07:24:05] Homepage is https://github.com/tseemann/prokka
[07:24:05] Local time is Mon Dec  1 07:24:05 2025
[07:24:05] You are joao_facio
[07:24:05] Operating system is linux
[07:24:05] You have BioPerl 1.7.8
[07:24:05] System has 12 cores.
[07:24:05] Will use maximum of 4 cores.
[07:24:05] Annotating as >>> Archaea <<<
[07:24:05] Generating locus_tag from '/tmp/tmp6gns85ah/GOMC.bin.3233.fa' contents.
[07:24:05] Setting --locustag OHNIJAOI from MD5 81723a82cec47ec22bfe10e3a6d59a01
[07:24:05] Creating new output folder: ../../Data/Chen_Analysis/Prokka/Archaea/GOMC.bin.3233
[07:24:05] Running: mkdir -p \.\.\/\.\.\/Data\/Chen_Analysis\/Prokka\/Archaea\/GOMC\.bin\.3233
[07:24:05] Using filename prefix: GOMC.bin.3233.XXX
[07:24:05] Setting HMMER_NCPU=1
[07:24:05] Writing log to: ../../Data/Chen_Analysis/Prokka/Archaea/GOMC.bin.3233/GOMC.bin.3233.log
[07:24:05] Command: /home/joao_facio/miniconda3/envs/prokka/bin/prokka --outdir ../../Data/Chen_Analysis/Prokka/Archaea/GOMC.bin.3233 --prefix GOMC.bin.3233 --kingdom Archaea --genus EX4484-135 --strain GOMC.bin.3233 --cpus 4 --force /tmp/tmp6gns85ah/GOMC.bin.3233.fa
[07:24:05] Appending to PATH: /home/joao_facio/miniconda3/envs/prokka/bin
[07:24:05] Looking for 'aragorn' - found /home/joao_facio/miniconda3/envs/prokka/bin/aragorn
[07:24:05] Determined aragorn version is 001002 from 'ARAGORN v1.2.41 Dean Laslett'
[07:24:05] Looking for 'barrnap' - found /home/joao_facio/miniconda3/envs/prokka/bin/barrnap
[07:24:05] Determined barrnap version is 000009 from 'barrnap 0.9'
[07:24:05] Looking for 'blastp' - found /home/joao_facio/miniconda3/envs/prokka/bin/blastp
[07:24:05] Determined blastp version is 002016 from 'blastp: 2.16.0+'
[07:24:05] Looking for 'cmpress' - found /home/joao_facio/miniconda3/envs/prokka/bin/cmpress
[07:24:05] Determined cmpress version is 001001 from '# INFERNAL 1.1.5 (Sep 2023)'
[07:24:05] Looking for 'cmscan' - found /home/joao_facio/miniconda3/envs/prokka/bin/cmscan
[07:24:05] Determined cmscan version is 001001 from '# INFERNAL 1.1.5 (Sep 2023)'
[07:24:05] Looking for 'egrep' - found /usr/bin/egrep
[07:24:05] Looking for 'find' - found /usr/bin/find
[07:24:05] Looking for 'grep' - found /usr/bin/grep
[07:24:05] Looking for 'hmmpress' - found /home/joao_facio/miniconda3/envs/prokka/bin/hmmpress
[07:24:05] Determined hmmpress version is 003004 from '# HMMER 3.4 (Aug 2023); http://hmmer.org/'
[07:24:05] Looking for 'hmmscan' - found /home/joao_facio/miniconda3/envs/prokka/bin/hmmscan
[07:24:05] Determined hmmscan version is 003004 from '# HMMER 3.4 (Aug 2023); http://hmmer.org/'
[07:24:05] Looking for 'java' - found /home/joao_facio/miniconda3/envs/prokka/bin/java
[07:24:05] Looking for 'makeblastdb' - found /home/joao_facio/miniconda3/envs/prokka/bin/makeblastdb
[07:24:06] Determined makeblastdb version is 002016 from 'makeblastdb: 2.16.0+'
[07:24:06] Looking for 'minced' - found /home/joao_facio/miniconda3/envs/prokka/bin/minced
[07:24:06] Determined minced version is 004002 from 'minced 0.4.2'
[07:24:06] Looking for 'parallel' - found /home/joao_facio/miniconda3/envs/prokka/bin/parallel
[07:24:06] Determined parallel version is 20251122 from 'GNU parallel 20251122'
[07:24:06] Looking for 'prodigal' - found /home/joao_facio/miniconda3/envs/prokka/bin/prodigal
[07:24:06] Determined prodigal version is 002006 from 'Prodigal V2.6.3: February, 2016'
[07:24:06] Looking for 'prokka-genbank_to_fasta_db' - found /home/joao_facio/miniconda3/envs/prokka/bin/prokka-genbank_to_fasta_db
[07:24:06] Looking for 'sed' - found /usr/bin/sed
[07:24:06] Looking for 'tbl2asn' - found /home/joao_facio/miniconda3/envs/prokka/bin/tbl2asn
[07:24:06] Determined tbl2asn version is 025007 from 'tbl2asn 25.7   arguments:'
[07:24:06] Using genetic code table 11.
[07:24:06] Loading and checking input file: /tmp/tmp6gns85ah/GOMC.bin.3233.fa
[07:24:06] Wrote 520 contigs totalling 1375792 bp.
[07:24:06] Predicting tRNAs and tmRNAs
[07:24:06] Running: aragorn -l -gc11  -w \.\.\/\.\.\/Data\/Chen_Analysis\/Prokka\/Archaea\/GOMC\.bin\.3233\/GOMC\.bin\.3233\.fna
[07:24:06] 1 tRNA-Val [1313,1389] 35 (tac)
[07:24:06] 1 tRNA-Ser c[691,779] 35 (tga)
[07:24:06] 1 tRNA-Val c[768,844] 35 (gac)
[07:24:06] 1 tRNA-Gln c[2733,2806] 33 (ttg)
[07:24:06] 1 tRNA-Arg c[1142,1219] 36 (gcg)
[07:24:06] 1 tRNA-Gln c[2546,2619] 33 (ctg)
[07:24:06] 1 tRNA-Arg [1434,1511] 36 (ccg)
[07:24:06] 1 tRNA-Arg c[9,86] 36 (tcg)
[07:24:06] 1 tRNA-Pro [806,884] 37 (ggg)
[07:24:06] 1 tRNA-Ala c[789,865] 35 (cgc)
[07:24:06] 1 tRNA-Asp [1327,1404] 37 (gtc)
[07:24:06] 1 tRNA-Leu [448,535] 37 (cag)
[07:24:06] 1 tRNA-Asn [1758,1833] 34 (gtt)
[07:24:06] 1 tRNA-Glu [1366,1442] 35 (ctc)
[07:24:06] 1 tRNA-Met c[4494,4571] 36 (cat)
[07:24:06] 1 tRNA-Thr c[6,83] 36 (cgt)
[07:24:06] 2 tRNA-Ser [1721,1807] 35 (gct)
[07:24:06] 1 tRNA-Pro [1065,1142] 37 (cgg)
[07:24:06] 1 tRNA-Leu c[752,839] 37 (gag)
[07:24:06] 1 tRNA-Glu c[25,101] 35 (ttc)
[07:24:06] 1 tRNA-Gly c[10,87] 37 (tcc)
[07:24:06] 1 tRNA-Thr [4844,4921] 36 (ggt)
[07:24:06] 1 tRNA-His [182,255] 33 (gtg)
[07:24:06] 1 tRNA-Ala [2212,2288] 35 (ggc)
[07:24:06] 1 tRNA-Lys c[1,75] 35 (ctt)
[07:24:06] Found 25 tRNAs
[07:24:06] Predicting Ribosomal RNAs
[07:24:06] Running Barrnap with 4 threads
[07:24:06] 1 SRR7051322_k53_16231_1 1089 16S ribosomal RNA
[07:24:06] Found 1 rRNAs
[07:24:06] Skipping ncRNA search, enable with --rfam if desired.
[07:24:06] Total of 26 tRNA + rRNA features
[07:24:06] Searching for CRISPR repeats
[07:24:07] Found 0 CRISPRs
[07:24:07] Predicting coding sequences
[07:24:07] Contigs total 1375792 bp, so using single mode
[07:24:07] Running: prodigal -i \.\.\/\.\.\/Data\/Chen_Analysis\/Prokka\/Archaea\/GOMC\.bin\.3233\/GOMC\.bin\.3233\.fna -c -m -g 11 -p single -f sco -q
[07:24:07] Excluding CDS which overlaps existing RNA (tRNA) at SRR7051322_k53_9136_1:3..833 on + strand
[07:24:07] Found 1628 CDS
[07:24:07] Connecting features back to sequences
[07:24:07] Not using genus-specific database. Try --usegenus to enable it.
[07:24:07] Annotating CDS, please be patient.
[07:24:07] Will use 4 CPUs for similarity searching.
[07:24:08] There are still 1628 unannotated CDS left (started with 1628)
[07:24:08] Will use blast to search against /home/joao_facio/miniconda3/envs/prokka/db/kingdom/Archaea/sprot with 4 CPUs
[07:24:08] Running: cat \.\.\/\.\.\/Data\/Chen_Analysis\/Prokka\/Archaea\/GOMC\.bin\.3233\/GOMC\.bin\.3233\.sprot\.tmp\.3093963\.faa | parallel --gnu --plain -j 4 --block 43984 --recstart '>' --pipe blastp -query - -db /home/joao_facio/miniconda3/envs/prokka/db/kingdom/Archaea/sprot -evalue 1e-09 -qcov_hsp_perc 80 -num_threads 1 -num_descriptions 1 -num_alignments 1 -seg no > \.\.\/\.\.\/Data\/Chen_Analysis\/Prokka\/Archaea\/GOMC\.bin\.3233\/GOMC\.bin\.3233\.sprot\.tmp\.3093963\.blast 2> /dev/null
[07:24:09] Modify product: Probable phosphoenolpyruvate synthase => putative phosphoenolpyruvate synthase
[07:24:09] Modify product: Zinc metalloprotease TldD homolog => Zinc metalloprotease TldD 
[07:24:09] Modify product: ATP-dependent DNA helicase Ta0057 => ATP-dependent DNA helicase
[07:24:09] Modify product: Uncharacterized HTH-type transcriptional regulator PH1519 => putative HTH-type transcriptional regulator
[07:24:09] Modify product: Probable ribosome biogenesis protein SSO0551 => putative ribosome biogenesis protein
[07:24:09] Modify product: Chlorinase MJ1651 => Chlorinase
[07:24:09] Modify product: Probable translation initiation factor IF-2 => putative translation initiation factor IF-2
[07:24:09] Modify product: Protein PH0010 => Protein
[07:24:09] Modify product: Polyribonucleotide 5'-hydroxyl-kinase PH0197 => Polyribonucleotide 5'-hydroxyl-kinase
[07:24:10] Modify product: Uncharacterized metallohydrolase MMP1398 => putative metallohydrolase
[07:24:10] Modify product: UPF0147 protein Ta0600 => hypothetical protein
[07:24:10] Modify product: UPF0425 pyridoxal phosphate-dependent protein MJ0158 => hypothetical protein
[07:24:10] Modify product: Uncharacterized HTH-type transcriptional regulator PH1519 => putative HTH-type transcriptional regulator
[07:24:10] Modify product: Uncharacterized protein AF_1796 => putative protein
[07:24:10] Modify product: UPF0273 protein PH0284 => hypothetical protein
[07:24:10] Modify product: UPF0310 protein PH1033 => hypothetical protein
[07:24:10] Modify product: Probable copper-exporting P-type ATPase => putative copper-exporting P-type ATPase
[07:24:10] Modify product: UPF0107 protein AF_0055 => hypothetical protein
[07:24:10] Modify product: Probable adenylyl-sulfate kinase => putative adenylyl-sulfate kinase
[07:24:10] Modify product: Protein translation factor SUI1 homolog => Protein translation factor SUI1 
[07:24:10] Modify product: DNA-binding protein MTH_1615 => DNA-binding protein
[07:24:10] Modify product: UPF0201 protein SSO1042 => hypothetical protein
[07:24:10] Modify product: UPF0200/UPF0201 protein AF_1395 => hypothetical protein
[07:24:10] Modify product: Probable aminomethyltransferase => putative aminomethyltransferase
[07:24:10] Modify product: Probable ribonuclease FAU-1 => putative ribonuclease FAU-1
[07:24:10] Modify product: Protein Ta0487 => Protein
[07:24:10] Modify product: Probable branched-chain amino acid transport ATP-binding protein LivG => putative branched-chain amino acid transport ATP-binding protein LivG
[07:24:10] Modify product: Probable branched-chain amino acid transport ATP-binding protein LivG => putative branched-chain amino acid transport ATP-binding protein LivG
[07:24:10] Modify product: Probable deoxyhypusine synthase => putative deoxyhypusine synthase
[07:24:10] Modify product: Probable branched-chain amino acid transport ATP-binding protein LivG => putative branched-chain amino acid transport ATP-binding protein LivG
[07:24:10] Modify product: Phosphodiesterase MJ0936 => Phosphodiesterase
[07:24:10] Modify product: Zinc metalloprotease TldD homolog => Zinc metalloprotease TldD 
[07:24:10] Modify product: Zinc metalloprotease TldD homolog => Zinc metalloprotease TldD 
[07:24:10] Modify product: Damage-control phosphatase AF_1104 => Damage-control phosphatase
[07:24:10] Modify product: GPN-loop GTPase PAB0955 => GPN-loop GTPase
[07:24:10] Modify product: Ribosome maturation protein SDO1 homolog => Ribosome maturation protein SDO1 
[07:24:10] Modify product: VapC ribonuclease AF_1683 => VapC ribonuclease
[07:24:10] Modify product: GPN-loop GTPase PAB0955 => GPN-loop GTPase
[07:24:10] Modify product: Probable 6-oxopurine nucleoside phosphorylase => putative 6-oxopurine nucleoside phosphorylase
[07:24:10] Modify product: Uncharacterized protein MJ1225 => putative protein
[07:24:10] Modify product: Probable ribosomal RNA small subunit methyltransferase A => putative ribosomal RNA small subunit methyltransferase A
[07:24:10] Modify product: Probable branched-chain amino acid transport ATP-binding protein LivG => putative branched-chain amino acid transport ATP-binding protein LivG
[07:24:10] Modify product: Probable tRNA pseudouridine synthase B => putative tRNA pseudouridine synthase B
[07:24:10] Modify product: Probable tRNA pseudouridine synthase B => putative tRNA pseudouridine synthase B
[07:24:10] Modify product: Probable S-adenosylmethionine-dependent methyltransferase MJ0882 => putative S-adenosylmethionine-dependent methyltransferase
[07:24:10] Modify product: RNA-binding protein PAB1135 => RNA-binding protein
[07:24:10] Modify product: Protein pelota homolog => Protein pelota 
[07:24:10] Modify product: Putative FKBP-type peptidyl-prolyl cis-trans isomerase MJ0825 => Putative FKBP-type peptidyl-prolyl cis-trans isomerase
[07:24:10] Modify product: Uncharacterized ABC transporter ATP-binding protein MJ0796 => putative ABC transporter ATP-binding protein
[07:24:10] Modify product: Uncharacterized HTH-type transcriptional regulator PH1519 => putative HTH-type transcriptional regulator
[07:24:10] Modify product: Probable hydrogenase maturation factor HypB => putative hydrogenase maturation factor HypB
[07:24:10] Modify product: UPF0273 protein PH0284 => hypothetical protein
[07:24:10] Modify product: Stomatin homolog PH1511 => Stomatin
[07:24:10] Modify product: Probable branched-chain amino acid transport ATP-binding protein LivG => putative branched-chain amino acid transport ATP-binding protein LivG
[07:24:10] Modify product: Uncharacterized protein MJ1187 => putative protein
[07:24:10] Modify product: Uncharacterized HTH-type transcriptional regulator PH1519 => putative HTH-type transcriptional regulator
[07:24:10] Modify product: Probable branched-chain amino acid transport ATP-binding protein LivG => putative branched-chain amino acid transport ATP-binding protein LivG
[07:24:10] Modify product: Probable branched-chain amino acid transport ATP-binding protein LivG => putative branched-chain amino acid transport ATP-binding protein LivG
[07:24:10] Modify product: Probable branched-chain amino acid transport ATP-binding protein LivG => putative branched-chain amino acid transport ATP-binding protein LivG
[07:24:10] Modify product: Probable branched-chain amino acid transport ATP-binding protein LivG => putative branched-chain amino acid transport ATP-binding protein LivG
[07:24:10] Modify product: Probable cyclic pyranopterin monophosphate synthase => putative cyclic pyranopterin monophosphate synthase
[07:24:10] Modify product: ADP-ribose glycohydrolase AF_1521 => ADP-ribose glycohydrolase
[07:24:10] Cleaned 62 /product names
[07:24:10] Deleting unwanted file: ../../Data/Chen_Analysis/Prokka/Archaea/GOMC.bin.3233/GOMC.bin.3233.sprot.tmp.3093963.faa
[07:24:10] Deleting unwanted file: ../../Data/Chen_Analysis/Prokka/Archaea/GOMC.bin.3233/GOMC.bin.3233.sprot.tmp.3093963.blast
[07:24:10] There are still 1189 unannotated CDS left (started with 1628)
[07:24:10] Will use hmmer3 to search against /home/joao_facio/miniconda3/envs/prokka/db/hmm/HAMAP.hmm with 4 CPUs
[07:24:10] Running: cat \.\.\/\.\.\/Data\/Chen_Analysis\/Prokka\/Archaea\/GOMC\.bin\.3233\/GOMC\.bin\.3233\.HAMAP\.hmm\.tmp\.3093963\.faa | parallel --gnu --plain -j 4 --block 28961 --recstart '>' --pipe hmmscan --noali --notextw --acc -E 1e-09 --cpu 1 /home/joao_facio/miniconda3/envs/prokka/db/hmm/HAMAP.hmm /dev/stdin > \.\.\/\.\.\/Data\/Chen_Analysis\/Prokka\/Archaea\/GOMC\.bin\.3233\/GOMC\.bin\.3233\.HAMAP\.hmm\.tmp\.3093963\.hmmer3 2> /dev/null
[07:24:18] Deleting unwanted file: ../../Data/Chen_Analysis/Prokka/Archaea/GOMC.bin.3233/GOMC.bin.3233.HAMAP.hmm.tmp.3093963.faa
[07:24:18] Deleting unwanted file: ../../Data/Chen_Analysis/Prokka/Archaea/GOMC.bin.3233/GOMC.bin.3233.HAMAP.hmm.tmp.3093963.hmmer3
[07:24:18] Labelling remaining 1032 proteins as 'hypothetical protein'
[07:24:18] Possible /pseudo 'Fused isobutyryl-CoA mutase' at SRR7051322_k53_108793_1 position 1758
[07:24:18] Possible /pseudo 'Aspartate aminotransferase' at SRR7051322_k53_123489_1 position 2577
[07:24:18] Possible /pseudo 'Pyrroline-5-carboxylate reductase' at SRR7051322_k53_126091_1 position 846
[07:24:18] Possible /pseudo 'putative branched-chain amino acid transport ATP-binding protein LivG' at SRR7051322_k53_150365_1 position 1493
[07:24:18] Possible /pseudo 'putative branched-chain amino acid transport ATP-binding protein LivG' at SRR7051322_k53_200483_1 position 1418
[07:24:18] Possible /pseudo 'putative branched-chain amino acid transport ATP-binding protein LivG' at SRR7051322_k53_215714_1 position 1291
[07:24:18] Possible /pseudo 'Protein-L-isoaspartate O-methyltransferase' at SRR7051322_k53_227600_1 position 2535
[07:24:18] Possible /pseudo 'Vitamin B12 import ATP-binding protein BtuD' at SRR7051322_k53_250370_1 position 1778
[07:24:18] Possible /pseudo 'Zinc metalloprotease TldD ' at SRR7051322_k53_302426_1 position 2854
[07:24:18] Possible /pseudo 'CRISPR-associated endonuclease Cas1' at SRR7051322_k53_314053_1 position 1476
[07:24:18] Possible /pseudo 'Bifunctional IPC transferase and DIPP synthase' at SRR7051322_k53_399379_1 position 2697
[07:24:18] Possible /pseudo 'putative tRNA pseudouridine synthase B' at SRR7051322_k53_445769_1 position 1193
[07:24:18] Possible /pseudo 'Mycothiol acetyltransferase' at SRR7051322_k53_467513_1 position 909
[07:24:18] Found 354 unique /gene codes.
[07:24:18] Fixed 2 duplicate /gene - pqqE_1 pqqE_2
[07:24:18] Fixed 4 duplicate /gene - hdrB2_1 hdrB2_2 hdrB2_3 hdrB2_4
[07:24:18] Fixed 2 duplicate /gene - mer_1 mer_2
[07:24:18] Fixed 4 duplicate /gene - caiA_1 caiA_2 caiA_3 caiA_4
[07:24:18] Fixed 2 duplicate /gene - porD_1 porD_2
[07:24:18] Fixed 3 duplicate /gene - xerC_1 xerC_2 xerC_3
[07:24:18] Fixed 2 duplicate /gene - cas1_1 cas1_2
[07:24:18] Fixed 3 duplicate /gene - thiL_1 thiL_2 thiL_3
[07:24:18] Fixed 5 duplicate /gene - hdrA_1 hdrA_2 hdrA_3 hdrA_4 hdrA_5
[07:24:18] Fixed 2 duplicate /gene - dpo1_1 dpo1_2
[07:24:18] Fixed 2 duplicate /gene - acdAII_1 acdAII_2
[07:24:18] Fixed 2 duplicate /gene - smc_1 smc_2
[07:24:18] Fixed 2 duplicate /gene - pepQ_1 pepQ_2
[07:24:18] Fixed 2 duplicate /gene - gloB_1 gloB_2
[07:24:18] Fixed 2 duplicate /gene - albA_1 albA_2
[07:24:18] Fixed 2 duplicate /gene - ttuA_1 ttuA_2
[07:24:18] Fixed 2 duplicate /gene - tfb_1 tfb_2
[07:24:18] Fixed 2 duplicate /gene - rsmB_1 rsmB_2
[07:24:18] Fixed 3 duplicate /gene - glcV_1 glcV_2 glcV_3
[07:24:18] Fixed 2 duplicate /gene - acdBI_1 acdBI_2
[07:24:18] Fixed 3 duplicate /gene - rnj_1 rnj_2 rnj_3
[07:24:18] Fixed 2 duplicate /gene - vorA_1 vorA_2
[07:24:18] Fixed 2 duplicate /gene - hemL_1 hemL_2
[07:24:18] Fixed 2 duplicate /gene - lplA_1 lplA_2
[07:24:18] Fixed 2 duplicate /gene - nikR_1 nikR_2
[07:24:18] Fixed 3 duplicate /gene - COQ5_1 COQ5_2 COQ5_3
[07:24:18] Fixed 3 duplicate /gene - fbiB_1 fbiB_2 fbiB_3
[07:24:18] Fixed 2 duplicate /gene - fixA_1 fixA_2
[07:24:18] Fixed 2 duplicate /gene - proC_1 proC_2
[07:24:18] Fixed 2 duplicate /gene - epd_1 epd_2
[07:24:18] Fixed 4 duplicate /gene - mshD_1 mshD_2 mshD_3 mshD_4
[07:24:18] Fixed 3 duplicate /gene - aor_1 aor_2 aor_3
[07:24:18] Fixed 2 duplicate /gene - phnW_1 phnW_2
[07:24:18] Fixed 4 duplicate /gene - moaA_1 moaA_2 moaA_3 moaA_4
[07:24:18] Fixed 2 duplicate /gene - mptN_1 mptN_2
[07:24:18] Fixed 2 duplicate /gene - korC_1 korC_2
[07:24:18] Fixed 2 duplicate /gene - aspS_1 aspS_2
[07:24:18] Fixed 2 duplicate /gene - cdvC_1 cdvC_2
[07:24:18] Fixed 2 duplicate /gene - mshA_1 mshA_2
[07:24:18] Fixed 2 duplicate /gene - hdrA2_1 hdrA2_2
[07:24:18] Fixed 2 duplicate /gene - for_1 for_2
[07:24:18] Fixed 2 duplicate /gene - pcm_1 pcm_2
[07:24:18] Fixed 2 duplicate /gene - nadA_1 nadA_2
[07:24:18] Fixed 2 duplicate /gene - miaB_1 miaB_2
[07:24:18] Fixed 9 duplicate /gene - livG_1 livG_2 livG_3 livG_4 livG_5 livG_6 livG_7 livG_8 livG_9
[07:24:18] Fixed 2 duplicate /gene - tuf_1 tuf_2
[07:24:18] Fixed 2 duplicate /gene - lipM_1 lipM_2
[07:24:18] Fixed 3 duplicate /gene - tdh_1 tdh_2 tdh_3
[07:24:18] Fixed 2 duplicate /gene - RBKS_1 RBKS_2
[07:24:18] Fixed 3 duplicate /gene - dadD_1 dadD_2 dadD_3
[07:24:18] Fixed 3 duplicate /gene - gcvH_1 gcvH_2 gcvH_3
[07:24:18] Fixed 2 duplicate /gene - fixB_1 fixB_2
[07:24:18] Fixed 4 duplicate /gene - icmF_1 icmF_2 icmF_3 icmF_4
[07:24:18] Fixed 3 duplicate /gene - tldD_1 tldD_2 tldD_3
[07:24:18] Fixed 2 duplicate /gene - nadE_1 nadE_2
[07:24:18] Fixed 2 duplicate /gene - truB_1 truB_2
[07:24:18] Fixed 2 duplicate /gene - wtpB_1 wtpB_2
[07:24:18] Fixed 3 duplicate /gene - ndhI_1 ndhI_2 ndhI_3
[07:24:18] Fixed 2 duplicate /gene - thrS_1 thrS_2
[07:24:18] Fixed 2 duplicate /gene - endA_1 endA_2
[07:24:18] Fixed 3 duplicate /gene - aspC_1 aspC_2 aspC_3
[07:24:18] Fixed 15 duplicate /gene - btuD_1 btuD_2 btuD_3 btuD_4 btuD_5 btuD_6 btuD_7 btuD_8 btuD_9 btuD_10 btuD_11 btuD_12 btuD_13 btuD_14 btuD_15
[07:24:18] Fixed 2 duplicate /gene - rsxB_1 rsxB_2
[07:24:18] Fixed 2 duplicate /gene - lysJ_1 lysJ_2
[07:24:18] Fixed 2 duplicate /gene - psmB_1 psmB_2
[07:24:18] Fixed 2 duplicate /gene - hdrC_1 hdrC_2
[07:24:18] Fixed 3 duplicate /gene - xpf_1 xpf_2 xpf_3
[07:24:18] Fixed 2 duplicate /gene - hdrD_1 hdrD_2
[07:24:18] Fixed 68 colliding /gene names.
[07:24:18] Adding /locus_tag identifiers
[07:24:18] Assigned 1654 locus_tags to CDS and RNA features.
[07:24:18] Writing outputs to ../../Data/Chen_Analysis/Prokka/Archaea/GOMC.bin.3233/
[07:24:19] Generating annotation statistics file
[07:24:19] Generating Genbank and Sequin files
[07:24:19] Running: tbl2asn -V b -a r10k -l paired-ends -M n -N 1 -y 'Annotated using prokka 1.14.6 from https://github.com/tseemann/prokka' -Z \.\.\/\.\.\/Data\/Chen_Analysis\/Prokka\/Archaea\/GOMC\.bin\.3233\/GOMC\.bin\.3233\.err -i \.\.\/\.\.\/Data\/Chen_Analysis\/Prokka\/Archaea\/GOMC\.bin\.3233\/GOMC\.bin\.3233\.fsa 2> /dev/null
[07:24:20] Deleting unwanted file: ../../Data/Chen_Analysis/Prokka/Archaea/GOMC.bin.3233/errorsummary.val
[07:24:20] Deleting unwanted file: ../../Data/Chen_Analysis/Prokka/Archaea/GOMC.bin.3233/GOMC.bin.3233.dr
[07:24:20] Deleting unwanted file: ../../Data/Chen_Analysis/Prokka/Archaea/GOMC.bin.3233/GOMC.bin.3233.fixedproducts
[07:24:20] Deleting unwanted file: ../../Data/Chen_Analysis/Prokka/Archaea/GOMC.bin.3233/GOMC.bin.3233.ecn
[07:24:20] Deleting unwanted file: ../../Data/Chen_Analysis/Prokka/Archaea/GOMC.bin.3233/GOMC.bin.3233.val
[07:24:20] Repairing broken .GBK output that tbl2asn produces...
[07:24:20] Running: sed 's/COORDINATES: profile/COORDINATES:profile/' < \.\.\/\.\.\/Data\/Chen_Analysis\/Prokka\/Archaea\/GOMC\.bin\.3233\/GOMC\.bin\.3233\.gbf > \.\.\/\.\.\/Data\/Chen_Analysis\/Prokka\/Archaea\/GOMC\.bin\.3233\/GOMC\.bin\.3233\.gbk
[07:24:20] Deleting unwanted file: ../../Data/Chen_Analysis/Prokka/Archaea/GOMC.bin.3233/GOMC.bin.3233.gbf
[07:24:20] Output files:
[07:24:20] ../../Data/Chen_Analysis/Prokka/Archaea/GOMC.bin.3233/GOMC.bin.3233.err
[07:24:20] ../../Data/Chen_Analysis/Prokka/Archaea/GOMC.bin.3233/GOMC.bin.3233.fsa
[07:24:20] ../../Data/Chen_Analysis/Prokka/Archaea/GOMC.bin.3233/GOMC.bin.3233.gbk
[07:24:20] ../../Data/Chen_Analysis/Prokka/Archaea/GOMC.bin.3233/GOMC.bin.3233.txt
[07:24:20] ../../Data/Chen_Analysis/Prokka/Archaea/GOMC.bin.3233/GOMC.bin.3233.sqn
[07:24:20] ../../Data/Chen_Analysis/Prokka/Archaea/GOMC.bin.3233/GOMC.bin.3233.ffn
[07:24:20] ../../Data/Chen_Analysis/Prokka/Archaea/GOMC.bin.3233/GOMC.bin.3233.gff
[07:24:20] ../../Data/Chen_Analysis/Prokka/Archaea/GOMC.bin.3233/GOMC.bin.3233.fna
[07:24:20] ../../Data/Chen_Analysis/Prokka/Archaea/GOMC.bin.3233/GOMC.bin.3233.faa
[07:24:20] ../../Data/Chen_Analysis/Prokka/Archaea/GOMC.bin.3233/GOMC.bin.3233.tsv
[07:24:20] ../../Data/Chen_Analysis/Prokka/Archaea/GOMC.bin.3233/GOMC.bin.3233.log
[07:24:20] ../../Data/Chen_Analysis/Prokka/Archaea/GOMC.bin.3233/GOMC.bin.3233.tbl
[07:24:20] Annotation finished successfully.
[07:24:20] Walltime used: 0.25 minutes
[07:24:20] If you use this result please cite the Prokka paper:
[07:24:20] Seemann T (2014) Prokka: rapid prokaryotic genome annotation. Bioinformatics. 30(14):2068-9.
[07:24:20] Type 'prokka --citation' for more details.
[07:24:20] Share and enjoy!
