[08:49:35] This is prokka 1.14.6
[08:49:35] Written by Torsten Seemann <torsten.seemann@gmail.com>
[08:49:35] Homepage is https://github.com/tseemann/prokka
[08:49:35] Local time is Mon Dec  1 08:49:35 2025
[08:49:35] You are joao_facio
[08:49:35] Operating system is linux
[08:49:35] You have BioPerl 1.7.8
[08:49:35] System has 12 cores.
[08:49:35] Will use maximum of 4 cores.
[08:49:35] Annotating as >>> Bacteria <<<
[08:49:35] Generating locus_tag from '/tmp/tmp6gns85ah/GOMC.bin.14668.fa' contents.
[08:49:35] Setting --locustag OLNFAMCE from MD5 857fa6ce0f222fc277808ee8ae7fa26e
[08:49:35] Creating new output folder: ../../Data/Chen_Analysis/Prokka/Bacteria/GOMC.bin.14668
[08:49:35] Running: mkdir -p \.\.\/\.\.\/Data\/Chen_Analysis\/Prokka\/Bacteria\/GOMC\.bin\.14668
[08:49:35] Using filename prefix: GOMC.bin.14668.XXX
[08:49:35] Setting HMMER_NCPU=1
[08:49:35] Writing log to: ../../Data/Chen_Analysis/Prokka/Bacteria/GOMC.bin.14668/GOMC.bin.14668.log
[08:49:35] Command: /home/joao_facio/miniconda3/envs/prokka/bin/prokka --outdir ../../Data/Chen_Analysis/Prokka/Bacteria/GOMC.bin.14668 --prefix GOMC.bin.14668 --kingdom Bacteria --genus M0029 --strain GOMC.bin.14668 --cpus 4 --force /tmp/tmp6gns85ah/GOMC.bin.14668.fa
[08:49:35] Appending to PATH: /home/joao_facio/miniconda3/envs/prokka/bin
[08:49:35] Looking for 'aragorn' - found /home/joao_facio/miniconda3/envs/prokka/bin/aragorn
[08:49:35] Determined aragorn version is 001002 from 'ARAGORN v1.2.41 Dean Laslett'
[08:49:35] Looking for 'barrnap' - found /home/joao_facio/miniconda3/envs/prokka/bin/barrnap
[08:49:35] Determined barrnap version is 000009 from 'barrnap 0.9'
[08:49:35] Looking for 'blastp' - found /home/joao_facio/miniconda3/envs/prokka/bin/blastp
[08:49:35] Determined blastp version is 002016 from 'blastp: 2.16.0+'
[08:49:35] Looking for 'cmpress' - found /home/joao_facio/miniconda3/envs/prokka/bin/cmpress
[08:49:35] Determined cmpress version is 001001 from '# INFERNAL 1.1.5 (Sep 2023)'
[08:49:35] Looking for 'cmscan' - found /home/joao_facio/miniconda3/envs/prokka/bin/cmscan
[08:49:35] Determined cmscan version is 001001 from '# INFERNAL 1.1.5 (Sep 2023)'
[08:49:35] Looking for 'egrep' - found /usr/bin/egrep
[08:49:35] Looking for 'find' - found /usr/bin/find
[08:49:35] Looking for 'grep' - found /usr/bin/grep
[08:49:35] Looking for 'hmmpress' - found /home/joao_facio/miniconda3/envs/prokka/bin/hmmpress
[08:49:35] Determined hmmpress version is 003004 from '# HMMER 3.4 (Aug 2023); http://hmmer.org/'
[08:49:35] Looking for 'hmmscan' - found /home/joao_facio/miniconda3/envs/prokka/bin/hmmscan
[08:49:35] Determined hmmscan version is 003004 from '# HMMER 3.4 (Aug 2023); http://hmmer.org/'
[08:49:35] Looking for 'java' - found /home/joao_facio/miniconda3/envs/prokka/bin/java
[08:49:35] Looking for 'makeblastdb' - found /home/joao_facio/miniconda3/envs/prokka/bin/makeblastdb
[08:49:35] Determined makeblastdb version is 002016 from 'makeblastdb: 2.16.0+'
[08:49:35] Looking for 'minced' - found /home/joao_facio/miniconda3/envs/prokka/bin/minced
[08:49:35] Determined minced version is 004002 from 'minced 0.4.2'
[08:49:35] Looking for 'parallel' - found /home/joao_facio/miniconda3/envs/prokka/bin/parallel
[08:49:35] Determined parallel version is 20251122 from 'GNU parallel 20251122'
[08:49:35] Looking for 'prodigal' - found /home/joao_facio/miniconda3/envs/prokka/bin/prodigal
[08:49:35] Determined prodigal version is 002006 from 'Prodigal V2.6.3: February, 2016'
[08:49:35] Looking for 'prokka-genbank_to_fasta_db' - found /home/joao_facio/miniconda3/envs/prokka/bin/prokka-genbank_to_fasta_db
[08:49:35] Looking for 'sed' - found /usr/bin/sed
[08:49:35] Looking for 'tbl2asn' - found /home/joao_facio/miniconda3/envs/prokka/bin/tbl2asn
[08:49:35] Determined tbl2asn version is 025007 from 'tbl2asn 25.7   arguments:'
[08:49:35] Using genetic code table 11.
[08:49:35] Loading and checking input file: /tmp/tmp6gns85ah/GOMC.bin.14668.fa
[08:49:35] Wrote 571 contigs totalling 3866074 bp.
[08:49:35] Predicting tRNAs and tmRNAs
[08:49:35] Running: aragorn -l -gc11  -w \.\.\/\.\.\/Data\/Chen_Analysis\/Prokka\/Bacteria\/GOMC\.bin\.14668\/GOMC\.bin\.14668\.fna
[08:49:35] 1 tRNA-Leu [4240,4324] 35 (gag)
[08:49:35] 1 tRNA-Leu [2458,2543] 34 (caa)
[08:49:35] 1 tRNA-Pro c[3240,3316] 35 (cgg)
[08:49:35] 1 tRNA-Trp c[11889,11965] 35 (cca)
[08:49:35] 1 tRNA-Pro c[121,194] 35 (tgg)
[08:49:35] 1 tRNA-SeC [2746,2845] 35 (tca)
[08:49:35] 1 tRNA-Arg c[1097,1172] 34 (tcg)
[08:49:35] 1 tRNA-Met c[1880,1953] 34 (cat)
[08:49:36] 1 tRNA-Val c[4,80] 35 (gac)
[08:49:36] 1 tRNA-Ser c[19,108] 35 (gga)
[08:49:36] 1 tRNA-Gln c[5182,5256] 33 (ttg)
[08:49:36] 1 tRNA-Glu [3082,3159] 37 (ttc)
[08:49:36] 1 tRNA-Gln c[884,957] 33 (ctg)
[08:49:36] 1 tRNA-Glu c[3412,3487] 35 (ctc)
[08:49:36] 1 tRNA-Arg [5217,5293] 35 (acg)
[08:49:36] 1 tRNA-Ala [18021,18096] 34 (ggc)
[08:49:36] 1 tmRNA c[32293,32644] 85,114 ANDNLALAA*
[08:49:37] 1 tRNA-Lys [676,751] 34 (ttt)
[08:49:37] 1 tRNA-Arg c[1,77] 35 (cct)
[08:49:37] 1 tRNA-Leu c[1937,2023] 35 (cag)
[08:49:37] 1 tRNA-Ala c[4,78] 33 (cgc)
[08:49:37] Found 21 tRNAs
[08:49:37] Predicting Ribosomal RNAs
[08:49:37] Running Barrnap with 4 threads
[08:49:38] 1 k63_2447106 291 5S ribosomal RNA
[08:49:38] Found 1 rRNAs
[08:49:38] Skipping ncRNA search, enable with --rfam if desired.
[08:49:38] Total of 21 tRNA + rRNA features
[08:49:38] Searching for CRISPR repeats
[08:49:38] Found 0 CRISPRs
[08:49:38] Predicting coding sequences
[08:49:38] Contigs total 3866074 bp, so using single mode
[08:49:38] Running: prodigal -i \.\.\/\.\.\/Data\/Chen_Analysis\/Prokka\/Bacteria\/GOMC\.bin\.14668\/GOMC\.bin\.14668\.fna -c -m -g 11 -p single -f sco -q
[08:49:42] Found 3587 CDS
[08:49:42] Connecting features back to sequences
[08:49:42] Not using genus-specific database. Try --usegenus to enable it.
[08:49:42] Annotating CDS, please be patient.
[08:49:42] Will use 4 CPUs for similarity searching.
[08:49:42] There are still 3587 unannotated CDS left (started with 3587)
[08:49:42] Will use blast to search against /home/joao_facio/miniconda3/envs/prokka/db/kingdom/Bacteria/IS with 4 CPUs
[08:49:42] Running: cat \.\.\/\.\.\/Data\/Chen_Analysis\/Prokka\/Bacteria\/GOMC\.bin\.14668\/GOMC\.bin\.14668\.IS\.tmp\.3299101\.faa | parallel --gnu --plain -j 4 --block 141744 --recstart '>' --pipe blastp -query - -db /home/joao_facio/miniconda3/envs/prokka/db/kingdom/Bacteria/IS -evalue 1e-30 -qcov_hsp_perc 90 -num_threads 1 -num_descriptions 1 -num_alignments 1 -seg no > \.\.\/\.\.\/Data\/Chen_Analysis\/Prokka\/Bacteria\/GOMC\.bin\.14668\/GOMC\.bin\.14668\.IS\.tmp\.3299101\.blast 2> /dev/null
[08:49:56] Deleting unwanted file: ../../Data/Chen_Analysis/Prokka/Bacteria/GOMC.bin.14668/GOMC.bin.14668.IS.tmp.3299101.faa
[08:49:56] Deleting unwanted file: ../../Data/Chen_Analysis/Prokka/Bacteria/GOMC.bin.14668/GOMC.bin.14668.IS.tmp.3299101.blast
[08:49:56] There are still 3581 unannotated CDS left (started with 3587)
[08:49:56] Will use blast to search against /home/joao_facio/miniconda3/envs/prokka/db/kingdom/Bacteria/AMR with 4 CPUs
[08:49:56] Running: cat \.\.\/\.\.\/Data\/Chen_Analysis\/Prokka\/Bacteria\/GOMC\.bin\.14668\/GOMC\.bin\.14668\.AMR\.tmp\.3299101\.faa | parallel --gnu --plain -j 4 --block 141525 --recstart '>' --pipe blastp -query - -db /home/joao_facio/miniconda3/envs/prokka/db/kingdom/Bacteria/AMR -evalue 1e-300 -qcov_hsp_perc 90 -num_threads 1 -num_descriptions 1 -num_alignments 1 -seg no > \.\.\/\.\.\/Data\/Chen_Analysis\/Prokka\/Bacteria\/GOMC\.bin\.14668\/GOMC\.bin\.14668\.AMR\.tmp\.3299101\.blast 2> /dev/null
[08:50:06] Deleting unwanted file: ../../Data/Chen_Analysis/Prokka/Bacteria/GOMC.bin.14668/GOMC.bin.14668.AMR.tmp.3299101.faa
[08:50:06] Deleting unwanted file: ../../Data/Chen_Analysis/Prokka/Bacteria/GOMC.bin.14668/GOMC.bin.14668.AMR.tmp.3299101.blast
[08:50:06] There are still 3581 unannotated CDS left (started with 3587)
[08:50:06] Will use blast to search against /home/joao_facio/miniconda3/envs/prokka/db/kingdom/Bacteria/sprot with 4 CPUs
[08:50:06] Running: cat \.\.\/\.\.\/Data\/Chen_Analysis\/Prokka\/Bacteria\/GOMC\.bin\.14668\/GOMC\.bin\.14668\.sprot\.tmp\.3299101\.faa | parallel --gnu --plain -j 4 --block 141525 --recstart '>' --pipe blastp -query - -db /home/joao_facio/miniconda3/envs/prokka/db/kingdom/Bacteria/sprot -evalue 1e-09 -qcov_hsp_perc 80 -num_threads 1 -num_descriptions 1 -num_alignments 1 -seg no > \.\.\/\.\.\/Data\/Chen_Analysis\/Prokka\/Bacteria\/GOMC\.bin\.14668\/GOMC\.bin\.14668\.sprot\.tmp\.3299101\.blast 2> /dev/null
[08:50:59] Modify product: Nucleoid-associated protein Cthe_2143 => Nucleoid-associated protein
[08:50:59] Modify product: UPF0758 protein YsxA => hypothetical protein
[08:50:59] Modify product: Uncharacterized protein YccU => putative protein YccU
[08:50:59] Modify product: Probable multidrug ABC transporter permease YbhS => putative multidrug ABC transporter permease YbhS
[08:50:59] Modify product: Probable multidrug ABC transporter ATP-binding protein YbhF => putative multidrug ABC transporter ATP-binding protein YbhF
[08:50:59] Modify product: UPF0194 membrane protein YbhG => hypothetical protein
[08:50:59] Modify product: UPF0145 protein BCE33L0904 => hypothetical protein
[08:50:59] Modify product: Uncharacterized protein Rv2307c => putative protein
[08:50:59] Modify product: Uncharacterized inner membrane transporter YedA => putative inner membrane transporter YedA
[08:50:59] Modify product: Probable chromosome-partitioning protein ParB => putative chromosome-partitioning protein ParB
[08:50:59] Modify product: Probable GTPase Rv1496 => putative GTPase
[08:50:59] Modify product: Probable methylmalonyl-CoA mutase large subunit => putative methylmalonyl-CoA mutase large subunit
[08:50:59] Modify product: Uncharacterized protein PA3922 => putative protein
[08:50:59] Modify product: UPF0173 metal-dependent hydrolase TM_1162 => hypothetical protein
[08:50:59] Modify product: NADH dehydrogenase-like protein SAOUHSC_00878 => NADH dehydrogenase-like protein
[08:50:59] Modify product: Probable polyglutamine synthesis accessory protein Rv0574c => putative polyglutamine synthesis accessory protein
[08:50:59] Modify product: Probable transcriptional regulatory protein aq_1575 => putative transcriptional regulatory protein
[08:50:59] Modify product: Uncharacterized oxidoreductase SA2266 => putative oxidoreductase
[08:50:59] Modify product: Probable xanthine dehydrogenase subunit D => putative xanthine dehydrogenase subunit D
[08:50:59] Modify product: Putative cystathionine beta-synthase Rv1077 => Putative cystathionine beta-synthase
[08:50:59] Modify product: Probable ribonucleotide transport ATP-binding protein mkl => putative ribonucleotide transport ATP-binding protein mkl
[08:50:59] Modify product: Probable Fe(2+)-trafficking protein => putative Fe(2+)-trafficking protein
[08:50:59] Modify product: Uncharacterized oxidoreductase Rv0484c => putative oxidoreductase
[08:50:59] Modify product: Butyryl-CoA dehydrogenase Swol_1933 => Butyryl-CoA dehydrogenase
[08:50:59] Modify product: Uncharacterized ABC transporter ATP-binding protein YknY => putative ABC transporter ATP-binding protein YknY
[08:50:59] Modify product: UPF0111 protein HI_1603 => hypothetical protein
[08:50:59] Modify product: Probable L-lysine-epsilon aminotransferase => putative L-lysine-epsilon aminotransferase
[08:50:59] Modify product: Probable GTP-binding protein EngB => putative GTP-binding protein EngB
[08:50:59] Modify product: Uncharacterized protein Rv2926c => putative protein
[08:50:59] Modify product: Bifunctional protein Rv2228c => Bifunctional protein
[08:50:59] Modify product: Glycogen operon protein GlgX homolog => Glycogen operon protein GlgX 
[08:51:00] Modify product: Probable murein peptide carboxypeptidase => putative murein peptide carboxypeptidase
[08:51:00] Modify product: Probable L,D-transpeptidase YcbB => putative L,D-transpeptidase YcbB
[08:51:00] Modify product: Carbon dioxide-concentrating mechanism protein CcmK homolog 2 => Carbon dioxide-concentrating mechanism protein CcmK 
[08:51:00] Modify product: Probable lipid kinase YegS => putative lipid kinase YegS
[08:51:00] Modify product: UPF0761 membrane protein YihY => hypothetical protein
[08:51:00] Modify product: Uncharacterized protein YhaP => putative protein YhaP
[08:51:00] Modify product: Probable multidrug resistance ABC transporter ATP-binding/permease protein YheI => putative multidrug resistance ABC transporter ATP-binding/permease protein YheI
[08:51:00] Modify product: Epimerase family protein SA0724 => Epimerase family protein
[08:51:00] Modify product: UPF0053 protein Rv1842c => hypothetical protein
[08:51:00] Modify product: Probable cytosol aminopeptidase => putative cytosol aminopeptidase
[08:51:00] Modify product: Uncharacterized zinc protease Rv2782c => putative zinc protease
[08:51:00] Modify product: Probable nicotinate-nucleotide adenylyltransferase => putative nicotinate-nucleotide adenylyltransferase
[08:51:00] Modify product: UPF0111 protein HI_1603 => hypothetical protein
[08:51:00] Modify product: Uncharacterized HTH-type transcriptional regulator Rv1395 => putative HTH-type transcriptional regulator
[08:51:00] Modify product: Probable adenylyltransferase/sulfurtransferase MoeZ => putative adenylyltransferase/sulfurtransferase MoeZ
[08:51:00] Modify product: Probable NAD-dependent malic enzyme 2 => putative NAD-dependent malic enzyme 2
[08:51:00] Modify product: Uncharacterized protein Rv2307c => putative protein
[08:51:00] Modify product: Probable nicotinate-nucleotide pyrophosphorylase [carboxylating] => putative nicotinate-nucleotide pyrophosphorylase [carboxylating]
[08:51:00] Modify product: Putative diacyglycerol O-acyltransferase Rv1760 => Putative diacyglycerol O-acyltransferase
[08:51:00] Modify product: Probable bifunctional SAT/APS kinase => putative bifunctional SAT/APS kinase
[08:51:00] Modify product: Protein aq_1857 => Protein
[08:51:00] Modify product: Uncharacterized acyl-CoA thioester hydrolase HI_0827 => putative acyl-CoA thioester hydrolase
[08:51:00] Modify product: SCO1 protein homolog => SCO1 protein 
[08:51:00] Modify product: NADH dehydrogenase-like protein SAOUHSC_00878 => NADH dehydrogenase-like protein
[08:51:00] Modify product: Probable Ni/Fe-hydrogenase 2 b-type cytochrome subunit => putative Ni/Fe-hydrogenase 2 b-type cytochrome subunit
[08:51:00] Modify product: Uncharacterized FAD-linked oxidoreductase Rv2280 => putative FAD-linked oxidoreductase
[08:51:00] Modify product: Uncharacterized ABC transporter ATP-binding protein YbiT => putative ABC transporter ATP-binding protein YbiT
[08:51:00] Modify product: Probable FMN/FAD exporter YeeO => putative FMN/FAD exporter YeeO
[08:51:00] Modify product: Uncharacterized ABC transporter ATP-binding protein YknY => putative ABC transporter ATP-binding protein YknY
[08:51:00] Modify product: Probable 3-hydroxybutyryl-CoA dehydrogenase => putative 3-hydroxybutyryl-CoA dehydrogenase
[08:51:00] Modify product: Uncharacterized oxidoreductase SA2266 => putative oxidoreductase
[08:51:00] Modify product: Uncharacterized aminopeptidase Rv1333 => putative aminopeptidase
[08:51:00] Modify product: Probable 3-hydroxybutyryl-CoA dehydrogenase => putative 3-hydroxybutyryl-CoA dehydrogenase
[08:51:00] Modify product: Probable acyl-CoA dehydrogenase fadE25 => putative acyl-CoA dehydrogenase fadE25
[08:51:00] Modify product: Probable ATP-dependent transporter SufC => putative ATP-dependent transporter SufC
[08:51:00] Modify product: Probable riboflavin import permease protein RfuC => putative riboflavin import permease protein RfuC
[08:51:00] Modify product: Probable riboflavin import permease protein RfuD => putative riboflavin import permease protein RfuD
[08:51:00] Modify product: Probable tRNA-dihydrouridine synthase => putative tRNA-dihydrouridine synthase
[08:51:00] Modify product: Probable alcohol dehydrogenase AdhA => putative alcohol dehydrogenase AdhA
[08:51:00] Modify product: Uncharacterized epimerase/dehydratase SA0511 => putative epimerase/dehydratase
[08:51:00] Modify product: Probable hydrolase YcaC => putative hydrolase YcaC
[08:51:00] Modify product: Probable diacyglycerol O-acyltransferase tgs1 => putative diacyglycerol O-acyltransferase tgs1
[08:51:00] Modify product: Uncharacterized protein Rv1480 => putative protein
[08:51:00] Modify product: Putative peroxiredoxin Rv2521 => Putative peroxiredoxin
[08:51:00] Modify product: Probable protein kinase UbiB => putative protein kinase UbiB
[08:51:00] Modify product: Putative cystathionine beta-synthase Rv1077 => Putative cystathionine beta-synthase
[08:51:00] Modify product: Uncharacterized FAD-linked oxidoreductase YvdP => putative FAD-linked oxidoreductase YvdP
[08:51:00] Modify product: Solute-binding protein Bamb_6123 => Solute-binding protein
[08:51:00] Modify product: Uncharacterized protein TP_0956 => putative protein
[08:51:00] Modify product: Probable 3-hydroxyacyl-CoA dehydrogenase => putative 3-hydroxyacyl-CoA dehydrogenase
[08:51:00] Modify product: Probable acyl-CoA dehydrogenase => putative acyl-CoA dehydrogenase
[08:51:00] Modify product: Uncharacterized glycosyltransferase Rv0539 => putative glycosyltransferase
[08:51:00] Modify product: Putative esterase aq_1494 => Putative esterase
[08:51:00] Modify product: Uncharacterized protein YqeY => putative protein YqeY
[08:51:00] Modify product: Uncharacterized protein Rv1829 => putative protein
[08:51:00] Modify product: Nucleotide-binding protein Rv1421 => Nucleotide-binding protein
[08:51:00] Modify product: UPF0109 protein Rv2908c => hypothetical protein
[08:51:00] Modify product: Putative multidrug export ATP-binding/permease protein SAV1866 => Putative multidrug export ATP-binding/permease protein
[08:51:00] Modify product: Putative monooxygenase Rv0793 => Putative monooxygenase
[08:51:00] Modify product: Uncharacterized N-acetyltransferase YafP => putative N-acetyltransferase YafP
[08:51:00] Modify product: Uncharacterized oxidoreductase HI_0048 => putative oxidoreductase
[08:51:00] Modify product: Uncharacterized protein HI_1028 => putative protein
[08:51:00] Modify product: Tricorn protease homolog 1 => Tricorn protease 
[08:51:00] Modify product: Segregation and condensation protein B homolog => Segregation and condensation protein B 
[08:51:00] Modify product: Uncharacterized ABC transporter ATP-binding protein Rv0986 => putative ABC transporter ATP-binding protein
[08:51:00] Modify product: Probable zinc-binding alcohol dehydrogenase Rv1895 => putative zinc-binding alcohol dehydrogenase
[08:51:00] Modify product: UPF0382 membrane protein YwdK => hypothetical protein
[08:51:00] Modify product: UPF0403 protein YphP => hypothetical protein
[08:51:00] Modify product: Uncharacterized HTH-type transcriptional regulator YbaQ => putative HTH-type transcriptional regulator YbaQ
[08:51:00] Modify product: Uncharacterized ABC transporter ATP-binding protein YknY => putative ABC transporter ATP-binding protein YknY
[08:51:00] Modify product: Probable polyketide biosynthesis zinc-dependent hydrolase PksB => putative polyketide biosynthesis zinc-dependent hydrolase PksB
[08:51:00] Modify product: Uncharacterized protein Rv0959 => putative protein
[08:51:00] Modify product: Uncharacterized metal-dependent hydrolase YjjV => putative metal-dependent hydrolase YjjV
[08:51:00] Modify product: Uncharacterized ABC transporter ATP-binding protein YknY => putative ABC transporter ATP-binding protein YknY
[08:51:00] Modify product: Probable iron-sulfur-binding oxidoreductase FadF => putative iron-sulfur-binding oxidoreductase FadF
[08:51:00] Modify product: USG-1 protein homolog => USG-1 protein 
[08:51:00] Modify product: Probable protein kinase UbiB => putative protein kinase UbiB
[08:51:00] Modify product: UPF0047 protein Rv2556c => hypothetical protein
[08:51:00] Modify product: Probable L-galactonate transporter => putative L-galactonate transporter
[08:51:00] Modify product: Uncharacterized protein Rv0897c => putative protein
[08:51:00] Modify product: Uncharacterized protein HI_0131 => putative protein
[08:51:00] Modify product: UPF0353 protein Rv1481 => hypothetical protein
[08:51:00] Modify product: Uncharacterized 33.6 kDa protein in fasciation locus => putative 33.6 kDa protein in fasciation locus
[08:51:00] Modify product: Probable membrane transporter protein YfcA => putative membrane transporter protein YfcA
[08:51:00] Modify product: Probable peptidoglycan glycosyltransferase FtsW => putative peptidoglycan glycosyltransferase FtsW
[08:51:00] Modify product: Uncharacterized ABC transporter ATP-binding protein TM_0288 => putative ABC transporter ATP-binding protein
[08:51:00] Modify product: GTP cyclohydrolase 1 type 2 homolog => GTP cyclohydrolase 1 type 2 
[08:51:00] Modify product: Probable cyclic di-GMP phosphodiesterase VC_1348 => putative cyclic di-GMP phosphodiesterase
[08:51:00] Modify product: Stress response UPF0229 protein YhbH => hypothetical protein
[08:51:00] Modify product: Uncharacterized periplasmic iron-binding protein HI_0362 => putative periplasmic iron-binding protein
[08:51:00] Modify product: Ribonuclease TTHA0252 => Ribonuclease
[08:51:00] Modify product: Uncharacterized ABC transporter ATP-binding protein YknY => putative ABC transporter ATP-binding protein YknY
[08:51:00] Modify product: Probable siderophore transport system ATP-binding protein YusV => putative siderophore transport system ATP-binding protein YusV
[08:51:00] Modify product: Putative polysaccharide biosynthesis protein with aminopeptidase-like domain => Putative polysaccharide biosynthesis protein with aminopeptidase-like domain protein
[08:51:00] Modify product: Putative HTH-type transcriptional regulator Rv1287 => Putative HTH-type transcriptional regulator
[08:51:00] Cleaned 126 /product names
[08:51:00] Deleting unwanted file: ../../Data/Chen_Analysis/Prokka/Bacteria/GOMC.bin.14668/GOMC.bin.14668.sprot.tmp.3299101.faa
[08:51:00] Deleting unwanted file: ../../Data/Chen_Analysis/Prokka/Bacteria/GOMC.bin.14668/GOMC.bin.14668.sprot.tmp.3299101.blast
[08:51:01] There are still 2368 unannotated CDS left (started with 3587)
[08:51:01] Will use hmmer3 to search against /home/joao_facio/miniconda3/envs/prokka/db/hmm/HAMAP.hmm with 4 CPUs
[08:51:01] Running: cat \.\.\/\.\.\/Data\/Chen_Analysis\/Prokka\/Bacteria\/GOMC\.bin\.14668\/GOMC\.bin\.14668\.HAMAP\.hmm\.tmp\.3299101\.faa | parallel --gnu --plain -j 4 --block 88605 --recstart '>' --pipe hmmscan --noali --notextw --acc -E 1e-09 --cpu 1 /home/joao_facio/miniconda3/envs/prokka/db/hmm/HAMAP.hmm /dev/stdin > \.\.\/\.\.\/Data\/Chen_Analysis\/Prokka\/Bacteria\/GOMC\.bin\.14668\/GOMC\.bin\.14668\.HAMAP\.hmm\.tmp\.3299101\.hmmer3 2> /dev/null
[08:51:17] Modify product: Uncharacterized Nudix hydrolase NudL => putative Nudix hydrolase NudL
[08:51:18] Modify product: Bifunctional protein FolD => Bifunctional protein FolD protein
[08:51:18] Cleaned 2 /product names
[08:51:18] Deleting unwanted file: ../../Data/Chen_Analysis/Prokka/Bacteria/GOMC.bin.14668/GOMC.bin.14668.HAMAP.hmm.tmp.3299101.faa
[08:51:18] Deleting unwanted file: ../../Data/Chen_Analysis/Prokka/Bacteria/GOMC.bin.14668/GOMC.bin.14668.HAMAP.hmm.tmp.3299101.hmmer3
[08:51:18] Labelling remaining 2021 proteins as 'hypothetical protein'
[08:51:18] Possible /pseudo 'Ethanolamine utilization protein EutN' at k63_1154846 position 15097
[08:51:18] Possible /pseudo 'Macrolide export ATP-binding/permease protein MacB' at k63_8091580 position 2844
[08:51:18] Possible /pseudo 'D-inositol-3-phosphate glycosyltransferase' at k63_4642877 position 3477
[08:51:18] Possible /pseudo 'Acyl-CoA dehydrogenase' at k63_5802867 position 20295
[08:51:18] Possible /pseudo 'Serine/threonine-protein kinase PknD' at k63_5244690 position 2549
[08:51:18] Possible /pseudo 'Tol-Pal system protein TolR' at k63_5296251 position 14135
[08:51:18] Possible /pseudo 'Thiol:disulfide interchange protein DsbD' at k63_5313260 position 10256
[08:51:18] Possible /pseudo 'Polyphosphate:AMP phosphotransferase' at k63_6460301 position 1277
[08:51:18] Possible /pseudo 'Myo-inositol 2-dehydrogenase' at k63_4174192 position 17827
[08:51:18] Possible /pseudo 'Undecaprenyl phosphate-alpha-4-amino-4-deoxy-L-arabinose arabinosyl transferase' at k63_1923833 position 7833
[08:51:18] Possible /pseudo 'Macrolide export ATP-binding/permease protein MacB' at k63_4779376 position 1654
[08:51:18] Possible /pseudo 'Dodecaprenyl-phosphate galacturonate synthase' at k63_4276576 position 21539
[08:51:18] Possible /pseudo 'GDP-6-deoxy-D-mannose reductase' at k63_2114858 position 10307
[08:51:18] Possible /pseudo '3-oxoacyl-[acyl-carrier-protein] synthase 2' at k63_6817934 position 706
[08:51:18] Possible /pseudo 'Macrolide export ATP-binding/permease protein MacB' at k63_6817934 position 12065
[08:51:18] Found 1077 unique /gene codes.
[08:51:18] Fixed 2 duplicate /gene - ndhJ_1 ndhJ_2
[08:51:18] Fixed 2 duplicate /gene - sigM_1 sigM_2
[08:51:18] Fixed 4 duplicate /gene - fabF_1 fabF_2 fabF_3 fabF_4
[08:51:18] Fixed 2 duplicate /gene - tpl_1 tpl_2
[08:51:18] Fixed 2 duplicate /gene - rcsC_1 rcsC_2
[08:51:18] Fixed 2 duplicate /gene - pstC_1 pstC_2
[08:51:18] Fixed 2 duplicate /gene - mutS2_1 mutS2_2
[08:51:18] Fixed 3 duplicate /gene - fabZ_1 fabZ_2 fabZ_3
[08:51:18] Fixed 2 duplicate /gene - plsY_1 plsY_2
[08:51:18] Fixed 3 duplicate /gene - pilT_1 pilT_2 pilT_3
[08:51:18] Fixed 2 duplicate /gene - rsbW_1 rsbW_2
[08:51:18] Fixed 2 duplicate /gene - zraR_1 zraR_2
[08:51:18] Fixed 6 duplicate /gene - fabG_1 fabG_2 fabG_3 fabG_4 fabG_5 fabG_6
[08:51:18] Fixed 2 duplicate /gene - plsC_1 plsC_2
[08:51:18] Fixed 33 duplicate /gene - pknD_1 pknD_2 pknD_3 pknD_4 pknD_5 pknD_6 pknD_7 pknD_8 pknD_9 pknD_10 pknD_11 pknD_12 pknD_13 pknD_14 pknD_15 pknD_16 pknD_17 pknD_18 pknD_19 pknD_20 pknD_21 pknD_22 pknD_23 pknD_24 pknD_25 pknD_26 pknD_27 pknD_28 pknD_29 pknD_30 pknD_31 pknD_32 pknD_33
[08:51:18] Fixed 2 duplicate /gene - leuC_1 leuC_2
[08:51:18] Fixed 2 duplicate /gene - clpX_1 clpX_2
[08:51:18] Fixed 4 duplicate /gene - mltF_1 mltF_2 mltF_3 mltF_4
[08:51:18] Fixed 2 duplicate /gene - gltA2_1 gltA2_2
[08:51:18] Fixed 2 duplicate /gene - rbsA_1 rbsA_2
[08:51:18] Fixed 2 duplicate /gene - cusA_1 cusA_2
[08:51:18] Fixed 2 duplicate /gene - nuoF_1 nuoF_2
[08:51:18] Fixed 2 duplicate /gene - alsT_1 alsT_2
[08:51:18] Fixed 2 duplicate /gene - dxs_1 dxs_2
[08:51:18] Fixed 2 duplicate /gene - lolE_1 lolE_2
[08:51:18] Fixed 3 duplicate /gene - thlA_1 thlA_2 thlA_3
[08:51:18] Fixed 2 duplicate /gene - betA_1 betA_2
[08:51:18] Fixed 2 duplicate /gene - mutM_1 mutM_2
[08:51:18] Fixed 2 duplicate /gene - omcS_1 omcS_2
[08:51:18] Fixed 2 duplicate /gene - tadA_1 tadA_2
[08:51:18] Fixed 2 duplicate /gene - ygeW_1 ygeW_2
[08:51:18] Fixed 2 duplicate /gene - egtB_1 egtB_2
[08:51:18] Fixed 7 duplicate /gene - cpoB_1 cpoB_2 cpoB_3 cpoB_4 cpoB_5 cpoB_6 cpoB_7
[08:51:18] Fixed 4 duplicate /gene - petC_1 petC_2 petC_3 petC_4
[08:51:18] Fixed 2 duplicate /gene - uvrA_1 uvrA_2
[08:51:18] Fixed 2 duplicate /gene - mmgC_1 mmgC_2
[08:51:18] Fixed 2 duplicate /gene - yhhT_1 yhhT_2
[08:51:18] Fixed 2 duplicate /gene - gph_1 gph_2
[08:51:18] Fixed 2 duplicate /gene - nuoM_1 nuoM_2
[08:51:18] Fixed 3 duplicate /gene - nqo4_1 nqo4_2 nqo4_3
[08:51:18] Fixed 12 duplicate /gene - sasA_1 sasA_2 sasA_3 sasA_4 sasA_5 sasA_6 sasA_7 sasA_8 sasA_9 sasA_10 sasA_11 sasA_12
[08:51:18] Fixed 2 duplicate /gene - ychF_1 ychF_2
[08:51:18] Fixed 2 duplicate /gene - auaH_1 auaH_2
[08:51:18] Fixed 3 duplicate /gene - lnrL_1 lnrL_2 lnrL_3
[08:51:18] Fixed 2 duplicate /gene - sctC_1 sctC_2
[08:51:18] Fixed 3 duplicate /gene - gap_1 gap_2 gap_3
[08:51:18] Fixed 2 duplicate /gene - nuoJ_1 nuoJ_2
[08:51:18] Fixed 4 duplicate /gene - btuD_1 btuD_2 btuD_3 btuD_4
[08:51:18] Fixed 2 duplicate /gene - arnC_1 arnC_2
[08:51:18] Fixed 2 duplicate /gene - ymdB_1 ymdB_2
[08:51:18] Fixed 2 duplicate /gene - arnT_1 arnT_2
[08:51:18] Fixed 2 duplicate /gene - dagK_1 dagK_2
[08:51:18] Fixed 2 duplicate /gene - menE_1 menE_2
[08:51:18] Fixed 3 duplicate /gene - gloB_1 gloB_2 gloB_3
[08:51:18] Fixed 2 duplicate /gene - dppB_1 dppB_2
[08:51:18] Fixed 6 duplicate /gene - atoC_1 atoC_2 atoC_3 atoC_4 atoC_5 atoC_6
[08:51:18] Fixed 2 duplicate /gene - ade_1 ade_2
[08:51:18] Fixed 2 duplicate /gene - dsbD_1 dsbD_2
[08:51:18] Fixed 5 duplicate /gene - sigW_1 sigW_2 sigW_3 sigW_4 sigW_5
[08:51:18] Fixed 3 duplicate /gene - rgtE_1 rgtE_2 rgtE_3
[08:51:18] Fixed 2 duplicate /gene - pstB_1 pstB_2
[08:51:18] Fixed 2 duplicate /gene - galE1_1 galE1_2
[08:51:18] Fixed 2 duplicate /gene - betC_1 betC_2
[08:51:18] Fixed 4 duplicate /gene - gdhA_1 gdhA_2 gdhA_3 gdhA_4
[08:51:18] Fixed 2 duplicate /gene - ftsA_1 ftsA_2
[08:51:18] Fixed 2 duplicate /gene - cheB_1 cheB_2
[08:51:18] Fixed 2 duplicate /gene - tolR_1 tolR_2
[08:51:18] Fixed 2 duplicate /gene - murF_1 murF_2
[08:51:18] Fixed 4 duplicate /gene - moaA_1 moaA_2 moaA_3 moaA_4
[08:51:18] Fixed 2 duplicate /gene - frdB_1 frdB_2
[08:51:18] Fixed 2 duplicate /gene - rsbU_1 rsbU_2
[08:51:18] Fixed 2 duplicate /gene - bcp_1 bcp_2
[08:51:18] Fixed 7 duplicate /gene - macB_1 macB_2 macB_3 macB_4 macB_5 macB_6 macB_7
[08:51:18] Fixed 3 duplicate /gene - macA_1 macA_2 macA_3
[08:51:18] Fixed 2 duplicate /gene - relG_1 relG_2
[08:51:18] Fixed 2 duplicate /gene - frdA_1 frdA_2
[08:51:18] Fixed 3 duplicate /gene - menH_1 menH_2 menH_3
[08:51:18] Fixed 2 duplicate /gene - sppA_1 sppA_2
[08:51:18] Fixed 2 duplicate /gene - mtnB_1 mtnB_2
[08:51:18] Fixed 2 duplicate /gene - acdA_1 acdA_2
[08:51:18] Fixed 3 duplicate /gene - petB_1 petB_2 petB_3
[08:51:18] Fixed 2 duplicate /gene - arsM_1 arsM_2
[08:51:18] Fixed 2 duplicate /gene - mmgB_1 mmgB_2
[08:51:18] Fixed 2 duplicate /gene - eutN_1 eutN_2
[08:51:18] Fixed 2 duplicate /gene - mdh_1 mdh_2
[08:51:18] Fixed 3 duplicate /gene - pcm_1 pcm_2 pcm_3
[08:51:18] Fixed 2 duplicate /gene - psd_1 psd_2
[08:51:18] Fixed 2 duplicate /gene - actIII_1 actIII_2
[08:51:18] Fixed 6 duplicate /gene - btuB_1 btuB_2 btuB_3 btuB_4 btuB_5 btuB_6
[08:51:18] Fixed 7 duplicate /gene - mshA_1 mshA_2 mshA_3 mshA_4 mshA_5 mshA_6 mshA_7
[08:51:18] Fixed 2 duplicate /gene - yiiM_1 yiiM_2
[08:51:18] Fixed 2 duplicate /gene - rpoE_1 rpoE_2
[08:51:18] Fixed 3 duplicate /gene - gcvT_1 gcvT_2 gcvT_3
[08:51:18] Fixed 2 duplicate /gene - rmd_1 rmd_2
[08:51:18] Fixed 4 duplicate /gene - ndhI_1 ndhI_2 ndhI_3 ndhI_4
[08:51:18] Fixed 2 duplicate /gene - rssB_1 rssB_2
[08:51:18] Fixed 2 duplicate /gene - polA_1 polA_2
[08:51:18] Fixed 3 duplicate /gene - korA_1 korA_2 korA_3
[08:51:18] Fixed 5 duplicate /gene - yknY_1 yknY_2 yknY_3 yknY_4 yknY_5
[08:51:18] Fixed 3 duplicate /gene - lnt_1 lnt_2 lnt_3
[08:51:18] Fixed 2 duplicate /gene - sufS_1 sufS_2
[08:51:18] Fixed 2 duplicate /gene - ldh_1 ldh_2
[08:51:18] Fixed 4 duplicate /gene - hutI_1 hutI_2 hutI_3 hutI_4
[08:51:18] Fixed 3 duplicate /gene - lon_1 lon_2 lon_3
[08:51:18] Fixed 2 duplicate /gene - nnr_1 nnr_2
[08:51:18] Fixed 7 duplicate /gene - rbn_1 rbn_2 rbn_3 rbn_4 rbn_5 rbn_6 rbn_7
[08:51:18] Fixed 2 duplicate /gene - recA_1 recA_2
[08:51:18] Fixed 2 duplicate /gene - pgsA_1 pgsA_2
[08:51:18] Fixed 4 duplicate /gene - bamA_1 bamA_2 bamA_3 bamA_4
[08:51:18] Fixed 2 duplicate /gene - dhaA_1 dhaA_2
[08:51:18] Fixed 2 duplicate /gene - mntH_1 mntH_2
[08:51:18] Fixed 14 duplicate /gene - bepA_1 bepA_2 bepA_3 bepA_4 bepA_5 bepA_6 bepA_7 bepA_8 bepA_9 bepA_10 bepA_11 bepA_12 bepA_13 bepA_14
[08:51:18] Fixed 3 duplicate /gene - bioF_1 bioF_2 bioF_3
[08:51:18] Fixed 4 duplicate /gene - resA_1 resA_2 resA_3 resA_4
[08:51:18] Fixed 3 duplicate /gene - nuoN_1 nuoN_2 nuoN_3
[08:51:18] Fixed 2 duplicate /gene - epi_1 epi_2
[08:51:18] Fixed 2 duplicate /gene - dapE_1 dapE_2
[08:51:18] Fixed 2 duplicate /gene - nqo6_1 nqo6_2
[08:51:18] Fixed 3 duplicate /gene - ndhC_1 ndhC_2 ndhC_3
[08:51:18] Fixed 3 duplicate /gene - prkC_1 prkC_2 prkC_3
[08:51:18] Fixed 2 duplicate /gene - dnaK_1 dnaK_2
[08:51:18] Fixed 2 duplicate /gene - ruvB_1 ruvB_2
[08:51:18] Fixed 2 duplicate /gene - cbs_1 cbs_2
[08:51:18] Fixed 2 duplicate /gene - kynB_1 kynB_2
[08:51:18] Fixed 10 duplicate /gene - tolB_1 tolB_2 tolB_3 tolB_4 tolB_5 tolB_6 tolB_7 tolB_8 tolB_9 tolB_10
[08:51:18] Fixed 2 duplicate /gene - mazF9_1 mazF9_2
[08:51:18] Fixed 2 duplicate /gene - acsA_1 acsA_2
[08:51:18] Fixed 4 duplicate /gene - napA_1 napA_2 napA_3 napA_4
[08:51:18] Fixed 3 duplicate /gene - hpt_1 hpt_2 hpt_3
[08:51:18] Fixed 2 duplicate /gene - apgM_1 apgM_2
[08:51:18] Fixed 2 duplicate /gene - nuoH_1 nuoH_2
[08:51:18] Fixed 2 duplicate /gene - dpp5_1 dpp5_2
[08:51:18] Fixed 2 duplicate /gene - glmU_1 glmU_2
[08:51:18] Fixed 2 duplicate /gene - nth_1 nth_2
[08:51:18] Fixed 7 duplicate /gene - norR_1 norR_2 norR_3 norR_4 norR_5 norR_6 norR_7
[08:51:18] Fixed 2 duplicate /gene - tam_1 tam_2
[08:51:18] Fixed 3 duplicate /gene - gcvH_1 gcvH_2 gcvH_3
[08:51:18] Fixed 3 duplicate /gene - trxB_1 trxB_2 trxB_3
[08:51:18] Fixed 2 duplicate /gene - tatA_1 tatA_2
[08:51:18] Fixed 3 duplicate /gene - mdtA_1 mdtA_2 mdtA_3
[08:51:18] Fixed 2 duplicate /gene - mdtB_1 mdtB_2
[08:51:18] Fixed 2 duplicate /gene - ubiB_1 ubiB_2
[08:51:18] Fixed 3 duplicate /gene - iolG_1 iolG_2 iolG_3
[08:51:18] Fixed 2 duplicate /gene - suhB_1 suhB_2
[08:51:18] Fixed 2 duplicate /gene - azoB_1 azoB_2
[08:51:18] Fixed 4 duplicate /gene - vapC_1 vapC_2 vapC_3 vapC_4
[08:51:18] Fixed 5 duplicate /gene - COQ5_1 COQ5_2 COQ5_3 COQ5_4 COQ5_5
[08:51:18] Fixed 3 duplicate /gene - fabH_1 fabH_2 fabH_3
[08:51:18] Fixed 2 duplicate /gene - yghO_1 yghO_2
[08:51:18] Fixed 4 duplicate /gene - algU_1 algU_2 algU_3 algU_4
[08:51:18] Fixed 4 duplicate /gene - speE_1 speE_2 speE_3 speE_4
[08:51:18] Fixed 2 duplicate /gene - ndk_1 ndk_2
[08:51:18] Fixed 4 duplicate /gene - soj_1 soj_2 soj_3 soj_4
[08:51:18] Fixed 3 duplicate /gene - lapB_1 lapB_2 lapB_3
[08:51:18] Fixed 2 duplicate /gene - sadH_1 sadH_2
[08:51:18] Fixed 2 duplicate /gene - bacC_1 bacC_2
[08:51:18] Fixed 2 duplicate /gene - pyrD_1 pyrD_2
[08:51:18] Fixed 2 duplicate /gene - cutS_1 cutS_2
[08:51:18] Fixed 3 duplicate /gene - acpP_1 acpP_2 acpP_3
[08:51:18] Fixed 2 duplicate /gene - crt_1 crt_2
[08:51:18] Fixed 4 duplicate /gene - surA_1 surA_2 surA_3 surA_4
[08:51:18] Fixed 3 duplicate /gene - IMPDH_1 IMPDH_2 IMPDH_3
[08:51:18] Fixed 2 duplicate /gene - rutC_1 rutC_2
[08:51:18] Fixed 2 duplicate /gene - pal_1 pal_2
[08:51:18] Fixed 3 duplicate /gene - yceI_1 yceI_2 yceI_3
[08:51:18] Fixed 3 duplicate /gene - rhlE_1 rhlE_2 rhlE_3
[08:51:18] Fixed 2 duplicate /gene - msbA_1 msbA_2
[08:51:18] Fixed 2 duplicate /gene - rsbV_1 rsbV_2
[08:51:18] Fixed 2 duplicate /gene - patA_1 patA_2
[08:51:18] Fixed 2 duplicate /gene - hldD_1 hldD_2
[08:51:18] Fixed 2 duplicate /gene - ggt_1 ggt_2
[08:51:18] Fixed 2 duplicate /gene - cutL_1 cutL_2
[08:51:18] Fixed 172 colliding /gene names.
[08:51:18] Adding /locus_tag identifiers
[08:51:18] Assigned 3609 locus_tags to CDS and RNA features.
[08:51:18] Writing outputs to ../../Data/Chen_Analysis/Prokka/Bacteria/GOMC.bin.14668/
[08:51:18] Generating annotation statistics file
[08:51:18] Generating Genbank and Sequin files
[08:51:18] Running: tbl2asn -V b -a r10k -l paired-ends -M n -N 1 -y 'Annotated using prokka 1.14.6 from https://github.com/tseemann/prokka' -Z \.\.\/\.\.\/Data\/Chen_Analysis\/Prokka\/Bacteria\/GOMC\.bin\.14668\/GOMC\.bin\.14668\.err -i \.\.\/\.\.\/Data\/Chen_Analysis\/Prokka\/Bacteria\/GOMC\.bin\.14668\/GOMC\.bin\.14668\.fsa 2> /dev/null
[08:51:22] Deleting unwanted file: ../../Data/Chen_Analysis/Prokka/Bacteria/GOMC.bin.14668/errorsummary.val
[08:51:22] Deleting unwanted file: ../../Data/Chen_Analysis/Prokka/Bacteria/GOMC.bin.14668/GOMC.bin.14668.dr
[08:51:22] Deleting unwanted file: ../../Data/Chen_Analysis/Prokka/Bacteria/GOMC.bin.14668/GOMC.bin.14668.fixedproducts
[08:51:22] Deleting unwanted file: ../../Data/Chen_Analysis/Prokka/Bacteria/GOMC.bin.14668/GOMC.bin.14668.ecn
[08:51:22] Deleting unwanted file: ../../Data/Chen_Analysis/Prokka/Bacteria/GOMC.bin.14668/GOMC.bin.14668.val
[08:51:22] Repairing broken .GBK output that tbl2asn produces...
[08:51:22] Running: sed 's/COORDINATES: profile/COORDINATES:profile/' < \.\.\/\.\.\/Data\/Chen_Analysis\/Prokka\/Bacteria\/GOMC\.bin\.14668\/GOMC\.bin\.14668\.gbf > \.\.\/\.\.\/Data\/Chen_Analysis\/Prokka\/Bacteria\/GOMC\.bin\.14668\/GOMC\.bin\.14668\.gbk
[08:51:22] Deleting unwanted file: ../../Data/Chen_Analysis/Prokka/Bacteria/GOMC.bin.14668/GOMC.bin.14668.gbf
[08:51:22] Output files:
[08:51:22] ../../Data/Chen_Analysis/Prokka/Bacteria/GOMC.bin.14668/GOMC.bin.14668.txt
[08:51:22] ../../Data/Chen_Analysis/Prokka/Bacteria/GOMC.bin.14668/GOMC.bin.14668.faa
[08:51:22] ../../Data/Chen_Analysis/Prokka/Bacteria/GOMC.bin.14668/GOMC.bin.14668.gbk
[08:51:22] ../../Data/Chen_Analysis/Prokka/Bacteria/GOMC.bin.14668/GOMC.bin.14668.log
[08:51:22] ../../Data/Chen_Analysis/Prokka/Bacteria/GOMC.bin.14668/GOMC.bin.14668.tbl
[08:51:22] ../../Data/Chen_Analysis/Prokka/Bacteria/GOMC.bin.14668/GOMC.bin.14668.sqn
[08:51:22] ../../Data/Chen_Analysis/Prokka/Bacteria/GOMC.bin.14668/GOMC.bin.14668.ffn
[08:51:22] ../../Data/Chen_Analysis/Prokka/Bacteria/GOMC.bin.14668/GOMC.bin.14668.err
[08:51:22] ../../Data/Chen_Analysis/Prokka/Bacteria/GOMC.bin.14668/GOMC.bin.14668.fna
[08:51:22] ../../Data/Chen_Analysis/Prokka/Bacteria/GOMC.bin.14668/GOMC.bin.14668.tsv
[08:51:22] ../../Data/Chen_Analysis/Prokka/Bacteria/GOMC.bin.14668/GOMC.bin.14668.gff
[08:51:22] ../../Data/Chen_Analysis/Prokka/Bacteria/GOMC.bin.14668/GOMC.bin.14668.fsa
[08:51:22] Annotation finished successfully.
[08:51:22] Walltime used: 1.78 minutes
[08:51:22] If you use this result please cite the Prokka paper:
[08:51:22] Seemann T (2014) Prokka: rapid prokaryotic genome annotation. Bioinformatics. 30(14):2068-9.
[08:51:22] Type 'prokka --citation' for more details.
[08:51:22] Share and enjoy!
