[07:26:25] This is prokka 1.14.6
[07:26:25] Written by Torsten Seemann <torsten.seemann@gmail.com>
[07:26:25] Homepage is https://github.com/tseemann/prokka
[07:26:25] Local time is Mon Dec  1 07:26:25 2025
[07:26:25] You are joao_facio
[07:26:25] Operating system is linux
[07:26:25] You have BioPerl 1.7.8
[07:26:25] System has 12 cores.
[07:26:25] Will use maximum of 4 cores.
[07:26:25] Annotating as >>> Archaea <<<
[07:26:25] Generating locus_tag from '/tmp/tmp6gns85ah/GOMC.bin.1176.fa' contents.
[07:26:25] Setting --locustag IHHKGEHE from MD5 21140e1e2df13b9897172030cb3045aa
[07:26:25] Creating new output folder: ../../Data/Chen_Analysis/Prokka/Archaea/GOMC.bin.1176
[07:26:25] Running: mkdir -p \.\.\/\.\.\/Data\/Chen_Analysis\/Prokka\/Archaea\/GOMC\.bin\.1176
[07:26:25] Using filename prefix: GOMC.bin.1176.XXX
[07:26:25] Setting HMMER_NCPU=1
[07:26:25] Writing log to: ../../Data/Chen_Analysis/Prokka/Archaea/GOMC.bin.1176/GOMC.bin.1176.log
[07:26:25] Command: /home/joao_facio/miniconda3/envs/prokka/bin/prokka --outdir ../../Data/Chen_Analysis/Prokka/Archaea/GOMC.bin.1176 --prefix GOMC.bin.1176 --kingdom Archaea --genus QBUR01 --strain GOMC.bin.1176 --cpus 4 --force /tmp/tmp6gns85ah/GOMC.bin.1176.fa
[07:26:25] Appending to PATH: /home/joao_facio/miniconda3/envs/prokka/bin
[07:26:25] Looking for 'aragorn' - found /home/joao_facio/miniconda3/envs/prokka/bin/aragorn
[07:26:25] Determined aragorn version is 001002 from 'ARAGORN v1.2.41 Dean Laslett'
[07:26:25] Looking for 'barrnap' - found /home/joao_facio/miniconda3/envs/prokka/bin/barrnap
[07:26:25] Determined barrnap version is 000009 from 'barrnap 0.9'
[07:26:25] Looking for 'blastp' - found /home/joao_facio/miniconda3/envs/prokka/bin/blastp
[07:26:25] Determined blastp version is 002016 from 'blastp: 2.16.0+'
[07:26:25] Looking for 'cmpress' - found /home/joao_facio/miniconda3/envs/prokka/bin/cmpress
[07:26:25] Determined cmpress version is 001001 from '# INFERNAL 1.1.5 (Sep 2023)'
[07:26:25] Looking for 'cmscan' - found /home/joao_facio/miniconda3/envs/prokka/bin/cmscan
[07:26:25] Determined cmscan version is 001001 from '# INFERNAL 1.1.5 (Sep 2023)'
[07:26:25] Looking for 'egrep' - found /usr/bin/egrep
[07:26:25] Looking for 'find' - found /usr/bin/find
[07:26:25] Looking for 'grep' - found /usr/bin/grep
[07:26:25] Looking for 'hmmpress' - found /home/joao_facio/miniconda3/envs/prokka/bin/hmmpress
[07:26:25] Determined hmmpress version is 003004 from '# HMMER 3.4 (Aug 2023); http://hmmer.org/'
[07:26:25] Looking for 'hmmscan' - found /home/joao_facio/miniconda3/envs/prokka/bin/hmmscan
[07:26:25] Determined hmmscan version is 003004 from '# HMMER 3.4 (Aug 2023); http://hmmer.org/'
[07:26:25] Looking for 'java' - found /home/joao_facio/miniconda3/envs/prokka/bin/java
[07:26:25] Looking for 'makeblastdb' - found /home/joao_facio/miniconda3/envs/prokka/bin/makeblastdb
[07:26:25] Determined makeblastdb version is 002016 from 'makeblastdb: 2.16.0+'
[07:26:25] Looking for 'minced' - found /home/joao_facio/miniconda3/envs/prokka/bin/minced
[07:26:25] Determined minced version is 004002 from 'minced 0.4.2'
[07:26:25] Looking for 'parallel' - found /home/joao_facio/miniconda3/envs/prokka/bin/parallel
[07:26:25] Determined parallel version is 20251122 from 'GNU parallel 20251122'
[07:26:25] Looking for 'prodigal' - found /home/joao_facio/miniconda3/envs/prokka/bin/prodigal
[07:26:25] Determined prodigal version is 002006 from 'Prodigal V2.6.3: February, 2016'
[07:26:25] Looking for 'prokka-genbank_to_fasta_db' - found /home/joao_facio/miniconda3/envs/prokka/bin/prokka-genbank_to_fasta_db
[07:26:25] Looking for 'sed' - found /usr/bin/sed
[07:26:25] Looking for 'tbl2asn' - found /home/joao_facio/miniconda3/envs/prokka/bin/tbl2asn
[07:26:25] Determined tbl2asn version is 025007 from 'tbl2asn 25.7   arguments:'
[07:26:25] Using genetic code table 11.
[07:26:25] Loading and checking input file: /tmp/tmp6gns85ah/GOMC.bin.1176.fa
[07:26:25] Wrote 454 contigs totalling 1242278 bp.
[07:26:25] Predicting tRNAs and tmRNAs
[07:26:25] Running: aragorn -l -gc11  -w \.\.\/\.\.\/Data\/Chen_Analysis\/Prokka\/Archaea\/GOMC\.bin\.1176\/GOMC\.bin\.1176\.fna
[07:26:25] 1 tRNA-Pro c[148,223] 37 (cgg)
[07:26:25] 1 tRNA-Arg c[2316,2393] 36 (tct)
[07:26:26] 1 tRNA-Thr c[12,85] 35 (cgt)
[07:26:26] 1 tRNA-Ser [21622,21706] 33 (gga)
[07:26:26] 1 tRNA-Ala [18,90] 33 (cgc)
[07:26:26] 1 tRNA-Phe [3283,3357] 35 (gaa)
[07:26:26] 1 tRNA-Gln c[881,954] 35 (ctg)
[07:26:26] 1 tRNA-Arg c[436,509] 35 (ccg)
[07:26:26] 1 tRNA-Leu [2657,2743] 38 (cag)
[07:26:26] 1 tRNA-Pro [565,642] 38 (ggg)
[07:26:26] 2 tRNA-Ser [1416,1502] 36 (gct)
[07:26:26] 1 tRNA-Leu c[69,154] 37 (caa)
[07:26:26] 1 tRNA-Arg [579,653] 35 (gcg)
[07:26:26] Found 13 tRNAs
[07:26:26] Predicting Ribosomal RNAs
[07:26:26] Running Barrnap with 4 threads
[07:26:26] Found 0 rRNAs
[07:26:26] Skipping ncRNA search, enable with --rfam if desired.
[07:26:26] Total of 13 tRNA + rRNA features
[07:26:26] Searching for CRISPR repeats
[07:26:26] Found 0 CRISPRs
[07:26:26] Predicting coding sequences
[07:26:26] Contigs total 1242278 bp, so using single mode
[07:26:26] Running: prodigal -i \.\.\/\.\.\/Data\/Chen_Analysis\/Prokka\/Archaea\/GOMC\.bin\.1176\/GOMC\.bin\.1176\.fna -c -m -g 11 -p single -f sco -q
[07:26:27] Excluding CDS which overlaps existing RNA (tRNA) at SAMN08432484_k53_10162_1:223..411 on - strand
[07:26:27] Excluding CDS which overlaps existing RNA (tRNA) at SAMN08432484_k53_50633_1:494..1861 on - strand
[07:26:27] Found 1258 CDS
[07:26:27] Connecting features back to sequences
[07:26:27] Not using genus-specific database. Try --usegenus to enable it.
[07:26:27] Annotating CDS, please be patient.
[07:26:27] Will use 4 CPUs for similarity searching.
[07:26:27] There are still 1258 unannotated CDS left (started with 1258)
[07:26:27] Will use blast to search against /home/joao_facio/miniconda3/envs/prokka/db/kingdom/Archaea/sprot with 4 CPUs
[07:26:27] Running: cat \.\.\/\.\.\/Data\/Chen_Analysis\/Prokka\/Archaea\/GOMC\.bin\.1176\/GOMC\.bin\.1176\.sprot\.tmp\.3107460\.faa | parallel --gnu --plain -j 4 --block 43018 --recstart '>' --pipe blastp -query - -db /home/joao_facio/miniconda3/envs/prokka/db/kingdom/Archaea/sprot -evalue 1e-09 -qcov_hsp_perc 80 -num_threads 1 -num_descriptions 1 -num_alignments 1 -seg no > \.\.\/\.\.\/Data\/Chen_Analysis\/Prokka\/Archaea\/GOMC\.bin\.1176\/GOMC\.bin\.1176\.sprot\.tmp\.3107460\.blast 2> /dev/null
[07:26:29] Modify product: RNA-binding protein PAB1135 => RNA-binding protein
[07:26:29] Modify product: UPF0215 protein AF_1433 => hypothetical protein
[07:26:29] Modify product: Probable L-aspartate dehydrogenase => putative L-aspartate dehydrogenase
[07:26:29] Modify product: Uncharacterized protein MJ0100 => putative protein
[07:26:29] Modify product: Probable tRNA pseudouridine synthase D => putative tRNA pseudouridine synthase D
[07:26:29] Modify product: Putative sulfur carrier protein Ta1170/Ta1414 => Putative sulfur carrier protein/Ta1414
[07:26:29] Modify product: DNA-binding protein MTH_1615 => DNA-binding protein
[07:26:29] Modify product: Uncharacterized protein MJ0690 => putative protein
[07:26:29] Modify product: Uncharacterized ABC transporter ATP-binding protein MJ0796 => putative ABC transporter ATP-binding protein
[07:26:29] Modify product: Zinc metalloprotease TldD homolog => Zinc metalloprotease TldD 
[07:26:29] Modify product: Uncharacterized protein MJ1225 => putative protein
[07:26:29] Modify product: Bifunctional protein FolD => Bifunctional protein FolD protein
[07:26:29] Modify product: Protein translation factor SUI1 homolog => Protein translation factor SUI1 
[07:26:29] Modify product: UPF0045 protein MTH_1187 => hypothetical protein
[07:26:29] Modify product: Protein pelota homolog => Protein pelota 
[07:26:29] Modify product: Ribosome maturation protein SDO1 homolog => Ribosome maturation protein SDO1 
[07:26:29] Modify product: ATP-dependent DNA helicase Ta0057 => ATP-dependent DNA helicase
[07:26:29] Modify product: Uncharacterized protein MJ1311 => putative protein
[07:26:29] Modify product: Uncharacterized protein MJ0039 => putative protein
[07:26:29] Modify product: UPF0273 protein PH0284 => hypothetical protein
[07:26:29] Modify product: Probable metalloprotease HVO_1016 => putative metalloprotease
[07:26:29] Modify product: Universal stress protein MJ0577 => Universal stress protein
[07:26:29] Modify product: Probable tRNA pseudouridine synthase B => putative tRNA pseudouridine synthase B
[07:26:29] Modify product: Probable aspartokinase => putative aspartokinase
[07:26:29] Modify product: Damage-control phosphatase AF_1104 => Damage-control phosphatase
[07:26:29] Modify product: Zinc metalloprotease MJ0392 => Zinc metalloprotease
[07:26:29] Modify product: Probable GTP-binding protein EngB => putative GTP-binding protein EngB
[07:26:29] Modify product: Probable ribosome biogenesis protein SSO0551 => putative ribosome biogenesis protein
[07:26:29] Modify product: UPF0273 protein PH0284 => hypothetical protein
[07:26:29] Modify product: Uncharacterized NOP5 family protein MJ0694 => putative NOP5 family protein
[07:26:29] Modify product: Probable 6-oxopurine nucleoside phosphorylase => putative 6-oxopurine nucleoside phosphorylase
[07:26:29] Modify product: Probable RNA 2'-phosphotransferase => putative RNA 2'-phosphotransferase
[07:26:29] Modify product: Probable cyclic pyranopterin monophosphate synthase => putative cyclic pyranopterin monophosphate synthase
[07:26:29] Modify product: Probable deoxyhypusine synthase => putative deoxyhypusine synthase
[07:26:29] Modify product: Probable branched-chain amino acid transport ATP-binding protein LivG => putative branched-chain amino acid transport ATP-binding protein LivG
[07:26:29] Modify product: Probable deoxyhypusine synthase => putative deoxyhypusine synthase
[07:26:29] Modify product: Probable branched-chain amino acid transport ATP-binding protein LivG => putative branched-chain amino acid transport ATP-binding protein LivG
[07:26:29] Modify product: Probable 2-keto-3-deoxyxylonate dehydratase => putative 2-keto-3-deoxyxylonate dehydratase
[07:26:29] Modify product: UPF0200/UPF0201 protein AF_1395 => hypothetical protein
[07:26:29] Modify product: UPF0201 protein PH1010 => hypothetical protein
[07:26:29] Modify product: Uncharacterized protein MJ1187 => putative protein
[07:26:29] Modify product: Probable branched-chain amino acid transport ATP-binding protein LivG => putative branched-chain amino acid transport ATP-binding protein LivG
[07:26:29] Modify product: Probable branched-chain amino acid transport ATP-binding protein LivG => putative branched-chain amino acid transport ATP-binding protein LivG
[07:26:29] Modify product: GTP cyclohydrolase 1 type 2 homolog => GTP cyclohydrolase 1 type 2 
[07:26:29] Modify product: Probable ATP-dependent RNA helicase MJ0669 => putative ATP-dependent RNA helicase
[07:26:29] Modify product: Protein PH0010 => Protein
[07:26:29] Modify product: Probable bifunctional tRNA threonylcarbamoyladenosine biosynthesis protein => putative bifunctional tRNA threonylcarbamoyladenosine biosynthesis protein
[07:26:29] Modify product: Trk system potassium uptake protein TrkA homolog => Trk system potassium uptake protein TrkA 
[07:26:29] Modify product: UPF0284 protein PH0034 => hypothetical protein
[07:26:29] Cleaned 49 /product names
[07:26:29] Deleting unwanted file: ../../Data/Chen_Analysis/Prokka/Archaea/GOMC.bin.1176/GOMC.bin.1176.sprot.tmp.3107460.faa
[07:26:29] Deleting unwanted file: ../../Data/Chen_Analysis/Prokka/Archaea/GOMC.bin.1176/GOMC.bin.1176.sprot.tmp.3107460.blast
[07:26:29] There are still 773 unannotated CDS left (started with 1258)
[07:26:29] Will use hmmer3 to search against /home/joao_facio/miniconda3/envs/prokka/db/hmm/HAMAP.hmm with 4 CPUs
[07:26:29] Running: cat \.\.\/\.\.\/Data\/Chen_Analysis\/Prokka\/Archaea\/GOMC\.bin\.1176\/GOMC\.bin\.1176\.HAMAP\.hmm\.tmp\.3107460\.faa | parallel --gnu --plain -j 4 --block 24555 --recstart '>' --pipe hmmscan --noali --notextw --acc -E 1e-09 --cpu 1 /home/joao_facio/miniconda3/envs/prokka/db/hmm/HAMAP.hmm /dev/stdin > \.\.\/\.\.\/Data\/Chen_Analysis\/Prokka\/Archaea\/GOMC\.bin\.1176\/GOMC\.bin\.1176\.HAMAP\.hmm\.tmp\.3107460\.hmmer3 2> /dev/null
[07:26:35] Deleting unwanted file: ../../Data/Chen_Analysis/Prokka/Archaea/GOMC.bin.1176/GOMC.bin.1176.HAMAP.hmm.tmp.3107460.faa
[07:26:35] Deleting unwanted file: ../../Data/Chen_Analysis/Prokka/Archaea/GOMC.bin.1176/GOMC.bin.1176.HAMAP.hmm.tmp.3107460.hmmer3
[07:26:35] Labelling remaining 587 proteins as 'hypothetical protein'
[07:26:35] Possible /pseudo 'Biotin synthase' at SAMN08432484_k53_66037_1 position 4051
[07:26:35] Possible /pseudo 'Biotin synthase' at SAMN08432484_k53_66037_1 position 5096
[07:26:35] Possible /pseudo 'putative branched-chain amino acid transport ATP-binding protein LivG' at SAMN08432484_k53_82879_1 position 1047
[07:26:35] Possible /pseudo 'Calcium-gated potassium channel MthK' at SAMN08432484_k53_128335_1 position 1769
[07:26:35] Found 460 unique /gene codes.
[07:26:35] Fixed 2 duplicate /gene - map_1 map_2
[07:26:35] Fixed 2 duplicate /gene - rnz_1 rnz_2
[07:26:35] Fixed 2 duplicate /gene - hdrD_1 hdrD_2
[07:26:35] Fixed 2 duplicate /gene - trpB1_1 trpB1_2
[07:26:35] Fixed 2 duplicate /gene - porA_1 porA_2
[07:26:35] Fixed 3 duplicate /gene - ndhI_1 ndhI_2 ndhI_3
[07:26:35] Fixed 3 duplicate /gene - bioB_1 bioB_2 bioB_3
[07:26:35] Fixed 2 duplicate /gene - uppS_1 uppS_2
[07:26:35] Fixed 2 duplicate /gene - dys_1 dys_2
[07:26:35] Fixed 2 duplicate /gene - aglJ_1 aglJ_2
[07:26:35] Fixed 3 duplicate /gene - carB_1 carB_2 carB_3
[07:26:35] Fixed 2 duplicate /gene - miaB_1 miaB_2
[07:26:35] Fixed 2 duplicate /gene - mtrH_1 mtrH_2
[07:26:35] Fixed 3 duplicate /gene - tgtA_1 tgtA_2 tgtA_3
[07:26:35] Fixed 9 duplicate /gene - btuD_1 btuD_2 btuD_3 btuD_4 btuD_5 btuD_6 btuD_7 btuD_8 btuD_9
[07:26:35] Fixed 3 duplicate /gene - glmU_1 glmU_2 glmU_3
[07:26:35] Fixed 2 duplicate /gene - cysH_1 cysH_2
[07:26:35] Fixed 2 duplicate /gene - lplA_1 lplA_2
[07:26:35] Fixed 2 duplicate /gene - cbiA_1 cbiA_2
[07:26:35] Fixed 2 duplicate /gene - dadD_1 dadD_2
[07:26:35] Fixed 2 duplicate /gene - IMPDH_1 IMPDH_2
[07:26:35] Fixed 4 duplicate /gene - rsxB_1 rsxB_2 rsxB_3 rsxB_4
[07:26:35] Fixed 2 duplicate /gene - aksF_1 aksF_2
[07:26:35] Fixed 2 duplicate /gene - malK_1 malK_2
[07:26:35] Fixed 2 duplicate /gene - leuC_1 leuC_2
[07:26:35] Fixed 3 duplicate /gene - fbiB_1 fbiB_2 fbiB_3
[07:26:35] Fixed 2 duplicate /gene - mthK_1 mthK_2
[07:26:35] Fixed 2 duplicate /gene - porC_1 porC_2
[07:26:35] Fixed 2 duplicate /gene - thiC_1 thiC_2
[07:26:35] Fixed 2 duplicate /gene - tuf_1 tuf_2
[07:26:35] Fixed 4 duplicate /gene - livG_1 livG_2 livG_3 livG_4
[07:26:35] Fixed 5 duplicate /gene - moaA_1 moaA_2 moaA_3 moaA_4 moaA_5
[07:26:35] Fixed 2 duplicate /gene - argH_1 argH_2
[07:26:35] Fixed 2 duplicate /gene - aor_1 aor_2
[07:26:35] Fixed 3 duplicate /gene - hisF_1 hisF_2 hisF_3
[07:26:35] Fixed 2 duplicate /gene - queE_1 queE_2
[07:26:35] Fixed 2 duplicate /gene - vat_1 vat_2
[07:26:35] Fixed 3 duplicate /gene - ecfT_1 ecfT_2 ecfT_3
[07:26:35] Fixed 2 duplicate /gene - porD_1 porD_2
[07:26:35] Fixed 2 duplicate /gene - cpdA_1 cpdA_2
[07:26:35] Fixed 3 duplicate /gene - aroA'_1 aroA'_2 aroA'_3
[07:26:35] Fixed 2 duplicate /gene - smc_1 smc_2
[07:26:35] Fixed 4 duplicate /gene - pqqE_1 pqqE_2 pqqE_3 pqqE_4
[07:26:35] Fixed 2 duplicate /gene - lysJ_1 lysJ_2
[07:26:35] Fixed 2 duplicate /gene - nfo_1 nfo_2
[07:26:35] Fixed 2 duplicate /gene - asd_1 asd_2
[07:26:35] Fixed 2 duplicate /gene - iscS2_1 iscS2_2
[07:26:35] Fixed 2 duplicate /gene - purP_1 purP_2
[07:26:35] Fixed 2 duplicate /gene - COQ5_1 COQ5_2
[07:26:35] Fixed 2 duplicate /gene - agcS_1 agcS_2
[07:26:35] Fixed 2 duplicate /gene - pyrE_1 pyrE_2
[07:26:35] Fixed 2 duplicate /gene - thsA_1 thsA_2
[07:26:35] Fixed 2 duplicate /gene - leuA_1 leuA_2
[07:26:35] Fixed 2 duplicate /gene - thiL_1 thiL_2
[07:26:35] Fixed 2 duplicate /gene - purE_1 purE_2
[07:26:35] Fixed 2 duplicate /gene - ftsH_1 ftsH_2
[07:26:35] Fixed 2 duplicate /gene - porB_1 porB_2
[07:26:35] Fixed 57 colliding /gene names.
[07:26:35] Adding /locus_tag identifiers
[07:26:35] Assigned 1271 locus_tags to CDS and RNA features.
[07:26:35] Writing outputs to ../../Data/Chen_Analysis/Prokka/Archaea/GOMC.bin.1176/
[07:26:36] Generating annotation statistics file
[07:26:36] Generating Genbank and Sequin files
[07:26:36] Running: tbl2asn -V b -a r10k -l paired-ends -M n -N 1 -y 'Annotated using prokka 1.14.6 from https://github.com/tseemann/prokka' -Z \.\.\/\.\.\/Data\/Chen_Analysis\/Prokka\/Archaea\/GOMC\.bin\.1176\/GOMC\.bin\.1176\.err -i \.\.\/\.\.\/Data\/Chen_Analysis\/Prokka\/Archaea\/GOMC\.bin\.1176\/GOMC\.bin\.1176\.fsa 2> /dev/null
[07:26:37] Deleting unwanted file: ../../Data/Chen_Analysis/Prokka/Archaea/GOMC.bin.1176/errorsummary.val
[07:26:37] Deleting unwanted file: ../../Data/Chen_Analysis/Prokka/Archaea/GOMC.bin.1176/GOMC.bin.1176.dr
[07:26:37] Deleting unwanted file: ../../Data/Chen_Analysis/Prokka/Archaea/GOMC.bin.1176/GOMC.bin.1176.fixedproducts
[07:26:37] Deleting unwanted file: ../../Data/Chen_Analysis/Prokka/Archaea/GOMC.bin.1176/GOMC.bin.1176.ecn
[07:26:37] Deleting unwanted file: ../../Data/Chen_Analysis/Prokka/Archaea/GOMC.bin.1176/GOMC.bin.1176.val
[07:26:37] Repairing broken .GBK output that tbl2asn produces...
[07:26:37] Running: sed 's/COORDINATES: profile/COORDINATES:profile/' < \.\.\/\.\.\/Data\/Chen_Analysis\/Prokka\/Archaea\/GOMC\.bin\.1176\/GOMC\.bin\.1176\.gbf > \.\.\/\.\.\/Data\/Chen_Analysis\/Prokka\/Archaea\/GOMC\.bin\.1176\/GOMC\.bin\.1176\.gbk
[07:26:37] Deleting unwanted file: ../../Data/Chen_Analysis/Prokka/Archaea/GOMC.bin.1176/GOMC.bin.1176.gbf
[07:26:37] Output files:
[07:26:37] ../../Data/Chen_Analysis/Prokka/Archaea/GOMC.bin.1176/GOMC.bin.1176.tbl
[07:26:37] ../../Data/Chen_Analysis/Prokka/Archaea/GOMC.bin.1176/GOMC.bin.1176.err
[07:26:37] ../../Data/Chen_Analysis/Prokka/Archaea/GOMC.bin.1176/GOMC.bin.1176.ffn
[07:26:37] ../../Data/Chen_Analysis/Prokka/Archaea/GOMC.bin.1176/GOMC.bin.1176.fna
[07:26:37] ../../Data/Chen_Analysis/Prokka/Archaea/GOMC.bin.1176/GOMC.bin.1176.fsa
[07:26:37] ../../Data/Chen_Analysis/Prokka/Archaea/GOMC.bin.1176/GOMC.bin.1176.gff
[07:26:37] ../../Data/Chen_Analysis/Prokka/Archaea/GOMC.bin.1176/GOMC.bin.1176.faa
[07:26:37] ../../Data/Chen_Analysis/Prokka/Archaea/GOMC.bin.1176/GOMC.bin.1176.tsv
[07:26:37] ../../Data/Chen_Analysis/Prokka/Archaea/GOMC.bin.1176/GOMC.bin.1176.txt
[07:26:37] ../../Data/Chen_Analysis/Prokka/Archaea/GOMC.bin.1176/GOMC.bin.1176.gbk
[07:26:37] ../../Data/Chen_Analysis/Prokka/Archaea/GOMC.bin.1176/GOMC.bin.1176.sqn
[07:26:37] ../../Data/Chen_Analysis/Prokka/Archaea/GOMC.bin.1176/GOMC.bin.1176.log
[07:26:37] Annotation finished successfully.
[07:26:37] Walltime used: 0.20 minutes
[07:26:37] If you use this result please cite the Prokka paper:
[07:26:37] Seemann T (2014) Prokka: rapid prokaryotic genome annotation. Bioinformatics. 30(14):2068-9.
[07:26:37] Type 'prokka --citation' for more details.
[07:26:37] Thank you, come again.
