[09:43:50] This is prokka 1.14.6
[09:43:50] Written by Torsten Seemann <torsten.seemann@gmail.com>
[09:43:50] Homepage is https://github.com/tseemann/prokka
[09:43:50] Local time is Mon Dec  1 09:43:50 2025
[09:43:50] You are joao_facio
[09:43:50] Operating system is linux
[09:43:50] You have BioPerl 1.7.8
[09:43:50] System has 12 cores.
[09:43:50] Will use maximum of 4 cores.
[09:43:50] Annotating as >>> Bacteria <<<
[09:43:50] Generating locus_tag from '/tmp/tmp6gns85ah/GOMC.bin.12023.fa' contents.
[09:43:50] Setting --locustag HHOMJPEA from MD5 118639ea38c62d9594c3c464e3cdb7e4
[09:43:50] Creating new output folder: ../../Data/Chen_Analysis/Prokka/Bacteria/GOMC.bin.12023
[09:43:50] Running: mkdir -p \.\.\/\.\.\/Data\/Chen_Analysis\/Prokka\/Bacteria\/GOMC\.bin\.12023
[09:43:50] Using filename prefix: GOMC.bin.12023.XXX
[09:43:50] Setting HMMER_NCPU=1
[09:43:50] Writing log to: ../../Data/Chen_Analysis/Prokka/Bacteria/GOMC.bin.12023/GOMC.bin.12023.log
[09:43:50] Command: /home/joao_facio/miniconda3/envs/prokka/bin/prokka --outdir ../../Data/Chen_Analysis/Prokka/Bacteria/GOMC.bin.12023 --prefix GOMC.bin.12023 --kingdom Bacteria --genus Halofilum --strain GOMC.bin.12023 --cpus 4 --force /tmp/tmp6gns85ah/GOMC.bin.12023.fa
[09:43:50] Appending to PATH: /home/joao_facio/miniconda3/envs/prokka/bin
[09:43:50] Looking for 'aragorn' - found /home/joao_facio/miniconda3/envs/prokka/bin/aragorn
[09:43:50] Determined aragorn version is 001002 from 'ARAGORN v1.2.41 Dean Laslett'
[09:43:50] Looking for 'barrnap' - found /home/joao_facio/miniconda3/envs/prokka/bin/barrnap
[09:43:50] Determined barrnap version is 000009 from 'barrnap 0.9'
[09:43:50] Looking for 'blastp' - found /home/joao_facio/miniconda3/envs/prokka/bin/blastp
[09:43:50] Determined blastp version is 002016 from 'blastp: 2.16.0+'
[09:43:50] Looking for 'cmpress' - found /home/joao_facio/miniconda3/envs/prokka/bin/cmpress
[09:43:50] Determined cmpress version is 001001 from '# INFERNAL 1.1.5 (Sep 2023)'
[09:43:50] Looking for 'cmscan' - found /home/joao_facio/miniconda3/envs/prokka/bin/cmscan
[09:43:50] Determined cmscan version is 001001 from '# INFERNAL 1.1.5 (Sep 2023)'
[09:43:50] Looking for 'egrep' - found /usr/bin/egrep
[09:43:50] Looking for 'find' - found /usr/bin/find
[09:43:50] Looking for 'grep' - found /usr/bin/grep
[09:43:50] Looking for 'hmmpress' - found /home/joao_facio/miniconda3/envs/prokka/bin/hmmpress
[09:43:50] Determined hmmpress version is 003004 from '# HMMER 3.4 (Aug 2023); http://hmmer.org/'
[09:43:50] Looking for 'hmmscan' - found /home/joao_facio/miniconda3/envs/prokka/bin/hmmscan
[09:43:50] Determined hmmscan version is 003004 from '# HMMER 3.4 (Aug 2023); http://hmmer.org/'
[09:43:50] Looking for 'java' - found /home/joao_facio/miniconda3/envs/prokka/bin/java
[09:43:50] Looking for 'makeblastdb' - found /home/joao_facio/miniconda3/envs/prokka/bin/makeblastdb
[09:43:50] Determined makeblastdb version is 002016 from 'makeblastdb: 2.16.0+'
[09:43:50] Looking for 'minced' - found /home/joao_facio/miniconda3/envs/prokka/bin/minced
[09:43:50] Determined minced version is 004002 from 'minced 0.4.2'
[09:43:50] Looking for 'parallel' - found /home/joao_facio/miniconda3/envs/prokka/bin/parallel
[09:43:50] Determined parallel version is 20251122 from 'GNU parallel 20251122'
[09:43:50] Looking for 'prodigal' - found /home/joao_facio/miniconda3/envs/prokka/bin/prodigal
[09:43:50] Determined prodigal version is 002006 from 'Prodigal V2.6.3: February, 2016'
[09:43:50] Looking for 'prokka-genbank_to_fasta_db' - found /home/joao_facio/miniconda3/envs/prokka/bin/prokka-genbank_to_fasta_db
[09:43:50] Looking for 'sed' - found /usr/bin/sed
[09:43:50] Looking for 'tbl2asn' - found /home/joao_facio/miniconda3/envs/prokka/bin/tbl2asn
[09:43:50] Determined tbl2asn version is 025007 from 'tbl2asn 25.7   arguments:'
[09:43:50] Using genetic code table 11.
[09:43:50] Loading and checking input file: /tmp/tmp6gns85ah/GOMC.bin.12023.fa
[09:43:50] Wrote 730 contigs totalling 2678206 bp.
[09:43:50] Predicting tRNAs and tmRNAs
[09:43:50] Running: aragorn -l -gc11  -w \.\.\/\.\.\/Data\/Chen_Analysis\/Prokka\/Bacteria\/GOMC\.bin\.12023\/GOMC\.bin\.12023\.fna
[09:43:51] tRNA c[1524,1613] is a pseudo/wacky gene - skipping.
[09:43:51] 1 tRNA-Leu c[4652,4737] 35 (gag)
[09:43:51] 1 tRNA-Thr c[1527,1602] 34 (cgt)
[09:43:51] 2 tRNA-Gly c[2845,2918] 33 (ccc)
[09:43:51] 1 tRNA-Glu [2671,2746] 35 (ctc)
[09:43:51] 1 tRNA-Arg c[2287,2363] 35 (acg)
[09:43:51] 1 tRNA-Ser [610,699] 35 (tga)
[09:43:51] 1 tRNA-Pro [2640,2716] 35 (cgg)
[09:43:51] 1 tRNA-Phe c[5411,5503] 36 (gaa)
[09:43:51] 1 tRNA-Ser c[2187,2279] 35 (gct)
[09:43:51] 1 tRNA-Met c[5866,5942] 35 (cat)
[09:43:51] 1 tRNA-Gln [23,96] 33 (ctg)
[09:43:51] 1 tRNA-Ser c[1736,1829] 33 (cga)
[09:43:51] tRNA c[1185,1272] is a pseudo/wacky gene - skipping.
[09:43:52] 1 tRNA-Pro [1936,2012] 35 (ggg)
[09:43:52] 1 tRNA-Ser [1099,1176] 35 (cga)
[09:43:52] 1 tRNA-Ser [619,709] 35 (gga)
[09:43:52] 1 tRNA-Val c[1049,1125] 35 (gac)
[09:43:52] 1 tRNA-Leu c[226,312] 35 (caa)
[09:43:52] 1 tRNA-Glu [1987,2061] 34 (ttc)
[09:43:52] 1 tRNA-Val [5093,5168] 34 (tac)
[09:43:52] 2 tRNA-Asp [5175,5251] 35 (gtc)
[09:43:52] 1 tRNA-Asn [148,222] 33 (gtt)
[09:43:52] 1 tRNA-Glu [4825,4914] 31 (ctc)
[09:43:52] 1 tRNA-Val [259,333] 33 (cac)
[09:43:52] 1 tRNA-Arg [1817,1893] 35 (cct)
[09:43:52] Found 24 tRNAs
[09:43:52] Predicting Ribosomal RNAs
[09:43:52] Running Barrnap with 4 threads
[09:43:53] Found 0 rRNAs
[09:43:53] Skipping ncRNA search, enable with --rfam if desired.
[09:43:53] Total of 24 tRNA + rRNA features
[09:43:53] Searching for CRISPR repeats
[09:43:53] Found 0 CRISPRs
[09:43:53] Predicting coding sequences
[09:43:53] Contigs total 2678206 bp, so using single mode
[09:43:53] Running: prodigal -i \.\.\/\.\.\/Data\/Chen_Analysis\/Prokka\/Bacteria\/GOMC\.bin\.12023\/GOMC\.bin\.12023\.fna -c -m -g 11 -p single -f sco -q
[09:43:55] Excluding CDS which overlaps existing RNA (tRNA) at k63_1056661:5432..6484 on + strand
[09:43:55] Excluding CDS which overlaps existing RNA (tRNA) at k63_912158:1447..1908 on - strand
[09:43:55] Excluding CDS which overlaps existing RNA (tRNA) at k63_401674:408..2120 on - strand
[09:43:55] Excluding CDS which overlaps existing RNA (tRNA) at k63_957454:2173..5271 on - strand
[09:43:55] Found 2640 CDS
[09:43:55] Connecting features back to sequences
[09:43:55] Not using genus-specific database. Try --usegenus to enable it.
[09:43:55] Annotating CDS, please be patient.
[09:43:55] Will use 4 CPUs for similarity searching.
[09:43:56] There are still 2640 unannotated CDS left (started with 2640)
[09:43:56] Will use blast to search against /home/joao_facio/miniconda3/envs/prokka/db/kingdom/Bacteria/IS with 4 CPUs
[09:43:56] Running: cat \.\.\/\.\.\/Data\/Chen_Analysis\/Prokka\/Bacteria\/GOMC\.bin\.12023\/GOMC\.bin\.12023\.IS\.tmp\.3404405\.faa | parallel --gnu --plain -j 4 --block 89705 --recstart '>' --pipe blastp -query - -db /home/joao_facio/miniconda3/envs/prokka/db/kingdom/Bacteria/IS -evalue 1e-30 -qcov_hsp_perc 90 -num_threads 1 -num_descriptions 1 -num_alignments 1 -seg no > \.\.\/\.\.\/Data\/Chen_Analysis\/Prokka\/Bacteria\/GOMC\.bin\.12023\/GOMC\.bin\.12023\.IS\.tmp\.3404405\.blast 2> /dev/null
[09:44:05] Deleting unwanted file: ../../Data/Chen_Analysis/Prokka/Bacteria/GOMC.bin.12023/GOMC.bin.12023.IS.tmp.3404405.faa
[09:44:05] Deleting unwanted file: ../../Data/Chen_Analysis/Prokka/Bacteria/GOMC.bin.12023/GOMC.bin.12023.IS.tmp.3404405.blast
[09:44:05] There are still 2636 unannotated CDS left (started with 2640)
[09:44:05] Will use blast to search against /home/joao_facio/miniconda3/envs/prokka/db/kingdom/Bacteria/AMR with 4 CPUs
[09:44:05] Running: cat \.\.\/\.\.\/Data\/Chen_Analysis\/Prokka\/Bacteria\/GOMC\.bin\.12023\/GOMC\.bin\.12023\.AMR\.tmp\.3404405\.faa | parallel --gnu --plain -j 4 --block 89513 --recstart '>' --pipe blastp -query - -db /home/joao_facio/miniconda3/envs/prokka/db/kingdom/Bacteria/AMR -evalue 1e-300 -qcov_hsp_perc 90 -num_threads 1 -num_descriptions 1 -num_alignments 1 -seg no > \.\.\/\.\.\/Data\/Chen_Analysis\/Prokka\/Bacteria\/GOMC\.bin\.12023\/GOMC\.bin\.12023\.AMR\.tmp\.3404405\.blast 2> /dev/null
[09:44:13] Deleting unwanted file: ../../Data/Chen_Analysis/Prokka/Bacteria/GOMC.bin.12023/GOMC.bin.12023.AMR.tmp.3404405.faa
[09:44:13] Deleting unwanted file: ../../Data/Chen_Analysis/Prokka/Bacteria/GOMC.bin.12023/GOMC.bin.12023.AMR.tmp.3404405.blast
[09:44:13] There are still 2636 unannotated CDS left (started with 2640)
[09:44:13] Will use blast to search against /home/joao_facio/miniconda3/envs/prokka/db/kingdom/Bacteria/sprot with 4 CPUs
[09:44:13] Running: cat \.\.\/\.\.\/Data\/Chen_Analysis\/Prokka\/Bacteria\/GOMC\.bin\.12023\/GOMC\.bin\.12023\.sprot\.tmp\.3404405\.faa | parallel --gnu --plain -j 4 --block 89513 --recstart '>' --pipe blastp -query - -db /home/joao_facio/miniconda3/envs/prokka/db/kingdom/Bacteria/sprot -evalue 1e-09 -qcov_hsp_perc 80 -num_threads 1 -num_descriptions 1 -num_alignments 1 -seg no > \.\.\/\.\.\/Data\/Chen_Analysis\/Prokka\/Bacteria\/GOMC\.bin\.12023\/GOMC\.bin\.12023\.sprot\.tmp\.3404405\.blast 2> /dev/null
[09:44:50] Modify product: Putative low molecular weight protein-tyrosine-phosphatase slr0328 => Putative low molecular weight protein-tyrosine-phosphatase
[09:44:50] Modify product: Probable cysteine desulfurase => putative cysteine desulfurase
[09:44:50] Modify product: Probable amino-acid import ATP-binding protein YxeO => putative amino-acid import ATP-binding protein YxeO
[09:44:50] Modify product: Probable nicotinate-nucleotide adenylyltransferase => putative nicotinate-nucleotide adenylyltransferase
[09:44:50] Modify product: Probable glycerol-3-phosphate acyltransferase => putative glycerol-3-phosphate acyltransferase
[09:44:50] Modify product: Uncharacterized protein YqeY => putative protein YqeY
[09:44:50] Modify product: Probable glycine dehydrogenase (decarboxylating) subunit 1 => putative glycine dehydrogenase (decarboxylating) subunit 1
[09:44:50] Modify product: Probable Fe(2+)-trafficking protein => putative Fe(2+)-trafficking protein
[09:44:50] Modify product: Putative thiamine biosynthesis protein HI_0357 => Putative thiamine biosynthesis protein
[09:44:50] Modify product: UPF0502 protein YceH => hypothetical protein
[09:44:50] Modify product: Uncharacterized MFS-type transporter YcaD => putative MFS-type transporter YcaD
[09:44:50] Modify product: Uncharacterized protein Rv2307c => putative protein
[09:44:50] Modify product: Probable D-xylose utilization operon transcriptional repressor => putative D-xylose utilization operon transcriptional repressor
[09:44:50] Modify product: Probable ketoamine kinase HMPREF0351_12196 => putative ketoamine kinase
[09:44:50] Modify product: Probable efflux pump membrane transporter TtgB => putative efflux pump membrane transporter TtgB
[09:44:50] Modify product: Stringent starvation protein A homolog => Stringent starvation protein A 
[09:44:50] Modify product: Probable cystine transporter YijE => putative cystine transporter YijE
[09:44:50] Modify product: Universal stress protein Rv1636 => Universal stress protein
[09:44:50] Modify product: Uncharacterized oxidoreductase YciK => putative oxidoreductase YciK
[09:44:50] Modify product: Cytochrome b561 homolog 2 => Cytochrome b561 
[09:44:50] Modify product: Universal stress protein E homolog => Universal stress protein E 
[09:44:50] Modify product: Probable parvulin-type peptidyl-prolyl cis-trans isomerase => putative parvulin-type peptidyl-prolyl cis-trans isomerase
[09:44:50] Modify product: Uncharacterized protein YciO => putative protein YciO
[09:44:50] Modify product: UPF0178 protein YaiI => hypothetical protein
[09:44:50] Modify product: UPF0098 protein CT_736 => hypothetical protein
[09:44:50] Modify product: GTP cyclohydrolase 1 type 2 homolog => GTP cyclohydrolase 1 type 2 
[09:44:50] Modify product: Probable diguanylate cyclase DgcC => putative diguanylate cyclase DgcC
[09:44:50] Modify product: Probable acrylyl-CoA reductase AcuI => putative acrylyl-CoA reductase AcuI
[09:44:50] Modify product: Probable lipid II flippase MurJ => putative lipid II flippase MurJ
[09:44:50] Modify product: Uncharacterized ABC transporter ATP-binding protein Rv0986 => putative ABC transporter ATP-binding protein
[09:44:50] Modify product: Probable ATP-dependent transporter SufC => putative ATP-dependent transporter SufC
[09:44:50] Modify product: Probable N-methylproline demethylase => putative N-methylproline demethylase
[09:44:50] Modify product: Probable phosphite transport system-binding protein PtxB => putative phosphite transport system-binding protein PtxB
[09:44:50] Modify product: Uncharacterized protein NMB0459 => putative protein
[09:44:50] Modify product: Probable type I restriction enzyme BthVORF4518P M protein => putative type I restriction enzymeP M protein
[09:44:50] Modify product: Probable nitrate transporter NarT => putative nitrate transporter NarT
[09:44:50] Modify product: Uncharacterized protein YisK => putative protein YisK
[09:44:50] Modify product: UPF0324 inner membrane protein YeiH => hypothetical protein
[09:44:50] Modify product: Lactate-binding periplasmic protein TTHA0766 => Lactate-binding periplasmic protein
[09:44:50] Modify product: UPF0102 protein RPA0323 => hypothetical protein
[09:44:50] Modify product: Putative O-methyltransferase Rv1220c => Putative O-methyltransferase
[09:44:50] Modify product: UPF0073 inner membrane protein YqfA => hypothetical protein
[09:44:50] Modify product: Monocarboxylate 2-oxoacid-binding periplasmic protein all3028 => Monocarboxylate 2-oxoacid-binding periplasmic protein
[09:44:50] Modify product: Putative NAD(P)H nitroreductase Rv3131 => Putative NAD(P)H nitroreductase
[09:44:50] Modify product: UPF0053 protein HI_0107 => hypothetical protein
[09:44:50] Modify product: Sulfurtransferase Alvin_2599 => Sulfurtransferase
[09:44:50] Modify product: Uncharacterized zinc protease Rv2782c => putative zinc protease
[09:44:50] Modify product: UPF0225 protein YchJ => hypothetical protein
[09:44:50] Modify product: Probable bifunctional SAT/APS kinase => putative bifunctional SAT/APS kinase
[09:44:50] Modify product: Probable 2,4-dienoyl-CoA reductase => putative 2,4-dienoyl-CoA reductase
[09:44:50] Modify product: Type IV pilus biogenesis factor PilY1 homolog PD_1611 => Type IV pilus biogenesis factor PilY1
[09:44:50] Modify product: RNA-binding protein HI_1333 => RNA-binding protein
[09:44:50] Modify product: Glycine betaine/proline/choline transporter VP1723 => Glycine betaine/proline/choline transporter
[09:44:50] Modify product: Probable 3-hydroxyacyl-CoA dehydrogenase => putative 3-hydroxyacyl-CoA dehydrogenase
[09:44:50] Modify product: Probable chromosome-partitioning protein ParB => putative chromosome-partitioning protein ParB
[09:44:50] Modify product: Probable peptidoglycan glycosyltransferase FtsW => putative peptidoglycan glycosyltransferase FtsW
[09:44:50] Modify product: Probable CtpA-like serine protease => putative CtpA-like serine protease
[09:44:50] Modify product: Uncharacterized protein YibN => putative protein YibN
[09:44:50] Modify product: Uncharacterized protein Rv0897c => putative protein
[09:44:50] Modify product: Uncharacterized protein Rv2715 => putative protein
[09:44:50] Modify product: Putative cystathionine beta-synthase Rv1077 => Putative cystathionine beta-synthase
[09:44:50] Modify product: Probable 2-ketoarginine decarboxylase AruI => putative 2-ketoarginine decarboxylase AruI
[09:44:50] Modify product: Probable 2-ketoarginine decarboxylase AruI => putative 2-ketoarginine decarboxylase AruI
[09:44:50] Modify product: Putative transport protein Rv0205 => Putative transport protein
[09:44:50] Modify product: Uncharacterized protein HI_0933 => putative protein
[09:44:50] Modify product: Uncharacterized protein YcbX => putative protein YcbX
[09:44:50] Modify product: Bifunctional protein FolD => Bifunctional protein FolD protein
[09:44:50] Modify product: Probable 3-phenylpropionic acid transporter => putative 3-phenylpropionic acid transporter
[09:44:50] Modify product: Uncharacterized protein Rv2568c => putative protein
[09:44:50] Modify product: Uncharacterized protein Rv2411c => putative protein
[09:44:50] Modify product: Probable transcriptional regulatory protein aq_1575 => putative transcriptional regulatory protein
[09:44:50] Modify product: Uncharacterized MFS-type transporter YcaD => putative MFS-type transporter YcaD
[09:44:50] Modify product: Uncharacterized protein Rv1276c => putative protein
[09:44:50] Modify product: Uncharacterized signaling protein PA1727 => putative signaling protein
[09:44:50] Modify product: UPF0434 protein CV_3345 => hypothetical protein
[09:44:50] Modify product: UPF0394 membrane protein XF_0766 => hypothetical protein
[09:44:50] Modify product: UPF0394 membrane protein XF_0765 => hypothetical protein
[09:44:50] Modify product: Uncharacterized ABC transporter ATP-binding protein Rv0986 => putative ABC transporter ATP-binding protein
[09:44:50] Modify product: UPF0126 inner membrane protein YadS => hypothetical protein
[09:44:50] Modify product: UPF0070 protein HI_0370 => hypothetical protein
[09:44:50] Modify product: UPF0758 protein => hypothetical protein
[09:44:50] Modify product: UPF0758 protein YsxA => hypothetical protein
[09:44:50] Modify product: Probable flavin reductase => putative flavin reductase
[09:44:50] Modify product: Probable sulfate transporter Rv1739c => putative sulfate transporter
[09:44:50] Modify product: UPF0701 protein YicC => hypothetical protein
[09:44:50] Modify product: Monocarboxylate 2-oxoacid-binding periplasmic protein all3028 => Monocarboxylate 2-oxoacid-binding periplasmic protein
[09:44:50] Modify product: Uncharacterized FAD-linked oxidoreductase Rv2280 => putative FAD-linked oxidoreductase
[09:44:50] Modify product: UPF0235 protein YggU => hypothetical protein
[09:44:50] Modify product: Bifunctional protein FolD => Bifunctional protein FolD protein
[09:44:50] Modify product: Probable GTP-binding protein EngB => putative GTP-binding protein EngB
[09:44:50] Modify product: Uncharacterized ABC transporter ATP-binding protein YadG => putative ABC transporter ATP-binding protein YadG
[09:44:50] Modify product: Uncharacterized protein Rv0102 => putative protein
[09:44:50] Modify product: Uncharacterized protein Rv2004c => putative protein
[09:44:50] Modify product: Putative phosphoribosyl transferase Rv0571c => Putative phosphoribosyl transferase
[09:44:50] Modify product: Uncharacterized oxidoreductase SA2266 => putative oxidoreductase
[09:44:50] Modify product: Probable protein kinase UbiB => putative protein kinase UbiB
[09:44:50] Modify product: Uncharacterized GST-like protein YibF => putative GST-like protein YibF
[09:44:50] Modify product: Cyclic di-GMP phosphodiesterase PA4108 => Cyclic di-GMP phosphodiesterase
[09:44:50] Modify product: Cyclic di-GMP phosphodiesterase PA4108 => Cyclic di-GMP phosphodiesterase
[09:44:50] Cleaned 99 /product names
[09:44:50] Deleting unwanted file: ../../Data/Chen_Analysis/Prokka/Bacteria/GOMC.bin.12023/GOMC.bin.12023.sprot.tmp.3404405.faa
[09:44:50] Deleting unwanted file: ../../Data/Chen_Analysis/Prokka/Bacteria/GOMC.bin.12023/GOMC.bin.12023.sprot.tmp.3404405.blast
[09:44:51] There are still 1420 unannotated CDS left (started with 2640)
[09:44:51] Will use hmmer3 to search against /home/joao_facio/miniconda3/envs/prokka/db/hmm/HAMAP.hmm with 4 CPUs
[09:44:51] Running: cat \.\.\/\.\.\/Data\/Chen_Analysis\/Prokka\/Bacteria\/GOMC\.bin\.12023\/GOMC\.bin\.12023\.HAMAP\.hmm\.tmp\.3404405\.faa | parallel --gnu --plain -j 4 --block 42090 --recstart '>' --pipe hmmscan --noali --notextw --acc -E 1e-09 --cpu 1 /home/joao_facio/miniconda3/envs/prokka/db/hmm/HAMAP.hmm /dev/stdin > \.\.\/\.\.\/Data\/Chen_Analysis\/Prokka\/Bacteria\/GOMC\.bin\.12023\/GOMC\.bin\.12023\.HAMAP\.hmm\.tmp\.3404405\.hmmer3 2> /dev/null
[09:45:01] Modify product: Uncharacterized MFS-type transporter YcaD => putative MFS-type transporter YcaD
[09:45:01] Modify product: Uncharacterized Nudix hydrolase NudL => putative Nudix hydrolase NudL
[09:45:01] Cleaned 2 /product names
[09:45:01] Deleting unwanted file: ../../Data/Chen_Analysis/Prokka/Bacteria/GOMC.bin.12023/GOMC.bin.12023.HAMAP.hmm.tmp.3404405.faa
[09:45:01] Deleting unwanted file: ../../Data/Chen_Analysis/Prokka/Bacteria/GOMC.bin.12023/GOMC.bin.12023.HAMAP.hmm.tmp.3404405.hmmer3
[09:45:01] Labelling remaining 1269 proteins as 'hypothetical protein'
[09:45:01] Possible /pseudo 'L-cystine transport system permease protein YecS' at k63_819445 position 2713
[09:45:01] Possible /pseudo 'Penicillin-binding protein activator LpoA' at k63_750694 position 915
[09:45:01] Possible /pseudo 'putative 2-ketoarginine decarboxylase AruI' at k63_189256 position 5176
[09:45:01] Possible /pseudo 'putative protein' at k63_790043 position 5841
[09:45:01] Possible /pseudo 'D-inositol-3-phosphate glycosyltransferase' at k63_726003 position 2132
[09:45:01] Possible /pseudo 'Twitching mobility protein' at k63_653201 position 3302
[09:45:01] Possible /pseudo 'Twitching mobility protein' at k63_653201 position 4440
[09:45:01] Possible /pseudo 'Protein SphX' at k63_211507 position 1342
[09:45:01] Possible /pseudo 'Translocation and assembly module subunit TamA' at k63_442782 position 981
[09:45:01] Found 1113 unique /gene codes.
[09:45:01] Fixed 2 duplicate /gene - dinG_1 dinG_2
[09:45:01] Fixed 2 duplicate /gene - hspQ_1 hspQ_2
[09:45:01] Fixed 3 duplicate /gene - betI_1 betI_2 betI_3
[09:45:01] Fixed 3 duplicate /gene - ycaD_1 ycaD_2 ycaD_3
[09:45:01] Fixed 2 duplicate /gene - puuC_1 puuC_2
[09:45:01] Fixed 2 duplicate /gene - cph2_1 cph2_2
[09:45:01] Fixed 3 duplicate /gene - hdfR_1 hdfR_2 hdfR_3
[09:45:01] Fixed 3 duplicate /gene - lrp_1 lrp_2 lrp_3
[09:45:01] Fixed 2 duplicate /gene - gabD_1 gabD_2
[09:45:01] Fixed 2 duplicate /gene - mutM_1 mutM_2
[09:45:01] Fixed 2 duplicate /gene - glgB_1 glgB_2
[09:45:01] Fixed 2 duplicate /gene - bamA_1 bamA_2
[09:45:01] Fixed 2 duplicate /gene - occM_1 occM_2
[09:45:01] Fixed 2 duplicate /gene - mtgB_1 mtgB_2
[09:45:01] Fixed 2 duplicate /gene - arsC_1 arsC_2
[09:45:01] Fixed 2 duplicate /gene - uvrA_1 uvrA_2
[09:45:01] Fixed 2 duplicate /gene - cmpR_1 cmpR_2
[09:45:01] Fixed 2 duplicate /gene - gloA_1 gloA_2
[09:45:01] Fixed 2 duplicate /gene - rplV_1 rplV_2
[09:45:01] Fixed 2 duplicate /gene - fabG_1 fabG_2
[09:45:01] Fixed 2 duplicate /gene - chaC_1 chaC_2
[09:45:01] Fixed 3 duplicate /gene - resA_1 resA_2 resA_3
[09:45:01] Fixed 2 duplicate /gene - argF_1 argF_2
[09:45:01] Fixed 2 duplicate /gene - soxB_1 soxB_2
[09:45:01] Fixed 2 duplicate /gene - hopP_1 hopP_2
[09:45:01] Fixed 4 duplicate /gene - kefC_1 kefC_2 kefC_3 kefC_4
[09:45:01] Fixed 4 duplicate /gene - rcsC_1 rcsC_2 rcsC_3 rcsC_4
[09:45:01] Fixed 2 duplicate /gene - sucC_1 sucC_2
[09:45:01] Fixed 5 duplicate /gene - btuD_1 btuD_2 btuD_3 btuD_4 btuD_5
[09:45:01] Fixed 2 duplicate /gene - yecS_1 yecS_2
[09:45:01] Fixed 3 duplicate /gene - gdh_1 gdh_2 gdh_3
[09:45:01] Fixed 2 duplicate /gene - doeA_1 doeA_2
[09:45:01] Fixed 2 duplicate /gene - dapA_1 dapA_2
[09:45:01] Fixed 2 duplicate /gene - clsA_1 clsA_2
[09:45:01] Fixed 2 duplicate /gene - cutS_1 cutS_2
[09:45:01] Fixed 2 duplicate /gene - bepE_1 bepE_2
[09:45:01] Fixed 2 duplicate /gene - dddP_1 dddP_2
[09:45:01] Fixed 2 duplicate /gene - tamA_1 tamA_2
[09:45:01] Fixed 2 duplicate /gene - exbD_1 exbD_2
[09:45:01] Fixed 2 duplicate /gene - soxA_1 soxA_2
[09:45:01] Fixed 2 duplicate /gene - degP_1 degP_2
[09:45:01] Fixed 2 duplicate /gene - hisC_1 hisC_2
[09:45:01] Fixed 2 duplicate /gene - sufS_1 sufS_2
[09:45:01] Fixed 2 duplicate /gene - dapE_1 dapE_2
[09:45:01] Fixed 2 duplicate /gene - dksA_1 dksA_2
[09:45:01] Fixed 2 duplicate /gene - crtB_1 crtB_2
[09:45:01] Fixed 2 duplicate /gene - htpX_1 htpX_2
[09:45:01] Fixed 2 duplicate /gene - asnB_1 asnB_2
[09:45:01] Fixed 2 duplicate /gene - gspD2_1 gspD2_2
[09:45:01] Fixed 2 duplicate /gene - lapB_1 lapB_2
[09:45:01] Fixed 3 duplicate /gene - sasA_1 sasA_2 sasA_3
[09:45:01] Fixed 2 duplicate /gene - folD_1 folD_2
[09:45:01] Fixed 2 duplicate /gene - maiA_1 maiA_2
[09:45:01] Fixed 2 duplicate /gene - ftsA_1 ftsA_2
[09:45:01] Fixed 2 duplicate /gene - yceI_1 yceI_2
[09:45:01] Fixed 2 duplicate /gene - ubiG_1 ubiG_2
[09:45:01] Fixed 2 duplicate /gene - nth_1 nth_2
[09:45:01] Fixed 5 duplicate /gene - bepA_1 bepA_2 bepA_3 bepA_4 bepA_5
[09:45:01] Fixed 2 duplicate /gene - sspA_1 sspA_2
[09:45:01] Fixed 2 duplicate /gene - yidD_1 yidD_2
[09:45:01] Fixed 3 duplicate /gene - pilT_1 pilT_2 pilT_3
[09:45:01] Fixed 2 duplicate /gene - teaD_1 teaD_2
[09:45:01] Fixed 3 duplicate /gene - potA_1 potA_2 potA_3
[09:45:01] Fixed 2 duplicate /gene - msrB_1 msrB_2
[09:45:01] Fixed 2 duplicate /gene - betB_1 betB_2
[09:45:01] Fixed 2 duplicate /gene - epsF_1 epsF_2
[09:45:01] Fixed 2 duplicate /gene - gcvA_1 gcvA_2
[09:45:01] Fixed 2 duplicate /gene - prs_1 prs_2
[09:45:01] Fixed 2 duplicate /gene - sthA_1 sthA_2
[09:45:01] Fixed 8 duplicate /gene - mshA_1 mshA_2 mshA_3 mshA_4 mshA_5 mshA_6 mshA_7 mshA_8
[09:45:01] Fixed 2 duplicate /gene - metH_1 metH_2
[09:45:01] Fixed 2 duplicate /gene - murJ_1 murJ_2
[09:45:01] Fixed 2 duplicate /gene - gcvT_1 gcvT_2
[09:45:01] Fixed 2 duplicate /gene - atpH_1 atpH_2
[09:45:01] Fixed 2 duplicate /gene - lolD_1 lolD_2
[09:45:01] Fixed 2 duplicate /gene - oxyR_1 oxyR_2
[09:45:01] Fixed 2 duplicate /gene - cutM_1 cutM_2
[09:45:01] Fixed 3 duplicate /gene - epsE_1 epsE_2 epsE_3
[09:45:01] Fixed 2 duplicate /gene - btuF_1 btuF_2
[09:45:01] Fixed 2 duplicate /gene - bacC_1 bacC_2
[09:45:01] Fixed 2 duplicate /gene - puuR_1 puuR_2
[09:45:01] Fixed 2 duplicate /gene - smc_1 smc_2
[09:45:01] Fixed 2 duplicate /gene - rplB_1 rplB_2
[09:45:01] Fixed 2 duplicate /gene - lnrL_1 lnrL_2
[09:45:01] Fixed 2 duplicate /gene - norV_1 norV_2
[09:45:01] Fixed 3 duplicate /gene - acsA_1 acsA_2 acsA_3
[09:45:01] Fixed 2 duplicate /gene - bfr_1 bfr_2
[09:45:01] Fixed 2 duplicate /gene - ohrR_1 ohrR_2
[09:45:01] Fixed 2 duplicate /gene - rpsC_1 rpsC_2
[09:45:01] Fixed 2 duplicate /gene - aruI_1 aruI_2
[09:45:01] Fixed 2 duplicate /gene - dctM_1 dctM_2
[09:45:01] Fixed 2 duplicate /gene - trpB_1 trpB_2
[09:45:01] Fixed 2 duplicate /gene - soxD_1 soxD_2
[09:45:01] Fixed 3 duplicate /gene - pknD_1 pknD_2 pknD_3
[09:45:01] Fixed 2 duplicate /gene - aam_1 aam_2
[09:45:01] Fixed 4 duplicate /gene - tolQ_1 tolQ_2 tolQ_3 tolQ_4
[09:45:01] Fixed 2 duplicate /gene - erpA_1 erpA_2
[09:45:01] Fixed 2 duplicate /gene - purF_1 purF_2
[09:45:01] Fixed 3 duplicate /gene - ligA_1 ligA_2 ligA_3
[09:45:01] Fixed 4 duplicate /gene - mdtA_1 mdtA_2 mdtA_3 mdtA_4
[09:45:01] Fixed 3 duplicate /gene - btuB_1 btuB_2 btuB_3
[09:45:01] Fixed 2 duplicate /gene - sphX_1 sphX_2
[09:45:01] Fixed 2 duplicate /gene - tenA_1 tenA_2
[09:45:01] Fixed 2 duplicate /gene - blh_1 blh_2
[09:45:01] Fixed 3 duplicate /gene - ilvE_1 ilvE_2 ilvE_3
[09:45:01] Fixed 2 duplicate /gene - gltA_1 gltA_2
[09:45:01] Fixed 2 duplicate /gene - phnE_1 phnE_2
[09:45:01] Fixed 2 duplicate /gene - rpsS_1 rpsS_2
[09:45:01] Fixed 2 duplicate /gene - lpoA_1 lpoA_2
[09:45:01] Fixed 2 duplicate /gene - rpoE_1 rpoE_2
[09:45:01] Fixed 2 duplicate /gene - rutC_1 rutC_2
[09:45:01] Fixed 2 duplicate /gene - phoP_1 phoP_2
[09:45:01] Fixed 2 duplicate /gene - betA_1 betA_2
[09:45:01] Fixed 3 duplicate /gene - puuB_1 puuB_2 puuB_3
[09:45:01] Fixed 2 duplicate /gene - msrA_1 msrA_2
[09:45:01] Fixed 2 duplicate /gene - mltF_1 mltF_2
[09:45:01] Fixed 2 duplicate /gene - phoU_1 phoU_2
[09:45:01] Fixed 2 duplicate /gene - ydcV_1 ydcV_2
[09:45:01] Fixed 2 duplicate /gene - pcm_1 pcm_2
[09:45:01] Fixed 2 duplicate /gene - cydB_1 cydB_2
[09:45:01] Fixed 2 duplicate /gene - glgC_1 glgC_2
[09:45:01] Fixed 2 duplicate /gene - dmlR_1 dmlR_2
[09:45:01] Fixed 122 colliding /gene names.
[09:45:01] Adding /locus_tag identifiers
[09:45:01] Assigned 2664 locus_tags to CDS and RNA features.
[09:45:01] Writing outputs to ../../Data/Chen_Analysis/Prokka/Bacteria/GOMC.bin.12023/
[09:45:01] Generating annotation statistics file
[09:45:01] Generating Genbank and Sequin files
[09:45:01] Running: tbl2asn -V b -a r10k -l paired-ends -M n -N 1 -y 'Annotated using prokka 1.14.6 from https://github.com/tseemann/prokka' -Z \.\.\/\.\.\/Data\/Chen_Analysis\/Prokka\/Bacteria\/GOMC\.bin\.12023\/GOMC\.bin\.12023\.err -i \.\.\/\.\.\/Data\/Chen_Analysis\/Prokka\/Bacteria\/GOMC\.bin\.12023\/GOMC\.bin\.12023\.fsa 2> /dev/null
[09:45:04] Deleting unwanted file: ../../Data/Chen_Analysis/Prokka/Bacteria/GOMC.bin.12023/errorsummary.val
[09:45:04] Deleting unwanted file: ../../Data/Chen_Analysis/Prokka/Bacteria/GOMC.bin.12023/GOMC.bin.12023.dr
[09:45:04] Deleting unwanted file: ../../Data/Chen_Analysis/Prokka/Bacteria/GOMC.bin.12023/GOMC.bin.12023.fixedproducts
[09:45:04] Deleting unwanted file: ../../Data/Chen_Analysis/Prokka/Bacteria/GOMC.bin.12023/GOMC.bin.12023.ecn
[09:45:04] Deleting unwanted file: ../../Data/Chen_Analysis/Prokka/Bacteria/GOMC.bin.12023/GOMC.bin.12023.val
[09:45:04] Repairing broken .GBK output that tbl2asn produces...
[09:45:04] Running: sed 's/COORDINATES: profile/COORDINATES:profile/' < \.\.\/\.\.\/Data\/Chen_Analysis\/Prokka\/Bacteria\/GOMC\.bin\.12023\/GOMC\.bin\.12023\.gbf > \.\.\/\.\.\/Data\/Chen_Analysis\/Prokka\/Bacteria\/GOMC\.bin\.12023\/GOMC\.bin\.12023\.gbk
[09:45:04] Deleting unwanted file: ../../Data/Chen_Analysis/Prokka/Bacteria/GOMC.bin.12023/GOMC.bin.12023.gbf
[09:45:04] Output files:
[09:45:04] ../../Data/Chen_Analysis/Prokka/Bacteria/GOMC.bin.12023/GOMC.bin.12023.tsv
[09:45:04] ../../Data/Chen_Analysis/Prokka/Bacteria/GOMC.bin.12023/GOMC.bin.12023.fsa
[09:45:04] ../../Data/Chen_Analysis/Prokka/Bacteria/GOMC.bin.12023/GOMC.bin.12023.err
[09:45:04] ../../Data/Chen_Analysis/Prokka/Bacteria/GOMC.bin.12023/GOMC.bin.12023.tbl
[09:45:04] ../../Data/Chen_Analysis/Prokka/Bacteria/GOMC.bin.12023/GOMC.bin.12023.gff
[09:45:04] ../../Data/Chen_Analysis/Prokka/Bacteria/GOMC.bin.12023/GOMC.bin.12023.gbk
[09:45:04] ../../Data/Chen_Analysis/Prokka/Bacteria/GOMC.bin.12023/GOMC.bin.12023.ffn
[09:45:04] ../../Data/Chen_Analysis/Prokka/Bacteria/GOMC.bin.12023/GOMC.bin.12023.txt
[09:45:04] ../../Data/Chen_Analysis/Prokka/Bacteria/GOMC.bin.12023/GOMC.bin.12023.fna
[09:45:04] ../../Data/Chen_Analysis/Prokka/Bacteria/GOMC.bin.12023/GOMC.bin.12023.faa
[09:45:04] ../../Data/Chen_Analysis/Prokka/Bacteria/GOMC.bin.12023/GOMC.bin.12023.log
[09:45:04] ../../Data/Chen_Analysis/Prokka/Bacteria/GOMC.bin.12023/GOMC.bin.12023.sqn
[09:45:04] Annotation finished successfully.
[09:45:04] Walltime used: 1.23 minutes
[09:45:04] If you use this result please cite the Prokka paper:
[09:45:04] Seemann T (2014) Prokka: rapid prokaryotic genome annotation. Bioinformatics. 30(14):2068-9.
[09:45:04] Type 'prokka --citation' for more details.
[09:45:04] Thank you, come again.
