[10:37:37] This is prokka 1.14.6
[10:37:37] Written by Torsten Seemann <torsten.seemann@gmail.com>
[10:37:37] Homepage is https://github.com/tseemann/prokka
[10:37:37] Local time is Mon Dec  1 10:37:37 2025
[10:37:37] You are joao_facio
[10:37:37] Operating system is linux
[10:37:37] You have BioPerl 1.7.8
[10:37:37] System has 12 cores.
[10:37:37] Will use maximum of 4 cores.
[10:37:37] Annotating as >>> Bacteria <<<
[10:37:37] Generating locus_tag from '/tmp/tmp6gns85ah/GOMC.bin.11223.fa' contents.
[10:37:37] Setting --locustag LMELMJLE from MD5 56e5635ef5bea11104cadf5cf28c69f1
[10:37:37] Creating new output folder: ../../Data/Chen_Analysis/Prokka/Bacteria/GOMC.bin.11223
[10:37:37] Running: mkdir -p \.\.\/\.\.\/Data\/Chen_Analysis\/Prokka\/Bacteria\/GOMC\.bin\.11223
[10:37:37] Using filename prefix: GOMC.bin.11223.XXX
[10:37:37] Setting HMMER_NCPU=1
[10:37:37] Writing log to: ../../Data/Chen_Analysis/Prokka/Bacteria/GOMC.bin.11223/GOMC.bin.11223.log
[10:37:37] Command: /home/joao_facio/miniconda3/envs/prokka/bin/prokka --outdir ../../Data/Chen_Analysis/Prokka/Bacteria/GOMC.bin.11223 --prefix GOMC.bin.11223 --kingdom Bacteria --genus Palsa-1515 --strain GOMC.bin.11223 --cpus 4 --force /tmp/tmp6gns85ah/GOMC.bin.11223.fa
[10:37:37] Appending to PATH: /home/joao_facio/miniconda3/envs/prokka/bin
[10:37:37] Looking for 'aragorn' - found /home/joao_facio/miniconda3/envs/prokka/bin/aragorn
[10:37:37] Determined aragorn version is 001002 from 'ARAGORN v1.2.41 Dean Laslett'
[10:37:37] Looking for 'barrnap' - found /home/joao_facio/miniconda3/envs/prokka/bin/barrnap
[10:37:38] Determined barrnap version is 000009 from 'barrnap 0.9'
[10:37:38] Looking for 'blastp' - found /home/joao_facio/miniconda3/envs/prokka/bin/blastp
[10:37:38] Determined blastp version is 002016 from 'blastp: 2.16.0+'
[10:37:38] Looking for 'cmpress' - found /home/joao_facio/miniconda3/envs/prokka/bin/cmpress
[10:37:38] Determined cmpress version is 001001 from '# INFERNAL 1.1.5 (Sep 2023)'
[10:37:38] Looking for 'cmscan' - found /home/joao_facio/miniconda3/envs/prokka/bin/cmscan
[10:37:38] Determined cmscan version is 001001 from '# INFERNAL 1.1.5 (Sep 2023)'
[10:37:38] Looking for 'egrep' - found /usr/bin/egrep
[10:37:38] Looking for 'find' - found /usr/bin/find
[10:37:38] Looking for 'grep' - found /usr/bin/grep
[10:37:38] Looking for 'hmmpress' - found /home/joao_facio/miniconda3/envs/prokka/bin/hmmpress
[10:37:38] Determined hmmpress version is 003004 from '# HMMER 3.4 (Aug 2023); http://hmmer.org/'
[10:37:38] Looking for 'hmmscan' - found /home/joao_facio/miniconda3/envs/prokka/bin/hmmscan
[10:37:38] Determined hmmscan version is 003004 from '# HMMER 3.4 (Aug 2023); http://hmmer.org/'
[10:37:38] Looking for 'java' - found /home/joao_facio/miniconda3/envs/prokka/bin/java
[10:37:38] Looking for 'makeblastdb' - found /home/joao_facio/miniconda3/envs/prokka/bin/makeblastdb
[10:37:38] Determined makeblastdb version is 002016 from 'makeblastdb: 2.16.0+'
[10:37:38] Looking for 'minced' - found /home/joao_facio/miniconda3/envs/prokka/bin/minced
[10:37:38] Determined minced version is 004002 from 'minced 0.4.2'
[10:37:38] Looking for 'parallel' - found /home/joao_facio/miniconda3/envs/prokka/bin/parallel
[10:37:38] Determined parallel version is 20251122 from 'GNU parallel 20251122'
[10:37:38] Looking for 'prodigal' - found /home/joao_facio/miniconda3/envs/prokka/bin/prodigal
[10:37:38] Determined prodigal version is 002006 from 'Prodigal V2.6.3: February, 2016'
[10:37:38] Looking for 'prokka-genbank_to_fasta_db' - found /home/joao_facio/miniconda3/envs/prokka/bin/prokka-genbank_to_fasta_db
[10:37:38] Looking for 'sed' - found /usr/bin/sed
[10:37:38] Looking for 'tbl2asn' - found /home/joao_facio/miniconda3/envs/prokka/bin/tbl2asn
[10:37:38] Determined tbl2asn version is 025007 from 'tbl2asn 25.7   arguments:'
[10:37:38] Using genetic code table 11.
[10:37:38] Loading and checking input file: /tmp/tmp6gns85ah/GOMC.bin.11223.fa
[10:37:38] Wrote 421 contigs totalling 2725795 bp.
[10:37:38] Predicting tRNAs and tmRNAs
[10:37:38] Running: aragorn -l -gc11  -w \.\.\/\.\.\/Data\/Chen_Analysis\/Prokka\/Bacteria\/GOMC\.bin\.11223\/GOMC\.bin\.11223\.fna
[10:37:38] 1 tRNA-Thr [757,828] 33 (ggt)
[10:37:38] 2 tRNA-Arg [4524,4600] 35 (cct)
[10:37:38] 1 tRNA-Ile c[1,77] 35 (gat)
[10:37:38] 1 tRNA-Gln c[2652,2724] 33 (ttg)
[10:37:38] 1 tRNA-Leu c[5011,5096] 36 (cag)
[10:37:38] 1 tRNA-Gly c[1,72] 33 (tcc)
[10:37:38] 2 tRNA-Tyr c[80,164] 36 (gta)
[10:37:38] 3 tRNA-Thr [263,341] 34 (tgt)
[10:37:38] 1 tRNA-Ser [2180,2270] 35 (cga)
[10:37:38] 1 tRNA-Ala [306,381] 34 (tgc)
[10:37:38] 1 tRNA-Gly [1196,1266] 33 (ccc)
[10:37:38] 2 tRNA-Cys [1304,1376] 33 (gca)
[10:37:39] 1 tRNA-Ser [5768,5860] 35 (gct)
[10:37:39] 1 tRNA-His c[4566,4638] 33 (atg)
[10:37:39] 1 tRNA-SeC [11465,11558] 34 (tca)
[10:37:39] 1 tRNA-Leu c[23463,23549] 35 (gag)
[10:37:39] 1 tRNA-Trp [2,77] 34 (cca)
[10:37:39] 1 tRNA-Ser c[347,436] 35 (gga)
[10:37:39] 1 tRNA-Pro [5073,5149] 35 (cgg)
[10:37:39] 1 tRNA-Leu [11377,11459] 34 (caa)
[10:37:39] 1 tRNA-Lys c[5336,5407] 33 (ctt)
[10:37:39] 2 tRNA-Lys c[5426,5499] 34 (ttt)
[10:37:39] 1 tRNA-Leu c[1010,1093] 35 (taa)
[10:37:39] 1 tRNA-Val [2595,2669] 33 (gac)
[10:37:39] 1 tRNA-Ala [107,182] 34 (ggc)
[10:37:39] 1 tRNA-Thr c[674,749] 34 (cgt)
[10:37:39] 1 tRNA-Pro [3326,3402] 35 (ggg)
[10:37:39] 1 tRNA-His c[383,459] 35 (gtg)
[10:37:39] 2 tRNA-Arg c[474,548] 35 (tct)
[10:37:39] 3 tRNA-Pro c[701,774] 35 (tgg)
[10:37:39] Found 30 tRNAs
[10:37:39] Predicting Ribosomal RNAs
[10:37:39] Running Barrnap with 4 threads
[10:37:39] Found 0 rRNAs
[10:37:39] Skipping ncRNA search, enable with --rfam if desired.
[10:37:39] Total of 30 tRNA + rRNA features
[10:37:39] Searching for CRISPR repeats
[10:37:40] Found 0 CRISPRs
[10:37:40] Predicting coding sequences
[10:37:40] Contigs total 2725795 bp, so using single mode
[10:37:40] Running: prodigal -i \.\.\/\.\.\/Data\/Chen_Analysis\/Prokka\/Bacteria\/GOMC\.bin\.11223\/GOMC\.bin\.11223\.fna -c -m -g 11 -p single -f sco -q
[10:37:41] Excluding CDS which overlaps existing RNA (tRNA) at k63_301063:4518..5504 on - strand
[10:37:42] Excluding CDS which overlaps existing RNA (tRNA) at k63_79866:765..1259 on - strand
[10:37:42] Found 2706 CDS
[10:37:42] Connecting features back to sequences
[10:37:42] Not using genus-specific database. Try --usegenus to enable it.
[10:37:42] Annotating CDS, please be patient.
[10:37:42] Will use 4 CPUs for similarity searching.
[10:37:42] There are still 2706 unannotated CDS left (started with 2706)
[10:37:42] Will use blast to search against /home/joao_facio/miniconda3/envs/prokka/db/kingdom/Bacteria/IS with 4 CPUs
[10:37:42] Running: cat \.\.\/\.\.\/Data\/Chen_Analysis\/Prokka\/Bacteria\/GOMC\.bin\.11223\/GOMC\.bin\.11223\.IS\.tmp\.3513050\.faa | parallel --gnu --plain -j 4 --block 101212 --recstart '>' --pipe blastp -query - -db /home/joao_facio/miniconda3/envs/prokka/db/kingdom/Bacteria/IS -evalue 1e-30 -qcov_hsp_perc 90 -num_threads 1 -num_descriptions 1 -num_alignments 1 -seg no > \.\.\/\.\.\/Data\/Chen_Analysis\/Prokka\/Bacteria\/GOMC\.bin\.11223\/GOMC\.bin\.11223\.IS\.tmp\.3513050\.blast 2> /dev/null
[10:37:50] Deleting unwanted file: ../../Data/Chen_Analysis/Prokka/Bacteria/GOMC.bin.11223/GOMC.bin.11223.IS.tmp.3513050.faa
[10:37:50] Deleting unwanted file: ../../Data/Chen_Analysis/Prokka/Bacteria/GOMC.bin.11223/GOMC.bin.11223.IS.tmp.3513050.blast
[10:37:50] There are still 2706 unannotated CDS left (started with 2706)
[10:37:50] Will use blast to search against /home/joao_facio/miniconda3/envs/prokka/db/kingdom/Bacteria/AMR with 4 CPUs
[10:37:50] Running: cat \.\.\/\.\.\/Data\/Chen_Analysis\/Prokka\/Bacteria\/GOMC\.bin\.11223\/GOMC\.bin\.11223\.AMR\.tmp\.3513050\.faa | parallel --gnu --plain -j 4 --block 101212 --recstart '>' --pipe blastp -query - -db /home/joao_facio/miniconda3/envs/prokka/db/kingdom/Bacteria/AMR -evalue 1e-300 -qcov_hsp_perc 90 -num_threads 1 -num_descriptions 1 -num_alignments 1 -seg no > \.\.\/\.\.\/Data\/Chen_Analysis\/Prokka\/Bacteria\/GOMC\.bin\.11223\/GOMC\.bin\.11223\.AMR\.tmp\.3513050\.blast 2> /dev/null
[10:37:56] Deleting unwanted file: ../../Data/Chen_Analysis/Prokka/Bacteria/GOMC.bin.11223/GOMC.bin.11223.AMR.tmp.3513050.faa
[10:37:56] Deleting unwanted file: ../../Data/Chen_Analysis/Prokka/Bacteria/GOMC.bin.11223/GOMC.bin.11223.AMR.tmp.3513050.blast
[10:37:56] There are still 2706 unannotated CDS left (started with 2706)
[10:37:56] Will use blast to search against /home/joao_facio/miniconda3/envs/prokka/db/kingdom/Bacteria/sprot with 4 CPUs
[10:37:56] Running: cat \.\.\/\.\.\/Data\/Chen_Analysis\/Prokka\/Bacteria\/GOMC\.bin\.11223\/GOMC\.bin\.11223\.sprot\.tmp\.3513050\.faa | parallel --gnu --plain -j 4 --block 101212 --recstart '>' --pipe blastp -query - -db /home/joao_facio/miniconda3/envs/prokka/db/kingdom/Bacteria/sprot -evalue 1e-09 -qcov_hsp_perc 80 -num_threads 1 -num_descriptions 1 -num_alignments 1 -seg no > \.\.\/\.\.\/Data\/Chen_Analysis\/Prokka\/Bacteria\/GOMC\.bin\.11223\/GOMC\.bin\.11223\.sprot\.tmp\.3513050\.blast 2> /dev/null
[10:38:32] Modify product: UPF0324 inner membrane protein YeiH => hypothetical protein
[10:38:32] Modify product: Uncharacterized ABC transporter ATP-binding protein YadG => putative ABC transporter ATP-binding protein YadG
[10:38:32] Modify product: Probable endonuclease 4 => putative endonuclease 4
[10:38:32] Modify product: Bifunctional protein Rv2228c => Bifunctional protein
[10:38:32] Modify product: Peptidoglycan-N-acetylglucosamine deacetylase BC_3618 => Peptidoglycan-N-acetylglucosamine deacetylase
[10:38:32] Modify product: Uncharacterized sugar transferase EpsL => putative sugar transferase EpsL
[10:38:32] Modify product: Uncharacterized protein YisK => putative protein YisK
[10:38:32] Modify product: Uncharacterized sugar epimerase YhfK => putative sugar epimerase YhfK
[10:38:32] Modify product: Uncharacterized FAD-linked oxidoreductase Rv2280 => putative FAD-linked oxidoreductase
[10:38:32] Modify product: Leu/Ile/Val-binding protein homolog 3 => Leu/Ile/Val-binding protein 
[10:38:32] Modify product: Uncharacterized PIN and TRAM-domain containing protein YacL => putative PIN and TRAM-domain containing protein YacL
[10:38:32] Modify product: Probable transcriptional regulatory protein YebC => putative transcriptional regulatory protein YebC
[10:38:32] Modify product: Probable N-acetyl-LL-diaminopimelate aminotransferase => putative N-acetyl-LL-diaminopimelate aminotransferase
[10:38:32] Modify product: Probable zinc-binding alcohol dehydrogenase Rv1895 => putative zinc-binding alcohol dehydrogenase
[10:38:32] Modify product: Bifunctional protein FolD => Bifunctional protein FolD protein
[10:38:32] Modify product: Uncharacterized protein Rv2581c => putative protein
[10:38:32] Modify product: Probable succinyl-CoA:3-ketoacid coenzyme A transferase subunit B => putative succinyl-CoA:3-ketoacid coenzyme A transferase subunit B
[10:38:32] Modify product: Probable succinyl-CoA:3-ketoacid coenzyme A transferase subunit A => putative succinyl-CoA:3-ketoacid coenzyme A transferase subunit A
[10:38:32] Modify product: Probable chaperone CsaA => putative chaperone CsaA
[10:38:32] Modify product: UPF0051 protein SA0778 => hypothetical protein
[10:38:32] Modify product: Tricorn protease homolog 1 => Tricorn protease 
[10:38:32] Modify product: Nucleoid-associated protein Cthe_2143 => Nucleoid-associated protein
[10:38:32] Modify product: Uncharacterized amino acid permease YhdG => putative amino acid permease YhdG
[10:38:32] Modify product: Probable 3-hydroxybutyryl-CoA dehydrogenase => putative 3-hydroxybutyryl-CoA dehydrogenase
[10:38:32] Modify product: Uncharacterized protein YetJ => putative protein YetJ
[10:38:32] Modify product: Putative cystathionine beta-synthase Rv1077 => Putative cystathionine beta-synthase
[10:38:32] Modify product: Probable riboflavin import permease protein RfuD => putative riboflavin import permease protein RfuD
[10:38:32] Modify product: Uncharacterized periplasmic iron-binding protein HI_0362 => putative periplasmic iron-binding protein
[10:38:32] Modify product: Uncharacterized protein Rv2915c => putative protein
[10:38:32] Modify product: Deacetylase Oant_2987 => Deacetylase
[10:38:32] Modify product: Uncharacterized protein Rv1339 => putative protein
[10:38:32] Modify product: Probable glutamine ABC transporter permease protein GlnP => putative glutamine ABC transporter permease protein GlnP
[10:38:32] Modify product: Uncharacterized protein Rv1290c => putative protein
[10:38:32] Modify product: UPF0053 protein Rv2366c => hypothetical protein
[10:38:32] Modify product: Uncharacterized signaling protein PA1727 => putative signaling protein
[10:38:32] Modify product: UPF0382 membrane protein YwdK => hypothetical protein
[10:38:32] Modify product: Putative heme-dependent peroxidase SA0544 => Putative heme-dependent peroxidase
[10:38:32] Modify product: Probable membrane transporter protein YfcA => putative membrane transporter protein YfcA
[10:38:32] Modify product: Uncharacterized protein Rv0897c => putative protein
[10:38:32] Modify product: Probable secretion system apparatus ATP synthase SsaN => putative secretion system apparatus ATP synthase SsaN
[10:38:32] Modify product: Uncharacterized oxidoreductase Rv0484c => putative oxidoreductase
[10:38:32] Modify product: Putative glutamine amidotransferase Rv2859c => Putative glutamine amidotransferase
[10:38:32] Modify product: Uncharacterized protein YciH => putative protein YciH
[10:38:32] Modify product: Tricorn protease homolog 1 => Tricorn protease 
[10:38:32] Modify product: Uncharacterized inner membrane transporter YedA => putative inner membrane transporter YedA
[10:38:32] Modify product: Uncharacterized protein Rv2569c => putative protein
[10:38:32] Modify product: Uncharacterized protein Rv2411c => putative protein
[10:38:32] Modify product: Putative acyltransferase Rv0859 => Putative acyltransferase
[10:38:32] Modify product: Phosphate-specific transport system accessory protein PhoU homolog => Phosphate-specific transport system accessory protein PhoU 
[10:38:32] Modify product: Uncharacterized protein YlbL => putative protein YlbL
[10:38:32] Modify product: Probable manganese efflux pump MntP => putative manganese efflux pump MntP
[10:38:32] Modify product: Probable peptidoglycan glycosyltransferase FtsW => putative peptidoglycan glycosyltransferase FtsW
[10:38:32] Modify product: Probable adenylyltransferase/sulfurtransferase MoeZ => putative adenylyltransferase/sulfurtransferase MoeZ
[10:38:32] Modify product: Putative 2-hydroxyacid dehydrogenase SA2098 => Putative 2-hydroxyacid dehydrogenase
[10:38:32] Modify product: Uncharacterized zinc protease Rv2782c => putative zinc protease
[10:38:32] Modify product: Leu/Ile/Val-binding protein homolog 3 => Leu/Ile/Val-binding protein 
[10:38:32] Modify product: Probable 2,4-dienoyl-CoA reductase => putative 2,4-dienoyl-CoA reductase
[10:38:32] Modify product: Uncharacterized protein YqeY => putative protein YqeY
[10:38:32] Modify product: UPF0365 protein SA1402 => hypothetical protein
[10:38:32] Modify product: Uncharacterized protein Rv0898c => putative protein
[10:38:32] Modify product: UPF0102 protein RPA0323 => hypothetical protein
[10:38:32] Modify product: Probable malonic semialdehyde reductase RutE => putative malonic semialdehyde reductase RutE
[10:38:32] Modify product: Uncharacterized amino acid permease YhdG => putative amino acid permease YhdG
[10:38:32] Modify product: UPF0353 protein Rv1481 => hypothetical protein
[10:38:32] Modify product: Uncharacterized protein YisK => putative protein YisK
[10:38:32] Modify product: Nucleotide-binding protein SA0720 => Nucleotide-binding protein
[10:38:32] Modify product: Uncharacterized ABC transporter ATP-binding protein YknY => putative ABC transporter ATP-binding protein YknY
[10:38:32] Modify product: Uncharacterized HTH-type transcriptional regulator YbbH => putative HTH-type transcriptional regulator YbbH
[10:38:32] Modify product: UPF0761 membrane protein YihY => hypothetical protein
[10:38:32] Modify product: Uncharacterized protein Rv1829 => putative protein
[10:38:32] Modify product: Uncharacterized ABC transporter ATP-binding protein YknY => putative ABC transporter ATP-binding protein YknY
[10:38:32] Modify product: Uncharacterized ABC transporter ATP-binding protein YlmA => putative ABC transporter ATP-binding protein YlmA
[10:38:32] Modify product: UPF0234 protein Rv0566c => hypothetical protein
[10:38:32] Modify product: Epimerase family protein SA0724 => Epimerase family protein
[10:38:32] Modify product: Glycogen operon protein GlgX homolog => Glycogen operon protein GlgX 
[10:38:32] Modify product: Uncharacterized oxidoreductase YjmC => putative oxidoreductase YjmC
[10:38:32] Modify product: Probable phosphite transport system-binding protein PtxB => putative phosphite transport system-binding protein PtxB
[10:38:32] Modify product: Probable multidrug resistance protein EmrY => putative multidrug resistance protein EmrY
[10:38:32] Modify product: Uncharacterized glycosyltransferase Rv0539 => putative glycosyltransferase
[10:38:32] Modify product: Uncharacterized protein HI_1028 => putative protein
[10:38:32] Modify product: Acetyltransferase SACOL1063 => Acetyltransferase
[10:38:32] Modify product: Probable copper-importing P-type ATPase A => putative copper-importing P-type ATPase A
[10:38:32] Modify product: Probable undecaprenyl-phosphate N-acetylglucosaminyl 1-phosphate transferase => putative undecaprenyl-phosphate N-acetylglucosaminyl 1-phosphate transferase
[10:38:32] Modify product: Probable enoyl-CoA hydratase 1 => putative enoyl-CoA hydratase 1
[10:38:32] Modify product: Probable glycine dehydrogenase (decarboxylating) subunit 2 => putative glycine dehydrogenase (decarboxylating) subunit 2
[10:38:32] Modify product: Probable glycine dehydrogenase (decarboxylating) subunit 1 => putative glycine dehydrogenase (decarboxylating) subunit 1
[10:38:32] Modify product: Uncharacterized signaling protein PA1727 => putative signaling protein
[10:38:32] Modify product: Uncharacterized protein Rv2030c => putative protein
[10:38:32] Modify product: Uncharacterized protein Rv2030c => putative protein
[10:38:32] Modify product: Cyclic di-GMP phosphodiesterase TM_0186 => Cyclic di-GMP phosphodiesterase
[10:38:32] Modify product: Rqc2 homolog RqcH => Rqc2 RqcH
[10:38:32] Cleaned 91 /product names
[10:38:32] Deleting unwanted file: ../../Data/Chen_Analysis/Prokka/Bacteria/GOMC.bin.11223/GOMC.bin.11223.sprot.tmp.3513050.faa
[10:38:32] Deleting unwanted file: ../../Data/Chen_Analysis/Prokka/Bacteria/GOMC.bin.11223/GOMC.bin.11223.sprot.tmp.3513050.blast
[10:38:32] There are still 1597 unannotated CDS left (started with 2706)
[10:38:32] Will use hmmer3 to search against /home/joao_facio/miniconda3/envs/prokka/db/hmm/HAMAP.hmm with 4 CPUs
[10:38:32] Running: cat \.\.\/\.\.\/Data\/Chen_Analysis\/Prokka\/Bacteria\/GOMC\.bin\.11223\/GOMC\.bin\.11223\.HAMAP\.hmm\.tmp\.3513050\.faa | parallel --gnu --plain -j 4 --block 53095 --recstart '>' --pipe hmmscan --noali --notextw --acc -E 1e-09 --cpu 1 /home/joao_facio/miniconda3/envs/prokka/db/hmm/HAMAP.hmm /dev/stdin > \.\.\/\.\.\/Data\/Chen_Analysis\/Prokka\/Bacteria\/GOMC\.bin\.11223\/GOMC\.bin\.11223\.HAMAP\.hmm\.tmp\.3513050\.hmmer3 2> /dev/null
[10:38:45] Modify product: Uncharacterized Nudix hydrolase NudL => putative Nudix hydrolase NudL
[10:38:45] Cleaned 1 /product names
[10:38:45] Deleting unwanted file: ../../Data/Chen_Analysis/Prokka/Bacteria/GOMC.bin.11223/GOMC.bin.11223.HAMAP.hmm.tmp.3513050.faa
[10:38:45] Deleting unwanted file: ../../Data/Chen_Analysis/Prokka/Bacteria/GOMC.bin.11223/GOMC.bin.11223.HAMAP.hmm.tmp.3513050.hmmer3
[10:38:45] Labelling remaining 1405 proteins as 'hypothetical protein'
[10:38:45] Possible /pseudo 'Zinc-specific metallo-regulatory protein' at k63_381836 position 2851
[10:38:45] Possible /pseudo 'D-inositol-3-phosphate glycosyltransferase' at k63_213298 position 4385
[10:38:45] Possible /pseudo 'Tol-Pal system protein TolR' at k63_213298 position 16375
[10:38:45] Possible /pseudo 'Septum site-determining protein MinD' at k63_510111 position 19329
[10:38:45] Possible /pseudo 'D-inositol-3-phosphate glycosyltransferase' at k63_90010 position 2501
[10:38:45] Possible /pseudo 'Septum site-determining protein MinD' at k63_391682 position 343
[10:38:45] Possible /pseudo 'Macrolide export ATP-binding/permease protein MacB' at k63_137844 position 1234
[10:38:45] Found 1011 unique /gene codes.
[10:38:45] Fixed 2 duplicate /gene - ettA_1 ettA_2
[10:38:45] Fixed 2 duplicate /gene - dpp5_1 dpp5_2
[10:38:45] Fixed 3 duplicate /gene - cheY_1 cheY_2 cheY_3
[10:38:45] Fixed 2 duplicate /gene - petE_1 petE_2
[10:38:45] Fixed 2 duplicate /gene - iolS_1 iolS_2
[10:38:45] Fixed 2 duplicate /gene - uvrB_1 uvrB_2
[10:38:45] Fixed 6 duplicate /gene - lptB_1 lptB_2 lptB_3 lptB_4 lptB_5 lptB_6
[10:38:45] Fixed 2 duplicate /gene - mntB_1 mntB_2
[10:38:45] Fixed 2 duplicate /gene - yisK_1 yisK_2
[10:38:45] Fixed 2 duplicate /gene - rbsA_1 rbsA_2
[10:38:45] Fixed 2 duplicate /gene - murK_1 murK_2
[10:38:45] Fixed 2 duplicate /gene - mntH_1 mntH_2
[10:38:45] Fixed 2 duplicate /gene - ilvE_1 ilvE_2
[10:38:45] Fixed 4 duplicate /gene - pcp_1 pcp_2 pcp_3 pcp_4
[10:38:45] Fixed 2 duplicate /gene - rsbW_1 rsbW_2
[10:38:45] Fixed 2 duplicate /gene - cugP_1 cugP_2
[10:38:45] Fixed 2 duplicate /gene - cobD_1 cobD_2
[10:38:45] Fixed 2 duplicate /gene - zur_1 zur_2
[10:38:45] Fixed 3 duplicate /gene - glxR_1 glxR_2 glxR_3
[10:38:45] Fixed 8 duplicate /gene - livH_1 livH_2 livH_3 livH_4 livH_5 livH_6 livH_7 livH_8
[10:38:45] Fixed 6 duplicate /gene - btuD_1 btuD_2 btuD_3 btuD_4 btuD_5 btuD_6
[10:38:45] Fixed 2 duplicate /gene - sigF_1 sigF_2
[10:38:45] Fixed 2 duplicate /gene - nuoK_1 nuoK_2
[10:38:45] Fixed 2 duplicate /gene - pyp_1 pyp_2
[10:38:45] Fixed 2 duplicate /gene - tolR_1 tolR_2
[10:38:45] Fixed 4 duplicate /gene - bepA_1 bepA_2 bepA_3 bepA_4
[10:38:45] Fixed 2 duplicate /gene - tdcB_1 tdcB_2
[10:38:45] Fixed 2 duplicate /gene - qedA_1 qedA_2
[10:38:45] Fixed 2 duplicate /gene - lpxB_1 lpxB_2
[10:38:45] Fixed 2 duplicate /gene - thiE_1 thiE_2
[10:38:45] Fixed 6 duplicate /gene - livF_1 livF_2 livF_3 livF_4 livF_5 livF_6
[10:38:45] Fixed 2 duplicate /gene - gatA_1 gatA_2
[10:38:45] Fixed 2 duplicate /gene - lpd_1 lpd_2
[10:38:45] Fixed 2 duplicate /gene - yajO_1 yajO_2
[10:38:45] Fixed 2 duplicate /gene - btuB_1 btuB_2
[10:38:45] Fixed 2 duplicate /gene - braC_1 braC_2
[10:38:45] Fixed 2 duplicate /gene - sufS_1 sufS_2
[10:38:45] Fixed 2 duplicate /gene - msrA_1 msrA_2
[10:38:45] Fixed 2 duplicate /gene - ptlI_1 ptlI_2
[10:38:45] Fixed 2 duplicate /gene - cmpR_1 cmpR_2
[10:38:45] Fixed 2 duplicate /gene - crtI_1 crtI_2
[10:38:45] Fixed 2 duplicate /gene - yedY1_1 yedY1_2
[10:38:45] Fixed 2 duplicate /gene - qorA_1 qorA_2
[10:38:45] Fixed 2 duplicate /gene - sigW_1 sigW_2
[10:38:45] Fixed 2 duplicate /gene - dagK_1 dagK_2
[10:38:45] Fixed 2 duplicate /gene - malT_1 malT_2
[10:38:45] Fixed 2 duplicate /gene - katG_1 katG_2
[10:38:45] Fixed 9 duplicate /gene - mshA_1 mshA_2 mshA_3 mshA_4 mshA_5 mshA_6 mshA_7 mshA_8 mshA_9
[10:38:45] Fixed 2 duplicate /gene - nadE_1 nadE_2
[10:38:45] Fixed 2 duplicate /gene - algU_1 algU_2
[10:38:45] Fixed 2 duplicate /gene - tri1_1 tri1_2
[10:38:45] Fixed 2 duplicate /gene - pnp_1 pnp_2
[10:38:45] Fixed 2 duplicate /gene - fadA_1 fadA_2
[10:38:45] Fixed 2 duplicate /gene - uvrA_1 uvrA_2
[10:38:45] Fixed 2 duplicate /gene - glnQ_1 glnQ_2
[10:38:45] Fixed 3 duplicate /gene - macB_1 macB_2 macB_3
[10:38:45] Fixed 2 duplicate /gene - mutS2_1 mutS2_2
[10:38:45] Fixed 2 duplicate /gene - menJ_1 menJ_2
[10:38:45] Fixed 2 duplicate /gene - ugtP_1 ugtP_2
[10:38:45] Fixed 2 duplicate /gene - dbpA_1 dbpA_2
[10:38:45] Fixed 2 duplicate /gene - yidA_1 yidA_2
[10:38:45] Fixed 7 duplicate /gene - fabG_1 fabG_2 fabG_3 fabG_4 fabG_5 fabG_6 fabG_7
[10:38:45] Fixed 2 duplicate /gene - acsA_1 acsA_2
[10:38:45] Fixed 2 duplicate /gene - clpC_1 clpC_2
[10:38:45] Fixed 2 duplicate /gene - mreB_1 mreB_2
[10:38:45] Fixed 2 duplicate /gene - sctC_1 sctC_2
[10:38:45] Fixed 2 duplicate /gene - paaZ_1 paaZ_2
[10:38:45] Fixed 2 duplicate /gene - pyrE_1 pyrE_2
[10:38:45] Fixed 2 duplicate /gene - clpP_1 clpP_2
[10:38:45] Fixed 2 duplicate /gene - gyrA_1 gyrA_2
[10:38:45] Fixed 9 duplicate /gene - appA_1 appA_2 appA_3 appA_4 appA_5 appA_6 appA_7 appA_8 appA_9
[10:38:45] Fixed 2 duplicate /gene - mtgA_1 mtgA_2
[10:38:45] Fixed 3 duplicate /gene - hisC_1 hisC_2 hisC_3
[10:38:45] Fixed 2 duplicate /gene - aes_1 aes_2
[10:38:45] Fixed 2 duplicate /gene - dppB_1 dppB_2
[10:38:45] Fixed 2 duplicate /gene - uppS_1 uppS_2
[10:38:45] Fixed 2 duplicate /gene - hemL_1 hemL_2
[10:38:45] Fixed 2 duplicate /gene - priA_1 priA_2
[10:38:45] Fixed 3 duplicate /gene - resA_1 resA_2 resA_3
[10:38:45] Fixed 2 duplicate /gene - phaC_1 phaC_2
[10:38:45] Fixed 2 duplicate /gene - degU_1 degU_2
[10:38:45] Fixed 2 duplicate /gene - cpdA_1 cpdA_2
[10:38:45] Fixed 2 duplicate /gene - fabF_1 fabF_2
[10:38:45] Fixed 4 duplicate /gene - sasA_1 sasA_2 sasA_3 sasA_4
[10:38:45] Fixed 3 duplicate /gene - panE_1 panE_2 panE_3
[10:38:45] Fixed 2 duplicate /gene - pepO_1 pepO_2
[10:38:45] Fixed 2 duplicate /gene - mprA_1 mprA_2
[10:38:45] Fixed 3 duplicate /gene - merA_1 merA_2 merA_3
[10:38:45] Fixed 2 duplicate /gene - menA_1 menA_2
[10:38:45] Fixed 2 duplicate /gene - lon2_1 lon2_2
[10:38:45] Fixed 2 duplicate /gene - ephA_1 ephA_2
[10:38:45] Fixed 2 duplicate /gene - fabD_1 fabD_2
[10:38:45] Fixed 2 duplicate /gene - emrB_1 emrB_2
[10:38:45] Fixed 2 duplicate /gene - fliA_1 fliA_2
[10:38:45] Fixed 2 duplicate /gene - mnmG_1 mnmG_2
[10:38:45] Fixed 3 duplicate /gene - mdtC_1 mdtC_2 mdtC_3
[10:38:45] Fixed 2 duplicate /gene - mfd_1 mfd_2
[10:38:45] Fixed 2 duplicate /gene - bcp_1 bcp_2
[10:38:45] Fixed 2 duplicate /gene - gloB_1 gloB_2
[10:38:45] Fixed 2 duplicate /gene - ilvG_1 ilvG_2
[10:38:45] Fixed 5 duplicate /gene - rcsC_1 rcsC_2 rcsC_3 rcsC_4 rcsC_5
[10:38:45] Fixed 2 duplicate /gene - recA_1 recA_2
[10:38:45] Fixed 4 duplicate /gene - entS_1 entS_2 entS_3 entS_4
[10:38:45] Fixed 2 duplicate /gene - mcm_1 mcm_2
[10:38:45] Fixed 2 duplicate /gene - tetA_1 tetA_2
[10:38:45] Fixed 2 duplicate /gene - yknY_1 yknY_2
[10:38:45] Fixed 3 duplicate /gene - moaA_1 moaA_2 moaA_3
[10:38:45] Fixed 2 duplicate /gene - modA_1 modA_2
[10:38:45] Fixed 3 duplicate /gene - mltF_1 mltF_2 mltF_3
[10:38:45] Fixed 2 duplicate /gene - glmM_1 glmM_2
[10:38:45] Fixed 5 duplicate /gene - menH_1 menH_2 menH_3 menH_4 menH_5
[10:38:45] Fixed 2 duplicate /gene - cysG_1 cysG_2
[10:38:45] Fixed 2 duplicate /gene - gyrB_1 gyrB_2
[10:38:45] Fixed 4 duplicate /gene - minD_1 minD_2 minD_3 minD_4
[10:38:45] Fixed 2 duplicate /gene - yhdG_1 yhdG_2
[10:38:45] Fixed 2 duplicate /gene - mntP_1 mntP_2
[10:38:45] Fixed 2 duplicate /gene - dppA_1 dppA_2
[10:38:45] Fixed 2 duplicate /gene - aceE_1 aceE_2
[10:38:45] Fixed 3 duplicate /gene - ndhB_1 ndhB_2 ndhB_3
[10:38:45] Fixed 2 duplicate /gene - msbA_1 msbA_2
[10:38:45] Fixed 2 duplicate /gene - metXA_1 metXA_2
[10:38:45] Fixed 2 duplicate /gene - atpD_1 atpD_2
[10:38:45] Fixed 2 duplicate /gene - norG_1 norG_2
[10:38:45] Fixed 2 duplicate /gene - minE_1 minE_2
[10:38:45] Fixed 2 duplicate /gene - bfmBAA_1 bfmBAA_2
[10:38:45] Fixed 125 colliding /gene names.
[10:38:45] Adding /locus_tag identifiers
[10:38:45] Assigned 2736 locus_tags to CDS and RNA features.
[10:38:45] Writing outputs to ../../Data/Chen_Analysis/Prokka/Bacteria/GOMC.bin.11223/
[10:38:46] Generating annotation statistics file
[10:38:46] Generating Genbank and Sequin files
[10:38:46] Running: tbl2asn -V b -a r10k -l paired-ends -M n -N 1 -y 'Annotated using prokka 1.14.6 from https://github.com/tseemann/prokka' -Z \.\.\/\.\.\/Data\/Chen_Analysis\/Prokka\/Bacteria\/GOMC\.bin\.11223\/GOMC\.bin\.11223\.err -i \.\.\/\.\.\/Data\/Chen_Analysis\/Prokka\/Bacteria\/GOMC\.bin\.11223\/GOMC\.bin\.11223\.fsa 2> /dev/null
[10:38:49] Deleting unwanted file: ../../Data/Chen_Analysis/Prokka/Bacteria/GOMC.bin.11223/errorsummary.val
[10:38:49] Deleting unwanted file: ../../Data/Chen_Analysis/Prokka/Bacteria/GOMC.bin.11223/GOMC.bin.11223.dr
[10:38:49] Deleting unwanted file: ../../Data/Chen_Analysis/Prokka/Bacteria/GOMC.bin.11223/GOMC.bin.11223.fixedproducts
[10:38:49] Deleting unwanted file: ../../Data/Chen_Analysis/Prokka/Bacteria/GOMC.bin.11223/GOMC.bin.11223.ecn
[10:38:49] Deleting unwanted file: ../../Data/Chen_Analysis/Prokka/Bacteria/GOMC.bin.11223/GOMC.bin.11223.val
[10:38:49] Repairing broken .GBK output that tbl2asn produces...
[10:38:49] Running: sed 's/COORDINATES: profile/COORDINATES:profile/' < \.\.\/\.\.\/Data\/Chen_Analysis\/Prokka\/Bacteria\/GOMC\.bin\.11223\/GOMC\.bin\.11223\.gbf > \.\.\/\.\.\/Data\/Chen_Analysis\/Prokka\/Bacteria\/GOMC\.bin\.11223\/GOMC\.bin\.11223\.gbk
[10:38:49] Deleting unwanted file: ../../Data/Chen_Analysis/Prokka/Bacteria/GOMC.bin.11223/GOMC.bin.11223.gbf
[10:38:49] Output files:
[10:38:49] ../../Data/Chen_Analysis/Prokka/Bacteria/GOMC.bin.11223/GOMC.bin.11223.txt
[10:38:49] ../../Data/Chen_Analysis/Prokka/Bacteria/GOMC.bin.11223/GOMC.bin.11223.faa
[10:38:49] ../../Data/Chen_Analysis/Prokka/Bacteria/GOMC.bin.11223/GOMC.bin.11223.sqn
[10:38:49] ../../Data/Chen_Analysis/Prokka/Bacteria/GOMC.bin.11223/GOMC.bin.11223.log
[10:38:49] ../../Data/Chen_Analysis/Prokka/Bacteria/GOMC.bin.11223/GOMC.bin.11223.tsv
[10:38:49] ../../Data/Chen_Analysis/Prokka/Bacteria/GOMC.bin.11223/GOMC.bin.11223.fna
[10:38:49] ../../Data/Chen_Analysis/Prokka/Bacteria/GOMC.bin.11223/GOMC.bin.11223.err
[10:38:49] ../../Data/Chen_Analysis/Prokka/Bacteria/GOMC.bin.11223/GOMC.bin.11223.gff
[10:38:49] ../../Data/Chen_Analysis/Prokka/Bacteria/GOMC.bin.11223/GOMC.bin.11223.fsa
[10:38:49] ../../Data/Chen_Analysis/Prokka/Bacteria/GOMC.bin.11223/GOMC.bin.11223.tbl
[10:38:49] ../../Data/Chen_Analysis/Prokka/Bacteria/GOMC.bin.11223/GOMC.bin.11223.ffn
[10:38:49] ../../Data/Chen_Analysis/Prokka/Bacteria/GOMC.bin.11223/GOMC.bin.11223.gbk
[10:38:49] Annotation finished successfully.
[10:38:49] Walltime used: 1.20 minutes
[10:38:49] If you use this result please cite the Prokka paper:
[10:38:49] Seemann T (2014) Prokka: rapid prokaryotic genome annotation. Bioinformatics. 30(14):2068-9.
[10:38:49] Type 'prokka --citation' for more details.
[10:38:49] Thank you, come again.
