[08:22:22] This is prokka 1.14.6
[08:22:22] Written by Torsten Seemann <torsten.seemann@gmail.com>
[08:22:22] Homepage is https://github.com/tseemann/prokka
[08:22:22] Local time is Mon Dec  1 08:22:22 2025
[08:22:22] You are joao_facio
[08:22:22] Operating system is linux
[08:22:22] You have BioPerl 1.7.8
[08:22:22] System has 12 cores.
[08:22:22] Will use maximum of 4 cores.
[08:22:22] Annotating as >>> Bacteria <<<
[08:22:22] Generating locus_tag from '/tmp/tmp6gns85ah/GOMC.bin.12228.fa' contents.
[08:22:22] Setting --locustag JGLILIEL from MD5 305252e5f26feda085d834b7b48f0b41
[08:22:22] Creating new output folder: ../../Data/Chen_Analysis/Prokka/Bacteria/GOMC.bin.12228
[08:22:22] Running: mkdir -p \.\.\/\.\.\/Data\/Chen_Analysis\/Prokka\/Bacteria\/GOMC\.bin\.12228
[08:22:22] Using filename prefix: GOMC.bin.12228.XXX
[08:22:22] Setting HMMER_NCPU=1
[08:22:22] Writing log to: ../../Data/Chen_Analysis/Prokka/Bacteria/GOMC.bin.12228/GOMC.bin.12228.log
[08:22:22] Command: /home/joao_facio/miniconda3/envs/prokka/bin/prokka --outdir ../../Data/Chen_Analysis/Prokka/Bacteria/GOMC.bin.12228 --prefix GOMC.bin.12228 --kingdom Bacteria --genus Bin87 --strain GOMC.bin.12228 --cpus 4 --force /tmp/tmp6gns85ah/GOMC.bin.12228.fa
[08:22:22] Appending to PATH: /home/joao_facio/miniconda3/envs/prokka/bin
[08:22:22] Looking for 'aragorn' - found /home/joao_facio/miniconda3/envs/prokka/bin/aragorn
[08:22:22] Determined aragorn version is 001002 from 'ARAGORN v1.2.41 Dean Laslett'
[08:22:22] Looking for 'barrnap' - found /home/joao_facio/miniconda3/envs/prokka/bin/barrnap
[08:22:22] Determined barrnap version is 000009 from 'barrnap 0.9'
[08:22:22] Looking for 'blastp' - found /home/joao_facio/miniconda3/envs/prokka/bin/blastp
[08:22:22] Determined blastp version is 002016 from 'blastp: 2.16.0+'
[08:22:22] Looking for 'cmpress' - found /home/joao_facio/miniconda3/envs/prokka/bin/cmpress
[08:22:22] Determined cmpress version is 001001 from '# INFERNAL 1.1.5 (Sep 2023)'
[08:22:22] Looking for 'cmscan' - found /home/joao_facio/miniconda3/envs/prokka/bin/cmscan
[08:22:22] Determined cmscan version is 001001 from '# INFERNAL 1.1.5 (Sep 2023)'
[08:22:22] Looking for 'egrep' - found /usr/bin/egrep
[08:22:22] Looking for 'find' - found /usr/bin/find
[08:22:22] Looking for 'grep' - found /usr/bin/grep
[08:22:22] Looking for 'hmmpress' - found /home/joao_facio/miniconda3/envs/prokka/bin/hmmpress
[08:22:22] Determined hmmpress version is 003004 from '# HMMER 3.4 (Aug 2023); http://hmmer.org/'
[08:22:22] Looking for 'hmmscan' - found /home/joao_facio/miniconda3/envs/prokka/bin/hmmscan
[08:22:22] Determined hmmscan version is 003004 from '# HMMER 3.4 (Aug 2023); http://hmmer.org/'
[08:22:22] Looking for 'java' - found /home/joao_facio/miniconda3/envs/prokka/bin/java
[08:22:22] Looking for 'makeblastdb' - found /home/joao_facio/miniconda3/envs/prokka/bin/makeblastdb
[08:22:22] Determined makeblastdb version is 002016 from 'makeblastdb: 2.16.0+'
[08:22:22] Looking for 'minced' - found /home/joao_facio/miniconda3/envs/prokka/bin/minced
[08:22:22] Determined minced version is 004002 from 'minced 0.4.2'
[08:22:22] Looking for 'parallel' - found /home/joao_facio/miniconda3/envs/prokka/bin/parallel
[08:22:22] Determined parallel version is 20251122 from 'GNU parallel 20251122'
[08:22:22] Looking for 'prodigal' - found /home/joao_facio/miniconda3/envs/prokka/bin/prodigal
[08:22:22] Determined prodigal version is 002006 from 'Prodigal V2.6.3: February, 2016'
[08:22:22] Looking for 'prokka-genbank_to_fasta_db' - found /home/joao_facio/miniconda3/envs/prokka/bin/prokka-genbank_to_fasta_db
[08:22:22] Looking for 'sed' - found /usr/bin/sed
[08:22:22] Looking for 'tbl2asn' - found /home/joao_facio/miniconda3/envs/prokka/bin/tbl2asn
[08:22:22] Determined tbl2asn version is 025007 from 'tbl2asn 25.7   arguments:'
[08:22:22] Using genetic code table 11.
[08:22:22] Loading and checking input file: /tmp/tmp6gns85ah/GOMC.bin.12228.fa
[08:22:22] Wrote 125 contigs totalling 3770650 bp.
[08:22:22] Predicting tRNAs and tmRNAs
[08:22:22] Running: aragorn -l -gc11  -w \.\.\/\.\.\/Data\/Chen_Analysis\/Prokka\/Bacteria\/GOMC\.bin\.12228\/GOMC\.bin\.12228\.fna
[08:22:23] 1 tRNA-Ser c[18329,18416] 35 (tga)
[08:22:23] 2 tRNA-Gly c[78581,78655] 33 (gcc)
[08:22:23] 1 tRNA-Leu [174,260] 34 (taa)
[08:22:23] 1 tRNA-Ala c[46263,46338] 34 (ggc)
[08:22:23] 1 tRNA-Pro [13166,13242] 35 (ggg)
[08:22:23] 1 tRNA-Arg c[21258,21334] 35 (cct)
[08:22:23] 2 tRNA-Ala c[21345,21420] 34 (cgc)
[08:22:23] 1 tRNA-Thr c[26083,26157] 33 (ggt)
[08:22:23] 2 tRNA-Tyr c[26183,26270] 35 (gta)
[08:22:23] 3 tRNA-Thr c[26317,26392] 34 (tgt)
[08:22:23] 4 tRNA-Gly [26642,26715] 33 (tcc)
[08:22:23] 1 tRNA-Pro c[9547,9621] 33 (tgg)
[08:22:23] 2 tRNA-Arg c[9658,9730] 34 (ccg)
[08:22:23] 3 tRNA-Asp c[10511,10586] 34 (gtc)
[08:22:23] 1 tRNA-Phe c[22978,23054] 35 (gaa)
[08:22:23] 1 tRNA-Trp [105358,105437] 34 (cca)
[08:22:23] 1 tRNA-Gln c[36952,37025] 33 (ttg)
[08:22:23] 1 tRNA-Ser [27163,27253] 35 (cga)
[08:22:23] 1 tRNA-Leu c[65841,65925] 35 (tag)
[08:22:23] 2 tRNA-Lys c[65979,66054] 34 (ctt)
[08:22:23] 3 tRNA-Gln [67824,67897] 33 (ctg)
[08:22:23] 4 tRNA-Leu [77130,77216] 35 (gag)
[08:22:23] 1 tRNA-Ser c[1749,1823] 35 (gct)
[08:22:23] 1 tRNA-Leu [5562,5648] 34 (caa)
[08:22:23] 2 tRNA-Ser [6420,6509] 35 (gga)
[08:22:24] 1 tRNA-SeC [43113,43209] 35 (tca)
[08:22:24] 2 tRNA-Met c[251821,251895] 33 (cat)
[08:22:24] 1 tRNA-Pro c[10028,10103] 34 (cgg)
[08:22:24] 1 tRNA-His c[91,167] 35 (gtg)
[08:22:24] 2 tRNA-Val [19670,19746] 35 (gac)
[08:22:24] 1 tRNA-Val c[4649,4725] 35 (tac)
[08:22:24] 2 tRNA-Arg c[4753,4828] 34 (gcg)
[08:22:24] 3 tRNA-Leu c[4840,4925] 34 (cag)
[08:22:24] 4 tRNA-Val c[4964,5039] 34 (cac)
[08:22:24] 1 tRNA-Arg c[1623,1698] 34 (tct)
[08:22:24] 1 tRNA-Ser [46481,46572] 35 (tga)
[08:22:24] 1 tRNA-Asn [24611,24685] 33 (gtt)
[08:22:24] 2 tRNA-Met c[57990,58064] 33 (cat)
[08:22:24] 3 tRNA-Ile [66818,66894] 35 (gat)
[08:22:24] 4 tRNA-Thr [102388,102463] 34 (cgt)
[08:22:24] 1 tRNA-Ser [25360,25451] 35 (gct)
[08:22:24] 1 tRNA-Tyr c[7648,7720] 34 (gta)
[08:22:24] 2 tRNA-Gly c[7725,7818] 35 (gcc)
[08:22:24] 1 tRNA-Glu [7758,7836] 37 (ttc)
[08:22:24] Found 44 tRNAs
[08:22:24] Predicting Ribosomal RNAs
[08:22:24] Running Barrnap with 4 threads
[08:22:24] 1 k63_300138 21597 5S ribosomal RNA
[08:22:24] 2 k63_87559 1 16S ribosomal RNA (partial)
[08:22:24] Found 2 rRNAs
[08:22:24] Skipping ncRNA search, enable with --rfam if desired.
[08:22:24] Total of 46 tRNA + rRNA features
[08:22:24] Searching for CRISPR repeats
[08:22:24] Found 0 CRISPRs
[08:22:24] Predicting coding sequences
[08:22:24] Contigs total 3770650 bp, so using single mode
[08:22:24] Running: prodigal -i \.\.\/\.\.\/Data\/Chen_Analysis\/Prokka\/Bacteria\/GOMC\.bin\.12228\/GOMC\.bin\.12228\.fna -c -m -g 11 -p single -f sco -q
[08:22:28] Excluding CDS which overlaps existing RNA (tRNA) at k63_222274:104920..109836 on - strand
[08:22:28] Excluding CDS which overlaps existing RNA (tRNA) at k63_183234:27181..27891 on + strand
[08:22:28] Excluding CDS which overlaps existing RNA (tRNA) at k63_467842:46554..47003 on - strand
[08:22:28] Found 3558 CDS
[08:22:28] Connecting features back to sequences
[08:22:28] Not using genus-specific database. Try --usegenus to enable it.
[08:22:28] Annotating CDS, please be patient.
[08:22:28] Will use 4 CPUs for similarity searching.
[08:22:28] There are still 3558 unannotated CDS left (started with 3558)
[08:22:28] Will use blast to search against /home/joao_facio/miniconda3/envs/prokka/db/kingdom/Bacteria/IS with 4 CPUs
[08:22:28] Running: cat \.\.\/\.\.\/Data\/Chen_Analysis\/Prokka\/Bacteria\/GOMC\.bin\.12228\/GOMC\.bin\.12228\.IS\.tmp\.3246147\.faa | parallel --gnu --plain -j 4 --block 136799 --recstart '>' --pipe blastp -query - -db /home/joao_facio/miniconda3/envs/prokka/db/kingdom/Bacteria/IS -evalue 1e-30 -qcov_hsp_perc 90 -num_threads 1 -num_descriptions 1 -num_alignments 1 -seg no > \.\.\/\.\.\/Data\/Chen_Analysis\/Prokka\/Bacteria\/GOMC\.bin\.12228\/GOMC\.bin\.12228\.IS\.tmp\.3246147\.blast 2> /dev/null
[08:22:39] Deleting unwanted file: ../../Data/Chen_Analysis/Prokka/Bacteria/GOMC.bin.12228/GOMC.bin.12228.IS.tmp.3246147.faa
[08:22:39] Deleting unwanted file: ../../Data/Chen_Analysis/Prokka/Bacteria/GOMC.bin.12228/GOMC.bin.12228.IS.tmp.3246147.blast
[08:22:40] There are still 3546 unannotated CDS left (started with 3558)
[08:22:40] Will use blast to search against /home/joao_facio/miniconda3/envs/prokka/db/kingdom/Bacteria/AMR with 4 CPUs
[08:22:40] Running: cat \.\.\/\.\.\/Data\/Chen_Analysis\/Prokka\/Bacteria\/GOMC\.bin\.12228\/GOMC\.bin\.12228\.AMR\.tmp\.3246147\.faa | parallel --gnu --plain -j 4 --block 136533 --recstart '>' --pipe blastp -query - -db /home/joao_facio/miniconda3/envs/prokka/db/kingdom/Bacteria/AMR -evalue 1e-300 -qcov_hsp_perc 90 -num_threads 1 -num_descriptions 1 -num_alignments 1 -seg no > \.\.\/\.\.\/Data\/Chen_Analysis\/Prokka\/Bacteria\/GOMC\.bin\.12228\/GOMC\.bin\.12228\.AMR\.tmp\.3246147\.blast 2> /dev/null
[08:22:48] Deleting unwanted file: ../../Data/Chen_Analysis/Prokka/Bacteria/GOMC.bin.12228/GOMC.bin.12228.AMR.tmp.3246147.faa
[08:22:48] Deleting unwanted file: ../../Data/Chen_Analysis/Prokka/Bacteria/GOMC.bin.12228/GOMC.bin.12228.AMR.tmp.3246147.blast
[08:22:49] There are still 3546 unannotated CDS left (started with 3558)
[08:22:49] Will use blast to search against /home/joao_facio/miniconda3/envs/prokka/db/kingdom/Bacteria/sprot with 4 CPUs
[08:22:49] Running: cat \.\.\/\.\.\/Data\/Chen_Analysis\/Prokka\/Bacteria\/GOMC\.bin\.12228\/GOMC\.bin\.12228\.sprot\.tmp\.3246147\.faa | parallel --gnu --plain -j 4 --block 136533 --recstart '>' --pipe blastp -query - -db /home/joao_facio/miniconda3/envs/prokka/db/kingdom/Bacteria/sprot -evalue 1e-09 -qcov_hsp_perc 80 -num_threads 1 -num_descriptions 1 -num_alignments 1 -seg no > \.\.\/\.\.\/Data\/Chen_Analysis\/Prokka\/Bacteria\/GOMC\.bin\.12228\/GOMC\.bin\.12228\.sprot\.tmp\.3246147\.blast 2> /dev/null
[08:23:37] Modify product: Leu/Ile/Val-binding protein homolog 3 => Leu/Ile/Val-binding protein 
[08:23:37] Modify product: Acetyltransferase SACOL1063 => Acetyltransferase
[08:23:37] Modify product: Uncharacterized ABC transporter ATP-binding protein Rv0986 => putative ABC transporter ATP-binding protein
[08:23:37] Modify product: Uncharacterized protein Rv0953c => putative protein
[08:23:37] Modify product: Universal stress protein Rv2005c => Universal stress protein
[08:23:37] Modify product: Sulfurtransferase Alvin_2599 => Sulfurtransferase
[08:23:37] Modify product: Probable nicotinate-nucleotide adenylyltransferase => putative nicotinate-nucleotide adenylyltransferase
[08:23:37] Modify product: Uncharacterized oxidoreductase YjmC => putative oxidoreductase YjmC
[08:23:37] Modify product: Uncharacterized zinc protease Rv2782c => putative zinc protease
[08:23:37] Modify product: Probable dipeptidase PepE => putative dipeptidase PepE
[08:23:37] Modify product: Uncharacterized oxidoreductase YjmC => putative oxidoreductase YjmC
[08:23:37] Modify product: Uncharacterized protein YisK => putative protein YisK
[08:23:37] Modify product: Uncharacterized protein Rv0628c => putative protein
[08:23:37] Modify product: Uncharacterized protein Rv2676c => putative protein
[08:23:37] Modify product: Uncharacterized protein Rv1829 => putative protein
[08:23:37] Modify product: Probable quorum-quenching lactonase YtnP => putative quorum-quenching lactonase YtnP
[08:23:37] Modify product: Protease HtpX homolog => Protease HtpX 
[08:23:37] Modify product: Probable methylmalonyl-CoA mutase large subunit => putative methylmalonyl-CoA mutase large subunit
[08:23:37] Modify product: Probable metallo-hydrolase YflN => putative metallo-hydrolase YflN
[08:23:37] Modify product: Probable D,D-dipeptide transport system permease protein DdpC => putative D,D-dipeptide transport system permease protein DdpC
[08:23:37] Modify product: Uncharacterized protein YcbX => putative protein YcbX
[08:23:37] Modify product: Probable molybdenum cofactor guanylyltransferase => putative molybdenum cofactor guanylyltransferase
[08:23:37] Modify product: Probable nicotinate-nucleotide pyrophosphorylase [carboxylating] => putative nicotinate-nucleotide pyrophosphorylase [carboxylating]
[08:23:37] Modify product: Uncharacterized protein SA1069 => putative protein
[08:23:37] Modify product: Putative hydro-lyase Atu3911 => Putative hydro-lyase
[08:23:37] Modify product: Probable transcriptional regulatory protein CBU_1566 => putative transcriptional regulatory protein
[08:23:37] Modify product: UPF0053 inner membrane protein YfjD => hypothetical protein
[08:23:37] Modify product: Probable enoyl-CoA hydratase echA8 => putative enoyl-CoA hydratase echA8
[08:23:37] Modify product: Probable enoyl-CoA hydratase echA8 => putative enoyl-CoA hydratase echA8
[08:23:37] Modify product: Uncharacterized protein Rv2411c => putative protein
[08:23:37] Modify product: Uncharacterized oxidoreductase SA2266 => putative oxidoreductase
[08:23:37] Modify product: Uncharacterized ABC transporter ATP-binding protein YheS => putative ABC transporter ATP-binding protein YheS
[08:23:38] Modify product: Putative short-chain type dehydrogenase/reductase Rv0148 => Putative short-chain type dehydrogenase/reductase
[08:23:38] Modify product: Putative short-chain type dehydrogenase/reductase Rv0148 => Putative short-chain type dehydrogenase/reductase
[08:23:38] Modify product: Uncharacterized glycosyl hydrolase Rv2006 => putative glycosyl hydrolase
[08:23:38] Modify product: Putative formate dehydrogenase SA2102 => Putative formate dehydrogenase
[08:23:38] Modify product: Uncharacterized protein Rv0953c => putative protein
[08:23:38] Modify product: Uncharacterized protein M6_Spy0233 => putative protein
[08:23:38] Modify product: Probable succinyl-diaminopimelate desuccinylase => putative succinyl-diaminopimelate desuccinylase
[08:23:38] Modify product: Deacetylase Atu3266 => Deacetylase
[08:23:38] Modify product: Uncharacterized protein YisK => putative protein YisK
[08:23:38] Modify product: Uncharacterized protein Rv0953c => putative protein
[08:23:38] Modify product: Uncharacterized protein Rv0738 => putative protein
[08:23:38] Modify product: UPF0047 protein Rv2556c => hypothetical protein
[08:23:38] Modify product: UPF0754 membrane protein SA1664 => hypothetical protein
[08:23:38] Modify product: Uncharacterized protein YqeN => putative protein YqeN
[08:23:38] Modify product: Chemotaxis protein CheY homolog => Chemotaxis protein CheY 
[08:23:38] Modify product: Probable serine/threonine-protein kinase PkwA => putative serine/threonine-protein kinase PkwA
[08:23:38] Modify product: Probable D,D-dipeptide transport system permease protein DdpC => putative D,D-dipeptide transport system permease protein DdpC
[08:23:38] Modify product: Deacetylase Atu3266 => Deacetylase
[08:23:38] Modify product: F420H(2)-dependent reductase Rv1155 => F420H(2)-dependent reductase
[08:23:38] Modify product: Uncharacterized protein HI_1163 => putative protein
[08:23:38] Modify product: Putative transport protein Rv0205 => Putative transport protein
[08:23:38] Modify product: GTP-binding protein TypA/BipA homolog => GTP-binding protein TypA/BipA 
[08:23:38] Modify product: Uncharacterized protein Rv2411c => putative protein
[08:23:38] Modify product: Uncharacterized protein HI_0073 => putative protein
[08:23:38] Modify product: Uncharacterized protein HI_0074 => putative protein
[08:23:38] Modify product: Putative multidrug export ATP-binding/permease protein SAV1866 => Putative multidrug export ATP-binding/permease protein
[08:23:38] Modify product: Uncharacterized ABC transporter ATP-binding protein TM_0288 => putative ABC transporter ATP-binding protein
[08:23:38] Modify product: Probable succinyl-CoA:3-ketoacid coenzyme A transferase subunit B => putative succinyl-CoA:3-ketoacid coenzyme A transferase subunit B
[08:23:38] Modify product: Probable succinyl-CoA:3-ketoacid coenzyme A transferase subunit A => putative succinyl-CoA:3-ketoacid coenzyme A transferase subunit A
[08:23:38] Modify product: Probable adenylyl-sulfate kinase => putative adenylyl-sulfate kinase
[08:23:38] Modify product: Putative coenzyme F420-dependent oxidoreductase Rv3520c => Putative coenzyme F420-dependent oxidoreductase
[08:23:38] Modify product: Uncharacterized protein Rv0959 => putative protein
[08:23:38] Modify product: Uncharacterized protein YccU => putative protein YccU
[08:23:38] Modify product: Uncharacterized protein NMB0459 => putative protein
[08:23:38] Modify product: Uncharacterized protein YisK => putative protein YisK
[08:23:38] Modify product: Uncharacterized protein Rv2715 => putative protein
[08:23:38] Modify product: Probable alcohol dehydrogenase adh => putative alcohol dehydrogenase adh
[08:23:38] Modify product: Putative multidrug export ATP-binding/permease protein SAV1866 => Putative multidrug export ATP-binding/permease protein
[08:23:38] Modify product: Protein aq_1857 => Protein
[08:23:38] Modify product: Uncharacterized protein Rv2915c => putative protein
[08:23:38] Modify product: Probable glycine dehydrogenase (decarboxylating) subunit 1 => putative glycine dehydrogenase (decarboxylating) subunit 1
[08:23:38] Modify product: Probable glycine dehydrogenase (decarboxylating) subunit 2 => putative glycine dehydrogenase (decarboxylating) subunit 2
[08:23:38] Modify product: Probable triacylglyceride transporter Rv1410c => putative triacylglyceride transporter
[08:23:38] Modify product: Probable cardiolipin synthase YwiE => putative cardiolipin synthase YwiE
[08:23:38] Modify product: Probable quorum-quenching lactonase YtnP => putative quorum-quenching lactonase YtnP
[08:23:38] Modify product: Uncharacterized protein HI_0073 => putative protein
[08:23:38] Modify product: Universal stress protein MSMEG_3950/MSMEI_3859 => Universal stress protein/MSMEI_3859
[08:23:38] Modify product: Uncharacterized oxidoreductase MSMEG_1603/MSMEI_1564 => putative oxidoreductase/MSMEI_1564
[08:23:38] Modify product: Uncharacterized protein Rv2913c => putative protein
[08:23:38] Modify product: Uncharacterized protein HI_0073 => putative protein
[08:23:38] Modify product: Probable tartrate dehydrogenase/decarboxylase TtuC' => putative tartrate dehydrogenase/decarboxylase TtuC'
[08:23:38] Modify product: Uncharacterized ABC transporter ATP-binding protein Rv1281c => putative ABC transporter ATP-binding protein
[08:23:38] Modify product: UPF0761 membrane protein YihY => hypothetical protein
[08:23:38] Modify product: Uncharacterized protein Rv1360 => putative protein
[08:23:38] Modify product: Phage shock protein A homolog => Phage shock protein A 
[08:23:38] Modify product: Bifunctional protein FolD => Bifunctional protein FolD protein
[08:23:38] Modify product: Virulence protein STM3117 => Virulence protein
[08:23:38] Modify product: Uncharacterized metallophosphoesterase YhaO => putative metallophosphoesterase YhaO
[08:23:38] Modify product: Cyclic di-GMP phosphodiesterase TM_0186 => Cyclic di-GMP phosphodiesterase
[08:23:38] Modify product: Uncharacterized protein YqeY => putative protein YqeY
[08:23:38] Modify product: Virulence protein STM3117 => Virulence protein
[08:23:38] Modify product: Virulence protein STM3117 => Virulence protein
[08:23:38] Modify product: Probable GTPase Rv1496 => putative GTPase
[08:23:38] Modify product: Uncharacterized protein Rv2850c => putative protein
[08:23:38] Modify product: Putative coenzyme F420-dependent oxidoreductase Rv3520c => Putative coenzyme F420-dependent oxidoreductase
[08:23:38] Modify product: Phosphate-specific transport system accessory protein PhoU homolog => Phosphate-specific transport system accessory protein PhoU 
[08:23:38] Modify product: Uncharacterized FAD-linked oxidoreductase Rv2280 => putative FAD-linked oxidoreductase
[08:23:38] Modify product: Probable multidrug ABC transporter permease YbhS => putative multidrug ABC transporter permease YbhS
[08:23:38] Modify product: F420H(2)-dependent reductase Rv1155 => F420H(2)-dependent reductase
[08:23:38] Modify product: Uncharacterized protein Rv0953c => putative protein
[08:23:38] Modify product: Uncharacterized protein YisK => putative protein YisK
[08:23:38] Modify product: Probable iron-sulfur-binding oxidoreductase FadF => putative iron-sulfur-binding oxidoreductase FadF
[08:23:38] Modify product: Uncharacterized protein Rv2307c => putative protein
[08:23:38] Modify product: Probable enoyl-CoA hydratase echA12 => putative enoyl-CoA hydratase echA12
[08:23:38] Modify product: Probable succinyl-diaminopimelate desuccinylase => putative succinyl-diaminopimelate desuccinylase
[08:23:38] Modify product: Nucleoid-associated protein Cthe_2143 => Nucleoid-associated protein
[08:23:38] Modify product: Uncharacterized metal-dependent hydrolase YcfH => putative metal-dependent hydrolase YcfH
[08:23:38] Modify product: Probable ATP-dependent transporter SufC => putative ATP-dependent transporter SufC
[08:23:38] Modify product: Uncharacterized aminopeptidase Rv1333 => putative aminopeptidase
[08:23:38] Modify product: Probable ABC transporter phosphite binding protein PhnD1 => putative ABC transporter phosphite binding protein PhnD1
[08:23:38] Modify product: Uncharacterized protein Rv0953c => putative protein
[08:23:38] Modify product: F420H(2)-dependent quinone reductase Rv1558 => F420H(2)-dependent quinone reductase
[08:23:38] Modify product: Probable adenylyltransferase/sulfurtransferase MoeZ => putative adenylyltransferase/sulfurtransferase MoeZ
[08:23:38] Modify product: Probable enoyl-CoA hydratase echA8 => putative enoyl-CoA hydratase echA8
[08:23:38] Modify product: Probable peptidyl-prolyl cis-trans isomerase B => putative peptidyl-prolyl cis-trans isomerase B
[08:23:38] Modify product: Probable xanthine dehydrogenase subunit A => putative xanthine dehydrogenase subunit A
[08:23:38] Modify product: Putative formate dehydrogenase SA2102 => Putative formate dehydrogenase
[08:23:38] Cleaned 119 /product names
[08:23:38] Deleting unwanted file: ../../Data/Chen_Analysis/Prokka/Bacteria/GOMC.bin.12228/GOMC.bin.12228.sprot.tmp.3246147.faa
[08:23:38] Deleting unwanted file: ../../Data/Chen_Analysis/Prokka/Bacteria/GOMC.bin.12228/GOMC.bin.12228.sprot.tmp.3246147.blast
[08:23:38] There are still 2147 unannotated CDS left (started with 3558)
[08:23:38] Will use hmmer3 to search against /home/joao_facio/miniconda3/envs/prokka/db/hmm/HAMAP.hmm with 4 CPUs
[08:23:38] Running: cat \.\.\/\.\.\/Data\/Chen_Analysis\/Prokka\/Bacteria\/GOMC\.bin\.12228\/GOMC\.bin\.12228\.HAMAP\.hmm\.tmp\.3246147\.faa | parallel --gnu --plain -j 4 --block 73277 --recstart '>' --pipe hmmscan --noali --notextw --acc -E 1e-09 --cpu 1 /home/joao_facio/miniconda3/envs/prokka/db/hmm/HAMAP.hmm /dev/stdin > \.\.\/\.\.\/Data\/Chen_Analysis\/Prokka\/Bacteria\/GOMC\.bin\.12228\/GOMC\.bin\.12228\.HAMAP\.hmm\.tmp\.3246147\.hmmer3 2> /dev/null
[08:23:53] Modify product: Uncharacterized MFS-type transporter YcaD => putative MFS-type transporter YcaD
[08:23:53] Modify product: Uncharacterized Nudix hydrolase NudL => putative Nudix hydrolase NudL
[08:23:53] Cleaned 2 /product names
[08:23:53] Deleting unwanted file: ../../Data/Chen_Analysis/Prokka/Bacteria/GOMC.bin.12228/GOMC.bin.12228.HAMAP.hmm.tmp.3246147.faa
[08:23:53] Deleting unwanted file: ../../Data/Chen_Analysis/Prokka/Bacteria/GOMC.bin.12228/GOMC.bin.12228.HAMAP.hmm.tmp.3246147.hmmer3
[08:23:53] Labelling remaining 1872 proteins as 'hypothetical protein'
[08:23:53] Possible /pseudo 'Cytosol aminopeptidase' at k63_41987 position 53733
[08:23:53] Possible /pseudo 'Thymidylate kinase' at k63_41987 position 80737
[08:23:53] Possible /pseudo 'Methionine synthase' at k63_41987 position 85074
[08:23:53] Possible /pseudo 'ATP-dependent Clp protease proteolytic subunit' at k63_41987 position 143000
[08:23:53] Possible /pseudo 'Putative short-chain type dehydrogenase/reductase' at k63_42181 position 17873
[08:23:53] Possible /pseudo 'putative protein' at k63_42181 position 56990
[08:23:53] Possible /pseudo 'putative protein' at k63_42181 position 140373
[08:23:53] Possible /pseudo 'Toxin RTX-I translocation ATP-binding protein' at k63_3833 position 18544
[08:23:53] Possible /pseudo 'Nitrile hydratase subunit beta' at k63_87559 position 94531
[08:23:53] Possible /pseudo 'Carboxymethylenebutenolidase' at k63_286010 position 39770
[08:23:53] Possible /pseudo '15-cis-phytoene synthase' at k63_286010 position 62847
[08:23:53] Possible /pseudo '2-keto-4-carboxy-3-hexenedioate hydratase' at k63_491713 position 3087
[08:23:53] Possible /pseudo 'F420-dependent glucose-6-phosphate dehydrogenase' at k63_17137 position 6442
[08:23:53] Possible /pseudo '2,3-dihydroxyphenylpropionate/2,3-dihydroxicinnamic acid 1,2-dioxygenase' at k63_17276 position 4723
[08:23:53] Possible /pseudo 'Succinyl-CoA--L-malate CoA-transferase beta subunit' at k63_138310 position 44724
[08:23:53] Possible /pseudo 'ADP-ribose pyrophosphatase' at k63_22425 position 22768
[08:23:53] Possible /pseudo 'Virulence protein' at k63_186746 position 61609
[08:23:53] Possible /pseudo '2-dehydro-3-deoxy-D-gluconate 5-dehydrogenase' at k63_186746 position 113726
[08:23:53] Possible /pseudo 'Manganese transport system membrane protein MntB' at k63_467842 position 5644
[08:23:53] Possible /pseudo 'Zinc-dependent sulfurtransferase SufU' at k63_467842 position 72779
[08:23:53] Found 986 unique /gene codes.
[08:23:53] Fixed 2 duplicate /gene - alaS_1 alaS_2
[08:23:53] Fixed 2 duplicate /gene - rsrIM_1 rsrIM_2
[08:23:53] Fixed 2 duplicate /gene - ycdF_1 ycdF_2
[08:23:53] Fixed 2 duplicate /gene - lutA_1 lutA_2
[08:23:53] Fixed 4 duplicate /gene - kduD_1 kduD_2 kduD_3 kduD_4
[08:23:53] Fixed 2 duplicate /gene - nuoL_1 nuoL_2
[08:23:53] Fixed 3 duplicate /gene - ptlI_1 ptlI_2 ptlI_3
[08:23:53] Fixed 3 duplicate /gene - ttuD_1 ttuD_2 ttuD_3
[08:23:53] Fixed 2 duplicate /gene - nfdA_1 nfdA_2
[08:23:53] Fixed 7 duplicate /gene - gnl_1 gnl_2 gnl_3 gnl_4 gnl_5 gnl_6 gnl_7
[08:23:53] Fixed 3 duplicate /gene - degU_1 degU_2 degU_3
[08:23:53] Fixed 2 duplicate /gene - ytnP_1 ytnP_2
[08:23:53] Fixed 2 duplicate /gene - ansZ_1 ansZ_2
[08:23:53] Fixed 2 duplicate /gene - perR_1 perR_2
[08:23:53] Fixed 3 duplicate /gene - hmp_1 hmp_2 hmp_3
[08:23:53] Fixed 2 duplicate /gene - ndhK_1 ndhK_2
[08:23:53] Fixed 2 duplicate /gene - xerC_1 xerC_2
[08:23:53] Fixed 3 duplicate /gene - mmgC_1 mmgC_2 mmgC_3
[08:23:53] Fixed 3 duplicate /gene - thrC_1 thrC_2 thrC_3
[08:23:53] Fixed 5 duplicate /gene - resA_1 resA_2 resA_3 resA_4 resA_5
[08:23:53] Fixed 4 duplicate /gene - dcd_1 dcd_2 dcd_3 dcd_4
[08:23:53] Fixed 2 duplicate /gene - axeA_1 axeA_2
[08:23:53] Fixed 4 duplicate /gene - COQ5_1 COQ5_2 COQ5_3 COQ5_4
[08:23:53] Fixed 3 duplicate /gene - mdlC_1 mdlC_2 mdlC_3
[08:23:53] Fixed 2 duplicate /gene - cpdA_1 cpdA_2
[08:23:53] Fixed 2 duplicate /gene - ywqF_1 ywqF_2
[08:23:53] Fixed 2 duplicate /gene - sufU_1 sufU_2
[08:23:53] Fixed 5 duplicate /gene - plsY_1 plsY_2 plsY_3 plsY_4 plsY_5
[08:23:53] Fixed 2 duplicate /gene - cmtAb_1 cmtAb_2
[08:23:53] Fixed 2 duplicate /gene - tolB_1 tolB_2
[08:23:53] Fixed 3 duplicate /gene - swrC_1 swrC_2 swrC_3
[08:23:53] Fixed 2 duplicate /gene - eno_1 eno_2
[08:23:53] Fixed 5 duplicate /gene - ywrD_1 ywrD_2 ywrD_3 ywrD_4 ywrD_5
[08:23:53] Fixed 2 duplicate /gene - cinA_1 cinA_2
[08:23:53] Fixed 2 duplicate /gene - glmS_1 glmS_2
[08:23:53] Fixed 2 duplicate /gene - cbiF_1 cbiF_2
[08:23:53] Fixed 3 duplicate /gene - pgl_1 pgl_2 pgl_3
[08:23:53] Fixed 2 duplicate /gene - apxIB_1 apxIB_2
[08:23:53] Fixed 2 duplicate /gene - bpoC_1 bpoC_2
[08:23:53] Fixed 2 duplicate /gene - glnB_1 glnB_2
[08:23:53] Fixed 2 duplicate /gene - speH_1 speH_2
[08:23:53] Fixed 2 duplicate /gene - mdrP_1 mdrP_2
[08:23:53] Fixed 2 duplicate /gene - dpnA_1 dpnA_2
[08:23:53] Fixed 2 duplicate /gene - hutI_1 hutI_2
[08:23:53] Fixed 3 duplicate /gene - cmk_1 cmk_2 cmk_3
[08:23:53] Fixed 3 duplicate /gene - ribZ_1 ribZ_2 ribZ_3
[08:23:53] Fixed 4 duplicate /gene - moaA_1 moaA_2 moaA_3 moaA_4
[08:23:53] Fixed 2 duplicate /gene - nrgA_1 nrgA_2
[08:23:53] Fixed 2 duplicate /gene - bioI_1 bioI_2
[08:23:53] Fixed 4 duplicate /gene - dnaJ_1 dnaJ_2 dnaJ_3 dnaJ_4
[08:23:53] Fixed 2 duplicate /gene - hdc_1 hdc_2
[08:23:53] Fixed 2 duplicate /gene - bmr3_1 bmr3_2
[08:23:53] Fixed 2 duplicate /gene - ilvE_1 ilvE_2
[08:23:53] Fixed 2 duplicate /gene - ndhB_1 ndhB_2
[08:23:53] Fixed 2 duplicate /gene - cutM_1 cutM_2
[08:23:53] Fixed 2 duplicate /gene - scoB_1 scoB_2
[08:23:53] Fixed 2 duplicate /gene - iolG_1 iolG_2
[08:23:53] Fixed 2 duplicate /gene - adh_1 adh_2
[08:23:53] Fixed 2 duplicate /gene - pyrC_1 pyrC_2
[08:23:53] Fixed 2 duplicate /gene - nth_1 nth_2
[08:23:53] Fixed 2 duplicate /gene - gcvT_1 gcvT_2
[08:23:53] Fixed 2 duplicate /gene - acsA_1 acsA_2
[08:23:53] Fixed 8 duplicate /gene - uctC_1 uctC_2 uctC_3 uctC_4 uctC_5 uctC_6 uctC_7 uctC_8
[08:23:53] Fixed 3 duplicate /gene - polS_1 polS_2 polS_3
[08:23:53] Fixed 7 duplicate /gene - bamB_1 bamB_2 bamB_3 bamB_4 bamB_5 bamB_6 bamB_7
[08:23:53] Fixed 2 duplicate /gene - aspC_1 aspC_2
[08:23:53] Fixed 2 duplicate /gene - bphE_1 bphE_2
[08:23:53] Fixed 4 duplicate /gene - citE_1 citE_2 citE_3 citE_4
[08:23:53] Fixed 2 duplicate /gene - frc_1 frc_2
[08:23:53] Fixed 3 duplicate /gene - ilvB_1 ilvB_2 ilvB_3
[08:23:53] Fixed 2 duplicate /gene - nqo4_1 nqo4_2
[08:23:53] Fixed 2 duplicate /gene - ndhC_1 ndhC_2
[08:23:53] Fixed 3 duplicate /gene - ligJ_1 ligJ_2 ligJ_3
[08:23:53] Fixed 3 duplicate /gene - Hgd_1 Hgd_2 Hgd_3
[08:23:53] Fixed 2 duplicate /gene - bshB1_1 bshB1_2
[08:23:53] Fixed 2 duplicate /gene - thiE_1 thiE_2
[08:23:53] Fixed 2 duplicate /gene - menB_1 menB_2
[08:23:53] Fixed 4 duplicate /gene - hmo_1 hmo_2 hmo_3 hmo_4
[08:23:53] Fixed 2 duplicate /gene - lnrL_1 lnrL_2
[08:23:53] Fixed 2 duplicate /gene - opd_1 opd_2
[08:23:53] Fixed 4 duplicate /gene - rutD_1 rutD_2 rutD_3 rutD_4
[08:23:53] Fixed 4 duplicate /gene - yisK_1 yisK_2 yisK_3 yisK_4
[08:23:53] Fixed 3 duplicate /gene - nikB_1 nikB_2 nikB_3
[08:23:53] Fixed 5 duplicate /gene - mntB_1 mntB_2 mntB_3 mntB_4 mntB_5
[08:23:53] Fixed 2 duplicate /gene - yrdA_1 yrdA_2
[08:23:53] Fixed 2 duplicate /gene - nadE_1 nadE_2
[08:23:53] Fixed 2 duplicate /gene - hpcH_1 hpcH_2
[08:23:53] Fixed 2 duplicate /gene - bacG_1 bacG_2
[08:23:53] Fixed 2 duplicate /gene - dhmA_1 dhmA_2
[08:23:53] Fixed 2 duplicate /gene - hcaE_1 hcaE_2
[08:23:53] Fixed 16 duplicate /gene - betA_1 betA_2 betA_3 betA_4 betA_5 betA_6 betA_7 betA_8 betA_9 betA_10 betA_11 betA_12 betA_13 betA_14 betA_15 betA_16
[08:23:53] Fixed 6 duplicate /gene - crt_1 crt_2 crt_3 crt_4 crt_5 crt_6
[08:23:53] Fixed 2 duplicate /gene - metE_1 metE_2
[08:23:53] Fixed 2 duplicate /gene - lvr_1 lvr_2
[08:23:53] Fixed 2 duplicate /gene - moeA_1 moeA_2
[08:23:53] Fixed 2 duplicate /gene - btuF_1 btuF_2
[08:23:53] Fixed 2 duplicate /gene - mqnA_1 mqnA_2
[08:23:53] Fixed 11 duplicate /gene - gsiC_1 gsiC_2 gsiC_3 gsiC_4 gsiC_5 gsiC_6 gsiC_7 gsiC_8 gsiC_9 gsiC_10 gsiC_11
[08:23:53] Fixed 2 duplicate /gene - msuD_1 msuD_2
[08:23:53] Fixed 23 duplicate /gene - fgd_1 fgd_2 fgd_3 fgd_4 fgd_5 fgd_6 fgd_7 fgd_8 fgd_9 fgd_10 fgd_11 fgd_12 fgd_13 fgd_14 fgd_15 fgd_16 fgd_17 fgd_18 fgd_19 fgd_20 fgd_21 fgd_22 fgd_23
[08:23:53] Fixed 3 duplicate /gene - catD_1 catD_2 catD_3
[08:23:53] Fixed 2 duplicate /gene - dan_1 dan_2
[08:23:53] Fixed 2 duplicate /gene - metH_1 metH_2
[08:23:53] Fixed 2 duplicate /gene - fusA_1 fusA_2
[08:23:53] Fixed 2 duplicate /gene - gdhI_1 gdhI_2
[08:23:53] Fixed 2 duplicate /gene - cysG_1 cysG_2
[08:23:53] Fixed 2 duplicate /gene - secA_1 secA_2
[08:23:53] Fixed 2 duplicate /gene - cocE_1 cocE_2
[08:23:53] Fixed 3 duplicate /gene - tgnB_1 tgnB_2 tgnB_3
[08:23:53] Fixed 4 duplicate /gene - gph_1 gph_2 gph_3 gph_4
[08:23:53] Fixed 4 duplicate /gene - msrP_1 msrP_2 msrP_3 msrP_4
[08:23:53] Fixed 8 duplicate /gene - limB_1 limB_2 limB_3 limB_4 limB_5 limB_6 limB_7 limB_8
[08:23:53] Fixed 11 duplicate /gene - sasA_1 sasA_2 sasA_3 sasA_4 sasA_5 sasA_6 sasA_7 sasA_8 sasA_9 sasA_10 sasA_11
[08:23:53] Fixed 2 duplicate /gene - livF_1 livF_2
[08:23:53] Fixed 2 duplicate /gene - dnaA_1 dnaA_2
[08:23:53] Fixed 2 duplicate /gene - pcm_1 pcm_2
[08:23:53] Fixed 3 duplicate /gene - mshB_1 mshB_2 mshB_3
[08:23:53] Fixed 4 duplicate /gene - hcf136_1 hcf136_2 hcf136_3 hcf136_4
[08:23:53] Fixed 2 duplicate /gene - cah_1 cah_2
[08:23:53] Fixed 6 duplicate /gene - ilvI_1 ilvI_2 ilvI_3 ilvI_4 ilvI_5 ilvI_6
[08:23:53] Fixed 3 duplicate /gene - echA8_1 echA8_2 echA8_3
[08:23:53] Fixed 2 duplicate /gene - cysC_1 cysC_2
[08:23:53] Fixed 2 duplicate /gene - bfmBAB_1 bfmBAB_2
[08:23:53] Fixed 3 duplicate /gene - tmk_1 tmk_2 tmk_3
[08:23:53] Fixed 4 duplicate /gene - menH_1 menH_2 menH_3 menH_4
[08:23:53] Fixed 2 duplicate /gene - apc3_1 apc3_2
[08:23:53] Fixed 2 duplicate /gene - ideR_1 ideR_2
[08:23:53] Fixed 2 duplicate /gene - linX_1 linX_2
[08:23:53] Fixed 3 duplicate /gene - pgdA_1 pgdA_2 pgdA_3
[08:23:53] Fixed 7 duplicate /gene - btuD_1 btuD_2 btuD_3 btuD_4 btuD_5 btuD_6 btuD_7
[08:23:53] Fixed 2 duplicate /gene - fadD3_1 fadD3_2
[08:23:53] Fixed 20 duplicate /gene - luxA_1 luxA_2 luxA_3 luxA_4 luxA_5 luxA_6 luxA_7 luxA_8 luxA_9 luxA_10 luxA_11 luxA_12 luxA_13 luxA_14 luxA_15 luxA_16 luxA_17 luxA_18 luxA_19 luxA_20
[08:23:53] Fixed 3 duplicate /gene - pksS_1 pksS_2 pksS_3
[08:23:53] Fixed 3 duplicate /gene - Dml_1 Dml_2 Dml_3
[08:23:53] Fixed 2 duplicate /gene - pepA_1 pepA_2
[08:23:53] Fixed 4 duplicate /gene - dddD_1 dddD_2 dddD_3 dddD_4
[08:23:53] Fixed 5 duplicate /gene - bluB_1 bluB_2 bluB_3 bluB_4 bluB_5
[08:23:53] Fixed 9 duplicate /gene - ssuD_1 ssuD_2 ssuD_3 ssuD_4 ssuD_5 ssuD_6 ssuD_7 ssuD_8 ssuD_9
[08:23:53] Fixed 5 duplicate /gene - vgb_1 vgb_2 vgb_3 vgb_4 vgb_5
[08:23:53] Fixed 2 duplicate /gene - lsrG_1 lsrG_2
[08:23:53] Fixed 3 duplicate /gene - recF_1 recF_2 recF_3
[08:23:53] Fixed 4 duplicate /gene - garR_1 garR_2 garR_3 garR_4
[08:23:53] Fixed 2 duplicate /gene - groS_1 groS_2
[08:23:53] Fixed 2 duplicate /gene - acoA_1 acoA_2
[08:23:53] Fixed 2 duplicate /gene - opuE_1 opuE_2
[08:23:53] Fixed 4 duplicate /gene - thiO_1 thiO_2 thiO_3 thiO_4
[08:23:53] Fixed 2 duplicate /gene - fdxA_1 fdxA_2
[08:23:53] Fixed 4 duplicate /gene - xsc_1 xsc_2 xsc_3 xsc_4
[08:23:53] Fixed 2 duplicate /gene - gfo_1 gfo_2
[08:23:53] Fixed 2 duplicate /gene - yhdW_1 yhdW_2
[08:23:53] Fixed 2 duplicate /gene - trxB_1 trxB_2
[08:23:53] Fixed 2 duplicate /gene - ddpC_1 ddpC_2
[08:23:53] Fixed 10 duplicate /gene - gsiD_1 gsiD_2 gsiD_3 gsiD_4 gsiD_5 gsiD_6 gsiD_7 gsiD_8 gsiD_9 gsiD_10
[08:23:53] Fixed 2 duplicate /gene - catE_1 catE_2
[08:23:53] Fixed 10 duplicate /gene - bbsE_1 bbsE_2 bbsE_3 bbsE_4 bbsE_5 bbsE_6 bbsE_7 bbsE_8 bbsE_9 bbsE_10
[08:23:53] Fixed 2 duplicate /gene - bhbA_1 bhbA_2
[08:23:53] Fixed 3 duplicate /gene - ghrB_1 ghrB_2 ghrB_3
[08:23:53] Fixed 2 duplicate /gene - rppH_1 rppH_2
[08:23:53] Fixed 2 duplicate /gene - prpD2_1 prpD2_2
[08:23:53] Fixed 7 duplicate /gene - hcrA_1 hcrA_2 hcrA_3 hcrA_4 hcrA_5 hcrA_6 hcrA_7
[08:23:53] Fixed 2 duplicate /gene - clpP_1 clpP_2
[08:23:53] Fixed 8 duplicate /gene - gatA_1 gatA_2 gatA_3 gatA_4 gatA_5 gatA_6 gatA_7 gatA_8
[08:23:53] Fixed 4 duplicate /gene - mhpB_1 mhpB_2 mhpB_3 mhpB_4
[08:23:53] Fixed 4 duplicate /gene - garL_1 garL_2 garL_3 garL_4
[08:23:53] Fixed 4 duplicate /gene - clcD_1 clcD_2 clcD_3 clcD_4
[08:23:53] Fixed 7 duplicate /gene - smtB_1 smtB_2 smtB_3 smtB_4 smtB_5 smtB_6 smtB_7
[08:23:53] Fixed 7 duplicate /gene - oppD_1 oppD_2 oppD_3 oppD_4 oppD_5 oppD_6 oppD_7
[08:23:53] Fixed 2 duplicate /gene - rihA_1 rihA_2
[08:23:53] Fixed 2 duplicate /gene - amdA_1 amdA_2
[08:23:53] Fixed 2 duplicate /gene - nudF_1 nudF_2
[08:23:53] Fixed 2 duplicate /gene - atpH_1 atpH_2
[08:23:53] Fixed 2 duplicate /gene - fbpA_1 fbpA_2
[08:23:53] Fixed 2 duplicate /gene - rnz_1 rnz_2
[08:23:53] Fixed 2 duplicate /gene - ucpA_1 ucpA_2
[08:23:53] Fixed 5 duplicate /gene - hsaA_1 hsaA_2 hsaA_3 hsaA_4 hsaA_5
[08:23:53] Fixed 4 duplicate /gene - nudC_1 nudC_2 nudC_3 nudC_4
[08:23:53] Fixed 2 duplicate /gene - dapE_1 dapE_2
[08:23:53] Fixed 2 duplicate /gene - polA_1 polA_2
[08:23:53] Fixed 10 duplicate /gene - fabG_1 fabG_2 fabG_3 fabG_4 fabG_5 fabG_6 fabG_7 fabG_8 fabG_9 fabG_10
[08:23:53] Fixed 5 duplicate /gene - dppC_1 dppC_2 dppC_3 dppC_4 dppC_5
[08:23:53] Fixed 2 duplicate /gene - dinB_1 dinB_2
[08:23:53] Fixed 2 duplicate /gene - fucO_1 fucO_2
[08:23:53] Fixed 2 duplicate /gene - atzA_1 atzA_2
[08:23:53] Fixed 2 duplicate /gene - mfd_1 mfd_2
[08:23:53] Fixed 2 duplicate /gene - ndhD1_1 ndhD1_2
[08:23:53] Fixed 2 duplicate /gene - mshA_1 mshA_2
[08:23:53] Fixed 2 duplicate /gene - ndhJ_1 ndhJ_2
[08:23:53] Fixed 2 duplicate /gene - amiE_1 amiE_2
[08:23:53] Fixed 2 duplicate /gene - cutS_1 cutS_2
[08:23:53] Fixed 2 duplicate /gene - nthB_1 nthB_2
[08:23:53] Fixed 10 duplicate /gene - bbsF_1 bbsF_2 bbsF_3 bbsF_4 bbsF_5 bbsF_6 bbsF_7 bbsF_8 bbsF_9 bbsF_10
[08:23:53] Fixed 4 duplicate /gene - lysN_1 lysN_2 lysN_3 lysN_4
[08:23:53] Fixed 11 duplicate /gene - cpnA_1 cpnA_2 cpnA_3 cpnA_4 cpnA_5 cpnA_6 cpnA_7 cpnA_8 cpnA_9 cpnA_10 cpnA_11
[08:23:53] Fixed 2 duplicate /gene - iscS_1 iscS_2
[08:23:53] Fixed 2 duplicate /gene - thiL_1 thiL_2
[08:23:53] Fixed 2 duplicate /gene - soxA_1 soxA_2
[08:23:53] Fixed 8 duplicate /gene - entS_1 entS_2 entS_3 entS_4 entS_5 entS_6 entS_7 entS_8
[08:23:53] Fixed 2 duplicate /gene - addA_1 addA_2
[08:23:53] Fixed 3 duplicate /gene - amiD_1 amiD_2 amiD_3
[08:23:53] Fixed 2 duplicate /gene - smc_1 smc_2
[08:23:53] Fixed 6 duplicate /gene - dppB_1 dppB_2 dppB_3 dppB_4 dppB_5 dppB_6
[08:23:53] Fixed 2 duplicate /gene - yjmC_1 yjmC_2
[08:23:53] Fixed 4 duplicate /gene - oppF_1 oppF_2 oppF_3 oppF_4
[08:23:53] Fixed 2 duplicate /gene - lptB_1 lptB_2
[08:23:53] Fixed 2 duplicate /gene - yhdN_1 yhdN_2
[08:23:53] Fixed 5 duplicate /gene - ycf3_1 ycf3_2 ycf3_3 ycf3_4 ycf3_5
[08:23:53] Fixed 2 duplicate /gene - fabF_1 fabF_2
[08:23:53] Fixed 2 duplicate /gene - pspA_1 pspA_2
[08:23:53] Fixed 2 duplicate /gene - dgaE_1 dgaE_2
[08:23:53] Fixed 2 duplicate /gene - tenA_1 tenA_2
[08:23:53] Fixed 4 duplicate /gene - hemL_1 hemL_2 hemL_3 hemL_4
[08:23:53] Fixed 4 duplicate /gene - bicA_1 bicA_2 bicA_3 bicA_4
[08:23:53] Fixed 2 duplicate /gene - crtB_1 crtB_2
[08:23:53] Fixed 2 duplicate /gene - mhpC_1 mhpC_2
[08:23:53] Fixed 2 duplicate /gene - yecD_1 yecD_2
[08:23:53] Fixed 2 duplicate /gene - cobD_1 cobD_2
[08:23:53] Fixed 3 duplicate /gene - groL_1 groL_2 groL_3
[08:23:53] Fixed 217 colliding /gene names.
[08:23:53] Adding /locus_tag identifiers
[08:23:53] Assigned 3604 locus_tags to CDS and RNA features.
[08:23:53] Writing outputs to ../../Data/Chen_Analysis/Prokka/Bacteria/GOMC.bin.12228/
[08:23:54] Generating annotation statistics file
[08:23:54] Generating Genbank and Sequin files
[08:23:54] Running: tbl2asn -V b -a r10k -l paired-ends -M n -N 1 -y 'Annotated using prokka 1.14.6 from https://github.com/tseemann/prokka' -Z \.\.\/\.\.\/Data\/Chen_Analysis\/Prokka\/Bacteria\/GOMC\.bin\.12228\/GOMC\.bin\.12228\.err -i \.\.\/\.\.\/Data\/Chen_Analysis\/Prokka\/Bacteria\/GOMC\.bin\.12228\/GOMC\.bin\.12228\.fsa 2> /dev/null
[08:23:57] Deleting unwanted file: ../../Data/Chen_Analysis/Prokka/Bacteria/GOMC.bin.12228/errorsummary.val
[08:23:57] Deleting unwanted file: ../../Data/Chen_Analysis/Prokka/Bacteria/GOMC.bin.12228/GOMC.bin.12228.dr
[08:23:57] Deleting unwanted file: ../../Data/Chen_Analysis/Prokka/Bacteria/GOMC.bin.12228/GOMC.bin.12228.fixedproducts
[08:23:57] Deleting unwanted file: ../../Data/Chen_Analysis/Prokka/Bacteria/GOMC.bin.12228/GOMC.bin.12228.ecn
[08:23:57] Deleting unwanted file: ../../Data/Chen_Analysis/Prokka/Bacteria/GOMC.bin.12228/GOMC.bin.12228.val
[08:23:57] Repairing broken .GBK output that tbl2asn produces...
[08:23:57] Running: sed 's/COORDINATES: profile/COORDINATES:profile/' < \.\.\/\.\.\/Data\/Chen_Analysis\/Prokka\/Bacteria\/GOMC\.bin\.12228\/GOMC\.bin\.12228\.gbf > \.\.\/\.\.\/Data\/Chen_Analysis\/Prokka\/Bacteria\/GOMC\.bin\.12228\/GOMC\.bin\.12228\.gbk
[08:23:57] Deleting unwanted file: ../../Data/Chen_Analysis/Prokka/Bacteria/GOMC.bin.12228/GOMC.bin.12228.gbf
[08:23:57] Output files:
[08:23:57] ../../Data/Chen_Analysis/Prokka/Bacteria/GOMC.bin.12228/GOMC.bin.12228.gff
[08:23:57] ../../Data/Chen_Analysis/Prokka/Bacteria/GOMC.bin.12228/GOMC.bin.12228.fna
[08:23:57] ../../Data/Chen_Analysis/Prokka/Bacteria/GOMC.bin.12228/GOMC.bin.12228.gbk
[08:23:57] ../../Data/Chen_Analysis/Prokka/Bacteria/GOMC.bin.12228/GOMC.bin.12228.sqn
[08:23:57] ../../Data/Chen_Analysis/Prokka/Bacteria/GOMC.bin.12228/GOMC.bin.12228.tbl
[08:23:57] ../../Data/Chen_Analysis/Prokka/Bacteria/GOMC.bin.12228/GOMC.bin.12228.ffn
[08:23:57] ../../Data/Chen_Analysis/Prokka/Bacteria/GOMC.bin.12228/GOMC.bin.12228.err
[08:23:57] ../../Data/Chen_Analysis/Prokka/Bacteria/GOMC.bin.12228/GOMC.bin.12228.log
[08:23:57] ../../Data/Chen_Analysis/Prokka/Bacteria/GOMC.bin.12228/GOMC.bin.12228.txt
[08:23:57] ../../Data/Chen_Analysis/Prokka/Bacteria/GOMC.bin.12228/GOMC.bin.12228.faa
[08:23:57] ../../Data/Chen_Analysis/Prokka/Bacteria/GOMC.bin.12228/GOMC.bin.12228.tsv
[08:23:57] ../../Data/Chen_Analysis/Prokka/Bacteria/GOMC.bin.12228/GOMC.bin.12228.fsa
[08:23:57] Annotation finished successfully.
[08:23:57] Walltime used: 1.58 minutes
[08:23:57] If you use this result please cite the Prokka paper:
[08:23:57] Seemann T (2014) Prokka: rapid prokaryotic genome annotation. Bioinformatics. 30(14):2068-9.
[08:23:57] Type 'prokka --citation' for more details.
[08:23:57] Share and enjoy!
