[08:15:01] This is prokka 1.14.6
[08:15:01] Written by Torsten Seemann <torsten.seemann@gmail.com>
[08:15:01] Homepage is https://github.com/tseemann/prokka
[08:15:01] Local time is Mon Dec  1 08:15:01 2025
[08:15:01] You are joao_facio
[08:15:01] Operating system is linux
[08:15:01] You have BioPerl 1.7.8
[08:15:01] System has 12 cores.
[08:15:01] Will use maximum of 4 cores.
[08:15:01] Annotating as >>> Bacteria <<<
[08:15:01] Generating locus_tag from '/tmp/tmp6gns85ah/GOMC.bin.7088.fa' contents.
[08:15:01] Setting --locustag FNEBDLGG from MD5 f7ebd500d2f20fc4f1b6f6d0d4cee93e
[08:15:01] Creating new output folder: ../../Data/Chen_Analysis/Prokka/Bacteria/GOMC.bin.7088
[08:15:01] Running: mkdir -p \.\.\/\.\.\/Data\/Chen_Analysis\/Prokka\/Bacteria\/GOMC\.bin\.7088
[08:15:01] Using filename prefix: GOMC.bin.7088.XXX
[08:15:01] Setting HMMER_NCPU=1
[08:15:01] Writing log to: ../../Data/Chen_Analysis/Prokka/Bacteria/GOMC.bin.7088/GOMC.bin.7088.log
[08:15:01] Command: /home/joao_facio/miniconda3/envs/prokka/bin/prokka --outdir ../../Data/Chen_Analysis/Prokka/Bacteria/GOMC.bin.7088 --prefix GOMC.bin.7088 --kingdom Bacteria --genus UBA1172 --strain GOMC.bin.7088 --cpus 4 --force /tmp/tmp6gns85ah/GOMC.bin.7088.fa
[08:15:01] Appending to PATH: /home/joao_facio/miniconda3/envs/prokka/bin
[08:15:01] Looking for 'aragorn' - found /home/joao_facio/miniconda3/envs/prokka/bin/aragorn
[08:15:01] Determined aragorn version is 001002 from 'ARAGORN v1.2.41 Dean Laslett'
[08:15:01] Looking for 'barrnap' - found /home/joao_facio/miniconda3/envs/prokka/bin/barrnap
[08:15:01] Determined barrnap version is 000009 from 'barrnap 0.9'
[08:15:01] Looking for 'blastp' - found /home/joao_facio/miniconda3/envs/prokka/bin/blastp
[08:15:02] Determined blastp version is 002016 from 'blastp: 2.16.0+'
[08:15:02] Looking for 'cmpress' - found /home/joao_facio/miniconda3/envs/prokka/bin/cmpress
[08:15:02] Determined cmpress version is 001001 from '# INFERNAL 1.1.5 (Sep 2023)'
[08:15:02] Looking for 'cmscan' - found /home/joao_facio/miniconda3/envs/prokka/bin/cmscan
[08:15:02] Determined cmscan version is 001001 from '# INFERNAL 1.1.5 (Sep 2023)'
[08:15:02] Looking for 'egrep' - found /usr/bin/egrep
[08:15:02] Looking for 'find' - found /usr/bin/find
[08:15:02] Looking for 'grep' - found /usr/bin/grep
[08:15:02] Looking for 'hmmpress' - found /home/joao_facio/miniconda3/envs/prokka/bin/hmmpress
[08:15:02] Determined hmmpress version is 003004 from '# HMMER 3.4 (Aug 2023); http://hmmer.org/'
[08:15:02] Looking for 'hmmscan' - found /home/joao_facio/miniconda3/envs/prokka/bin/hmmscan
[08:15:02] Determined hmmscan version is 003004 from '# HMMER 3.4 (Aug 2023); http://hmmer.org/'
[08:15:02] Looking for 'java' - found /home/joao_facio/miniconda3/envs/prokka/bin/java
[08:15:02] Looking for 'makeblastdb' - found /home/joao_facio/miniconda3/envs/prokka/bin/makeblastdb
[08:15:02] Determined makeblastdb version is 002016 from 'makeblastdb: 2.16.0+'
[08:15:02] Looking for 'minced' - found /home/joao_facio/miniconda3/envs/prokka/bin/minced
[08:15:02] Determined minced version is 004002 from 'minced 0.4.2'
[08:15:02] Looking for 'parallel' - found /home/joao_facio/miniconda3/envs/prokka/bin/parallel
[08:15:02] Determined parallel version is 20251122 from 'GNU parallel 20251122'
[08:15:02] Looking for 'prodigal' - found /home/joao_facio/miniconda3/envs/prokka/bin/prodigal
[08:15:02] Determined prodigal version is 002006 from 'Prodigal V2.6.3: February, 2016'
[08:15:02] Looking for 'prokka-genbank_to_fasta_db' - found /home/joao_facio/miniconda3/envs/prokka/bin/prokka-genbank_to_fasta_db
[08:15:02] Looking for 'sed' - found /usr/bin/sed
[08:15:02] Looking for 'tbl2asn' - found /home/joao_facio/miniconda3/envs/prokka/bin/tbl2asn
[08:15:02] Determined tbl2asn version is 025007 from 'tbl2asn 25.7   arguments:'
[08:15:02] Using genetic code table 11.
[08:15:02] Loading and checking input file: /tmp/tmp6gns85ah/GOMC.bin.7088.fa
[08:15:02] Wrote 458 contigs totalling 1348710 bp.
[08:15:02] Predicting tRNAs and tmRNAs
[08:15:02] Running: aragorn -l -gc11  -w \.\.\/\.\.\/Data\/Chen_Analysis\/Prokka\/Bacteria\/GOMC\.bin\.7088\/GOMC\.bin\.7088\.fna
[08:15:02] 1 tRNA-Phe [6024,6099] 34 (gaa)
[08:15:02] 1 tRNA-Met [894,970] 35 (cat)
[08:15:02] 1 tRNA-Gly [284,357] 33 (ccc)
[08:15:02] 1 tRNA-Asp c[6366,6442] 35 (gtc)
[08:15:02] 1 tRNA-Ser c[1321,1412] 35 (gct)
[08:15:02] 1 tmRNA* [376,727] 223,261 ANDNNAPVAVAA*
[08:15:02] 1 tRNA-Cys [5958,6031] 33 (gca)
[08:15:02] 1 tRNA-Gln [327,401] 33 (ttg)
[08:15:02] 1 tRNA-Lys [923,998] 34 (ttt)
[08:15:02] 1 tRNA-His c[1851,1927] 35 (gtg)
[08:15:02] 1 tRNA-Arg c[2722,2798] 35 (cct)
[08:15:02] 1 tRNA-Thr c[1526,1600] 33 (ggt)
[08:15:02] 1 tRNA-Val [2875,2949] 33 (gac)
[08:15:02] 1 tRNA-Gly c[1293,1367] 33 (gcc)
[08:15:02] 1 tRNA-Leu [769,853] 35 (tag)
[08:15:02] 1 tRNA-Leu c[2567,2653] 35 (taa)
[08:15:02] 1 tRNA-Thr c[4,79] 34 (tgt)
[08:15:02] Found 17 tRNAs
[08:15:02] Predicting Ribosomal RNAs
[08:15:02] Running Barrnap with 4 threads
[08:15:02] Found 0 rRNAs
[08:15:02] Skipping ncRNA search, enable with --rfam if desired.
[08:15:02] Total of 16 tRNA + rRNA features
[08:15:02] Searching for CRISPR repeats
[08:15:02] Found 0 CRISPRs
[08:15:02] Predicting coding sequences
[08:15:02] Contigs total 1348710 bp, so using single mode
[08:15:02] Running: prodigal -i \.\.\/\.\.\/Data\/Chen_Analysis\/Prokka\/Bacteria\/GOMC\.bin\.7088\/GOMC\.bin\.7088\.fna -c -m -g 11 -p single -f sco -q
[08:15:03] Found 1269 CDS
[08:15:03] Connecting features back to sequences
[08:15:03] Not using genus-specific database. Try --usegenus to enable it.
[08:15:03] Annotating CDS, please be patient.
[08:15:03] Will use 4 CPUs for similarity searching.
[08:15:04] There are still 1269 unannotated CDS left (started with 1269)
[08:15:04] Will use blast to search against /home/joao_facio/miniconda3/envs/prokka/db/kingdom/Bacteria/IS with 4 CPUs
[08:15:04] Running: cat \.\.\/\.\.\/Data\/Chen_Analysis\/Prokka\/Bacteria\/GOMC\.bin\.7088\/GOMC\.bin\.7088\.IS\.tmp\.3230519\.faa | parallel --gnu --plain -j 4 --block 43019 --recstart '>' --pipe blastp -query - -db /home/joao_facio/miniconda3/envs/prokka/db/kingdom/Bacteria/IS -evalue 1e-30 -qcov_hsp_perc 90 -num_threads 1 -num_descriptions 1 -num_alignments 1 -seg no > \.\.\/\.\.\/Data\/Chen_Analysis\/Prokka\/Bacteria\/GOMC\.bin\.7088\/GOMC\.bin\.7088\.IS\.tmp\.3230519\.blast 2> /dev/null
[08:15:07] Deleting unwanted file: ../../Data/Chen_Analysis/Prokka/Bacteria/GOMC.bin.7088/GOMC.bin.7088.IS.tmp.3230519.faa
[08:15:07] Deleting unwanted file: ../../Data/Chen_Analysis/Prokka/Bacteria/GOMC.bin.7088/GOMC.bin.7088.IS.tmp.3230519.blast
[08:15:07] There are still 1268 unannotated CDS left (started with 1269)
[08:15:07] Will use blast to search against /home/joao_facio/miniconda3/envs/prokka/db/kingdom/Bacteria/AMR with 4 CPUs
[08:15:07] Running: cat \.\.\/\.\.\/Data\/Chen_Analysis\/Prokka\/Bacteria\/GOMC\.bin\.7088\/GOMC\.bin\.7088\.AMR\.tmp\.3230519\.faa | parallel --gnu --plain -j 4 --block 42977 --recstart '>' --pipe blastp -query - -db /home/joao_facio/miniconda3/envs/prokka/db/kingdom/Bacteria/AMR -evalue 1e-300 -qcov_hsp_perc 90 -num_threads 1 -num_descriptions 1 -num_alignments 1 -seg no > \.\.\/\.\.\/Data\/Chen_Analysis\/Prokka\/Bacteria\/GOMC\.bin\.7088\/GOMC\.bin\.7088\.AMR\.tmp\.3230519\.blast 2> /dev/null
[08:15:10] Deleting unwanted file: ../../Data/Chen_Analysis/Prokka/Bacteria/GOMC.bin.7088/GOMC.bin.7088.AMR.tmp.3230519.faa
[08:15:10] Deleting unwanted file: ../../Data/Chen_Analysis/Prokka/Bacteria/GOMC.bin.7088/GOMC.bin.7088.AMR.tmp.3230519.blast
[08:15:10] There are still 1268 unannotated CDS left (started with 1269)
[08:15:10] Will use blast to search against /home/joao_facio/miniconda3/envs/prokka/db/kingdom/Bacteria/sprot with 4 CPUs
[08:15:10] Running: cat \.\.\/\.\.\/Data\/Chen_Analysis\/Prokka\/Bacteria\/GOMC\.bin\.7088\/GOMC\.bin\.7088\.sprot\.tmp\.3230519\.faa | parallel --gnu --plain -j 4 --block 42977 --recstart '>' --pipe blastp -query - -db /home/joao_facio/miniconda3/envs/prokka/db/kingdom/Bacteria/sprot -evalue 1e-09 -qcov_hsp_perc 80 -num_threads 1 -num_descriptions 1 -num_alignments 1 -seg no > \.\.\/\.\.\/Data\/Chen_Analysis\/Prokka\/Bacteria\/GOMC\.bin\.7088\/GOMC\.bin\.7088\.sprot\.tmp\.3230519\.blast 2> /dev/null
[08:15:25] Modify product: Probable HTH-type transcriptional repressor ExuR => putative HTH-type transcriptional repressor ExuR
[08:15:25] Modify product: Probable tautomerase SAR1376 => putative tautomerase
[08:15:25] Modify product: Uncharacterized protein YqjZ => putative protein YqjZ
[08:15:25] Modify product: Uncharacterized protein RP812 => putative protein RP812
[08:15:25] Modify product: Uncharacterized peptidase SA1530 => putative peptidase
[08:15:25] Modify product: Probable D-xylose utilization operon transcriptional repressor => putative D-xylose utilization operon transcriptional repressor
[08:15:25] Modify product: Multifunctional alkaline phosphatase superfamily protein pRL90232 => Multifunctional alkaline phosphatase superfamily protein
[08:15:25] Modify product: Probable ribonucleotide transport ATP-binding protein mkl => putative ribonucleotide transport ATP-binding protein mkl
[08:15:25] Modify product: Uncharacterized ABC transporter ATP-binding protein YadG => putative ABC transporter ATP-binding protein YadG
[08:15:25] Modify product: Uncharacterized protein YisK => putative protein YisK
[08:15:25] Modify product: Uncharacterized ABC transporter ATP-binding protein YejF => putative ABC transporter ATP-binding protein YejF
[08:15:25] Modify product: Probable malonic semialdehyde reductase RutE => putative malonic semialdehyde reductase RutE
[08:15:25] Modify product: Probable intracellular septation protein A => putative intracellular septation protein A
[08:15:25] Modify product: Probable methylmalonyl-CoA mutase large subunit => putative methylmalonyl-CoA mutase large subunit
[08:15:25] Modify product: Uncharacterized oxidoreductase UxuB => putative oxidoreductase UxuB
[08:15:25] Modify product: Probable DNA endonuclease SmrA => putative DNA endonuclease SmrA
[08:15:25] Modify product: Probable xanthine dehydrogenase subunit D => putative xanthine dehydrogenase subunit D
[08:15:25] Modify product: Uncharacterized oxidoreductase CzcO => putative oxidoreductase CzcO
[08:15:25] Modify product: Uncharacterized ABC transporter ATP-binding protein TM_0288 => putative ABC transporter ATP-binding protein
[08:15:25] Modify product: Uncharacterized FAD-linked oxidoreductase Rv2280 => putative FAD-linked oxidoreductase
[08:15:25] Modify product: Probable 3-hydroxyacyl-CoA dehydrogenase => putative 3-hydroxyacyl-CoA dehydrogenase
[08:15:25] Modify product: Probable cobalt-factor III C(17)-methyltransferase => putative cobalt-factor III C(17)-methyltransferase
[08:15:25] Modify product: Peroxiredoxin sll1621 => Peroxiredoxin
[08:15:25] Modify product: Probable chaperone CsaA => putative chaperone CsaA
[08:15:25] Modify product: Uncharacterized aminopeptidase Rv1333 => putative aminopeptidase
[08:15:25] Modify product: Uncharacterized protein YqeY => putative protein YqeY
[08:15:25] Modify product: Probable lipid II flippase MurJ => putative lipid II flippase MurJ
[08:15:25] Modify product: Probable parvulin-type peptidyl-prolyl cis-trans isomerase => putative parvulin-type peptidyl-prolyl cis-trans isomerase
[08:15:25] Modify product: Uncharacterized protein Rv3778c => putative protein
[08:15:25] Modify product: UPF0053 inner membrane protein YfjD => hypothetical protein
[08:15:25] Modify product: Glycine betaine/proline/choline transporter VP1723 => Glycine betaine/proline/choline transporter
[08:15:25] Modify product: D-galactonate dehydratase family member EGBG_01401 => D-galactonate dehydratase family member
[08:15:25] Modify product: Bifunctional protein FolD => Bifunctional protein FolD protein
[08:15:25] Modify product: Probable GTP-binding protein EngB => putative GTP-binding protein EngB
[08:15:25] Modify product: Uncharacterized GST-like protein YibF => putative GST-like protein YibF
[08:15:25] Modify product: UPF0758 protein => hypothetical protein
[08:15:25] Modify product: Probable flavin reductase => putative flavin reductase
[08:15:25] Modify product: Uncharacterized oxidoreductase YciK => putative oxidoreductase YciK
[08:15:25] Modify product: Purine-binding protein BAB2_0673 => Purine-binding protein
[08:15:25] Modify product: Uncharacterized ABC transporter ATP-binding protein YheS => putative ABC transporter ATP-binding protein YheS
[08:15:25] Modify product: Probable peptidoglycan D,D-transpeptidase FtsI => putative peptidoglycan D,D-transpeptidase FtsI
[08:15:25] Modify product: Uncharacterized protein HI_0933 => putative protein
[08:15:25] Modify product: UPF0178 protein YaiI => hypothetical protein
[08:15:25] Modify product: Probable cysteine desulfurase => putative cysteine desulfurase
[08:15:25] Modify product: UPF0394 membrane protein XF_0766 => hypothetical protein
[08:15:25] Modify product: UPF0394 membrane protein XF_0765 => hypothetical protein
[08:15:25] Modify product: UPF0056 inner membrane protein MarC => hypothetical protein
[08:15:25] Modify product: Probable transcriptional regulatory protein aq_1575 => putative transcriptional regulatory protein
[08:15:25] Modify product: Multidrug transporter PA4990 => Multidrug transporter
[08:15:25] Modify product: Uncharacterized ABC transporter ATP-binding protein YknY => putative ABC transporter ATP-binding protein YknY
[08:15:25] Modify product: Uncharacterized zinc protease Rv2782c => putative zinc protease
[08:15:25] Modify product: UPF0301 protein AlgH => hypothetical protein
[08:15:25] Modify product: Uncharacterized HIT-like protein HP_0404 => putative HIT-like protein
[08:15:25] Cleaned 53 /product names
[08:15:25] Deleting unwanted file: ../../Data/Chen_Analysis/Prokka/Bacteria/GOMC.bin.7088/GOMC.bin.7088.sprot.tmp.3230519.faa
[08:15:25] Deleting unwanted file: ../../Data/Chen_Analysis/Prokka/Bacteria/GOMC.bin.7088/GOMC.bin.7088.sprot.tmp.3230519.blast
[08:15:25] There are still 558 unannotated CDS left (started with 1269)
[08:15:25] Will use hmmer3 to search against /home/joao_facio/miniconda3/envs/prokka/db/hmm/HAMAP.hmm with 4 CPUs
[08:15:25] Running: cat \.\.\/\.\.\/Data\/Chen_Analysis\/Prokka\/Bacteria\/GOMC\.bin\.7088\/GOMC\.bin\.7088\.HAMAP\.hmm\.tmp\.3230519\.faa | parallel --gnu --plain -j 4 --block 15477 --recstart '>' --pipe hmmscan --noali --notextw --acc -E 1e-09 --cpu 1 /home/joao_facio/miniconda3/envs/prokka/db/hmm/HAMAP.hmm /dev/stdin > \.\.\/\.\.\/Data\/Chen_Analysis\/Prokka\/Bacteria\/GOMC\.bin\.7088\/GOMC\.bin\.7088\.HAMAP\.hmm\.tmp\.3230519\.hmmer3 2> /dev/null
[08:15:29] Deleting unwanted file: ../../Data/Chen_Analysis/Prokka/Bacteria/GOMC.bin.7088/GOMC.bin.7088.HAMAP.hmm.tmp.3230519.faa
[08:15:29] Deleting unwanted file: ../../Data/Chen_Analysis/Prokka/Bacteria/GOMC.bin.7088/GOMC.bin.7088.HAMAP.hmm.tmp.3230519.hmmer3
[08:15:29] Labelling remaining 456 proteins as 'hypothetical protein'
[08:15:29] Possible /pseudo '3-phosphoshikimate 1-carboxyvinyltransferase' at k141_29571 position 1606
[08:15:29] Possible /pseudo '3-oxoacyl-[acyl-carrier-protein] reductase FabG' at k141_123261 position 3539
[08:15:29] Possible /pseudo 'Amidophosphoribosyltransferase' at k141_1002546 position 706
[08:15:29] Possible /pseudo 'Cobalt-precorrin-5B C(1)-methyltransferase' at k141_1058463 position 1068
[08:15:29] Found 685 unique /gene codes.
[08:15:29] Fixed 2 duplicate /gene - kce_1 kce_2
[08:15:29] Fixed 2 duplicate /gene - cbiD_1 cbiD_2
[08:15:29] Fixed 2 duplicate /gene - dnaJ_1 dnaJ_2
[08:15:29] Fixed 2 duplicate /gene - catD_1 catD_2
[08:15:29] Fixed 2 duplicate /gene - dctM_1 dctM_2
[08:15:29] Fixed 2 duplicate /gene - dmg_1 dmg_2
[08:15:29] Fixed 2 duplicate /gene - prmC_1 prmC_2
[08:15:29] Fixed 2 duplicate /gene - pyrC_1 pyrC_2
[08:15:29] Fixed 2 duplicate /gene - ribN_1 ribN_2
[08:15:29] Fixed 2 duplicate /gene - yhdE_1 yhdE_2
[08:15:29] Fixed 2 duplicate /gene - xsc_1 xsc_2
[08:15:29] Fixed 6 duplicate /gene - abo_1 abo_2 abo_3 abo_4 abo_5 abo_6
[08:15:29] Fixed 2 duplicate /gene - gph_1 gph_2
[08:15:29] Fixed 2 duplicate /gene - bdhA_1 bdhA_2
[08:15:29] Fixed 2 duplicate /gene - aroA_1 aroA_2
[08:15:29] Fixed 4 duplicate /gene - btuD_1 btuD_2 btuD_3 btuD_4
[08:15:29] Fixed 2 duplicate /gene - msrA_1 msrA_2
[08:15:29] Fixed 2 duplicate /gene - ligA_1 ligA_2
[08:15:29] Fixed 2 duplicate /gene - dapA_1 dapA_2
[08:15:29] Fixed 6 duplicate /gene - mtgB_1 mtgB_2 mtgB_3 mtgB_4 mtgB_5 mtgB_6
[08:15:29] Fixed 2 duplicate /gene - accD_1 accD_2
[08:15:29] Fixed 2 duplicate /gene - dxs_1 dxs_2
[08:15:29] Fixed 2 duplicate /gene - dppB_1 dppB_2
[08:15:29] Fixed 2 duplicate /gene - rhlE_1 rhlE_2
[08:15:29] Fixed 6 duplicate /gene - fabG_1 fabG_2 fabG_3 fabG_4 fabG_5 fabG_6
[08:15:29] Fixed 3 duplicate /gene - soxA_1 soxA_2 soxA_3
[08:15:29] Fixed 2 duplicate /gene - pcm_1 pcm_2
[08:15:29] Fixed 3 duplicate /gene - dmdA_1 dmdA_2 dmdA_3
[08:15:29] Fixed 2 duplicate /gene - tdcB_1 tdcB_2
[08:15:29] Fixed 2 duplicate /gene - miaB_1 miaB_2
[08:15:29] Fixed 2 duplicate /gene - bacC_1 bacC_2
[08:15:29] Fixed 3 duplicate /gene - purF_1 purF_2 purF_3
[08:15:29] Fixed 2 duplicate /gene - ilvI_1 ilvI_2
[08:15:29] Fixed 2 duplicate /gene - surE_1 surE_2
[08:15:29] Fixed 2 duplicate /gene - clpS_1 clpS_2
[08:15:29] Fixed 2 duplicate /gene - gltX_1 gltX_2
[08:15:29] Fixed 2 duplicate /gene - cdhR_1 cdhR_2
[08:15:29] Fixed 2 duplicate /gene - speB_1 speB_2
[08:15:29] Fixed 3 duplicate /gene - betA_1 betA_2 betA_3
[08:15:29] Fixed 3 duplicate /gene - rnd_1 rnd_2 rnd_3
[08:15:29] Fixed 2 duplicate /gene - xthA_1 xthA_2
[08:15:29] Fixed 2 duplicate /gene - mlaE_1 mlaE_2
[08:15:29] Fixed 3 duplicate /gene - lrp_1 lrp_2 lrp_3
[08:15:29] Fixed 2 duplicate /gene - yfdE_1 yfdE_2
[08:15:29] Fixed 44 colliding /gene names.
[08:15:29] Adding /locus_tag identifiers
[08:15:29] Assigned 1286 locus_tags to CDS and RNA features.
[08:15:29] Writing outputs to ../../Data/Chen_Analysis/Prokka/Bacteria/GOMC.bin.7088/
[08:15:30] Generating annotation statistics file
[08:15:30] Generating Genbank and Sequin files
[08:15:30] Running: tbl2asn -V b -a r10k -l paired-ends -M n -N 1 -y 'Annotated using prokka 1.14.6 from https://github.com/tseemann/prokka' -Z \.\.\/\.\.\/Data\/Chen_Analysis\/Prokka\/Bacteria\/GOMC\.bin\.7088\/GOMC\.bin\.7088\.err -i \.\.\/\.\.\/Data\/Chen_Analysis\/Prokka\/Bacteria\/GOMC\.bin\.7088\/GOMC\.bin\.7088\.fsa 2> /dev/null
[08:15:31] Deleting unwanted file: ../../Data/Chen_Analysis/Prokka/Bacteria/GOMC.bin.7088/errorsummary.val
[08:15:31] Deleting unwanted file: ../../Data/Chen_Analysis/Prokka/Bacteria/GOMC.bin.7088/GOMC.bin.7088.dr
[08:15:31] Deleting unwanted file: ../../Data/Chen_Analysis/Prokka/Bacteria/GOMC.bin.7088/GOMC.bin.7088.fixedproducts
[08:15:31] Deleting unwanted file: ../../Data/Chen_Analysis/Prokka/Bacteria/GOMC.bin.7088/GOMC.bin.7088.ecn
[08:15:31] Deleting unwanted file: ../../Data/Chen_Analysis/Prokka/Bacteria/GOMC.bin.7088/GOMC.bin.7088.val
[08:15:31] Repairing broken .GBK output that tbl2asn produces...
[08:15:31] Running: sed 's/COORDINATES: profile/COORDINATES:profile/' < \.\.\/\.\.\/Data\/Chen_Analysis\/Prokka\/Bacteria\/GOMC\.bin\.7088\/GOMC\.bin\.7088\.gbf > \.\.\/\.\.\/Data\/Chen_Analysis\/Prokka\/Bacteria\/GOMC\.bin\.7088\/GOMC\.bin\.7088\.gbk
[08:15:31] Deleting unwanted file: ../../Data/Chen_Analysis/Prokka/Bacteria/GOMC.bin.7088/GOMC.bin.7088.gbf
[08:15:31] Output files:
[08:15:31] ../../Data/Chen_Analysis/Prokka/Bacteria/GOMC.bin.7088/GOMC.bin.7088.gbk
[08:15:31] ../../Data/Chen_Analysis/Prokka/Bacteria/GOMC.bin.7088/GOMC.bin.7088.err
[08:15:31] ../../Data/Chen_Analysis/Prokka/Bacteria/GOMC.bin.7088/GOMC.bin.7088.tsv
[08:15:31] ../../Data/Chen_Analysis/Prokka/Bacteria/GOMC.bin.7088/GOMC.bin.7088.log
[08:15:31] ../../Data/Chen_Analysis/Prokka/Bacteria/GOMC.bin.7088/GOMC.bin.7088.gff
[08:15:31] ../../Data/Chen_Analysis/Prokka/Bacteria/GOMC.bin.7088/GOMC.bin.7088.fna
[08:15:31] ../../Data/Chen_Analysis/Prokka/Bacteria/GOMC.bin.7088/GOMC.bin.7088.fsa
[08:15:31] ../../Data/Chen_Analysis/Prokka/Bacteria/GOMC.bin.7088/GOMC.bin.7088.faa
[08:15:31] ../../Data/Chen_Analysis/Prokka/Bacteria/GOMC.bin.7088/GOMC.bin.7088.sqn
[08:15:31] ../../Data/Chen_Analysis/Prokka/Bacteria/GOMC.bin.7088/GOMC.bin.7088.txt
[08:15:31] ../../Data/Chen_Analysis/Prokka/Bacteria/GOMC.bin.7088/GOMC.bin.7088.ffn
[08:15:31] ../../Data/Chen_Analysis/Prokka/Bacteria/GOMC.bin.7088/GOMC.bin.7088.tbl
[08:15:31] Annotation finished successfully.
[08:15:31] Walltime used: 0.50 minutes
[08:15:31] If you use this result please cite the Prokka paper:
[08:15:31] Seemann T (2014) Prokka: rapid prokaryotic genome annotation. Bioinformatics. 30(14):2068-9.
[08:15:31] Type 'prokka --citation' for more details.
[08:15:31] Thank you, come again.
